11-05 13:12 root         INFO     Verifying the input sequences.
11-05 13:12 root         INFO     Sequences are assumed to be single-end.
11-05 13:12 root         INFO     Temporary directory is: /tmp/itsxpress_dxt7gsc9
11-05 13:12 root         INFO     Unique sequences are being written to a temporary FASTA file with Vsearch.
11-05 13:12 root         INFO     vsearch v2.7.1_linux_x86_64, 15.6GB RAM, 4 cores
https://github.com/torognes/vsearch

Reading file SRR12683227_pass_1.fastq.gz 100%
63431 nt in 213 seqs, min 282, max 301, avg 298
Dereplicating 100%
Sorting 100%
123 unique sequences, avg cluster 1.7, median 1, max 56
Writing output file 100%
Writing uc file, first part 100%
Writing uc file, second part 100%

11-05 13:12 root         INFO     Searching for ITS start and stop sites using HMMSearch. This step takes a while.
11-05 13:12 root         INFO     Parsing HMM results.
11-05 13:12 root         INFO     Writing out sequences
11-05 13:12 root         DEBUG    No ITS stop or start sites were identified for sequence SRR12683227.2.1, skipping.
11-05 13:12 root         DEBUG    No ITS stop or start sites were identified for sequence SRR12683227.3.1, skipping.
11-05 13:12 root         DEBUG    No ITS stop or start sites were identified for sequence SRR12683227.4.1, skipping.
11-05 13:12 root         DEBUG    No ITS stop or start sites were identified for sequence SRR12683227.6.1, skipping.
11-05 13:12 root         DEBUG    No ITS stop or start sites were identified for sequence SRR12683227.6.1, skipping.
11-05 13:12 root         DEBUG    No ITS stop or start sites were identified for sequence SRR12683227.4.1, skipping.
11-05 13:12 root         DEBUG    No ITS stop or start sites were identified for sequence SRR12683227.11.1, skipping.
11-05 13:12 root         DEBUG    No ITS stop or start sites were identified for sequence SRR12683227.4.1, skipping.
11-05 13:12 root         DEBUG    No ITS stop or start sites were identified for sequence SRR12683227.13.1, skipping.
11-05 13:12 root         DEBUG    No ITS stop or start sites were identified for sequence SRR12683227.17.1, skipping.
11-05 13:12 root         DEBUG    No ITS stop or start sites were identified for sequence SRR12683227.4.1, skipping.
11-05 13:12 root         DEBUG    No ITS stop or start sites were identified for sequence SRR12683227.4.1, skipping.
11-05 13:12 root         DEBUG    No ITS stop or start sites were identified for sequence SRR12683227.21.1, skipping.
11-05 13:12 root         DEBUG    No ITS stop or start sites were identified for sequence SRR12683227.4.1, skipping.
11-05 13:12 root         DEBUG    No ITS stop or start sites were identified for sequence SRR12683227.23.1, skipping.
11-05 13:12 root         DEBUG    No ITS stop or start sites were identified for sequence SRR12683227.4.1, skipping.
11-05 13:12 root         DEBUG    No ITS stop or start sites were identified for sequence SRR12683227.27.1, skipping.
11-05 13:12 root         DEBUG    No ITS stop or start sites were identified for sequence SRR12683227.4.1, skipping.
11-05 13:12 root         DEBUG    No ITS stop or start sites were identified for sequence SRR12683227.4.1, skipping.
11-05 13:12 root         DEBUG    No ITS stop or start sites were identified for sequence SRR12683227.31.1, skipping.
11-05 13:12 root         DEBUG    No ITS stop or start sites were identified for sequence SRR12683227.32.1, skipping.
11-05 13:12 root         DEBUG    No ITS stop or start sites were identified for sequence SRR12683227.4.1, skipping.
11-05 13:12 root         DEBUG    No ITS stop or start sites were identified for sequence SRR12683227.4.1, skipping.
11-05 13:12 root         DEBUG    No ITS stop or start sites were identified for sequence SRR12683227.37.1, skipping.
11-05 13:12 root         DEBUG    No ITS stop or start sites were identified for sequence SRR12683227.4.1, skipping.
11-05 13:12 root         DEBUG    No ITS stop or start sites were identified for sequence SRR12683227.39.1, skipping.
11-05 13:12 root         DEBUG    No ITS stop or start sites were identified for sequence SRR12683227.4.1, skipping.
11-05 13:12 root         DEBUG    No ITS stop or start sites were identified for sequence SRR12683227.44.1, skipping.
11-05 13:12 root         DEBUG    No ITS stop or start sites were identified for sequence SRR12683227.45.1, skipping.
11-05 13:12 root         DEBUG    No ITS stop or start sites were identified for sequence SRR12683227.4.1, skipping.
11-05 13:12 root         DEBUG    No ITS stop or start sites were identified for sequence SRR12683227.50.1, skipping.
11-05 13:12 root         DEBUG    No ITS stop or start sites were identified for sequence SRR12683227.4.1, skipping.
11-05 13:12 root         DEBUG    No ITS stop or start sites were identified for sequence SRR12683227.52.1, skipping.
11-05 13:12 root         DEBUG    No ITS stop or start sites were identified for sequence SRR12683227.4.1, skipping.
11-05 13:12 root         DEBUG    No ITS stop or start sites were identified for sequence SRR12683227.55.1, skipping.
11-05 13:12 root         DEBUG    No ITS stop or start sites were identified for sequence SRR12683227.56.1, skipping.
11-05 13:12 root         DEBUG    No ITS stop or start sites were identified for sequence SRR12683227.4.1, skipping.
11-05 13:12 root         DEBUG    No ITS stop or start sites were identified for sequence SRR12683227.58.1, skipping.
11-05 13:12 root         DEBUG    No ITS stop or start sites were identified for sequence SRR12683227.59.1, skipping.
11-05 13:12 root         DEBUG    No ITS stop or start sites were identified for sequence SRR12683227.60.1, skipping.
11-05 13:12 root         DEBUG    No ITS stop or start sites were identified for sequence SRR12683227.61.1, skipping.
11-05 13:12 root         DEBUG    No ITS stop or start sites were identified for sequence SRR12683227.62.1, skipping.
11-05 13:12 root         DEBUG    No ITS stop or start sites were identified for sequence SRR12683227.6.1, skipping.
11-05 13:12 root         DEBUG    No ITS stop or start sites were identified for sequence SRR12683227.65.1, skipping.
11-05 13:12 root         DEBUG    No ITS stop or start sites were identified for sequence SRR12683227.4.1, skipping.
11-05 13:12 root         DEBUG    No ITS stop or start sites were identified for sequence SRR12683227.67.1, skipping.
11-05 13:12 root         DEBUG    No ITS stop or start sites were identified for sequence SRR12683227.4.1, skipping.
11-05 13:12 root         DEBUG    No ITS stop or start sites were identified for sequence SRR12683227.70.1, skipping.
11-05 13:12 root         DEBUG    No ITS stop or start sites were identified for sequence SRR12683227.71.1, skipping.
11-05 13:12 root         DEBUG    No ITS stop or start sites were identified for sequence SRR12683227.4.1, skipping.
11-05 13:12 root         DEBUG    No ITS stop or start sites were identified for sequence SRR12683227.4.1, skipping.
11-05 13:12 root         DEBUG    No ITS stop or start sites were identified for sequence SRR12683227.4.1, skipping.
11-05 13:12 root         DEBUG    No ITS stop or start sites were identified for sequence SRR12683227.77.1, skipping.
11-05 13:12 root         DEBUG    No ITS stop or start sites were identified for sequence SRR12683227.78.1, skipping.
11-05 13:12 root         DEBUG    No ITS stop or start sites were identified for sequence SRR12683227.79.1, skipping.
11-05 13:12 root         DEBUG    No ITS stop or start sites were identified for sequence SRR12683227.80.1, skipping.
11-05 13:12 root         DEBUG    No ITS stop or start sites were identified for sequence SRR12683227.81.1, skipping.
11-05 13:12 root         DEBUG    No ITS stop or start sites were identified for sequence SRR12683227.4.1, skipping.
11-05 13:12 root         DEBUG    No ITS stop or start sites were identified for sequence SRR12683227.84.1, skipping.
11-05 13:12 root         DEBUG    No ITS stop or start sites were identified for sequence SRR12683227.85.1, skipping.
11-05 13:12 root         DEBUG    No ITS stop or start sites were identified for sequence SRR12683227.4.1, skipping.
11-05 13:12 root         DEBUG    No ITS stop or start sites were identified for sequence SRR12683227.88.1, skipping.
11-05 13:12 root         DEBUG    No ITS stop or start sites were identified for sequence SRR12683227.4.1, skipping.
11-05 13:12 root         DEBUG    No ITS stop or start sites were identified for sequence SRR12683227.91.1, skipping.
11-05 13:12 root         DEBUG    No ITS stop or start sites were identified for sequence SRR12683227.92.1, skipping.
11-05 13:12 root         DEBUG    No ITS stop or start sites were identified for sequence SRR12683227.93.1, skipping.
11-05 13:12 root         DEBUG    No ITS stop or start sites were identified for sequence SRR12683227.94.1, skipping.
11-05 13:12 root         DEBUG    No ITS stop or start sites were identified for sequence SRR12683227.96.1, skipping.
11-05 13:12 root         DEBUG    No ITS stop or start sites were identified for sequence SRR12683227.98.1, skipping.
11-05 13:12 root         DEBUG    No ITS stop or start sites were identified for sequence SRR12683227.6.1, skipping.
11-05 13:12 root         DEBUG    No ITS stop or start sites were identified for sequence SRR12683227.4.1, skipping.
11-05 13:12 root         DEBUG    No ITS stop or start sites were identified for sequence SRR12683227.103.1, skipping.
11-05 13:12 root         DEBUG    No ITS stop or start sites were identified for sequence SRR12683227.104.1, skipping.
11-05 13:12 root         DEBUG    No ITS stop or start sites were identified for sequence SRR12683227.105.1, skipping.
11-05 13:12 root         DEBUG    No ITS stop or start sites were identified for sequence SRR12683227.106.1, skipping.
11-05 13:12 root         DEBUG    No ITS stop or start sites were identified for sequence SRR12683227.107.1, skipping.
11-05 13:12 root         DEBUG    No ITS stop or start sites were identified for sequence SRR12683227.108.1, skipping.
11-05 13:12 root         DEBUG    No ITS stop or start sites were identified for sequence SRR12683227.109.1, skipping.
11-05 13:12 root         DEBUG    No ITS stop or start sites were identified for sequence SRR12683227.4.1, skipping.
11-05 13:12 root         DEBUG    No ITS stop or start sites were identified for sequence SRR12683227.4.1, skipping.
11-05 13:12 root         DEBUG    No ITS stop or start sites were identified for sequence SRR12683227.112.1, skipping.
11-05 13:12 root         DEBUG    No ITS stop or start sites were identified for sequence SRR12683227.4.1, skipping.
11-05 13:12 root         DEBUG    No ITS stop or start sites were identified for sequence SRR12683227.4.1, skipping.
11-05 13:12 root         DEBUG    No ITS stop or start sites were identified for sequence SRR12683227.4.1, skipping.
11-05 13:12 root         DEBUG    No ITS stop or start sites were identified for sequence SRR12683227.117.1, skipping.
11-05 13:12 root         DEBUG    No ITS stop or start sites were identified for sequence SRR12683227.118.1, skipping.
11-05 13:12 root         DEBUG    No ITS stop or start sites were identified for sequence SRR12683227.6.1, skipping.
11-05 13:12 root         DEBUG    No ITS stop or start sites were identified for sequence SRR12683227.120.1, skipping.
11-05 13:12 root         DEBUG    No ITS stop or start sites were identified for sequence SRR12683227.4.1, skipping.
11-05 13:12 root         DEBUG    No ITS stop or start sites were identified for sequence SRR12683227.4.1, skipping.
11-05 13:12 root         DEBUG    No ITS stop or start sites were identified for sequence SRR12683227.130.1, skipping.
11-05 13:12 root         DEBUG    No ITS stop or start sites were identified for sequence SRR12683227.130.1, skipping.
11-05 13:12 root         DEBUG    No ITS stop or start sites were identified for sequence SRR12683227.130.1, skipping.
11-05 13:12 root         DEBUG    No ITS stop or start sites were identified for sequence SRR12683227.134.1, skipping.
11-05 13:12 root         DEBUG    No ITS stop or start sites were identified for sequence SRR12683227.135.1, skipping.
11-05 13:12 root         DEBUG    No ITS stop or start sites were identified for sequence SRR12683227.4.1, skipping.
11-05 13:12 root         DEBUG    No ITS stop or start sites were identified for sequence SRR12683227.4.1, skipping.
11-05 13:12 root         DEBUG    No ITS stop or start sites were identified for sequence SRR12683227.138.1, skipping.
11-05 13:12 root         DEBUG    No ITS stop or start sites were identified for sequence SRR12683227.4.1, skipping.
11-05 13:12 root         DEBUG    No ITS stop or start sites were identified for sequence SRR12683227.4.1, skipping.
11-05 13:12 root         DEBUG    No ITS stop or start sites were identified for sequence SRR12683227.4.1, skipping.
11-05 13:12 root         DEBUG    No ITS stop or start sites were identified for sequence SRR12683227.142.1, skipping.
11-05 13:12 root         DEBUG    No ITS stop or start sites were identified for sequence SRR12683227.4.1, skipping.
11-05 13:12 root         DEBUG    No ITS stop or start sites were identified for sequence SRR12683227.144.1, skipping.
11-05 13:12 root         DEBUG    No ITS stop or start sites were identified for sequence SRR12683227.4.1, skipping.
11-05 13:12 root         DEBUG    No ITS stop or start sites were identified for sequence SRR12683227.146.1, skipping.
11-05 13:12 root         DEBUG    No ITS stop or start sites were identified for sequence SRR12683227.147.1, skipping.
11-05 13:12 root         DEBUG    No ITS stop or start sites were identified for sequence SRR12683227.148.1, skipping.
11-05 13:12 root         DEBUG    No ITS stop or start sites were identified for sequence SRR12683227.4.1, skipping.
11-05 13:12 root         DEBUG    No ITS stop or start sites were identified for sequence SRR12683227.4.1, skipping.
11-05 13:12 root         DEBUG    No ITS stop or start sites were identified for sequence SRR12683227.151.1, skipping.
11-05 13:12 root         DEBUG    No ITS stop or start sites were identified for sequence SRR12683227.4.1, skipping.
11-05 13:12 root         DEBUG    No ITS stop or start sites were identified for sequence SRR12683227.4.1, skipping.
11-05 13:12 root         DEBUG    No ITS stop or start sites were identified for sequence SRR12683227.157.1, skipping.
11-05 13:12 root         DEBUG    No ITS stop or start sites were identified for sequence SRR12683227.4.1, skipping.
11-05 13:12 root         DEBUG    No ITS stop or start sites were identified for sequence SRR12683227.159.1, skipping.
11-05 13:12 root         DEBUG    No ITS stop or start sites were identified for sequence SRR12683227.160.1, skipping.
11-05 13:12 root         DEBUG    No ITS stop or start sites were identified for sequence SRR12683227.4.1, skipping.
11-05 13:12 root         DEBUG    No ITS stop or start sites were identified for sequence SRR12683227.162.1, skipping.
11-05 13:12 root         DEBUG    No ITS stop or start sites were identified for sequence SRR12683227.163.1, skipping.
11-05 13:12 root         DEBUG    No ITS stop or start sites were identified for sequence SRR12683227.4.1, skipping.
11-05 13:12 root         DEBUG    No ITS stop or start sites were identified for sequence SRR12683227.4.1, skipping.
11-05 13:12 root         DEBUG    No ITS stop or start sites were identified for sequence SRR12683227.166.1, skipping.
11-05 13:12 root         DEBUG    No ITS stop or start sites were identified for sequence SRR12683227.167.1, skipping.
11-05 13:12 root         DEBUG    No ITS stop or start sites were identified for sequence SRR12683227.168.1, skipping.
11-05 13:12 root         DEBUG    No ITS stop or start sites were identified for sequence SRR12683227.169.1, skipping.
11-05 13:12 root         DEBUG    No ITS stop or start sites were identified for sequence SRR12683227.172.1, skipping.
11-05 13:12 root         DEBUG    No ITS stop or start sites were identified for sequence SRR12683227.173.1, skipping.
11-05 13:12 root         DEBUG    No ITS stop or start sites were identified for sequence SRR12683227.4.1, skipping.
11-05 13:12 root         DEBUG    No ITS stop or start sites were identified for sequence SRR12683227.175.1, skipping.
11-05 13:12 root         DEBUG    No ITS stop or start sites were identified for sequence SRR12683227.162.1, skipping.
11-05 13:12 root         DEBUG    No ITS stop or start sites were identified for sequence SRR12683227.177.1, skipping.
11-05 13:12 root         DEBUG    No ITS stop or start sites were identified for sequence SRR12683227.178.1, skipping.
11-05 13:12 root         DEBUG    No ITS stop or start sites were identified for sequence SRR12683227.6.1, skipping.
11-05 13:12 root         DEBUG    No ITS stop or start sites were identified for sequence SRR12683227.180.1, skipping.
11-05 13:12 root         DEBUG    No ITS stop or start sites were identified for sequence SRR12683227.181.1, skipping.
11-05 13:12 root         DEBUG    No ITS stop or start sites were identified for sequence SRR12683227.182.1, skipping.
11-05 13:12 root         DEBUG    No ITS stop or start sites were identified for sequence SRR12683227.185.1, skipping.
11-05 13:12 root         DEBUG    No ITS stop or start sites were identified for sequence SRR12683227.186.1, skipping.
11-05 13:12 root         DEBUG    No ITS stop or start sites were identified for sequence SRR12683227.187.1, skipping.
11-05 13:12 root         DEBUG    No ITS stop or start sites were identified for sequence SRR12683227.4.1, skipping.
11-05 13:12 root         DEBUG    No ITS stop or start sites were identified for sequence SRR12683227.189.1, skipping.
11-05 13:12 root         DEBUG    No ITS stop or start sites were identified for sequence SRR12683227.190.1, skipping.
11-05 13:12 root         DEBUG    No ITS stop or start sites were identified for sequence SRR12683227.4.1, skipping.
11-05 13:12 root         DEBUG    No ITS stop or start sites were identified for sequence SRR12683227.193.1, skipping.
11-05 13:12 root         DEBUG    No ITS stop or start sites were identified for sequence SRR12683227.194.1, skipping.
11-05 13:12 root         DEBUG    No ITS stop or start sites were identified for sequence SRR12683227.195.1, skipping.
11-05 13:12 root         DEBUG    No ITS stop or start sites were identified for sequence SRR12683227.196.1, skipping.
11-05 13:12 root         DEBUG    No ITS stop or start sites were identified for sequence SRR12683227.4.1, skipping.
11-05 13:12 root         DEBUG    No ITS stop or start sites were identified for sequence SRR12683227.198.1, skipping.
11-05 13:12 root         DEBUG    No ITS stop or start sites were identified for sequence SRR12683227.202.1, skipping.
11-05 13:12 root         DEBUG    No ITS stop or start sites were identified for sequence SRR12683227.4.1, skipping.
11-05 13:12 root         DEBUG    No ITS stop or start sites were identified for sequence SRR12683227.204.1, skipping.
11-05 13:12 root         DEBUG    No ITS stop or start sites were identified for sequence SRR12683227.4.1, skipping.
11-05 13:12 root         DEBUG    No ITS stop or start sites were identified for sequence SRR12683227.4.1, skipping.
11-05 13:12 root         DEBUG    No ITS stop or start sites were identified for sequence SRR12683227.208.1, skipping.
11-05 13:12 root         DEBUG    No ITS stop or start sites were identified for sequence SRR12683227.4.1, skipping.
11-05 13:12 root         DEBUG    No ITS stop or start sites were identified for sequence SRR12683227.210.1, skipping.
11-05 13:12 root         DEBUG    No ITS stop or start sites were identified for sequence SRR12683227.211.1, skipping.
11-05 13:12 root         INFO     ITSxpress ran in 00:00:01
