11-04 21:38 root         INFO     Verifying the input sequences.
11-04 21:38 root         INFO     Sequences are assumed to be single-end.
11-04 21:38 root         INFO     Temporary directory is: /tmp/itsxpress_btszddvt
11-04 21:38 root         INFO     Unique sequences are being written to a temporary FASTA file with Vsearch.
11-04 21:38 root         INFO     vsearch v2.7.1_linux_x86_64, 15.6GB RAM, 4 cores
https://github.com/torognes/vsearch

Reading file SRR12683144_pass_1.fastq.gz 100%
2851577 nt in 9498 seqs, min 35, max 301, avg 300
Dereplicating 100%
Sorting 100%
7188 unique sequences, avg cluster 1.3, median 1, max 666
Writing output file 100%
Writing uc file, first part 100%
Writing uc file, second part 100%

11-04 21:38 root         INFO     Searching for ITS start and stop sites using HMMSearch. This step takes a while.
11-04 21:39 root         INFO     Parsing HMM results.
11-04 21:39 root         INFO     Writing out sequences
11-04 21:39 root         DEBUG    No ITS stop or start sites were identified for sequence SRR12683144.99.1, skipping.
11-04 21:39 root         DEBUG    No ITS stop or start sites were identified for sequence SRR12683144.128.1, skipping.
11-04 21:39 root         DEBUG    No ITS stop or start sites were identified for sequence SRR12683144.128.1, skipping.
11-04 21:39 root         DEBUG    No ITS stop or start sites were identified for sequence SRR12683144.148.1, skipping.
11-04 21:39 root         DEBUG    No ITS stop or start sites were identified for sequence SRR12683144.188.1, skipping.
11-04 21:39 root         DEBUG    No ITS stop or start sites were identified for sequence SRR12683144.99.1, skipping.
11-04 21:39 root         DEBUG    No ITS stop or start sites were identified for sequence SRR12683144.298.1, skipping.
11-04 21:39 root         DEBUG    No ITS stop or start sites were identified for sequence SRR12683144.526.1, skipping.
11-04 21:39 root         DEBUG    No ITS stop or start sites were identified for sequence SRR12683144.580.1, skipping.
11-04 21:39 root         DEBUG    No ITS stop or start sites were identified for sequence SRR12683144.785.1, skipping.
11-04 21:39 root         DEBUG    No ITS stop or start sites were identified for sequence SRR12683144.1028.1, skipping.
11-04 21:39 root         DEBUG    No ITS stop or start sites were identified for sequence SRR12683144.1043.1, skipping.
11-04 21:39 root         DEBUG    No ITS stop or start sites were identified for sequence SRR12683144.128.1, skipping.
11-04 21:39 root         DEBUG    No ITS stop or start sites were identified for sequence SRR12683144.148.1, skipping.
11-04 21:39 root         DEBUG    No ITS stop or start sites were identified for sequence SRR12683144.1249.1, skipping.
11-04 21:39 root         DEBUG    No ITS stop or start sites were identified for sequence SRR12683144.1268.1, skipping.
11-04 21:39 root         DEBUG    No ITS stop or start sites were identified for sequence SRR12683144.1414.1, skipping.
11-04 21:39 root         DEBUG    No ITS stop or start sites were identified for sequence SRR12683144.1485.1, skipping.
11-04 21:39 root         DEBUG    No ITS stop or start sites were identified for sequence SRR12683144.1509.1, skipping.
11-04 21:39 root         DEBUG    No ITS stop or start sites were identified for sequence SRR12683144.1550.1, skipping.
11-04 21:39 root         DEBUG    No ITS stop or start sites were identified for sequence SRR12683144.1558.1, skipping.
11-04 21:39 root         DEBUG    No ITS stop or start sites were identified for sequence SRR12683144.1616.1, skipping.
11-04 21:39 root         DEBUG    No ITS stop or start sites were identified for sequence SRR12683144.1741.1, skipping.
11-04 21:39 root         DEBUG    No ITS stop or start sites were identified for sequence SRR12683144.1757.1, skipping.
11-04 21:39 root         DEBUG    No ITS stop or start sites were identified for sequence SRR12683144.1768.1, skipping.
11-04 21:39 root         DEBUG    No ITS stop or start sites were identified for sequence SRR12683144.1824.1, skipping.
11-04 21:39 root         DEBUG    No ITS stop or start sites were identified for sequence SRR12683144.1881.1, skipping.
11-04 21:39 root         DEBUG    No ITS stop or start sites were identified for sequence SRR12683144.1913.1, skipping.
11-04 21:39 root         DEBUG    No ITS stop or start sites were identified for sequence SRR12683144.1949.1, skipping.
11-04 21:39 root         DEBUG    No ITS stop or start sites were identified for sequence SRR12683144.1969.1, skipping.
11-04 21:39 root         DEBUG    No ITS stop or start sites were identified for sequence SRR12683144.1975.1, skipping.
11-04 21:39 root         DEBUG    No ITS stop or start sites were identified for sequence SRR12683144.2005.1, skipping.
11-04 21:39 root         DEBUG    No ITS stop or start sites were identified for sequence SRR12683144.2008.1, skipping.
11-04 21:39 root         DEBUG    No ITS stop or start sites were identified for sequence SRR12683144.148.1, skipping.
11-04 21:39 root         DEBUG    No ITS stop or start sites were identified for sequence SRR12683144.2078.1, skipping.
11-04 21:39 root         DEBUG    No ITS stop or start sites were identified for sequence SRR12683144.2083.1, skipping.
11-04 21:39 root         DEBUG    No ITS stop or start sites were identified for sequence SRR12683144.2146.1, skipping.
11-04 21:39 root         DEBUG    No ITS stop or start sites were identified for sequence SRR12683144.2166.1, skipping.
11-04 21:39 root         DEBUG    No ITS stop or start sites were identified for sequence SRR12683144.2194.1, skipping.
11-04 21:39 root         DEBUG    No ITS stop or start sites were identified for sequence SRR12683144.2214.1, skipping.
11-04 21:39 root         DEBUG    No ITS stop or start sites were identified for sequence SRR12683144.2249.1, skipping.
11-04 21:39 root         DEBUG    No ITS stop or start sites were identified for sequence SRR12683144.2250.1, skipping.
11-04 21:39 root         DEBUG    No ITS stop or start sites were identified for sequence SRR12683144.2268.1, skipping.
11-04 21:39 root         DEBUG    No ITS stop or start sites were identified for sequence SRR12683144.2317.1, skipping.
11-04 21:39 root         DEBUG    No ITS stop or start sites were identified for sequence SRR12683144.2485.1, skipping.
11-04 21:39 root         DEBUG    No ITS stop or start sites were identified for sequence SRR12683144.2490.1, skipping.
11-04 21:39 root         DEBUG    No ITS stop or start sites were identified for sequence SRR12683144.148.1, skipping.
11-04 21:39 root         DEBUG    No ITS stop or start sites were identified for sequence SRR12683144.2562.1, skipping.
11-04 21:39 root         DEBUG    No ITS stop or start sites were identified for sequence SRR12683144.2599.1, skipping.
11-04 21:39 root         DEBUG    No ITS stop or start sites were identified for sequence SRR12683144.2686.1, skipping.
11-04 21:39 root         DEBUG    No ITS stop or start sites were identified for sequence SRR12683144.2705.1, skipping.
11-04 21:39 root         DEBUG    No ITS stop or start sites were identified for sequence SRR12683144.1509.1, skipping.
11-04 21:39 root         DEBUG    No ITS stop or start sites were identified for sequence SRR12683144.2938.1, skipping.
11-04 21:39 root         DEBUG    No ITS stop or start sites were identified for sequence SRR12683144.2972.1, skipping.
11-04 21:39 root         DEBUG    No ITS stop or start sites were identified for sequence SRR12683144.3043.1, skipping.
11-04 21:39 root         DEBUG    No ITS stop or start sites were identified for sequence SRR12683144.3171.1, skipping.
11-04 21:39 root         DEBUG    No ITS stop or start sites were identified for sequence SRR12683144.3173.1, skipping.
11-04 21:39 root         DEBUG    No ITS stop or start sites were identified for sequence SRR12683144.3364.1, skipping.
11-04 21:39 root         DEBUG    No ITS stop or start sites were identified for sequence SRR12683144.3421.1, skipping.
11-04 21:39 root         DEBUG    No ITS stop or start sites were identified for sequence SRR12683144.2083.1, skipping.
11-04 21:39 root         DEBUG    No ITS stop or start sites were identified for sequence SRR12683144.3540.1, skipping.
11-04 21:39 root         DEBUG    No ITS stop or start sites were identified for sequence SRR12683144.3555.1, skipping.
11-04 21:39 root         DEBUG    No ITS stop or start sites were identified for sequence SRR12683144.1509.1, skipping.
11-04 21:39 root         DEBUG    No ITS stop or start sites were identified for sequence SRR12683144.1509.1, skipping.
11-04 21:39 root         DEBUG    No ITS stop or start sites were identified for sequence SRR12683144.3797.1, skipping.
11-04 21:39 root         DEBUG    No ITS stop or start sites were identified for sequence SRR12683144.3841.1, skipping.
11-04 21:39 root         DEBUG    No ITS stop or start sites were identified for sequence SRR12683144.3861.1, skipping.
11-04 21:39 root         DEBUG    No ITS stop or start sites were identified for sequence SRR12683144.3961.1, skipping.
11-04 21:39 root         DEBUG    No ITS stop or start sites were identified for sequence SRR12683144.128.1, skipping.
11-04 21:39 root         DEBUG    No ITS stop or start sites were identified for sequence SRR12683144.4151.1, skipping.
11-04 21:39 root         DEBUG    No ITS stop or start sites were identified for sequence SRR12683144.4232.1, skipping.
11-04 21:39 root         DEBUG    No ITS stop or start sites were identified for sequence SRR12683144.4750.1, skipping.
11-04 21:39 root         DEBUG    No ITS stop or start sites were identified for sequence SRR12683144.3173.1, skipping.
11-04 21:39 root         DEBUG    No ITS stop or start sites were identified for sequence SRR12683144.4929.1, skipping.
11-04 21:39 root         DEBUG    No ITS stop or start sites were identified for sequence SRR12683144.4931.1, skipping.
11-04 21:39 root         DEBUG    No ITS stop or start sites were identified for sequence SRR12683144.5157.1, skipping.
11-04 21:39 root         DEBUG    No ITS stop or start sites were identified for sequence SRR12683144.5235.1, skipping.
11-04 21:39 root         DEBUG    No ITS stop or start sites were identified for sequence SRR12683144.128.1, skipping.
11-04 21:39 root         DEBUG    No ITS stop or start sites were identified for sequence SRR12683144.5402.1, skipping.
11-04 21:39 root         DEBUG    No ITS stop or start sites were identified for sequence SRR12683144.4151.1, skipping.
11-04 21:39 root         DEBUG    No ITS stop or start sites were identified for sequence SRR12683144.148.1, skipping.
11-04 21:39 root         DEBUG    No ITS stop or start sites were identified for sequence SRR12683144.148.1, skipping.
11-04 21:39 root         DEBUG    No ITS stop or start sites were identified for sequence SRR12683144.5531.1, skipping.
11-04 21:39 root         DEBUG    No ITS stop or start sites were identified for sequence SRR12683144.128.1, skipping.
11-04 21:39 root         DEBUG    No ITS stop or start sites were identified for sequence SRR12683144.4151.1, skipping.
11-04 21:39 root         DEBUG    No ITS stop or start sites were identified for sequence SRR12683144.5824.1, skipping.
11-04 21:39 root         DEBUG    No ITS stop or start sites were identified for sequence SRR12683144.6016.1, skipping.
11-04 21:39 root         DEBUG    No ITS stop or start sites were identified for sequence SRR12683144.6067.1, skipping.
11-04 21:39 root         DEBUG    No ITS stop or start sites were identified for sequence SRR12683144.6070.1, skipping.
11-04 21:39 root         DEBUG    No ITS stop or start sites were identified for sequence SRR12683144.6085.1, skipping.
11-04 21:39 root         DEBUG    No ITS stop or start sites were identified for sequence SRR12683144.6121.1, skipping.
11-04 21:39 root         DEBUG    No ITS stop or start sites were identified for sequence SRR12683144.6237.1, skipping.
11-04 21:39 root         DEBUG    No ITS stop or start sites were identified for sequence SRR12683144.6275.1, skipping.
11-04 21:39 root         DEBUG    No ITS stop or start sites were identified for sequence SRR12683144.6280.1, skipping.
11-04 21:39 root         DEBUG    No ITS stop or start sites were identified for sequence SRR12683144.6314.1, skipping.
11-04 21:39 root         DEBUG    No ITS stop or start sites were identified for sequence SRR12683144.6339.1, skipping.
11-04 21:39 root         DEBUG    No ITS stop or start sites were identified for sequence SRR12683144.6352.1, skipping.
11-04 21:39 root         DEBUG    No ITS stop or start sites were identified for sequence SRR12683144.6368.1, skipping.
11-04 21:39 root         DEBUG    No ITS stop or start sites were identified for sequence SRR12683144.6389.1, skipping.
11-04 21:39 root         DEBUG    No ITS stop or start sites were identified for sequence SRR12683144.6398.1, skipping.
11-04 21:39 root         DEBUG    No ITS stop or start sites were identified for sequence SRR12683144.6416.1, skipping.
11-04 21:39 root         DEBUG    No ITS stop or start sites were identified for sequence SRR12683144.6493.1, skipping.
11-04 21:39 root         DEBUG    No ITS stop or start sites were identified for sequence SRR12683144.6584.1, skipping.
11-04 21:39 root         DEBUG    No ITS stop or start sites were identified for sequence SRR12683144.6598.1, skipping.
11-04 21:39 root         DEBUG    No ITS stop or start sites were identified for sequence SRR12683144.6600.1, skipping.
11-04 21:39 root         DEBUG    No ITS stop or start sites were identified for sequence SRR12683144.6603.1, skipping.
11-04 21:39 root         DEBUG    No ITS stop or start sites were identified for sequence SRR12683144.6609.1, skipping.
11-04 21:39 root         DEBUG    No ITS stop or start sites were identified for sequence SRR12683144.6677.1, skipping.
11-04 21:39 root         DEBUG    No ITS stop or start sites were identified for sequence SRR12683144.6695.1, skipping.
11-04 21:39 root         DEBUG    No ITS stop or start sites were identified for sequence SRR12683144.6717.1, skipping.
11-04 21:39 root         DEBUG    No ITS stop or start sites were identified for sequence SRR12683144.6741.1, skipping.
11-04 21:39 root         DEBUG    No ITS stop or start sites were identified for sequence SRR12683144.6758.1, skipping.
11-04 21:39 root         DEBUG    No ITS stop or start sites were identified for sequence SRR12683144.6781.1, skipping.
11-04 21:39 root         DEBUG    No ITS stop or start sites were identified for sequence SRR12683144.6822.1, skipping.
11-04 21:39 root         DEBUG    No ITS stop or start sites were identified for sequence SRR12683144.6823.1, skipping.
11-04 21:39 root         DEBUG    No ITS stop or start sites were identified for sequence SRR12683144.6845.1, skipping.
11-04 21:39 root         DEBUG    No ITS stop or start sites were identified for sequence SRR12683144.6847.1, skipping.
11-04 21:39 root         DEBUG    No ITS stop or start sites were identified for sequence SRR12683144.6868.1, skipping.
11-04 21:39 root         DEBUG    No ITS stop or start sites were identified for sequence SRR12683144.6879.1, skipping.
11-04 21:39 root         DEBUG    No ITS stop or start sites were identified for sequence SRR12683144.6901.1, skipping.
11-04 21:39 root         DEBUG    No ITS stop or start sites were identified for sequence SRR12683144.6902.1, skipping.
11-04 21:39 root         DEBUG    No ITS stop or start sites were identified for sequence SRR12683144.2083.1, skipping.
11-04 21:39 root         DEBUG    No ITS stop or start sites were identified for sequence SRR12683144.1509.1, skipping.
11-04 21:39 root         DEBUG    No ITS stop or start sites were identified for sequence SRR12683144.6940.1, skipping.
11-04 21:39 root         DEBUG    No ITS stop or start sites were identified for sequence SRR12683144.6943.1, skipping.
11-04 21:39 root         DEBUG    No ITS stop or start sites were identified for sequence SRR12683144.6980.1, skipping.
11-04 21:39 root         DEBUG    No ITS stop or start sites were identified for sequence SRR12683144.6996.1, skipping.
11-04 21:39 root         DEBUG    No ITS stop or start sites were identified for sequence SRR12683144.7012.1, skipping.
11-04 21:39 root         DEBUG    No ITS stop or start sites were identified for sequence SRR12683144.7113.1, skipping.
11-04 21:39 root         DEBUG    No ITS stop or start sites were identified for sequence SRR12683144.7158.1, skipping.
11-04 21:39 root         DEBUG    No ITS stop or start sites were identified for sequence SRR12683144.7176.1, skipping.
11-04 21:39 root         DEBUG    No ITS stop or start sites were identified for sequence SRR12683144.7183.1, skipping.
11-04 21:39 root         DEBUG    No ITS stop or start sites were identified for sequence SRR12683144.7204.1, skipping.
11-04 21:39 root         DEBUG    No ITS stop or start sites were identified for sequence SRR12683144.7254.1, skipping.
11-04 21:39 root         DEBUG    No ITS stop or start sites were identified for sequence SRR12683144.7391.1, skipping.
11-04 21:39 root         DEBUG    No ITS stop or start sites were identified for sequence SRR12683144.7478.1, skipping.
11-04 21:39 root         DEBUG    No ITS stop or start sites were identified for sequence SRR12683144.7549.1, skipping.
11-04 21:39 root         DEBUG    No ITS stop or start sites were identified for sequence SRR12683144.7558.1, skipping.
11-04 21:39 root         DEBUG    No ITS stop or start sites were identified for sequence SRR12683144.7589.1, skipping.
11-04 21:39 root         DEBUG    No ITS stop or start sites were identified for sequence SRR12683144.7605.1, skipping.
11-04 21:39 root         DEBUG    No ITS stop or start sites were identified for sequence SRR12683144.7658.1, skipping.
11-04 21:39 root         DEBUG    No ITS stop or start sites were identified for sequence SRR12683144.7766.1, skipping.
11-04 21:39 root         DEBUG    No ITS stop or start sites were identified for sequence SRR12683144.7767.1, skipping.
11-04 21:39 root         DEBUG    No ITS stop or start sites were identified for sequence SRR12683144.7819.1, skipping.
11-04 21:39 root         DEBUG    No ITS stop or start sites were identified for sequence SRR12683144.7897.1, skipping.
11-04 21:39 root         DEBUG    No ITS stop or start sites were identified for sequence SRR12683144.8122.1, skipping.
11-04 21:39 root         DEBUG    No ITS stop or start sites were identified for sequence SRR12683144.8425.1, skipping.
11-04 21:39 root         DEBUG    No ITS stop or start sites were identified for sequence SRR12683144.8511.1, skipping.
11-04 21:39 root         DEBUG    No ITS stop or start sites were identified for sequence SRR12683144.8526.1, skipping.
11-04 21:39 root         DEBUG    No ITS stop or start sites were identified for sequence SRR12683144.2249.1, skipping.
11-04 21:39 root         DEBUG    No ITS stop or start sites were identified for sequence SRR12683144.8914.1, skipping.
11-04 21:39 root         DEBUG    No ITS stop or start sites were identified for sequence SRR12683144.8925.1, skipping.
11-04 21:39 root         DEBUG    No ITS stop or start sites were identified for sequence SRR12683144.8996.1, skipping.
11-04 21:39 root         DEBUG    No ITS stop or start sites were identified for sequence SRR12683144.9016.1, skipping.
11-04 21:39 root         DEBUG    No ITS stop or start sites were identified for sequence SRR12683144.9021.1, skipping.
11-04 21:39 root         DEBUG    No ITS stop or start sites were identified for sequence SRR12683144.9077.1, skipping.
11-04 21:39 root         DEBUG    No ITS stop or start sites were identified for sequence SRR12683144.7897.1, skipping.
11-04 21:39 root         DEBUG    No ITS stop or start sites were identified for sequence SRR12683144.9135.1, skipping.
11-04 21:39 root         DEBUG    No ITS stop or start sites were identified for sequence SRR12683144.9143.1, skipping.
11-04 21:39 root         DEBUG    No ITS stop or start sites were identified for sequence SRR12683144.9206.1, skipping.
11-04 21:39 root         DEBUG    No ITS stop or start sites were identified for sequence SRR12683144.9206.1, skipping.
11-04 21:39 root         DEBUG    No ITS stop or start sites were identified for sequence SRR12683144.9435.1, skipping.
11-04 21:39 root         INFO     ITSxpress ran in 00:01:10
