11-04 21:35 root         INFO     Verifying the input sequences.
11-04 21:35 root         INFO     Sequences are assumed to be single-end.
11-04 21:35 root         INFO     Temporary directory is: /tmp/itsxpress_6oswam47
11-04 21:35 root         INFO     Unique sequences are being written to a temporary FASTA file with Vsearch.
11-04 21:35 root         INFO     vsearch v2.7.1_linux_x86_64, 15.6GB RAM, 4 cores
https://github.com/torognes/vsearch

Reading file SRR12683129_pass_1.fastq.gz 100%
730718 nt in 2598 seqs, min 35, max 301, avg 281
Dereplicating 100%
Sorting 100%
1537 unique sequences, avg cluster 1.7, median 1, max 434
Writing output file 100%
Writing uc file, first part 100%
Writing uc file, second part 100%

11-04 21:35 root         INFO     Searching for ITS start and stop sites using HMMSearch. This step takes a while.
11-04 21:36 root         INFO     Parsing HMM results.
11-04 21:36 root         INFO     Writing out sequences
11-04 21:36 root         DEBUG    No ITS stop or start sites were identified for sequence SRR12683129.1.1, skipping.
11-04 21:36 root         DEBUG    No ITS stop or start sites were identified for sequence SRR12683129.7.1, skipping.
11-04 21:36 root         DEBUG    No ITS stop or start sites were identified for sequence SRR12683129.31.1, skipping.
11-04 21:36 root         DEBUG    No ITS stop or start sites were identified for sequence SRR12683129.39.1, skipping.
11-04 21:36 root         DEBUG    No ITS stop or start sites were identified for sequence SRR12683129.39.1, skipping.
11-04 21:36 root         DEBUG    No ITS stop or start sites were identified for sequence SRR12683129.53.1, skipping.
11-04 21:36 root         DEBUG    No ITS stop or start sites were identified for sequence SRR12683129.39.1, skipping.
11-04 21:36 root         DEBUG    No ITS stop or start sites were identified for sequence SRR12683129.63.1, skipping.
11-04 21:36 root         DEBUG    No ITS stop or start sites were identified for sequence SRR12683129.73.1, skipping.
11-04 21:36 root         DEBUG    No ITS stop or start sites were identified for sequence SRR12683129.84.1, skipping.
11-04 21:36 root         DEBUG    No ITS stop or start sites were identified for sequence SRR12683129.86.1, skipping.
11-04 21:36 root         DEBUG    No ITS stop or start sites were identified for sequence SRR12683129.87.1, skipping.
11-04 21:36 root         DEBUG    No ITS stop or start sites were identified for sequence SRR12683129.98.1, skipping.
11-04 21:36 root         DEBUG    No ITS stop or start sites were identified for sequence SRR12683129.106.1, skipping.
11-04 21:36 root         DEBUG    No ITS stop or start sites were identified for sequence SRR12683129.107.1, skipping.
11-04 21:36 root         DEBUG    No ITS stop or start sites were identified for sequence SRR12683129.118.1, skipping.
11-04 21:36 root         DEBUG    No ITS stop or start sites were identified for sequence SRR12683129.128.1, skipping.
11-04 21:36 root         DEBUG    No ITS stop or start sites were identified for sequence SRR12683129.84.1, skipping.
11-04 21:36 root         DEBUG    No ITS stop or start sites were identified for sequence SRR12683129.144.1, skipping.
11-04 21:36 root         DEBUG    No ITS stop or start sites were identified for sequence SRR12683129.147.1, skipping.
11-04 21:36 root         DEBUG    No ITS stop or start sites were identified for sequence SRR12683129.98.1, skipping.
11-04 21:36 root         DEBUG    No ITS stop or start sites were identified for sequence SRR12683129.39.1, skipping.
11-04 21:36 root         DEBUG    No ITS stop or start sites were identified for sequence SRR12683129.166.1, skipping.
11-04 21:36 root         DEBUG    No ITS stop or start sites were identified for sequence SRR12683129.167.1, skipping.
11-04 21:36 root         DEBUG    No ITS stop or start sites were identified for sequence SRR12683129.39.1, skipping.
11-04 21:36 root         DEBUG    No ITS stop or start sites were identified for sequence SRR12683129.39.1, skipping.
11-04 21:36 root         DEBUG    No ITS stop or start sites were identified for sequence SRR12683129.229.1, skipping.
11-04 21:36 root         DEBUG    No ITS stop or start sites were identified for sequence SRR12683129.39.1, skipping.
11-04 21:36 root         DEBUG    No ITS stop or start sites were identified for sequence SRR12683129.7.1, skipping.
11-04 21:36 root         DEBUG    No ITS stop or start sites were identified for sequence SRR12683129.244.1, skipping.
11-04 21:36 root         DEBUG    No ITS stop or start sites were identified for sequence SRR12683129.253.1, skipping.
11-04 21:36 root         DEBUG    No ITS stop or start sites were identified for sequence SRR12683129.39.1, skipping.
11-04 21:36 root         DEBUG    No ITS stop or start sites were identified for sequence SRR12683129.289.1, skipping.
11-04 21:36 root         DEBUG    No ITS stop or start sites were identified for sequence SRR12683129.87.1, skipping.
11-04 21:36 root         DEBUG    No ITS stop or start sites were identified for sequence SRR12683129.324.1, skipping.
11-04 21:36 root         DEBUG    No ITS stop or start sites were identified for sequence SRR12683129.53.1, skipping.
11-04 21:36 root         DEBUG    No ITS stop or start sites were identified for sequence SRR12683129.31.1, skipping.
11-04 21:36 root         DEBUG    No ITS stop or start sites were identified for sequence SRR12683129.31.1, skipping.
11-04 21:36 root         DEBUG    No ITS stop or start sites were identified for sequence SRR12683129.350.1, skipping.
11-04 21:36 root         DEBUG    No ITS stop or start sites were identified for sequence SRR12683129.357.1, skipping.
11-04 21:36 root         DEBUG    No ITS stop or start sites were identified for sequence SRR12683129.147.1, skipping.
11-04 21:36 root         DEBUG    No ITS stop or start sites were identified for sequence SRR12683129.380.1, skipping.
11-04 21:36 root         DEBUG    No ITS stop or start sites were identified for sequence SRR12683129.118.1, skipping.
11-04 21:36 root         DEBUG    No ITS stop or start sites were identified for sequence SRR12683129.392.1, skipping.
11-04 21:36 root         DEBUG    No ITS stop or start sites were identified for sequence SRR12683129.397.1, skipping.
11-04 21:36 root         DEBUG    No ITS stop or start sites were identified for sequence SRR12683129.400.1, skipping.
11-04 21:36 root         DEBUG    No ITS stop or start sites were identified for sequence SRR12683129.410.1, skipping.
11-04 21:36 root         DEBUG    No ITS stop or start sites were identified for sequence SRR12683129.411.1, skipping.
11-04 21:36 root         DEBUG    No ITS stop or start sites were identified for sequence SRR12683129.413.1, skipping.
11-04 21:36 root         DEBUG    No ITS stop or start sites were identified for sequence SRR12683129.415.1, skipping.
11-04 21:36 root         DEBUG    No ITS stop or start sites were identified for sequence SRR12683129.39.1, skipping.
11-04 21:36 root         DEBUG    No ITS stop or start sites were identified for sequence SRR12683129.434.1, skipping.
11-04 21:36 root         DEBUG    No ITS stop or start sites were identified for sequence SRR12683129.461.1, skipping.
11-04 21:36 root         DEBUG    No ITS stop or start sites were identified for sequence SRR12683129.39.1, skipping.
11-04 21:36 root         DEBUG    No ITS stop or start sites were identified for sequence SRR12683129.7.1, skipping.
11-04 21:36 root         DEBUG    No ITS stop or start sites were identified for sequence SRR12683129.118.1, skipping.
11-04 21:36 root         DEBUG    No ITS stop or start sites were identified for sequence SRR12683129.515.1, skipping.
11-04 21:36 root         DEBUG    No ITS stop or start sites were identified for sequence SRR12683129.522.1, skipping.
11-04 21:36 root         DEBUG    No ITS stop or start sites were identified for sequence SRR12683129.542.1, skipping.
11-04 21:36 root         DEBUG    No ITS stop or start sites were identified for sequence SRR12683129.549.1, skipping.
11-04 21:36 root         DEBUG    No ITS stop or start sites were identified for sequence SRR12683129.587.1, skipping.
11-04 21:36 root         DEBUG    No ITS stop or start sites were identified for sequence SRR12683129.590.1, skipping.
11-04 21:36 root         DEBUG    No ITS stop or start sites were identified for sequence SRR12683129.592.1, skipping.
11-04 21:36 root         DEBUG    No ITS stop or start sites were identified for sequence SRR12683129.614.1, skipping.
11-04 21:36 root         DEBUG    No ITS stop or start sites were identified for sequence SRR12683129.147.1, skipping.
11-04 21:36 root         DEBUG    No ITS stop or start sites were identified for sequence SRR12683129.629.1, skipping.
11-04 21:36 root         DEBUG    No ITS stop or start sites were identified for sequence SRR12683129.39.1, skipping.
11-04 21:36 root         DEBUG    No ITS stop or start sites were identified for sequence SRR12683129.39.1, skipping.
11-04 21:36 root         DEBUG    No ITS stop or start sites were identified for sequence SRR12683129.84.1, skipping.
11-04 21:36 root         DEBUG    No ITS stop or start sites were identified for sequence SRR12683129.653.1, skipping.
11-04 21:36 root         DEBUG    No ITS stop or start sites were identified for sequence SRR12683129.658.1, skipping.
11-04 21:36 root         DEBUG    No ITS stop or start sites were identified for sequence SRR12683129.39.1, skipping.
11-04 21:36 root         DEBUG    No ITS stop or start sites were identified for sequence SRR12683129.675.1, skipping.
11-04 21:36 root         DEBUG    No ITS stop or start sites were identified for sequence SRR12683129.710.1, skipping.
11-04 21:36 root         DEBUG    No ITS stop or start sites were identified for sequence SRR12683129.717.1, skipping.
11-04 21:36 root         DEBUG    No ITS stop or start sites were identified for sequence SRR12683129.732.1, skipping.
11-04 21:36 root         DEBUG    No ITS stop or start sites were identified for sequence SRR12683129.737.1, skipping.
11-04 21:36 root         DEBUG    No ITS stop or start sites were identified for sequence SRR12683129.740.1, skipping.
11-04 21:36 root         DEBUG    No ITS stop or start sites were identified for sequence SRR12683129.742.1, skipping.
11-04 21:36 root         DEBUG    No ITS stop or start sites were identified for sequence SRR12683129.39.1, skipping.
11-04 21:36 root         DEBUG    No ITS stop or start sites were identified for sequence SRR12683129.63.1, skipping.
11-04 21:36 root         DEBUG    No ITS stop or start sites were identified for sequence SRR12683129.39.1, skipping.
11-04 21:36 root         DEBUG    No ITS stop or start sites were identified for sequence SRR12683129.98.1, skipping.
11-04 21:36 root         DEBUG    No ITS stop or start sites were identified for sequence SRR12683129.118.1, skipping.
11-04 21:36 root         DEBUG    No ITS stop or start sites were identified for sequence SRR12683129.39.1, skipping.
11-04 21:36 root         DEBUG    No ITS stop or start sites were identified for sequence SRR12683129.842.1, skipping.
11-04 21:36 root         DEBUG    No ITS stop or start sites were identified for sequence SRR12683129.39.1, skipping.
11-04 21:36 root         DEBUG    No ITS stop or start sites were identified for sequence SRR12683129.7.1, skipping.
11-04 21:36 root         DEBUG    No ITS stop or start sites were identified for sequence SRR12683129.903.1, skipping.
11-04 21:36 root         DEBUG    No ITS stop or start sites were identified for sequence SRR12683129.39.1, skipping.
11-04 21:36 root         DEBUG    No ITS stop or start sites were identified for sequence SRR12683129.940.1, skipping.
11-04 21:36 root         DEBUG    No ITS stop or start sites were identified for sequence SRR12683129.229.1, skipping.
11-04 21:36 root         DEBUG    No ITS stop or start sites were identified for sequence SRR12683129.39.1, skipping.
11-04 21:36 root         DEBUG    No ITS stop or start sites were identified for sequence SRR12683129.962.1, skipping.
11-04 21:36 root         DEBUG    No ITS stop or start sites were identified for sequence SRR12683129.969.1, skipping.
11-04 21:36 root         DEBUG    No ITS stop or start sites were identified for sequence SRR12683129.975.1, skipping.
11-04 21:36 root         DEBUG    No ITS stop or start sites were identified for sequence SRR12683129.982.1, skipping.
11-04 21:36 root         DEBUG    No ITS stop or start sites were identified for sequence SRR12683129.984.1, skipping.
11-04 21:36 root         DEBUG    No ITS stop or start sites were identified for sequence SRR12683129.147.1, skipping.
11-04 21:36 root         DEBUG    No ITS stop or start sites were identified for sequence SRR12683129.118.1, skipping.
11-04 21:36 root         DEBUG    No ITS stop or start sites were identified for sequence SRR12683129.31.1, skipping.
11-04 21:36 root         DEBUG    No ITS stop or start sites were identified for sequence SRR12683129.1038.1, skipping.
11-04 21:36 root         DEBUG    No ITS stop or start sites were identified for sequence SRR12683129.39.1, skipping.
11-04 21:36 root         DEBUG    No ITS stop or start sites were identified for sequence SRR12683129.118.1, skipping.
11-04 21:36 root         DEBUG    No ITS stop or start sites were identified for sequence SRR12683129.1058.1, skipping.
11-04 21:36 root         DEBUG    No ITS stop or start sites were identified for sequence SRR12683129.982.1, skipping.
11-04 21:36 root         DEBUG    No ITS stop or start sites were identified for sequence SRR12683129.84.1, skipping.
11-04 21:36 root         DEBUG    No ITS stop or start sites were identified for sequence SRR12683129.53.1, skipping.
11-04 21:36 root         DEBUG    No ITS stop or start sites were identified for sequence SRR12683129.31.1, skipping.
11-04 21:36 root         DEBUG    No ITS stop or start sites were identified for sequence SRR12683129.107.1, skipping.
11-04 21:36 root         DEBUG    No ITS stop or start sites were identified for sequence SRR12683129.39.1, skipping.
11-04 21:36 root         DEBUG    No ITS stop or start sites were identified for sequence SRR12683129.53.1, skipping.
11-04 21:36 root         DEBUG    No ITS stop or start sites were identified for sequence SRR12683129.39.1, skipping.
11-04 21:36 root         DEBUG    No ITS stop or start sites were identified for sequence SRR12683129.1178.1, skipping.
11-04 21:36 root         DEBUG    No ITS stop or start sites were identified for sequence SRR12683129.1182.1, skipping.
11-04 21:36 root         DEBUG    No ITS stop or start sites were identified for sequence SRR12683129.1199.1, skipping.
11-04 21:36 root         DEBUG    No ITS stop or start sites were identified for sequence SRR12683129.39.1, skipping.
11-04 21:36 root         DEBUG    No ITS stop or start sites were identified for sequence SRR12683129.39.1, skipping.
11-04 21:36 root         DEBUG    No ITS stop or start sites were identified for sequence SRR12683129.39.1, skipping.
11-04 21:36 root         DEBUG    No ITS stop or start sites were identified for sequence SRR12683129.53.1, skipping.
11-04 21:36 root         DEBUG    No ITS stop or start sites were identified for sequence SRR12683129.39.1, skipping.
11-04 21:36 root         DEBUG    No ITS stop or start sites were identified for sequence SRR12683129.1270.1, skipping.
11-04 21:36 root         DEBUG    No ITS stop or start sites were identified for sequence SRR12683129.118.1, skipping.
11-04 21:36 root         DEBUG    No ITS stop or start sites were identified for sequence SRR12683129.147.1, skipping.
11-04 21:36 root         DEBUG    No ITS stop or start sites were identified for sequence SRR12683129.39.1, skipping.
11-04 21:36 root         DEBUG    No ITS stop or start sites were identified for sequence SRR12683129.128.1, skipping.
11-04 21:36 root         DEBUG    No ITS stop or start sites were identified for sequence SRR12683129.1355.1, skipping.
11-04 21:36 root         DEBUG    No ITS stop or start sites were identified for sequence SRR12683129.147.1, skipping.
11-04 21:36 root         DEBUG    No ITS stop or start sites were identified for sequence SRR12683129.39.1, skipping.
11-04 21:36 root         DEBUG    No ITS stop or start sites were identified for sequence SRR12683129.39.1, skipping.
11-04 21:36 root         DEBUG    No ITS stop or start sites were identified for sequence SRR12683129.39.1, skipping.
11-04 21:36 root         DEBUG    No ITS stop or start sites were identified for sequence SRR12683129.39.1, skipping.
11-04 21:36 root         DEBUG    No ITS stop or start sites were identified for sequence SRR12683129.167.1, skipping.
11-04 21:36 root         DEBUG    No ITS stop or start sites were identified for sequence SRR12683129.87.1, skipping.
11-04 21:36 root         DEBUG    No ITS stop or start sites were identified for sequence SRR12683129.39.1, skipping.
11-04 21:36 root         DEBUG    No ITS stop or start sites were identified for sequence SRR12683129.7.1, skipping.
11-04 21:36 root         DEBUG    No ITS stop or start sites were identified for sequence SRR12683129.1431.1, skipping.
11-04 21:36 root         DEBUG    No ITS stop or start sites were identified for sequence SRR12683129.39.1, skipping.
11-04 21:36 root         DEBUG    No ITS stop or start sites were identified for sequence SRR12683129.107.1, skipping.
11-04 21:36 root         DEBUG    No ITS stop or start sites were identified for sequence SRR12683129.147.1, skipping.
11-04 21:36 root         DEBUG    No ITS stop or start sites were identified for sequence SRR12683129.39.1, skipping.
11-04 21:36 root         DEBUG    No ITS stop or start sites were identified for sequence SRR12683129.7.1, skipping.
11-04 21:36 root         DEBUG    No ITS stop or start sites were identified for sequence SRR12683129.289.1, skipping.
11-04 21:36 root         DEBUG    No ITS stop or start sites were identified for sequence SRR12683129.1514.1, skipping.
11-04 21:36 root         DEBUG    No ITS stop or start sites were identified for sequence SRR12683129.1519.1, skipping.
11-04 21:36 root         DEBUG    No ITS stop or start sites were identified for sequence SRR12683129.1528.1, skipping.
11-04 21:36 root         DEBUG    No ITS stop or start sites were identified for sequence SRR12683129.1532.1, skipping.
11-04 21:36 root         DEBUG    No ITS stop or start sites were identified for sequence SRR12683129.1535.1, skipping.
11-04 21:36 root         DEBUG    No ITS stop or start sites were identified for sequence SRR12683129.31.1, skipping.
11-04 21:36 root         DEBUG    No ITS stop or start sites were identified for sequence SRR12683129.1549.1, skipping.
11-04 21:36 root         DEBUG    No ITS stop or start sites were identified for sequence SRR12683129.1557.1, skipping.
11-04 21:36 root         DEBUG    No ITS stop or start sites were identified for sequence SRR12683129.1178.1, skipping.
11-04 21:36 root         DEBUG    No ITS stop or start sites were identified for sequence SRR12683129.39.1, skipping.
11-04 21:36 root         DEBUG    No ITS stop or start sites were identified for sequence SRR12683129.1579.1, skipping.
11-04 21:36 root         DEBUG    No ITS stop or start sites were identified for sequence SRR12683129.39.1, skipping.
11-04 21:36 root         DEBUG    No ITS stop or start sites were identified for sequence SRR12683129.1633.1, skipping.
11-04 21:36 root         DEBUG    No ITS stop or start sites were identified for sequence SRR12683129.39.1, skipping.
11-04 21:36 root         DEBUG    No ITS stop or start sites were identified for sequence SRR12683129.39.1, skipping.
11-04 21:36 root         DEBUG    No ITS stop or start sites were identified for sequence SRR12683129.1666.1, skipping.
11-04 21:36 root         DEBUG    No ITS stop or start sites were identified for sequence SRR12683129.1178.1, skipping.
11-04 21:36 root         DEBUG    No ITS stop or start sites were identified for sequence SRR12683129.397.1, skipping.
11-04 21:36 root         DEBUG    No ITS stop or start sites were identified for sequence SRR12683129.1689.1, skipping.
11-04 21:36 root         DEBUG    No ITS stop or start sites were identified for sequence SRR12683129.7.1, skipping.
11-04 21:36 root         DEBUG    No ITS stop or start sites were identified for sequence SRR12683129.39.1, skipping.
11-04 21:36 root         DEBUG    No ITS stop or start sites were identified for sequence SRR12683129.118.1, skipping.
11-04 21:36 root         DEBUG    No ITS stop or start sites were identified for sequence SRR12683129.1726.1, skipping.
11-04 21:36 root         DEBUG    No ITS stop or start sites were identified for sequence SRR12683129.1728.1, skipping.
11-04 21:36 root         DEBUG    No ITS stop or start sites were identified for sequence SRR12683129.1753.1, skipping.
11-04 21:36 root         DEBUG    No ITS stop or start sites were identified for sequence SRR12683129.1773.1, skipping.
11-04 21:36 root         DEBUG    No ITS stop or start sites were identified for sequence SRR12683129.1789.1, skipping.
11-04 21:36 root         DEBUG    No ITS stop or start sites were identified for sequence SRR12683129.39.1, skipping.
11-04 21:36 root         DEBUG    No ITS stop or start sites were identified for sequence SRR12683129.1803.1, skipping.
11-04 21:36 root         DEBUG    No ITS stop or start sites were identified for sequence SRR12683129.1867.1, skipping.
11-04 21:36 root         DEBUG    No ITS stop or start sites were identified for sequence SRR12683129.1870.1, skipping.
11-04 21:36 root         DEBUG    No ITS stop or start sites were identified for sequence SRR12683129.1872.1, skipping.
11-04 21:36 root         DEBUG    No ITS stop or start sites were identified for sequence SRR12683129.1879.1, skipping.
11-04 21:36 root         DEBUG    No ITS stop or start sites were identified for sequence SRR12683129.1924.1, skipping.
11-04 21:36 root         DEBUG    No ITS stop or start sites were identified for sequence SRR12683129.1931.1, skipping.
11-04 21:36 root         DEBUG    No ITS stop or start sites were identified for sequence SRR12683129.244.1, skipping.
11-04 21:36 root         DEBUG    No ITS stop or start sites were identified for sequence SRR12683129.1944.1, skipping.
11-04 21:36 root         DEBUG    No ITS stop or start sites were identified for sequence SRR12683129.147.1, skipping.
11-04 21:36 root         DEBUG    No ITS stop or start sites were identified for sequence SRR12683129.2006.1, skipping.
11-04 21:36 root         DEBUG    No ITS stop or start sites were identified for sequence SRR12683129.2010.1, skipping.
11-04 21:36 root         DEBUG    No ITS stop or start sites were identified for sequence SRR12683129.7.1, skipping.
11-04 21:36 root         DEBUG    No ITS stop or start sites were identified for sequence SRR12683129.1038.1, skipping.
11-04 21:36 root         DEBUG    No ITS stop or start sites were identified for sequence SRR12683129.2070.1, skipping.
11-04 21:36 root         DEBUG    No ITS stop or start sites were identified for sequence SRR12683129.39.1, skipping.
11-04 21:36 root         DEBUG    No ITS stop or start sites were identified for sequence SRR12683129.2081.1, skipping.
11-04 21:36 root         DEBUG    No ITS stop or start sites were identified for sequence SRR12683129.147.1, skipping.
11-04 21:36 root         DEBUG    No ITS stop or start sites were identified for sequence SRR12683129.39.1, skipping.
11-04 21:36 root         DEBUG    No ITS stop or start sites were identified for sequence SRR12683129.118.1, skipping.
11-04 21:36 root         DEBUG    No ITS stop or start sites were identified for sequence SRR12683129.147.1, skipping.
11-04 21:36 root         DEBUG    No ITS stop or start sites were identified for sequence SRR12683129.87.1, skipping.
11-04 21:36 root         DEBUG    No ITS stop or start sites were identified for sequence SRR12683129.2189.1, skipping.
11-04 21:36 root         DEBUG    No ITS stop or start sites were identified for sequence SRR12683129.289.1, skipping.
11-04 21:36 root         DEBUG    No ITS stop or start sites were identified for sequence SRR12683129.2206.1, skipping.
11-04 21:36 root         DEBUG    No ITS stop or start sites were identified for sequence SRR12683129.2259.1, skipping.
11-04 21:36 root         DEBUG    No ITS stop or start sites were identified for sequence SRR12683129.39.1, skipping.
11-04 21:36 root         DEBUG    No ITS stop or start sites were identified for sequence SRR12683129.2305.1, skipping.
11-04 21:36 root         DEBUG    No ITS stop or start sites were identified for sequence SRR12683129.53.1, skipping.
11-04 21:36 root         DEBUG    No ITS stop or start sites were identified for sequence SRR12683129.2332.1, skipping.
11-04 21:36 root         DEBUG    No ITS stop or start sites were identified for sequence SRR12683129.2339.1, skipping.
11-04 21:36 root         DEBUG    No ITS stop or start sites were identified for sequence SRR12683129.2348.1, skipping.
11-04 21:36 root         DEBUG    No ITS stop or start sites were identified for sequence SRR12683129.53.1, skipping.
11-04 21:36 root         DEBUG    No ITS stop or start sites were identified for sequence SRR12683129.84.1, skipping.
11-04 21:36 root         DEBUG    No ITS stop or start sites were identified for sequence SRR12683129.39.1, skipping.
11-04 21:36 root         DEBUG    No ITS stop or start sites were identified for sequence SRR12683129.2443.1, skipping.
11-04 21:36 root         DEBUG    No ITS stop or start sites were identified for sequence SRR12683129.39.1, skipping.
11-04 21:36 root         DEBUG    No ITS stop or start sites were identified for sequence SRR12683129.39.1, skipping.
11-04 21:36 root         DEBUG    No ITS stop or start sites were identified for sequence SRR12683129.7.1, skipping.
11-04 21:36 root         DEBUG    No ITS stop or start sites were identified for sequence SRR12683129.1038.1, skipping.
11-04 21:36 root         DEBUG    No ITS stop or start sites were identified for sequence SRR12683129.397.1, skipping.
11-04 21:36 root         DEBUG    No ITS stop or start sites were identified for sequence SRR12683129.1178.1, skipping.
11-04 21:36 root         DEBUG    No ITS stop or start sites were identified for sequence SRR12683129.87.1, skipping.
11-04 21:36 root         INFO     ITSxpress ran in 00:00:20
