11-04 21:35 root         INFO     Verifying the input sequences.
11-04 21:35 root         INFO     Sequences are assumed to be single-end.
11-04 21:35 root         INFO     Temporary directory is: /tmp/itsxpress__lhitgrx
11-04 21:35 root         INFO     Unique sequences are being written to a temporary FASTA file with Vsearch.
11-04 21:35 root         INFO     vsearch v2.7.1_linux_x86_64, 15.6GB RAM, 4 cores
https://github.com/torognes/vsearch

Reading file SRR12683123_pass_1.fastq.gz 100%
197943 nt in 686 seqs, min 35, max 301, avg 289
Dereplicating 100%
Sorting 100%
429 unique sequences, avg cluster 1.6, median 1, max 100
Writing output file 100%
Writing uc file, first part 100%
Writing uc file, second part 100%

11-04 21:35 root         INFO     Searching for ITS start and stop sites using HMMSearch. This step takes a while.
11-04 21:35 root         INFO     Parsing HMM results.
11-04 21:35 root         INFO     Writing out sequences
11-04 21:35 root         DEBUG    No ITS stop or start sites were identified for sequence SRR12683123.4.1, skipping.
11-04 21:35 root         DEBUG    No ITS stop or start sites were identified for sequence SRR12683123.6.1, skipping.
11-04 21:35 root         DEBUG    No ITS stop or start sites were identified for sequence SRR12683123.11.1, skipping.
11-04 21:35 root         DEBUG    No ITS stop or start sites were identified for sequence SRR12683123.13.1, skipping.
11-04 21:35 root         DEBUG    No ITS stop or start sites were identified for sequence SRR12683123.13.1, skipping.
11-04 21:35 root         DEBUG    No ITS stop or start sites were identified for sequence SRR12683123.26.1, skipping.
11-04 21:35 root         DEBUG    No ITS stop or start sites were identified for sequence SRR12683123.41.1, skipping.
11-04 21:35 root         DEBUG    No ITS stop or start sites were identified for sequence SRR12683123.69.1, skipping.
11-04 21:35 root         DEBUG    No ITS stop or start sites were identified for sequence SRR12683123.81.1, skipping.
11-04 21:35 root         DEBUG    No ITS stop or start sites were identified for sequence SRR12683123.82.1, skipping.
11-04 21:35 root         DEBUG    No ITS stop or start sites were identified for sequence SRR12683123.84.1, skipping.
11-04 21:35 root         DEBUG    No ITS stop or start sites were identified for sequence SRR12683123.86.1, skipping.
11-04 21:35 root         DEBUG    No ITS stop or start sites were identified for sequence SRR12683123.88.1, skipping.
11-04 21:35 root         DEBUG    No ITS stop or start sites were identified for sequence SRR12683123.94.1, skipping.
11-04 21:35 root         DEBUG    No ITS stop or start sites were identified for sequence SRR12683123.98.1, skipping.
11-04 21:35 root         DEBUG    No ITS stop or start sites were identified for sequence SRR12683123.106.1, skipping.
11-04 21:35 root         DEBUG    No ITS stop or start sites were identified for sequence SRR12683123.120.1, skipping.
11-04 21:35 root         DEBUG    No ITS stop or start sites were identified for sequence SRR12683123.122.1, skipping.
11-04 21:35 root         DEBUG    No ITS stop or start sites were identified for sequence SRR12683123.124.1, skipping.
11-04 21:35 root         DEBUG    No ITS stop or start sites were identified for sequence SRR12683123.125.1, skipping.
11-04 21:35 root         DEBUG    No ITS stop or start sites were identified for sequence SRR12683123.136.1, skipping.
11-04 21:35 root         DEBUG    No ITS stop or start sites were identified for sequence SRR12683123.139.1, skipping.
11-04 21:35 root         DEBUG    No ITS stop or start sites were identified for sequence SRR12683123.149.1, skipping.
11-04 21:35 root         DEBUG    No ITS stop or start sites were identified for sequence SRR12683123.150.1, skipping.
11-04 21:35 root         DEBUG    No ITS stop or start sites were identified for sequence SRR12683123.153.1, skipping.
11-04 21:35 root         DEBUG    No ITS stop or start sites were identified for sequence SRR12683123.164.1, skipping.
11-04 21:35 root         DEBUG    No ITS stop or start sites were identified for sequence SRR12683123.169.1, skipping.
11-04 21:35 root         DEBUG    No ITS stop or start sites were identified for sequence SRR12683123.175.1, skipping.
11-04 21:35 root         DEBUG    No ITS stop or start sites were identified for sequence SRR12683123.179.1, skipping.
11-04 21:35 root         DEBUG    No ITS stop or start sites were identified for sequence SRR12683123.187.1, skipping.
11-04 21:35 root         DEBUG    No ITS stop or start sites were identified for sequence SRR12683123.196.1, skipping.
11-04 21:35 root         DEBUG    No ITS stop or start sites were identified for sequence SRR12683123.199.1, skipping.
11-04 21:35 root         DEBUG    No ITS stop or start sites were identified for sequence SRR12683123.202.1, skipping.
11-04 21:35 root         DEBUG    No ITS stop or start sites were identified for sequence SRR12683123.204.1, skipping.
11-04 21:35 root         DEBUG    No ITS stop or start sites were identified for sequence SRR12683123.205.1, skipping.
11-04 21:35 root         DEBUG    No ITS stop or start sites were identified for sequence SRR12683123.212.1, skipping.
11-04 21:35 root         DEBUG    No ITS stop or start sites were identified for sequence SRR12683123.214.1, skipping.
11-04 21:35 root         DEBUG    No ITS stop or start sites were identified for sequence SRR12683123.215.1, skipping.
11-04 21:35 root         DEBUG    No ITS stop or start sites were identified for sequence SRR12683123.218.1, skipping.
11-04 21:35 root         DEBUG    No ITS stop or start sites were identified for sequence SRR12683123.219.1, skipping.
11-04 21:35 root         DEBUG    No ITS stop or start sites were identified for sequence SRR12683123.241.1, skipping.
11-04 21:35 root         DEBUG    No ITS stop or start sites were identified for sequence SRR12683123.242.1, skipping.
11-04 21:35 root         DEBUG    No ITS stop or start sites were identified for sequence SRR12683123.244.1, skipping.
11-04 21:35 root         DEBUG    No ITS stop or start sites were identified for sequence SRR12683123.249.1, skipping.
11-04 21:35 root         DEBUG    No ITS stop or start sites were identified for sequence SRR12683123.255.1, skipping.
11-04 21:35 root         DEBUG    No ITS stop or start sites were identified for sequence SRR12683123.259.1, skipping.
11-04 21:35 root         DEBUG    No ITS stop or start sites were identified for sequence SRR12683123.212.1, skipping.
11-04 21:35 root         DEBUG    No ITS stop or start sites were identified for sequence SRR12683123.212.1, skipping.
11-04 21:35 root         DEBUG    No ITS stop or start sites were identified for sequence SRR12683123.293.1, skipping.
11-04 21:35 root         DEBUG    No ITS stop or start sites were identified for sequence SRR12683123.150.1, skipping.
11-04 21:35 root         DEBUG    No ITS stop or start sites were identified for sequence SRR12683123.325.1, skipping.
11-04 21:35 root         DEBUG    No ITS stop or start sites were identified for sequence SRR12683123.338.1, skipping.
11-04 21:35 root         DEBUG    No ITS stop or start sites were identified for sequence SRR12683123.212.1, skipping.
11-04 21:35 root         DEBUG    No ITS stop or start sites were identified for sequence SRR12683123.350.1, skipping.
11-04 21:35 root         DEBUG    No ITS stop or start sites were identified for sequence SRR12683123.351.1, skipping.
11-04 21:35 root         DEBUG    No ITS stop or start sites were identified for sequence SRR12683123.352.1, skipping.
11-04 21:35 root         DEBUG    No ITS stop or start sites were identified for sequence SRR12683123.359.1, skipping.
11-04 21:35 root         DEBUG    No ITS stop or start sites were identified for sequence SRR12683123.369.1, skipping.
11-04 21:35 root         DEBUG    No ITS stop or start sites were identified for sequence SRR12683123.370.1, skipping.
11-04 21:35 root         DEBUG    No ITS stop or start sites were identified for sequence SRR12683123.419.1, skipping.
11-04 21:35 root         DEBUG    No ITS stop or start sites were identified for sequence SRR12683123.424.1, skipping.
11-04 21:35 root         DEBUG    No ITS stop or start sites were identified for sequence SRR12683123.432.1, skipping.
11-04 21:35 root         DEBUG    No ITS stop or start sites were identified for sequence SRR12683123.139.1, skipping.
11-04 21:35 root         DEBUG    No ITS stop or start sites were identified for sequence SRR12683123.441.1, skipping.
11-04 21:35 root         DEBUG    No ITS stop or start sites were identified for sequence SRR12683123.450.1, skipping.
11-04 21:35 root         DEBUG    No ITS stop or start sites were identified for sequence SRR12683123.150.1, skipping.
11-04 21:35 root         DEBUG    No ITS stop or start sites were identified for sequence SRR12683123.458.1, skipping.
11-04 21:35 root         DEBUG    No ITS stop or start sites were identified for sequence SRR12683123.468.1, skipping.
11-04 21:35 root         DEBUG    No ITS stop or start sites were identified for sequence SRR12683123.469.1, skipping.
11-04 21:35 root         DEBUG    No ITS stop or start sites were identified for sequence SRR12683123.483.1, skipping.
11-04 21:35 root         DEBUG    No ITS stop or start sites were identified for sequence SRR12683123.259.1, skipping.
11-04 21:35 root         DEBUG    No ITS stop or start sites were identified for sequence SRR12683123.490.1, skipping.
11-04 21:35 root         DEBUG    No ITS stop or start sites were identified for sequence SRR12683123.494.1, skipping.
11-04 21:35 root         DEBUG    No ITS stop or start sites were identified for sequence SRR12683123.499.1, skipping.
11-04 21:35 root         DEBUG    No ITS stop or start sites were identified for sequence SRR12683123.500.1, skipping.
11-04 21:35 root         DEBUG    No ITS stop or start sites were identified for sequence SRR12683123.503.1, skipping.
11-04 21:35 root         DEBUG    No ITS stop or start sites were identified for sequence SRR12683123.504.1, skipping.
11-04 21:35 root         DEBUG    No ITS stop or start sites were identified for sequence SRR12683123.504.1, skipping.
11-04 21:35 root         DEBUG    No ITS stop or start sites were identified for sequence SRR12683123.515.1, skipping.
11-04 21:35 root         DEBUG    No ITS stop or start sites were identified for sequence SRR12683123.519.1, skipping.
11-04 21:35 root         DEBUG    No ITS stop or start sites were identified for sequence SRR12683123.529.1, skipping.
11-04 21:35 root         DEBUG    No ITS stop or start sites were identified for sequence SRR12683123.539.1, skipping.
11-04 21:35 root         DEBUG    No ITS stop or start sites were identified for sequence SRR12683123.544.1, skipping.
11-04 21:35 root         DEBUG    No ITS stop or start sites were identified for sequence SRR12683123.551.1, skipping.
11-04 21:35 root         DEBUG    No ITS stop or start sites were identified for sequence SRR12683123.555.1, skipping.
11-04 21:35 root         DEBUG    No ITS stop or start sites were identified for sequence SRR12683123.576.1, skipping.
11-04 21:35 root         DEBUG    No ITS stop or start sites were identified for sequence SRR12683123.577.1, skipping.
11-04 21:35 root         DEBUG    No ITS stop or start sites were identified for sequence SRR12683123.578.1, skipping.
11-04 21:35 root         DEBUG    No ITS stop or start sites were identified for sequence SRR12683123.581.1, skipping.
11-04 21:35 root         DEBUG    No ITS stop or start sites were identified for sequence SRR12683123.589.1, skipping.
11-04 21:35 root         DEBUG    No ITS stop or start sites were identified for sequence SRR12683123.594.1, skipping.
11-04 21:35 root         DEBUG    No ITS stop or start sites were identified for sequence SRR12683123.611.1, skipping.
11-04 21:35 root         DEBUG    No ITS stop or start sites were identified for sequence SRR12683123.628.1, skipping.
11-04 21:35 root         DEBUG    No ITS stop or start sites were identified for sequence SRR12683123.630.1, skipping.
11-04 21:35 root         DEBUG    No ITS stop or start sites were identified for sequence SRR12683123.150.1, skipping.
11-04 21:35 root         DEBUG    No ITS stop or start sites were identified for sequence SRR12683123.150.1, skipping.
11-04 21:35 root         DEBUG    No ITS stop or start sites were identified for sequence SRR12683123.653.1, skipping.
11-04 21:35 root         DEBUG    No ITS stop or start sites were identified for sequence SRR12683123.139.1, skipping.
11-04 21:35 root         DEBUG    No ITS stop or start sites were identified for sequence SRR12683123.676.1, skipping.
11-04 21:35 root         INFO     ITSxpress ran in 00:00:08
