11-04 21:40 root         INFO     Verifying the input sequences.
11-04 21:40 root         INFO     Sequences are assumed to be single-end.
11-04 21:40 root         INFO     Temporary directory is: /tmp/itsxpress__lna9jh6
11-04 21:40 root         INFO     Unique sequences are being written to a temporary FASTA file with Vsearch.
11-04 21:40 root         INFO     vsearch v2.7.1_linux_x86_64, 15.6GB RAM, 4 cores
https://github.com/torognes/vsearch

Reading file SRR12683154_pass_1.fastq.gz 100%
75119 nt in 303 seqs, min 35, max 301, avg 248
Dereplicating 100%
Sorting 100%
177 unique sequences, avg cluster 1.7, median 1, max 23
Writing output file 100%
Writing uc file, first part 100%
Writing uc file, second part 100%

11-04 21:40 root         INFO     Searching for ITS start and stop sites using HMMSearch. This step takes a while.
11-04 21:40 root         INFO     Parsing HMM results.
11-04 21:40 root         INFO     Writing out sequences
11-04 21:40 root         DEBUG    No ITS stop or start sites were identified for sequence SRR12683154.2.1, skipping.
11-04 21:40 root         DEBUG    No ITS stop or start sites were identified for sequence SRR12683154.3.1, skipping.
11-04 21:40 root         DEBUG    No ITS stop or start sites were identified for sequence SRR12683154.4.1, skipping.
11-04 21:40 root         DEBUG    No ITS stop or start sites were identified for sequence SRR12683154.5.1, skipping.
11-04 21:40 root         DEBUG    No ITS stop or start sites were identified for sequence SRR12683154.7.1, skipping.
11-04 21:40 root         DEBUG    No ITS stop or start sites were identified for sequence SRR12683154.8.1, skipping.
11-04 21:40 root         DEBUG    No ITS stop or start sites were identified for sequence SRR12683154.10.1, skipping.
11-04 21:40 root         DEBUG    No ITS stop or start sites were identified for sequence SRR12683154.11.1, skipping.
11-04 21:40 root         DEBUG    No ITS stop or start sites were identified for sequence SRR12683154.12.1, skipping.
11-04 21:40 root         DEBUG    No ITS stop or start sites were identified for sequence SRR12683154.13.1, skipping.
11-04 21:40 root         DEBUG    No ITS stop or start sites were identified for sequence SRR12683154.15.1, skipping.
11-04 21:40 root         DEBUG    No ITS stop or start sites were identified for sequence SRR12683154.8.1, skipping.
11-04 21:40 root         DEBUG    No ITS stop or start sites were identified for sequence SRR12683154.10.1, skipping.
11-04 21:40 root         DEBUG    No ITS stop or start sites were identified for sequence SRR12683154.19.1, skipping.
11-04 21:40 root         DEBUG    No ITS stop or start sites were identified for sequence SRR12683154.10.1, skipping.
11-04 21:40 root         DEBUG    No ITS stop or start sites were identified for sequence SRR12683154.24.1, skipping.
11-04 21:40 root         DEBUG    No ITS stop or start sites were identified for sequence SRR12683154.5.1, skipping.
11-04 21:40 root         DEBUG    No ITS stop or start sites were identified for sequence SRR12683154.26.1, skipping.
11-04 21:40 root         DEBUG    No ITS stop or start sites were identified for sequence SRR12683154.27.1, skipping.
11-04 21:40 root         DEBUG    No ITS stop or start sites were identified for sequence SRR12683154.13.1, skipping.
11-04 21:40 root         DEBUG    No ITS stop or start sites were identified for sequence SRR12683154.29.1, skipping.
11-04 21:40 root         DEBUG    No ITS stop or start sites were identified for sequence SRR12683154.7.1, skipping.
11-04 21:40 root         DEBUG    No ITS stop or start sites were identified for sequence SRR12683154.31.1, skipping.
11-04 21:40 root         DEBUG    No ITS stop or start sites were identified for sequence SRR12683154.34.1, skipping.
11-04 21:40 root         DEBUG    No ITS stop or start sites were identified for sequence SRR12683154.13.1, skipping.
11-04 21:40 root         DEBUG    No ITS stop or start sites were identified for sequence SRR12683154.13.1, skipping.
11-04 21:40 root         DEBUG    No ITS stop or start sites were identified for sequence SRR12683154.39.1, skipping.
11-04 21:40 root         DEBUG    No ITS stop or start sites were identified for sequence SRR12683154.12.1, skipping.
11-04 21:40 root         DEBUG    No ITS stop or start sites were identified for sequence SRR12683154.41.1, skipping.
11-04 21:40 root         DEBUG    No ITS stop or start sites were identified for sequence SRR12683154.5.1, skipping.
11-04 21:40 root         DEBUG    No ITS stop or start sites were identified for sequence SRR12683154.44.1, skipping.
11-04 21:40 root         DEBUG    No ITS stop or start sites were identified for sequence SRR12683154.45.1, skipping.
11-04 21:40 root         DEBUG    No ITS stop or start sites were identified for sequence SRR12683154.47.1, skipping.
11-04 21:40 root         DEBUG    No ITS stop or start sites were identified for sequence SRR12683154.8.1, skipping.
11-04 21:40 root         DEBUG    No ITS stop or start sites were identified for sequence SRR12683154.12.1, skipping.
11-04 21:40 root         DEBUG    No ITS stop or start sites were identified for sequence SRR12683154.10.1, skipping.
11-04 21:40 root         DEBUG    No ITS stop or start sites were identified for sequence SRR12683154.11.1, skipping.
11-04 21:40 root         DEBUG    No ITS stop or start sites were identified for sequence SRR12683154.59.1, skipping.
11-04 21:40 root         DEBUG    No ITS stop or start sites were identified for sequence SRR12683154.60.1, skipping.
11-04 21:40 root         DEBUG    No ITS stop or start sites were identified for sequence SRR12683154.12.1, skipping.
11-04 21:40 root         DEBUG    No ITS stop or start sites were identified for sequence SRR12683154.63.1, skipping.
11-04 21:40 root         DEBUG    No ITS stop or start sites were identified for sequence SRR12683154.64.1, skipping.
11-04 21:40 root         DEBUG    No ITS stop or start sites were identified for sequence SRR12683154.65.1, skipping.
11-04 21:40 root         DEBUG    No ITS stop or start sites were identified for sequence SRR12683154.67.1, skipping.
11-04 21:40 root         DEBUG    No ITS stop or start sites were identified for sequence SRR12683154.68.1, skipping.
11-04 21:40 root         DEBUG    No ITS stop or start sites were identified for sequence SRR12683154.59.1, skipping.
11-04 21:40 root         DEBUG    No ITS stop or start sites were identified for sequence SRR12683154.70.1, skipping.
11-04 21:40 root         DEBUG    No ITS stop or start sites were identified for sequence SRR12683154.72.1, skipping.
11-04 21:40 root         DEBUG    No ITS stop or start sites were identified for sequence SRR12683154.27.1, skipping.
11-04 21:40 root         DEBUG    No ITS stop or start sites were identified for sequence SRR12683154.77.1, skipping.
11-04 21:40 root         DEBUG    No ITS stop or start sites were identified for sequence SRR12683154.12.1, skipping.
11-04 21:40 root         DEBUG    No ITS stop or start sites were identified for sequence SRR12683154.13.1, skipping.
11-04 21:40 root         DEBUG    No ITS stop or start sites were identified for sequence SRR12683154.7.1, skipping.
11-04 21:40 root         DEBUG    No ITS stop or start sites were identified for sequence SRR12683154.88.1, skipping.
11-04 21:40 root         DEBUG    No ITS stop or start sites were identified for sequence SRR12683154.89.1, skipping.
11-04 21:40 root         DEBUG    No ITS stop or start sites were identified for sequence SRR12683154.8.1, skipping.
11-04 21:40 root         DEBUG    No ITS stop or start sites were identified for sequence SRR12683154.92.1, skipping.
11-04 21:40 root         DEBUG    No ITS stop or start sites were identified for sequence SRR12683154.10.1, skipping.
11-04 21:40 root         DEBUG    No ITS stop or start sites were identified for sequence SRR12683154.10.1, skipping.
11-04 21:40 root         DEBUG    No ITS stop or start sites were identified for sequence SRR12683154.11.1, skipping.
11-04 21:40 root         DEBUG    No ITS stop or start sites were identified for sequence SRR12683154.8.1, skipping.
11-04 21:40 root         DEBUG    No ITS stop or start sites were identified for sequence SRR12683154.5.1, skipping.
11-04 21:40 root         DEBUG    No ITS stop or start sites were identified for sequence SRR12683154.100.1, skipping.
11-04 21:40 root         DEBUG    No ITS stop or start sites were identified for sequence SRR12683154.102.1, skipping.
11-04 21:40 root         DEBUG    No ITS stop or start sites were identified for sequence SRR12683154.103.1, skipping.
11-04 21:40 root         DEBUG    No ITS stop or start sites were identified for sequence SRR12683154.106.1, skipping.
11-04 21:40 root         DEBUG    No ITS stop or start sites were identified for sequence SRR12683154.107.1, skipping.
11-04 21:40 root         DEBUG    No ITS stop or start sites were identified for sequence SRR12683154.8.1, skipping.
11-04 21:40 root         DEBUG    No ITS stop or start sites were identified for sequence SRR12683154.7.1, skipping.
11-04 21:40 root         DEBUG    No ITS stop or start sites were identified for sequence SRR12683154.110.1, skipping.
11-04 21:40 root         DEBUG    No ITS stop or start sites were identified for sequence SRR12683154.111.1, skipping.
11-04 21:40 root         DEBUG    No ITS stop or start sites were identified for sequence SRR12683154.112.1, skipping.
11-04 21:40 root         DEBUG    No ITS stop or start sites were identified for sequence SRR12683154.8.1, skipping.
11-04 21:40 root         DEBUG    No ITS stop or start sites were identified for sequence SRR12683154.13.1, skipping.
11-04 21:40 root         DEBUG    No ITS stop or start sites were identified for sequence SRR12683154.116.1, skipping.
11-04 21:40 root         DEBUG    No ITS stop or start sites were identified for sequence SRR12683154.117.1, skipping.
11-04 21:40 root         DEBUG    No ITS stop or start sites were identified for sequence SRR12683154.5.1, skipping.
11-04 21:40 root         DEBUG    No ITS stop or start sites were identified for sequence SRR12683154.12.1, skipping.
11-04 21:40 root         DEBUG    No ITS stop or start sites were identified for sequence SRR12683154.122.1, skipping.
11-04 21:40 root         DEBUG    No ITS stop or start sites were identified for sequence SRR12683154.39.1, skipping.
11-04 21:40 root         DEBUG    No ITS stop or start sites were identified for sequence SRR12683154.13.1, skipping.
11-04 21:40 root         DEBUG    No ITS stop or start sites were identified for sequence SRR12683154.125.1, skipping.
11-04 21:40 root         DEBUG    No ITS stop or start sites were identified for sequence SRR12683154.126.1, skipping.
11-04 21:40 root         DEBUG    No ITS stop or start sites were identified for sequence SRR12683154.127.1, skipping.
11-04 21:40 root         DEBUG    No ITS stop or start sites were identified for sequence SRR12683154.10.1, skipping.
11-04 21:40 root         DEBUG    No ITS stop or start sites were identified for sequence SRR12683154.5.1, skipping.
11-04 21:40 root         DEBUG    No ITS stop or start sites were identified for sequence SRR12683154.130.1, skipping.
11-04 21:40 root         DEBUG    No ITS stop or start sites were identified for sequence SRR12683154.10.1, skipping.
11-04 21:40 root         DEBUG    No ITS stop or start sites were identified for sequence SRR12683154.135.1, skipping.
11-04 21:40 root         DEBUG    No ITS stop or start sites were identified for sequence SRR12683154.135.1, skipping.
11-04 21:40 root         DEBUG    No ITS stop or start sites were identified for sequence SRR12683154.139.1, skipping.
11-04 21:40 root         DEBUG    No ITS stop or start sites were identified for sequence SRR12683154.140.1, skipping.
11-04 21:40 root         DEBUG    No ITS stop or start sites were identified for sequence SRR12683154.141.1, skipping.
11-04 21:40 root         DEBUG    No ITS stop or start sites were identified for sequence SRR12683154.10.1, skipping.
11-04 21:40 root         DEBUG    No ITS stop or start sites were identified for sequence SRR12683154.143.1, skipping.
11-04 21:40 root         DEBUG    No ITS stop or start sites were identified for sequence SRR12683154.39.1, skipping.
11-04 21:40 root         DEBUG    No ITS stop or start sites were identified for sequence SRR12683154.146.1, skipping.
11-04 21:40 root         DEBUG    No ITS stop or start sites were identified for sequence SRR12683154.147.1, skipping.
11-04 21:40 root         DEBUG    No ITS stop or start sites were identified for sequence SRR12683154.12.1, skipping.
11-04 21:40 root         DEBUG    No ITS stop or start sites were identified for sequence SRR12683154.10.1, skipping.
11-04 21:40 root         DEBUG    No ITS stop or start sites were identified for sequence SRR12683154.151.1, skipping.
11-04 21:40 root         DEBUG    No ITS stop or start sites were identified for sequence SRR12683154.152.1, skipping.
11-04 21:40 root         DEBUG    No ITS stop or start sites were identified for sequence SRR12683154.135.1, skipping.
11-04 21:40 root         DEBUG    No ITS stop or start sites were identified for sequence SRR12683154.156.1, skipping.
11-04 21:40 root         DEBUG    No ITS stop or start sites were identified for sequence SRR12683154.157.1, skipping.
11-04 21:40 root         DEBUG    No ITS stop or start sites were identified for sequence SRR12683154.39.1, skipping.
11-04 21:40 root         DEBUG    No ITS stop or start sites were identified for sequence SRR12683154.10.1, skipping.
11-04 21:40 root         DEBUG    No ITS stop or start sites were identified for sequence SRR12683154.12.1, skipping.
11-04 21:40 root         DEBUG    No ITS stop or start sites were identified for sequence SRR12683154.161.1, skipping.
11-04 21:40 root         DEBUG    No ITS stop or start sites were identified for sequence SRR12683154.162.1, skipping.
11-04 21:40 root         DEBUG    No ITS stop or start sites were identified for sequence SRR12683154.7.1, skipping.
11-04 21:40 root         DEBUG    No ITS stop or start sites were identified for sequence SRR12683154.164.1, skipping.
11-04 21:40 root         DEBUG    No ITS stop or start sites were identified for sequence SRR12683154.135.1, skipping.
11-04 21:40 root         DEBUG    No ITS stop or start sites were identified for sequence SRR12683154.168.1, skipping.
11-04 21:40 root         DEBUG    No ITS stop or start sites were identified for sequence SRR12683154.169.1, skipping.
11-04 21:40 root         DEBUG    No ITS stop or start sites were identified for sequence SRR12683154.141.1, skipping.
11-04 21:40 root         DEBUG    No ITS stop or start sites were identified for sequence SRR12683154.173.1, skipping.
11-04 21:40 root         DEBUG    No ITS stop or start sites were identified for sequence SRR12683154.77.1, skipping.
11-04 21:40 root         DEBUG    No ITS stop or start sites were identified for sequence SRR12683154.177.1, skipping.
11-04 21:40 root         DEBUG    No ITS stop or start sites were identified for sequence SRR12683154.178.1, skipping.
11-04 21:40 root         DEBUG    No ITS stop or start sites were identified for sequence SRR12683154.179.1, skipping.
11-04 21:40 root         DEBUG    No ITS stop or start sites were identified for sequence SRR12683154.10.1, skipping.
11-04 21:40 root         DEBUG    No ITS stop or start sites were identified for sequence SRR12683154.181.1, skipping.
11-04 21:40 root         DEBUG    No ITS stop or start sites were identified for sequence SRR12683154.12.1, skipping.
11-04 21:40 root         DEBUG    No ITS stop or start sites were identified for sequence SRR12683154.10.1, skipping.
11-04 21:40 root         DEBUG    No ITS stop or start sites were identified for sequence SRR12683154.8.1, skipping.
11-04 21:40 root         DEBUG    No ITS stop or start sites were identified for sequence SRR12683154.178.1, skipping.
11-04 21:40 root         DEBUG    No ITS stop or start sites were identified for sequence SRR12683154.13.1, skipping.
11-04 21:40 root         DEBUG    No ITS stop or start sites were identified for sequence SRR12683154.10.1, skipping.
11-04 21:40 root         DEBUG    No ITS stop or start sites were identified for sequence SRR12683154.194.1, skipping.
11-04 21:40 root         DEBUG    No ITS stop or start sites were identified for sequence SRR12683154.10.1, skipping.
11-04 21:40 root         DEBUG    No ITS stop or start sites were identified for sequence SRR12683154.5.1, skipping.
11-04 21:40 root         DEBUG    No ITS stop or start sites were identified for sequence SRR12683154.197.1, skipping.
11-04 21:40 root         DEBUG    No ITS stop or start sites were identified for sequence SRR12683154.199.1, skipping.
11-04 21:40 root         DEBUG    No ITS stop or start sites were identified for sequence SRR12683154.12.1, skipping.
11-04 21:40 root         DEBUG    No ITS stop or start sites were identified for sequence SRR12683154.202.1, skipping.
11-04 21:40 root         DEBUG    No ITS stop or start sites were identified for sequence SRR12683154.203.1, skipping.
11-04 21:40 root         DEBUG    No ITS stop or start sites were identified for sequence SRR12683154.10.1, skipping.
11-04 21:40 root         DEBUG    No ITS stop or start sites were identified for sequence SRR12683154.205.1, skipping.
11-04 21:40 root         DEBUG    No ITS stop or start sites were identified for sequence SRR12683154.208.1, skipping.
11-04 21:40 root         DEBUG    No ITS stop or start sites were identified for sequence SRR12683154.209.1, skipping.
11-04 21:40 root         DEBUG    No ITS stop or start sites were identified for sequence SRR12683154.211.1, skipping.
11-04 21:40 root         DEBUG    No ITS stop or start sites were identified for sequence SRR12683154.13.1, skipping.
11-04 21:40 root         DEBUG    No ITS stop or start sites were identified for sequence SRR12683154.213.1, skipping.
11-04 21:40 root         DEBUG    No ITS stop or start sites were identified for sequence SRR12683154.214.1, skipping.
11-04 21:40 root         DEBUG    No ITS stop or start sites were identified for sequence SRR12683154.13.1, skipping.
11-04 21:40 root         DEBUG    No ITS stop or start sites were identified for sequence SRR12683154.5.1, skipping.
11-04 21:40 root         DEBUG    No ITS stop or start sites were identified for sequence SRR12683154.219.1, skipping.
11-04 21:40 root         DEBUG    No ITS stop or start sites were identified for sequence SRR12683154.220.1, skipping.
11-04 21:40 root         DEBUG    No ITS stop or start sites were identified for sequence SRR12683154.222.1, skipping.
11-04 21:40 root         DEBUG    No ITS stop or start sites were identified for sequence SRR12683154.223.1, skipping.
11-04 21:40 root         DEBUG    No ITS stop or start sites were identified for sequence SRR12683154.224.1, skipping.
11-04 21:40 root         DEBUG    No ITS stop or start sites were identified for sequence SRR12683154.225.1, skipping.
11-04 21:40 root         DEBUG    No ITS stop or start sites were identified for sequence SRR12683154.226.1, skipping.
11-04 21:40 root         DEBUG    No ITS stop or start sites were identified for sequence SRR12683154.228.1, skipping.
11-04 21:40 root         DEBUG    No ITS stop or start sites were identified for sequence SRR12683154.10.1, skipping.
11-04 21:40 root         DEBUG    No ITS stop or start sites were identified for sequence SRR12683154.232.1, skipping.
11-04 21:40 root         DEBUG    No ITS stop or start sites were identified for sequence SRR12683154.233.1, skipping.
11-04 21:40 root         DEBUG    No ITS stop or start sites were identified for sequence SRR12683154.235.1, skipping.
11-04 21:40 root         DEBUG    No ITS stop or start sites were identified for sequence SRR12683154.236.1, skipping.
11-04 21:40 root         DEBUG    No ITS stop or start sites were identified for sequence SRR12683154.237.1, skipping.
11-04 21:40 root         DEBUG    No ITS stop or start sites were identified for sequence SRR12683154.13.1, skipping.
11-04 21:40 root         DEBUG    No ITS stop or start sites were identified for sequence SRR12683154.239.1, skipping.
11-04 21:40 root         DEBUG    No ITS stop or start sites were identified for sequence SRR12683154.10.1, skipping.
11-04 21:40 root         DEBUG    No ITS stop or start sites were identified for sequence SRR12683154.243.1, skipping.
11-04 21:40 root         DEBUG    No ITS stop or start sites were identified for sequence SRR12683154.246.1, skipping.
11-04 21:40 root         DEBUG    No ITS stop or start sites were identified for sequence SRR12683154.247.1, skipping.
11-04 21:40 root         DEBUG    No ITS stop or start sites were identified for sequence SRR12683154.24.1, skipping.
11-04 21:40 root         DEBUG    No ITS stop or start sites were identified for sequence SRR12683154.7.1, skipping.
11-04 21:40 root         DEBUG    No ITS stop or start sites were identified for sequence SRR12683154.10.1, skipping.
11-04 21:40 root         DEBUG    No ITS stop or start sites were identified for sequence SRR12683154.254.1, skipping.
11-04 21:40 root         DEBUG    No ITS stop or start sites were identified for sequence SRR12683154.256.1, skipping.
11-04 21:40 root         DEBUG    No ITS stop or start sites were identified for sequence SRR12683154.257.1, skipping.
11-04 21:40 root         DEBUG    No ITS stop or start sites were identified for sequence SRR12683154.258.1, skipping.
11-04 21:40 root         DEBUG    No ITS stop or start sites were identified for sequence SRR12683154.10.1, skipping.
11-04 21:40 root         DEBUG    No ITS stop or start sites were identified for sequence SRR12683154.261.1, skipping.
11-04 21:40 root         DEBUG    No ITS stop or start sites were identified for sequence SRR12683154.262.1, skipping.
11-04 21:40 root         DEBUG    No ITS stop or start sites were identified for sequence SRR12683154.264.1, skipping.
11-04 21:40 root         DEBUG    No ITS stop or start sites were identified for sequence SRR12683154.265.1, skipping.
11-04 21:40 root         DEBUG    No ITS stop or start sites were identified for sequence SRR12683154.7.1, skipping.
11-04 21:40 root         DEBUG    No ITS stop or start sites were identified for sequence SRR12683154.268.1, skipping.
11-04 21:40 root         DEBUG    No ITS stop or start sites were identified for sequence SRR12683154.269.1, skipping.
11-04 21:40 root         DEBUG    No ITS stop or start sites were identified for sequence SRR12683154.8.1, skipping.
11-04 21:40 root         DEBUG    No ITS stop or start sites were identified for sequence SRR12683154.7.1, skipping.
11-04 21:40 root         DEBUG    No ITS stop or start sites were identified for sequence SRR12683154.7.1, skipping.
11-04 21:40 root         DEBUG    No ITS stop or start sites were identified for sequence SRR12683154.39.1, skipping.
11-04 21:40 root         DEBUG    No ITS stop or start sites were identified for sequence SRR12683154.274.1, skipping.
11-04 21:40 root         DEBUG    No ITS stop or start sites were identified for sequence SRR12683154.7.1, skipping.
11-04 21:40 root         DEBUG    No ITS stop or start sites were identified for sequence SRR12683154.12.1, skipping.
11-04 21:40 root         DEBUG    No ITS stop or start sites were identified for sequence SRR12683154.12.1, skipping.
11-04 21:40 root         DEBUG    No ITS stop or start sites were identified for sequence SRR12683154.278.1, skipping.
11-04 21:40 root         DEBUG    No ITS stop or start sites were identified for sequence SRR12683154.279.1, skipping.
11-04 21:40 root         DEBUG    No ITS stop or start sites were identified for sequence SRR12683154.280.1, skipping.
11-04 21:40 root         DEBUG    No ITS stop or start sites were identified for sequence SRR12683154.13.1, skipping.
11-04 21:40 root         DEBUG    No ITS stop or start sites were identified for sequence SRR12683154.12.1, skipping.
11-04 21:40 root         DEBUG    No ITS stop or start sites were identified for sequence SRR12683154.283.1, skipping.
11-04 21:40 root         DEBUG    No ITS stop or start sites were identified for sequence SRR12683154.284.1, skipping.
11-04 21:40 root         DEBUG    No ITS stop or start sites were identified for sequence SRR12683154.39.1, skipping.
11-04 21:40 root         DEBUG    No ITS stop or start sites were identified for sequence SRR12683154.286.1, skipping.
11-04 21:40 root         DEBUG    No ITS stop or start sites were identified for sequence SRR12683154.287.1, skipping.
11-04 21:40 root         DEBUG    No ITS stop or start sites were identified for sequence SRR12683154.12.1, skipping.
11-04 21:40 root         DEBUG    No ITS stop or start sites were identified for sequence SRR12683154.13.1, skipping.
11-04 21:40 root         DEBUG    No ITS stop or start sites were identified for sequence SRR12683154.265.1, skipping.
11-04 21:40 root         DEBUG    No ITS stop or start sites were identified for sequence SRR12683154.293.1, skipping.
11-04 21:40 root         DEBUG    No ITS stop or start sites were identified for sequence SRR12683154.293.1, skipping.
11-04 21:40 root         DEBUG    No ITS stop or start sites were identified for sequence SRR12683154.295.1, skipping.
11-04 21:40 root         DEBUG    No ITS stop or start sites were identified for sequence SRR12683154.12.1, skipping.
11-04 21:40 root         DEBUG    No ITS stop or start sites were identified for sequence SRR12683154.10.1, skipping.
11-04 21:40 root         DEBUG    No ITS stop or start sites were identified for sequence SRR12683154.10.1, skipping.
11-04 21:40 root         DEBUG    No ITS stop or start sites were identified for sequence SRR12683154.77.1, skipping.
11-04 21:40 root         DEBUG    No ITS stop or start sites were identified for sequence SRR12683154.13.1, skipping.
11-04 21:40 root         DEBUG    No ITS stop or start sites were identified for sequence SRR12683154.10.1, skipping.
11-04 21:40 root         INFO     ITSxpress ran in 00:00:01
