11-04 21:53 root         INFO     Verifying the input sequences.
11-04 21:53 root         INFO     Sequences are assumed to be single-end.
11-04 21:53 root         INFO     Temporary directory is: /tmp/itsxpress_4bi6v5np
11-04 21:53 root         INFO     Unique sequences are being written to a temporary FASTA file with Vsearch.
11-04 21:53 root         INFO     vsearch v2.7.1_linux_x86_64, 15.6GB RAM, 4 cores
https://github.com/torognes/vsearch

Reading file SRR12683185_pass_1.fastq.gz 100%
194837 nt in 736 seqs, min 35, max 301, avg 265
Dereplicating 100%
Sorting 100%
462 unique sequences, avg cluster 1.6, median 1, max 129
Writing output file 100%
Writing uc file, first part 100%
Writing uc file, second part 100%

11-04 21:53 root         INFO     Searching for ITS start and stop sites using HMMSearch. This step takes a while.
11-04 21:54 root         INFO     Parsing HMM results.
11-04 21:54 root         INFO     Writing out sequences
11-04 21:54 root         DEBUG    No ITS stop or start sites were identified for sequence SRR12683185.1.1, skipping.
11-04 21:54 root         DEBUG    No ITS stop or start sites were identified for sequence SRR12683185.2.1, skipping.
11-04 21:54 root         DEBUG    No ITS stop or start sites were identified for sequence SRR12683185.4.1, skipping.
11-04 21:54 root         DEBUG    No ITS stop or start sites were identified for sequence SRR12683185.5.1, skipping.
11-04 21:54 root         DEBUG    No ITS stop or start sites were identified for sequence SRR12683185.6.1, skipping.
11-04 21:54 root         DEBUG    No ITS stop or start sites were identified for sequence SRR12683185.7.1, skipping.
11-04 21:54 root         DEBUG    No ITS stop or start sites were identified for sequence SRR12683185.8.1, skipping.
11-04 21:54 root         DEBUG    No ITS stop or start sites were identified for sequence SRR12683185.5.1, skipping.
11-04 21:54 root         DEBUG    No ITS stop or start sites were identified for sequence SRR12683185.12.1, skipping.
11-04 21:54 root         DEBUG    No ITS stop or start sites were identified for sequence SRR12683185.13.1, skipping.
11-04 21:54 root         DEBUG    No ITS stop or start sites were identified for sequence SRR12683185.6.1, skipping.
11-04 21:54 root         DEBUG    No ITS stop or start sites were identified for sequence SRR12683185.16.1, skipping.
11-04 21:54 root         DEBUG    No ITS stop or start sites were identified for sequence SRR12683185.17.1, skipping.
11-04 21:54 root         DEBUG    No ITS stop or start sites were identified for sequence SRR12683185.18.1, skipping.
11-04 21:54 root         DEBUG    No ITS stop or start sites were identified for sequence SRR12683185.20.1, skipping.
11-04 21:54 root         DEBUG    No ITS stop or start sites were identified for sequence SRR12683185.21.1, skipping.
11-04 21:54 root         DEBUG    No ITS stop or start sites were identified for sequence SRR12683185.5.1, skipping.
11-04 21:54 root         DEBUG    No ITS stop or start sites were identified for sequence SRR12683185.23.1, skipping.
11-04 21:54 root         DEBUG    No ITS stop or start sites were identified for sequence SRR12683185.5.1, skipping.
11-04 21:54 root         DEBUG    No ITS stop or start sites were identified for sequence SRR12683185.5.1, skipping.
11-04 21:54 root         DEBUG    No ITS stop or start sites were identified for sequence SRR12683185.27.1, skipping.
11-04 21:54 root         DEBUG    No ITS stop or start sites were identified for sequence SRR12683185.5.1, skipping.
11-04 21:54 root         DEBUG    No ITS stop or start sites were identified for sequence SRR12683185.29.1, skipping.
11-04 21:54 root         DEBUG    No ITS stop or start sites were identified for sequence SRR12683185.30.1, skipping.
11-04 21:54 root         DEBUG    No ITS stop or start sites were identified for sequence SRR12683185.31.1, skipping.
11-04 21:54 root         DEBUG    No ITS stop or start sites were identified for sequence SRR12683185.5.1, skipping.
11-04 21:54 root         DEBUG    No ITS stop or start sites were identified for sequence SRR12683185.33.1, skipping.
11-04 21:54 root         DEBUG    No ITS stop or start sites were identified for sequence SRR12683185.34.1, skipping.
11-04 21:54 root         DEBUG    No ITS stop or start sites were identified for sequence SRR12683185.38.1, skipping.
11-04 21:54 root         DEBUG    No ITS stop or start sites were identified for sequence SRR12683185.39.1, skipping.
11-04 21:54 root         DEBUG    No ITS stop or start sites were identified for sequence SRR12683185.41.1, skipping.
11-04 21:54 root         DEBUG    No ITS stop or start sites were identified for sequence SRR12683185.43.1, skipping.
11-04 21:54 root         DEBUG    No ITS stop or start sites were identified for sequence SRR12683185.5.1, skipping.
11-04 21:54 root         DEBUG    No ITS stop or start sites were identified for sequence SRR12683185.50.1, skipping.
11-04 21:54 root         DEBUG    No ITS stop or start sites were identified for sequence SRR12683185.52.1, skipping.
11-04 21:54 root         DEBUG    No ITS stop or start sites were identified for sequence SRR12683185.5.1, skipping.
11-04 21:54 root         DEBUG    No ITS stop or start sites were identified for sequence SRR12683185.59.1, skipping.
11-04 21:54 root         DEBUG    No ITS stop or start sites were identified for sequence SRR12683185.27.1, skipping.
11-04 21:54 root         DEBUG    No ITS stop or start sites were identified for sequence SRR12683185.61.1, skipping.
11-04 21:54 root         DEBUG    No ITS stop or start sites were identified for sequence SRR12683185.43.1, skipping.
11-04 21:54 root         DEBUG    No ITS stop or start sites were identified for sequence SRR12683185.5.1, skipping.
11-04 21:54 root         DEBUG    No ITS stop or start sites were identified for sequence SRR12683185.5.1, skipping.
11-04 21:54 root         DEBUG    No ITS stop or start sites were identified for sequence SRR12683185.5.1, skipping.
11-04 21:54 root         DEBUG    No ITS stop or start sites were identified for sequence SRR12683185.67.1, skipping.
11-04 21:54 root         DEBUG    No ITS stop or start sites were identified for sequence SRR12683185.68.1, skipping.
11-04 21:54 root         DEBUG    No ITS stop or start sites were identified for sequence SRR12683185.69.1, skipping.
11-04 21:54 root         DEBUG    No ITS stop or start sites were identified for sequence SRR12683185.5.1, skipping.
11-04 21:54 root         DEBUG    No ITS stop or start sites were identified for sequence SRR12683185.5.1, skipping.
11-04 21:54 root         DEBUG    No ITS stop or start sites were identified for sequence SRR12683185.72.1, skipping.
11-04 21:54 root         DEBUG    No ITS stop or start sites were identified for sequence SRR12683185.39.1, skipping.
11-04 21:54 root         DEBUG    No ITS stop or start sites were identified for sequence SRR12683185.5.1, skipping.
11-04 21:54 root         DEBUG    No ITS stop or start sites were identified for sequence SRR12683185.5.1, skipping.
11-04 21:54 root         DEBUG    No ITS stop or start sites were identified for sequence SRR12683185.77.1, skipping.
11-04 21:54 root         DEBUG    No ITS stop or start sites were identified for sequence SRR12683185.78.1, skipping.
11-04 21:54 root         DEBUG    No ITS stop or start sites were identified for sequence SRR12683185.79.1, skipping.
11-04 21:54 root         DEBUG    No ITS stop or start sites were identified for sequence SRR12683185.5.1, skipping.
11-04 21:54 root         DEBUG    No ITS stop or start sites were identified for sequence SRR12683185.5.1, skipping.
11-04 21:54 root         DEBUG    No ITS stop or start sites were identified for sequence SRR12683185.87.1, skipping.
11-04 21:54 root         DEBUG    No ITS stop or start sites were identified for sequence SRR12683185.5.1, skipping.
11-04 21:54 root         DEBUG    No ITS stop or start sites were identified for sequence SRR12683185.91.1, skipping.
11-04 21:54 root         DEBUG    No ITS stop or start sites were identified for sequence SRR12683185.92.1, skipping.
11-04 21:54 root         DEBUG    No ITS stop or start sites were identified for sequence SRR12683185.5.1, skipping.
11-04 21:54 root         DEBUG    No ITS stop or start sites were identified for sequence SRR12683185.96.1, skipping.
11-04 21:54 root         DEBUG    No ITS stop or start sites were identified for sequence SRR12683185.5.1, skipping.
11-04 21:54 root         DEBUG    No ITS stop or start sites were identified for sequence SRR12683185.5.1, skipping.
11-04 21:54 root         DEBUG    No ITS stop or start sites were identified for sequence SRR12683185.100.1, skipping.
11-04 21:54 root         DEBUG    No ITS stop or start sites were identified for sequence SRR12683185.5.1, skipping.
11-04 21:54 root         DEBUG    No ITS stop or start sites were identified for sequence SRR12683185.103.1, skipping.
11-04 21:54 root         DEBUG    No ITS stop or start sites were identified for sequence SRR12683185.41.1, skipping.
11-04 21:54 root         DEBUG    No ITS stop or start sites were identified for sequence SRR12683185.106.1, skipping.
11-04 21:54 root         DEBUG    No ITS stop or start sites were identified for sequence SRR12683185.108.1, skipping.
11-04 21:54 root         DEBUG    No ITS stop or start sites were identified for sequence SRR12683185.109.1, skipping.
11-04 21:54 root         DEBUG    No ITS stop or start sites were identified for sequence SRR12683185.5.1, skipping.
11-04 21:54 root         DEBUG    No ITS stop or start sites were identified for sequence SRR12683185.111.1, skipping.
11-04 21:54 root         DEBUG    No ITS stop or start sites were identified for sequence SRR12683185.27.1, skipping.
11-04 21:54 root         DEBUG    No ITS stop or start sites were identified for sequence SRR12683185.113.1, skipping.
11-04 21:54 root         DEBUG    No ITS stop or start sites were identified for sequence SRR12683185.115.1, skipping.
11-04 21:54 root         DEBUG    No ITS stop or start sites were identified for sequence SRR12683185.116.1, skipping.
11-04 21:54 root         DEBUG    No ITS stop or start sites were identified for sequence SRR12683185.119.1, skipping.
11-04 21:54 root         DEBUG    No ITS stop or start sites were identified for sequence SRR12683185.27.1, skipping.
11-04 21:54 root         DEBUG    No ITS stop or start sites were identified for sequence SRR12683185.123.1, skipping.
11-04 21:54 root         DEBUG    No ITS stop or start sites were identified for sequence SRR12683185.128.1, skipping.
11-04 21:54 root         DEBUG    No ITS stop or start sites were identified for sequence SRR12683185.130.1, skipping.
11-04 21:54 root         DEBUG    No ITS stop or start sites were identified for sequence SRR12683185.132.1, skipping.
11-04 21:54 root         DEBUG    No ITS stop or start sites were identified for sequence SRR12683185.59.1, skipping.
11-04 21:54 root         DEBUG    No ITS stop or start sites were identified for sequence SRR12683185.5.1, skipping.
11-04 21:54 root         DEBUG    No ITS stop or start sites were identified for sequence SRR12683185.31.1, skipping.
11-04 21:54 root         DEBUG    No ITS stop or start sites were identified for sequence SRR12683185.139.1, skipping.
11-04 21:54 root         DEBUG    No ITS stop or start sites were identified for sequence SRR12683185.140.1, skipping.
11-04 21:54 root         DEBUG    No ITS stop or start sites were identified for sequence SRR12683185.141.1, skipping.
11-04 21:54 root         DEBUG    No ITS stop or start sites were identified for sequence SRR12683185.5.1, skipping.
11-04 21:54 root         DEBUG    No ITS stop or start sites were identified for sequence SRR12683185.143.1, skipping.
11-04 21:54 root         DEBUG    No ITS stop or start sites were identified for sequence SRR12683185.144.1, skipping.
11-04 21:54 root         DEBUG    No ITS stop or start sites were identified for sequence SRR12683185.5.1, skipping.
11-04 21:54 root         DEBUG    No ITS stop or start sites were identified for sequence SRR12683185.146.1, skipping.
11-04 21:54 root         DEBUG    No ITS stop or start sites were identified for sequence SRR12683185.5.1, skipping.
11-04 21:54 root         DEBUG    No ITS stop or start sites were identified for sequence SRR12683185.148.1, skipping.
11-04 21:54 root         DEBUG    No ITS stop or start sites were identified for sequence SRR12683185.149.1, skipping.
11-04 21:54 root         DEBUG    No ITS stop or start sites were identified for sequence SRR12683185.5.1, skipping.
11-04 21:54 root         DEBUG    No ITS stop or start sites were identified for sequence SRR12683185.5.1, skipping.
11-04 21:54 root         DEBUG    No ITS stop or start sites were identified for sequence SRR12683185.5.1, skipping.
11-04 21:54 root         DEBUG    No ITS stop or start sites were identified for sequence SRR12683185.5.1, skipping.
11-04 21:54 root         DEBUG    No ITS stop or start sites were identified for sequence SRR12683185.160.1, skipping.
11-04 21:54 root         DEBUG    No ITS stop or start sites were identified for sequence SRR12683185.161.1, skipping.
11-04 21:54 root         DEBUG    No ITS stop or start sites were identified for sequence SRR12683185.59.1, skipping.
11-04 21:54 root         DEBUG    No ITS stop or start sites were identified for sequence SRR12683185.163.1, skipping.
11-04 21:54 root         DEBUG    No ITS stop or start sites were identified for sequence SRR12683185.27.1, skipping.
11-04 21:54 root         DEBUG    No ITS stop or start sites were identified for sequence SRR12683185.43.1, skipping.
11-04 21:54 root         DEBUG    No ITS stop or start sites were identified for sequence SRR12683185.166.1, skipping.
11-04 21:54 root         DEBUG    No ITS stop or start sites were identified for sequence SRR12683185.59.1, skipping.
11-04 21:54 root         DEBUG    No ITS stop or start sites were identified for sequence SRR12683185.168.1, skipping.
11-04 21:54 root         DEBUG    No ITS stop or start sites were identified for sequence SRR12683185.169.1, skipping.
11-04 21:54 root         DEBUG    No ITS stop or start sites were identified for sequence SRR12683185.5.1, skipping.
11-04 21:54 root         DEBUG    No ITS stop or start sites were identified for sequence SRR12683185.172.1, skipping.
11-04 21:54 root         DEBUG    No ITS stop or start sites were identified for sequence SRR12683185.173.1, skipping.
11-04 21:54 root         DEBUG    No ITS stop or start sites were identified for sequence SRR12683185.174.1, skipping.
11-04 21:54 root         DEBUG    No ITS stop or start sites were identified for sequence SRR12683185.175.1, skipping.
11-04 21:54 root         DEBUG    No ITS stop or start sites were identified for sequence SRR12683185.176.1, skipping.
11-04 21:54 root         DEBUG    No ITS stop or start sites were identified for sequence SRR12683185.177.1, skipping.
11-04 21:54 root         DEBUG    No ITS stop or start sites were identified for sequence SRR12683185.179.1, skipping.
11-04 21:54 root         DEBUG    No ITS stop or start sites were identified for sequence SRR12683185.180.1, skipping.
11-04 21:54 root         DEBUG    No ITS stop or start sites were identified for sequence SRR12683185.181.1, skipping.
11-04 21:54 root         DEBUG    No ITS stop or start sites were identified for sequence SRR12683185.27.1, skipping.
11-04 21:54 root         DEBUG    No ITS stop or start sites were identified for sequence SRR12683185.50.1, skipping.
11-04 21:54 root         DEBUG    No ITS stop or start sites were identified for sequence SRR12683185.185.1, skipping.
11-04 21:54 root         DEBUG    No ITS stop or start sites were identified for sequence SRR12683185.5.1, skipping.
11-04 21:54 root         DEBUG    No ITS stop or start sites were identified for sequence SRR12683185.5.1, skipping.
11-04 21:54 root         DEBUG    No ITS stop or start sites were identified for sequence SRR12683185.27.1, skipping.
11-04 21:54 root         DEBUG    No ITS stop or start sites were identified for sequence SRR12683185.190.1, skipping.
11-04 21:54 root         DEBUG    No ITS stop or start sites were identified for sequence SRR12683185.39.1, skipping.
11-04 21:54 root         DEBUG    No ITS stop or start sites were identified for sequence SRR12683185.144.1, skipping.
11-04 21:54 root         DEBUG    No ITS stop or start sites were identified for sequence SRR12683185.195.1, skipping.
11-04 21:54 root         DEBUG    No ITS stop or start sites were identified for sequence SRR12683185.5.1, skipping.
11-04 21:54 root         DEBUG    No ITS stop or start sites were identified for sequence SRR12683185.198.1, skipping.
11-04 21:54 root         DEBUG    No ITS stop or start sites were identified for sequence SRR12683185.5.1, skipping.
11-04 21:54 root         DEBUG    No ITS stop or start sites were identified for sequence SRR12683185.27.1, skipping.
11-04 21:54 root         DEBUG    No ITS stop or start sites were identified for sequence SRR12683185.205.1, skipping.
11-04 21:54 root         DEBUG    No ITS stop or start sites were identified for sequence SRR12683185.206.1, skipping.
11-04 21:54 root         DEBUG    No ITS stop or start sites were identified for sequence SRR12683185.5.1, skipping.
11-04 21:54 root         DEBUG    No ITS stop or start sites were identified for sequence SRR12683185.208.1, skipping.
11-04 21:54 root         DEBUG    No ITS stop or start sites were identified for sequence SRR12683185.210.1, skipping.
11-04 21:54 root         DEBUG    No ITS stop or start sites were identified for sequence SRR12683185.211.1, skipping.
11-04 21:54 root         DEBUG    No ITS stop or start sites were identified for sequence SRR12683185.212.1, skipping.
11-04 21:54 root         DEBUG    No ITS stop or start sites were identified for sequence SRR12683185.214.1, skipping.
11-04 21:54 root         DEBUG    No ITS stop or start sites were identified for sequence SRR12683185.217.1, skipping.
11-04 21:54 root         DEBUG    No ITS stop or start sites were identified for sequence SRR12683185.218.1, skipping.
11-04 21:54 root         DEBUG    No ITS stop or start sites were identified for sequence SRR12683185.5.1, skipping.
11-04 21:54 root         DEBUG    No ITS stop or start sites were identified for sequence SRR12683185.43.1, skipping.
11-04 21:54 root         DEBUG    No ITS stop or start sites were identified for sequence SRR12683185.113.1, skipping.
11-04 21:54 root         DEBUG    No ITS stop or start sites were identified for sequence SRR12683185.5.1, skipping.
11-04 21:54 root         DEBUG    No ITS stop or start sites were identified for sequence SRR12683185.224.1, skipping.
11-04 21:54 root         DEBUG    No ITS stop or start sites were identified for sequence SRR12683185.225.1, skipping.
11-04 21:54 root         DEBUG    No ITS stop or start sites were identified for sequence SRR12683185.43.1, skipping.
11-04 21:54 root         DEBUG    No ITS stop or start sites were identified for sequence SRR12683185.5.1, skipping.
11-04 21:54 root         DEBUG    No ITS stop or start sites were identified for sequence SRR12683185.230.1, skipping.
11-04 21:54 root         DEBUG    No ITS stop or start sites were identified for sequence SRR12683185.5.1, skipping.
11-04 21:54 root         DEBUG    No ITS stop or start sites were identified for sequence SRR12683185.235.1, skipping.
11-04 21:54 root         DEBUG    No ITS stop or start sites were identified for sequence SRR12683185.236.1, skipping.
11-04 21:54 root         DEBUG    No ITS stop or start sites were identified for sequence SRR12683185.237.1, skipping.
11-04 21:54 root         DEBUG    No ITS stop or start sites were identified for sequence SRR12683185.31.1, skipping.
11-04 21:54 root         DEBUG    No ITS stop or start sites were identified for sequence SRR12683185.239.1, skipping.
11-04 21:54 root         DEBUG    No ITS stop or start sites were identified for sequence SRR12683185.247.1, skipping.
11-04 21:54 root         DEBUG    No ITS stop or start sites were identified for sequence SRR12683185.250.1, skipping.
11-04 21:54 root         DEBUG    No ITS stop or start sites were identified for sequence SRR12683185.251.1, skipping.
11-04 21:54 root         DEBUG    No ITS stop or start sites were identified for sequence SRR12683185.5.1, skipping.
11-04 21:54 root         DEBUG    No ITS stop or start sites were identified for sequence SRR12683185.254.1, skipping.
11-04 21:54 root         DEBUG    No ITS stop or start sites were identified for sequence SRR12683185.256.1, skipping.
11-04 21:54 root         DEBUG    No ITS stop or start sites were identified for sequence SRR12683185.259.1, skipping.
11-04 21:54 root         DEBUG    No ITS stop or start sites were identified for sequence SRR12683185.260.1, skipping.
11-04 21:54 root         DEBUG    No ITS stop or start sites were identified for sequence SRR12683185.31.1, skipping.
11-04 21:54 root         DEBUG    No ITS stop or start sites were identified for sequence SRR12683185.262.1, skipping.
11-04 21:54 root         DEBUG    No ITS stop or start sites were identified for sequence SRR12683185.59.1, skipping.
11-04 21:54 root         DEBUG    No ITS stop or start sites were identified for sequence SRR12683185.5.1, skipping.
11-04 21:54 root         DEBUG    No ITS stop or start sites were identified for sequence SRR12683185.267.1, skipping.
11-04 21:54 root         DEBUG    No ITS stop or start sites were identified for sequence SRR12683185.268.1, skipping.
11-04 21:54 root         DEBUG    No ITS stop or start sites were identified for sequence SRR12683185.269.1, skipping.
11-04 21:54 root         DEBUG    No ITS stop or start sites were identified for sequence SRR12683185.273.1, skipping.
11-04 21:54 root         DEBUG    No ITS stop or start sites were identified for sequence SRR12683185.5.1, skipping.
11-04 21:54 root         DEBUG    No ITS stop or start sites were identified for sequence SRR12683185.275.1, skipping.
11-04 21:54 root         DEBUG    No ITS stop or start sites were identified for sequence SRR12683185.5.1, skipping.
11-04 21:54 root         DEBUG    No ITS stop or start sites were identified for sequence SRR12683185.280.1, skipping.
11-04 21:54 root         DEBUG    No ITS stop or start sites were identified for sequence SRR12683185.5.1, skipping.
11-04 21:54 root         DEBUG    No ITS stop or start sites were identified for sequence SRR12683185.5.1, skipping.
11-04 21:54 root         DEBUG    No ITS stop or start sites were identified for sequence SRR12683185.267.1, skipping.
11-04 21:54 root         DEBUG    No ITS stop or start sites were identified for sequence SRR12683185.59.1, skipping.
11-04 21:54 root         DEBUG    No ITS stop or start sites were identified for sequence SRR12683185.287.1, skipping.
11-04 21:54 root         DEBUG    No ITS stop or start sites were identified for sequence SRR12683185.288.1, skipping.
11-04 21:54 root         DEBUG    No ITS stop or start sites were identified for sequence SRR12683185.27.1, skipping.
11-04 21:54 root         DEBUG    No ITS stop or start sites were identified for sequence SRR12683185.5.1, skipping.
11-04 21:54 root         DEBUG    No ITS stop or start sites were identified for sequence SRR12683185.291.1, skipping.
11-04 21:54 root         DEBUG    No ITS stop or start sites were identified for sequence SRR12683185.5.1, skipping.
11-04 21:54 root         DEBUG    No ITS stop or start sites were identified for sequence SRR12683185.293.1, skipping.
11-04 21:54 root         DEBUG    No ITS stop or start sites were identified for sequence SRR12683185.160.1, skipping.
11-04 21:54 root         DEBUG    No ITS stop or start sites were identified for sequence SRR12683185.31.1, skipping.
11-04 21:54 root         DEBUG    No ITS stop or start sites were identified for sequence SRR12683185.5.1, skipping.
11-04 21:54 root         DEBUG    No ITS stop or start sites were identified for sequence SRR12683185.5.1, skipping.
11-04 21:54 root         DEBUG    No ITS stop or start sites were identified for sequence SRR12683185.299.1, skipping.
11-04 21:54 root         DEBUG    No ITS stop or start sites were identified for sequence SRR12683185.5.1, skipping.
11-04 21:54 root         DEBUG    No ITS stop or start sites were identified for sequence SRR12683185.301.1, skipping.
11-04 21:54 root         DEBUG    No ITS stop or start sites were identified for sequence SRR12683185.31.1, skipping.
11-04 21:54 root         DEBUG    No ITS stop or start sites were identified for sequence SRR12683185.305.1, skipping.
11-04 21:54 root         DEBUG    No ITS stop or start sites were identified for sequence SRR12683185.306.1, skipping.
11-04 21:54 root         DEBUG    No ITS stop or start sites were identified for sequence SRR12683185.307.1, skipping.
11-04 21:54 root         DEBUG    No ITS stop or start sites were identified for sequence SRR12683185.5.1, skipping.
11-04 21:54 root         DEBUG    No ITS stop or start sites were identified for sequence SRR12683185.5.1, skipping.
11-04 21:54 root         DEBUG    No ITS stop or start sites were identified for sequence SRR12683185.5.1, skipping.
11-04 21:54 root         DEBUG    No ITS stop or start sites were identified for sequence SRR12683185.5.1, skipping.
11-04 21:54 root         DEBUG    No ITS stop or start sites were identified for sequence SRR12683185.5.1, skipping.
11-04 21:54 root         DEBUG    No ITS stop or start sites were identified for sequence SRR12683185.5.1, skipping.
11-04 21:54 root         DEBUG    No ITS stop or start sites were identified for sequence SRR12683185.5.1, skipping.
11-04 21:54 root         DEBUG    No ITS stop or start sites were identified for sequence SRR12683185.43.1, skipping.
11-04 21:54 root         DEBUG    No ITS stop or start sites were identified for sequence SRR12683185.317.1, skipping.
11-04 21:54 root         DEBUG    No ITS stop or start sites were identified for sequence SRR12683185.39.1, skipping.
11-04 21:54 root         DEBUG    No ITS stop or start sites were identified for sequence SRR12683185.5.1, skipping.
11-04 21:54 root         DEBUG    No ITS stop or start sites were identified for sequence SRR12683185.5.1, skipping.
11-04 21:54 root         DEBUG    No ITS stop or start sites were identified for sequence SRR12683185.5.1, skipping.
11-04 21:54 root         DEBUG    No ITS stop or start sites were identified for sequence SRR12683185.323.1, skipping.
11-04 21:54 root         DEBUG    No ITS stop or start sites were identified for sequence SRR12683185.324.1, skipping.
11-04 21:54 root         DEBUG    No ITS stop or start sites were identified for sequence SRR12683185.326.1, skipping.
11-04 21:54 root         DEBUG    No ITS stop or start sites were identified for sequence SRR12683185.327.1, skipping.
11-04 21:54 root         DEBUG    No ITS stop or start sites were identified for sequence SRR12683185.328.1, skipping.
11-04 21:54 root         DEBUG    No ITS stop or start sites were identified for sequence SRR12683185.329.1, skipping.
11-04 21:54 root         DEBUG    No ITS stop or start sites were identified for sequence SRR12683185.39.1, skipping.
11-04 21:54 root         DEBUG    No ITS stop or start sites were identified for sequence SRR12683185.333.1, skipping.
11-04 21:54 root         DEBUG    No ITS stop or start sites were identified for sequence SRR12683185.59.1, skipping.
11-04 21:54 root         DEBUG    No ITS stop or start sites were identified for sequence SRR12683185.341.1, skipping.
11-04 21:54 root         DEBUG    No ITS stop or start sites were identified for sequence SRR12683185.342.1, skipping.
11-04 21:54 root         DEBUG    No ITS stop or start sites were identified for sequence SRR12683185.113.1, skipping.
11-04 21:54 root         DEBUG    No ITS stop or start sites were identified for sequence SRR12683185.344.1, skipping.
11-04 21:54 root         DEBUG    No ITS stop or start sites were identified for sequence SRR12683185.345.1, skipping.
11-04 21:54 root         DEBUG    No ITS stop or start sites were identified for sequence SRR12683185.347.1, skipping.
11-04 21:54 root         DEBUG    No ITS stop or start sites were identified for sequence SRR12683185.91.1, skipping.
11-04 21:54 root         DEBUG    No ITS stop or start sites were identified for sequence SRR12683185.352.1, skipping.
11-04 21:54 root         DEBUG    No ITS stop or start sites were identified for sequence SRR12683185.5.1, skipping.
11-04 21:54 root         DEBUG    No ITS stop or start sites were identified for sequence SRR12683185.355.1, skipping.
11-04 21:54 root         DEBUG    No ITS stop or start sites were identified for sequence SRR12683185.27.1, skipping.
11-04 21:54 root         DEBUG    No ITS stop or start sites were identified for sequence SRR12683185.5.1, skipping.
11-04 21:54 root         DEBUG    No ITS stop or start sites were identified for sequence SRR12683185.358.1, skipping.
11-04 21:54 root         DEBUG    No ITS stop or start sites were identified for sequence SRR12683185.360.1, skipping.
11-04 21:54 root         DEBUG    No ITS stop or start sites were identified for sequence SRR12683185.5.1, skipping.
11-04 21:54 root         DEBUG    No ITS stop or start sites were identified for sequence SRR12683185.146.1, skipping.
11-04 21:54 root         DEBUG    No ITS stop or start sites were identified for sequence SRR12683185.5.1, skipping.
11-04 21:54 root         DEBUG    No ITS stop or start sites were identified for sequence SRR12683185.5.1, skipping.
11-04 21:54 root         DEBUG    No ITS stop or start sites were identified for sequence SRR12683185.5.1, skipping.
11-04 21:54 root         DEBUG    No ITS stop or start sites were identified for sequence SRR12683185.373.1, skipping.
11-04 21:54 root         DEBUG    No ITS stop or start sites were identified for sequence SRR12683185.374.1, skipping.
11-04 21:54 root         DEBUG    No ITS stop or start sites were identified for sequence SRR12683185.375.1, skipping.
11-04 21:54 root         DEBUG    No ITS stop or start sites were identified for sequence SRR12683185.376.1, skipping.
11-04 21:54 root         DEBUG    No ITS stop or start sites were identified for sequence SRR12683185.377.1, skipping.
11-04 21:54 root         DEBUG    No ITS stop or start sites were identified for sequence SRR12683185.59.1, skipping.
11-04 21:54 root         DEBUG    No ITS stop or start sites were identified for sequence SRR12683185.5.1, skipping.
11-04 21:54 root         DEBUG    No ITS stop or start sites were identified for sequence SRR12683185.254.1, skipping.
11-04 21:54 root         DEBUG    No ITS stop or start sites were identified for sequence SRR12683185.41.1, skipping.
11-04 21:54 root         DEBUG    No ITS stop or start sites were identified for sequence SRR12683185.5.1, skipping.
11-04 21:54 root         DEBUG    No ITS stop or start sites were identified for sequence SRR12683185.388.1, skipping.
11-04 21:54 root         DEBUG    No ITS stop or start sites were identified for sequence SRR12683185.113.1, skipping.
11-04 21:54 root         DEBUG    No ITS stop or start sites were identified for sequence SRR12683185.5.1, skipping.
11-04 21:54 root         DEBUG    No ITS stop or start sites were identified for sequence SRR12683185.392.1, skipping.
11-04 21:54 root         DEBUG    No ITS stop or start sites were identified for sequence SRR12683185.5.1, skipping.
11-04 21:54 root         DEBUG    No ITS stop or start sites were identified for sequence SRR12683185.5.1, skipping.
11-04 21:54 root         DEBUG    No ITS stop or start sites were identified for sequence SRR12683185.39.1, skipping.
11-04 21:54 root         DEBUG    No ITS stop or start sites were identified for sequence SRR12683185.31.1, skipping.
11-04 21:54 root         DEBUG    No ITS stop or start sites were identified for sequence SRR12683185.398.1, skipping.
11-04 21:54 root         DEBUG    No ITS stop or start sites were identified for sequence SRR12683185.399.1, skipping.
11-04 21:54 root         DEBUG    No ITS stop or start sites were identified for sequence SRR12683185.254.1, skipping.
11-04 21:54 root         DEBUG    No ITS stop or start sites were identified for sequence SRR12683185.5.1, skipping.
11-04 21:54 root         DEBUG    No ITS stop or start sites were identified for sequence SRR12683185.402.1, skipping.
11-04 21:54 root         DEBUG    No ITS stop or start sites were identified for sequence SRR12683185.5.1, skipping.
11-04 21:54 root         DEBUG    No ITS stop or start sites were identified for sequence SRR12683185.404.1, skipping.
11-04 21:54 root         DEBUG    No ITS stop or start sites were identified for sequence SRR12683185.406.1, skipping.
11-04 21:54 root         DEBUG    No ITS stop or start sites were identified for sequence SRR12683185.407.1, skipping.
11-04 21:54 root         DEBUG    No ITS stop or start sites were identified for sequence SRR12683185.409.1, skipping.
11-04 21:54 root         DEBUG    No ITS stop or start sites were identified for sequence SRR12683185.43.1, skipping.
11-04 21:54 root         DEBUG    No ITS stop or start sites were identified for sequence SRR12683185.5.1, skipping.
11-04 21:54 root         DEBUG    No ITS stop or start sites were identified for sequence SRR12683185.412.1, skipping.
11-04 21:54 root         DEBUG    No ITS stop or start sites were identified for sequence SRR12683185.414.1, skipping.
11-04 21:54 root         DEBUG    No ITS stop or start sites were identified for sequence SRR12683185.5.1, skipping.
11-04 21:54 root         DEBUG    No ITS stop or start sites were identified for sequence SRR12683185.5.1, skipping.
11-04 21:54 root         DEBUG    No ITS stop or start sites were identified for sequence SRR12683185.421.1, skipping.
11-04 21:54 root         DEBUG    No ITS stop or start sites were identified for sequence SRR12683185.422.1, skipping.
11-04 21:54 root         DEBUG    No ITS stop or start sites were identified for sequence SRR12683185.146.1, skipping.
11-04 21:54 root         DEBUG    No ITS stop or start sites were identified for sequence SRR12683185.392.1, skipping.
11-04 21:54 root         DEBUG    No ITS stop or start sites were identified for sequence SRR12683185.427.1, skipping.
11-04 21:54 root         DEBUG    No ITS stop or start sites were identified for sequence SRR12683185.5.1, skipping.
11-04 21:54 root         DEBUG    No ITS stop or start sites were identified for sequence SRR12683185.431.1, skipping.
11-04 21:54 root         DEBUG    No ITS stop or start sites were identified for sequence SRR12683185.5.1, skipping.
11-04 21:54 root         DEBUG    No ITS stop or start sites were identified for sequence SRR12683185.433.1, skipping.
11-04 21:54 root         DEBUG    No ITS stop or start sites were identified for sequence SRR12683185.434.1, skipping.
11-04 21:54 root         DEBUG    No ITS stop or start sites were identified for sequence SRR12683185.435.1, skipping.
11-04 21:54 root         DEBUG    No ITS stop or start sites were identified for sequence SRR12683185.5.1, skipping.
11-04 21:54 root         DEBUG    No ITS stop or start sites were identified for sequence SRR12683185.439.1, skipping.
11-04 21:54 root         DEBUG    No ITS stop or start sites were identified for sequence SRR12683185.440.1, skipping.
11-04 21:54 root         DEBUG    No ITS stop or start sites were identified for sequence SRR12683185.5.1, skipping.
11-04 21:54 root         DEBUG    No ITS stop or start sites were identified for sequence SRR12683185.442.1, skipping.
11-04 21:54 root         DEBUG    No ITS stop or start sites were identified for sequence SRR12683185.31.1, skipping.
11-04 21:54 root         DEBUG    No ITS stop or start sites were identified for sequence SRR12683185.5.1, skipping.
11-04 21:54 root         DEBUG    No ITS stop or start sites were identified for sequence SRR12683185.27.1, skipping.
11-04 21:54 root         DEBUG    No ITS stop or start sites were identified for sequence SRR12683185.446.1, skipping.
11-04 21:54 root         DEBUG    No ITS stop or start sites were identified for sequence SRR12683185.5.1, skipping.
11-04 21:54 root         DEBUG    No ITS stop or start sites were identified for sequence SRR12683185.5.1, skipping.
11-04 21:54 root         DEBUG    No ITS stop or start sites were identified for sequence SRR12683185.39.1, skipping.
11-04 21:54 root         DEBUG    No ITS stop or start sites were identified for sequence SRR12683185.454.1, skipping.
11-04 21:54 root         DEBUG    No ITS stop or start sites were identified for sequence SRR12683185.456.1, skipping.
11-04 21:54 root         DEBUG    No ITS stop or start sites were identified for sequence SRR12683185.457.1, skipping.
11-04 21:54 root         DEBUG    No ITS stop or start sites were identified for sequence SRR12683185.5.1, skipping.
11-04 21:54 root         DEBUG    No ITS stop or start sites were identified for sequence SRR12683185.459.1, skipping.
11-04 21:54 root         DEBUG    No ITS stop or start sites were identified for sequence SRR12683185.461.1, skipping.
11-04 21:54 root         DEBUG    No ITS stop or start sites were identified for sequence SRR12683185.5.1, skipping.
11-04 21:54 root         DEBUG    No ITS stop or start sites were identified for sequence SRR12683185.466.1, skipping.
11-04 21:54 root         DEBUG    No ITS stop or start sites were identified for sequence SRR12683185.5.1, skipping.
11-04 21:54 root         DEBUG    No ITS stop or start sites were identified for sequence SRR12683185.5.1, skipping.
11-04 21:54 root         DEBUG    No ITS stop or start sites were identified for sequence SRR12683185.469.1, skipping.
11-04 21:54 root         DEBUG    No ITS stop or start sites were identified for sequence SRR12683185.471.1, skipping.
11-04 21:54 root         DEBUG    No ITS stop or start sites were identified for sequence SRR12683185.473.1, skipping.
11-04 21:54 root         DEBUG    No ITS stop or start sites were identified for sequence SRR12683185.5.1, skipping.
11-04 21:54 root         DEBUG    No ITS stop or start sites were identified for sequence SRR12683185.475.1, skipping.
11-04 21:54 root         DEBUG    No ITS stop or start sites were identified for sequence SRR12683185.59.1, skipping.
11-04 21:54 root         DEBUG    No ITS stop or start sites were identified for sequence SRR12683185.39.1, skipping.
11-04 21:54 root         DEBUG    No ITS stop or start sites were identified for sequence SRR12683185.5.1, skipping.
11-04 21:54 root         DEBUG    No ITS stop or start sites were identified for sequence SRR12683185.27.1, skipping.
11-04 21:54 root         DEBUG    No ITS stop or start sites were identified for sequence SRR12683185.5.1, skipping.
11-04 21:54 root         DEBUG    No ITS stop or start sites were identified for sequence SRR12683185.482.1, skipping.
11-04 21:54 root         DEBUG    No ITS stop or start sites were identified for sequence SRR12683185.485.1, skipping.
11-04 21:54 root         DEBUG    No ITS stop or start sites were identified for sequence SRR12683185.485.1, skipping.
11-04 21:54 root         DEBUG    No ITS stop or start sites were identified for sequence SRR12683185.487.1, skipping.
11-04 21:54 root         DEBUG    No ITS stop or start sites were identified for sequence SRR12683185.489.1, skipping.
11-04 21:54 root         DEBUG    No ITS stop or start sites were identified for sequence SRR12683185.490.1, skipping.
11-04 21:54 root         DEBUG    No ITS stop or start sites were identified for sequence SRR12683185.491.1, skipping.
11-04 21:54 root         DEBUG    No ITS stop or start sites were identified for sequence SRR12683185.5.1, skipping.
11-04 21:54 root         DEBUG    No ITS stop or start sites were identified for sequence SRR12683185.494.1, skipping.
11-04 21:54 root         DEBUG    No ITS stop or start sites were identified for sequence SRR12683185.495.1, skipping.
11-04 21:54 root         DEBUG    No ITS stop or start sites were identified for sequence SRR12683185.496.1, skipping.
11-04 21:54 root         DEBUG    No ITS stop or start sites were identified for sequence SRR12683185.498.1, skipping.
11-04 21:54 root         DEBUG    No ITS stop or start sites were identified for sequence SRR12683185.5.1, skipping.
11-04 21:54 root         DEBUG    No ITS stop or start sites were identified for sequence SRR12683185.504.1, skipping.
11-04 21:54 root         DEBUG    No ITS stop or start sites were identified for sequence SRR12683185.505.1, skipping.
11-04 21:54 root         DEBUG    No ITS stop or start sites were identified for sequence SRR12683185.507.1, skipping.
11-04 21:54 root         DEBUG    No ITS stop or start sites were identified for sequence SRR12683185.113.1, skipping.
11-04 21:54 root         DEBUG    No ITS stop or start sites were identified for sequence SRR12683185.5.1, skipping.
11-04 21:54 root         DEBUG    No ITS stop or start sites were identified for sequence SRR12683185.512.1, skipping.
11-04 21:54 root         DEBUG    No ITS stop or start sites were identified for sequence SRR12683185.516.1, skipping.
11-04 21:54 root         DEBUG    No ITS stop or start sites were identified for sequence SRR12683185.518.1, skipping.
11-04 21:54 root         DEBUG    No ITS stop or start sites were identified for sequence SRR12683185.519.1, skipping.
11-04 21:54 root         DEBUG    No ITS stop or start sites were identified for sequence SRR12683185.520.1, skipping.
11-04 21:54 root         DEBUG    No ITS stop or start sites were identified for sequence SRR12683185.521.1, skipping.
11-04 21:54 root         DEBUG    No ITS stop or start sites were identified for sequence SRR12683185.523.1, skipping.
11-04 21:54 root         DEBUG    No ITS stop or start sites were identified for sequence SRR12683185.520.1, skipping.
11-04 21:54 root         DEBUG    No ITS stop or start sites were identified for sequence SRR12683185.520.1, skipping.
11-04 21:54 root         DEBUG    No ITS stop or start sites were identified for sequence SRR12683185.529.1, skipping.
11-04 21:54 root         DEBUG    No ITS stop or start sites were identified for sequence SRR12683185.144.1, skipping.
11-04 21:54 root         DEBUG    No ITS stop or start sites were identified for sequence SRR12683185.533.1, skipping.
11-04 21:54 root         DEBUG    No ITS stop or start sites were identified for sequence SRR12683185.534.1, skipping.
11-04 21:54 root         DEBUG    No ITS stop or start sites were identified for sequence SRR12683185.535.1, skipping.
11-04 21:54 root         DEBUG    No ITS stop or start sites were identified for sequence SRR12683185.536.1, skipping.
11-04 21:54 root         DEBUG    No ITS stop or start sites were identified for sequence SRR12683185.537.1, skipping.
11-04 21:54 root         DEBUG    No ITS stop or start sites were identified for sequence SRR12683185.538.1, skipping.
11-04 21:54 root         DEBUG    No ITS stop or start sites were identified for sequence SRR12683185.539.1, skipping.
11-04 21:54 root         DEBUG    No ITS stop or start sites were identified for sequence SRR12683185.541.1, skipping.
11-04 21:54 root         DEBUG    No ITS stop or start sites were identified for sequence SRR12683185.5.1, skipping.
11-04 21:54 root         DEBUG    No ITS stop or start sites were identified for sequence SRR12683185.543.1, skipping.
11-04 21:54 root         DEBUG    No ITS stop or start sites were identified for sequence SRR12683185.5.1, skipping.
11-04 21:54 root         DEBUG    No ITS stop or start sites were identified for sequence SRR12683185.546.1, skipping.
11-04 21:54 root         DEBUG    No ITS stop or start sites were identified for sequence SRR12683185.5.1, skipping.
11-04 21:54 root         DEBUG    No ITS stop or start sites were identified for sequence SRR12683185.548.1, skipping.
11-04 21:54 root         DEBUG    No ITS stop or start sites were identified for sequence SRR12683185.552.1, skipping.
11-04 21:54 root         DEBUG    No ITS stop or start sites were identified for sequence SRR12683185.553.1, skipping.
11-04 21:54 root         DEBUG    No ITS stop or start sites were identified for sequence SRR12683185.554.1, skipping.
11-04 21:54 root         DEBUG    No ITS stop or start sites were identified for sequence SRR12683185.557.1, skipping.
11-04 21:54 root         DEBUG    No ITS stop or start sites were identified for sequence SRR12683185.559.1, skipping.
11-04 21:54 root         DEBUG    No ITS stop or start sites were identified for sequence SRR12683185.560.1, skipping.
11-04 21:54 root         DEBUG    No ITS stop or start sites were identified for sequence SRR12683185.561.1, skipping.
11-04 21:54 root         DEBUG    No ITS stop or start sites were identified for sequence SRR12683185.562.1, skipping.
11-04 21:54 root         DEBUG    No ITS stop or start sites were identified for sequence SRR12683185.563.1, skipping.
11-04 21:54 root         DEBUG    No ITS stop or start sites were identified for sequence SRR12683185.564.1, skipping.
11-04 21:54 root         DEBUG    No ITS stop or start sites were identified for sequence SRR12683185.565.1, skipping.
11-04 21:54 root         DEBUG    No ITS stop or start sites were identified for sequence SRR12683185.566.1, skipping.
11-04 21:54 root         DEBUG    No ITS stop or start sites were identified for sequence SRR12683185.567.1, skipping.
11-04 21:54 root         DEBUG    No ITS stop or start sites were identified for sequence SRR12683185.572.1, skipping.
11-04 21:54 root         DEBUG    No ITS stop or start sites were identified for sequence SRR12683185.573.1, skipping.
11-04 21:54 root         DEBUG    No ITS stop or start sites were identified for sequence SRR12683185.574.1, skipping.
11-04 21:54 root         DEBUG    No ITS stop or start sites were identified for sequence SRR12683185.575.1, skipping.
11-04 21:54 root         DEBUG    No ITS stop or start sites were identified for sequence SRR12683185.27.1, skipping.
11-04 21:54 root         DEBUG    No ITS stop or start sites were identified for sequence SRR12683185.577.1, skipping.
11-04 21:54 root         DEBUG    No ITS stop or start sites were identified for sequence SRR12683185.5.1, skipping.
11-04 21:54 root         DEBUG    No ITS stop or start sites were identified for sequence SRR12683185.583.1, skipping.
11-04 21:54 root         DEBUG    No ITS stop or start sites were identified for sequence SRR12683185.5.1, skipping.
11-04 21:54 root         DEBUG    No ITS stop or start sites were identified for sequence SRR12683185.5.1, skipping.
11-04 21:54 root         DEBUG    No ITS stop or start sites were identified for sequence SRR12683185.5.1, skipping.
11-04 21:54 root         DEBUG    No ITS stop or start sites were identified for sequence SRR12683185.587.1, skipping.
11-04 21:54 root         DEBUG    No ITS stop or start sites were identified for sequence SRR12683185.589.1, skipping.
11-04 21:54 root         DEBUG    No ITS stop or start sites were identified for sequence SRR12683185.5.1, skipping.
11-04 21:54 root         DEBUG    No ITS stop or start sites were identified for sequence SRR12683185.27.1, skipping.
11-04 21:54 root         DEBUG    No ITS stop or start sites were identified for sequence SRR12683185.595.1, skipping.
11-04 21:54 root         DEBUG    No ITS stop or start sites were identified for sequence SRR12683185.596.1, skipping.
11-04 21:54 root         DEBUG    No ITS stop or start sites were identified for sequence SRR12683185.598.1, skipping.
11-04 21:54 root         DEBUG    No ITS stop or start sites were identified for sequence SRR12683185.599.1, skipping.
11-04 21:54 root         DEBUG    No ITS stop or start sites were identified for sequence SRR12683185.27.1, skipping.
11-04 21:54 root         DEBUG    No ITS stop or start sites were identified for sequence SRR12683185.27.1, skipping.
11-04 21:54 root         DEBUG    No ITS stop or start sites were identified for sequence SRR12683185.603.1, skipping.
11-04 21:54 root         DEBUG    No ITS stop or start sites were identified for sequence SRR12683185.5.1, skipping.
11-04 21:54 root         DEBUG    No ITS stop or start sites were identified for sequence SRR12683185.606.1, skipping.
11-04 21:54 root         DEBUG    No ITS stop or start sites were identified for sequence SRR12683185.5.1, skipping.
11-04 21:54 root         DEBUG    No ITS stop or start sites were identified for sequence SRR12683185.608.1, skipping.
11-04 21:54 root         DEBUG    No ITS stop or start sites were identified for sequence SRR12683185.610.1, skipping.
11-04 21:54 root         DEBUG    No ITS stop or start sites were identified for sequence SRR12683185.610.1, skipping.
11-04 21:54 root         DEBUG    No ITS stop or start sites were identified for sequence SRR12683185.392.1, skipping.
11-04 21:54 root         DEBUG    No ITS stop or start sites were identified for sequence SRR12683185.613.1, skipping.
11-04 21:54 root         DEBUG    No ITS stop or start sites were identified for sequence SRR12683185.614.1, skipping.
11-04 21:54 root         DEBUG    No ITS stop or start sites were identified for sequence SRR12683185.615.1, skipping.
11-04 21:54 root         DEBUG    No ITS stop or start sites were identified for sequence SRR12683185.5.1, skipping.
11-04 21:54 root         DEBUG    No ITS stop or start sites were identified for sequence SRR12683185.31.1, skipping.
11-04 21:54 root         DEBUG    No ITS stop or start sites were identified for sequence SRR12683185.618.1, skipping.
11-04 21:54 root         DEBUG    No ITS stop or start sites were identified for sequence SRR12683185.619.1, skipping.
11-04 21:54 root         DEBUG    No ITS stop or start sites were identified for sequence SRR12683185.5.1, skipping.
11-04 21:54 root         DEBUG    No ITS stop or start sites were identified for sequence SRR12683185.5.1, skipping.
11-04 21:54 root         DEBUG    No ITS stop or start sites were identified for sequence SRR12683185.623.1, skipping.
11-04 21:54 root         DEBUG    No ITS stop or start sites were identified for sequence SRR12683185.5.1, skipping.
11-04 21:54 root         DEBUG    No ITS stop or start sites were identified for sequence SRR12683185.630.1, skipping.
11-04 21:54 root         DEBUG    No ITS stop or start sites were identified for sequence SRR12683185.599.1, skipping.
11-04 21:54 root         DEBUG    No ITS stop or start sites were identified for sequence SRR12683185.633.1, skipping.
11-04 21:54 root         DEBUG    No ITS stop or start sites were identified for sequence SRR12683185.5.1, skipping.
11-04 21:54 root         DEBUG    No ITS stop or start sites were identified for sequence SRR12683185.635.1, skipping.
11-04 21:54 root         DEBUG    No ITS stop or start sites were identified for sequence SRR12683185.636.1, skipping.
11-04 21:54 root         DEBUG    No ITS stop or start sites were identified for sequence SRR12683185.39.1, skipping.
11-04 21:54 root         DEBUG    No ITS stop or start sites were identified for sequence SRR12683185.5.1, skipping.
11-04 21:54 root         DEBUG    No ITS stop or start sites were identified for sequence SRR12683185.43.1, skipping.
11-04 21:54 root         DEBUG    No ITS stop or start sites were identified for sequence SRR12683185.27.1, skipping.
11-04 21:54 root         DEBUG    No ITS stop or start sites were identified for sequence SRR12683185.27.1, skipping.
11-04 21:54 root         DEBUG    No ITS stop or start sites were identified for sequence SRR12683185.648.1, skipping.
11-04 21:54 root         DEBUG    No ITS stop or start sites were identified for sequence SRR12683185.5.1, skipping.
11-04 21:54 root         DEBUG    No ITS stop or start sites were identified for sequence SRR12683185.650.1, skipping.
11-04 21:54 root         DEBUG    No ITS stop or start sites were identified for sequence SRR12683185.651.1, skipping.
11-04 21:54 root         DEBUG    No ITS stop or start sites were identified for sequence SRR12683185.652.1, skipping.
11-04 21:54 root         DEBUG    No ITS stop or start sites were identified for sequence SRR12683185.5.1, skipping.
11-04 21:54 root         DEBUG    No ITS stop or start sites were identified for sequence SRR12683185.654.1, skipping.
11-04 21:54 root         DEBUG    No ITS stop or start sites were identified for sequence SRR12683185.5.1, skipping.
11-04 21:54 root         DEBUG    No ITS stop or start sites were identified for sequence SRR12683185.5.1, skipping.
11-04 21:54 root         DEBUG    No ITS stop or start sites were identified for sequence SRR12683185.5.1, skipping.
11-04 21:54 root         DEBUG    No ITS stop or start sites were identified for sequence SRR12683185.59.1, skipping.
11-04 21:54 root         DEBUG    No ITS stop or start sites were identified for sequence SRR12683185.5.1, skipping.
11-04 21:54 root         DEBUG    No ITS stop or start sites were identified for sequence SRR12683185.666.1, skipping.
11-04 21:54 root         DEBUG    No ITS stop or start sites were identified for sequence SRR12683185.485.1, skipping.
11-04 21:54 root         DEBUG    No ITS stop or start sites were identified for sequence SRR12683185.5.1, skipping.
11-04 21:54 root         DEBUG    No ITS stop or start sites were identified for sequence SRR12683185.678.1, skipping.
11-04 21:54 root         DEBUG    No ITS stop or start sites were identified for sequence SRR12683185.680.1, skipping.
11-04 21:54 root         DEBUG    No ITS stop or start sites were identified for sequence SRR12683185.5.1, skipping.
11-04 21:54 root         DEBUG    No ITS stop or start sites were identified for sequence SRR12683185.5.1, skipping.
11-04 21:54 root         DEBUG    No ITS stop or start sites were identified for sequence SRR12683185.686.1, skipping.
11-04 21:54 root         DEBUG    No ITS stop or start sites were identified for sequence SRR12683185.691.1, skipping.
11-04 21:54 root         DEBUG    No ITS stop or start sites were identified for sequence SRR12683185.693.1, skipping.
11-04 21:54 root         DEBUG    No ITS stop or start sites were identified for sequence SRR12683185.5.1, skipping.
11-04 21:54 root         DEBUG    No ITS stop or start sites were identified for sequence SRR12683185.59.1, skipping.
11-04 21:54 root         DEBUG    No ITS stop or start sites were identified for sequence SRR12683185.697.1, skipping.
11-04 21:54 root         DEBUG    No ITS stop or start sites were identified for sequence SRR12683185.5.1, skipping.
11-04 21:54 root         DEBUG    No ITS stop or start sites were identified for sequence SRR12683185.5.1, skipping.
11-04 21:54 root         DEBUG    No ITS stop or start sites were identified for sequence SRR12683185.323.1, skipping.
11-04 21:54 root         DEBUG    No ITS stop or start sites were identified for sequence SRR12683185.708.1, skipping.
11-04 21:54 root         DEBUG    No ITS stop or start sites were identified for sequence SRR12683185.5.1, skipping.
11-04 21:54 root         DEBUG    No ITS stop or start sites were identified for sequence SRR12683185.713.1, skipping.
11-04 21:54 root         DEBUG    No ITS stop or start sites were identified for sequence SRR12683185.714.1, skipping.
11-04 21:54 root         DEBUG    No ITS stop or start sites were identified for sequence SRR12683185.5.1, skipping.
11-04 21:54 root         DEBUG    No ITS stop or start sites were identified for sequence SRR12683185.716.1, skipping.
11-04 21:54 root         DEBUG    No ITS stop or start sites were identified for sequence SRR12683185.717.1, skipping.
11-04 21:54 root         DEBUG    No ITS stop or start sites were identified for sequence SRR12683185.392.1, skipping.
11-04 21:54 root         DEBUG    No ITS stop or start sites were identified for sequence SRR12683185.68.1, skipping.
11-04 21:54 root         DEBUG    No ITS stop or start sites were identified for sequence SRR12683185.160.1, skipping.
11-04 21:54 root         DEBUG    No ITS stop or start sites were identified for sequence SRR12683185.446.1, skipping.
11-04 21:54 root         DEBUG    No ITS stop or start sites were identified for sequence SRR12683185.635.1, skipping.
11-04 21:54 root         DEBUG    No ITS stop or start sites were identified for sequence SRR12683185.5.1, skipping.
11-04 21:54 root         DEBUG    No ITS stop or start sites were identified for sequence SRR12683185.392.1, skipping.
11-04 21:54 root         DEBUG    No ITS stop or start sites were identified for sequence SRR12683185.347.1, skipping.
11-04 21:54 root         DEBUG    No ITS stop or start sites were identified for sequence SRR12683185.43.1, skipping.
11-04 21:54 root         DEBUG    No ITS stop or start sites were identified for sequence SRR12683185.729.1, skipping.
11-04 21:54 root         DEBUG    No ITS stop or start sites were identified for sequence SRR12683185.456.1, skipping.
11-04 21:54 root         DEBUG    No ITS stop or start sites were identified for sequence SRR12683185.732.1, skipping.
11-04 21:54 root         DEBUG    No ITS stop or start sites were identified for sequence SRR12683185.5.1, skipping.
11-04 21:54 root         DEBUG    No ITS stop or start sites were identified for sequence SRR12683185.5.1, skipping.
11-04 21:54 root         INFO     ITSxpress ran in 00:00:05
