11-05 13:20 root         INFO     Verifying the input sequences.
11-05 13:20 root         INFO     Sequences are assumed to be single-end.
11-05 13:20 root         INFO     Temporary directory is: /tmp/itsxpress_z95t3xcu
11-05 13:20 root         INFO     Unique sequences are being written to a temporary FASTA file with Vsearch.
11-05 13:20 root         INFO     vsearch v2.7.1_linux_x86_64, 15.6GB RAM, 4 cores
https://github.com/torognes/vsearch

Reading file SRR12683251_pass_1.fastq.gz 100%
17101 nt in 57 seqs, min 297, max 301, avg 300
Dereplicating 100%
Sorting 100%
40 unique sequences, avg cluster 1.4, median 1, max 6
Writing output file 100%
Writing uc file, first part 100%
Writing uc file, second part 100%

11-05 13:20 root         INFO     Searching for ITS start and stop sites using HMMSearch. This step takes a while.
11-05 13:20 root         INFO     Parsing HMM results.
11-05 13:20 root         INFO     Writing out sequences
11-05 13:20 root         DEBUG    No ITS stop or start sites were identified for sequence SRR12683251.2.1, skipping.
11-05 13:20 root         DEBUG    No ITS stop or start sites were identified for sequence SRR12683251.16.1, skipping.
11-05 13:20 root         DEBUG    No ITS stop or start sites were identified for sequence SRR12683251.29.1, skipping.
11-05 13:20 root         DEBUG    No ITS stop or start sites were identified for sequence SRR12683251.30.1, skipping.
11-05 13:20 root         DEBUG    No ITS stop or start sites were identified for sequence SRR12683251.30.1, skipping.
11-05 13:20 root         DEBUG    No ITS stop or start sites were identified for sequence SRR12683251.50.1, skipping.
11-05 13:20 root         DEBUG    No ITS stop or start sites were identified for sequence SRR12683251.54.1, skipping.
11-05 13:20 root         INFO     ITSxpress ran in 00:00:01
