11-04 21:29 root         INFO     Verifying the input sequences.
11-04 21:29 root         INFO     Sequences are assumed to be single-end.
11-04 21:29 root         INFO     Temporary directory is: /tmp/itsxpress_imrmboyd
11-04 21:29 root         INFO     Unique sequences are being written to a temporary FASTA file with Vsearch.
11-04 21:29 root         INFO     vsearch v2.7.1_linux_x86_64, 15.6GB RAM, 4 cores
https://github.com/torognes/vsearch

Reading file SRR12683106_pass_1.fastq.gz 100%
50485 nt in 281 seqs, min 35, max 301, avg 180
Dereplicating 100%
Sorting 100%
181 unique sequences, avg cluster 1.6, median 1, max 41
Writing output file 100%
Writing uc file, first part 100%
Writing uc file, second part 100%

11-04 21:29 root         INFO     Searching for ITS start and stop sites using HMMSearch. This step takes a while.
11-04 21:29 root         INFO     Parsing HMM results.
11-04 21:29 root         INFO     Writing out sequences
11-04 21:29 root         DEBUG    No ITS stop or start sites were identified for sequence SRR12683106.1.1, skipping.
11-04 21:29 root         DEBUG    No ITS stop or start sites were identified for sequence SRR12683106.2.1, skipping.
11-04 21:29 root         DEBUG    No ITS stop or start sites were identified for sequence SRR12683106.2.1, skipping.
11-04 21:29 root         DEBUG    No ITS stop or start sites were identified for sequence SRR12683106.5.1, skipping.
11-04 21:29 root         DEBUG    No ITS stop or start sites were identified for sequence SRR12683106.6.1, skipping.
11-04 21:29 root         DEBUG    No ITS stop or start sites were identified for sequence SRR12683106.10.1, skipping.
11-04 21:29 root         DEBUG    No ITS stop or start sites were identified for sequence SRR12683106.2.1, skipping.
11-04 21:29 root         DEBUG    No ITS stop or start sites were identified for sequence SRR12683106.15.1, skipping.
11-04 21:29 root         DEBUG    No ITS stop or start sites were identified for sequence SRR12683106.16.1, skipping.
11-04 21:29 root         DEBUG    No ITS stop or start sites were identified for sequence SRR12683106.20.1, skipping.
11-04 21:29 root         DEBUG    No ITS stop or start sites were identified for sequence SRR12683106.2.1, skipping.
11-04 21:29 root         DEBUG    No ITS stop or start sites were identified for sequence SRR12683106.22.1, skipping.
11-04 21:29 root         DEBUG    No ITS stop or start sites were identified for sequence SRR12683106.2.1, skipping.
11-04 21:29 root         DEBUG    No ITS stop or start sites were identified for sequence SRR12683106.26.1, skipping.
11-04 21:29 root         DEBUG    No ITS stop or start sites were identified for sequence SRR12683106.2.1, skipping.
11-04 21:29 root         DEBUG    No ITS stop or start sites were identified for sequence SRR12683106.10.1, skipping.
11-04 21:29 root         DEBUG    No ITS stop or start sites were identified for sequence SRR12683106.36.1, skipping.
11-04 21:29 root         DEBUG    No ITS stop or start sites were identified for sequence SRR12683106.37.1, skipping.
11-04 21:29 root         DEBUG    No ITS stop or start sites were identified for sequence SRR12683106.6.1, skipping.
11-04 21:29 root         DEBUG    No ITS stop or start sites were identified for sequence SRR12683106.2.1, skipping.
11-04 21:29 root         DEBUG    No ITS stop or start sites were identified for sequence SRR12683106.2.1, skipping.
11-04 21:29 root         DEBUG    No ITS stop or start sites were identified for sequence SRR12683106.44.1, skipping.
11-04 21:29 root         DEBUG    No ITS stop or start sites were identified for sequence SRR12683106.46.1, skipping.
11-04 21:29 root         DEBUG    No ITS stop or start sites were identified for sequence SRR12683106.47.1, skipping.
11-04 21:29 root         DEBUG    No ITS stop or start sites were identified for sequence SRR12683106.49.1, skipping.
11-04 21:29 root         DEBUG    No ITS stop or start sites were identified for sequence SRR12683106.47.1, skipping.
11-04 21:29 root         DEBUG    No ITS stop or start sites were identified for sequence SRR12683106.2.1, skipping.
11-04 21:29 root         DEBUG    No ITS stop or start sites were identified for sequence SRR12683106.47.1, skipping.
11-04 21:29 root         DEBUG    No ITS stop or start sites were identified for sequence SRR12683106.2.1, skipping.
11-04 21:29 root         DEBUG    No ITS stop or start sites were identified for sequence SRR12683106.2.1, skipping.
11-04 21:29 root         DEBUG    No ITS stop or start sites were identified for sequence SRR12683106.2.1, skipping.
11-04 21:29 root         DEBUG    No ITS stop or start sites were identified for sequence SRR12683106.26.1, skipping.
11-04 21:29 root         DEBUG    No ITS stop or start sites were identified for sequence SRR12683106.63.1, skipping.
11-04 21:29 root         DEBUG    No ITS stop or start sites were identified for sequence SRR12683106.2.1, skipping.
11-04 21:29 root         DEBUG    No ITS stop or start sites were identified for sequence SRR12683106.2.1, skipping.
11-04 21:29 root         DEBUG    No ITS stop or start sites were identified for sequence SRR12683106.2.1, skipping.
11-04 21:29 root         DEBUG    No ITS stop or start sites were identified for sequence SRR12683106.75.1, skipping.
11-04 21:29 root         DEBUG    No ITS stop or start sites were identified for sequence SRR12683106.76.1, skipping.
11-04 21:29 root         DEBUG    No ITS stop or start sites were identified for sequence SRR12683106.77.1, skipping.
11-04 21:29 root         DEBUG    No ITS stop or start sites were identified for sequence SRR12683106.2.1, skipping.
11-04 21:29 root         DEBUG    No ITS stop or start sites were identified for sequence SRR12683106.81.1, skipping.
11-04 21:29 root         DEBUG    No ITS stop or start sites were identified for sequence SRR12683106.82.1, skipping.
11-04 21:29 root         DEBUG    No ITS stop or start sites were identified for sequence SRR12683106.83.1, skipping.
11-04 21:29 root         DEBUG    No ITS stop or start sites were identified for sequence SRR12683106.2.1, skipping.
11-04 21:29 root         DEBUG    No ITS stop or start sites were identified for sequence SRR12683106.47.1, skipping.
11-04 21:29 root         DEBUG    No ITS stop or start sites were identified for sequence SRR12683106.2.1, skipping.
11-04 21:29 root         DEBUG    No ITS stop or start sites were identified for sequence SRR12683106.89.1, skipping.
11-04 21:29 root         DEBUG    No ITS stop or start sites were identified for sequence SRR12683106.90.1, skipping.
11-04 21:29 root         DEBUG    No ITS stop or start sites were identified for sequence SRR12683106.91.1, skipping.
11-04 21:29 root         DEBUG    No ITS stop or start sites were identified for sequence SRR12683106.16.1, skipping.
11-04 21:29 root         DEBUG    No ITS stop or start sites were identified for sequence SRR12683106.93.1, skipping.
11-04 21:29 root         DEBUG    No ITS stop or start sites were identified for sequence SRR12683106.47.1, skipping.
11-04 21:29 root         DEBUG    No ITS stop or start sites were identified for sequence SRR12683106.47.1, skipping.
11-04 21:29 root         DEBUG    No ITS stop or start sites were identified for sequence SRR12683106.98.1, skipping.
11-04 21:29 root         DEBUG    No ITS stop or start sites were identified for sequence SRR12683106.100.1, skipping.
11-04 21:29 root         DEBUG    No ITS stop or start sites were identified for sequence SRR12683106.36.1, skipping.
11-04 21:29 root         DEBUG    No ITS stop or start sites were identified for sequence SRR12683106.26.1, skipping.
11-04 21:29 root         DEBUG    No ITS stop or start sites were identified for sequence SRR12683106.104.1, skipping.
11-04 21:29 root         DEBUG    No ITS stop or start sites were identified for sequence SRR12683106.26.1, skipping.
11-04 21:29 root         DEBUG    No ITS stop or start sites were identified for sequence SRR12683106.10.1, skipping.
11-04 21:29 root         DEBUG    No ITS stop or start sites were identified for sequence SRR12683106.47.1, skipping.
11-04 21:29 root         DEBUG    No ITS stop or start sites were identified for sequence SRR12683106.112.1, skipping.
11-04 21:29 root         DEBUG    No ITS stop or start sites were identified for sequence SRR12683106.2.1, skipping.
11-04 21:29 root         DEBUG    No ITS stop or start sites were identified for sequence SRR12683106.114.1, skipping.
11-04 21:29 root         DEBUG    No ITS stop or start sites were identified for sequence SRR12683106.115.1, skipping.
11-04 21:29 root         DEBUG    No ITS stop or start sites were identified for sequence SRR12683106.2.1, skipping.
11-04 21:29 root         DEBUG    No ITS stop or start sites were identified for sequence SRR12683106.36.1, skipping.
11-04 21:29 root         DEBUG    No ITS stop or start sites were identified for sequence SRR12683106.118.1, skipping.
11-04 21:29 root         DEBUG    No ITS stop or start sites were identified for sequence SRR12683106.47.1, skipping.
11-04 21:29 root         DEBUG    No ITS stop or start sites were identified for sequence SRR12683106.2.1, skipping.
11-04 21:29 root         DEBUG    No ITS stop or start sites were identified for sequence SRR12683106.2.1, skipping.
11-04 21:29 root         DEBUG    No ITS stop or start sites were identified for sequence SRR12683106.100.1, skipping.
11-04 21:29 root         DEBUG    No ITS stop or start sites were identified for sequence SRR12683106.128.1, skipping.
11-04 21:29 root         DEBUG    No ITS stop or start sites were identified for sequence SRR12683106.129.1, skipping.
11-04 21:29 root         DEBUG    No ITS stop or start sites were identified for sequence SRR12683106.118.1, skipping.
11-04 21:29 root         DEBUG    No ITS stop or start sites were identified for sequence SRR12683106.2.1, skipping.
11-04 21:29 root         DEBUG    No ITS stop or start sites were identified for sequence SRR12683106.36.1, skipping.
11-04 21:29 root         DEBUG    No ITS stop or start sites were identified for sequence SRR12683106.2.1, skipping.
11-04 21:29 root         DEBUG    No ITS stop or start sites were identified for sequence SRR12683106.2.1, skipping.
11-04 21:29 root         DEBUG    No ITS stop or start sites were identified for sequence SRR12683106.2.1, skipping.
11-04 21:29 root         DEBUG    No ITS stop or start sites were identified for sequence SRR12683106.141.1, skipping.
11-04 21:29 root         DEBUG    No ITS stop or start sites were identified for sequence SRR12683106.143.1, skipping.
11-04 21:29 root         DEBUG    No ITS stop or start sites were identified for sequence SRR12683106.147.1, skipping.
11-04 21:29 root         DEBUG    No ITS stop or start sites were identified for sequence SRR12683106.148.1, skipping.
11-04 21:29 root         DEBUG    No ITS stop or start sites were identified for sequence SRR12683106.150.1, skipping.
11-04 21:29 root         DEBUG    No ITS stop or start sites were identified for sequence SRR12683106.156.1, skipping.
11-04 21:29 root         DEBUG    No ITS stop or start sites were identified for sequence SRR12683106.2.1, skipping.
11-04 21:29 root         DEBUG    No ITS stop or start sites were identified for sequence SRR12683106.164.1, skipping.
11-04 21:29 root         DEBUG    No ITS stop or start sites were identified for sequence SRR12683106.165.1, skipping.
11-04 21:29 root         DEBUG    No ITS stop or start sites were identified for sequence SRR12683106.26.1, skipping.
11-04 21:29 root         DEBUG    No ITS stop or start sites were identified for sequence SRR12683106.10.1, skipping.
11-04 21:29 root         DEBUG    No ITS stop or start sites were identified for sequence SRR12683106.2.1, skipping.
11-04 21:29 root         DEBUG    No ITS stop or start sites were identified for sequence SRR12683106.174.1, skipping.
11-04 21:29 root         DEBUG    No ITS stop or start sites were identified for sequence SRR12683106.175.1, skipping.
11-04 21:29 root         DEBUG    No ITS stop or start sites were identified for sequence SRR12683106.47.1, skipping.
11-04 21:29 root         DEBUG    No ITS stop or start sites were identified for sequence SRR12683106.36.1, skipping.
11-04 21:29 root         DEBUG    No ITS stop or start sites were identified for sequence SRR12683106.2.1, skipping.
11-04 21:29 root         DEBUG    No ITS stop or start sites were identified for sequence SRR12683106.2.1, skipping.
11-04 21:29 root         DEBUG    No ITS stop or start sites were identified for sequence SRR12683106.180.1, skipping.
11-04 21:29 root         DEBUG    No ITS stop or start sites were identified for sequence SRR12683106.36.1, skipping.
11-04 21:29 root         DEBUG    No ITS stop or start sites were identified for sequence SRR12683106.2.1, skipping.
11-04 21:29 root         DEBUG    No ITS stop or start sites were identified for sequence SRR12683106.2.1, skipping.
11-04 21:29 root         DEBUG    No ITS stop or start sites were identified for sequence SRR12683106.2.1, skipping.
11-04 21:29 root         DEBUG    No ITS stop or start sites were identified for sequence SRR12683106.47.1, skipping.
11-04 21:29 root         DEBUG    No ITS stop or start sites were identified for sequence SRR12683106.190.1, skipping.
11-04 21:29 root         DEBUG    No ITS stop or start sites were identified for sequence SRR12683106.47.1, skipping.
11-04 21:29 root         DEBUG    No ITS stop or start sites were identified for sequence SRR12683106.192.1, skipping.
11-04 21:29 root         DEBUG    No ITS stop or start sites were identified for sequence SRR12683106.193.1, skipping.
11-04 21:29 root         DEBUG    No ITS stop or start sites were identified for sequence SRR12683106.47.1, skipping.
11-04 21:29 root         DEBUG    No ITS stop or start sites were identified for sequence SRR12683106.199.1, skipping.
11-04 21:29 root         DEBUG    No ITS stop or start sites were identified for sequence SRR12683106.2.1, skipping.
11-04 21:29 root         DEBUG    No ITS stop or start sites were identified for sequence SRR12683106.203.1, skipping.
11-04 21:29 root         DEBUG    No ITS stop or start sites were identified for sequence SRR12683106.207.1, skipping.
11-04 21:29 root         DEBUG    No ITS stop or start sites were identified for sequence SRR12683106.210.1, skipping.
11-04 21:29 root         DEBUG    No ITS stop or start sites were identified for sequence SRR12683106.211.1, skipping.
11-04 21:29 root         DEBUG    No ITS stop or start sites were identified for sequence SRR12683106.212.1, skipping.
11-04 21:29 root         DEBUG    No ITS stop or start sites were identified for sequence SRR12683106.213.1, skipping.
11-04 21:29 root         DEBUG    No ITS stop or start sites were identified for sequence SRR12683106.47.1, skipping.
11-04 21:29 root         DEBUG    No ITS stop or start sites were identified for sequence SRR12683106.216.1, skipping.
11-04 21:29 root         DEBUG    No ITS stop or start sites were identified for sequence SRR12683106.217.1, skipping.
11-04 21:29 root         DEBUG    No ITS stop or start sites were identified for sequence SRR12683106.218.1, skipping.
11-04 21:29 root         DEBUG    No ITS stop or start sites were identified for sequence SRR12683106.219.1, skipping.
11-04 21:29 root         DEBUG    No ITS stop or start sites were identified for sequence SRR12683106.221.1, skipping.
11-04 21:29 root         DEBUG    No ITS stop or start sites were identified for sequence SRR12683106.222.1, skipping.
11-04 21:29 root         DEBUG    No ITS stop or start sites were identified for sequence SRR12683106.223.1, skipping.
11-04 21:29 root         DEBUG    No ITS stop or start sites were identified for sequence SRR12683106.224.1, skipping.
11-04 21:29 root         DEBUG    No ITS stop or start sites were identified for sequence SRR12683106.226.1, skipping.
11-04 21:29 root         DEBUG    No ITS stop or start sites were identified for sequence SRR12683106.227.1, skipping.
11-04 21:29 root         DEBUG    No ITS stop or start sites were identified for sequence SRR12683106.229.1, skipping.
11-04 21:29 root         DEBUG    No ITS stop or start sites were identified for sequence SRR12683106.16.1, skipping.
11-04 21:29 root         DEBUG    No ITS stop or start sites were identified for sequence SRR12683106.2.1, skipping.
11-04 21:29 root         DEBUG    No ITS stop or start sites were identified for sequence SRR12683106.236.1, skipping.
11-04 21:29 root         DEBUG    No ITS stop or start sites were identified for sequence SRR12683106.2.1, skipping.
11-04 21:29 root         DEBUG    No ITS stop or start sites were identified for sequence SRR12683106.238.1, skipping.
11-04 21:29 root         DEBUG    No ITS stop or start sites were identified for sequence SRR12683106.240.1, skipping.
11-04 21:29 root         DEBUG    No ITS stop or start sites were identified for sequence SRR12683106.26.1, skipping.
11-04 21:29 root         DEBUG    No ITS stop or start sites were identified for sequence SRR12683106.244.1, skipping.
11-04 21:29 root         DEBUG    No ITS stop or start sites were identified for sequence SRR12683106.2.1, skipping.
11-04 21:29 root         DEBUG    No ITS stop or start sites were identified for sequence SRR12683106.26.1, skipping.
11-04 21:29 root         DEBUG    No ITS stop or start sites were identified for sequence SRR12683106.240.1, skipping.
11-04 21:29 root         DEBUG    No ITS stop or start sites were identified for sequence SRR12683106.251.1, skipping.
11-04 21:29 root         DEBUG    No ITS stop or start sites were identified for sequence SRR12683106.236.1, skipping.
11-04 21:29 root         DEBUG    No ITS stop or start sites were identified for sequence SRR12683106.26.1, skipping.
11-04 21:29 root         DEBUG    No ITS stop or start sites were identified for sequence SRR12683106.47.1, skipping.
11-04 21:29 root         DEBUG    No ITS stop or start sites were identified for sequence SRR12683106.6.1, skipping.
11-04 21:29 root         DEBUG    No ITS stop or start sites were identified for sequence SRR12683106.47.1, skipping.
11-04 21:29 root         DEBUG    No ITS stop or start sites were identified for sequence SRR12683106.2.1, skipping.
11-04 21:29 root         DEBUG    No ITS stop or start sites were identified for sequence SRR12683106.16.1, skipping.
11-04 21:29 root         DEBUG    No ITS stop or start sites were identified for sequence SRR12683106.2.1, skipping.
11-04 21:29 root         DEBUG    No ITS stop or start sites were identified for sequence SRR12683106.266.1, skipping.
11-04 21:29 root         DEBUG    No ITS stop or start sites were identified for sequence SRR12683106.267.1, skipping.
11-04 21:29 root         DEBUG    No ITS stop or start sites were identified for sequence SRR12683106.47.1, skipping.
11-04 21:29 root         DEBUG    No ITS stop or start sites were identified for sequence SRR12683106.2.1, skipping.
11-04 21:29 root         DEBUG    No ITS stop or start sites were identified for sequence SRR12683106.276.1, skipping.
11-04 21:29 root         DEBUG    No ITS stop or start sites were identified for sequence SRR12683106.2.1, skipping.
11-04 21:29 root         DEBUG    No ITS stop or start sites were identified for sequence SRR12683106.36.1, skipping.
11-04 21:29 root         DEBUG    No ITS stop or start sites were identified for sequence SRR12683106.281.1, skipping.
11-04 21:29 root         INFO     ITSxpress ran in 00:00:02
