11-04 21:53 root         INFO     Verifying the input sequences.
11-04 21:53 root         INFO     Sequences are assumed to be single-end.
11-04 21:53 root         INFO     Temporary directory is: /tmp/itsxpress_rlvaqnr1
11-04 21:53 root         INFO     Unique sequences are being written to a temporary FASTA file with Vsearch.
11-04 21:53 root         INFO     vsearch v2.7.1_linux_x86_64, 15.6GB RAM, 4 cores
https://github.com/torognes/vsearch

Reading file SRR12683183_pass_1.fastq.gz 100%
184993 nt in 680 seqs, min 35, max 301, avg 272
Dereplicating 100%
Sorting 100%
544 unique sequences, avg cluster 1.2, median 1, max 29
Writing output file 100%
Writing uc file, first part 100%
Writing uc file, second part 100%

11-04 21:53 root         INFO     Searching for ITS start and stop sites using HMMSearch. This step takes a while.
11-04 21:53 root         INFO     Parsing HMM results.
11-04 21:53 root         INFO     Writing out sequences
11-04 21:53 root         DEBUG    No ITS stop or start sites were identified for sequence SRR12683183.3.1, skipping.
11-04 21:53 root         DEBUG    No ITS stop or start sites were identified for sequence SRR12683183.6.1, skipping.
11-04 21:53 root         DEBUG    No ITS stop or start sites were identified for sequence SRR12683183.19.1, skipping.
11-04 21:53 root         DEBUG    No ITS stop or start sites were identified for sequence SRR12683183.20.1, skipping.
11-04 21:53 root         DEBUG    No ITS stop or start sites were identified for sequence SRR12683183.22.1, skipping.
11-04 21:53 root         DEBUG    No ITS stop or start sites were identified for sequence SRR12683183.25.1, skipping.
11-04 21:53 root         DEBUG    No ITS stop or start sites were identified for sequence SRR12683183.26.1, skipping.
11-04 21:53 root         DEBUG    No ITS stop or start sites were identified for sequence SRR12683183.29.1, skipping.
11-04 21:53 root         DEBUG    No ITS stop or start sites were identified for sequence SRR12683183.34.1, skipping.
11-04 21:53 root         DEBUG    No ITS stop or start sites were identified for sequence SRR12683183.35.1, skipping.
11-04 21:53 root         DEBUG    No ITS stop or start sites were identified for sequence SRR12683183.36.1, skipping.
11-04 21:53 root         DEBUG    No ITS stop or start sites were identified for sequence SRR12683183.25.1, skipping.
11-04 21:53 root         DEBUG    No ITS stop or start sites were identified for sequence SRR12683183.44.1, skipping.
11-04 21:53 root         DEBUG    No ITS stop or start sites were identified for sequence SRR12683183.48.1, skipping.
11-04 21:53 root         DEBUG    No ITS stop or start sites were identified for sequence SRR12683183.52.1, skipping.
11-04 21:53 root         DEBUG    No ITS stop or start sites were identified for sequence SRR12683183.25.1, skipping.
11-04 21:53 root         DEBUG    No ITS stop or start sites were identified for sequence SRR12683183.57.1, skipping.
11-04 21:53 root         DEBUG    No ITS stop or start sites were identified for sequence SRR12683183.59.1, skipping.
11-04 21:53 root         DEBUG    No ITS stop or start sites were identified for sequence SRR12683183.61.1, skipping.
11-04 21:53 root         DEBUG    No ITS stop or start sites were identified for sequence SRR12683183.65.1, skipping.
11-04 21:53 root         DEBUG    No ITS stop or start sites were identified for sequence SRR12683183.71.1, skipping.
11-04 21:53 root         DEBUG    No ITS stop or start sites were identified for sequence SRR12683183.65.1, skipping.
11-04 21:53 root         DEBUG    No ITS stop or start sites were identified for sequence SRR12683183.25.1, skipping.
11-04 21:53 root         DEBUG    No ITS stop or start sites were identified for sequence SRR12683183.81.1, skipping.
11-04 21:53 root         DEBUG    No ITS stop or start sites were identified for sequence SRR12683183.85.1, skipping.
11-04 21:53 root         DEBUG    No ITS stop or start sites were identified for sequence SRR12683183.81.1, skipping.
11-04 21:53 root         DEBUG    No ITS stop or start sites were identified for sequence SRR12683183.96.1, skipping.
11-04 21:53 root         DEBUG    No ITS stop or start sites were identified for sequence SRR12683183.108.1, skipping.
11-04 21:53 root         DEBUG    No ITS stop or start sites were identified for sequence SRR12683183.111.1, skipping.
11-04 21:53 root         DEBUG    No ITS stop or start sites were identified for sequence SRR12683183.113.1, skipping.
11-04 21:53 root         DEBUG    No ITS stop or start sites were identified for sequence SRR12683183.114.1, skipping.
11-04 21:53 root         DEBUG    No ITS stop or start sites were identified for sequence SRR12683183.116.1, skipping.
11-04 21:53 root         DEBUG    No ITS stop or start sites were identified for sequence SRR12683183.25.1, skipping.
11-04 21:53 root         DEBUG    No ITS stop or start sites were identified for sequence SRR12683183.20.1, skipping.
11-04 21:53 root         DEBUG    No ITS stop or start sites were identified for sequence SRR12683183.34.1, skipping.
11-04 21:53 root         DEBUG    No ITS stop or start sites were identified for sequence SRR12683183.139.1, skipping.
11-04 21:53 root         DEBUG    No ITS stop or start sites were identified for sequence SRR12683183.144.1, skipping.
11-04 21:53 root         DEBUG    No ITS stop or start sites were identified for sequence SRR12683183.145.1, skipping.
11-04 21:53 root         DEBUG    No ITS stop or start sites were identified for sequence SRR12683183.25.1, skipping.
11-04 21:53 root         DEBUG    No ITS stop or start sites were identified for sequence SRR12683183.152.1, skipping.
11-04 21:53 root         DEBUG    No ITS stop or start sites were identified for sequence SRR12683183.152.1, skipping.
11-04 21:53 root         DEBUG    No ITS stop or start sites were identified for sequence SRR12683183.25.1, skipping.
11-04 21:53 root         DEBUG    No ITS stop or start sites were identified for sequence SRR12683183.65.1, skipping.
11-04 21:53 root         DEBUG    No ITS stop or start sites were identified for sequence SRR12683183.163.1, skipping.
11-04 21:53 root         DEBUG    No ITS stop or start sites were identified for sequence SRR12683183.169.1, skipping.
11-04 21:53 root         DEBUG    No ITS stop or start sites were identified for sequence SRR12683183.171.1, skipping.
11-04 21:53 root         DEBUG    No ITS stop or start sites were identified for sequence SRR12683183.175.1, skipping.
11-04 21:53 root         DEBUG    No ITS stop or start sites were identified for sequence SRR12683183.177.1, skipping.
11-04 21:53 root         DEBUG    No ITS stop or start sites were identified for sequence SRR12683183.25.1, skipping.
11-04 21:53 root         DEBUG    No ITS stop or start sites were identified for sequence SRR12683183.184.1, skipping.
11-04 21:53 root         DEBUG    No ITS stop or start sites were identified for sequence SRR12683183.185.1, skipping.
11-04 21:53 root         DEBUG    No ITS stop or start sites were identified for sequence SRR12683183.186.1, skipping.
11-04 21:53 root         DEBUG    No ITS stop or start sites were identified for sequence SRR12683183.193.1, skipping.
11-04 21:53 root         DEBUG    No ITS stop or start sites were identified for sequence SRR12683183.194.1, skipping.
11-04 21:53 root         DEBUG    No ITS stop or start sites were identified for sequence SRR12683183.205.1, skipping.
11-04 21:53 root         DEBUG    No ITS stop or start sites were identified for sequence SRR12683183.215.1, skipping.
11-04 21:53 root         DEBUG    No ITS stop or start sites were identified for sequence SRR12683183.34.1, skipping.
11-04 21:53 root         DEBUG    No ITS stop or start sites were identified for sequence SRR12683183.34.1, skipping.
11-04 21:53 root         DEBUG    No ITS stop or start sites were identified for sequence SRR12683183.25.1, skipping.
11-04 21:53 root         DEBUG    No ITS stop or start sites were identified for sequence SRR12683183.227.1, skipping.
11-04 21:53 root         DEBUG    No ITS stop or start sites were identified for sequence SRR12683183.228.1, skipping.
11-04 21:53 root         DEBUG    No ITS stop or start sites were identified for sequence SRR12683183.25.1, skipping.
11-04 21:53 root         DEBUG    No ITS stop or start sites were identified for sequence SRR12683183.242.1, skipping.
11-04 21:53 root         DEBUG    No ITS stop or start sites were identified for sequence SRR12683183.25.1, skipping.
11-04 21:53 root         DEBUG    No ITS stop or start sites were identified for sequence SRR12683183.25.1, skipping.
11-04 21:53 root         DEBUG    No ITS stop or start sites were identified for sequence SRR12683183.253.1, skipping.
11-04 21:53 root         DEBUG    No ITS stop or start sites were identified for sequence SRR12683183.254.1, skipping.
11-04 21:53 root         DEBUG    No ITS stop or start sites were identified for sequence SRR12683183.34.1, skipping.
11-04 21:53 root         DEBUG    No ITS stop or start sites were identified for sequence SRR12683183.268.1, skipping.
11-04 21:53 root         DEBUG    No ITS stop or start sites were identified for sequence SRR12683183.25.1, skipping.
11-04 21:53 root         DEBUG    No ITS stop or start sites were identified for sequence SRR12683183.277.1, skipping.
11-04 21:53 root         DEBUG    No ITS stop or start sites were identified for sequence SRR12683183.25.1, skipping.
11-04 21:53 root         DEBUG    No ITS stop or start sites were identified for sequence SRR12683183.52.1, skipping.
11-04 21:53 root         DEBUG    No ITS stop or start sites were identified for sequence SRR12683183.282.1, skipping.
11-04 21:53 root         DEBUG    No ITS stop or start sites were identified for sequence SRR12683183.283.1, skipping.
11-04 21:53 root         DEBUG    No ITS stop or start sites were identified for sequence SRR12683183.288.1, skipping.
11-04 21:53 root         DEBUG    No ITS stop or start sites were identified for sequence SRR12683183.290.1, skipping.
11-04 21:53 root         DEBUG    No ITS stop or start sites were identified for sequence SRR12683183.294.1, skipping.
11-04 21:53 root         DEBUG    No ITS stop or start sites were identified for sequence SRR12683183.299.1, skipping.
11-04 21:53 root         DEBUG    No ITS stop or start sites were identified for sequence SRR12683183.300.1, skipping.
11-04 21:53 root         DEBUG    No ITS stop or start sites were identified for sequence SRR12683183.25.1, skipping.
11-04 21:53 root         DEBUG    No ITS stop or start sites were identified for sequence SRR12683183.25.1, skipping.
11-04 21:53 root         DEBUG    No ITS stop or start sites were identified for sequence SRR12683183.308.1, skipping.
11-04 21:53 root         DEBUG    No ITS stop or start sites were identified for sequence SRR12683183.311.1, skipping.
11-04 21:53 root         DEBUG    No ITS stop or start sites were identified for sequence SRR12683183.25.1, skipping.
11-04 21:53 root         DEBUG    No ITS stop or start sites were identified for sequence SRR12683183.25.1, skipping.
11-04 21:53 root         DEBUG    No ITS stop or start sites were identified for sequence SRR12683183.25.1, skipping.
11-04 21:53 root         DEBUG    No ITS stop or start sites were identified for sequence SRR12683183.327.1, skipping.
11-04 21:53 root         DEBUG    No ITS stop or start sites were identified for sequence SRR12683183.25.1, skipping.
11-04 21:53 root         DEBUG    No ITS stop or start sites were identified for sequence SRR12683183.25.1, skipping.
11-04 21:53 root         DEBUG    No ITS stop or start sites were identified for sequence SRR12683183.343.1, skipping.
11-04 21:53 root         DEBUG    No ITS stop or start sites were identified for sequence SRR12683183.353.1, skipping.
11-04 21:53 root         DEBUG    No ITS stop or start sites were identified for sequence SRR12683183.34.1, skipping.
11-04 21:53 root         DEBUG    No ITS stop or start sites were identified for sequence SRR12683183.25.1, skipping.
11-04 21:53 root         DEBUG    No ITS stop or start sites were identified for sequence SRR12683183.20.1, skipping.
11-04 21:53 root         DEBUG    No ITS stop or start sites were identified for sequence SRR12683183.379.1, skipping.
11-04 21:53 root         DEBUG    No ITS stop or start sites were identified for sequence SRR12683183.380.1, skipping.
11-04 21:53 root         DEBUG    No ITS stop or start sites were identified for sequence SRR12683183.34.1, skipping.
11-04 21:53 root         DEBUG    No ITS stop or start sites were identified for sequence SRR12683183.391.1, skipping.
11-04 21:53 root         DEBUG    No ITS stop or start sites were identified for sequence SRR12683183.400.1, skipping.
11-04 21:53 root         DEBUG    No ITS stop or start sites were identified for sequence SRR12683183.405.1, skipping.
11-04 21:53 root         DEBUG    No ITS stop or start sites were identified for sequence SRR12683183.407.1, skipping.
11-04 21:53 root         DEBUG    No ITS stop or start sites were identified for sequence SRR12683183.25.1, skipping.
11-04 21:53 root         DEBUG    No ITS stop or start sites were identified for sequence SRR12683183.419.1, skipping.
11-04 21:53 root         DEBUG    No ITS stop or start sites were identified for sequence SRR12683183.424.1, skipping.
11-04 21:53 root         DEBUG    No ITS stop or start sites were identified for sequence SRR12683183.427.1, skipping.
11-04 21:53 root         DEBUG    No ITS stop or start sites were identified for sequence SRR12683183.429.1, skipping.
11-04 21:53 root         DEBUG    No ITS stop or start sites were identified for sequence SRR12683183.253.1, skipping.
11-04 21:53 root         DEBUG    No ITS stop or start sites were identified for sequence SRR12683183.25.1, skipping.
11-04 21:53 root         DEBUG    No ITS stop or start sites were identified for sequence SRR12683183.25.1, skipping.
11-04 21:53 root         DEBUG    No ITS stop or start sites were identified for sequence SRR12683183.25.1, skipping.
11-04 21:53 root         DEBUG    No ITS stop or start sites were identified for sequence SRR12683183.445.1, skipping.
11-04 21:53 root         DEBUG    No ITS stop or start sites were identified for sequence SRR12683183.449.1, skipping.
11-04 21:53 root         DEBUG    No ITS stop or start sites were identified for sequence SRR12683183.450.1, skipping.
11-04 21:53 root         DEBUG    No ITS stop or start sites were identified for sequence SRR12683183.451.1, skipping.
11-04 21:53 root         DEBUG    No ITS stop or start sites were identified for sequence SRR12683183.452.1, skipping.
11-04 21:53 root         DEBUG    No ITS stop or start sites were identified for sequence SRR12683183.454.1, skipping.
11-04 21:53 root         DEBUG    No ITS stop or start sites were identified for sequence SRR12683183.456.1, skipping.
11-04 21:53 root         DEBUG    No ITS stop or start sites were identified for sequence SRR12683183.464.1, skipping.
11-04 21:53 root         DEBUG    No ITS stop or start sites were identified for sequence SRR12683183.20.1, skipping.
11-04 21:53 root         DEBUG    No ITS stop or start sites were identified for sequence SRR12683183.466.1, skipping.
11-04 21:53 root         DEBUG    No ITS stop or start sites were identified for sequence SRR12683183.471.1, skipping.
11-04 21:53 root         DEBUG    No ITS stop or start sites were identified for sequence SRR12683183.472.1, skipping.
11-04 21:53 root         DEBUG    No ITS stop or start sites were identified for sequence SRR12683183.20.1, skipping.
11-04 21:53 root         DEBUG    No ITS stop or start sites were identified for sequence SRR12683183.475.1, skipping.
11-04 21:53 root         DEBUG    No ITS stop or start sites were identified for sequence SRR12683183.482.1, skipping.
11-04 21:53 root         DEBUG    No ITS stop or start sites were identified for sequence SRR12683183.25.1, skipping.
11-04 21:53 root         DEBUG    No ITS stop or start sites were identified for sequence SRR12683183.489.1, skipping.
11-04 21:53 root         DEBUG    No ITS stop or start sites were identified for sequence SRR12683183.490.1, skipping.
11-04 21:53 root         DEBUG    No ITS stop or start sites were identified for sequence SRR12683183.492.1, skipping.
11-04 21:53 root         DEBUG    No ITS stop or start sites were identified for sequence SRR12683183.495.1, skipping.
11-04 21:53 root         DEBUG    No ITS stop or start sites were identified for sequence SRR12683183.496.1, skipping.
11-04 21:53 root         DEBUG    No ITS stop or start sites were identified for sequence SRR12683183.498.1, skipping.
11-04 21:53 root         DEBUG    No ITS stop or start sites were identified for sequence SRR12683183.499.1, skipping.
11-04 21:53 root         DEBUG    No ITS stop or start sites were identified for sequence SRR12683183.504.1, skipping.
11-04 21:53 root         DEBUG    No ITS stop or start sites were identified for sequence SRR12683183.506.1, skipping.
11-04 21:53 root         DEBUG    No ITS stop or start sites were identified for sequence SRR12683183.515.1, skipping.
11-04 21:53 root         DEBUG    No ITS stop or start sites were identified for sequence SRR12683183.516.1, skipping.
11-04 21:53 root         DEBUG    No ITS stop or start sites were identified for sequence SRR12683183.520.1, skipping.
11-04 21:53 root         DEBUG    No ITS stop or start sites were identified for sequence SRR12683183.530.1, skipping.
11-04 21:53 root         DEBUG    No ITS stop or start sites were identified for sequence SRR12683183.311.1, skipping.
11-04 21:53 root         DEBUG    No ITS stop or start sites were identified for sequence SRR12683183.546.1, skipping.
11-04 21:53 root         DEBUG    No ITS stop or start sites were identified for sequence SRR12683183.553.1, skipping.
11-04 21:53 root         DEBUG    No ITS stop or start sites were identified for sequence SRR12683183.563.1, skipping.
11-04 21:53 root         DEBUG    No ITS stop or start sites were identified for sequence SRR12683183.563.1, skipping.
11-04 21:53 root         DEBUG    No ITS stop or start sites were identified for sequence SRR12683183.574.1, skipping.
11-04 21:53 root         DEBUG    No ITS stop or start sites were identified for sequence SRR12683183.576.1, skipping.
11-04 21:53 root         DEBUG    No ITS stop or start sites were identified for sequence SRR12683183.20.1, skipping.
11-04 21:53 root         DEBUG    No ITS stop or start sites were identified for sequence SRR12683183.604.1, skipping.
11-04 21:53 root         DEBUG    No ITS stop or start sites were identified for sequence SRR12683183.618.1, skipping.
11-04 21:53 root         DEBUG    No ITS stop or start sites were identified for sequence SRR12683183.620.1, skipping.
11-04 21:53 root         DEBUG    No ITS stop or start sites were identified for sequence SRR12683183.25.1, skipping.
11-04 21:53 root         DEBUG    No ITS stop or start sites were identified for sequence SRR12683183.25.1, skipping.
11-04 21:53 root         DEBUG    No ITS stop or start sites were identified for sequence SRR12683183.652.1, skipping.
11-04 21:53 root         DEBUG    No ITS stop or start sites were identified for sequence SRR12683183.65.1, skipping.
11-04 21:53 root         DEBUG    No ITS stop or start sites were identified for sequence SRR12683183.665.1, skipping.
11-04 21:53 root         DEBUG    No ITS stop or start sites were identified for sequence SRR12683183.669.1, skipping.
11-04 21:53 root         DEBUG    No ITS stop or start sites were identified for sequence SRR12683183.65.1, skipping.
11-04 21:53 root         INFO     ITSxpress ran in 00:00:07
