11-05 13:08 root         INFO     Verifying the input sequences.
11-05 13:08 root         INFO     Sequences are assumed to be single-end.
11-05 13:08 root         INFO     Temporary directory is: /tmp/itsxpress_s5btp8ri
11-05 13:08 root         INFO     Unique sequences are being written to a temporary FASTA file with Vsearch.
11-05 13:08 root         INFO     vsearch v2.7.1_linux_x86_64, 15.6GB RAM, 4 cores
https://github.com/torognes/vsearch

Reading file SRR12683212_pass_1.fastq.gz 100%
494530 nt in 1710 seqs, min 37, max 301, avg 289
Dereplicating 100%
Sorting 100%
1032 unique sequences, avg cluster 1.7, median 1, max 47
Writing output file 100%
Writing uc file, first part 100%
Writing uc file, second part 100%

11-05 13:08 root         INFO     Searching for ITS start and stop sites using HMMSearch. This step takes a while.
11-05 13:09 root         INFO     Parsing HMM results.
11-05 13:09 root         INFO     Writing out sequences
11-05 13:09 root         DEBUG    No ITS stop or start sites were identified for sequence SRR12683212.31.1, skipping.
11-05 13:09 root         DEBUG    No ITS stop or start sites were identified for sequence SRR12683212.32.1, skipping.
11-05 13:09 root         DEBUG    No ITS stop or start sites were identified for sequence SRR12683212.33.1, skipping.
11-05 13:09 root         DEBUG    No ITS stop or start sites were identified for sequence SRR12683212.44.1, skipping.
11-05 13:09 root         DEBUG    No ITS stop or start sites were identified for sequence SRR12683212.44.1, skipping.
11-05 13:09 root         DEBUG    No ITS stop or start sites were identified for sequence SRR12683212.49.1, skipping.
11-05 13:09 root         DEBUG    No ITS stop or start sites were identified for sequence SRR12683212.50.1, skipping.
11-05 13:09 root         DEBUG    No ITS stop or start sites were identified for sequence SRR12683212.51.1, skipping.
11-05 13:09 root         DEBUG    No ITS stop or start sites were identified for sequence SRR12683212.59.1, skipping.
11-05 13:09 root         DEBUG    No ITS stop or start sites were identified for sequence SRR12683212.44.1, skipping.
11-05 13:09 root         DEBUG    No ITS stop or start sites were identified for sequence SRR12683212.64.1, skipping.
11-05 13:09 root         DEBUG    No ITS stop or start sites were identified for sequence SRR12683212.65.1, skipping.
11-05 13:09 root         DEBUG    No ITS stop or start sites were identified for sequence SRR12683212.66.1, skipping.
11-05 13:09 root         DEBUG    No ITS stop or start sites were identified for sequence SRR12683212.73.1, skipping.
11-05 13:09 root         DEBUG    No ITS stop or start sites were identified for sequence SRR12683212.74.1, skipping.
11-05 13:09 root         DEBUG    No ITS stop or start sites were identified for sequence SRR12683212.79.1, skipping.
11-05 13:09 root         DEBUG    No ITS stop or start sites were identified for sequence SRR12683212.80.1, skipping.
11-05 13:09 root         DEBUG    No ITS stop or start sites were identified for sequence SRR12683212.33.1, skipping.
11-05 13:09 root         DEBUG    No ITS stop or start sites were identified for sequence SRR12683212.85.1, skipping.
11-05 13:09 root         DEBUG    No ITS stop or start sites were identified for sequence SRR12683212.86.1, skipping.
11-05 13:09 root         DEBUG    No ITS stop or start sites were identified for sequence SRR12683212.87.1, skipping.
11-05 13:09 root         DEBUG    No ITS stop or start sites were identified for sequence SRR12683212.88.1, skipping.
11-05 13:09 root         DEBUG    No ITS stop or start sites were identified for sequence SRR12683212.126.1, skipping.
11-05 13:09 root         DEBUG    No ITS stop or start sites were identified for sequence SRR12683212.44.1, skipping.
11-05 13:09 root         DEBUG    No ITS stop or start sites were identified for sequence SRR12683212.162.1, skipping.
11-05 13:09 root         DEBUG    No ITS stop or start sites were identified for sequence SRR12683212.163.1, skipping.
11-05 13:09 root         DEBUG    No ITS stop or start sites were identified for sequence SRR12683212.162.1, skipping.
11-05 13:09 root         DEBUG    No ITS stop or start sites were identified for sequence SRR12683212.44.1, skipping.
11-05 13:09 root         DEBUG    No ITS stop or start sites were identified for sequence SRR12683212.184.1, skipping.
11-05 13:09 root         DEBUG    No ITS stop or start sites were identified for sequence SRR12683212.194.1, skipping.
11-05 13:09 root         DEBUG    No ITS stop or start sites were identified for sequence SRR12683212.195.1, skipping.
11-05 13:09 root         DEBUG    No ITS stop or start sites were identified for sequence SRR12683212.199.1, skipping.
11-05 13:09 root         DEBUG    No ITS stop or start sites were identified for sequence SRR12683212.162.1, skipping.
11-05 13:09 root         DEBUG    No ITS stop or start sites were identified for sequence SRR12683212.201.1, skipping.
11-05 13:09 root         DEBUG    No ITS stop or start sites were identified for sequence SRR12683212.44.1, skipping.
11-05 13:09 root         DEBUG    No ITS stop or start sites were identified for sequence SRR12683212.223.1, skipping.
11-05 13:09 root         DEBUG    No ITS stop or start sites were identified for sequence SRR12683212.224.1, skipping.
11-05 13:09 root         DEBUG    No ITS stop or start sites were identified for sequence SRR12683212.233.1, skipping.
11-05 13:09 root         DEBUG    No ITS stop or start sites were identified for sequence SRR12683212.236.1, skipping.
11-05 13:09 root         DEBUG    No ITS stop or start sites were identified for sequence SRR12683212.244.1, skipping.
11-05 13:09 root         DEBUG    No ITS stop or start sites were identified for sequence SRR12683212.256.1, skipping.
11-05 13:09 root         DEBUG    No ITS stop or start sites were identified for sequence SRR12683212.257.1, skipping.
11-05 13:09 root         DEBUG    No ITS stop or start sites were identified for sequence SRR12683212.258.1, skipping.
11-05 13:09 root         DEBUG    No ITS stop or start sites were identified for sequence SRR12683212.261.1, skipping.
11-05 13:09 root         DEBUG    No ITS stop or start sites were identified for sequence SRR12683212.233.1, skipping.
11-05 13:09 root         DEBUG    No ITS stop or start sites were identified for sequence SRR12683212.269.1, skipping.
11-05 13:09 root         DEBUG    No ITS stop or start sites were identified for sequence SRR12683212.162.1, skipping.
11-05 13:09 root         DEBUG    No ITS stop or start sites were identified for sequence SRR12683212.162.1, skipping.
11-05 13:09 root         DEBUG    No ITS stop or start sites were identified for sequence SRR12683212.282.1, skipping.
11-05 13:09 root         DEBUG    No ITS stop or start sites were identified for sequence SRR12683212.44.1, skipping.
11-05 13:09 root         DEBUG    No ITS stop or start sites were identified for sequence SRR12683212.44.1, skipping.
11-05 13:09 root         DEBUG    No ITS stop or start sites were identified for sequence SRR12683212.288.1, skipping.
11-05 13:09 root         DEBUG    No ITS stop or start sites were identified for sequence SRR12683212.290.1, skipping.
11-05 13:09 root         DEBUG    No ITS stop or start sites were identified for sequence SRR12683212.291.1, skipping.
11-05 13:09 root         DEBUG    No ITS stop or start sites were identified for sequence SRR12683212.292.1, skipping.
11-05 13:09 root         DEBUG    No ITS stop or start sites were identified for sequence SRR12683212.293.1, skipping.
11-05 13:09 root         DEBUG    No ITS stop or start sites were identified for sequence SRR12683212.294.1, skipping.
11-05 13:09 root         DEBUG    No ITS stop or start sites were identified for sequence SRR12683212.295.1, skipping.
11-05 13:09 root         DEBUG    No ITS stop or start sites were identified for sequence SRR12683212.296.1, skipping.
11-05 13:09 root         DEBUG    No ITS stop or start sites were identified for sequence SRR12683212.300.1, skipping.
11-05 13:09 root         DEBUG    No ITS stop or start sites were identified for sequence SRR12683212.301.1, skipping.
11-05 13:09 root         DEBUG    No ITS stop or start sites were identified for sequence SRR12683212.162.1, skipping.
11-05 13:09 root         DEBUG    No ITS stop or start sites were identified for sequence SRR12683212.308.1, skipping.
11-05 13:09 root         DEBUG    No ITS stop or start sites were identified for sequence SRR12683212.162.1, skipping.
11-05 13:09 root         DEBUG    No ITS stop or start sites were identified for sequence SRR12683212.162.1, skipping.
11-05 13:09 root         DEBUG    No ITS stop or start sites were identified for sequence SRR12683212.44.1, skipping.
11-05 13:09 root         DEBUG    No ITS stop or start sites were identified for sequence SRR12683212.349.1, skipping.
11-05 13:09 root         DEBUG    No ITS stop or start sites were identified for sequence SRR12683212.44.1, skipping.
11-05 13:09 root         DEBUG    No ITS stop or start sites were identified for sequence SRR12683212.351.1, skipping.
11-05 13:09 root         DEBUG    No ITS stop or start sites were identified for sequence SRR12683212.44.1, skipping.
11-05 13:09 root         DEBUG    No ITS stop or start sites were identified for sequence SRR12683212.364.1, skipping.
11-05 13:09 root         DEBUG    No ITS stop or start sites were identified for sequence SRR12683212.44.1, skipping.
11-05 13:09 root         DEBUG    No ITS stop or start sites were identified for sequence SRR12683212.44.1, skipping.
11-05 13:09 root         DEBUG    No ITS stop or start sites were identified for sequence SRR12683212.406.1, skipping.
11-05 13:09 root         DEBUG    No ITS stop or start sites were identified for sequence SRR12683212.44.1, skipping.
11-05 13:09 root         DEBUG    No ITS stop or start sites were identified for sequence SRR12683212.44.1, skipping.
11-05 13:09 root         DEBUG    No ITS stop or start sites were identified for sequence SRR12683212.44.1, skipping.
11-05 13:09 root         DEBUG    No ITS stop or start sites were identified for sequence SRR12683212.44.1, skipping.
11-05 13:09 root         DEBUG    No ITS stop or start sites were identified for sequence SRR12683212.446.1, skipping.
11-05 13:09 root         DEBUG    No ITS stop or start sites were identified for sequence SRR12683212.162.1, skipping.
11-05 13:09 root         DEBUG    No ITS stop or start sites were identified for sequence SRR12683212.448.1, skipping.
11-05 13:09 root         DEBUG    No ITS stop or start sites were identified for sequence SRR12683212.44.1, skipping.
11-05 13:09 root         DEBUG    No ITS stop or start sites were identified for sequence SRR12683212.477.1, skipping.
11-05 13:09 root         DEBUG    No ITS stop or start sites were identified for sequence SRR12683212.44.1, skipping.
11-05 13:09 root         DEBUG    No ITS stop or start sites were identified for sequence SRR12683212.233.1, skipping.
11-05 13:09 root         DEBUG    No ITS stop or start sites were identified for sequence SRR12683212.515.1, skipping.
11-05 13:09 root         DEBUG    No ITS stop or start sites were identified for sequence SRR12683212.545.1, skipping.
11-05 13:09 root         DEBUG    No ITS stop or start sites were identified for sequence SRR12683212.560.1, skipping.
11-05 13:09 root         DEBUG    No ITS stop or start sites were identified for sequence SRR12683212.561.1, skipping.
11-05 13:09 root         DEBUG    No ITS stop or start sites were identified for sequence SRR12683212.562.1, skipping.
11-05 13:09 root         DEBUG    No ITS stop or start sites were identified for sequence SRR12683212.566.1, skipping.
11-05 13:09 root         DEBUG    No ITS stop or start sites were identified for sequence SRR12683212.568.1, skipping.
11-05 13:09 root         DEBUG    No ITS stop or start sites were identified for sequence SRR12683212.44.1, skipping.
11-05 13:09 root         DEBUG    No ITS stop or start sites were identified for sequence SRR12683212.571.1, skipping.
11-05 13:09 root         DEBUG    No ITS stop or start sites were identified for sequence SRR12683212.574.1, skipping.
11-05 13:09 root         DEBUG    No ITS stop or start sites were identified for sequence SRR12683212.590.1, skipping.
11-05 13:09 root         DEBUG    No ITS stop or start sites were identified for sequence SRR12683212.162.1, skipping.
11-05 13:09 root         DEBUG    No ITS stop or start sites were identified for sequence SRR12683212.44.1, skipping.
11-05 13:09 root         DEBUG    No ITS stop or start sites were identified for sequence SRR12683212.44.1, skipping.
11-05 13:09 root         DEBUG    No ITS stop or start sites were identified for sequence SRR12683212.615.1, skipping.
11-05 13:09 root         DEBUG    No ITS stop or start sites were identified for sequence SRR12683212.623.1, skipping.
11-05 13:09 root         DEBUG    No ITS stop or start sites were identified for sequence SRR12683212.624.1, skipping.
11-05 13:09 root         DEBUG    No ITS stop or start sites were identified for sequence SRR12683212.636.1, skipping.
11-05 13:09 root         DEBUG    No ITS stop or start sites were identified for sequence SRR12683212.661.1, skipping.
11-05 13:09 root         DEBUG    No ITS stop or start sites were identified for sequence SRR12683212.662.1, skipping.
11-05 13:09 root         DEBUG    No ITS stop or start sites were identified for sequence SRR12683212.663.1, skipping.
11-05 13:09 root         DEBUG    No ITS stop or start sites were identified for sequence SRR12683212.44.1, skipping.
11-05 13:09 root         DEBUG    No ITS stop or start sites were identified for sequence SRR12683212.44.1, skipping.
11-05 13:09 root         DEBUG    No ITS stop or start sites were identified for sequence SRR12683212.701.1, skipping.
11-05 13:09 root         DEBUG    No ITS stop or start sites were identified for sequence SRR12683212.33.1, skipping.
11-05 13:09 root         DEBUG    No ITS stop or start sites were identified for sequence SRR12683212.711.1, skipping.
11-05 13:09 root         DEBUG    No ITS stop or start sites were identified for sequence SRR12683212.716.1, skipping.
11-05 13:09 root         DEBUG    No ITS stop or start sites were identified for sequence SRR12683212.717.1, skipping.
11-05 13:09 root         DEBUG    No ITS stop or start sites were identified for sequence SRR12683212.718.1, skipping.
11-05 13:09 root         DEBUG    No ITS stop or start sites were identified for sequence SRR12683212.766.1, skipping.
11-05 13:09 root         DEBUG    No ITS stop or start sites were identified for sequence SRR12683212.767.1, skipping.
11-05 13:09 root         DEBUG    No ITS stop or start sites were identified for sequence SRR12683212.768.1, skipping.
11-05 13:09 root         DEBUG    No ITS stop or start sites were identified for sequence SRR12683212.770.1, skipping.
11-05 13:09 root         DEBUG    No ITS stop or start sites were identified for sequence SRR12683212.791.1, skipping.
11-05 13:09 root         DEBUG    No ITS stop or start sites were identified for sequence SRR12683212.792.1, skipping.
11-05 13:09 root         DEBUG    No ITS stop or start sites were identified for sequence SRR12683212.793.1, skipping.
11-05 13:09 root         DEBUG    No ITS stop or start sites were identified for sequence SRR12683212.815.1, skipping.
11-05 13:09 root         DEBUG    No ITS stop or start sites were identified for sequence SRR12683212.44.1, skipping.
11-05 13:09 root         DEBUG    No ITS stop or start sites were identified for sequence SRR12683212.825.1, skipping.
11-05 13:09 root         DEBUG    No ITS stop or start sites were identified for sequence SRR12683212.826.1, skipping.
11-05 13:09 root         DEBUG    No ITS stop or start sites were identified for sequence SRR12683212.841.1, skipping.
11-05 13:09 root         DEBUG    No ITS stop or start sites were identified for sequence SRR12683212.849.1, skipping.
11-05 13:09 root         DEBUG    No ITS stop or start sites were identified for sequence SRR12683212.44.1, skipping.
11-05 13:09 root         DEBUG    No ITS stop or start sites were identified for sequence SRR12683212.44.1, skipping.
11-05 13:09 root         DEBUG    No ITS stop or start sites were identified for sequence SRR12683212.866.1, skipping.
11-05 13:09 root         DEBUG    No ITS stop or start sites were identified for sequence SRR12683212.939.1, skipping.
11-05 13:09 root         DEBUG    No ITS stop or start sites were identified for sequence SRR12683212.825.1, skipping.
11-05 13:09 root         DEBUG    No ITS stop or start sites were identified for sequence SRR12683212.943.1, skipping.
11-05 13:09 root         DEBUG    No ITS stop or start sites were identified for sequence SRR12683212.971.1, skipping.
11-05 13:09 root         DEBUG    No ITS stop or start sites were identified for sequence SRR12683212.990.1, skipping.
11-05 13:09 root         DEBUG    No ITS stop or start sites were identified for sequence SRR12683212.991.1, skipping.
11-05 13:09 root         DEBUG    No ITS stop or start sites were identified for sequence SRR12683212.1008.1, skipping.
11-05 13:09 root         DEBUG    No ITS stop or start sites were identified for sequence SRR12683212.44.1, skipping.
11-05 13:09 root         DEBUG    No ITS stop or start sites were identified for sequence SRR12683212.44.1, skipping.
11-05 13:09 root         DEBUG    No ITS stop or start sites were identified for sequence SRR12683212.1011.1, skipping.
11-05 13:09 root         DEBUG    No ITS stop or start sites were identified for sequence SRR12683212.162.1, skipping.
11-05 13:09 root         DEBUG    No ITS stop or start sites were identified for sequence SRR12683212.1022.1, skipping.
11-05 13:09 root         DEBUG    No ITS stop or start sites were identified for sequence SRR12683212.162.1, skipping.
11-05 13:09 root         DEBUG    No ITS stop or start sites were identified for sequence SRR12683212.195.1, skipping.
11-05 13:09 root         DEBUG    No ITS stop or start sites were identified for sequence SRR12683212.44.1, skipping.
11-05 13:09 root         DEBUG    No ITS stop or start sites were identified for sequence SRR12683212.44.1, skipping.
11-05 13:09 root         DEBUG    No ITS stop or start sites were identified for sequence SRR12683212.991.1, skipping.
11-05 13:09 root         DEBUG    No ITS stop or start sites were identified for sequence SRR12683212.991.1, skipping.
11-05 13:09 root         DEBUG    No ITS stop or start sites were identified for sequence SRR12683212.1069.1, skipping.
11-05 13:09 root         DEBUG    No ITS stop or start sites were identified for sequence SRR12683212.1070.1, skipping.
11-05 13:09 root         DEBUG    No ITS stop or start sites were identified for sequence SRR12683212.1071.1, skipping.
11-05 13:09 root         DEBUG    No ITS stop or start sites were identified for sequence SRR12683212.1072.1, skipping.
11-05 13:09 root         DEBUG    No ITS stop or start sites were identified for sequence SRR12683212.44.1, skipping.
11-05 13:09 root         DEBUG    No ITS stop or start sites were identified for sequence SRR12683212.1074.1, skipping.
11-05 13:09 root         DEBUG    No ITS stop or start sites were identified for sequence SRR12683212.571.1, skipping.
11-05 13:09 root         DEBUG    No ITS stop or start sites were identified for sequence SRR12683212.1078.1, skipping.
11-05 13:09 root         DEBUG    No ITS stop or start sites were identified for sequence SRR12683212.1079.1, skipping.
11-05 13:09 root         DEBUG    No ITS stop or start sites were identified for sequence SRR12683212.73.1, skipping.
11-05 13:09 root         DEBUG    No ITS stop or start sites were identified for sequence SRR12683212.1086.1, skipping.
11-05 13:09 root         DEBUG    No ITS stop or start sites were identified for sequence SRR12683212.1087.1, skipping.
11-05 13:09 root         DEBUG    No ITS stop or start sites were identified for sequence SRR12683212.1088.1, skipping.
11-05 13:09 root         DEBUG    No ITS stop or start sites were identified for sequence SRR12683212.1093.1, skipping.
11-05 13:09 root         DEBUG    No ITS stop or start sites were identified for sequence SRR12683212.1094.1, skipping.
11-05 13:09 root         DEBUG    No ITS stop or start sites were identified for sequence SRR12683212.44.1, skipping.
11-05 13:09 root         DEBUG    No ITS stop or start sites were identified for sequence SRR12683212.1125.1, skipping.
11-05 13:09 root         DEBUG    No ITS stop or start sites were identified for sequence SRR12683212.1126.1, skipping.
11-05 13:09 root         DEBUG    No ITS stop or start sites were identified for sequence SRR12683212.1127.1, skipping.
11-05 13:09 root         DEBUG    No ITS stop or start sites were identified for sequence SRR12683212.1128.1, skipping.
11-05 13:09 root         DEBUG    No ITS stop or start sites were identified for sequence SRR12683212.1129.1, skipping.
11-05 13:09 root         DEBUG    No ITS stop or start sites were identified for sequence SRR12683212.1131.1, skipping.
11-05 13:09 root         DEBUG    No ITS stop or start sites were identified for sequence SRR12683212.44.1, skipping.
11-05 13:09 root         DEBUG    No ITS stop or start sites were identified for sequence SRR12683212.44.1, skipping.
11-05 13:09 root         DEBUG    No ITS stop or start sites were identified for sequence SRR12683212.716.1, skipping.
11-05 13:09 root         DEBUG    No ITS stop or start sites were identified for sequence SRR12683212.1191.1, skipping.
11-05 13:09 root         DEBUG    No ITS stop or start sites were identified for sequence SRR12683212.1192.1, skipping.
11-05 13:09 root         DEBUG    No ITS stop or start sites were identified for sequence SRR12683212.1193.1, skipping.
11-05 13:09 root         DEBUG    No ITS stop or start sites were identified for sequence SRR12683212.716.1, skipping.
11-05 13:09 root         DEBUG    No ITS stop or start sites were identified for sequence SRR12683212.1226.1, skipping.
11-05 13:09 root         DEBUG    No ITS stop or start sites were identified for sequence SRR12683212.162.1, skipping.
11-05 13:09 root         DEBUG    No ITS stop or start sites were identified for sequence SRR12683212.1301.1, skipping.
11-05 13:09 root         DEBUG    No ITS stop or start sites were identified for sequence SRR12683212.1302.1, skipping.
11-05 13:09 root         DEBUG    No ITS stop or start sites were identified for sequence SRR12683212.1325.1, skipping.
11-05 13:09 root         DEBUG    No ITS stop or start sites were identified for sequence SRR12683212.162.1, skipping.
11-05 13:09 root         DEBUG    No ITS stop or start sites were identified for sequence SRR12683212.1343.1, skipping.
11-05 13:09 root         DEBUG    No ITS stop or start sites were identified for sequence SRR12683212.1370.1, skipping.
11-05 13:09 root         DEBUG    No ITS stop or start sites were identified for sequence SRR12683212.1371.1, skipping.
11-05 13:09 root         DEBUG    No ITS stop or start sites were identified for sequence SRR12683212.1384.1, skipping.
11-05 13:09 root         DEBUG    No ITS stop or start sites were identified for sequence SRR12683212.1394.1, skipping.
11-05 13:09 root         DEBUG    No ITS stop or start sites were identified for sequence SRR12683212.1395.1, skipping.
11-05 13:09 root         DEBUG    No ITS stop or start sites were identified for sequence SRR12683212.1429.1, skipping.
11-05 13:09 root         DEBUG    No ITS stop or start sites were identified for sequence SRR12683212.44.1, skipping.
11-05 13:09 root         DEBUG    No ITS stop or start sites were identified for sequence SRR12683212.1465.1, skipping.
11-05 13:09 root         DEBUG    No ITS stop or start sites were identified for sequence SRR12683212.1466.1, skipping.
11-05 13:09 root         DEBUG    No ITS stop or start sites were identified for sequence SRR12683212.44.1, skipping.
11-05 13:09 root         DEBUG    No ITS stop or start sites were identified for sequence SRR12683212.162.1, skipping.
11-05 13:09 root         DEBUG    No ITS stop or start sites were identified for sequence SRR12683212.1493.1, skipping.
11-05 13:09 root         DEBUG    No ITS stop or start sites were identified for sequence SRR12683212.1512.1, skipping.
11-05 13:09 root         DEBUG    No ITS stop or start sites were identified for sequence SRR12683212.44.1, skipping.
11-05 13:09 root         DEBUG    No ITS stop or start sites were identified for sequence SRR12683212.1519.1, skipping.
11-05 13:09 root         DEBUG    No ITS stop or start sites were identified for sequence SRR12683212.1520.1, skipping.
11-05 13:09 root         DEBUG    No ITS stop or start sites were identified for sequence SRR12683212.1528.1, skipping.
11-05 13:09 root         DEBUG    No ITS stop or start sites were identified for sequence SRR12683212.1528.1, skipping.
11-05 13:09 root         DEBUG    No ITS stop or start sites were identified for sequence SRR12683212.1532.1, skipping.
11-05 13:09 root         DEBUG    No ITS stop or start sites were identified for sequence SRR12683212.1534.1, skipping.
11-05 13:09 root         DEBUG    No ITS stop or start sites were identified for sequence SRR12683212.44.1, skipping.
11-05 13:09 root         DEBUG    No ITS stop or start sites were identified for sequence SRR12683212.44.1, skipping.
11-05 13:09 root         DEBUG    No ITS stop or start sites were identified for sequence SRR12683212.1568.1, skipping.
11-05 13:09 root         DEBUG    No ITS stop or start sites were identified for sequence SRR12683212.1569.1, skipping.
11-05 13:09 root         DEBUG    No ITS stop or start sites were identified for sequence SRR12683212.162.1, skipping.
11-05 13:09 root         DEBUG    No ITS stop or start sites were identified for sequence SRR12683212.1583.1, skipping.
11-05 13:09 root         DEBUG    No ITS stop or start sites were identified for sequence SRR12683212.1584.1, skipping.
11-05 13:09 root         DEBUG    No ITS stop or start sites were identified for sequence SRR12683212.1585.1, skipping.
11-05 13:09 root         DEBUG    No ITS stop or start sites were identified for sequence SRR12683212.1596.1, skipping.
11-05 13:09 root         DEBUG    No ITS stop or start sites were identified for sequence SRR12683212.1597.1, skipping.
11-05 13:09 root         DEBUG    No ITS stop or start sites were identified for sequence SRR12683212.1599.1, skipping.
11-05 13:09 root         DEBUG    No ITS stop or start sites were identified for sequence SRR12683212.44.1, skipping.
11-05 13:09 root         DEBUG    No ITS stop or start sites were identified for sequence SRR12683212.1610.1, skipping.
11-05 13:09 root         DEBUG    No ITS stop or start sites were identified for sequence SRR12683212.1613.1, skipping.
11-05 13:09 root         DEBUG    No ITS stop or start sites were identified for sequence SRR12683212.1614.1, skipping.
11-05 13:09 root         DEBUG    No ITS stop or start sites were identified for sequence SRR12683212.1623.1, skipping.
11-05 13:09 root         DEBUG    No ITS stop or start sites were identified for sequence SRR12683212.1624.1, skipping.
11-05 13:09 root         DEBUG    No ITS stop or start sites were identified for sequence SRR12683212.1625.1, skipping.
11-05 13:09 root         DEBUG    No ITS stop or start sites were identified for sequence SRR12683212.44.1, skipping.
11-05 13:09 root         DEBUG    No ITS stop or start sites were identified for sequence SRR12683212.1647.1, skipping.
11-05 13:09 root         DEBUG    No ITS stop or start sites were identified for sequence SRR12683212.1658.1, skipping.
11-05 13:09 root         DEBUG    No ITS stop or start sites were identified for sequence SRR12683212.44.1, skipping.
11-05 13:09 root         DEBUG    No ITS stop or start sites were identified for sequence SRR12683212.1688.1, skipping.
11-05 13:09 root         DEBUG    No ITS stop or start sites were identified for sequence SRR12683212.44.1, skipping.
11-05 13:09 root         DEBUG    No ITS stop or start sites were identified for sequence SRR12683212.1710.1, skipping.
11-05 13:09 root         INFO     ITSxpress ran in 00:00:36
