11-05 11:35 root         INFO     Verifying the input sequences.
11-05 11:36 root         INFO     Sequences are assumed to be single-end.
11-05 11:36 root         INFO     Temporary directory is: /tmp/itsxpress_741zyjsk
11-05 11:36 root         INFO     Unique sequences are being written to a temporary FASTA file with Vsearch.
11-05 11:37 root         INFO     vsearch v2.7.1_linux_x86_64, 15.6GB RAM, 4 cores
https://github.com/torognes/vsearch

Reading file SRR12683193_pass_1.fastq.gz 100%
515292806 nt in 1712626 seqs, min 35, max 301, avg 301
Dereplicating 100%
Sorting 100%
439010 unique sequences, avg cluster 3.9, median 1, max 542858
Writing output file 100%
Writing uc file, first part 100%
Writing uc file, second part 100%

11-05 11:37 root         INFO     Searching for ITS start and stop sites using HMMSearch. This step takes a while.
11-05 13:01 root         INFO     Parsing HMM results.
11-05 13:04 root         INFO     Writing out sequences
11-05 13:04 root         DEBUG    No ITS stop or start sites were identified for sequence SRR12683193.9072.1, skipping.
11-05 13:04 root         DEBUG    No ITS stop or start sites were identified for sequence SRR12683193.27560.1, skipping.
11-05 13:04 root         DEBUG    No ITS stop or start sites were identified for sequence SRR12683193.27576.1, skipping.
11-05 13:04 root         DEBUG    No ITS stop or start sites were identified for sequence SRR12683193.33058.1, skipping.
11-05 13:04 root         DEBUG    No ITS stop or start sites were identified for sequence SRR12683193.36147.1, skipping.
11-05 13:04 root         DEBUG    No ITS stop or start sites were identified for sequence SRR12683193.44144.1, skipping.
11-05 13:04 root         DEBUG    No ITS stop or start sites were identified for sequence SRR12683193.51224.1, skipping.
11-05 13:04 root         DEBUG    No ITS stop or start sites were identified for sequence SRR12683193.57865.1, skipping.
11-05 13:04 root         DEBUG    No ITS stop or start sites were identified for sequence SRR12683193.69880.1, skipping.
11-05 13:04 root         DEBUG    No ITS stop or start sites were identified for sequence SRR12683193.69882.1, skipping.
11-05 13:04 root         DEBUG    No ITS stop or start sites were identified for sequence SRR12683193.70224.1, skipping.
11-05 13:04 root         DEBUG    No ITS stop or start sites were identified for sequence SRR12683193.71868.1, skipping.
11-05 13:04 root         DEBUG    No ITS stop or start sites were identified for sequence SRR12683193.72038.1, skipping.
11-05 13:04 root         DEBUG    No ITS stop or start sites were identified for sequence SRR12683193.73634.1, skipping.
11-05 13:04 root         DEBUG    No ITS stop or start sites were identified for sequence SRR12683193.74910.1, skipping.
11-05 13:04 root         DEBUG    No ITS stop or start sites were identified for sequence SRR12683193.79219.1, skipping.
11-05 13:04 root         DEBUG    No ITS stop or start sites were identified for sequence SRR12683193.79245.1, skipping.
11-05 13:04 root         DEBUG    No ITS stop or start sites were identified for sequence SRR12683193.79656.1, skipping.
11-05 13:04 root         DEBUG    No ITS stop or start sites were identified for sequence SRR12683193.79658.1, skipping.
11-05 13:04 root         DEBUG    No ITS stop or start sites were identified for sequence SRR12683193.79660.1, skipping.
11-05 13:04 root         DEBUG    No ITS stop or start sites were identified for sequence SRR12683193.95668.1, skipping.
11-05 13:04 root         DEBUG    No ITS stop or start sites were identified for sequence SRR12683193.100955.1, skipping.
11-05 13:04 root         DEBUG    No ITS stop or start sites were identified for sequence SRR12683193.112586.1, skipping.
11-05 13:04 root         DEBUG    No ITS stop or start sites were identified for sequence SRR12683193.112594.1, skipping.
11-05 13:04 root         DEBUG    No ITS stop or start sites were identified for sequence SRR12683193.112602.1, skipping.
11-05 13:04 root         DEBUG    No ITS stop or start sites were identified for sequence SRR12683193.115472.1, skipping.
11-05 13:04 root         DEBUG    No ITS stop or start sites were identified for sequence SRR12683193.117074.1, skipping.
11-05 13:04 root         DEBUG    No ITS stop or start sites were identified for sequence SRR12683193.120418.1, skipping.
11-05 13:04 root         DEBUG    No ITS stop or start sites were identified for sequence SRR12683193.122096.1, skipping.
11-05 13:04 root         DEBUG    No ITS stop or start sites were identified for sequence SRR12683193.122101.1, skipping.
11-05 13:04 root         DEBUG    No ITS stop or start sites were identified for sequence SRR12683193.127855.1, skipping.
11-05 13:04 root         DEBUG    No ITS stop or start sites were identified for sequence SRR12683193.134615.1, skipping.
11-05 13:04 root         DEBUG    No ITS stop or start sites were identified for sequence SRR12683193.120418.1, skipping.
11-05 13:04 root         DEBUG    No ITS stop or start sites were identified for sequence SRR12683193.145156.1, skipping.
11-05 13:04 root         DEBUG    No ITS stop or start sites were identified for sequence SRR12683193.145180.1, skipping.
11-05 13:04 root         DEBUG    No ITS stop or start sites were identified for sequence SRR12683193.155822.1, skipping.
11-05 13:04 root         DEBUG    No ITS stop or start sites were identified for sequence SRR12683193.156248.1, skipping.
11-05 13:04 root         DEBUG    No ITS stop or start sites were identified for sequence SRR12683193.158981.1, skipping.
11-05 13:04 root         DEBUG    No ITS stop or start sites were identified for sequence SRR12683193.161765.1, skipping.
11-05 13:04 root         DEBUG    No ITS stop or start sites were identified for sequence SRR12683193.161850.1, skipping.
11-05 13:04 root         DEBUG    No ITS stop or start sites were identified for sequence SRR12683193.161886.1, skipping.
11-05 13:04 root         DEBUG    No ITS stop or start sites were identified for sequence SRR12683193.165198.1, skipping.
11-05 13:04 root         DEBUG    No ITS stop or start sites were identified for sequence SRR12683193.165201.1, skipping.
11-05 13:04 root         DEBUG    No ITS stop or start sites were identified for sequence SRR12683193.165202.1, skipping.
11-05 13:04 root         DEBUG    No ITS stop or start sites were identified for sequence SRR12683193.165205.1, skipping.
11-05 13:04 root         DEBUG    No ITS stop or start sites were identified for sequence SRR12683193.165211.1, skipping.
11-05 13:04 root         DEBUG    No ITS stop or start sites were identified for sequence SRR12683193.165212.1, skipping.
11-05 13:04 root         DEBUG    No ITS stop or start sites were identified for sequence SRR12683193.165218.1, skipping.
11-05 13:04 root         DEBUG    No ITS stop or start sites were identified for sequence SRR12683193.165227.1, skipping.
11-05 13:04 root         DEBUG    No ITS stop or start sites were identified for sequence SRR12683193.165655.1, skipping.
11-05 13:04 root         DEBUG    No ITS stop or start sites were identified for sequence SRR12683193.165665.1, skipping.
11-05 13:04 root         DEBUG    No ITS stop or start sites were identified for sequence SRR12683193.182598.1, skipping.
11-05 13:04 root         DEBUG    No ITS stop or start sites were identified for sequence SRR12683193.188472.1, skipping.
11-05 13:04 root         DEBUG    No ITS stop or start sites were identified for sequence SRR12683193.188984.1, skipping.
11-05 13:04 root         DEBUG    No ITS stop or start sites were identified for sequence SRR12683193.192137.1, skipping.
11-05 13:04 root         DEBUG    No ITS stop or start sites were identified for sequence SRR12683193.199787.1, skipping.
11-05 13:04 root         DEBUG    No ITS stop or start sites were identified for sequence SRR12683193.200481.1, skipping.
11-05 13:04 root         DEBUG    No ITS stop or start sites were identified for sequence SRR12683193.203198.1, skipping.
11-05 13:04 root         DEBUG    No ITS stop or start sites were identified for sequence SRR12683193.203229.1, skipping.
11-05 13:04 root         DEBUG    No ITS stop or start sites were identified for sequence SRR12683193.203847.1, skipping.
11-05 13:04 root         DEBUG    No ITS stop or start sites were identified for sequence SRR12683193.204333.1, skipping.
11-05 13:04 root         DEBUG    No ITS stop or start sites were identified for sequence SRR12683193.207198.1, skipping.
11-05 13:04 root         DEBUG    No ITS stop or start sites were identified for sequence SRR12683193.222207.1, skipping.
11-05 13:04 root         DEBUG    No ITS stop or start sites were identified for sequence SRR12683193.224505.1, skipping.
11-05 13:04 root         DEBUG    No ITS stop or start sites were identified for sequence SRR12683193.120418.1, skipping.
11-05 13:04 root         DEBUG    No ITS stop or start sites were identified for sequence SRR12683193.232274.1, skipping.
11-05 13:04 root         DEBUG    No ITS stop or start sites were identified for sequence SRR12683193.242938.1, skipping.
11-05 13:04 root         DEBUG    No ITS stop or start sites were identified for sequence SRR12683193.243413.1, skipping.
11-05 13:04 root         DEBUG    No ITS stop or start sites were identified for sequence SRR12683193.246472.1, skipping.
11-05 13:04 root         DEBUG    No ITS stop or start sites were identified for sequence SRR12683193.252201.1, skipping.
11-05 13:04 root         DEBUG    No ITS stop or start sites were identified for sequence SRR12683193.252651.1, skipping.
11-05 13:04 root         DEBUG    No ITS stop or start sites were identified for sequence SRR12683193.252699.1, skipping.
11-05 13:04 root         DEBUG    No ITS stop or start sites were identified for sequence SRR12683193.252706.1, skipping.
11-05 13:04 root         DEBUG    No ITS stop or start sites were identified for sequence SRR12683193.259929.1, skipping.
11-05 13:04 root         DEBUG    No ITS stop or start sites were identified for sequence SRR12683193.263473.1, skipping.
11-05 13:04 root         DEBUG    No ITS stop or start sites were identified for sequence SRR12683193.264960.1, skipping.
11-05 13:04 root         DEBUG    No ITS stop or start sites were identified for sequence SRR12683193.286769.1, skipping.
11-05 13:04 root         DEBUG    No ITS stop or start sites were identified for sequence SRR12683193.286772.1, skipping.
11-05 13:04 root         DEBUG    No ITS stop or start sites were identified for sequence SRR12683193.286779.1, skipping.
11-05 13:04 root         DEBUG    No ITS stop or start sites were identified for sequence SRR12683193.286803.1, skipping.
11-05 13:04 root         DEBUG    No ITS stop or start sites were identified for sequence SRR12683193.286833.1, skipping.
11-05 13:04 root         DEBUG    No ITS stop or start sites were identified for sequence SRR12683193.287831.1, skipping.
11-05 13:04 root         DEBUG    No ITS stop or start sites were identified for sequence SRR12683193.288013.1, skipping.
11-05 13:04 root         DEBUG    No ITS stop or start sites were identified for sequence SRR12683193.288052.1, skipping.
11-05 13:04 root         DEBUG    No ITS stop or start sites were identified for sequence SRR12683193.290567.1, skipping.
11-05 13:04 root         DEBUG    No ITS stop or start sites were identified for sequence SRR12683193.291105.1, skipping.
11-05 13:04 root         DEBUG    No ITS stop or start sites were identified for sequence SRR12683193.292138.1, skipping.
11-05 13:04 root         DEBUG    No ITS stop or start sites were identified for sequence SRR12683193.292164.1, skipping.
11-05 13:04 root         DEBUG    No ITS stop or start sites were identified for sequence SRR12683193.293993.1, skipping.
11-05 13:04 root         DEBUG    No ITS stop or start sites were identified for sequence SRR12683193.296096.1, skipping.
11-05 13:04 root         DEBUG    No ITS stop or start sites were identified for sequence SRR12683193.296119.1, skipping.
11-05 13:04 root         DEBUG    No ITS stop or start sites were identified for sequence SRR12683193.296127.1, skipping.
11-05 13:04 root         DEBUG    No ITS stop or start sites were identified for sequence SRR12683193.296140.1, skipping.
11-05 13:04 root         DEBUG    No ITS stop or start sites were identified for sequence SRR12683193.296152.1, skipping.
11-05 13:04 root         DEBUG    No ITS stop or start sites were identified for sequence SRR12683193.296155.1, skipping.
11-05 13:04 root         DEBUG    No ITS stop or start sites were identified for sequence SRR12683193.296160.1, skipping.
11-05 13:04 root         DEBUG    No ITS stop or start sites were identified for sequence SRR12683193.309094.1, skipping.
11-05 13:04 root         DEBUG    No ITS stop or start sites were identified for sequence SRR12683193.321598.1, skipping.
11-05 13:04 root         DEBUG    No ITS stop or start sites were identified for sequence SRR12683193.120418.1, skipping.
11-05 13:04 root         DEBUG    No ITS stop or start sites were identified for sequence SRR12683193.324352.1, skipping.
11-05 13:04 root         DEBUG    No ITS stop or start sites were identified for sequence SRR12683193.330319.1, skipping.
11-05 13:04 root         DEBUG    No ITS stop or start sites were identified for sequence SRR12683193.330321.1, skipping.
11-05 13:04 root         DEBUG    No ITS stop or start sites were identified for sequence SRR12683193.330322.1, skipping.
11-05 13:04 root         DEBUG    No ITS stop or start sites were identified for sequence SRR12683193.330330.1, skipping.
11-05 13:04 root         DEBUG    No ITS stop or start sites were identified for sequence SRR12683193.330373.1, skipping.
11-05 13:04 root         DEBUG    No ITS stop or start sites were identified for sequence SRR12683193.330375.1, skipping.
11-05 13:04 root         DEBUG    No ITS stop or start sites were identified for sequence SRR12683193.330414.1, skipping.
11-05 13:04 root         DEBUG    No ITS stop or start sites were identified for sequence SRR12683193.332093.1, skipping.
11-05 13:04 root         DEBUG    No ITS stop or start sites were identified for sequence SRR12683193.332115.1, skipping.
11-05 13:04 root         DEBUG    No ITS stop or start sites were identified for sequence SRR12683193.333569.1, skipping.
11-05 13:04 root         DEBUG    No ITS stop or start sites were identified for sequence SRR12683193.335776.1, skipping.
11-05 13:04 root         DEBUG    No ITS stop or start sites were identified for sequence SRR12683193.336245.1, skipping.
11-05 13:04 root         DEBUG    No ITS stop or start sites were identified for sequence SRR12683193.339852.1, skipping.
11-05 13:04 root         DEBUG    No ITS stop or start sites were identified for sequence SRR12683193.339857.1, skipping.
11-05 13:04 root         DEBUG    No ITS stop or start sites were identified for sequence SRR12683193.339859.1, skipping.
11-05 13:04 root         DEBUG    No ITS stop or start sites were identified for sequence SRR12683193.339860.1, skipping.
11-05 13:04 root         DEBUG    No ITS stop or start sites were identified for sequence SRR12683193.339871.1, skipping.
11-05 13:04 root         DEBUG    No ITS stop or start sites were identified for sequence SRR12683193.339874.1, skipping.
11-05 13:04 root         DEBUG    No ITS stop or start sites were identified for sequence SRR12683193.339883.1, skipping.
11-05 13:04 root         DEBUG    No ITS stop or start sites were identified for sequence SRR12683193.339895.1, skipping.
11-05 13:04 root         DEBUG    No ITS stop or start sites were identified for sequence SRR12683193.339908.1, skipping.
11-05 13:04 root         DEBUG    No ITS stop or start sites were identified for sequence SRR12683193.340956.1, skipping.
11-05 13:04 root         DEBUG    No ITS stop or start sites were identified for sequence SRR12683193.342397.1, skipping.
11-05 13:04 root         DEBUG    No ITS stop or start sites were identified for sequence SRR12683193.352770.1, skipping.
11-05 13:04 root         DEBUG    No ITS stop or start sites were identified for sequence SRR12683193.363458.1, skipping.
11-05 13:04 root         DEBUG    No ITS stop or start sites were identified for sequence SRR12683193.373916.1, skipping.
11-05 13:04 root         DEBUG    No ITS stop or start sites were identified for sequence SRR12683193.373929.1, skipping.
11-05 13:04 root         DEBUG    No ITS stop or start sites were identified for sequence SRR12683193.374929.1, skipping.
11-05 13:04 root         DEBUG    No ITS stop or start sites were identified for sequence SRR12683193.375689.1, skipping.
11-05 13:04 root         DEBUG    No ITS stop or start sites were identified for sequence SRR12683193.377605.1, skipping.
11-05 13:04 root         DEBUG    No ITS stop or start sites were identified for sequence SRR12683193.382988.1, skipping.
11-05 13:04 root         DEBUG    No ITS stop or start sites were identified for sequence SRR12683193.383836.1, skipping.
11-05 13:04 root         DEBUG    No ITS stop or start sites were identified for sequence SRR12683193.384775.1, skipping.
11-05 13:04 root         DEBUG    No ITS stop or start sites were identified for sequence SRR12683193.384930.1, skipping.
11-05 13:04 root         DEBUG    No ITS stop or start sites were identified for sequence SRR12683193.391337.1, skipping.
11-05 13:04 root         DEBUG    No ITS stop or start sites were identified for sequence SRR12683193.395812.1, skipping.
11-05 13:04 root         DEBUG    No ITS stop or start sites were identified for sequence SRR12683193.416143.1, skipping.
11-05 13:04 root         DEBUG    No ITS stop or start sites were identified for sequence SRR12683193.416726.1, skipping.
11-05 13:04 root         DEBUG    No ITS stop or start sites were identified for sequence SRR12683193.416727.1, skipping.
11-05 13:04 root         DEBUG    No ITS stop or start sites were identified for sequence SRR12683193.416742.1, skipping.
11-05 13:04 root         DEBUG    No ITS stop or start sites were identified for sequence SRR12683193.416746.1, skipping.
11-05 13:04 root         DEBUG    No ITS stop or start sites were identified for sequence SRR12683193.416786.1, skipping.
11-05 13:04 root         DEBUG    No ITS stop or start sites were identified for sequence SRR12683193.416839.1, skipping.
11-05 13:04 root         DEBUG    No ITS stop or start sites were identified for sequence SRR12683193.418799.1, skipping.
11-05 13:04 root         DEBUG    No ITS stop or start sites were identified for sequence SRR12683193.418830.1, skipping.
11-05 13:04 root         DEBUG    No ITS stop or start sites were identified for sequence SRR12683193.420437.1, skipping.
11-05 13:04 root         DEBUG    No ITS stop or start sites were identified for sequence SRR12683193.421961.1, skipping.
11-05 13:04 root         DEBUG    No ITS stop or start sites were identified for sequence SRR12683193.422790.1, skipping.
11-05 13:04 root         DEBUG    No ITS stop or start sites were identified for sequence SRR12683193.426073.1, skipping.
11-05 13:04 root         DEBUG    No ITS stop or start sites were identified for sequence SRR12683193.426080.1, skipping.
11-05 13:04 root         DEBUG    No ITS stop or start sites were identified for sequence SRR12683193.426099.1, skipping.
11-05 13:04 root         DEBUG    No ITS stop or start sites were identified for sequence SRR12683193.426112.1, skipping.
11-05 13:04 root         DEBUG    No ITS stop or start sites were identified for sequence SRR12683193.426113.1, skipping.
11-05 13:04 root         DEBUG    No ITS stop or start sites were identified for sequence SRR12683193.426358.1, skipping.
11-05 13:04 root         DEBUG    No ITS stop or start sites were identified for sequence SRR12683193.449541.1, skipping.
11-05 13:04 root         DEBUG    No ITS stop or start sites were identified for sequence SRR12683193.456227.1, skipping.
11-05 13:04 root         DEBUG    No ITS stop or start sites were identified for sequence SRR12683193.459966.1, skipping.
11-05 13:04 root         DEBUG    No ITS stop or start sites were identified for sequence SRR12683193.459990.1, skipping.
11-05 13:04 root         DEBUG    No ITS stop or start sites were identified for sequence SRR12683193.460005.1, skipping.
11-05 13:04 root         DEBUG    No ITS stop or start sites were identified for sequence SRR12683193.460273.1, skipping.
11-05 13:04 root         DEBUG    No ITS stop or start sites were identified for sequence SRR12683193.460430.1, skipping.
11-05 13:04 root         DEBUG    No ITS stop or start sites were identified for sequence SRR12683193.462637.1, skipping.
11-05 13:04 root         DEBUG    No ITS stop or start sites were identified for sequence SRR12683193.464126.1, skipping.
11-05 13:04 root         DEBUG    No ITS stop or start sites were identified for sequence SRR12683193.464152.1, skipping.
11-05 13:04 root         DEBUG    No ITS stop or start sites were identified for sequence SRR12683193.465624.1, skipping.
11-05 13:04 root         DEBUG    No ITS stop or start sites were identified for sequence SRR12683193.466577.1, skipping.
11-05 13:04 root         DEBUG    No ITS stop or start sites were identified for sequence SRR12683193.467820.1, skipping.
11-05 13:04 root         DEBUG    No ITS stop or start sites were identified for sequence SRR12683193.468112.1, skipping.
11-05 13:04 root         DEBUG    No ITS stop or start sites were identified for sequence SRR12683193.469230.1, skipping.
11-05 13:04 root         DEBUG    No ITS stop or start sites were identified for sequence SRR12683193.469232.1, skipping.
11-05 13:04 root         DEBUG    No ITS stop or start sites were identified for sequence SRR12683193.469233.1, skipping.
11-05 13:04 root         DEBUG    No ITS stop or start sites were identified for sequence SRR12683193.469236.1, skipping.
11-05 13:04 root         DEBUG    No ITS stop or start sites were identified for sequence SRR12683193.469240.1, skipping.
11-05 13:04 root         DEBUG    No ITS stop or start sites were identified for sequence SRR12683193.469249.1, skipping.
11-05 13:04 root         DEBUG    No ITS stop or start sites were identified for sequence SRR12683193.469251.1, skipping.
11-05 13:04 root         DEBUG    No ITS stop or start sites were identified for sequence SRR12683193.469256.1, skipping.
11-05 13:04 root         DEBUG    No ITS stop or start sites were identified for sequence SRR12683193.469267.1, skipping.
11-05 13:04 root         DEBUG    No ITS stop or start sites were identified for sequence SRR12683193.469271.1, skipping.
11-05 13:04 root         DEBUG    No ITS stop or start sites were identified for sequence SRR12683193.469272.1, skipping.
11-05 13:04 root         DEBUG    No ITS stop or start sites were identified for sequence SRR12683193.469276.1, skipping.
11-05 13:04 root         DEBUG    No ITS stop or start sites were identified for sequence SRR12683193.469279.1, skipping.
11-05 13:04 root         DEBUG    No ITS stop or start sites were identified for sequence SRR12683193.469281.1, skipping.
11-05 13:04 root         DEBUG    No ITS stop or start sites were identified for sequence SRR12683193.469283.1, skipping.
11-05 13:04 root         DEBUG    No ITS stop or start sites were identified for sequence SRR12683193.469286.1, skipping.
11-05 13:04 root         DEBUG    No ITS stop or start sites were identified for sequence SRR12683193.469289.1, skipping.
11-05 13:04 root         DEBUG    No ITS stop or start sites were identified for sequence SRR12683193.469290.1, skipping.
11-05 13:04 root         DEBUG    No ITS stop or start sites were identified for sequence SRR12683193.469297.1, skipping.
11-05 13:04 root         DEBUG    No ITS stop or start sites were identified for sequence SRR12683193.469301.1, skipping.
11-05 13:04 root         DEBUG    No ITS stop or start sites were identified for sequence SRR12683193.470448.1, skipping.
11-05 13:04 root         DEBUG    No ITS stop or start sites were identified for sequence SRR12683193.488304.1, skipping.
11-05 13:04 root         DEBUG    No ITS stop or start sites were identified for sequence SRR12683193.492429.1, skipping.
11-05 13:04 root         DEBUG    No ITS stop or start sites were identified for sequence SRR12683193.492447.1, skipping.
11-05 13:04 root         DEBUG    No ITS stop or start sites were identified for sequence SRR12683193.492458.1, skipping.
11-05 13:04 root         DEBUG    No ITS stop or start sites were identified for sequence SRR12683193.502807.1, skipping.
11-05 13:04 root         DEBUG    No ITS stop or start sites were identified for sequence SRR12683193.502824.1, skipping.
11-05 13:04 root         DEBUG    No ITS stop or start sites were identified for sequence SRR12683193.502827.1, skipping.
11-05 13:04 root         DEBUG    No ITS stop or start sites were identified for sequence SRR12683193.502850.1, skipping.
11-05 13:04 root         DEBUG    No ITS stop or start sites were identified for sequence SRR12683193.502873.1, skipping.
11-05 13:04 root         DEBUG    No ITS stop or start sites were identified for sequence SRR12683193.502947.1, skipping.
11-05 13:04 root         DEBUG    No ITS stop or start sites were identified for sequence SRR12683193.503657.1, skipping.
11-05 13:04 root         DEBUG    No ITS stop or start sites were identified for sequence SRR12683193.503690.1, skipping.
11-05 13:04 root         DEBUG    No ITS stop or start sites were identified for sequence SRR12683193.504545.1, skipping.
11-05 13:04 root         DEBUG    No ITS stop or start sites were identified for sequence SRR12683193.505038.1, skipping.
11-05 13:04 root         DEBUG    No ITS stop or start sites were identified for sequence SRR12683193.507670.1, skipping.
11-05 13:04 root         DEBUG    No ITS stop or start sites were identified for sequence SRR12683193.507715.1, skipping.
11-05 13:04 root         DEBUG    No ITS stop or start sites were identified for sequence SRR12683193.507736.1, skipping.
11-05 13:04 root         DEBUG    No ITS stop or start sites were identified for sequence SRR12683193.512077.1, skipping.
11-05 13:04 root         DEBUG    No ITS stop or start sites were identified for sequence SRR12683193.512078.1, skipping.
11-05 13:04 root         DEBUG    No ITS stop or start sites were identified for sequence SRR12683193.512079.1, skipping.
11-05 13:04 root         DEBUG    No ITS stop or start sites were identified for sequence SRR12683193.512083.1, skipping.
11-05 13:04 root         DEBUG    No ITS stop or start sites were identified for sequence SRR12683193.512090.1, skipping.
11-05 13:04 root         DEBUG    No ITS stop or start sites were identified for sequence SRR12683193.512092.1, skipping.
11-05 13:04 root         DEBUG    No ITS stop or start sites were identified for sequence SRR12683193.512094.1, skipping.
11-05 13:04 root         DEBUG    No ITS stop or start sites were identified for sequence SRR12683193.512097.1, skipping.
11-05 13:04 root         DEBUG    No ITS stop or start sites were identified for sequence SRR12683193.512114.1, skipping.
11-05 13:04 root         DEBUG    No ITS stop or start sites were identified for sequence SRR12683193.517660.1, skipping.
11-05 13:04 root         DEBUG    No ITS stop or start sites were identified for sequence SRR12683193.524956.1, skipping.
11-05 13:04 root         DEBUG    No ITS stop or start sites were identified for sequence SRR12683193.524989.1, skipping.
11-05 13:04 root         DEBUG    No ITS stop or start sites were identified for sequence SRR12683193.528200.1, skipping.
11-05 13:04 root         DEBUG    No ITS stop or start sites were identified for sequence SRR12683193.535421.1, skipping.
11-05 13:04 root         DEBUG    No ITS stop or start sites were identified for sequence SRR12683193.535436.1, skipping.
11-05 13:04 root         DEBUG    No ITS stop or start sites were identified for sequence SRR12683193.535476.1, skipping.
11-05 13:04 root         DEBUG    No ITS stop or start sites were identified for sequence SRR12683193.535495.1, skipping.
11-05 13:04 root         DEBUG    No ITS stop or start sites were identified for sequence SRR12683193.546014.1, skipping.
11-05 13:04 root         DEBUG    No ITS stop or start sites were identified for sequence SRR12683193.546026.1, skipping.
11-05 13:04 root         DEBUG    No ITS stop or start sites were identified for sequence SRR12683193.546035.1, skipping.
11-05 13:04 root         DEBUG    No ITS stop or start sites were identified for sequence SRR12683193.547314.1, skipping.
11-05 13:04 root         DEBUG    No ITS stop or start sites were identified for sequence SRR12683193.548358.1, skipping.
11-05 13:04 root         DEBUG    No ITS stop or start sites were identified for sequence SRR12683193.548395.1, skipping.
11-05 13:04 root         DEBUG    No ITS stop or start sites were identified for sequence SRR12683193.548695.1, skipping.
11-05 13:04 root         DEBUG    No ITS stop or start sites were identified for sequence SRR12683193.549698.1, skipping.
11-05 13:04 root         DEBUG    No ITS stop or start sites were identified for sequence SRR12683193.551588.1, skipping.
11-05 13:04 root         DEBUG    No ITS stop or start sites were identified for sequence SRR12683193.555409.1, skipping.
11-05 13:04 root         DEBUG    No ITS stop or start sites were identified for sequence SRR12683193.555410.1, skipping.
11-05 13:04 root         DEBUG    No ITS stop or start sites were identified for sequence SRR12683193.555426.1, skipping.
11-05 13:04 root         DEBUG    No ITS stop or start sites were identified for sequence SRR12683193.555460.1, skipping.
11-05 13:04 root         DEBUG    No ITS stop or start sites were identified for sequence SRR12683193.555476.1, skipping.
11-05 13:04 root         DEBUG    No ITS stop or start sites were identified for sequence SRR12683193.555479.1, skipping.
11-05 13:04 root         DEBUG    No ITS stop or start sites were identified for sequence SRR12683193.555810.1, skipping.
11-05 13:04 root         DEBUG    No ITS stop or start sites were identified for sequence SRR12683193.555835.1, skipping.
11-05 13:04 root         DEBUG    No ITS stop or start sites were identified for sequence SRR12683193.555863.1, skipping.
11-05 13:04 root         DEBUG    No ITS stop or start sites were identified for sequence SRR12683193.558286.1, skipping.
11-05 13:04 root         DEBUG    No ITS stop or start sites were identified for sequence SRR12683193.561189.1, skipping.
11-05 13:04 root         DEBUG    No ITS stop or start sites were identified for sequence SRR12683193.567946.1, skipping.
11-05 13:04 root         DEBUG    No ITS stop or start sites were identified for sequence SRR12683193.567956.1, skipping.
11-05 13:04 root         DEBUG    No ITS stop or start sites were identified for sequence SRR12683193.578346.1, skipping.
11-05 13:04 root         DEBUG    No ITS stop or start sites were identified for sequence SRR12683193.578364.1, skipping.
11-05 13:04 root         DEBUG    No ITS stop or start sites were identified for sequence SRR12683193.578400.1, skipping.
11-05 13:04 root         DEBUG    No ITS stop or start sites were identified for sequence SRR12683193.578404.1, skipping.
11-05 13:04 root         DEBUG    No ITS stop or start sites were identified for sequence SRR12683193.578419.1, skipping.
11-05 13:04 root         DEBUG    No ITS stop or start sites were identified for sequence SRR12683193.578434.1, skipping.
11-05 13:04 root         DEBUG    No ITS stop or start sites were identified for sequence SRR12683193.588670.1, skipping.
11-05 13:04 root         DEBUG    No ITS stop or start sites were identified for sequence SRR12683193.589254.1, skipping.
11-05 13:04 root         DEBUG    No ITS stop or start sites were identified for sequence SRR12683193.590253.1, skipping.
11-05 13:04 root         DEBUG    No ITS stop or start sites were identified for sequence SRR12683193.590279.1, skipping.
11-05 13:04 root         DEBUG    No ITS stop or start sites were identified for sequence SRR12683193.591188.1, skipping.
11-05 13:04 root         DEBUG    No ITS stop or start sites were identified for sequence SRR12683193.591769.1, skipping.
11-05 13:04 root         DEBUG    No ITS stop or start sites were identified for sequence SRR12683193.591791.1, skipping.
11-05 13:04 root         DEBUG    No ITS stop or start sites were identified for sequence SRR12683193.591818.1, skipping.
11-05 13:04 root         DEBUG    No ITS stop or start sites were identified for sequence SRR12683193.592296.1, skipping.
11-05 13:04 root         DEBUG    No ITS stop or start sites were identified for sequence SRR12683193.594264.1, skipping.
11-05 13:04 root         DEBUG    No ITS stop or start sites were identified for sequence SRR12683193.597970.1, skipping.
11-05 13:04 root         DEBUG    No ITS stop or start sites were identified for sequence SRR12683193.597976.1, skipping.
11-05 13:04 root         DEBUG    No ITS stop or start sites were identified for sequence SRR12683193.597978.1, skipping.
11-05 13:04 root         DEBUG    No ITS stop or start sites were identified for sequence SRR12683193.597982.1, skipping.
11-05 13:04 root         DEBUG    No ITS stop or start sites were identified for sequence SRR12683193.597995.1, skipping.
11-05 13:04 root         DEBUG    No ITS stop or start sites were identified for sequence SRR12683193.599864.1, skipping.
11-05 13:04 root         DEBUG    No ITS stop or start sites were identified for sequence SRR12683193.610674.1, skipping.
11-05 13:04 root         DEBUG    No ITS stop or start sites were identified for sequence SRR12683193.610680.1, skipping.
11-05 13:04 root         DEBUG    No ITS stop or start sites were identified for sequence SRR12683193.611891.1, skipping.
11-05 13:04 root         DEBUG    No ITS stop or start sites were identified for sequence SRR12683193.617951.1, skipping.
11-05 13:04 root         DEBUG    No ITS stop or start sites were identified for sequence SRR12683193.631644.1, skipping.
11-05 13:04 root         DEBUG    No ITS stop or start sites were identified for sequence SRR12683193.631660.1, skipping.
11-05 13:04 root         DEBUG    No ITS stop or start sites were identified for sequence SRR12683193.631675.1, skipping.
11-05 13:04 root         DEBUG    No ITS stop or start sites were identified for sequence SRR12683193.632197.1, skipping.
11-05 13:04 root         DEBUG    No ITS stop or start sites were identified for sequence SRR12683193.633844.1, skipping.
11-05 13:04 root         DEBUG    No ITS stop or start sites were identified for sequence SRR12683193.635346.1, skipping.
11-05 13:04 root         DEBUG    No ITS stop or start sites were identified for sequence SRR12683193.637127.1, skipping.
11-05 13:04 root         DEBUG    No ITS stop or start sites were identified for sequence SRR12683193.641020.1, skipping.
11-05 13:04 root         DEBUG    No ITS stop or start sites were identified for sequence SRR12683193.641022.1, skipping.
11-05 13:04 root         DEBUG    No ITS stop or start sites were identified for sequence SRR12683193.641024.1, skipping.
11-05 13:04 root         DEBUG    No ITS stop or start sites were identified for sequence SRR12683193.641046.1, skipping.
11-05 13:04 root         DEBUG    No ITS stop or start sites were identified for sequence SRR12683193.645703.1, skipping.
11-05 13:04 root         DEBUG    No ITS stop or start sites were identified for sequence SRR12683193.651614.1, skipping.
11-05 13:04 root         DEBUG    No ITS stop or start sites were identified for sequence SRR12683193.663380.1, skipping.
11-05 13:04 root         DEBUG    No ITS stop or start sites were identified for sequence SRR12683193.673327.1, skipping.
11-05 13:04 root         DEBUG    No ITS stop or start sites were identified for sequence SRR12683193.673352.1, skipping.
11-05 13:04 root         DEBUG    No ITS stop or start sites were identified for sequence SRR12683193.673359.1, skipping.
11-05 13:04 root         DEBUG    No ITS stop or start sites were identified for sequence SRR12683193.673378.1, skipping.
11-05 13:04 root         DEBUG    No ITS stop or start sites were identified for sequence SRR12683193.673381.1, skipping.
11-05 13:04 root         DEBUG    No ITS stop or start sites were identified for sequence SRR12683193.675558.1, skipping.
11-05 13:04 root         DEBUG    No ITS stop or start sites were identified for sequence SRR12683193.677188.1, skipping.
11-05 13:04 root         DEBUG    No ITS stop or start sites were identified for sequence SRR12683193.677996.1, skipping.
11-05 13:04 root         DEBUG    No ITS stop or start sites were identified for sequence SRR12683193.678036.1, skipping.
11-05 13:04 root         DEBUG    No ITS stop or start sites were identified for sequence SRR12683193.678137.1, skipping.
11-05 13:04 root         DEBUG    No ITS stop or start sites were identified for sequence SRR12683193.679082.1, skipping.
11-05 13:04 root         DEBUG    No ITS stop or start sites were identified for sequence SRR12683193.682483.1, skipping.
11-05 13:04 root         DEBUG    No ITS stop or start sites were identified for sequence SRR12683193.683099.1, skipping.
11-05 13:04 root         DEBUG    No ITS stop or start sites were identified for sequence SRR12683193.683469.1, skipping.
11-05 13:04 root         DEBUG    No ITS stop or start sites were identified for sequence SRR12683193.683547.1, skipping.
11-05 13:04 root         DEBUG    No ITS stop or start sites were identified for sequence SRR12683193.683576.1, skipping.
11-05 13:04 root         DEBUG    No ITS stop or start sites were identified for sequence SRR12683193.683607.1, skipping.
11-05 13:04 root         DEBUG    No ITS stop or start sites were identified for sequence SRR12683193.683613.1, skipping.
11-05 13:04 root         DEBUG    No ITS stop or start sites were identified for sequence SRR12683193.683744.1, skipping.
11-05 13:04 root         DEBUG    No ITS stop or start sites were identified for sequence SRR12683193.683779.1, skipping.
11-05 13:04 root         DEBUG    No ITS stop or start sites were identified for sequence SRR12683193.684004.1, skipping.
11-05 13:04 root         DEBUG    No ITS stop or start sites were identified for sequence SRR12683193.684231.1, skipping.
11-05 13:04 root         DEBUG    No ITS stop or start sites were identified for sequence SRR12683193.684288.1, skipping.
11-05 13:04 root         DEBUG    No ITS stop or start sites were identified for sequence SRR12683193.684373.1, skipping.
11-05 13:04 root         DEBUG    No ITS stop or start sites were identified for sequence SRR12683193.684400.1, skipping.
11-05 13:04 root         DEBUG    No ITS stop or start sites were identified for sequence SRR12683193.694081.1, skipping.
11-05 13:04 root         DEBUG    No ITS stop or start sites were identified for sequence SRR12683193.694398.1, skipping.
11-05 13:04 root         DEBUG    No ITS stop or start sites were identified for sequence SRR12683193.698731.1, skipping.
11-05 13:04 root         DEBUG    No ITS stop or start sites were identified for sequence SRR12683193.702541.1, skipping.
11-05 13:04 root         DEBUG    No ITS stop or start sites were identified for sequence SRR12683193.704720.1, skipping.
11-05 13:04 root         DEBUG    No ITS stop or start sites were identified for sequence SRR12683193.704721.1, skipping.
11-05 13:04 root         DEBUG    No ITS stop or start sites were identified for sequence SRR12683193.706193.1, skipping.
11-05 13:04 root         DEBUG    No ITS stop or start sites were identified for sequence SRR12683193.707919.1, skipping.
11-05 13:04 root         DEBUG    No ITS stop or start sites were identified for sequence SRR12683193.715332.1, skipping.
11-05 13:04 root         DEBUG    No ITS stop or start sites were identified for sequence SRR12683193.716881.1, skipping.
11-05 13:04 root         DEBUG    No ITS stop or start sites were identified for sequence SRR12683193.716910.1, skipping.
11-05 13:04 root         DEBUG    No ITS stop or start sites were identified for sequence SRR12683193.719077.1, skipping.
11-05 13:04 root         DEBUG    No ITS stop or start sites were identified for sequence SRR12683193.723737.1, skipping.
11-05 13:04 root         DEBUG    No ITS stop or start sites were identified for sequence SRR12683193.723738.1, skipping.
11-05 13:04 root         DEBUG    No ITS stop or start sites were identified for sequence SRR12683193.723739.1, skipping.
11-05 13:04 root         DEBUG    No ITS stop or start sites were identified for sequence SRR12683193.723741.1, skipping.
11-05 13:04 root         DEBUG    No ITS stop or start sites were identified for sequence SRR12683193.755543.1, skipping.
11-05 13:04 root         DEBUG    No ITS stop or start sites were identified for sequence SRR12683193.755567.1, skipping.
11-05 13:04 root         DEBUG    No ITS stop or start sites were identified for sequence SRR12683193.755572.1, skipping.
11-05 13:04 root         DEBUG    No ITS stop or start sites were identified for sequence SRR12683193.755580.1, skipping.
11-05 13:04 root         DEBUG    No ITS stop or start sites were identified for sequence SRR12683193.755721.1, skipping.
11-05 13:04 root         DEBUG    No ITS stop or start sites were identified for sequence SRR12683193.757264.1, skipping.
11-05 13:04 root         DEBUG    No ITS stop or start sites were identified for sequence SRR12683193.758521.1, skipping.
11-05 13:04 root         DEBUG    No ITS stop or start sites were identified for sequence SRR12683193.760952.1, skipping.
11-05 13:04 root         DEBUG    No ITS stop or start sites were identified for sequence SRR12683193.761139.1, skipping.
11-05 13:04 root         DEBUG    No ITS stop or start sites were identified for sequence SRR12683193.764393.1, skipping.
11-05 13:04 root         DEBUG    No ITS stop or start sites were identified for sequence SRR12683193.764406.1, skipping.
11-05 13:04 root         DEBUG    No ITS stop or start sites were identified for sequence SRR12683193.764407.1, skipping.
11-05 13:04 root         DEBUG    No ITS stop or start sites were identified for sequence SRR12683193.764409.1, skipping.
11-05 13:04 root         DEBUG    No ITS stop or start sites were identified for sequence SRR12683193.776374.1, skipping.
11-05 13:04 root         DEBUG    No ITS stop or start sites were identified for sequence SRR12683193.786183.1, skipping.
11-05 13:04 root         DEBUG    No ITS stop or start sites were identified for sequence SRR12683193.786420.1, skipping.
11-05 13:04 root         DEBUG    No ITS stop or start sites were identified for sequence SRR12683193.787949.1, skipping.
11-05 13:04 root         DEBUG    No ITS stop or start sites were identified for sequence SRR12683193.795767.1, skipping.
11-05 13:04 root         DEBUG    No ITS stop or start sites were identified for sequence SRR12683193.795779.1, skipping.
11-05 13:04 root         DEBUG    No ITS stop or start sites were identified for sequence SRR12683193.795780.1, skipping.
11-05 13:04 root         DEBUG    No ITS stop or start sites were identified for sequence SRR12683193.795786.1, skipping.
11-05 13:04 root         DEBUG    No ITS stop or start sites were identified for sequence SRR12683193.795794.1, skipping.
11-05 13:04 root         DEBUG    No ITS stop or start sites were identified for sequence SRR12683193.795805.1, skipping.
11-05 13:04 root         DEBUG    No ITS stop or start sites were identified for sequence SRR12683193.795833.1, skipping.
11-05 13:04 root         DEBUG    No ITS stop or start sites were identified for sequence SRR12683193.800305.1, skipping.
11-05 13:04 root         DEBUG    No ITS stop or start sites were identified for sequence SRR12683193.800351.1, skipping.
11-05 13:04 root         DEBUG    No ITS stop or start sites were identified for sequence SRR12683193.801287.1, skipping.
11-05 13:04 root         DEBUG    No ITS stop or start sites were identified for sequence SRR12683193.801413.1, skipping.
11-05 13:04 root         DEBUG    No ITS stop or start sites were identified for sequence SRR12683193.804609.1, skipping.
11-05 13:04 root         DEBUG    No ITS stop or start sites were identified for sequence SRR12683193.804616.1, skipping.
11-05 13:04 root         DEBUG    No ITS stop or start sites were identified for sequence SRR12683193.817733.1, skipping.
11-05 13:04 root         DEBUG    No ITS stop or start sites were identified for sequence SRR12683193.817737.1, skipping.
11-05 13:04 root         DEBUG    No ITS stop or start sites were identified for sequence SRR12683193.120418.1, skipping.
11-05 13:04 root         DEBUG    No ITS stop or start sites were identified for sequence SRR12683193.829893.1, skipping.
11-05 13:04 root         DEBUG    No ITS stop or start sites were identified for sequence SRR12683193.841671.1, skipping.
11-05 13:04 root         DEBUG    No ITS stop or start sites were identified for sequence SRR12683193.841678.1, skipping.
11-05 13:04 root         DEBUG    No ITS stop or start sites were identified for sequence SRR12683193.841680.1, skipping.
11-05 13:04 root         DEBUG    No ITS stop or start sites were identified for sequence SRR12683193.841687.1, skipping.
11-05 13:04 root         DEBUG    No ITS stop or start sites were identified for sequence SRR12683193.841707.1, skipping.
11-05 13:04 root         DEBUG    No ITS stop or start sites were identified for sequence SRR12683193.846367.1, skipping.
11-05 13:04 root         DEBUG    No ITS stop or start sites were identified for sequence SRR12683193.847146.1, skipping.
11-05 13:04 root         DEBUG    No ITS stop or start sites were identified for sequence SRR12683193.848026.1, skipping.
11-05 13:04 root         DEBUG    No ITS stop or start sites were identified for sequence SRR12683193.848500.1, skipping.
11-05 13:04 root         DEBUG    No ITS stop or start sites were identified for sequence SRR12683193.866273.1, skipping.
11-05 13:04 root         DEBUG    No ITS stop or start sites were identified for sequence SRR12683193.878075.1, skipping.
11-05 13:04 root         DEBUG    No ITS stop or start sites were identified for sequence SRR12683193.878106.1, skipping.
11-05 13:04 root         DEBUG    No ITS stop or start sites were identified for sequence SRR12683193.890119.1, skipping.
11-05 13:04 root         DEBUG    No ITS stop or start sites were identified for sequence SRR12683193.890176.1, skipping.
11-05 13:04 root         DEBUG    No ITS stop or start sites were identified for sequence SRR12683193.891553.1, skipping.
11-05 13:04 root         DEBUG    No ITS stop or start sites were identified for sequence SRR12683193.891617.1, skipping.
11-05 13:04 root         DEBUG    No ITS stop or start sites were identified for sequence SRR12683193.892553.1, skipping.
11-05 13:04 root         DEBUG    No ITS stop or start sites were identified for sequence SRR12683193.892597.1, skipping.
11-05 13:04 root         DEBUG    No ITS stop or start sites were identified for sequence SRR12683193.892770.1, skipping.
11-05 13:04 root         DEBUG    No ITS stop or start sites were identified for sequence SRR12683193.893107.1, skipping.
11-05 13:04 root         DEBUG    No ITS stop or start sites were identified for sequence SRR12683193.895857.1, skipping.
11-05 13:04 root         DEBUG    No ITS stop or start sites were identified for sequence SRR12683193.120418.1, skipping.
11-05 13:04 root         DEBUG    No ITS stop or start sites were identified for sequence SRR12683193.900558.1, skipping.
11-05 13:04 root         DEBUG    No ITS stop or start sites were identified for sequence SRR12683193.904866.1, skipping.
11-05 13:04 root         DEBUG    No ITS stop or start sites were identified for sequence SRR12683193.914460.1, skipping.
11-05 13:04 root         DEBUG    No ITS stop or start sites were identified for sequence SRR12683193.926706.1, skipping.
11-05 13:04 root         DEBUG    No ITS stop or start sites were identified for sequence SRR12683193.926715.1, skipping.
11-05 13:04 root         DEBUG    No ITS stop or start sites were identified for sequence SRR12683193.931294.1, skipping.
11-05 13:04 root         DEBUG    No ITS stop or start sites were identified for sequence SRR12683193.934285.1, skipping.
11-05 13:04 root         DEBUG    No ITS stop or start sites were identified for sequence SRR12683193.934611.1, skipping.
11-05 13:04 root         DEBUG    No ITS stop or start sites were identified for sequence SRR12683193.937110.1, skipping.
11-05 13:04 root         DEBUG    No ITS stop or start sites were identified for sequence SRR12683193.937467.1, skipping.
11-05 13:04 root         DEBUG    No ITS stop or start sites were identified for sequence SRR12683193.938668.1, skipping.
11-05 13:04 root         DEBUG    No ITS stop or start sites were identified for sequence SRR12683193.938681.1, skipping.
11-05 13:04 root         DEBUG    No ITS stop or start sites were identified for sequence SRR12683193.938682.1, skipping.
11-05 13:04 root         DEBUG    No ITS stop or start sites were identified for sequence SRR12683193.938754.1, skipping.
11-05 13:04 root         DEBUG    No ITS stop or start sites were identified for sequence SRR12683193.941230.1, skipping.
11-05 13:04 root         DEBUG    No ITS stop or start sites were identified for sequence SRR12683193.943165.1, skipping.
11-05 13:04 root         DEBUG    No ITS stop or start sites were identified for sequence SRR12683193.944232.1, skipping.
11-05 13:04 root         DEBUG    No ITS stop or start sites were identified for sequence SRR12683193.944492.1, skipping.
11-05 13:04 root         DEBUG    No ITS stop or start sites were identified for sequence SRR12683193.944542.1, skipping.
11-05 13:04 root         DEBUG    No ITS stop or start sites were identified for sequence SRR12683193.947580.1, skipping.
11-05 13:04 root         DEBUG    No ITS stop or start sites were identified for sequence SRR12683193.949660.1, skipping.
11-05 13:04 root         DEBUG    No ITS stop or start sites were identified for sequence SRR12683193.949958.1, skipping.
11-05 13:04 root         DEBUG    No ITS stop or start sites were identified for sequence SRR12683193.950155.1, skipping.
11-05 13:04 root         DEBUG    No ITS stop or start sites were identified for sequence SRR12683193.969635.1, skipping.
11-05 13:04 root         DEBUG    No ITS stop or start sites were identified for sequence SRR12683193.975486.1, skipping.
11-05 13:04 root         DEBUG    No ITS stop or start sites were identified for sequence SRR12683193.975492.1, skipping.
11-05 13:04 root         DEBUG    No ITS stop or start sites were identified for sequence SRR12683193.987451.1, skipping.
11-05 13:04 root         DEBUG    No ITS stop or start sites were identified for sequence SRR12683193.987460.1, skipping.
11-05 13:04 root         DEBUG    No ITS stop or start sites were identified for sequence SRR12683193.987500.1, skipping.
11-05 13:04 root         DEBUG    No ITS stop or start sites were identified for sequence SRR12683193.987507.1, skipping.
11-05 13:04 root         DEBUG    No ITS stop or start sites were identified for sequence SRR12683193.987518.1, skipping.
11-05 13:04 root         DEBUG    No ITS stop or start sites were identified for sequence SRR12683193.987586.1, skipping.
11-05 13:04 root         DEBUG    No ITS stop or start sites were identified for sequence SRR12683193.987613.1, skipping.
11-05 13:04 root         DEBUG    No ITS stop or start sites were identified for sequence SRR12683193.987769.1, skipping.
11-05 13:04 root         DEBUG    No ITS stop or start sites were identified for sequence SRR12683193.989776.1, skipping.
11-05 13:04 root         DEBUG    No ITS stop or start sites were identified for sequence SRR12683193.989800.1, skipping.
11-05 13:04 root         DEBUG    No ITS stop or start sites were identified for sequence SRR12683193.991015.1, skipping.
11-05 13:04 root         DEBUG    No ITS stop or start sites were identified for sequence SRR12683193.993897.1, skipping.
11-05 13:04 root         DEBUG    No ITS stop or start sites were identified for sequence SRR12683193.998076.1, skipping.
11-05 13:04 root         DEBUG    No ITS stop or start sites were identified for sequence SRR12683193.998080.1, skipping.
11-05 13:04 root         DEBUG    No ITS stop or start sites were identified for sequence SRR12683193.998093.1, skipping.
11-05 13:04 root         DEBUG    No ITS stop or start sites were identified for sequence SRR12683193.998095.1, skipping.
11-05 13:04 root         DEBUG    No ITS stop or start sites were identified for sequence SRR12683193.1003106.1, skipping.
11-05 13:05 root         DEBUG    No ITS stop or start sites were identified for sequence SRR12683193.1018067.1, skipping.
11-05 13:05 root         DEBUG    No ITS stop or start sites were identified for sequence SRR12683193.1023975.1, skipping.
11-05 13:05 root         DEBUG    No ITS stop or start sites were identified for sequence SRR12683193.1036222.1, skipping.
11-05 13:05 root         DEBUG    No ITS stop or start sites were identified for sequence SRR12683193.1036270.1, skipping.
11-05 13:05 root         DEBUG    No ITS stop or start sites were identified for sequence SRR12683193.1040295.1, skipping.
11-05 13:05 root         DEBUG    No ITS stop or start sites were identified for sequence SRR12683193.1040312.1, skipping.
11-05 13:05 root         DEBUG    No ITS stop or start sites were identified for sequence SRR12683193.1040896.1, skipping.
11-05 13:05 root         DEBUG    No ITS stop or start sites were identified for sequence SRR12683193.1040934.1, skipping.
11-05 13:05 root         DEBUG    No ITS stop or start sites were identified for sequence SRR12683193.1053446.1, skipping.
11-05 13:05 root         DEBUG    No ITS stop or start sites were identified for sequence SRR12683193.1056851.1, skipping.
11-05 13:05 root         DEBUG    No ITS stop or start sites were identified for sequence SRR12683193.1057394.1, skipping.
11-05 13:05 root         DEBUG    No ITS stop or start sites were identified for sequence SRR12683193.1073966.1, skipping.
11-05 13:05 root         DEBUG    No ITS stop or start sites were identified for sequence SRR12683193.1084964.1, skipping.
11-05 13:05 root         DEBUG    No ITS stop or start sites were identified for sequence SRR12683193.1085233.1, skipping.
11-05 13:05 root         DEBUG    No ITS stop or start sites were identified for sequence SRR12683193.1088307.1, skipping.
11-05 13:05 root         DEBUG    No ITS stop or start sites were identified for sequence SRR12683193.1089789.1, skipping.
11-05 13:05 root         DEBUG    No ITS stop or start sites were identified for sequence SRR12683193.1089806.1, skipping.
11-05 13:05 root         DEBUG    No ITS stop or start sites were identified for sequence SRR12683193.1090923.1, skipping.
11-05 13:05 root         DEBUG    No ITS stop or start sites were identified for sequence SRR12683193.1095556.1, skipping.
11-05 13:05 root         DEBUG    No ITS stop or start sites were identified for sequence SRR12683193.1095573.1, skipping.
11-05 13:05 root         DEBUG    No ITS stop or start sites were identified for sequence SRR12683193.1095581.1, skipping.
11-05 13:05 root         DEBUG    No ITS stop or start sites were identified for sequence SRR12683193.1102309.1, skipping.
11-05 13:05 root         DEBUG    No ITS stop or start sites were identified for sequence SRR12683193.1102315.1, skipping.
11-05 13:05 root         DEBUG    No ITS stop or start sites were identified for sequence SRR12683193.1108928.1, skipping.
11-05 13:05 root         DEBUG    No ITS stop or start sites were identified for sequence SRR12683193.1108940.1, skipping.
11-05 13:05 root         DEBUG    No ITS stop or start sites were identified for sequence SRR12683193.1108952.1, skipping.
11-05 13:05 root         DEBUG    No ITS stop or start sites were identified for sequence SRR12683193.1111223.1, skipping.
11-05 13:05 root         DEBUG    No ITS stop or start sites were identified for sequence SRR12683193.1113143.1, skipping.
11-05 13:05 root         DEBUG    No ITS stop or start sites were identified for sequence SRR12683193.1114548.1, skipping.
11-05 13:05 root         DEBUG    No ITS stop or start sites were identified for sequence SRR12683193.1120352.1, skipping.
11-05 13:05 root         DEBUG    No ITS stop or start sites were identified for sequence SRR12683193.1120510.1, skipping.
11-05 13:05 root         DEBUG    No ITS stop or start sites were identified for sequence SRR12683193.1134924.1, skipping.
11-05 13:05 root         DEBUG    No ITS stop or start sites were identified for sequence SRR12683193.1135274.1, skipping.
11-05 13:05 root         DEBUG    No ITS stop or start sites were identified for sequence SRR12683193.1136165.1, skipping.
11-05 13:05 root         DEBUG    No ITS stop or start sites were identified for sequence SRR12683193.1137566.1, skipping.
11-05 13:05 root         DEBUG    No ITS stop or start sites were identified for sequence SRR12683193.1137580.1, skipping.
11-05 13:05 root         DEBUG    No ITS stop or start sites were identified for sequence SRR12683193.1137616.1, skipping.
11-05 13:05 root         DEBUG    No ITS stop or start sites were identified for sequence SRR12683193.1137918.1, skipping.
11-05 13:05 root         DEBUG    No ITS stop or start sites were identified for sequence SRR12683193.1141123.1, skipping.
11-05 13:05 root         DEBUG    No ITS stop or start sites were identified for sequence SRR12683193.1143448.1, skipping.
11-05 13:05 root         DEBUG    No ITS stop or start sites were identified for sequence SRR12683193.1143554.1, skipping.
11-05 13:05 root         DEBUG    No ITS stop or start sites were identified for sequence SRR12683193.1143937.1, skipping.
11-05 13:05 root         DEBUG    No ITS stop or start sites were identified for sequence SRR12683193.1143941.1, skipping.
11-05 13:05 root         DEBUG    No ITS stop or start sites were identified for sequence SRR12683193.1143957.1, skipping.
11-05 13:05 root         DEBUG    No ITS stop or start sites were identified for sequence SRR12683193.1143977.1, skipping.
11-05 13:05 root         DEBUG    No ITS stop or start sites were identified for sequence SRR12683193.1146983.1, skipping.
11-05 13:05 root         DEBUG    No ITS stop or start sites were identified for sequence SRR12683193.1148892.1, skipping.
11-05 13:05 root         DEBUG    No ITS stop or start sites were identified for sequence SRR12683193.1156281.1, skipping.
11-05 13:05 root         DEBUG    No ITS stop or start sites were identified for sequence SRR12683193.1169434.1, skipping.
11-05 13:05 root         DEBUG    No ITS stop or start sites were identified for sequence SRR12683193.1180763.1, skipping.
11-05 13:05 root         DEBUG    No ITS stop or start sites were identified for sequence SRR12683193.1181179.1, skipping.
11-05 13:05 root         DEBUG    No ITS stop or start sites were identified for sequence SRR12683193.1181209.1, skipping.
11-05 13:05 root         DEBUG    No ITS stop or start sites were identified for sequence SRR12683193.1181882.1, skipping.
11-05 13:05 root         DEBUG    No ITS stop or start sites were identified for sequence SRR12683193.1187087.1, skipping.
11-05 13:05 root         DEBUG    No ITS stop or start sites were identified for sequence SRR12683193.1192390.1, skipping.
11-05 13:05 root         DEBUG    No ITS stop or start sites were identified for sequence SRR12683193.1194616.1, skipping.
11-05 13:05 root         DEBUG    No ITS stop or start sites were identified for sequence SRR12683193.1200440.1, skipping.
11-05 13:05 root         DEBUG    No ITS stop or start sites were identified for sequence SRR12683193.1205541.1, skipping.
11-05 13:05 root         DEBUG    No ITS stop or start sites were identified for sequence SRR12683193.1212237.1, skipping.
11-05 13:05 root         DEBUG    No ITS stop or start sites were identified for sequence SRR12683193.1212704.1, skipping.
11-05 13:05 root         DEBUG    No ITS stop or start sites were identified for sequence SRR12683193.1213754.1, skipping.
11-05 13:05 root         DEBUG    No ITS stop or start sites were identified for sequence SRR12683193.1217543.1, skipping.
11-05 13:05 root         DEBUG    No ITS stop or start sites were identified for sequence SRR12683193.1218983.1, skipping.
11-05 13:05 root         DEBUG    No ITS stop or start sites were identified for sequence SRR12683193.1226062.1, skipping.
11-05 13:05 root         DEBUG    No ITS stop or start sites were identified for sequence SRR12683193.1229501.1, skipping.
11-05 13:05 root         DEBUG    No ITS stop or start sites were identified for sequence SRR12683193.1229514.1, skipping.
11-05 13:05 root         DEBUG    No ITS stop or start sites were identified for sequence SRR12683193.1229981.1, skipping.
11-05 13:05 root         DEBUG    No ITS stop or start sites were identified for sequence SRR12683193.1232922.1, skipping.
11-05 13:05 root         DEBUG    No ITS stop or start sites were identified for sequence SRR12683193.1233530.1, skipping.
11-05 13:05 root         DEBUG    No ITS stop or start sites were identified for sequence SRR12683193.1234740.1, skipping.
11-05 13:05 root         DEBUG    No ITS stop or start sites were identified for sequence SRR12683193.1235392.1, skipping.
11-05 13:05 root         DEBUG    No ITS stop or start sites were identified for sequence SRR12683193.1239866.1, skipping.
11-05 13:05 root         DEBUG    No ITS stop or start sites were identified for sequence SRR12683193.1240046.1, skipping.
11-05 13:05 root         DEBUG    No ITS stop or start sites were identified for sequence SRR12683193.1240048.1, skipping.
11-05 13:05 root         DEBUG    No ITS stop or start sites were identified for sequence SRR12683193.1240050.1, skipping.
11-05 13:05 root         DEBUG    No ITS stop or start sites were identified for sequence SRR12683193.1240053.1, skipping.
11-05 13:05 root         DEBUG    No ITS stop or start sites were identified for sequence SRR12683193.1240061.1, skipping.
11-05 13:05 root         DEBUG    No ITS stop or start sites were identified for sequence SRR12683193.1252799.1, skipping.
11-05 13:05 root         DEBUG    No ITS stop or start sites were identified for sequence SRR12683193.1253501.1, skipping.
11-05 13:05 root         DEBUG    No ITS stop or start sites were identified for sequence SRR12683193.1254237.1, skipping.
11-05 13:05 root         DEBUG    No ITS stop or start sites were identified for sequence SRR12683193.1254245.1, skipping.
11-05 13:05 root         DEBUG    No ITS stop or start sites were identified for sequence SRR12683193.1259199.1, skipping.
11-05 13:05 root         DEBUG    No ITS stop or start sites were identified for sequence SRR12683193.1266264.1, skipping.
11-05 13:05 root         DEBUG    No ITS stop or start sites were identified for sequence SRR12683193.1266269.1, skipping.
11-05 13:05 root         DEBUG    No ITS stop or start sites were identified for sequence SRR12683193.1266272.1, skipping.
11-05 13:05 root         DEBUG    No ITS stop or start sites were identified for sequence SRR12683193.1266286.1, skipping.
11-05 13:05 root         DEBUG    No ITS stop or start sites were identified for sequence SRR12683193.1266309.1, skipping.
11-05 13:05 root         DEBUG    No ITS stop or start sites were identified for sequence SRR12683193.1277002.1, skipping.
11-05 13:05 root         DEBUG    No ITS stop or start sites were identified for sequence SRR12683193.1278176.1, skipping.
11-05 13:05 root         DEBUG    No ITS stop or start sites were identified for sequence SRR12683193.1278198.1, skipping.
11-05 13:05 root         DEBUG    No ITS stop or start sites were identified for sequence SRR12683193.1278238.1, skipping.
11-05 13:05 root         DEBUG    No ITS stop or start sites were identified for sequence SRR12683193.1279383.1, skipping.
11-05 13:05 root         DEBUG    No ITS stop or start sites were identified for sequence SRR12683193.1280791.1, skipping.
11-05 13:05 root         DEBUG    No ITS stop or start sites were identified for sequence SRR12683193.1283247.1, skipping.
11-05 13:05 root         DEBUG    No ITS stop or start sites were identified for sequence SRR12683193.1283551.1, skipping.
11-05 13:05 root         DEBUG    No ITS stop or start sites were identified for sequence SRR12683193.1283886.1, skipping.
11-05 13:05 root         DEBUG    No ITS stop or start sites were identified for sequence SRR12683193.1283919.1, skipping.
11-05 13:05 root         DEBUG    No ITS stop or start sites were identified for sequence SRR12683193.1285674.1, skipping.
11-05 13:05 root         DEBUG    No ITS stop or start sites were identified for sequence SRR12683193.1286104.1, skipping.
11-05 13:05 root         DEBUG    No ITS stop or start sites were identified for sequence SRR12683193.1288794.1, skipping.
11-05 13:05 root         DEBUG    No ITS stop or start sites were identified for sequence SRR12683193.1288802.1, skipping.
11-05 13:05 root         DEBUG    No ITS stop or start sites were identified for sequence SRR12683193.1288803.1, skipping.
11-05 13:05 root         DEBUG    No ITS stop or start sites were identified for sequence SRR12683193.1292196.1, skipping.
11-05 13:05 root         DEBUG    No ITS stop or start sites were identified for sequence SRR12683193.1295448.1, skipping.
11-05 13:05 root         DEBUG    No ITS stop or start sites were identified for sequence SRR12683193.1326334.1, skipping.
11-05 13:05 root         DEBUG    No ITS stop or start sites were identified for sequence SRR12683193.1326335.1, skipping.
11-05 13:05 root         DEBUG    No ITS stop or start sites were identified for sequence SRR12683193.1326344.1, skipping.
11-05 13:05 root         DEBUG    No ITS stop or start sites were identified for sequence SRR12683193.1326358.1, skipping.
11-05 13:05 root         DEBUG    No ITS stop or start sites were identified for sequence SRR12683193.1328754.1, skipping.
11-05 13:05 root         DEBUG    No ITS stop or start sites were identified for sequence SRR12683193.1328759.1, skipping.
11-05 13:05 root         DEBUG    No ITS stop or start sites were identified for sequence SRR12683193.1328802.1, skipping.
11-05 13:05 root         DEBUG    No ITS stop or start sites were identified for sequence SRR12683193.1328994.1, skipping.
11-05 13:05 root         DEBUG    No ITS stop or start sites were identified for sequence SRR12683193.1329153.1, skipping.
11-05 13:05 root         DEBUG    No ITS stop or start sites were identified for sequence SRR12683193.1329178.1, skipping.
11-05 13:05 root         DEBUG    No ITS stop or start sites were identified for sequence SRR12683193.1330126.1, skipping.
11-05 13:05 root         DEBUG    No ITS stop or start sites were identified for sequence SRR12683193.1330159.1, skipping.
11-05 13:05 root         DEBUG    No ITS stop or start sites were identified for sequence SRR12683193.1331425.1, skipping.
11-05 13:05 root         DEBUG    No ITS stop or start sites were identified for sequence SRR12683193.1332309.1, skipping.
11-05 13:05 root         DEBUG    No ITS stop or start sites were identified for sequence SRR12683193.1332787.1, skipping.
11-05 13:05 root         DEBUG    No ITS stop or start sites were identified for sequence SRR12683193.1336815.1, skipping.
11-05 13:05 root         DEBUG    No ITS stop or start sites were identified for sequence SRR12683193.1336834.1, skipping.
11-05 13:05 root         DEBUG    No ITS stop or start sites were identified for sequence SRR12683193.1336861.1, skipping.
11-05 13:05 root         DEBUG    No ITS stop or start sites were identified for sequence SRR12683193.1339997.1, skipping.
11-05 13:05 root         DEBUG    No ITS stop or start sites were identified for sequence SRR12683193.1340036.1, skipping.
11-05 13:05 root         DEBUG    No ITS stop or start sites were identified for sequence SRR12683193.1340720.1, skipping.
11-05 13:05 root         DEBUG    No ITS stop or start sites were identified for sequence SRR12683193.1347578.1, skipping.
11-05 13:05 root         DEBUG    No ITS stop or start sites were identified for sequence SRR12683193.1350614.1, skipping.
11-05 13:05 root         DEBUG    No ITS stop or start sites were identified for sequence SRR12683193.1350639.1, skipping.
11-05 13:05 root         DEBUG    No ITS stop or start sites were identified for sequence SRR12683193.1359737.1, skipping.
11-05 13:05 root         DEBUG    No ITS stop or start sites were identified for sequence SRR12683193.1360597.1, skipping.
11-05 13:05 root         DEBUG    No ITS stop or start sites were identified for sequence SRR12683193.1361367.1, skipping.
11-05 13:05 root         DEBUG    No ITS stop or start sites were identified for sequence SRR12683193.1362334.1, skipping.
11-05 13:05 root         DEBUG    No ITS stop or start sites were identified for sequence SRR12683193.1369959.1, skipping.
11-05 13:05 root         DEBUG    No ITS stop or start sites were identified for sequence SRR12683193.1373990.1, skipping.
11-05 13:05 root         DEBUG    No ITS stop or start sites were identified for sequence SRR12683193.1373996.1, skipping.
11-05 13:05 root         DEBUG    No ITS stop or start sites were identified for sequence SRR12683193.1374001.1, skipping.
11-05 13:05 root         DEBUG    No ITS stop or start sites were identified for sequence SRR12683193.1374044.1, skipping.
11-05 13:05 root         DEBUG    No ITS stop or start sites were identified for sequence SRR12683193.1374094.1, skipping.
11-05 13:05 root         DEBUG    No ITS stop or start sites were identified for sequence SRR12683193.1377944.1, skipping.
11-05 13:05 root         DEBUG    No ITS stop or start sites were identified for sequence SRR12683193.1379062.1, skipping.
11-05 13:05 root         DEBUG    No ITS stop or start sites were identified for sequence SRR12683193.1380092.1, skipping.
11-05 13:05 root         DEBUG    No ITS stop or start sites were identified for sequence SRR12683193.1380874.1, skipping.
11-05 13:05 root         DEBUG    No ITS stop or start sites were identified for sequence SRR12683193.1384616.1, skipping.
11-05 13:05 root         DEBUG    No ITS stop or start sites were identified for sequence SRR12683193.1384616.1, skipping.
11-05 13:05 root         DEBUG    No ITS stop or start sites were identified for sequence SRR12683193.1384652.1, skipping.
11-05 13:05 root         DEBUG    No ITS stop or start sites were identified for sequence SRR12683193.1384658.1, skipping.
11-05 13:05 root         DEBUG    No ITS stop or start sites were identified for sequence SRR12683193.1385339.1, skipping.
11-05 13:05 root         DEBUG    No ITS stop or start sites were identified for sequence SRR12683193.1393278.1, skipping.
11-05 13:05 root         DEBUG    No ITS stop or start sites were identified for sequence SRR12683193.1396735.1, skipping.
11-05 13:05 root         DEBUG    No ITS stop or start sites were identified for sequence SRR12683193.1398013.1, skipping.
11-05 13:05 root         DEBUG    No ITS stop or start sites were identified for sequence SRR12683193.1398175.1, skipping.
11-05 13:05 root         DEBUG    No ITS stop or start sites were identified for sequence SRR12683193.1400131.1, skipping.
11-05 13:05 root         DEBUG    No ITS stop or start sites were identified for sequence SRR12683193.1404964.1, skipping.
11-05 13:05 root         DEBUG    No ITS stop or start sites were identified for sequence SRR12683193.1408786.1, skipping.
11-05 13:05 root         DEBUG    No ITS stop or start sites were identified for sequence SRR12683193.1409045.1, skipping.
11-05 13:05 root         DEBUG    No ITS stop or start sites were identified for sequence SRR12683193.1420852.1, skipping.
11-05 13:05 root         DEBUG    No ITS stop or start sites were identified for sequence SRR12683193.1421393.1, skipping.
11-05 13:05 root         DEBUG    No ITS stop or start sites were identified for sequence SRR12683193.1421413.1, skipping.
11-05 13:05 root         DEBUG    No ITS stop or start sites were identified for sequence SRR12683193.1421420.1, skipping.
11-05 13:05 root         DEBUG    No ITS stop or start sites were identified for sequence SRR12683193.1421433.1, skipping.
11-05 13:05 root         DEBUG    No ITS stop or start sites were identified for sequence SRR12683193.1422043.1, skipping.
11-05 13:05 root         DEBUG    No ITS stop or start sites were identified for sequence SRR12683193.1422092.1, skipping.
11-05 13:05 root         DEBUG    No ITS stop or start sites were identified for sequence SRR12683193.1422301.1, skipping.
11-05 13:05 root         DEBUG    No ITS stop or start sites were identified for sequence SRR12683193.1424262.1, skipping.
11-05 13:05 root         DEBUG    No ITS stop or start sites were identified for sequence SRR12683193.1425167.1, skipping.
11-05 13:05 root         DEBUG    No ITS stop or start sites were identified for sequence SRR12683193.1426395.1, skipping.
11-05 13:05 root         DEBUG    No ITS stop or start sites were identified for sequence SRR12683193.1427461.1, skipping.
11-05 13:05 root         DEBUG    No ITS stop or start sites were identified for sequence SRR12683193.1427485.1, skipping.
11-05 13:05 root         DEBUG    No ITS stop or start sites were identified for sequence SRR12683193.1427602.1, skipping.
11-05 13:05 root         DEBUG    No ITS stop or start sites were identified for sequence SRR12683193.1428036.1, skipping.
11-05 13:05 root         DEBUG    No ITS stop or start sites were identified for sequence SRR12683193.1431859.1, skipping.
11-05 13:05 root         DEBUG    No ITS stop or start sites were identified for sequence SRR12683193.1431863.1, skipping.
11-05 13:05 root         DEBUG    No ITS stop or start sites were identified for sequence SRR12683193.1431870.1, skipping.
11-05 13:05 root         DEBUG    No ITS stop or start sites were identified for sequence SRR12683193.1431876.1, skipping.
11-05 13:05 root         DEBUG    No ITS stop or start sites were identified for sequence SRR12683193.1431877.1, skipping.
11-05 13:05 root         DEBUG    No ITS stop or start sites were identified for sequence SRR12683193.1431882.1, skipping.
11-05 13:05 root         DEBUG    No ITS stop or start sites were identified for sequence SRR12683193.1431893.1, skipping.
11-05 13:05 root         DEBUG    No ITS stop or start sites were identified for sequence SRR12683193.1431896.1, skipping.
11-05 13:05 root         DEBUG    No ITS stop or start sites were identified for sequence SRR12683193.1431900.1, skipping.
11-05 13:05 root         DEBUG    No ITS stop or start sites were identified for sequence SRR12683193.1431908.1, skipping.
11-05 13:05 root         DEBUG    No ITS stop or start sites were identified for sequence SRR12683193.1431937.1, skipping.
11-05 13:05 root         DEBUG    No ITS stop or start sites were identified for sequence SRR12683193.1431949.1, skipping.
11-05 13:05 root         DEBUG    No ITS stop or start sites were identified for sequence SRR12683193.1445056.1, skipping.
11-05 13:05 root         DEBUG    No ITS stop or start sites were identified for sequence SRR12683193.1457430.1, skipping.
11-05 13:05 root         DEBUG    No ITS stop or start sites were identified for sequence SRR12683193.1468345.1, skipping.
11-05 13:05 root         DEBUG    No ITS stop or start sites were identified for sequence SRR12683193.1468357.1, skipping.
11-05 13:05 root         DEBUG    No ITS stop or start sites were identified for sequence SRR12683193.1468369.1, skipping.
11-05 13:05 root         DEBUG    No ITS stop or start sites were identified for sequence SRR12683193.1468375.1, skipping.
11-05 13:05 root         DEBUG    No ITS stop or start sites were identified for sequence SRR12683193.1469481.1, skipping.
11-05 13:05 root         DEBUG    No ITS stop or start sites were identified for sequence SRR12683193.1471279.1, skipping.
11-05 13:05 root         DEBUG    No ITS stop or start sites were identified for sequence SRR12683193.1473402.1, skipping.
11-05 13:05 root         DEBUG    No ITS stop or start sites were identified for sequence SRR12683193.1473436.1, skipping.
11-05 13:05 root         DEBUG    No ITS stop or start sites were identified for sequence SRR12683193.1473986.1, skipping.
11-05 13:05 root         DEBUG    No ITS stop or start sites were identified for sequence SRR12683193.1478795.1, skipping.
11-05 13:05 root         DEBUG    No ITS stop or start sites were identified for sequence SRR12683193.1478802.1, skipping.
11-05 13:05 root         DEBUG    No ITS stop or start sites were identified for sequence SRR12683193.1478829.1, skipping.
11-05 13:05 root         DEBUG    No ITS stop or start sites were identified for sequence SRR12683193.1492495.1, skipping.
11-05 13:05 root         DEBUG    No ITS stop or start sites were identified for sequence SRR12683193.1504100.1, skipping.
11-05 13:05 root         DEBUG    No ITS stop or start sites were identified for sequence SRR12683193.1507324.1, skipping.
11-05 13:05 root         DEBUG    No ITS stop or start sites were identified for sequence SRR12683193.1509082.1, skipping.
11-05 13:05 root         DEBUG    No ITS stop or start sites were identified for sequence SRR12683193.1509428.1, skipping.
11-05 13:05 root         DEBUG    No ITS stop or start sites were identified for sequence SRR12683193.1512050.1, skipping.
11-05 13:05 root         DEBUG    No ITS stop or start sites were identified for sequence SRR12683193.1515773.1, skipping.
11-05 13:05 root         DEBUG    No ITS stop or start sites were identified for sequence SRR12683193.1515787.1, skipping.
11-05 13:05 root         DEBUG    No ITS stop or start sites were identified for sequence SRR12683193.1516673.1, skipping.
11-05 13:05 root         DEBUG    No ITS stop or start sites were identified for sequence SRR12683193.1520175.1, skipping.
11-05 13:05 root         DEBUG    No ITS stop or start sites were identified for sequence SRR12683193.1521287.1, skipping.
11-05 13:05 root         DEBUG    No ITS stop or start sites were identified for sequence SRR12683193.1522611.1, skipping.
11-05 13:05 root         DEBUG    No ITS stop or start sites were identified for sequence SRR12683193.1526002.1, skipping.
11-05 13:05 root         DEBUG    No ITS stop or start sites were identified for sequence SRR12683193.1526011.1, skipping.
11-05 13:05 root         DEBUG    No ITS stop or start sites were identified for sequence SRR12683193.1532771.1, skipping.
11-05 13:05 root         DEBUG    No ITS stop or start sites were identified for sequence SRR12683193.1538269.1, skipping.
11-05 13:05 root         DEBUG    No ITS stop or start sites were identified for sequence SRR12683193.1539161.1, skipping.
11-05 13:05 root         DEBUG    No ITS stop or start sites were identified for sequence SRR12683193.1539186.1, skipping.
11-05 13:05 root         DEBUG    No ITS stop or start sites were identified for sequence SRR12683193.1545649.1, skipping.
11-05 13:05 root         DEBUG    No ITS stop or start sites were identified for sequence SRR12683193.1550212.1, skipping.
11-05 13:05 root         DEBUG    No ITS stop or start sites were identified for sequence SRR12683193.1550220.1, skipping.
11-05 13:05 root         DEBUG    No ITS stop or start sites were identified for sequence SRR12683193.1550225.1, skipping.
11-05 13:05 root         DEBUG    No ITS stop or start sites were identified for sequence SRR12683193.1550237.1, skipping.
11-05 13:05 root         DEBUG    No ITS stop or start sites were identified for sequence SRR12683193.1550251.1, skipping.
11-05 13:05 root         DEBUG    No ITS stop or start sites were identified for sequence SRR12683193.1551462.1, skipping.
11-05 13:05 root         DEBUG    No ITS stop or start sites were identified for sequence SRR12683193.1554166.1, skipping.
11-05 13:05 root         DEBUG    No ITS stop or start sites were identified for sequence SRR12683193.1558300.1, skipping.
11-05 13:05 root         DEBUG    No ITS stop or start sites were identified for sequence SRR12683193.1559613.1, skipping.
11-05 13:05 root         DEBUG    No ITS stop or start sites were identified for sequence SRR12683193.1561734.1, skipping.
11-05 13:05 root         DEBUG    No ITS stop or start sites were identified for sequence SRR12683193.1561741.1, skipping.
11-05 13:05 root         DEBUG    No ITS stop or start sites were identified for sequence SRR12683193.1561747.1, skipping.
11-05 13:05 root         DEBUG    No ITS stop or start sites were identified for sequence SRR12683193.1564408.1, skipping.
11-05 13:05 root         DEBUG    No ITS stop or start sites were identified for sequence SRR12683193.1564454.1, skipping.
11-05 13:05 root         DEBUG    No ITS stop or start sites were identified for sequence SRR12683193.1565541.1, skipping.
11-05 13:05 root         DEBUG    No ITS stop or start sites were identified for sequence SRR12683193.1566265.1, skipping.
11-05 13:05 root         DEBUG    No ITS stop or start sites were identified for sequence SRR12683193.1566719.1, skipping.
11-05 13:05 root         DEBUG    No ITS stop or start sites were identified for sequence SRR12683193.1572066.1, skipping.
11-05 13:05 root         DEBUG    No ITS stop or start sites were identified for sequence SRR12683193.1572099.1, skipping.
11-05 13:05 root         DEBUG    No ITS stop or start sites were identified for sequence SRR12683193.1585055.1, skipping.
11-05 13:05 root         DEBUG    No ITS stop or start sites were identified for sequence SRR12683193.1585059.1, skipping.
11-05 13:05 root         DEBUG    No ITS stop or start sites were identified for sequence SRR12683193.1605677.1, skipping.
11-05 13:05 root         DEBUG    No ITS stop or start sites were identified for sequence SRR12683193.1606865.1, skipping.
11-05 13:05 root         DEBUG    No ITS stop or start sites were identified for sequence SRR12683193.1607377.1, skipping.
11-05 13:05 root         DEBUG    No ITS stop or start sites were identified for sequence SRR12683193.1607392.1, skipping.
11-05 13:05 root         DEBUG    No ITS stop or start sites were identified for sequence SRR12683193.1607404.1, skipping.
11-05 13:05 root         DEBUG    No ITS stop or start sites were identified for sequence SRR12683193.1607408.1, skipping.
11-05 13:05 root         DEBUG    No ITS stop or start sites were identified for sequence SRR12683193.1607421.1, skipping.
11-05 13:05 root         DEBUG    No ITS stop or start sites were identified for sequence SRR12683193.1607422.1, skipping.
11-05 13:05 root         DEBUG    No ITS stop or start sites were identified for sequence SRR12683193.1607431.1, skipping.
11-05 13:05 root         DEBUG    No ITS stop or start sites were identified for sequence SRR12683193.1610309.1, skipping.
11-05 13:05 root         DEBUG    No ITS stop or start sites were identified for sequence SRR12683193.1617811.1, skipping.
11-05 13:05 root         DEBUG    No ITS stop or start sites were identified for sequence SRR12683193.1617815.1, skipping.
11-05 13:05 root         DEBUG    No ITS stop or start sites were identified for sequence SRR12683193.1617818.1, skipping.
11-05 13:05 root         DEBUG    No ITS stop or start sites were identified for sequence SRR12683193.1617824.1, skipping.
11-05 13:05 root         DEBUG    No ITS stop or start sites were identified for sequence SRR12683193.1617825.1, skipping.
11-05 13:05 root         DEBUG    No ITS stop or start sites were identified for sequence SRR12683193.1617830.1, skipping.
11-05 13:05 root         DEBUG    No ITS stop or start sites were identified for sequence SRR12683193.1617831.1, skipping.
11-05 13:05 root         DEBUG    No ITS stop or start sites were identified for sequence SRR12683193.1617849.1, skipping.
11-05 13:05 root         DEBUG    No ITS stop or start sites were identified for sequence SRR12683193.1617851.1, skipping.
11-05 13:05 root         DEBUG    No ITS stop or start sites were identified for sequence SRR12683193.1640975.1, skipping.
11-05 13:05 root         DEBUG    No ITS stop or start sites were identified for sequence SRR12683193.1641018.1, skipping.
11-05 13:05 root         DEBUG    No ITS stop or start sites were identified for sequence SRR12683193.1641023.1, skipping.
11-05 13:05 root         DEBUG    No ITS stop or start sites were identified for sequence SRR12683193.1642506.1, skipping.
11-05 13:05 root         DEBUG    No ITS stop or start sites were identified for sequence SRR12683193.1643223.1, skipping.
11-05 13:05 root         DEBUG    No ITS stop or start sites were identified for sequence SRR12683193.1647403.1, skipping.
11-05 13:05 root         DEBUG    No ITS stop or start sites were identified for sequence SRR12683193.1649699.1, skipping.
11-05 13:05 root         DEBUG    No ITS stop or start sites were identified for sequence SRR12683193.1651901.1, skipping.
11-05 13:05 root         DEBUG    No ITS stop or start sites were identified for sequence SRR12683193.1652056.1, skipping.
11-05 13:05 root         DEBUG    No ITS stop or start sites were identified for sequence SRR12683193.1653024.1, skipping.
11-05 13:05 root         DEBUG    No ITS stop or start sites were identified for sequence SRR12683193.1661891.1, skipping.
11-05 13:05 root         DEBUG    No ITS stop or start sites were identified for sequence SRR12683193.1661894.1, skipping.
11-05 13:05 root         DEBUG    No ITS stop or start sites were identified for sequence SRR12683193.1661897.1, skipping.
11-05 13:05 root         DEBUG    No ITS stop or start sites were identified for sequence SRR12683193.1668112.1, skipping.
11-05 13:05 root         DEBUG    No ITS stop or start sites were identified for sequence SRR12683193.1685133.1, skipping.
11-05 13:05 root         DEBUG    No ITS stop or start sites were identified for sequence SRR12683193.1685156.1, skipping.
11-05 13:05 root         DEBUG    No ITS stop or start sites were identified for sequence SRR12683193.1685197.1, skipping.
11-05 13:05 root         DEBUG    No ITS stop or start sites were identified for sequence SRR12683193.1693231.1, skipping.
11-05 13:05 root         DEBUG    No ITS stop or start sites were identified for sequence SRR12683193.1706198.1, skipping.
11-05 13:05 root         DEBUG    No ITS stop or start sites were identified for sequence SRR12683193.1706201.1, skipping.
11-05 13:05 root         DEBUG    No ITS stop or start sites were identified for sequence SRR12683193.1706202.1, skipping.
11-05 13:05 root         DEBUG    No ITS stop or start sites were identified for sequence SRR12683193.1706203.1, skipping.
11-05 13:05 root         DEBUG    No ITS stop or start sites were identified for sequence SRR12683193.1706207.1, skipping.
11-05 13:05 root         DEBUG    No ITS stop or start sites were identified for sequence SRR12683193.1706692.1, skipping.
11-05 13:05 root         INFO     ITSxpress ran in 01:29:30
