11-04 21:54 root         INFO     Verifying the input sequences.
11-04 21:54 root         INFO     Sequences are assumed to be single-end.
11-04 21:54 root         INFO     Temporary directory is: /tmp/itsxpress_3ncqj5hr
11-04 21:54 root         INFO     Unique sequences are being written to a temporary FASTA file with Vsearch.
11-04 21:54 root         INFO     vsearch v2.7.1_linux_x86_64, 15.6GB RAM, 4 cores
https://github.com/torognes/vsearch

Reading file SRR12683187_pass_1.fastq.gz 100%
1570128 nt in 5384 seqs, min 35, max 301, avg 292
Dereplicating 100%
Sorting 100%
4416 unique sequences, avg cluster 1.2, median 1, max 227
Writing output file 100%
Writing uc file, first part 100%
Writing uc file, second part 100%

11-04 21:54 root         INFO     Searching for ITS start and stop sites using HMMSearch. This step takes a while.
11-04 21:54 root         INFO     Parsing HMM results.
11-04 21:54 root         INFO     Writing out sequences
11-04 21:54 root         DEBUG    No ITS stop or start sites were identified for sequence SRR12683187.3.1, skipping.
11-04 21:54 root         DEBUG    No ITS stop or start sites were identified for sequence SRR12683187.25.1, skipping.
11-04 21:54 root         DEBUG    No ITS stop or start sites were identified for sequence SRR12683187.35.1, skipping.
11-04 21:54 root         DEBUG    No ITS stop or start sites were identified for sequence SRR12683187.43.1, skipping.
11-04 21:54 root         DEBUG    No ITS stop or start sites were identified for sequence SRR12683187.70.1, skipping.
11-04 21:54 root         DEBUG    No ITS stop or start sites were identified for sequence SRR12683187.72.1, skipping.
11-04 21:54 root         DEBUG    No ITS stop or start sites were identified for sequence SRR12683187.43.1, skipping.
11-04 21:54 root         DEBUG    No ITS stop or start sites were identified for sequence SRR12683187.43.1, skipping.
11-04 21:54 root         DEBUG    No ITS stop or start sites were identified for sequence SRR12683187.136.1, skipping.
11-04 21:54 root         DEBUG    No ITS stop or start sites were identified for sequence SRR12683187.144.1, skipping.
11-04 21:54 root         DEBUG    No ITS stop or start sites were identified for sequence SRR12683187.43.1, skipping.
11-04 21:54 root         DEBUG    No ITS stop or start sites were identified for sequence SRR12683187.154.1, skipping.
11-04 21:54 root         DEBUG    No ITS stop or start sites were identified for sequence SRR12683187.156.1, skipping.
11-04 21:54 root         DEBUG    No ITS stop or start sites were identified for sequence SRR12683187.174.1, skipping.
11-04 21:54 root         DEBUG    No ITS stop or start sites were identified for sequence SRR12683187.178.1, skipping.
11-04 21:54 root         DEBUG    No ITS stop or start sites were identified for sequence SRR12683187.187.1, skipping.
11-04 21:54 root         DEBUG    No ITS stop or start sites were identified for sequence SRR12683187.43.1, skipping.
11-04 21:54 root         DEBUG    No ITS stop or start sites were identified for sequence SRR12683187.210.1, skipping.
11-04 21:54 root         DEBUG    No ITS stop or start sites were identified for sequence SRR12683187.43.1, skipping.
11-04 21:54 root         DEBUG    No ITS stop or start sites were identified for sequence SRR12683187.224.1, skipping.
11-04 21:54 root         DEBUG    No ITS stop or start sites were identified for sequence SRR12683187.226.1, skipping.
11-04 21:54 root         DEBUG    No ITS stop or start sites were identified for sequence SRR12683187.227.1, skipping.
11-04 21:54 root         DEBUG    No ITS stop or start sites were identified for sequence SRR12683187.234.1, skipping.
11-04 21:54 root         DEBUG    No ITS stop or start sites were identified for sequence SRR12683187.235.1, skipping.
11-04 21:54 root         DEBUG    No ITS stop or start sites were identified for sequence SRR12683187.237.1, skipping.
11-04 21:54 root         DEBUG    No ITS stop or start sites were identified for sequence SRR12683187.259.1, skipping.
11-04 21:54 root         DEBUG    No ITS stop or start sites were identified for sequence SRR12683187.266.1, skipping.
11-04 21:54 root         DEBUG    No ITS stop or start sites were identified for sequence SRR12683187.295.1, skipping.
11-04 21:54 root         DEBUG    No ITS stop or start sites were identified for sequence SRR12683187.226.1, skipping.
11-04 21:54 root         DEBUG    No ITS stop or start sites were identified for sequence SRR12683187.226.1, skipping.
11-04 21:54 root         DEBUG    No ITS stop or start sites were identified for sequence SRR12683187.318.1, skipping.
11-04 21:54 root         DEBUG    No ITS stop or start sites were identified for sequence SRR12683187.325.1, skipping.
11-04 21:54 root         DEBUG    No ITS stop or start sites were identified for sequence SRR12683187.326.1, skipping.
11-04 21:54 root         DEBUG    No ITS stop or start sites were identified for sequence SRR12683187.43.1, skipping.
11-04 21:54 root         DEBUG    No ITS stop or start sites were identified for sequence SRR12683187.43.1, skipping.
11-04 21:54 root         DEBUG    No ITS stop or start sites were identified for sequence SRR12683187.187.1, skipping.
11-04 21:54 root         DEBUG    No ITS stop or start sites were identified for sequence SRR12683187.187.1, skipping.
11-04 21:54 root         DEBUG    No ITS stop or start sites were identified for sequence SRR12683187.401.1, skipping.
11-04 21:54 root         DEBUG    No ITS stop or start sites were identified for sequence SRR12683187.43.1, skipping.
11-04 21:54 root         DEBUG    No ITS stop or start sites were identified for sequence SRR12683187.424.1, skipping.
11-04 21:54 root         DEBUG    No ITS stop or start sites were identified for sequence SRR12683187.428.1, skipping.
11-04 21:54 root         DEBUG    No ITS stop or start sites were identified for sequence SRR12683187.437.1, skipping.
11-04 21:54 root         DEBUG    No ITS stop or start sites were identified for sequence SRR12683187.437.1, skipping.
11-04 21:54 root         DEBUG    No ITS stop or start sites were identified for sequence SRR12683187.455.1, skipping.
11-04 21:54 root         DEBUG    No ITS stop or start sites were identified for sequence SRR12683187.458.1, skipping.
11-04 21:54 root         DEBUG    No ITS stop or start sites were identified for sequence SRR12683187.464.1, skipping.
11-04 21:54 root         DEBUG    No ITS stop or start sites were identified for sequence SRR12683187.498.1, skipping.
11-04 21:54 root         DEBUG    No ITS stop or start sites were identified for sequence SRR12683187.501.1, skipping.
11-04 21:54 root         DEBUG    No ITS stop or start sites were identified for sequence SRR12683187.503.1, skipping.
11-04 21:54 root         DEBUG    No ITS stop or start sites were identified for sequence SRR12683187.510.1, skipping.
11-04 21:54 root         DEBUG    No ITS stop or start sites were identified for sequence SRR12683187.521.1, skipping.
11-04 21:54 root         DEBUG    No ITS stop or start sites were identified for sequence SRR12683187.542.1, skipping.
11-04 21:54 root         DEBUG    No ITS stop or start sites were identified for sequence SRR12683187.546.1, skipping.
11-04 21:54 root         DEBUG    No ITS stop or start sites were identified for sequence SRR12683187.547.1, skipping.
11-04 21:54 root         DEBUG    No ITS stop or start sites were identified for sequence SRR12683187.549.1, skipping.
11-04 21:54 root         DEBUG    No ITS stop or start sites were identified for sequence SRR12683187.568.1, skipping.
11-04 21:54 root         DEBUG    No ITS stop or start sites were identified for sequence SRR12683187.70.1, skipping.
11-04 21:54 root         DEBUG    No ITS stop or start sites were identified for sequence SRR12683187.510.1, skipping.
11-04 21:54 root         DEBUG    No ITS stop or start sites were identified for sequence SRR12683187.592.1, skipping.
11-04 21:54 root         DEBUG    No ITS stop or start sites were identified for sequence SRR12683187.604.1, skipping.
11-04 21:54 root         DEBUG    No ITS stop or start sites were identified for sequence SRR12683187.546.1, skipping.
11-04 21:54 root         DEBUG    No ITS stop or start sites were identified for sequence SRR12683187.655.1, skipping.
11-04 21:54 root         DEBUG    No ITS stop or start sites were identified for sequence SRR12683187.658.1, skipping.
11-04 21:54 root         DEBUG    No ITS stop or start sites were identified for sequence SRR12683187.682.1, skipping.
11-04 21:54 root         DEBUG    No ITS stop or start sites were identified for sequence SRR12683187.705.1, skipping.
11-04 21:54 root         DEBUG    No ITS stop or start sites were identified for sequence SRR12683187.43.1, skipping.
11-04 21:54 root         DEBUG    No ITS stop or start sites were identified for sequence SRR12683187.716.1, skipping.
11-04 21:54 root         DEBUG    No ITS stop or start sites were identified for sequence SRR12683187.437.1, skipping.
11-04 21:54 root         DEBUG    No ITS stop or start sites were identified for sequence SRR12683187.729.1, skipping.
11-04 21:54 root         DEBUG    No ITS stop or start sites were identified for sequence SRR12683187.733.1, skipping.
11-04 21:54 root         DEBUG    No ITS stop or start sites were identified for sequence SRR12683187.749.1, skipping.
11-04 21:54 root         DEBUG    No ITS stop or start sites were identified for sequence SRR12683187.765.1, skipping.
11-04 21:54 root         DEBUG    No ITS stop or start sites were identified for sequence SRR12683187.766.1, skipping.
11-04 21:54 root         DEBUG    No ITS stop or start sites were identified for sequence SRR12683187.226.1, skipping.
11-04 21:54 root         DEBUG    No ITS stop or start sites were identified for sequence SRR12683187.43.1, skipping.
11-04 21:54 root         DEBUG    No ITS stop or start sites were identified for sequence SRR12683187.43.1, skipping.
11-04 21:54 root         DEBUG    No ITS stop or start sites were identified for sequence SRR12683187.458.1, skipping.
11-04 21:54 root         DEBUG    No ITS stop or start sites were identified for sequence SRR12683187.838.1, skipping.
11-04 21:54 root         DEBUG    No ITS stop or start sites were identified for sequence SRR12683187.43.1, skipping.
11-04 21:54 root         DEBUG    No ITS stop or start sites were identified for sequence SRR12683187.43.1, skipping.
11-04 21:54 root         DEBUG    No ITS stop or start sites were identified for sequence SRR12683187.910.1, skipping.
11-04 21:54 root         DEBUG    No ITS stop or start sites were identified for sequence SRR12683187.912.1, skipping.
11-04 21:54 root         DEBUG    No ITS stop or start sites were identified for sequence SRR12683187.919.1, skipping.
11-04 21:54 root         DEBUG    No ITS stop or start sites were identified for sequence SRR12683187.932.1, skipping.
11-04 21:54 root         DEBUG    No ITS stop or start sites were identified for sequence SRR12683187.933.1, skipping.
11-04 21:54 root         DEBUG    No ITS stop or start sites were identified for sequence SRR12683187.70.1, skipping.
11-04 21:54 root         DEBUG    No ITS stop or start sites were identified for sequence SRR12683187.939.1, skipping.
11-04 21:54 root         DEBUG    No ITS stop or start sites were identified for sequence SRR12683187.458.1, skipping.
11-04 21:54 root         DEBUG    No ITS stop or start sites were identified for sequence SRR12683187.957.1, skipping.
11-04 21:54 root         DEBUG    No ITS stop or start sites were identified for sequence SRR12683187.972.1, skipping.
11-04 21:54 root         DEBUG    No ITS stop or start sites were identified for sequence SRR12683187.437.1, skipping.
11-04 21:54 root         DEBUG    No ITS stop or start sites were identified for sequence SRR12683187.981.1, skipping.
11-04 21:54 root         DEBUG    No ITS stop or start sites were identified for sequence SRR12683187.989.1, skipping.
11-04 21:54 root         DEBUG    No ITS stop or start sites were identified for sequence SRR12683187.226.1, skipping.
11-04 21:54 root         DEBUG    No ITS stop or start sites were identified for sequence SRR12683187.43.1, skipping.
11-04 21:54 root         DEBUG    No ITS stop or start sites were identified for sequence SRR12683187.437.1, skipping.
11-04 21:54 root         DEBUG    No ITS stop or start sites were identified for sequence SRR12683187.226.1, skipping.
11-04 21:54 root         DEBUG    No ITS stop or start sites were identified for sequence SRR12683187.1020.1, skipping.
11-04 21:54 root         DEBUG    No ITS stop or start sites were identified for sequence SRR12683187.43.1, skipping.
11-04 21:54 root         DEBUG    No ITS stop or start sites were identified for sequence SRR12683187.1035.1, skipping.
11-04 21:54 root         DEBUG    No ITS stop or start sites were identified for sequence SRR12683187.1047.1, skipping.
11-04 21:54 root         DEBUG    No ITS stop or start sites were identified for sequence SRR12683187.1057.1, skipping.
11-04 21:54 root         DEBUG    No ITS stop or start sites were identified for sequence SRR12683187.1060.1, skipping.
11-04 21:54 root         DEBUG    No ITS stop or start sites were identified for sequence SRR12683187.1076.1, skipping.
11-04 21:54 root         DEBUG    No ITS stop or start sites were identified for sequence SRR12683187.1109.1, skipping.
11-04 21:54 root         DEBUG    No ITS stop or start sites were identified for sequence SRR12683187.1144.1, skipping.
11-04 21:54 root         DEBUG    No ITS stop or start sites were identified for sequence SRR12683187.1157.1, skipping.
11-04 21:54 root         DEBUG    No ITS stop or start sites were identified for sequence SRR12683187.1167.1, skipping.
11-04 21:54 root         DEBUG    No ITS stop or start sites were identified for sequence SRR12683187.1191.1, skipping.
11-04 21:54 root         DEBUG    No ITS stop or start sites were identified for sequence SRR12683187.1192.1, skipping.
11-04 21:54 root         DEBUG    No ITS stop or start sites were identified for sequence SRR12683187.1197.1, skipping.
11-04 21:54 root         DEBUG    No ITS stop or start sites were identified for sequence SRR12683187.1209.1, skipping.
11-04 21:54 root         DEBUG    No ITS stop or start sites were identified for sequence SRR12683187.1215.1, skipping.
11-04 21:54 root         DEBUG    No ITS stop or start sites were identified for sequence SRR12683187.1218.1, skipping.
11-04 21:54 root         DEBUG    No ITS stop or start sites were identified for sequence SRR12683187.43.1, skipping.
11-04 21:54 root         DEBUG    No ITS stop or start sites were identified for sequence SRR12683187.43.1, skipping.
11-04 21:54 root         DEBUG    No ITS stop or start sites were identified for sequence SRR12683187.1229.1, skipping.
11-04 21:54 root         DEBUG    No ITS stop or start sites were identified for sequence SRR12683187.1232.1, skipping.
11-04 21:54 root         DEBUG    No ITS stop or start sites were identified for sequence SRR12683187.1234.1, skipping.
11-04 21:54 root         DEBUG    No ITS stop or start sites were identified for sequence SRR12683187.70.1, skipping.
11-04 21:54 root         DEBUG    No ITS stop or start sites were identified for sequence SRR12683187.1243.1, skipping.
11-04 21:54 root         DEBUG    No ITS stop or start sites were identified for sequence SRR12683187.1245.1, skipping.
11-04 21:54 root         DEBUG    No ITS stop or start sites were identified for sequence SRR12683187.1249.1, skipping.
11-04 21:54 root         DEBUG    No ITS stop or start sites were identified for sequence SRR12683187.1252.1, skipping.
11-04 21:54 root         DEBUG    No ITS stop or start sites were identified for sequence SRR12683187.1253.1, skipping.
11-04 21:54 root         DEBUG    No ITS stop or start sites were identified for sequence SRR12683187.1245.1, skipping.
11-04 21:54 root         DEBUG    No ITS stop or start sites were identified for sequence SRR12683187.1273.1, skipping.
11-04 21:54 root         DEBUG    No ITS stop or start sites were identified for sequence SRR12683187.1279.1, skipping.
11-04 21:54 root         DEBUG    No ITS stop or start sites were identified for sequence SRR12683187.1294.1, skipping.
11-04 21:54 root         DEBUG    No ITS stop or start sites were identified for sequence SRR12683187.1307.1, skipping.
11-04 21:54 root         DEBUG    No ITS stop or start sites were identified for sequence SRR12683187.70.1, skipping.
11-04 21:54 root         DEBUG    No ITS stop or start sites were identified for sequence SRR12683187.1315.1, skipping.
11-04 21:54 root         DEBUG    No ITS stop or start sites were identified for sequence SRR12683187.705.1, skipping.
11-04 21:54 root         DEBUG    No ITS stop or start sites were identified for sequence SRR12683187.1417.1, skipping.
11-04 21:54 root         DEBUG    No ITS stop or start sites were identified for sequence SRR12683187.1423.1, skipping.
11-04 21:54 root         DEBUG    No ITS stop or start sites were identified for sequence SRR12683187.70.1, skipping.
11-04 21:54 root         DEBUG    No ITS stop or start sites were identified for sequence SRR12683187.43.1, skipping.
11-04 21:54 root         DEBUG    No ITS stop or start sites were identified for sequence SRR12683187.1435.1, skipping.
11-04 21:54 root         DEBUG    No ITS stop or start sites were identified for sequence SRR12683187.705.1, skipping.
11-04 21:54 root         DEBUG    No ITS stop or start sites were identified for sequence SRR12683187.1491.1, skipping.
11-04 21:54 root         DEBUG    No ITS stop or start sites were identified for sequence SRR12683187.1504.1, skipping.
11-04 21:54 root         DEBUG    No ITS stop or start sites were identified for sequence SRR12683187.1508.1, skipping.
11-04 21:54 root         DEBUG    No ITS stop or start sites were identified for sequence SRR12683187.1542.1, skipping.
11-04 21:54 root         DEBUG    No ITS stop or start sites were identified for sequence SRR12683187.43.1, skipping.
11-04 21:54 root         DEBUG    No ITS stop or start sites were identified for sequence SRR12683187.437.1, skipping.
11-04 21:54 root         DEBUG    No ITS stop or start sites were identified for sequence SRR12683187.1598.1, skipping.
11-04 21:54 root         DEBUG    No ITS stop or start sites were identified for sequence SRR12683187.1626.1, skipping.
11-04 21:54 root         DEBUG    No ITS stop or start sites were identified for sequence SRR12683187.1652.1, skipping.
11-04 21:54 root         DEBUG    No ITS stop or start sites were identified for sequence SRR12683187.1665.1, skipping.
11-04 21:54 root         DEBUG    No ITS stop or start sites were identified for sequence SRR12683187.1670.1, skipping.
11-04 21:54 root         DEBUG    No ITS stop or start sites were identified for sequence SRR12683187.1678.1, skipping.
11-04 21:54 root         DEBUG    No ITS stop or start sites were identified for sequence SRR12683187.43.1, skipping.
11-04 21:54 root         DEBUG    No ITS stop or start sites were identified for sequence SRR12683187.1691.1, skipping.
11-04 21:54 root         DEBUG    No ITS stop or start sites were identified for sequence SRR12683187.1215.1, skipping.
11-04 21:54 root         DEBUG    No ITS stop or start sites were identified for sequence SRR12683187.1713.1, skipping.
11-04 21:54 root         DEBUG    No ITS stop or start sites were identified for sequence SRR12683187.1724.1, skipping.
11-04 21:54 root         DEBUG    No ITS stop or start sites were identified for sequence SRR12683187.705.1, skipping.
11-04 21:54 root         DEBUG    No ITS stop or start sites were identified for sequence SRR12683187.43.1, skipping.
11-04 21:54 root         DEBUG    No ITS stop or start sites were identified for sequence SRR12683187.437.1, skipping.
11-04 21:54 root         DEBUG    No ITS stop or start sites were identified for sequence SRR12683187.1750.1, skipping.
11-04 21:54 root         DEBUG    No ITS stop or start sites were identified for sequence SRR12683187.1751.1, skipping.
11-04 21:54 root         DEBUG    No ITS stop or start sites were identified for sequence SRR12683187.187.1, skipping.
11-04 21:54 root         DEBUG    No ITS stop or start sites were identified for sequence SRR12683187.1772.1, skipping.
11-04 21:54 root         DEBUG    No ITS stop or start sites were identified for sequence SRR12683187.1787.1, skipping.
11-04 21:54 root         DEBUG    No ITS stop or start sites were identified for sequence SRR12683187.43.1, skipping.
11-04 21:54 root         DEBUG    No ITS stop or start sites were identified for sequence SRR12683187.1848.1, skipping.
11-04 21:54 root         DEBUG    No ITS stop or start sites were identified for sequence SRR12683187.70.1, skipping.
11-04 21:54 root         DEBUG    No ITS stop or start sites were identified for sequence SRR12683187.1850.1, skipping.
11-04 21:54 root         DEBUG    No ITS stop or start sites were identified for sequence SRR12683187.43.1, skipping.
11-04 21:54 root         DEBUG    No ITS stop or start sites were identified for sequence SRR12683187.1880.1, skipping.
11-04 21:54 root         DEBUG    No ITS stop or start sites were identified for sequence SRR12683187.1881.1, skipping.
11-04 21:54 root         DEBUG    No ITS stop or start sites were identified for sequence SRR12683187.1919.1, skipping.
11-04 21:54 root         DEBUG    No ITS stop or start sites were identified for sequence SRR12683187.178.1, skipping.
11-04 21:54 root         DEBUG    No ITS stop or start sites were identified for sequence SRR12683187.1929.1, skipping.
11-04 21:54 root         DEBUG    No ITS stop or start sites were identified for sequence SRR12683187.1880.1, skipping.
11-04 21:54 root         DEBUG    No ITS stop or start sites were identified for sequence SRR12683187.1435.1, skipping.
11-04 21:54 root         DEBUG    No ITS stop or start sites were identified for sequence SRR12683187.1750.1, skipping.
11-04 21:54 root         DEBUG    No ITS stop or start sites were identified for sequence SRR12683187.705.1, skipping.
11-04 21:54 root         DEBUG    No ITS stop or start sites were identified for sequence SRR12683187.1958.1, skipping.
11-04 21:54 root         DEBUG    No ITS stop or start sites were identified for sequence SRR12683187.43.1, skipping.
11-04 21:54 root         DEBUG    No ITS stop or start sites were identified for sequence SRR12683187.226.1, skipping.
11-04 21:54 root         DEBUG    No ITS stop or start sites were identified for sequence SRR12683187.1978.1, skipping.
11-04 21:54 root         DEBUG    No ITS stop or start sites were identified for sequence SRR12683187.43.1, skipping.
11-04 21:54 root         DEBUG    No ITS stop or start sites were identified for sequence SRR12683187.932.1, skipping.
11-04 21:54 root         DEBUG    No ITS stop or start sites were identified for sequence SRR12683187.43.1, skipping.
11-04 21:54 root         DEBUG    No ITS stop or start sites were identified for sequence SRR12683187.43.1, skipping.
11-04 21:54 root         DEBUG    No ITS stop or start sites were identified for sequence SRR12683187.1435.1, skipping.
11-04 21:54 root         DEBUG    No ITS stop or start sites were identified for sequence SRR12683187.2043.1, skipping.
11-04 21:54 root         DEBUG    No ITS stop or start sites were identified for sequence SRR12683187.2049.1, skipping.
11-04 21:54 root         DEBUG    No ITS stop or start sites were identified for sequence SRR12683187.35.1, skipping.
11-04 21:54 root         DEBUG    No ITS stop or start sites were identified for sequence SRR12683187.2060.1, skipping.
11-04 21:54 root         DEBUG    No ITS stop or start sites were identified for sequence SRR12683187.43.1, skipping.
11-04 21:54 root         DEBUG    No ITS stop or start sites were identified for sequence SRR12683187.43.1, skipping.
11-04 21:54 root         DEBUG    No ITS stop or start sites were identified for sequence SRR12683187.2083.1, skipping.
11-04 21:54 root         DEBUG    No ITS stop or start sites were identified for sequence SRR12683187.2109.1, skipping.
11-04 21:54 root         DEBUG    No ITS stop or start sites were identified for sequence SRR12683187.2117.1, skipping.
11-04 21:54 root         DEBUG    No ITS stop or start sites were identified for sequence SRR12683187.437.1, skipping.
11-04 21:54 root         DEBUG    No ITS stop or start sites were identified for sequence SRR12683187.43.1, skipping.
11-04 21:54 root         DEBUG    No ITS stop or start sites were identified for sequence SRR12683187.2194.1, skipping.
11-04 21:54 root         DEBUG    No ITS stop or start sites were identified for sequence SRR12683187.2205.1, skipping.
11-04 21:54 root         DEBUG    No ITS stop or start sites were identified for sequence SRR12683187.2206.1, skipping.
11-04 21:54 root         DEBUG    No ITS stop or start sites were identified for sequence SRR12683187.2239.1, skipping.
11-04 21:54 root         DEBUG    No ITS stop or start sites were identified for sequence SRR12683187.1652.1, skipping.
11-04 21:54 root         DEBUG    No ITS stop or start sites were identified for sequence SRR12683187.1245.1, skipping.
11-04 21:54 root         DEBUG    No ITS stop or start sites were identified for sequence SRR12683187.2265.1, skipping.
11-04 21:54 root         DEBUG    No ITS stop or start sites were identified for sequence SRR12683187.2270.1, skipping.
11-04 21:54 root         DEBUG    No ITS stop or start sites were identified for sequence SRR12683187.2271.1, skipping.
11-04 21:54 root         DEBUG    No ITS stop or start sites were identified for sequence SRR12683187.1678.1, skipping.
11-04 21:54 root         DEBUG    No ITS stop or start sites were identified for sequence SRR12683187.43.1, skipping.
11-04 21:54 root         DEBUG    No ITS stop or start sites were identified for sequence SRR12683187.224.1, skipping.
11-04 21:54 root         DEBUG    No ITS stop or start sites were identified for sequence SRR12683187.1678.1, skipping.
11-04 21:54 root         DEBUG    No ITS stop or start sites were identified for sequence SRR12683187.2310.1, skipping.
11-04 21:54 root         DEBUG    No ITS stop or start sites were identified for sequence SRR12683187.2324.1, skipping.
11-04 21:54 root         DEBUG    No ITS stop or start sites were identified for sequence SRR12683187.2328.1, skipping.
11-04 21:54 root         DEBUG    No ITS stop or start sites were identified for sequence SRR12683187.2347.1, skipping.
11-04 21:54 root         DEBUG    No ITS stop or start sites were identified for sequence SRR12683187.2368.1, skipping.
11-04 21:54 root         DEBUG    No ITS stop or start sites were identified for sequence SRR12683187.43.1, skipping.
11-04 21:54 root         DEBUG    No ITS stop or start sites were identified for sequence SRR12683187.2380.1, skipping.
11-04 21:54 root         DEBUG    No ITS stop or start sites were identified for sequence SRR12683187.2409.1, skipping.
11-04 21:54 root         DEBUG    No ITS stop or start sites were identified for sequence SRR12683187.2368.1, skipping.
11-04 21:54 root         DEBUG    No ITS stop or start sites were identified for sequence SRR12683187.2481.1, skipping.
11-04 21:54 root         DEBUG    No ITS stop or start sites were identified for sequence SRR12683187.2489.1, skipping.
11-04 21:54 root         DEBUG    No ITS stop or start sites were identified for sequence SRR12683187.43.1, skipping.
11-04 21:54 root         DEBUG    No ITS stop or start sites were identified for sequence SRR12683187.2509.1, skipping.
11-04 21:54 root         DEBUG    No ITS stop or start sites were identified for sequence SRR12683187.2526.1, skipping.
11-04 21:54 root         DEBUG    No ITS stop or start sites were identified for sequence SRR12683187.2534.1, skipping.
11-04 21:54 root         DEBUG    No ITS stop or start sites were identified for sequence SRR12683187.2536.1, skipping.
11-04 21:54 root         DEBUG    No ITS stop or start sites were identified for sequence SRR12683187.2545.1, skipping.
11-04 21:54 root         DEBUG    No ITS stop or start sites were identified for sequence SRR12683187.1880.1, skipping.
11-04 21:54 root         DEBUG    No ITS stop or start sites were identified for sequence SRR12683187.2562.1, skipping.
11-04 21:54 root         DEBUG    No ITS stop or start sites were identified for sequence SRR12683187.2574.1, skipping.
11-04 21:54 root         DEBUG    No ITS stop or start sites were identified for sequence SRR12683187.2575.1, skipping.
11-04 21:54 root         DEBUG    No ITS stop or start sites were identified for sequence SRR12683187.1215.1, skipping.
11-04 21:54 root         DEBUG    No ITS stop or start sites were identified for sequence SRR12683187.2586.1, skipping.
11-04 21:54 root         DEBUG    No ITS stop or start sites were identified for sequence SRR12683187.2588.1, skipping.
11-04 21:54 root         DEBUG    No ITS stop or start sites were identified for sequence SRR12683187.70.1, skipping.
11-04 21:54 root         DEBUG    No ITS stop or start sites were identified for sequence SRR12683187.2592.1, skipping.
11-04 21:54 root         DEBUG    No ITS stop or start sites were identified for sequence SRR12683187.226.1, skipping.
11-04 21:54 root         DEBUG    No ITS stop or start sites were identified for sequence SRR12683187.1245.1, skipping.
11-04 21:54 root         DEBUG    No ITS stop or start sites were identified for sequence SRR12683187.2612.1, skipping.
11-04 21:54 root         DEBUG    No ITS stop or start sites were identified for sequence SRR12683187.2626.1, skipping.
11-04 21:54 root         DEBUG    No ITS stop or start sites were identified for sequence SRR12683187.2630.1, skipping.
11-04 21:54 root         DEBUG    No ITS stop or start sites were identified for sequence SRR12683187.43.1, skipping.
11-04 21:54 root         DEBUG    No ITS stop or start sites were identified for sequence SRR12683187.437.1, skipping.
11-04 21:54 root         DEBUG    No ITS stop or start sites were identified for sequence SRR12683187.1958.1, skipping.
11-04 21:54 root         DEBUG    No ITS stop or start sites were identified for sequence SRR12683187.2654.1, skipping.
11-04 21:54 root         DEBUG    No ITS stop or start sites were identified for sequence SRR12683187.437.1, skipping.
11-04 21:54 root         DEBUG    No ITS stop or start sites were identified for sequence SRR12683187.43.1, skipping.
11-04 21:54 root         DEBUG    No ITS stop or start sites were identified for sequence SRR12683187.1435.1, skipping.
11-04 21:54 root         DEBUG    No ITS stop or start sites were identified for sequence SRR12683187.2675.1, skipping.
11-04 21:54 root         DEBUG    No ITS stop or start sites were identified for sequence SRR12683187.549.1, skipping.
11-04 21:54 root         DEBUG    No ITS stop or start sites were identified for sequence SRR12683187.325.1, skipping.
11-04 21:54 root         DEBUG    No ITS stop or start sites were identified for sequence SRR12683187.2700.1, skipping.
11-04 21:54 root         DEBUG    No ITS stop or start sites were identified for sequence SRR12683187.2705.1, skipping.
11-04 21:54 root         DEBUG    No ITS stop or start sites were identified for sequence SRR12683187.43.1, skipping.
11-04 21:54 root         DEBUG    No ITS stop or start sites were identified for sequence SRR12683187.226.1, skipping.
11-04 21:54 root         DEBUG    No ITS stop or start sites were identified for sequence SRR12683187.2726.1, skipping.
11-04 21:54 root         DEBUG    No ITS stop or start sites were identified for sequence SRR12683187.325.1, skipping.
11-04 21:54 root         DEBUG    No ITS stop or start sites were identified for sequence SRR12683187.2786.1, skipping.
11-04 21:54 root         DEBUG    No ITS stop or start sites were identified for sequence SRR12683187.187.1, skipping.
11-04 21:54 root         DEBUG    No ITS stop or start sites were identified for sequence SRR12683187.226.1, skipping.
11-04 21:54 root         DEBUG    No ITS stop or start sites were identified for sequence SRR12683187.2818.1, skipping.
11-04 21:54 root         DEBUG    No ITS stop or start sites were identified for sequence SRR12683187.437.1, skipping.
11-04 21:54 root         DEBUG    No ITS stop or start sites were identified for sequence SRR12683187.2368.1, skipping.
11-04 21:54 root         DEBUG    No ITS stop or start sites were identified for sequence SRR12683187.458.1, skipping.
11-04 21:54 root         DEBUG    No ITS stop or start sites were identified for sequence SRR12683187.2863.1, skipping.
11-04 21:54 root         DEBUG    No ITS stop or start sites were identified for sequence SRR12683187.2869.1, skipping.
11-04 21:54 root         DEBUG    No ITS stop or start sites were identified for sequence SRR12683187.43.1, skipping.
11-04 21:54 root         DEBUG    No ITS stop or start sites were identified for sequence SRR12683187.70.1, skipping.
11-04 21:54 root         DEBUG    No ITS stop or start sites were identified for sequence SRR12683187.43.1, skipping.
11-04 21:54 root         DEBUG    No ITS stop or start sites were identified for sequence SRR12683187.70.1, skipping.
11-04 21:54 root         DEBUG    No ITS stop or start sites were identified for sequence SRR12683187.226.1, skipping.
11-04 21:54 root         DEBUG    No ITS stop or start sites were identified for sequence SRR12683187.224.1, skipping.
11-04 21:54 root         DEBUG    No ITS stop or start sites were identified for sequence SRR12683187.1435.1, skipping.
11-04 21:54 root         DEBUG    No ITS stop or start sites were identified for sequence SRR12683187.2953.1, skipping.
11-04 21:54 root         DEBUG    No ITS stop or start sites were identified for sequence SRR12683187.2955.1, skipping.
11-04 21:54 root         DEBUG    No ITS stop or start sites were identified for sequence SRR12683187.2959.1, skipping.
11-04 21:54 root         DEBUG    No ITS stop or start sites were identified for sequence SRR12683187.2962.1, skipping.
11-04 21:54 root         DEBUG    No ITS stop or start sites were identified for sequence SRR12683187.2977.1, skipping.
11-04 21:54 root         DEBUG    No ITS stop or start sites were identified for sequence SRR12683187.2978.1, skipping.
11-04 21:54 root         DEBUG    No ITS stop or start sites were identified for sequence SRR12683187.455.1, skipping.
11-04 21:54 root         DEBUG    No ITS stop or start sites were identified for sequence SRR12683187.2986.1, skipping.
11-04 21:54 root         DEBUG    No ITS stop or start sites were identified for sequence SRR12683187.2995.1, skipping.
11-04 21:54 root         DEBUG    No ITS stop or start sites were identified for sequence SRR12683187.2998.1, skipping.
11-04 21:54 root         DEBUG    No ITS stop or start sites were identified for sequence SRR12683187.226.1, skipping.
11-04 21:54 root         DEBUG    No ITS stop or start sites were identified for sequence SRR12683187.43.1, skipping.
11-04 21:54 root         DEBUG    No ITS stop or start sites were identified for sequence SRR12683187.3047.1, skipping.
11-04 21:54 root         DEBUG    No ITS stop or start sites were identified for sequence SRR12683187.3050.1, skipping.
11-04 21:54 root         DEBUG    No ITS stop or start sites were identified for sequence SRR12683187.1958.1, skipping.
11-04 21:54 root         DEBUG    No ITS stop or start sites were identified for sequence SRR12683187.3069.1, skipping.
11-04 21:54 root         DEBUG    No ITS stop or start sites were identified for sequence SRR12683187.1880.1, skipping.
11-04 21:54 root         DEBUG    No ITS stop or start sites were identified for sequence SRR12683187.1542.1, skipping.
11-04 21:54 root         DEBUG    No ITS stop or start sites were identified for sequence SRR12683187.35.1, skipping.
11-04 21:54 root         DEBUG    No ITS stop or start sites were identified for sequence SRR12683187.43.1, skipping.
11-04 21:54 root         DEBUG    No ITS stop or start sites were identified for sequence SRR12683187.187.1, skipping.
11-04 21:54 root         DEBUG    No ITS stop or start sites were identified for sequence SRR12683187.3138.1, skipping.
11-04 21:54 root         DEBUG    No ITS stop or start sites were identified for sequence SRR12683187.70.1, skipping.
11-04 21:54 root         DEBUG    No ITS stop or start sites were identified for sequence SRR12683187.3181.1, skipping.
11-04 21:54 root         DEBUG    No ITS stop or start sites were identified for sequence SRR12683187.2368.1, skipping.
11-04 21:54 root         DEBUG    No ITS stop or start sites were identified for sequence SRR12683187.3195.1, skipping.
11-04 21:54 root         DEBUG    No ITS stop or start sites were identified for sequence SRR12683187.3197.1, skipping.
11-04 21:54 root         DEBUG    No ITS stop or start sites were identified for sequence SRR12683187.3207.1, skipping.
11-04 21:54 root         DEBUG    No ITS stop or start sites were identified for sequence SRR12683187.35.1, skipping.
11-04 21:54 root         DEBUG    No ITS stop or start sites were identified for sequence SRR12683187.1772.1, skipping.
11-04 21:54 root         DEBUG    No ITS stop or start sites were identified for sequence SRR12683187.3267.1, skipping.
11-04 21:54 root         DEBUG    No ITS stop or start sites were identified for sequence SRR12683187.3273.1, skipping.
11-04 21:54 root         DEBUG    No ITS stop or start sites were identified for sequence SRR12683187.3274.1, skipping.
11-04 21:54 root         DEBUG    No ITS stop or start sites were identified for sequence SRR12683187.3279.1, skipping.
11-04 21:54 root         DEBUG    No ITS stop or start sites were identified for sequence SRR12683187.3285.1, skipping.
11-04 21:54 root         DEBUG    No ITS stop or start sites were identified for sequence SRR12683187.3295.1, skipping.
11-04 21:54 root         DEBUG    No ITS stop or start sites were identified for sequence SRR12683187.3345.1, skipping.
11-04 21:54 root         DEBUG    No ITS stop or start sites were identified for sequence SRR12683187.3348.1, skipping.
11-04 21:54 root         DEBUG    No ITS stop or start sites were identified for sequence SRR12683187.43.1, skipping.
11-04 21:54 root         DEBUG    No ITS stop or start sites were identified for sequence SRR12683187.43.1, skipping.
11-04 21:54 root         DEBUG    No ITS stop or start sites were identified for sequence SRR12683187.1880.1, skipping.
11-04 21:54 root         DEBUG    No ITS stop or start sites were identified for sequence SRR12683187.3429.1, skipping.
11-04 21:54 root         DEBUG    No ITS stop or start sites were identified for sequence SRR12683187.3436.1, skipping.
11-04 21:54 root         DEBUG    No ITS stop or start sites were identified for sequence SRR12683187.437.1, skipping.
11-04 21:54 root         DEBUG    No ITS stop or start sites were identified for sequence SRR12683187.3449.1, skipping.
11-04 21:54 root         DEBUG    No ITS stop or start sites were identified for sequence SRR12683187.3470.1, skipping.
11-04 21:54 root         DEBUG    No ITS stop or start sites were identified for sequence SRR12683187.455.1, skipping.
11-04 21:54 root         DEBUG    No ITS stop or start sites were identified for sequence SRR12683187.2586.1, skipping.
11-04 21:54 root         DEBUG    No ITS stop or start sites were identified for sequence SRR12683187.1435.1, skipping.
11-04 21:54 root         DEBUG    No ITS stop or start sites were identified for sequence SRR12683187.3493.1, skipping.
11-04 21:54 root         DEBUG    No ITS stop or start sites were identified for sequence SRR12683187.3517.1, skipping.
11-04 21:54 root         DEBUG    No ITS stop or start sites were identified for sequence SRR12683187.3520.1, skipping.
11-04 21:54 root         DEBUG    No ITS stop or start sites were identified for sequence SRR12683187.912.1, skipping.
11-04 21:54 root         DEBUG    No ITS stop or start sites were identified for sequence SRR12683187.2586.1, skipping.
11-04 21:54 root         DEBUG    No ITS stop or start sites were identified for sequence SRR12683187.3569.1, skipping.
11-04 21:54 root         DEBUG    No ITS stop or start sites were identified for sequence SRR12683187.3621.1, skipping.
11-04 21:54 root         DEBUG    No ITS stop or start sites were identified for sequence SRR12683187.1880.1, skipping.
11-04 21:54 root         DEBUG    No ITS stop or start sites were identified for sequence SRR12683187.546.1, skipping.
11-04 21:54 root         DEBUG    No ITS stop or start sites were identified for sequence SRR12683187.2626.1, skipping.
11-04 21:54 root         DEBUG    No ITS stop or start sites were identified for sequence SRR12683187.1245.1, skipping.
11-04 21:54 root         DEBUG    No ITS stop or start sites were identified for sequence SRR12683187.3658.1, skipping.
11-04 21:54 root         DEBUG    No ITS stop or start sites were identified for sequence SRR12683187.3680.1, skipping.
11-04 21:54 root         DEBUG    No ITS stop or start sites were identified for sequence SRR12683187.3693.1, skipping.
11-04 21:54 root         DEBUG    No ITS stop or start sites were identified for sequence SRR12683187.3720.1, skipping.
11-04 21:54 root         DEBUG    No ITS stop or start sites were identified for sequence SRR12683187.3723.1, skipping.
11-04 21:54 root         DEBUG    No ITS stop or start sites were identified for sequence SRR12683187.43.1, skipping.
11-04 21:54 root         DEBUG    No ITS stop or start sites were identified for sequence SRR12683187.3771.1, skipping.
11-04 21:54 root         DEBUG    No ITS stop or start sites were identified for sequence SRR12683187.3774.1, skipping.
11-04 21:54 root         DEBUG    No ITS stop or start sites were identified for sequence SRR12683187.3787.1, skipping.
11-04 21:54 root         DEBUG    No ITS stop or start sites were identified for sequence SRR12683187.3810.1, skipping.
11-04 21:54 root         DEBUG    No ITS stop or start sites were identified for sequence SRR12683187.3850.1, skipping.
11-04 21:54 root         DEBUG    No ITS stop or start sites were identified for sequence SRR12683187.3862.1, skipping.
11-04 21:54 root         DEBUG    No ITS stop or start sites were identified for sequence SRR12683187.1435.1, skipping.
11-04 21:54 root         DEBUG    No ITS stop or start sites were identified for sequence SRR12683187.3881.1, skipping.
11-04 21:54 root         DEBUG    No ITS stop or start sites were identified for sequence SRR12683187.3886.1, skipping.
11-04 21:54 root         DEBUG    No ITS stop or start sites were identified for sequence SRR12683187.3893.1, skipping.
11-04 21:54 root         DEBUG    No ITS stop or start sites were identified for sequence SRR12683187.3934.1, skipping.
11-04 21:54 root         DEBUG    No ITS stop or start sites were identified for sequence SRR12683187.3947.1, skipping.
11-04 21:54 root         DEBUG    No ITS stop or start sites were identified for sequence SRR12683187.1880.1, skipping.
11-04 21:54 root         DEBUG    No ITS stop or start sites were identified for sequence SRR12683187.3985.1, skipping.
11-04 21:54 root         DEBUG    No ITS stop or start sites were identified for sequence SRR12683187.3986.1, skipping.
11-04 21:54 root         DEBUG    No ITS stop or start sites were identified for sequence SRR12683187.1542.1, skipping.
11-04 21:54 root         DEBUG    No ITS stop or start sites were identified for sequence SRR12683187.4001.1, skipping.
11-04 21:54 root         DEBUG    No ITS stop or start sites were identified for sequence SRR12683187.4016.1, skipping.
11-04 21:54 root         DEBUG    No ITS stop or start sites were identified for sequence SRR12683187.4023.1, skipping.
11-04 21:54 root         DEBUG    No ITS stop or start sites were identified for sequence SRR12683187.70.1, skipping.
11-04 21:54 root         DEBUG    No ITS stop or start sites were identified for sequence SRR12683187.4084.1, skipping.
11-04 21:54 root         DEBUG    No ITS stop or start sites were identified for sequence SRR12683187.4086.1, skipping.
11-04 21:54 root         DEBUG    No ITS stop or start sites were identified for sequence SRR12683187.4089.1, skipping.
11-04 21:54 root         DEBUG    No ITS stop or start sites were identified for sequence SRR12683187.4092.1, skipping.
11-04 21:54 root         DEBUG    No ITS stop or start sites were identified for sequence SRR12683187.4093.1, skipping.
11-04 21:54 root         DEBUG    No ITS stop or start sites were identified for sequence SRR12683187.4094.1, skipping.
11-04 21:54 root         DEBUG    No ITS stop or start sites were identified for sequence SRR12683187.4096.1, skipping.
11-04 21:54 root         DEBUG    No ITS stop or start sites were identified for sequence SRR12683187.4110.1, skipping.
11-04 21:54 root         DEBUG    No ITS stop or start sites were identified for sequence SRR12683187.4092.1, skipping.
11-04 21:54 root         DEBUG    No ITS stop or start sites were identified for sequence SRR12683187.187.1, skipping.
11-04 21:54 root         DEBUG    No ITS stop or start sites were identified for sequence SRR12683187.4170.1, skipping.
11-04 21:54 root         DEBUG    No ITS stop or start sites were identified for sequence SRR12683187.549.1, skipping.
11-04 21:54 root         DEBUG    No ITS stop or start sites were identified for sequence SRR12683187.4191.1, skipping.
11-04 21:54 root         DEBUG    No ITS stop or start sites were identified for sequence SRR12683187.4209.1, skipping.
11-04 21:54 root         DEBUG    No ITS stop or start sites were identified for sequence SRR12683187.1435.1, skipping.
11-04 21:54 root         DEBUG    No ITS stop or start sites were identified for sequence SRR12683187.4215.1, skipping.
11-04 21:54 root         DEBUG    No ITS stop or start sites were identified for sequence SRR12683187.4240.1, skipping.
11-04 21:54 root         DEBUG    No ITS stop or start sites were identified for sequence SRR12683187.70.1, skipping.
11-04 21:54 root         DEBUG    No ITS stop or start sites were identified for sequence SRR12683187.4254.1, skipping.
11-04 21:54 root         DEBUG    No ITS stop or start sites were identified for sequence SRR12683187.70.1, skipping.
11-04 21:54 root         DEBUG    No ITS stop or start sites were identified for sequence SRR12683187.43.1, skipping.
11-04 21:54 root         DEBUG    No ITS stop or start sites were identified for sequence SRR12683187.1435.1, skipping.
11-04 21:54 root         DEBUG    No ITS stop or start sites were identified for sequence SRR12683187.1435.1, skipping.
11-04 21:54 root         DEBUG    No ITS stop or start sites were identified for sequence SRR12683187.4350.1, skipping.
11-04 21:54 root         DEBUG    No ITS stop or start sites were identified for sequence SRR12683187.4370.1, skipping.
11-04 21:54 root         DEBUG    No ITS stop or start sites were identified for sequence SRR12683187.4371.1, skipping.
11-04 21:54 root         DEBUG    No ITS stop or start sites were identified for sequence SRR12683187.43.1, skipping.
11-04 21:54 root         DEBUG    No ITS stop or start sites were identified for sequence SRR12683187.2675.1, skipping.
11-04 21:54 root         DEBUG    No ITS stop or start sites were identified for sequence SRR12683187.437.1, skipping.
11-04 21:54 root         DEBUG    No ITS stop or start sites were identified for sequence SRR12683187.226.1, skipping.
11-04 21:54 root         DEBUG    No ITS stop or start sites were identified for sequence SRR12683187.2239.1, skipping.
11-04 21:54 root         DEBUG    No ITS stop or start sites were identified for sequence SRR12683187.437.1, skipping.
11-04 21:54 root         DEBUG    No ITS stop or start sites were identified for sequence SRR12683187.4491.1, skipping.
11-04 21:54 root         DEBUG    No ITS stop or start sites were identified for sequence SRR12683187.1958.1, skipping.
11-04 21:54 root         DEBUG    No ITS stop or start sites were identified for sequence SRR12683187.2109.1, skipping.
11-04 21:54 root         DEBUG    No ITS stop or start sites were identified for sequence SRR12683187.549.1, skipping.
11-04 21:54 root         DEBUG    No ITS stop or start sites were identified for sequence SRR12683187.4518.1, skipping.
11-04 21:54 root         DEBUG    No ITS stop or start sites were identified for sequence SRR12683187.4521.1, skipping.
11-04 21:54 root         DEBUG    No ITS stop or start sites were identified for sequence SRR12683187.4534.1, skipping.
11-04 21:54 root         DEBUG    No ITS stop or start sites were identified for sequence SRR12683187.437.1, skipping.
11-04 21:54 root         DEBUG    No ITS stop or start sites were identified for sequence SRR12683187.4580.1, skipping.
11-04 21:54 root         DEBUG    No ITS stop or start sites were identified for sequence SRR12683187.226.1, skipping.
11-04 21:54 root         DEBUG    No ITS stop or start sites were identified for sequence SRR12683187.4606.1, skipping.
11-04 21:54 root         DEBUG    No ITS stop or start sites were identified for sequence SRR12683187.70.1, skipping.
11-04 21:54 root         DEBUG    No ITS stop or start sites were identified for sequence SRR12683187.4629.1, skipping.
11-04 21:54 root         DEBUG    No ITS stop or start sites were identified for sequence SRR12683187.4092.1, skipping.
11-04 21:54 root         DEBUG    No ITS stop or start sites were identified for sequence SRR12683187.4658.1, skipping.
11-04 21:54 root         DEBUG    No ITS stop or start sites were identified for sequence SRR12683187.4667.1, skipping.
11-04 21:54 root         DEBUG    No ITS stop or start sites were identified for sequence SRR12683187.4672.1, skipping.
11-04 21:54 root         DEBUG    No ITS stop or start sites were identified for sequence SRR12683187.4686.1, skipping.
11-04 21:54 root         DEBUG    No ITS stop or start sites were identified for sequence SRR12683187.2368.1, skipping.
11-04 21:54 root         DEBUG    No ITS stop or start sites were identified for sequence SRR12683187.4691.1, skipping.
11-04 21:54 root         DEBUG    No ITS stop or start sites were identified for sequence SRR12683187.437.1, skipping.
11-04 21:54 root         DEBUG    No ITS stop or start sites were identified for sequence SRR12683187.35.1, skipping.
11-04 21:54 root         DEBUG    No ITS stop or start sites were identified for sequence SRR12683187.43.1, skipping.
11-04 21:54 root         DEBUG    No ITS stop or start sites were identified for sequence SRR12683187.4775.1, skipping.
11-04 21:54 root         DEBUG    No ITS stop or start sites were identified for sequence SRR12683187.4809.1, skipping.
11-04 21:54 root         DEBUG    No ITS stop or start sites were identified for sequence SRR12683187.4813.1, skipping.
11-04 21:54 root         DEBUG    No ITS stop or start sites were identified for sequence SRR12683187.4815.1, skipping.
11-04 21:54 root         DEBUG    No ITS stop or start sites were identified for sequence SRR12683187.70.1, skipping.
11-04 21:54 root         DEBUG    No ITS stop or start sites were identified for sequence SRR12683187.1880.1, skipping.
11-04 21:54 root         DEBUG    No ITS stop or start sites were identified for sequence SRR12683187.1880.1, skipping.
11-04 21:54 root         DEBUG    No ITS stop or start sites were identified for sequence SRR12683187.4888.1, skipping.
11-04 21:54 root         DEBUG    No ITS stop or start sites were identified for sequence SRR12683187.4893.1, skipping.
11-04 21:54 root         DEBUG    No ITS stop or start sites were identified for sequence SRR12683187.4919.1, skipping.
11-04 21:54 root         DEBUG    No ITS stop or start sites were identified for sequence SRR12683187.70.1, skipping.
11-04 21:54 root         DEBUG    No ITS stop or start sites were identified for sequence SRR12683187.70.1, skipping.
11-04 21:54 root         DEBUG    No ITS stop or start sites were identified for sequence SRR12683187.546.1, skipping.
11-04 21:54 root         DEBUG    No ITS stop or start sites were identified for sequence SRR12683187.70.1, skipping.
11-04 21:54 root         DEBUG    No ITS stop or start sites were identified for sequence SRR12683187.226.1, skipping.
11-04 21:54 root         DEBUG    No ITS stop or start sites were identified for sequence SRR12683187.437.1, skipping.
11-04 21:54 root         DEBUG    No ITS stop or start sites were identified for sequence SRR12683187.592.1, skipping.
11-04 21:54 root         DEBUG    No ITS stop or start sites were identified for sequence SRR12683187.5020.1, skipping.
11-04 21:54 root         DEBUG    No ITS stop or start sites were identified for sequence SRR12683187.3345.1, skipping.
11-04 21:54 root         DEBUG    No ITS stop or start sites were identified for sequence SRR12683187.43.1, skipping.
11-04 21:54 root         DEBUG    No ITS stop or start sites were identified for sequence SRR12683187.35.1, skipping.
11-04 21:54 root         DEBUG    No ITS stop or start sites were identified for sequence SRR12683187.43.1, skipping.
11-04 21:54 root         DEBUG    No ITS stop or start sites were identified for sequence SRR12683187.5077.1, skipping.
11-04 21:54 root         DEBUG    No ITS stop or start sites were identified for sequence SRR12683187.5080.1, skipping.
11-04 21:54 root         DEBUG    No ITS stop or start sites were identified for sequence SRR12683187.5091.1, skipping.
11-04 21:54 root         DEBUG    No ITS stop or start sites were identified for sequence SRR12683187.43.1, skipping.
11-04 21:54 root         DEBUG    No ITS stop or start sites were identified for sequence SRR12683187.546.1, skipping.
11-04 21:54 root         DEBUG    No ITS stop or start sites were identified for sequence SRR12683187.5120.1, skipping.
11-04 21:54 root         DEBUG    No ITS stop or start sites were identified for sequence SRR12683187.5129.1, skipping.
11-04 21:54 root         DEBUG    No ITS stop or start sites were identified for sequence SRR12683187.43.1, skipping.
11-04 21:54 root         DEBUG    No ITS stop or start sites were identified for sequence SRR12683187.5137.1, skipping.
11-04 21:54 root         DEBUG    No ITS stop or start sites were identified for sequence SRR12683187.5139.1, skipping.
11-04 21:54 root         DEBUG    No ITS stop or start sites were identified for sequence SRR12683187.5150.1, skipping.
11-04 21:54 root         DEBUG    No ITS stop or start sites were identified for sequence SRR12683187.5152.1, skipping.
11-04 21:54 root         DEBUG    No ITS stop or start sites were identified for sequence SRR12683187.70.1, skipping.
11-04 21:54 root         DEBUG    No ITS stop or start sites were identified for sequence SRR12683187.43.1, skipping.
11-04 21:54 root         DEBUG    No ITS stop or start sites were identified for sequence SRR12683187.5202.1, skipping.
11-04 21:54 root         DEBUG    No ITS stop or start sites were identified for sequence SRR12683187.5219.1, skipping.
11-04 21:54 root         DEBUG    No ITS stop or start sites were identified for sequence SRR12683187.224.1, skipping.
11-04 21:54 root         DEBUG    No ITS stop or start sites were identified for sequence SRR12683187.5260.1, skipping.
11-04 21:54 root         DEBUG    No ITS stop or start sites were identified for sequence SRR12683187.43.1, skipping.
11-04 21:54 root         DEBUG    No ITS stop or start sites were identified for sequence SRR12683187.43.1, skipping.
11-04 21:54 root         DEBUG    No ITS stop or start sites were identified for sequence SRR12683187.1435.1, skipping.
11-04 21:54 root         DEBUG    No ITS stop or start sites were identified for sequence SRR12683187.70.1, skipping.
11-04 21:54 root         DEBUG    No ITS stop or start sites were identified for sequence SRR12683187.549.1, skipping.
11-04 21:54 root         DEBUG    No ITS stop or start sites were identified for sequence SRR12683187.5315.1, skipping.
11-04 21:54 root         DEBUG    No ITS stop or start sites were identified for sequence SRR12683187.5320.1, skipping.
11-04 21:54 root         DEBUG    No ITS stop or start sites were identified for sequence SRR12683187.5321.1, skipping.
11-04 21:54 root         DEBUG    No ITS stop or start sites were identified for sequence SRR12683187.43.1, skipping.
11-04 21:54 root         DEBUG    No ITS stop or start sites were identified for sequence SRR12683187.5334.1, skipping.
11-04 21:54 root         DEBUG    No ITS stop or start sites were identified for sequence SRR12683187.5363.1, skipping.
11-04 21:54 root         INFO     ITSxpress ran in 00:00:41
