11-04 21:54 root         INFO     Verifying the input sequences.
11-04 21:54 root         INFO     Sequences are assumed to be single-end.
11-04 21:54 root         INFO     Temporary directory is: /tmp/itsxpress_5qerwj6j
11-04 21:54 root         INFO     Unique sequences are being written to a temporary FASTA file with Vsearch.
11-04 21:54 root         INFO     vsearch v2.7.1_linux_x86_64, 15.6GB RAM, 4 cores
https://github.com/torognes/vsearch

Reading file SRR12683186_pass_1.fastq.gz 100%
21351 nt in 73 seqs, min 35, max 301, avg 292
Dereplicating 100%
Sorting 100%
59 unique sequences, avg cluster 1.2, median 1, max 7
Writing output file 100%
Writing uc file, first part 100%
Writing uc file, second part 100%

11-04 21:54 root         INFO     Searching for ITS start and stop sites using HMMSearch. This step takes a while.
11-04 21:54 root         INFO     Parsing HMM results.
11-04 21:54 root         INFO     Writing out sequences
11-04 21:54 root         DEBUG    No ITS stop or start sites were identified for sequence SRR12683186.3.1, skipping.
11-04 21:54 root         DEBUG    No ITS stop or start sites were identified for sequence SRR12683186.8.1, skipping.
11-04 21:54 root         DEBUG    No ITS stop or start sites were identified for sequence SRR12683186.16.1, skipping.
11-04 21:54 root         DEBUG    No ITS stop or start sites were identified for sequence SRR12683186.21.1, skipping.
11-04 21:54 root         DEBUG    No ITS stop or start sites were identified for sequence SRR12683186.57.1, skipping.
11-04 21:54 root         INFO     ITSxpress ran in 00:00:01
