11-04 21:37 root         INFO     Verifying the input sequences.
11-04 21:37 root         INFO     Sequences are assumed to be single-end.
11-04 21:37 root         INFO     Temporary directory is: /tmp/itsxpress_a0pafjs1
11-04 21:37 root         INFO     Unique sequences are being written to a temporary FASTA file with Vsearch.
11-04 21:37 root         INFO     vsearch v2.7.1_linux_x86_64, 15.6GB RAM, 4 cores
https://github.com/torognes/vsearch

Reading file SRR12683136_pass_1.fastq.gz 100%
18639 nt in 83 seqs, min 35, max 301, avg 225
Dereplicating 100%
Sorting 100%
65 unique sequences, avg cluster 1.3, median 1, max 12
Writing output file 100%
Writing uc file, first part 100%
Writing uc file, second part 100%

11-04 21:37 root         INFO     Searching for ITS start and stop sites using HMMSearch. This step takes a while.
11-04 21:37 root         INFO     Parsing HMM results.
11-04 21:37 root         INFO     Writing out sequences
11-04 21:37 root         DEBUG    No ITS stop or start sites were identified for sequence SRR12683136.1.1, skipping.
11-04 21:37 root         DEBUG    No ITS stop or start sites were identified for sequence SRR12683136.2.1, skipping.
11-04 21:37 root         DEBUG    No ITS stop or start sites were identified for sequence SRR12683136.3.1, skipping.
11-04 21:37 root         DEBUG    No ITS stop or start sites were identified for sequence SRR12683136.2.1, skipping.
11-04 21:37 root         DEBUG    No ITS stop or start sites were identified for sequence SRR12683136.3.1, skipping.
11-04 21:37 root         DEBUG    No ITS stop or start sites were identified for sequence SRR12683136.3.1, skipping.
11-04 21:37 root         DEBUG    No ITS stop or start sites were identified for sequence SRR12683136.13.1, skipping.
11-04 21:37 root         DEBUG    No ITS stop or start sites were identified for sequence SRR12683136.3.1, skipping.
11-04 21:37 root         DEBUG    No ITS stop or start sites were identified for sequence SRR12683136.3.1, skipping.
11-04 21:37 root         DEBUG    No ITS stop or start sites were identified for sequence SRR12683136.3.1, skipping.
11-04 21:37 root         DEBUG    No ITS stop or start sites were identified for sequence SRR12683136.36.1, skipping.
11-04 21:37 root         DEBUG    No ITS stop or start sites were identified for sequence SRR12683136.37.1, skipping.
11-04 21:37 root         DEBUG    No ITS stop or start sites were identified for sequence SRR12683136.3.1, skipping.
11-04 21:37 root         DEBUG    No ITS stop or start sites were identified for sequence SRR12683136.47.1, skipping.
11-04 21:37 root         DEBUG    No ITS stop or start sites were identified for sequence SRR12683136.3.1, skipping.
11-04 21:37 root         DEBUG    No ITS stop or start sites were identified for sequence SRR12683136.3.1, skipping.
11-04 21:37 root         DEBUG    No ITS stop or start sites were identified for sequence SRR12683136.55.1, skipping.
11-04 21:37 root         DEBUG    No ITS stop or start sites were identified for sequence SRR12683136.3.1, skipping.
11-04 21:37 root         DEBUG    No ITS stop or start sites were identified for sequence SRR12683136.57.1, skipping.
11-04 21:37 root         DEBUG    No ITS stop or start sites were identified for sequence SRR12683136.58.1, skipping.
11-04 21:37 root         DEBUG    No ITS stop or start sites were identified for sequence SRR12683136.62.1, skipping.
11-04 21:37 root         DEBUG    No ITS stop or start sites were identified for sequence SRR12683136.67.1, skipping.
11-04 21:37 root         DEBUG    No ITS stop or start sites were identified for sequence SRR12683136.68.1, skipping.
11-04 21:37 root         DEBUG    No ITS stop or start sites were identified for sequence SRR12683136.3.1, skipping.
11-04 21:37 root         DEBUG    No ITS stop or start sites were identified for sequence SRR12683136.72.1, skipping.
11-04 21:37 root         DEBUG    No ITS stop or start sites were identified for sequence SRR12683136.68.1, skipping.
11-04 21:37 root         DEBUG    No ITS stop or start sites were identified for sequence SRR12683136.72.1, skipping.
11-04 21:37 root         DEBUG    No ITS stop or start sites were identified for sequence SRR12683136.3.1, skipping.
11-04 21:37 root         DEBUG    No ITS stop or start sites were identified for sequence SRR12683136.2.1, skipping.
11-04 21:37 root         INFO     ITSxpress ran in 00:00:01
