11-04 21:31 root         INFO     Verifying the input sequences.
11-04 21:31 root         INFO     Sequences are assumed to be single-end.
11-04 21:31 root         INFO     Temporary directory is: /tmp/itsxpress__ze1aw5w
11-04 21:31 root         INFO     Unique sequences are being written to a temporary FASTA file with Vsearch.
11-04 21:31 root         INFO     vsearch v2.7.1_linux_x86_64, 15.6GB RAM, 4 cores
https://github.com/torognes/vsearch

Reading file SRR12683111_pass_1.fastq.gz 100%
524333 nt in 1969 seqs, min 35, max 301, avg 266
Dereplicating 100%
Sorting 100%
1516 unique sequences, avg cluster 1.3, median 1, max 111
Writing output file 100%
Writing uc file, first part 100%
Writing uc file, second part 100%

11-04 21:31 root         INFO     Searching for ITS start and stop sites using HMMSearch. This step takes a while.
11-04 21:31 root         INFO     Parsing HMM results.
11-04 21:31 root         INFO     Writing out sequences
11-04 21:31 root         DEBUG    No ITS stop or start sites were identified for sequence SRR12683111.9.1, skipping.
11-04 21:31 root         DEBUG    No ITS stop or start sites were identified for sequence SRR12683111.10.1, skipping.
11-04 21:31 root         DEBUG    No ITS stop or start sites were identified for sequence SRR12683111.15.1, skipping.
11-04 21:31 root         DEBUG    No ITS stop or start sites were identified for sequence SRR12683111.17.1, skipping.
11-04 21:31 root         DEBUG    No ITS stop or start sites were identified for sequence SRR12683111.20.1, skipping.
11-04 21:31 root         DEBUG    No ITS stop or start sites were identified for sequence SRR12683111.21.1, skipping.
11-04 21:31 root         DEBUG    No ITS stop or start sites were identified for sequence SRR12683111.29.1, skipping.
11-04 21:31 root         DEBUG    No ITS stop or start sites were identified for sequence SRR12683111.34.1, skipping.
11-04 21:31 root         DEBUG    No ITS stop or start sites were identified for sequence SRR12683111.56.1, skipping.
11-04 21:31 root         DEBUG    No ITS stop or start sites were identified for sequence SRR12683111.29.1, skipping.
11-04 21:31 root         DEBUG    No ITS stop or start sites were identified for sequence SRR12683111.64.1, skipping.
11-04 21:31 root         DEBUG    No ITS stop or start sites were identified for sequence SRR12683111.65.1, skipping.
11-04 21:31 root         DEBUG    No ITS stop or start sites were identified for sequence SRR12683111.34.1, skipping.
11-04 21:31 root         DEBUG    No ITS stop or start sites were identified for sequence SRR12683111.34.1, skipping.
11-04 21:31 root         DEBUG    No ITS stop or start sites were identified for sequence SRR12683111.72.1, skipping.
11-04 21:31 root         DEBUG    No ITS stop or start sites were identified for sequence SRR12683111.29.1, skipping.
11-04 21:31 root         DEBUG    No ITS stop or start sites were identified for sequence SRR12683111.97.1, skipping.
11-04 21:31 root         DEBUG    No ITS stop or start sites were identified for sequence SRR12683111.103.1, skipping.
11-04 21:31 root         DEBUG    No ITS stop or start sites were identified for sequence SRR12683111.105.1, skipping.
11-04 21:31 root         DEBUG    No ITS stop or start sites were identified for sequence SRR12683111.103.1, skipping.
11-04 21:31 root         DEBUG    No ITS stop or start sites were identified for sequence SRR12683111.107.1, skipping.
11-04 21:31 root         DEBUG    No ITS stop or start sites were identified for sequence SRR12683111.108.1, skipping.
11-04 21:31 root         DEBUG    No ITS stop or start sites were identified for sequence SRR12683111.119.1, skipping.
11-04 21:31 root         DEBUG    No ITS stop or start sites were identified for sequence SRR12683111.17.1, skipping.
11-04 21:31 root         DEBUG    No ITS stop or start sites were identified for sequence SRR12683111.34.1, skipping.
11-04 21:31 root         DEBUG    No ITS stop or start sites were identified for sequence SRR12683111.29.1, skipping.
11-04 21:31 root         DEBUG    No ITS stop or start sites were identified for sequence SRR12683111.134.1, skipping.
11-04 21:31 root         DEBUG    No ITS stop or start sites were identified for sequence SRR12683111.145.1, skipping.
11-04 21:31 root         DEBUG    No ITS stop or start sites were identified for sequence SRR12683111.150.1, skipping.
11-04 21:31 root         DEBUG    No ITS stop or start sites were identified for sequence SRR12683111.151.1, skipping.
11-04 21:31 root         DEBUG    No ITS stop or start sites were identified for sequence SRR12683111.20.1, skipping.
11-04 21:31 root         DEBUG    No ITS stop or start sites were identified for sequence SRR12683111.34.1, skipping.
11-04 21:31 root         DEBUG    No ITS stop or start sites were identified for sequence SRR12683111.34.1, skipping.
11-04 21:31 root         DEBUG    No ITS stop or start sites were identified for sequence SRR12683111.162.1, skipping.
11-04 21:31 root         DEBUG    No ITS stop or start sites were identified for sequence SRR12683111.29.1, skipping.
11-04 21:31 root         DEBUG    No ITS stop or start sites were identified for sequence SRR12683111.64.1, skipping.
11-04 21:31 root         DEBUG    No ITS stop or start sites were identified for sequence SRR12683111.15.1, skipping.
11-04 21:31 root         DEBUG    No ITS stop or start sites were identified for sequence SRR12683111.186.1, skipping.
11-04 21:31 root         DEBUG    No ITS stop or start sites were identified for sequence SRR12683111.29.1, skipping.
11-04 21:31 root         DEBUG    No ITS stop or start sites were identified for sequence SRR12683111.192.1, skipping.
11-04 21:31 root         DEBUG    No ITS stop or start sites were identified for sequence SRR12683111.34.1, skipping.
11-04 21:31 root         DEBUG    No ITS stop or start sites were identified for sequence SRR12683111.34.1, skipping.
11-04 21:31 root         DEBUG    No ITS stop or start sites were identified for sequence SRR12683111.203.1, skipping.
11-04 21:31 root         DEBUG    No ITS stop or start sites were identified for sequence SRR12683111.219.1, skipping.
11-04 21:31 root         DEBUG    No ITS stop or start sites were identified for sequence SRR12683111.107.1, skipping.
11-04 21:31 root         DEBUG    No ITS stop or start sites were identified for sequence SRR12683111.225.1, skipping.
11-04 21:31 root         DEBUG    No ITS stop or start sites were identified for sequence SRR12683111.227.1, skipping.
11-04 21:31 root         DEBUG    No ITS stop or start sites were identified for sequence SRR12683111.34.1, skipping.
11-04 21:31 root         DEBUG    No ITS stop or start sites were identified for sequence SRR12683111.246.1, skipping.
11-04 21:31 root         DEBUG    No ITS stop or start sites were identified for sequence SRR12683111.97.1, skipping.
11-04 21:31 root         DEBUG    No ITS stop or start sites were identified for sequence SRR12683111.29.1, skipping.
11-04 21:31 root         DEBUG    No ITS stop or start sites were identified for sequence SRR12683111.29.1, skipping.
11-04 21:31 root         DEBUG    No ITS stop or start sites were identified for sequence SRR12683111.268.1, skipping.
11-04 21:31 root         DEBUG    No ITS stop or start sites were identified for sequence SRR12683111.276.1, skipping.
11-04 21:31 root         DEBUG    No ITS stop or start sites were identified for sequence SRR12683111.34.1, skipping.
11-04 21:31 root         DEBUG    No ITS stop or start sites were identified for sequence SRR12683111.279.1, skipping.
11-04 21:31 root         DEBUG    No ITS stop or start sites were identified for sequence SRR12683111.280.1, skipping.
11-04 21:31 root         DEBUG    No ITS stop or start sites were identified for sequence SRR12683111.34.1, skipping.
11-04 21:31 root         DEBUG    No ITS stop or start sites were identified for sequence SRR12683111.299.1, skipping.
11-04 21:31 root         DEBUG    No ITS stop or start sites were identified for sequence SRR12683111.309.1, skipping.
11-04 21:31 root         DEBUG    No ITS stop or start sites were identified for sequence SRR12683111.310.1, skipping.
11-04 21:31 root         DEBUG    No ITS stop or start sites were identified for sequence SRR12683111.64.1, skipping.
11-04 21:31 root         DEBUG    No ITS stop or start sites were identified for sequence SRR12683111.330.1, skipping.
11-04 21:31 root         DEBUG    No ITS stop or start sites were identified for sequence SRR12683111.225.1, skipping.
11-04 21:31 root         DEBUG    No ITS stop or start sites were identified for sequence SRR12683111.342.1, skipping.
11-04 21:31 root         DEBUG    No ITS stop or start sites were identified for sequence SRR12683111.34.1, skipping.
11-04 21:31 root         DEBUG    No ITS stop or start sites were identified for sequence SRR12683111.34.1, skipping.
11-04 21:31 root         DEBUG    No ITS stop or start sites were identified for sequence SRR12683111.361.1, skipping.
11-04 21:31 root         DEBUG    No ITS stop or start sites were identified for sequence SRR12683111.372.1, skipping.
11-04 21:31 root         DEBUG    No ITS stop or start sites were identified for sequence SRR12683111.374.1, skipping.
11-04 21:31 root         DEBUG    No ITS stop or start sites were identified for sequence SRR12683111.377.1, skipping.
11-04 21:31 root         DEBUG    No ITS stop or start sites were identified for sequence SRR12683111.151.1, skipping.
11-04 21:31 root         DEBUG    No ITS stop or start sites were identified for sequence SRR12683111.398.1, skipping.
11-04 21:31 root         DEBUG    No ITS stop or start sites were identified for sequence SRR12683111.97.1, skipping.
11-04 21:31 root         DEBUG    No ITS stop or start sites were identified for sequence SRR12683111.34.1, skipping.
11-04 21:31 root         DEBUG    No ITS stop or start sites were identified for sequence SRR12683111.29.1, skipping.
11-04 21:31 root         DEBUG    No ITS stop or start sites were identified for sequence SRR12683111.423.1, skipping.
11-04 21:31 root         DEBUG    No ITS stop or start sites were identified for sequence SRR12683111.34.1, skipping.
11-04 21:31 root         DEBUG    No ITS stop or start sites were identified for sequence SRR12683111.449.1, skipping.
11-04 21:31 root         DEBUG    No ITS stop or start sites were identified for sequence SRR12683111.17.1, skipping.
11-04 21:31 root         DEBUG    No ITS stop or start sites were identified for sequence SRR12683111.471.1, skipping.
11-04 21:31 root         DEBUG    No ITS stop or start sites were identified for sequence SRR12683111.506.1, skipping.
11-04 21:31 root         DEBUG    No ITS stop or start sites were identified for sequence SRR12683111.509.1, skipping.
11-04 21:31 root         DEBUG    No ITS stop or start sites were identified for sequence SRR12683111.515.1, skipping.
11-04 21:31 root         DEBUG    No ITS stop or start sites were identified for sequence SRR12683111.517.1, skipping.
11-04 21:31 root         DEBUG    No ITS stop or start sites were identified for sequence SRR12683111.518.1, skipping.
11-04 21:31 root         DEBUG    No ITS stop or start sites were identified for sequence SRR12683111.519.1, skipping.
11-04 21:31 root         DEBUG    No ITS stop or start sites were identified for sequence SRR12683111.527.1, skipping.
11-04 21:31 root         DEBUG    No ITS stop or start sites were identified for sequence SRR12683111.544.1, skipping.
11-04 21:31 root         DEBUG    No ITS stop or start sites were identified for sequence SRR12683111.554.1, skipping.
11-04 21:31 root         DEBUG    No ITS stop or start sites were identified for sequence SRR12683111.29.1, skipping.
11-04 21:31 root         DEBUG    No ITS stop or start sites were identified for sequence SRR12683111.570.1, skipping.
11-04 21:31 root         DEBUG    No ITS stop or start sites were identified for sequence SRR12683111.64.1, skipping.
11-04 21:31 root         DEBUG    No ITS stop or start sites were identified for sequence SRR12683111.574.1, skipping.
11-04 21:31 root         DEBUG    No ITS stop or start sites were identified for sequence SRR12683111.570.1, skipping.
11-04 21:31 root         DEBUG    No ITS stop or start sites were identified for sequence SRR12683111.34.1, skipping.
11-04 21:31 root         DEBUG    No ITS stop or start sites were identified for sequence SRR12683111.97.1, skipping.
11-04 21:31 root         DEBUG    No ITS stop or start sites were identified for sequence SRR12683111.34.1, skipping.
11-04 21:31 root         DEBUG    No ITS stop or start sites were identified for sequence SRR12683111.34.1, skipping.
11-04 21:31 root         DEBUG    No ITS stop or start sites were identified for sequence SRR12683111.617.1, skipping.
11-04 21:31 root         DEBUG    No ITS stop or start sites were identified for sequence SRR12683111.64.1, skipping.
11-04 21:31 root         DEBUG    No ITS stop or start sites were identified for sequence SRR12683111.29.1, skipping.
11-04 21:31 root         DEBUG    No ITS stop or start sites were identified for sequence SRR12683111.64.1, skipping.
11-04 21:31 root         DEBUG    No ITS stop or start sites were identified for sequence SRR12683111.34.1, skipping.
11-04 21:31 root         DEBUG    No ITS stop or start sites were identified for sequence SRR12683111.632.1, skipping.
11-04 21:31 root         DEBUG    No ITS stop or start sites were identified for sequence SRR12683111.635.1, skipping.
11-04 21:31 root         DEBUG    No ITS stop or start sites were identified for sequence SRR12683111.64.1, skipping.
11-04 21:31 root         DEBUG    No ITS stop or start sites were identified for sequence SRR12683111.639.1, skipping.
11-04 21:31 root         DEBUG    No ITS stop or start sites were identified for sequence SRR12683111.97.1, skipping.
11-04 21:31 root         DEBUG    No ITS stop or start sites were identified for sequence SRR12683111.34.1, skipping.
11-04 21:31 root         DEBUG    No ITS stop or start sites were identified for sequence SRR12683111.15.1, skipping.
11-04 21:31 root         DEBUG    No ITS stop or start sites were identified for sequence SRR12683111.29.1, skipping.
11-04 21:31 root         DEBUG    No ITS stop or start sites were identified for sequence SRR12683111.225.1, skipping.
11-04 21:31 root         DEBUG    No ITS stop or start sites were identified for sequence SRR12683111.225.1, skipping.
11-04 21:31 root         DEBUG    No ITS stop or start sites were identified for sequence SRR12683111.670.1, skipping.
11-04 21:31 root         DEBUG    No ITS stop or start sites were identified for sequence SRR12683111.671.1, skipping.
11-04 21:31 root         DEBUG    No ITS stop or start sites were identified for sequence SRR12683111.64.1, skipping.
11-04 21:31 root         DEBUG    No ITS stop or start sites were identified for sequence SRR12683111.34.1, skipping.
11-04 21:31 root         DEBUG    No ITS stop or start sites were identified for sequence SRR12683111.678.1, skipping.
11-04 21:31 root         DEBUG    No ITS stop or start sites were identified for sequence SRR12683111.684.1, skipping.
11-04 21:31 root         DEBUG    No ITS stop or start sites were identified for sequence SRR12683111.692.1, skipping.
11-04 21:31 root         DEBUG    No ITS stop or start sites were identified for sequence SRR12683111.34.1, skipping.
11-04 21:31 root         DEBUG    No ITS stop or start sites were identified for sequence SRR12683111.711.1, skipping.
11-04 21:31 root         DEBUG    No ITS stop or start sites were identified for sequence SRR12683111.29.1, skipping.
11-04 21:31 root         DEBUG    No ITS stop or start sites were identified for sequence SRR12683111.29.1, skipping.
11-04 21:31 root         DEBUG    No ITS stop or start sites were identified for sequence SRR12683111.34.1, skipping.
11-04 21:31 root         DEBUG    No ITS stop or start sites were identified for sequence SRR12683111.735.1, skipping.
11-04 21:31 root         DEBUG    No ITS stop or start sites were identified for sequence SRR12683111.738.1, skipping.
11-04 21:31 root         DEBUG    No ITS stop or start sites were identified for sequence SRR12683111.34.1, skipping.
11-04 21:31 root         DEBUG    No ITS stop or start sites were identified for sequence SRR12683111.746.1, skipping.
11-04 21:31 root         DEBUG    No ITS stop or start sites were identified for sequence SRR12683111.310.1, skipping.
11-04 21:31 root         DEBUG    No ITS stop or start sites were identified for sequence SRR12683111.34.1, skipping.
11-04 21:31 root         DEBUG    No ITS stop or start sites were identified for sequence SRR12683111.762.1, skipping.
11-04 21:31 root         DEBUG    No ITS stop or start sites were identified for sequence SRR12683111.29.1, skipping.
11-04 21:31 root         DEBUG    No ITS stop or start sites were identified for sequence SRR12683111.34.1, skipping.
11-04 21:31 root         DEBUG    No ITS stop or start sites were identified for sequence SRR12683111.203.1, skipping.
11-04 21:31 root         DEBUG    No ITS stop or start sites were identified for sequence SRR12683111.34.1, skipping.
11-04 21:31 root         DEBUG    No ITS stop or start sites were identified for sequence SRR12683111.192.1, skipping.
11-04 21:31 root         DEBUG    No ITS stop or start sites were identified for sequence SRR12683111.97.1, skipping.
11-04 21:31 root         DEBUG    No ITS stop or start sites were identified for sequence SRR12683111.29.1, skipping.
11-04 21:31 root         DEBUG    No ITS stop or start sites were identified for sequence SRR12683111.64.1, skipping.
11-04 21:31 root         DEBUG    No ITS stop or start sites were identified for sequence SRR12683111.804.1, skipping.
11-04 21:31 root         DEBUG    No ITS stop or start sites were identified for sequence SRR12683111.20.1, skipping.
11-04 21:31 root         DEBUG    No ITS stop or start sites were identified for sequence SRR12683111.29.1, skipping.
11-04 21:31 root         DEBUG    No ITS stop or start sites were identified for sequence SRR12683111.518.1, skipping.
11-04 21:31 root         DEBUG    No ITS stop or start sites were identified for sequence SRR12683111.20.1, skipping.
11-04 21:31 root         DEBUG    No ITS stop or start sites were identified for sequence SRR12683111.836.1, skipping.
11-04 21:31 root         DEBUG    No ITS stop or start sites were identified for sequence SRR12683111.841.1, skipping.
11-04 21:31 root         DEBUG    No ITS stop or start sites were identified for sequence SRR12683111.34.1, skipping.
11-04 21:31 root         DEBUG    No ITS stop or start sites were identified for sequence SRR12683111.29.1, skipping.
11-04 21:31 root         DEBUG    No ITS stop or start sites were identified for sequence SRR12683111.119.1, skipping.
11-04 21:31 root         DEBUG    No ITS stop or start sites were identified for sequence SRR12683111.34.1, skipping.
11-04 21:31 root         DEBUG    No ITS stop or start sites were identified for sequence SRR12683111.64.1, skipping.
11-04 21:31 root         DEBUG    No ITS stop or start sites were identified for sequence SRR12683111.865.1, skipping.
11-04 21:31 root         DEBUG    No ITS stop or start sites were identified for sequence SRR12683111.309.1, skipping.
11-04 21:31 root         DEBUG    No ITS stop or start sites were identified for sequence SRR12683111.17.1, skipping.
11-04 21:31 root         DEBUG    No ITS stop or start sites were identified for sequence SRR12683111.885.1, skipping.
11-04 21:31 root         DEBUG    No ITS stop or start sites were identified for sequence SRR12683111.29.1, skipping.
11-04 21:31 root         DEBUG    No ITS stop or start sites were identified for sequence SRR12683111.898.1, skipping.
11-04 21:31 root         DEBUG    No ITS stop or start sites were identified for sequence SRR12683111.899.1, skipping.
11-04 21:31 root         DEBUG    No ITS stop or start sites were identified for sequence SRR12683111.906.1, skipping.
11-04 21:31 root         DEBUG    No ITS stop or start sites were identified for sequence SRR12683111.913.1, skipping.
11-04 21:31 root         DEBUG    No ITS stop or start sites were identified for sequence SRR12683111.20.1, skipping.
11-04 21:31 root         DEBUG    No ITS stop or start sites were identified for sequence SRR12683111.919.1, skipping.
11-04 21:31 root         DEBUG    No ITS stop or start sites were identified for sequence SRR12683111.34.1, skipping.
11-04 21:31 root         DEBUG    No ITS stop or start sites were identified for sequence SRR12683111.928.1, skipping.
11-04 21:31 root         DEBUG    No ITS stop or start sites were identified for sequence SRR12683111.934.1, skipping.
11-04 21:31 root         DEBUG    No ITS stop or start sites were identified for sequence SRR12683111.940.1, skipping.
11-04 21:31 root         DEBUG    No ITS stop or start sites were identified for sequence SRR12683111.570.1, skipping.
11-04 21:31 root         DEBUG    No ITS stop or start sites were identified for sequence SRR12683111.942.1, skipping.
11-04 21:31 root         DEBUG    No ITS stop or start sites were identified for sequence SRR12683111.34.1, skipping.
11-04 21:31 root         DEBUG    No ITS stop or start sites were identified for sequence SRR12683111.225.1, skipping.
11-04 21:31 root         DEBUG    No ITS stop or start sites were identified for sequence SRR12683111.919.1, skipping.
11-04 21:31 root         DEBUG    No ITS stop or start sites were identified for sequence SRR12683111.65.1, skipping.
11-04 21:31 root         DEBUG    No ITS stop or start sites were identified for sequence SRR12683111.34.1, skipping.
11-04 21:31 root         DEBUG    No ITS stop or start sites were identified for sequence SRR12683111.959.1, skipping.
11-04 21:31 root         DEBUG    No ITS stop or start sites were identified for sequence SRR12683111.960.1, skipping.
11-04 21:31 root         DEBUG    No ITS stop or start sites were identified for sequence SRR12683111.961.1, skipping.
11-04 21:31 root         DEBUG    No ITS stop or start sites were identified for sequence SRR12683111.64.1, skipping.
11-04 21:31 root         DEBUG    No ITS stop or start sites were identified for sequence SRR12683111.981.1, skipping.
11-04 21:31 root         DEBUG    No ITS stop or start sites were identified for sequence SRR12683111.34.1, skipping.
11-04 21:31 root         DEBUG    No ITS stop or start sites were identified for sequence SRR12683111.34.1, skipping.
11-04 21:31 root         DEBUG    No ITS stop or start sites were identified for sequence SRR12683111.994.1, skipping.
11-04 21:31 root         DEBUG    No ITS stop or start sites were identified for sequence SRR12683111.570.1, skipping.
11-04 21:31 root         DEBUG    No ITS stop or start sites were identified for sequence SRR12683111.1006.1, skipping.
11-04 21:31 root         DEBUG    No ITS stop or start sites were identified for sequence SRR12683111.64.1, skipping.
11-04 21:31 root         DEBUG    No ITS stop or start sites were identified for sequence SRR12683111.1015.1, skipping.
11-04 21:31 root         DEBUG    No ITS stop or start sites were identified for sequence SRR12683111.225.1, skipping.
11-04 21:31 root         DEBUG    No ITS stop or start sites were identified for sequence SRR12683111.1027.1, skipping.
11-04 21:31 root         DEBUG    No ITS stop or start sites were identified for sequence SRR12683111.1031.1, skipping.
11-04 21:31 root         DEBUG    No ITS stop or start sites were identified for sequence SRR12683111.1039.1, skipping.
11-04 21:31 root         DEBUG    No ITS stop or start sites were identified for sequence SRR12683111.1006.1, skipping.
11-04 21:31 root         DEBUG    No ITS stop or start sites were identified for sequence SRR12683111.34.1, skipping.
11-04 21:31 root         DEBUG    No ITS stop or start sites were identified for sequence SRR12683111.841.1, skipping.
11-04 21:31 root         DEBUG    No ITS stop or start sites were identified for sequence SRR12683111.1064.1, skipping.
11-04 21:31 root         DEBUG    No ITS stop or start sites were identified for sequence SRR12683111.151.1, skipping.
11-04 21:31 root         DEBUG    No ITS stop or start sites were identified for sequence SRR12683111.1071.1, skipping.
11-04 21:31 root         DEBUG    No ITS stop or start sites were identified for sequence SRR12683111.1074.1, skipping.
11-04 21:31 root         DEBUG    No ITS stop or start sites were identified for sequence SRR12683111.34.1, skipping.
11-04 21:31 root         DEBUG    No ITS stop or start sites were identified for sequence SRR12683111.1083.1, skipping.
11-04 21:31 root         DEBUG    No ITS stop or start sites were identified for sequence SRR12683111.309.1, skipping.
11-04 21:31 root         DEBUG    No ITS stop or start sites were identified for sequence SRR12683111.299.1, skipping.
11-04 21:31 root         DEBUG    No ITS stop or start sites were identified for sequence SRR12683111.34.1, skipping.
11-04 21:31 root         DEBUG    No ITS stop or start sites were identified for sequence SRR12683111.20.1, skipping.
11-04 21:31 root         DEBUG    No ITS stop or start sites were identified for sequence SRR12683111.1114.1, skipping.
11-04 21:31 root         DEBUG    No ITS stop or start sites were identified for sequence SRR12683111.29.1, skipping.
11-04 21:31 root         DEBUG    No ITS stop or start sites were identified for sequence SRR12683111.574.1, skipping.
11-04 21:31 root         DEBUG    No ITS stop or start sites were identified for sequence SRR12683111.34.1, skipping.
11-04 21:31 root         DEBUG    No ITS stop or start sites were identified for sequence SRR12683111.29.1, skipping.
11-04 21:31 root         DEBUG    No ITS stop or start sites were identified for sequence SRR12683111.692.1, skipping.
11-04 21:31 root         DEBUG    No ITS stop or start sites were identified for sequence SRR12683111.1130.1, skipping.
11-04 21:31 root         DEBUG    No ITS stop or start sites were identified for sequence SRR12683111.1133.1, skipping.
11-04 21:31 root         DEBUG    No ITS stop or start sites were identified for sequence SRR12683111.225.1, skipping.
11-04 21:31 root         DEBUG    No ITS stop or start sites were identified for sequence SRR12683111.17.1, skipping.
11-04 21:31 root         DEBUG    No ITS stop or start sites were identified for sequence SRR12683111.1141.1, skipping.
11-04 21:31 root         DEBUG    No ITS stop or start sites were identified for sequence SRR12683111.1143.1, skipping.
11-04 21:31 root         DEBUG    No ITS stop or start sites were identified for sequence SRR12683111.29.1, skipping.
11-04 21:31 root         DEBUG    No ITS stop or start sites were identified for sequence SRR12683111.34.1, skipping.
11-04 21:31 root         DEBUG    No ITS stop or start sites were identified for sequence SRR12683111.29.1, skipping.
11-04 21:31 root         DEBUG    No ITS stop or start sites were identified for sequence SRR12683111.192.1, skipping.
11-04 21:31 root         DEBUG    No ITS stop or start sites were identified for sequence SRR12683111.29.1, skipping.
11-04 21:31 root         DEBUG    No ITS stop or start sites were identified for sequence SRR12683111.192.1, skipping.
11-04 21:31 root         DEBUG    No ITS stop or start sites were identified for sequence SRR12683111.1174.1, skipping.
11-04 21:31 root         DEBUG    No ITS stop or start sites were identified for sequence SRR12683111.1178.1, skipping.
11-04 21:31 root         DEBUG    No ITS stop or start sites were identified for sequence SRR12683111.64.1, skipping.
11-04 21:31 root         DEBUG    No ITS stop or start sites were identified for sequence SRR12683111.632.1, skipping.
11-04 21:31 root         DEBUG    No ITS stop or start sites were identified for sequence SRR12683111.1202.1, skipping.
11-04 21:31 root         DEBUG    No ITS stop or start sites were identified for sequence SRR12683111.34.1, skipping.
11-04 21:31 root         DEBUG    No ITS stop or start sites were identified for sequence SRR12683111.162.1, skipping.
11-04 21:31 root         DEBUG    No ITS stop or start sites were identified for sequence SRR12683111.1214.1, skipping.
11-04 21:31 root         DEBUG    No ITS stop or start sites were identified for sequence SRR12683111.1215.1, skipping.
11-04 21:31 root         DEBUG    No ITS stop or start sites were identified for sequence SRR12683111.1217.1, skipping.
11-04 21:31 root         DEBUG    No ITS stop or start sites were identified for sequence SRR12683111.1218.1, skipping.
11-04 21:31 root         DEBUG    No ITS stop or start sites were identified for sequence SRR12683111.1230.1, skipping.
11-04 21:31 root         DEBUG    No ITS stop or start sites were identified for sequence SRR12683111.1232.1, skipping.
11-04 21:31 root         DEBUG    No ITS stop or start sites were identified for sequence SRR12683111.64.1, skipping.
11-04 21:31 root         DEBUG    No ITS stop or start sites were identified for sequence SRR12683111.1244.1, skipping.
11-04 21:31 root         DEBUG    No ITS stop or start sites were identified for sequence SRR12683111.1249.1, skipping.
11-04 21:31 root         DEBUG    No ITS stop or start sites were identified for sequence SRR12683111.34.1, skipping.
11-04 21:31 root         DEBUG    No ITS stop or start sites were identified for sequence SRR12683111.34.1, skipping.
11-04 21:31 root         DEBUG    No ITS stop or start sites were identified for sequence SRR12683111.34.1, skipping.
11-04 21:31 root         DEBUG    No ITS stop or start sites were identified for sequence SRR12683111.1283.1, skipping.
11-04 21:31 root         DEBUG    No ITS stop or start sites were identified for sequence SRR12683111.574.1, skipping.
11-04 21:31 root         DEBUG    No ITS stop or start sites were identified for sequence SRR12683111.29.1, skipping.
11-04 21:31 root         DEBUG    No ITS stop or start sites were identified for sequence SRR12683111.162.1, skipping.
11-04 21:31 root         DEBUG    No ITS stop or start sites were identified for sequence SRR12683111.1303.1, skipping.
11-04 21:31 root         DEBUG    No ITS stop or start sites were identified for sequence SRR12683111.1312.1, skipping.
11-04 21:31 root         DEBUG    No ITS stop or start sites were identified for sequence SRR12683111.1323.1, skipping.
11-04 21:31 root         DEBUG    No ITS stop or start sites were identified for sequence SRR12683111.1328.1, skipping.
11-04 21:31 root         DEBUG    No ITS stop or start sites were identified for sequence SRR12683111.64.1, skipping.
11-04 21:31 root         DEBUG    No ITS stop or start sites were identified for sequence SRR12683111.34.1, skipping.
11-04 21:31 root         DEBUG    No ITS stop or start sites were identified for sequence SRR12683111.1347.1, skipping.
11-04 21:31 root         DEBUG    No ITS stop or start sites were identified for sequence SRR12683111.1359.1, skipping.
11-04 21:31 root         DEBUG    No ITS stop or start sites were identified for sequence SRR12683111.29.1, skipping.
11-04 21:31 root         DEBUG    No ITS stop or start sites were identified for sequence SRR12683111.1368.1, skipping.
11-04 21:31 root         DEBUG    No ITS stop or start sites were identified for sequence SRR12683111.34.1, skipping.
11-04 21:31 root         DEBUG    No ITS stop or start sites were identified for sequence SRR12683111.1379.1, skipping.
11-04 21:31 root         DEBUG    No ITS stop or start sites were identified for sequence SRR12683111.1426.1, skipping.
11-04 21:31 root         DEBUG    No ITS stop or start sites were identified for sequence SRR12683111.1438.1, skipping.
11-04 21:31 root         DEBUG    No ITS stop or start sites were identified for sequence SRR12683111.1460.1, skipping.
11-04 21:31 root         DEBUG    No ITS stop or start sites were identified for sequence SRR12683111.1470.1, skipping.
11-04 21:31 root         DEBUG    No ITS stop or start sites were identified for sequence SRR12683111.192.1, skipping.
11-04 21:31 root         DEBUG    No ITS stop or start sites were identified for sequence SRR12683111.1491.1, skipping.
11-04 21:31 root         DEBUG    No ITS stop or start sites were identified for sequence SRR12683111.64.1, skipping.
11-04 21:31 root         DEBUG    No ITS stop or start sites were identified for sequence SRR12683111.1498.1, skipping.
11-04 21:31 root         DEBUG    No ITS stop or start sites were identified for sequence SRR12683111.934.1, skipping.
11-04 21:31 root         DEBUG    No ITS stop or start sites were identified for sequence SRR12683111.1509.1, skipping.
11-04 21:31 root         DEBUG    No ITS stop or start sites were identified for sequence SRR12683111.1532.1, skipping.
11-04 21:31 root         DEBUG    No ITS stop or start sites were identified for sequence SRR12683111.1535.1, skipping.
11-04 21:31 root         DEBUG    No ITS stop or start sites were identified for sequence SRR12683111.105.1, skipping.
11-04 21:31 root         DEBUG    No ITS stop or start sites were identified for sequence SRR12683111.15.1, skipping.
11-04 21:31 root         DEBUG    No ITS stop or start sites were identified for sequence SRR12683111.1579.1, skipping.
11-04 21:31 root         DEBUG    No ITS stop or start sites were identified for sequence SRR12683111.934.1, skipping.
11-04 21:31 root         DEBUG    No ITS stop or start sites were identified for sequence SRR12683111.1585.1, skipping.
11-04 21:31 root         DEBUG    No ITS stop or start sites were identified for sequence SRR12683111.64.1, skipping.
11-04 21:31 root         DEBUG    No ITS stop or start sites were identified for sequence SRR12683111.309.1, skipping.
11-04 21:31 root         DEBUG    No ITS stop or start sites were identified for sequence SRR12683111.29.1, skipping.
11-04 21:31 root         DEBUG    No ITS stop or start sites were identified for sequence SRR12683111.34.1, skipping.
11-04 21:31 root         DEBUG    No ITS stop or start sites were identified for sequence SRR12683111.1610.1, skipping.
11-04 21:31 root         DEBUG    No ITS stop or start sites were identified for sequence SRR12683111.1634.1, skipping.
11-04 21:31 root         DEBUG    No ITS stop or start sites were identified for sequence SRR12683111.34.1, skipping.
11-04 21:31 root         DEBUG    No ITS stop or start sites were identified for sequence SRR12683111.1666.1, skipping.
11-04 21:31 root         DEBUG    No ITS stop or start sites were identified for sequence SRR12683111.372.1, skipping.
11-04 21:31 root         DEBUG    No ITS stop or start sites were identified for sequence SRR12683111.1690.1, skipping.
11-04 21:31 root         DEBUG    No ITS stop or start sites were identified for sequence SRR12683111.1693.1, skipping.
11-04 21:31 root         DEBUG    No ITS stop or start sites were identified for sequence SRR12683111.34.1, skipping.
11-04 21:31 root         DEBUG    No ITS stop or start sites were identified for sequence SRR12683111.1710.1, skipping.
11-04 21:31 root         DEBUG    No ITS stop or start sites were identified for sequence SRR12683111.692.1, skipping.
11-04 21:31 root         DEBUG    No ITS stop or start sites were identified for sequence SRR12683111.64.1, skipping.
11-04 21:31 root         DEBUG    No ITS stop or start sites were identified for sequence SRR12683111.1735.1, skipping.
11-04 21:31 root         DEBUG    No ITS stop or start sites were identified for sequence SRR12683111.692.1, skipping.
11-04 21:31 root         DEBUG    No ITS stop or start sites were identified for sequence SRR12683111.34.1, skipping.
11-04 21:31 root         DEBUG    No ITS stop or start sites were identified for sequence SRR12683111.1759.1, skipping.
11-04 21:31 root         DEBUG    No ITS stop or start sites were identified for sequence SRR12683111.1761.1, skipping.
11-04 21:31 root         DEBUG    No ITS stop or start sites were identified for sequence SRR12683111.34.1, skipping.
11-04 21:31 root         DEBUG    No ITS stop or start sites were identified for sequence SRR12683111.1773.1, skipping.
11-04 21:31 root         DEBUG    No ITS stop or start sites were identified for sequence SRR12683111.151.1, skipping.
11-04 21:31 root         DEBUG    No ITS stop or start sites were identified for sequence SRR12683111.34.1, skipping.
11-04 21:31 root         DEBUG    No ITS stop or start sites were identified for sequence SRR12683111.192.1, skipping.
11-04 21:31 root         DEBUG    No ITS stop or start sites were identified for sequence SRR12683111.64.1, skipping.
11-04 21:31 root         DEBUG    No ITS stop or start sites were identified for sequence SRR12683111.34.1, skipping.
11-04 21:31 root         DEBUG    No ITS stop or start sites were identified for sequence SRR12683111.1812.1, skipping.
11-04 21:31 root         DEBUG    No ITS stop or start sites were identified for sequence SRR12683111.1824.1, skipping.
11-04 21:31 root         DEBUG    No ITS stop or start sites were identified for sequence SRR12683111.885.1, skipping.
11-04 21:31 root         DEBUG    No ITS stop or start sites were identified for sequence SRR12683111.1852.1, skipping.
11-04 21:31 root         DEBUG    No ITS stop or start sites were identified for sequence SRR12683111.34.1, skipping.
11-04 21:31 root         DEBUG    No ITS stop or start sites were identified for sequence SRR12683111.1861.1, skipping.
11-04 21:31 root         DEBUG    No ITS stop or start sites were identified for sequence SRR12683111.34.1, skipping.
11-04 21:31 root         DEBUG    No ITS stop or start sites were identified for sequence SRR12683111.1866.1, skipping.
11-04 21:31 root         DEBUG    No ITS stop or start sites were identified for sequence SRR12683111.1873.1, skipping.
11-04 21:31 root         DEBUG    No ITS stop or start sites were identified for sequence SRR12683111.64.1, skipping.
11-04 21:31 root         DEBUG    No ITS stop or start sites were identified for sequence SRR12683111.34.1, skipping.
11-04 21:31 root         DEBUG    No ITS stop or start sites were identified for sequence SRR12683111.398.1, skipping.
11-04 21:31 root         DEBUG    No ITS stop or start sites were identified for sequence SRR12683111.29.1, skipping.
11-04 21:31 root         DEBUG    No ITS stop or start sites were identified for sequence SRR12683111.20.1, skipping.
11-04 21:31 root         DEBUG    No ITS stop or start sites were identified for sequence SRR12683111.885.1, skipping.
11-04 21:31 root         DEBUG    No ITS stop or start sites were identified for sequence SRR12683111.1509.1, skipping.
11-04 21:31 root         DEBUG    No ITS stop or start sites were identified for sequence SRR12683111.1918.1, skipping.
11-04 21:31 root         DEBUG    No ITS stop or start sites were identified for sequence SRR12683111.64.1, skipping.
11-04 21:31 root         DEBUG    No ITS stop or start sites were identified for sequence SRR12683111.1929.1, skipping.
11-04 21:31 root         DEBUG    No ITS stop or start sites were identified for sequence SRR12683111.1948.1, skipping.
11-04 21:31 root         DEBUG    No ITS stop or start sites were identified for sequence SRR12683111.34.1, skipping.
11-04 21:31 root         DEBUG    No ITS stop or start sites were identified for sequence SRR12683111.186.1, skipping.
11-04 21:31 root         INFO     ITSxpress ran in 00:00:18
