11-04 21:50 root         INFO     Verifying the input sequences.
11-04 21:50 root         INFO     Sequences are assumed to be single-end.
11-04 21:50 root         INFO     Temporary directory is: /tmp/itsxpress_wfcxw3mc
11-04 21:50 root         INFO     Unique sequences are being written to a temporary FASTA file with Vsearch.
11-04 21:50 root         INFO     vsearch v2.7.1_linux_x86_64, 15.6GB RAM, 4 cores
https://github.com/torognes/vsearch

Reading file SRR12683168_pass_1.fastq.gz 100%
601999 nt in 2015 seqs, min 35, max 301, avg 299
Dereplicating 100%
Sorting 100%
1569 unique sequences, avg cluster 1.3, median 1, max 74
Writing output file 100%
Writing uc file, first part 100%
Writing uc file, second part 100%

11-04 21:50 root         INFO     Searching for ITS start and stop sites using HMMSearch. This step takes a while.
11-04 21:50 root         INFO     Parsing HMM results.
11-04 21:50 root         INFO     Writing out sequences
11-04 21:50 root         DEBUG    No ITS stop or start sites were identified for sequence SRR12683168.1.1, skipping.
11-04 21:50 root         DEBUG    No ITS stop or start sites were identified for sequence SRR12683168.2.1, skipping.
11-04 21:50 root         DEBUG    No ITS stop or start sites were identified for sequence SRR12683168.8.1, skipping.
11-04 21:50 root         DEBUG    No ITS stop or start sites were identified for sequence SRR12683168.13.1, skipping.
11-04 21:50 root         DEBUG    No ITS stop or start sites were identified for sequence SRR12683168.14.1, skipping.
11-04 21:50 root         DEBUG    No ITS stop or start sites were identified for sequence SRR12683168.15.1, skipping.
11-04 21:50 root         DEBUG    No ITS stop or start sites were identified for sequence SRR12683168.16.1, skipping.
11-04 21:50 root         DEBUG    No ITS stop or start sites were identified for sequence SRR12683168.18.1, skipping.
11-04 21:50 root         DEBUG    No ITS stop or start sites were identified for sequence SRR12683168.19.1, skipping.
11-04 21:50 root         DEBUG    No ITS stop or start sites were identified for sequence SRR12683168.21.1, skipping.
11-04 21:50 root         DEBUG    No ITS stop or start sites were identified for sequence SRR12683168.23.1, skipping.
11-04 21:50 root         DEBUG    No ITS stop or start sites were identified for sequence SRR12683168.24.1, skipping.
11-04 21:50 root         DEBUG    No ITS stop or start sites were identified for sequence SRR12683168.29.1, skipping.
11-04 21:50 root         DEBUG    No ITS stop or start sites were identified for sequence SRR12683168.30.1, skipping.
11-04 21:50 root         DEBUG    No ITS stop or start sites were identified for sequence SRR12683168.36.1, skipping.
11-04 21:50 root         DEBUG    No ITS stop or start sites were identified for sequence SRR12683168.37.1, skipping.
11-04 21:50 root         DEBUG    No ITS stop or start sites were identified for sequence SRR12683168.2.1, skipping.
11-04 21:50 root         DEBUG    No ITS stop or start sites were identified for sequence SRR12683168.43.1, skipping.
11-04 21:50 root         DEBUG    No ITS stop or start sites were identified for sequence SRR12683168.29.1, skipping.
11-04 21:50 root         DEBUG    No ITS stop or start sites were identified for sequence SRR12683168.51.1, skipping.
11-04 21:50 root         DEBUG    No ITS stop or start sites were identified for sequence SRR12683168.53.1, skipping.
11-04 21:50 root         DEBUG    No ITS stop or start sites were identified for sequence SRR12683168.59.1, skipping.
11-04 21:50 root         DEBUG    No ITS stop or start sites were identified for sequence SRR12683168.51.1, skipping.
11-04 21:50 root         DEBUG    No ITS stop or start sites were identified for sequence SRR12683168.51.1, skipping.
11-04 21:50 root         DEBUG    No ITS stop or start sites were identified for sequence SRR12683168.71.1, skipping.
11-04 21:50 root         DEBUG    No ITS stop or start sites were identified for sequence SRR12683168.78.1, skipping.
11-04 21:50 root         DEBUG    No ITS stop or start sites were identified for sequence SRR12683168.81.1, skipping.
11-04 21:50 root         DEBUG    No ITS stop or start sites were identified for sequence SRR12683168.83.1, skipping.
11-04 21:50 root         DEBUG    No ITS stop or start sites were identified for sequence SRR12683168.84.1, skipping.
11-04 21:50 root         DEBUG    No ITS stop or start sites were identified for sequence SRR12683168.88.1, skipping.
11-04 21:50 root         DEBUG    No ITS stop or start sites were identified for sequence SRR12683168.94.1, skipping.
11-04 21:50 root         DEBUG    No ITS stop or start sites were identified for sequence SRR12683168.96.1, skipping.
11-04 21:50 root         DEBUG    No ITS stop or start sites were identified for sequence SRR12683168.100.1, skipping.
11-04 21:50 root         DEBUG    No ITS stop or start sites were identified for sequence SRR12683168.101.1, skipping.
11-04 21:50 root         DEBUG    No ITS stop or start sites were identified for sequence SRR12683168.29.1, skipping.
11-04 21:50 root         DEBUG    No ITS stop or start sites were identified for sequence SRR12683168.104.1, skipping.
11-04 21:50 root         DEBUG    No ITS stop or start sites were identified for sequence SRR12683168.107.1, skipping.
11-04 21:50 root         DEBUG    No ITS stop or start sites were identified for sequence SRR12683168.108.1, skipping.
11-04 21:50 root         DEBUG    No ITS stop or start sites were identified for sequence SRR12683168.109.1, skipping.
11-04 21:50 root         DEBUG    No ITS stop or start sites were identified for sequence SRR12683168.111.1, skipping.
11-04 21:50 root         DEBUG    No ITS stop or start sites were identified for sequence SRR12683168.116.1, skipping.
11-04 21:50 root         DEBUG    No ITS stop or start sites were identified for sequence SRR12683168.119.1, skipping.
11-04 21:50 root         DEBUG    No ITS stop or start sites were identified for sequence SRR12683168.121.1, skipping.
11-04 21:50 root         DEBUG    No ITS stop or start sites were identified for sequence SRR12683168.124.1, skipping.
11-04 21:50 root         DEBUG    No ITS stop or start sites were identified for sequence SRR12683168.125.1, skipping.
11-04 21:50 root         DEBUG    No ITS stop or start sites were identified for sequence SRR12683168.36.1, skipping.
11-04 21:50 root         DEBUG    No ITS stop or start sites were identified for sequence SRR12683168.101.1, skipping.
11-04 21:50 root         DEBUG    No ITS stop or start sites were identified for sequence SRR12683168.129.1, skipping.
11-04 21:50 root         DEBUG    No ITS stop or start sites were identified for sequence SRR12683168.88.1, skipping.
11-04 21:50 root         DEBUG    No ITS stop or start sites were identified for sequence SRR12683168.51.1, skipping.
11-04 21:50 root         DEBUG    No ITS stop or start sites were identified for sequence SRR12683168.138.1, skipping.
11-04 21:50 root         DEBUG    No ITS stop or start sites were identified for sequence SRR12683168.141.1, skipping.
11-04 21:50 root         DEBUG    No ITS stop or start sites were identified for sequence SRR12683168.142.1, skipping.
11-04 21:50 root         DEBUG    No ITS stop or start sites were identified for sequence SRR12683168.146.1, skipping.
11-04 21:50 root         DEBUG    No ITS stop or start sites were identified for sequence SRR12683168.148.1, skipping.
11-04 21:50 root         DEBUG    No ITS stop or start sites were identified for sequence SRR12683168.149.1, skipping.
11-04 21:50 root         DEBUG    No ITS stop or start sites were identified for sequence SRR12683168.150.1, skipping.
11-04 21:50 root         DEBUG    No ITS stop or start sites were identified for sequence SRR12683168.153.1, skipping.
11-04 21:50 root         DEBUG    No ITS stop or start sites were identified for sequence SRR12683168.51.1, skipping.
11-04 21:50 root         DEBUG    No ITS stop or start sites were identified for sequence SRR12683168.157.1, skipping.
11-04 21:50 root         DEBUG    No ITS stop or start sites were identified for sequence SRR12683168.162.1, skipping.
11-04 21:50 root         DEBUG    No ITS stop or start sites were identified for sequence SRR12683168.163.1, skipping.
11-04 21:50 root         DEBUG    No ITS stop or start sites were identified for sequence SRR12683168.165.1, skipping.
11-04 21:50 root         DEBUG    No ITS stop or start sites were identified for sequence SRR12683168.166.1, skipping.
11-04 21:50 root         DEBUG    No ITS stop or start sites were identified for sequence SRR12683168.169.1, skipping.
11-04 21:50 root         DEBUG    No ITS stop or start sites were identified for sequence SRR12683168.170.1, skipping.
11-04 21:50 root         DEBUG    No ITS stop or start sites were identified for sequence SRR12683168.180.1, skipping.
11-04 21:50 root         DEBUG    No ITS stop or start sites were identified for sequence SRR12683168.183.1, skipping.
11-04 21:50 root         DEBUG    No ITS stop or start sites were identified for sequence SRR12683168.187.1, skipping.
11-04 21:50 root         DEBUG    No ITS stop or start sites were identified for sequence SRR12683168.188.1, skipping.
11-04 21:50 root         DEBUG    No ITS stop or start sites were identified for sequence SRR12683168.189.1, skipping.
11-04 21:50 root         DEBUG    No ITS stop or start sites were identified for sequence SRR12683168.190.1, skipping.
11-04 21:50 root         DEBUG    No ITS stop or start sites were identified for sequence SRR12683168.51.1, skipping.
11-04 21:50 root         DEBUG    No ITS stop or start sites were identified for sequence SRR12683168.51.1, skipping.
11-04 21:50 root         DEBUG    No ITS stop or start sites were identified for sequence SRR12683168.29.1, skipping.
11-04 21:50 root         DEBUG    No ITS stop or start sites were identified for sequence SRR12683168.202.1, skipping.
11-04 21:50 root         DEBUG    No ITS stop or start sites were identified for sequence SRR12683168.203.1, skipping.
11-04 21:50 root         DEBUG    No ITS stop or start sites were identified for sequence SRR12683168.116.1, skipping.
11-04 21:50 root         DEBUG    No ITS stop or start sites were identified for sequence SRR12683168.209.1, skipping.
11-04 21:50 root         DEBUG    No ITS stop or start sites were identified for sequence SRR12683168.210.1, skipping.
11-04 21:50 root         DEBUG    No ITS stop or start sites were identified for sequence SRR12683168.29.1, skipping.
11-04 21:50 root         DEBUG    No ITS stop or start sites were identified for sequence SRR12683168.29.1, skipping.
11-04 21:50 root         DEBUG    No ITS stop or start sites were identified for sequence SRR12683168.29.1, skipping.
11-04 21:50 root         DEBUG    No ITS stop or start sites were identified for sequence SRR12683168.222.1, skipping.
11-04 21:50 root         DEBUG    No ITS stop or start sites were identified for sequence SRR12683168.224.1, skipping.
11-04 21:50 root         DEBUG    No ITS stop or start sites were identified for sequence SRR12683168.51.1, skipping.
11-04 21:50 root         DEBUG    No ITS stop or start sites were identified for sequence SRR12683168.226.1, skipping.
11-04 21:50 root         DEBUG    No ITS stop or start sites were identified for sequence SRR12683168.228.1, skipping.
11-04 21:50 root         DEBUG    No ITS stop or start sites were identified for sequence SRR12683168.231.1, skipping.
11-04 21:50 root         DEBUG    No ITS stop or start sites were identified for sequence SRR12683168.236.1, skipping.
11-04 21:50 root         DEBUG    No ITS stop or start sites were identified for sequence SRR12683168.239.1, skipping.
11-04 21:50 root         DEBUG    No ITS stop or start sites were identified for sequence SRR12683168.51.1, skipping.
11-04 21:50 root         DEBUG    No ITS stop or start sites were identified for sequence SRR12683168.245.1, skipping.
11-04 21:50 root         DEBUG    No ITS stop or start sites were identified for sequence SRR12683168.246.1, skipping.
11-04 21:50 root         DEBUG    No ITS stop or start sites were identified for sequence SRR12683168.248.1, skipping.
11-04 21:50 root         DEBUG    No ITS stop or start sites were identified for sequence SRR12683168.253.1, skipping.
11-04 21:50 root         DEBUG    No ITS stop or start sites were identified for sequence SRR12683168.265.1, skipping.
11-04 21:50 root         DEBUG    No ITS stop or start sites were identified for sequence SRR12683168.266.1, skipping.
11-04 21:50 root         DEBUG    No ITS stop or start sites were identified for sequence SRR12683168.271.1, skipping.
11-04 21:50 root         DEBUG    No ITS stop or start sites were identified for sequence SRR12683168.274.1, skipping.
11-04 21:50 root         DEBUG    No ITS stop or start sites were identified for sequence SRR12683168.275.1, skipping.
11-04 21:50 root         DEBUG    No ITS stop or start sites were identified for sequence SRR12683168.23.1, skipping.
11-04 21:50 root         DEBUG    No ITS stop or start sites were identified for sequence SRR12683168.284.1, skipping.
11-04 21:50 root         DEBUG    No ITS stop or start sites were identified for sequence SRR12683168.286.1, skipping.
11-04 21:50 root         DEBUG    No ITS stop or start sites were identified for sequence SRR12683168.104.1, skipping.
11-04 21:50 root         DEBUG    No ITS stop or start sites were identified for sequence SRR12683168.51.1, skipping.
11-04 21:50 root         DEBUG    No ITS stop or start sites were identified for sequence SRR12683168.51.1, skipping.
11-04 21:50 root         DEBUG    No ITS stop or start sites were identified for sequence SRR12683168.104.1, skipping.
11-04 21:50 root         DEBUG    No ITS stop or start sites were identified for sequence SRR12683168.301.1, skipping.
11-04 21:50 root         DEBUG    No ITS stop or start sites were identified for sequence SRR12683168.302.1, skipping.
11-04 21:50 root         DEBUG    No ITS stop or start sites were identified for sequence SRR12683168.29.1, skipping.
11-04 21:50 root         DEBUG    No ITS stop or start sites were identified for sequence SRR12683168.307.1, skipping.
11-04 21:50 root         DEBUG    No ITS stop or start sites were identified for sequence SRR12683168.315.1, skipping.
11-04 21:50 root         DEBUG    No ITS stop or start sites were identified for sequence SRR12683168.316.1, skipping.
11-04 21:50 root         DEBUG    No ITS stop or start sites were identified for sequence SRR12683168.317.1, skipping.
11-04 21:50 root         DEBUG    No ITS stop or start sites were identified for sequence SRR12683168.327.1, skipping.
11-04 21:50 root         DEBUG    No ITS stop or start sites were identified for sequence SRR12683168.328.1, skipping.
11-04 21:50 root         DEBUG    No ITS stop or start sites were identified for sequence SRR12683168.330.1, skipping.
11-04 21:50 root         DEBUG    No ITS stop or start sites were identified for sequence SRR12683168.331.1, skipping.
11-04 21:50 root         DEBUG    No ITS stop or start sites were identified for sequence SRR12683168.332.1, skipping.
11-04 21:50 root         DEBUG    No ITS stop or start sites were identified for sequence SRR12683168.333.1, skipping.
11-04 21:50 root         DEBUG    No ITS stop or start sites were identified for sequence SRR12683168.338.1, skipping.
11-04 21:50 root         DEBUG    No ITS stop or start sites were identified for sequence SRR12683168.341.1, skipping.
11-04 21:50 root         DEBUG    No ITS stop or start sites were identified for sequence SRR12683168.343.1, skipping.
11-04 21:50 root         DEBUG    No ITS stop or start sites were identified for sequence SRR12683168.51.1, skipping.
11-04 21:50 root         DEBUG    No ITS stop or start sites were identified for sequence SRR12683168.351.1, skipping.
11-04 21:50 root         DEBUG    No ITS stop or start sites were identified for sequence SRR12683168.352.1, skipping.
11-04 21:50 root         DEBUG    No ITS stop or start sites were identified for sequence SRR12683168.354.1, skipping.
11-04 21:50 root         DEBUG    No ITS stop or start sites were identified for sequence SRR12683168.355.1, skipping.
11-04 21:50 root         DEBUG    No ITS stop or start sites were identified for sequence SRR12683168.365.1, skipping.
11-04 21:50 root         DEBUG    No ITS stop or start sites were identified for sequence SRR12683168.366.1, skipping.
11-04 21:50 root         DEBUG    No ITS stop or start sites were identified for sequence SRR12683168.367.1, skipping.
11-04 21:50 root         DEBUG    No ITS stop or start sites were identified for sequence SRR12683168.51.1, skipping.
11-04 21:50 root         DEBUG    No ITS stop or start sites were identified for sequence SRR12683168.369.1, skipping.
11-04 21:50 root         DEBUG    No ITS stop or start sites were identified for sequence SRR12683168.370.1, skipping.
11-04 21:50 root         DEBUG    No ITS stop or start sites were identified for sequence SRR12683168.375.1, skipping.
11-04 21:50 root         DEBUG    No ITS stop or start sites were identified for sequence SRR12683168.378.1, skipping.
11-04 21:50 root         DEBUG    No ITS stop or start sites were identified for sequence SRR12683168.379.1, skipping.
11-04 21:50 root         DEBUG    No ITS stop or start sites were identified for sequence SRR12683168.380.1, skipping.
11-04 21:50 root         DEBUG    No ITS stop or start sites were identified for sequence SRR12683168.381.1, skipping.
11-04 21:50 root         DEBUG    No ITS stop or start sites were identified for sequence SRR12683168.387.1, skipping.
11-04 21:50 root         DEBUG    No ITS stop or start sites were identified for sequence SRR12683168.2.1, skipping.
11-04 21:50 root         DEBUG    No ITS stop or start sites were identified for sequence SRR12683168.397.1, skipping.
11-04 21:50 root         DEBUG    No ITS stop or start sites were identified for sequence SRR12683168.399.1, skipping.
11-04 21:50 root         DEBUG    No ITS stop or start sites were identified for sequence SRR12683168.402.1, skipping.
11-04 21:50 root         DEBUG    No ITS stop or start sites were identified for sequence SRR12683168.404.1, skipping.
11-04 21:50 root         DEBUG    No ITS stop or start sites were identified for sequence SRR12683168.354.1, skipping.
11-04 21:50 root         DEBUG    No ITS stop or start sites were identified for sequence SRR12683168.36.1, skipping.
11-04 21:50 root         DEBUG    No ITS stop or start sites were identified for sequence SRR12683168.415.1, skipping.
11-04 21:50 root         DEBUG    No ITS stop or start sites were identified for sequence SRR12683168.420.1, skipping.
11-04 21:50 root         DEBUG    No ITS stop or start sites were identified for sequence SRR12683168.29.1, skipping.
11-04 21:50 root         DEBUG    No ITS stop or start sites were identified for sequence SRR12683168.428.1, skipping.
11-04 21:50 root         DEBUG    No ITS stop or start sites were identified for sequence SRR12683168.430.1, skipping.
11-04 21:50 root         DEBUG    No ITS stop or start sites were identified for sequence SRR12683168.439.1, skipping.
11-04 21:50 root         DEBUG    No ITS stop or start sites were identified for sequence SRR12683168.443.1, skipping.
11-04 21:50 root         DEBUG    No ITS stop or start sites were identified for sequence SRR12683168.101.1, skipping.
11-04 21:50 root         DEBUG    No ITS stop or start sites were identified for sequence SRR12683168.445.1, skipping.
11-04 21:50 root         DEBUG    No ITS stop or start sites were identified for sequence SRR12683168.446.1, skipping.
11-04 21:50 root         DEBUG    No ITS stop or start sites were identified for sequence SRR12683168.29.1, skipping.
11-04 21:50 root         DEBUG    No ITS stop or start sites were identified for sequence SRR12683168.448.1, skipping.
11-04 21:50 root         DEBUG    No ITS stop or start sites were identified for sequence SRR12683168.449.1, skipping.
11-04 21:50 root         DEBUG    No ITS stop or start sites were identified for sequence SRR12683168.51.1, skipping.
11-04 21:50 root         DEBUG    No ITS stop or start sites were identified for sequence SRR12683168.458.1, skipping.
11-04 21:50 root         DEBUG    No ITS stop or start sites were identified for sequence SRR12683168.459.1, skipping.
11-04 21:50 root         DEBUG    No ITS stop or start sites were identified for sequence SRR12683168.461.1, skipping.
11-04 21:50 root         DEBUG    No ITS stop or start sites were identified for sequence SRR12683168.464.1, skipping.
11-04 21:50 root         DEBUG    No ITS stop or start sites were identified for sequence SRR12683168.465.1, skipping.
11-04 21:50 root         DEBUG    No ITS stop or start sites were identified for sequence SRR12683168.476.1, skipping.
11-04 21:50 root         DEBUG    No ITS stop or start sites were identified for sequence SRR12683168.480.1, skipping.
11-04 21:50 root         DEBUG    No ITS stop or start sites were identified for sequence SRR12683168.104.1, skipping.
11-04 21:50 root         DEBUG    No ITS stop or start sites were identified for sequence SRR12683168.482.1, skipping.
11-04 21:50 root         DEBUG    No ITS stop or start sites were identified for sequence SRR12683168.51.1, skipping.
11-04 21:50 root         DEBUG    No ITS stop or start sites were identified for sequence SRR12683168.29.1, skipping.
11-04 21:50 root         DEBUG    No ITS stop or start sites were identified for sequence SRR12683168.51.1, skipping.
11-04 21:50 root         DEBUG    No ITS stop or start sites were identified for sequence SRR12683168.489.1, skipping.
11-04 21:50 root         DEBUG    No ITS stop or start sites were identified for sequence SRR12683168.492.1, skipping.
11-04 21:50 root         DEBUG    No ITS stop or start sites were identified for sequence SRR12683168.494.1, skipping.
11-04 21:50 root         DEBUG    No ITS stop or start sites were identified for sequence SRR12683168.496.1, skipping.
11-04 21:50 root         DEBUG    No ITS stop or start sites were identified for sequence SRR12683168.29.1, skipping.
11-04 21:50 root         DEBUG    No ITS stop or start sites were identified for sequence SRR12683168.498.1, skipping.
11-04 21:50 root         DEBUG    No ITS stop or start sites were identified for sequence SRR12683168.499.1, skipping.
11-04 21:50 root         DEBUG    No ITS stop or start sites were identified for sequence SRR12683168.502.1, skipping.
11-04 21:50 root         DEBUG    No ITS stop or start sites were identified for sequence SRR12683168.494.1, skipping.
11-04 21:50 root         DEBUG    No ITS stop or start sites were identified for sequence SRR12683168.508.1, skipping.
11-04 21:50 root         DEBUG    No ITS stop or start sites were identified for sequence SRR12683168.511.1, skipping.
11-04 21:50 root         DEBUG    No ITS stop or start sites were identified for sequence SRR12683168.515.1, skipping.
11-04 21:50 root         DEBUG    No ITS stop or start sites were identified for sequence SRR12683168.517.1, skipping.
11-04 21:50 root         DEBUG    No ITS stop or start sites were identified for sequence SRR12683168.51.1, skipping.
11-04 21:50 root         DEBUG    No ITS stop or start sites were identified for sequence SRR12683168.525.1, skipping.
11-04 21:50 root         DEBUG    No ITS stop or start sites were identified for sequence SRR12683168.532.1, skipping.
11-04 21:50 root         DEBUG    No ITS stop or start sites were identified for sequence SRR12683168.29.1, skipping.
11-04 21:50 root         DEBUG    No ITS stop or start sites were identified for sequence SRR12683168.537.1, skipping.
11-04 21:50 root         DEBUG    No ITS stop or start sites were identified for sequence SRR12683168.538.1, skipping.
11-04 21:50 root         DEBUG    No ITS stop or start sites were identified for sequence SRR12683168.540.1, skipping.
11-04 21:50 root         DEBUG    No ITS stop or start sites were identified for sequence SRR12683168.543.1, skipping.
11-04 21:50 root         DEBUG    No ITS stop or start sites were identified for sequence SRR12683168.544.1, skipping.
11-04 21:50 root         DEBUG    No ITS stop or start sites were identified for sequence SRR12683168.550.1, skipping.
11-04 21:50 root         DEBUG    No ITS stop or start sites were identified for sequence SRR12683168.557.1, skipping.
11-04 21:50 root         DEBUG    No ITS stop or start sites were identified for sequence SRR12683168.561.1, skipping.
11-04 21:50 root         DEBUG    No ITS stop or start sites were identified for sequence SRR12683168.562.1, skipping.
11-04 21:50 root         DEBUG    No ITS stop or start sites were identified for sequence SRR12683168.563.1, skipping.
11-04 21:50 root         DEBUG    No ITS stop or start sites were identified for sequence SRR12683168.567.1, skipping.
11-04 21:50 root         DEBUG    No ITS stop or start sites were identified for sequence SRR12683168.572.1, skipping.
11-04 21:50 root         DEBUG    No ITS stop or start sites were identified for sequence SRR12683168.574.1, skipping.
11-04 21:50 root         DEBUG    No ITS stop or start sites were identified for sequence SRR12683168.575.1, skipping.
11-04 21:50 root         DEBUG    No ITS stop or start sites were identified for sequence SRR12683168.576.1, skipping.
11-04 21:50 root         DEBUG    No ITS stop or start sites were identified for sequence SRR12683168.577.1, skipping.
11-04 21:50 root         DEBUG    No ITS stop or start sites were identified for sequence SRR12683168.578.1, skipping.
11-04 21:50 root         DEBUG    No ITS stop or start sites were identified for sequence SRR12683168.581.1, skipping.
11-04 21:50 root         DEBUG    No ITS stop or start sites were identified for sequence SRR12683168.584.1, skipping.
11-04 21:50 root         DEBUG    No ITS stop or start sites were identified for sequence SRR12683168.587.1, skipping.
11-04 21:50 root         DEBUG    No ITS stop or start sites were identified for sequence SRR12683168.589.1, skipping.
11-04 21:50 root         DEBUG    No ITS stop or start sites were identified for sequence SRR12683168.51.1, skipping.
11-04 21:50 root         DEBUG    No ITS stop or start sites were identified for sequence SRR12683168.592.1, skipping.
11-04 21:50 root         DEBUG    No ITS stop or start sites were identified for sequence SRR12683168.594.1, skipping.
11-04 21:50 root         DEBUG    No ITS stop or start sites were identified for sequence SRR12683168.596.1, skipping.
11-04 21:50 root         DEBUG    No ITS stop or start sites were identified for sequence SRR12683168.597.1, skipping.
11-04 21:50 root         DEBUG    No ITS stop or start sites were identified for sequence SRR12683168.598.1, skipping.
11-04 21:50 root         DEBUG    No ITS stop or start sites were identified for sequence SRR12683168.602.1, skipping.
11-04 21:50 root         DEBUG    No ITS stop or start sites were identified for sequence SRR12683168.607.1, skipping.
11-04 21:50 root         DEBUG    No ITS stop or start sites were identified for sequence SRR12683168.610.1, skipping.
11-04 21:50 root         DEBUG    No ITS stop or start sites were identified for sequence SRR12683168.51.1, skipping.
11-04 21:50 root         DEBUG    No ITS stop or start sites were identified for sequence SRR12683168.125.1, skipping.
11-04 21:50 root         DEBUG    No ITS stop or start sites were identified for sequence SRR12683168.620.1, skipping.
11-04 21:50 root         DEBUG    No ITS stop or start sites were identified for sequence SRR12683168.622.1, skipping.
11-04 21:50 root         DEBUG    No ITS stop or start sites were identified for sequence SRR12683168.625.1, skipping.
11-04 21:50 root         DEBUG    No ITS stop or start sites were identified for sequence SRR12683168.626.1, skipping.
11-04 21:50 root         DEBUG    No ITS stop or start sites were identified for sequence SRR12683168.51.1, skipping.
11-04 21:50 root         DEBUG    No ITS stop or start sites were identified for sequence SRR12683168.636.1, skipping.
11-04 21:50 root         DEBUG    No ITS stop or start sites were identified for sequence SRR12683168.640.1, skipping.
11-04 21:50 root         DEBUG    No ITS stop or start sites were identified for sequence SRR12683168.641.1, skipping.
11-04 21:50 root         DEBUG    No ITS stop or start sites were identified for sequence SRR12683168.643.1, skipping.
11-04 21:50 root         DEBUG    No ITS stop or start sites were identified for sequence SRR12683168.646.1, skipping.
11-04 21:50 root         DEBUG    No ITS stop or start sites were identified for sequence SRR12683168.647.1, skipping.
11-04 21:50 root         DEBUG    No ITS stop or start sites were identified for sequence SRR12683168.125.1, skipping.
11-04 21:50 root         DEBUG    No ITS stop or start sites were identified for sequence SRR12683168.653.1, skipping.
11-04 21:50 root         DEBUG    No ITS stop or start sites were identified for sequence SRR12683168.656.1, skipping.
11-04 21:50 root         DEBUG    No ITS stop or start sites were identified for sequence SRR12683168.169.1, skipping.
11-04 21:50 root         DEBUG    No ITS stop or start sites were identified for sequence SRR12683168.659.1, skipping.
11-04 21:50 root         DEBUG    No ITS stop or start sites were identified for sequence SRR12683168.663.1, skipping.
11-04 21:50 root         DEBUG    No ITS stop or start sites were identified for sequence SRR12683168.664.1, skipping.
11-04 21:50 root         DEBUG    No ITS stop or start sites were identified for sequence SRR12683168.668.1, skipping.
11-04 21:50 root         DEBUG    No ITS stop or start sites were identified for sequence SRR12683168.671.1, skipping.
11-04 21:50 root         DEBUG    No ITS stop or start sites were identified for sequence SRR12683168.51.1, skipping.
11-04 21:50 root         DEBUG    No ITS stop or start sites were identified for sequence SRR12683168.674.1, skipping.
11-04 21:50 root         DEBUG    No ITS stop or start sites were identified for sequence SRR12683168.675.1, skipping.
11-04 21:50 root         DEBUG    No ITS stop or start sites were identified for sequence SRR12683168.677.1, skipping.
11-04 21:50 root         DEBUG    No ITS stop or start sites were identified for sequence SRR12683168.679.1, skipping.
11-04 21:50 root         DEBUG    No ITS stop or start sites were identified for sequence SRR12683168.680.1, skipping.
11-04 21:50 root         DEBUG    No ITS stop or start sites were identified for sequence SRR12683168.681.1, skipping.
11-04 21:50 root         DEBUG    No ITS stop or start sites were identified for sequence SRR12683168.51.1, skipping.
11-04 21:50 root         DEBUG    No ITS stop or start sites were identified for sequence SRR12683168.51.1, skipping.
11-04 21:50 root         DEBUG    No ITS stop or start sites were identified for sequence SRR12683168.29.1, skipping.
11-04 21:50 root         DEBUG    No ITS stop or start sites were identified for sequence SRR12683168.688.1, skipping.
11-04 21:50 root         DEBUG    No ITS stop or start sites were identified for sequence SRR12683168.692.1, skipping.
11-04 21:50 root         DEBUG    No ITS stop or start sites were identified for sequence SRR12683168.284.1, skipping.
11-04 21:50 root         DEBUG    No ITS stop or start sites were identified for sequence SRR12683168.697.1, skipping.
11-04 21:50 root         DEBUG    No ITS stop or start sites were identified for sequence SRR12683168.698.1, skipping.
11-04 21:50 root         DEBUG    No ITS stop or start sites were identified for sequence SRR12683168.703.1, skipping.
11-04 21:50 root         DEBUG    No ITS stop or start sites were identified for sequence SRR12683168.704.1, skipping.
11-04 21:50 root         DEBUG    No ITS stop or start sites were identified for sequence SRR12683168.708.1, skipping.
11-04 21:50 root         DEBUG    No ITS stop or start sites were identified for sequence SRR12683168.712.1, skipping.
11-04 21:50 root         DEBUG    No ITS stop or start sites were identified for sequence SRR12683168.29.1, skipping.
11-04 21:50 root         DEBUG    No ITS stop or start sites were identified for sequence SRR12683168.719.1, skipping.
11-04 21:50 root         DEBUG    No ITS stop or start sites were identified for sequence SRR12683168.723.1, skipping.
11-04 21:50 root         DEBUG    No ITS stop or start sites were identified for sequence SRR12683168.724.1, skipping.
11-04 21:50 root         DEBUG    No ITS stop or start sites were identified for sequence SRR12683168.725.1, skipping.
11-04 21:50 root         DEBUG    No ITS stop or start sites were identified for sequence SRR12683168.430.1, skipping.
11-04 21:50 root         DEBUG    No ITS stop or start sites were identified for sequence SRR12683168.731.1, skipping.
11-04 21:50 root         DEBUG    No ITS stop or start sites were identified for sequence SRR12683168.734.1, skipping.
11-04 21:50 root         DEBUG    No ITS stop or start sites were identified for sequence SRR12683168.189.1, skipping.
11-04 21:50 root         DEBUG    No ITS stop or start sites were identified for sequence SRR12683168.740.1, skipping.
11-04 21:50 root         DEBUG    No ITS stop or start sites were identified for sequence SRR12683168.317.1, skipping.
11-04 21:50 root         DEBUG    No ITS stop or start sites were identified for sequence SRR12683168.744.1, skipping.
11-04 21:50 root         DEBUG    No ITS stop or start sites were identified for sequence SRR12683168.749.1, skipping.
11-04 21:50 root         DEBUG    No ITS stop or start sites were identified for sequence SRR12683168.750.1, skipping.
11-04 21:50 root         DEBUG    No ITS stop or start sites were identified for sequence SRR12683168.188.1, skipping.
11-04 21:50 root         DEBUG    No ITS stop or start sites were identified for sequence SRR12683168.752.1, skipping.
11-04 21:50 root         DEBUG    No ITS stop or start sites were identified for sequence SRR12683168.756.1, skipping.
11-04 21:50 root         DEBUG    No ITS stop or start sites were identified for sequence SRR12683168.758.1, skipping.
11-04 21:50 root         DEBUG    No ITS stop or start sites were identified for sequence SRR12683168.643.1, skipping.
11-04 21:50 root         DEBUG    No ITS stop or start sites were identified for sequence SRR12683168.760.1, skipping.
11-04 21:50 root         DEBUG    No ITS stop or start sites were identified for sequence SRR12683168.761.1, skipping.
11-04 21:50 root         DEBUG    No ITS stop or start sites were identified for sequence SRR12683168.762.1, skipping.
11-04 21:50 root         DEBUG    No ITS stop or start sites were identified for sequence SRR12683168.764.1, skipping.
11-04 21:50 root         DEBUG    No ITS stop or start sites were identified for sequence SRR12683168.765.1, skipping.
11-04 21:50 root         DEBUG    No ITS stop or start sites were identified for sequence SRR12683168.766.1, skipping.
11-04 21:50 root         DEBUG    No ITS stop or start sites were identified for sequence SRR12683168.771.1, skipping.
11-04 21:50 root         DEBUG    No ITS stop or start sites were identified for sequence SRR12683168.772.1, skipping.
11-04 21:50 root         DEBUG    No ITS stop or start sites were identified for sequence SRR12683168.775.1, skipping.
11-04 21:50 root         DEBUG    No ITS stop or start sites were identified for sequence SRR12683168.776.1, skipping.
11-04 21:50 root         DEBUG    No ITS stop or start sites were identified for sequence SRR12683168.778.1, skipping.
11-04 21:50 root         DEBUG    No ITS stop or start sites were identified for sequence SRR12683168.29.1, skipping.
11-04 21:50 root         DEBUG    No ITS stop or start sites were identified for sequence SRR12683168.188.1, skipping.
11-04 21:50 root         DEBUG    No ITS stop or start sites were identified for sequence SRR12683168.783.1, skipping.
11-04 21:50 root         DEBUG    No ITS stop or start sites were identified for sequence SRR12683168.785.1, skipping.
11-04 21:50 root         DEBUG    No ITS stop or start sites were identified for sequence SRR12683168.786.1, skipping.
11-04 21:50 root         DEBUG    No ITS stop or start sites were identified for sequence SRR12683168.125.1, skipping.
11-04 21:50 root         DEBUG    No ITS stop or start sites were identified for sequence SRR12683168.796.1, skipping.
11-04 21:50 root         DEBUG    No ITS stop or start sites were identified for sequence SRR12683168.188.1, skipping.
11-04 21:50 root         DEBUG    No ITS stop or start sites were identified for sequence SRR12683168.29.1, skipping.
11-04 21:50 root         DEBUG    No ITS stop or start sites were identified for sequence SRR12683168.805.1, skipping.
11-04 21:50 root         DEBUG    No ITS stop or start sites were identified for sequence SRR12683168.818.1, skipping.
11-04 21:50 root         DEBUG    No ITS stop or start sites were identified for sequence SRR12683168.821.1, skipping.
11-04 21:50 root         DEBUG    No ITS stop or start sites were identified for sequence SRR12683168.826.1, skipping.
11-04 21:50 root         DEBUG    No ITS stop or start sites were identified for sequence SRR12683168.830.1, skipping.
11-04 21:50 root         DEBUG    No ITS stop or start sites were identified for sequence SRR12683168.833.1, skipping.
11-04 21:50 root         DEBUG    No ITS stop or start sites were identified for sequence SRR12683168.834.1, skipping.
11-04 21:50 root         DEBUG    No ITS stop or start sites were identified for sequence SRR12683168.835.1, skipping.
11-04 21:50 root         DEBUG    No ITS stop or start sites were identified for sequence SRR12683168.284.1, skipping.
11-04 21:50 root         DEBUG    No ITS stop or start sites were identified for sequence SRR12683168.851.1, skipping.
11-04 21:50 root         DEBUG    No ITS stop or start sites were identified for sequence SRR12683168.852.1, skipping.
11-04 21:50 root         DEBUG    No ITS stop or start sites were identified for sequence SRR12683168.853.1, skipping.
11-04 21:50 root         DEBUG    No ITS stop or start sites were identified for sequence SRR12683168.51.1, skipping.
11-04 21:50 root         DEBUG    No ITS stop or start sites were identified for sequence SRR12683168.857.1, skipping.
11-04 21:50 root         DEBUG    No ITS stop or start sites were identified for sequence SRR12683168.29.1, skipping.
11-04 21:50 root         DEBUG    No ITS stop or start sites were identified for sequence SRR12683168.862.1, skipping.
11-04 21:50 root         DEBUG    No ITS stop or start sites were identified for sequence SRR12683168.863.1, skipping.
11-04 21:50 root         DEBUG    No ITS stop or start sites were identified for sequence SRR12683168.864.1, skipping.
11-04 21:50 root         DEBUG    No ITS stop or start sites were identified for sequence SRR12683168.866.1, skipping.
11-04 21:50 root         DEBUG    No ITS stop or start sites were identified for sequence SRR12683168.867.1, skipping.
11-04 21:50 root         DEBUG    No ITS stop or start sites were identified for sequence SRR12683168.876.1, skipping.
11-04 21:50 root         DEBUG    No ITS stop or start sites were identified for sequence SRR12683168.877.1, skipping.
11-04 21:50 root         DEBUG    No ITS stop or start sites were identified for sequence SRR12683168.51.1, skipping.
11-04 21:50 root         DEBUG    No ITS stop or start sites were identified for sequence SRR12683168.51.1, skipping.
11-04 21:50 root         DEBUG    No ITS stop or start sites were identified for sequence SRR12683168.882.1, skipping.
11-04 21:50 root         DEBUG    No ITS stop or start sites were identified for sequence SRR12683168.883.1, skipping.
11-04 21:50 root         DEBUG    No ITS stop or start sites were identified for sequence SRR12683168.59.1, skipping.
11-04 21:50 root         DEBUG    No ITS stop or start sites were identified for sequence SRR12683168.888.1, skipping.
11-04 21:50 root         DEBUG    No ITS stop or start sites were identified for sequence SRR12683168.889.1, skipping.
11-04 21:50 root         DEBUG    No ITS stop or start sites were identified for sequence SRR12683168.891.1, skipping.
11-04 21:50 root         DEBUG    No ITS stop or start sites were identified for sequence SRR12683168.892.1, skipping.
11-04 21:50 root         DEBUG    No ITS stop or start sites were identified for sequence SRR12683168.894.1, skipping.
11-04 21:50 root         DEBUG    No ITS stop or start sites were identified for sequence SRR12683168.896.1, skipping.
11-04 21:50 root         DEBUG    No ITS stop or start sites were identified for sequence SRR12683168.897.1, skipping.
11-04 21:50 root         DEBUG    No ITS stop or start sites were identified for sequence SRR12683168.51.1, skipping.
11-04 21:50 root         DEBUG    No ITS stop or start sites were identified for sequence SRR12683168.331.1, skipping.
11-04 21:50 root         DEBUG    No ITS stop or start sites were identified for sequence SRR12683168.905.1, skipping.
11-04 21:50 root         DEBUG    No ITS stop or start sites were identified for sequence SRR12683168.29.1, skipping.
11-04 21:50 root         DEBUG    No ITS stop or start sites were identified for sequence SRR12683168.908.1, skipping.
11-04 21:50 root         DEBUG    No ITS stop or start sites were identified for sequence SRR12683168.910.1, skipping.
11-04 21:50 root         DEBUG    No ITS stop or start sites were identified for sequence SRR12683168.912.1, skipping.
11-04 21:50 root         DEBUG    No ITS stop or start sites were identified for sequence SRR12683168.29.1, skipping.
11-04 21:50 root         DEBUG    No ITS stop or start sites were identified for sequence SRR12683168.922.1, skipping.
11-04 21:50 root         DEBUG    No ITS stop or start sites were identified for sequence SRR12683168.927.1, skipping.
11-04 21:50 root         DEBUG    No ITS stop or start sites were identified for sequence SRR12683168.51.1, skipping.
11-04 21:50 root         DEBUG    No ITS stop or start sites were identified for sequence SRR12683168.930.1, skipping.
11-04 21:50 root         DEBUG    No ITS stop or start sites were identified for sequence SRR12683168.59.1, skipping.
11-04 21:50 root         DEBUG    No ITS stop or start sites were identified for sequence SRR12683168.188.1, skipping.
11-04 21:50 root         DEBUG    No ITS stop or start sites were identified for sequence SRR12683168.940.1, skipping.
11-04 21:50 root         DEBUG    No ITS stop or start sites were identified for sequence SRR12683168.942.1, skipping.
11-04 21:50 root         DEBUG    No ITS stop or start sites were identified for sequence SRR12683168.944.1, skipping.
11-04 21:50 root         DEBUG    No ITS stop or start sites were identified for sequence SRR12683168.945.1, skipping.
11-04 21:50 root         DEBUG    No ITS stop or start sites were identified for sequence SRR12683168.104.1, skipping.
11-04 21:50 root         DEBUG    No ITS stop or start sites were identified for sequence SRR12683168.947.1, skipping.
11-04 21:50 root         DEBUG    No ITS stop or start sites were identified for sequence SRR12683168.948.1, skipping.
11-04 21:50 root         DEBUG    No ITS stop or start sites were identified for sequence SRR12683168.951.1, skipping.
11-04 21:50 root         DEBUG    No ITS stop or start sites were identified for sequence SRR12683168.953.1, skipping.
11-04 21:50 root         DEBUG    No ITS stop or start sites were identified for sequence SRR12683168.956.1, skipping.
11-04 21:50 root         DEBUG    No ITS stop or start sites were identified for sequence SRR12683168.29.1, skipping.
11-04 21:50 root         DEBUG    No ITS stop or start sites were identified for sequence SRR12683168.29.1, skipping.
11-04 21:50 root         DEBUG    No ITS stop or start sites were identified for sequence SRR12683168.867.1, skipping.
11-04 21:50 root         DEBUG    No ITS stop or start sites were identified for sequence SRR12683168.965.1, skipping.
11-04 21:50 root         DEBUG    No ITS stop or start sites were identified for sequence SRR12683168.966.1, skipping.
11-04 21:50 root         DEBUG    No ITS stop or start sites were identified for sequence SRR12683168.967.1, skipping.
11-04 21:50 root         DEBUG    No ITS stop or start sites were identified for sequence SRR12683168.968.1, skipping.
11-04 21:50 root         DEBUG    No ITS stop or start sites were identified for sequence SRR12683168.971.1, skipping.
11-04 21:50 root         DEBUG    No ITS stop or start sites were identified for sequence SRR12683168.972.1, skipping.
11-04 21:50 root         DEBUG    No ITS stop or start sites were identified for sequence SRR12683168.979.1, skipping.
11-04 21:50 root         DEBUG    No ITS stop or start sites were identified for sequence SRR12683168.980.1, skipping.
11-04 21:50 root         DEBUG    No ITS stop or start sites were identified for sequence SRR12683168.983.1, skipping.
11-04 21:50 root         DEBUG    No ITS stop or start sites were identified for sequence SRR12683168.284.1, skipping.
11-04 21:50 root         DEBUG    No ITS stop or start sites were identified for sequence SRR12683168.680.1, skipping.
11-04 21:50 root         DEBUG    No ITS stop or start sites were identified for sequence SRR12683168.125.1, skipping.
11-04 21:50 root         DEBUG    No ITS stop or start sites were identified for sequence SRR12683168.992.1, skipping.
11-04 21:50 root         DEBUG    No ITS stop or start sites were identified for sequence SRR12683168.994.1, skipping.
11-04 21:50 root         DEBUG    No ITS stop or start sites were identified for sequence SRR12683168.995.1, skipping.
11-04 21:50 root         DEBUG    No ITS stop or start sites were identified for sequence SRR12683168.29.1, skipping.
11-04 21:50 root         DEBUG    No ITS stop or start sites were identified for sequence SRR12683168.998.1, skipping.
11-04 21:50 root         DEBUG    No ITS stop or start sites were identified for sequence SRR12683168.29.1, skipping.
11-04 21:50 root         DEBUG    No ITS stop or start sites were identified for sequence SRR12683168.1000.1, skipping.
11-04 21:50 root         DEBUG    No ITS stop or start sites were identified for sequence SRR12683168.1002.1, skipping.
11-04 21:50 root         DEBUG    No ITS stop or start sites were identified for sequence SRR12683168.1003.1, skipping.
11-04 21:50 root         DEBUG    No ITS stop or start sites were identified for sequence SRR12683168.51.1, skipping.
11-04 21:50 root         DEBUG    No ITS stop or start sites were identified for sequence SRR12683168.1012.1, skipping.
11-04 21:50 root         DEBUG    No ITS stop or start sites were identified for sequence SRR12683168.51.1, skipping.
11-04 21:50 root         DEBUG    No ITS stop or start sites were identified for sequence SRR12683168.29.1, skipping.
11-04 21:50 root         DEBUG    No ITS stop or start sites were identified for sequence SRR12683168.1020.1, skipping.
11-04 21:50 root         DEBUG    No ITS stop or start sites were identified for sequence SRR12683168.1021.1, skipping.
11-04 21:50 root         DEBUG    No ITS stop or start sites were identified for sequence SRR12683168.157.1, skipping.
11-04 21:50 root         DEBUG    No ITS stop or start sites were identified for sequence SRR12683168.1028.1, skipping.
11-04 21:50 root         DEBUG    No ITS stop or start sites were identified for sequence SRR12683168.2.1, skipping.
11-04 21:50 root         DEBUG    No ITS stop or start sites were identified for sequence SRR12683168.1034.1, skipping.
11-04 21:50 root         DEBUG    No ITS stop or start sites were identified for sequence SRR12683168.354.1, skipping.
11-04 21:50 root         DEBUG    No ITS stop or start sites were identified for sequence SRR12683168.104.1, skipping.
11-04 21:50 root         DEBUG    No ITS stop or start sites were identified for sequence SRR12683168.29.1, skipping.
11-04 21:50 root         DEBUG    No ITS stop or start sites were identified for sequence SRR12683168.1043.1, skipping.
11-04 21:50 root         DEBUG    No ITS stop or start sites were identified for sequence SRR12683168.1044.1, skipping.
11-04 21:50 root         DEBUG    No ITS stop or start sites were identified for sequence SRR12683168.1050.1, skipping.
11-04 21:50 root         DEBUG    No ITS stop or start sites were identified for sequence SRR12683168.430.1, skipping.
11-04 21:50 root         DEBUG    No ITS stop or start sites were identified for sequence SRR12683168.538.1, skipping.
11-04 21:50 root         DEBUG    No ITS stop or start sites were identified for sequence SRR12683168.1068.1, skipping.
11-04 21:50 root         DEBUG    No ITS stop or start sites were identified for sequence SRR12683168.1073.1, skipping.
11-04 21:50 root         DEBUG    No ITS stop or start sites were identified for sequence SRR12683168.1074.1, skipping.
11-04 21:50 root         DEBUG    No ITS stop or start sites were identified for sequence SRR12683168.29.1, skipping.
11-04 21:50 root         DEBUG    No ITS stop or start sites were identified for sequence SRR12683168.1077.1, skipping.
11-04 21:50 root         DEBUG    No ITS stop or start sites were identified for sequence SRR12683168.88.1, skipping.
11-04 21:50 root         DEBUG    No ITS stop or start sites were identified for sequence SRR12683168.1082.1, skipping.
11-04 21:50 root         DEBUG    No ITS stop or start sites were identified for sequence SRR12683168.1087.1, skipping.
11-04 21:50 root         DEBUG    No ITS stop or start sites were identified for sequence SRR12683168.354.1, skipping.
11-04 21:50 root         DEBUG    No ITS stop or start sites were identified for sequence SRR12683168.125.1, skipping.
11-04 21:50 root         DEBUG    No ITS stop or start sites were identified for sequence SRR12683168.1092.1, skipping.
11-04 21:50 root         DEBUG    No ITS stop or start sites were identified for sequence SRR12683168.29.1, skipping.
11-04 21:50 root         DEBUG    No ITS stop or start sites were identified for sequence SRR12683168.1097.1, skipping.
11-04 21:50 root         DEBUG    No ITS stop or start sites were identified for sequence SRR12683168.1098.1, skipping.
11-04 21:50 root         DEBUG    No ITS stop or start sites were identified for sequence SRR12683168.354.1, skipping.
11-04 21:50 root         DEBUG    No ITS stop or start sites were identified for sequence SRR12683168.1109.1, skipping.
11-04 21:50 root         DEBUG    No ITS stop or start sites were identified for sequence SRR12683168.1110.1, skipping.
11-04 21:50 root         DEBUG    No ITS stop or start sites were identified for sequence SRR12683168.51.1, skipping.
11-04 21:50 root         DEBUG    No ITS stop or start sites were identified for sequence SRR12683168.1115.1, skipping.
11-04 21:50 root         DEBUG    No ITS stop or start sites were identified for sequence SRR12683168.1116.1, skipping.
11-04 21:50 root         DEBUG    No ITS stop or start sites were identified for sequence SRR12683168.29.1, skipping.
11-04 21:50 root         DEBUG    No ITS stop or start sites were identified for sequence SRR12683168.29.1, skipping.
11-04 21:50 root         DEBUG    No ITS stop or start sites were identified for sequence SRR12683168.1.1, skipping.
11-04 21:50 root         DEBUG    No ITS stop or start sites were identified for sequence SRR12683168.1122.1, skipping.
11-04 21:50 root         DEBUG    No ITS stop or start sites were identified for sequence SRR12683168.1123.1, skipping.
11-04 21:50 root         DEBUG    No ITS stop or start sites were identified for sequence SRR12683168.1125.1, skipping.
11-04 21:50 root         DEBUG    No ITS stop or start sites were identified for sequence SRR12683168.1129.1, skipping.
11-04 21:50 root         DEBUG    No ITS stop or start sites were identified for sequence SRR12683168.1135.1, skipping.
11-04 21:50 root         DEBUG    No ITS stop or start sites were identified for sequence SRR12683168.2.1, skipping.
11-04 21:50 root         DEBUG    No ITS stop or start sites were identified for sequence SRR12683168.1141.1, skipping.
11-04 21:50 root         DEBUG    No ITS stop or start sites were identified for sequence SRR12683168.680.1, skipping.
11-04 21:50 root         DEBUG    No ITS stop or start sites were identified for sequence SRR12683168.51.1, skipping.
11-04 21:50 root         DEBUG    No ITS stop or start sites were identified for sequence SRR12683168.2.1, skipping.
11-04 21:50 root         DEBUG    No ITS stop or start sites were identified for sequence SRR12683168.1149.1, skipping.
11-04 21:50 root         DEBUG    No ITS stop or start sites were identified for sequence SRR12683168.922.1, skipping.
11-04 21:50 root         DEBUG    No ITS stop or start sites were identified for sequence SRR12683168.317.1, skipping.
11-04 21:50 root         DEBUG    No ITS stop or start sites were identified for sequence SRR12683168.1157.1, skipping.
11-04 21:50 root         DEBUG    No ITS stop or start sites were identified for sequence SRR12683168.1158.1, skipping.
11-04 21:50 root         DEBUG    No ITS stop or start sites were identified for sequence SRR12683168.1159.1, skipping.
11-04 21:50 root         DEBUG    No ITS stop or start sites were identified for sequence SRR12683168.1167.1, skipping.
11-04 21:50 root         DEBUG    No ITS stop or start sites were identified for sequence SRR12683168.1170.1, skipping.
11-04 21:50 root         DEBUG    No ITS stop or start sites were identified for sequence SRR12683168.922.1, skipping.
11-04 21:50 root         DEBUG    No ITS stop or start sites were identified for sequence SRR12683168.354.1, skipping.
11-04 21:50 root         DEBUG    No ITS stop or start sites were identified for sequence SRR12683168.1174.1, skipping.
11-04 21:50 root         DEBUG    No ITS stop or start sites were identified for sequence SRR12683168.922.1, skipping.
11-04 21:50 root         DEBUG    No ITS stop or start sites were identified for sequence SRR12683168.1179.1, skipping.
11-04 21:50 root         DEBUG    No ITS stop or start sites were identified for sequence SRR12683168.29.1, skipping.
11-04 21:50 root         DEBUG    No ITS stop or start sites were identified for sequence SRR12683168.397.1, skipping.
11-04 21:50 root         DEBUG    No ITS stop or start sites were identified for sequence SRR12683168.1185.1, skipping.
11-04 21:50 root         DEBUG    No ITS stop or start sites were identified for sequence SRR12683168.51.1, skipping.
11-04 21:50 root         DEBUG    No ITS stop or start sites were identified for sequence SRR12683168.1189.1, skipping.
11-04 21:50 root         DEBUG    No ITS stop or start sites were identified for sequence SRR12683168.51.1, skipping.
11-04 21:50 root         DEBUG    No ITS stop or start sites were identified for sequence SRR12683168.1192.1, skipping.
11-04 21:50 root         DEBUG    No ITS stop or start sites were identified for sequence SRR12683168.1193.1, skipping.
11-04 21:50 root         DEBUG    No ITS stop or start sites were identified for sequence SRR12683168.1194.1, skipping.
11-04 21:50 root         DEBUG    No ITS stop or start sites were identified for sequence SRR12683168.1196.1, skipping.
11-04 21:50 root         DEBUG    No ITS stop or start sites were identified for sequence SRR12683168.1197.1, skipping.
11-04 21:50 root         DEBUG    No ITS stop or start sites were identified for sequence SRR12683168.1198.1, skipping.
11-04 21:50 root         DEBUG    No ITS stop or start sites were identified for sequence SRR12683168.51.1, skipping.
11-04 21:50 root         DEBUG    No ITS stop or start sites were identified for sequence SRR12683168.430.1, skipping.
11-04 21:50 root         DEBUG    No ITS stop or start sites were identified for sequence SRR12683168.51.1, skipping.
11-04 21:50 root         DEBUG    No ITS stop or start sites were identified for sequence SRR12683168.354.1, skipping.
11-04 21:50 root         DEBUG    No ITS stop or start sites were identified for sequence SRR12683168.818.1, skipping.
11-04 21:50 root         DEBUG    No ITS stop or start sites were identified for sequence SRR12683168.51.1, skipping.
11-04 21:50 root         DEBUG    No ITS stop or start sites were identified for sequence SRR12683168.1225.1, skipping.
11-04 21:50 root         DEBUG    No ITS stop or start sites were identified for sequence SRR12683168.1226.1, skipping.
11-04 21:50 root         DEBUG    No ITS stop or start sites were identified for sequence SRR12683168.104.1, skipping.
11-04 21:50 root         DEBUG    No ITS stop or start sites were identified for sequence SRR12683168.1233.1, skipping.
11-04 21:50 root         DEBUG    No ITS stop or start sites were identified for sequence SRR12683168.1236.1, skipping.
11-04 21:50 root         DEBUG    No ITS stop or start sites were identified for sequence SRR12683168.1242.1, skipping.
11-04 21:50 root         DEBUG    No ITS stop or start sites were identified for sequence SRR12683168.1243.1, skipping.
11-04 21:50 root         DEBUG    No ITS stop or start sites were identified for sequence SRR12683168.29.1, skipping.
11-04 21:50 root         DEBUG    No ITS stop or start sites were identified for sequence SRR12683168.1247.1, skipping.
11-04 21:50 root         DEBUG    No ITS stop or start sites were identified for sequence SRR12683168.1249.1, skipping.
11-04 21:50 root         DEBUG    No ITS stop or start sites were identified for sequence SRR12683168.1252.1, skipping.
11-04 21:50 root         DEBUG    No ITS stop or start sites were identified for sequence SRR12683168.1255.1, skipping.
11-04 21:50 root         DEBUG    No ITS stop or start sites were identified for sequence SRR12683168.1257.1, skipping.
11-04 21:50 root         DEBUG    No ITS stop or start sites were identified for sequence SRR12683168.1260.1, skipping.
11-04 21:50 root         DEBUG    No ITS stop or start sites were identified for sequence SRR12683168.1263.1, skipping.
11-04 21:50 root         DEBUG    No ITS stop or start sites were identified for sequence SRR12683168.1264.1, skipping.
11-04 21:50 root         DEBUG    No ITS stop or start sites were identified for sequence SRR12683168.101.1, skipping.
11-04 21:50 root         DEBUG    No ITS stop or start sites were identified for sequence SRR12683168.680.1, skipping.
11-04 21:50 root         DEBUG    No ITS stop or start sites were identified for sequence SRR12683168.1281.1, skipping.
11-04 21:50 root         DEBUG    No ITS stop or start sites were identified for sequence SRR12683168.1285.1, skipping.
11-04 21:50 root         DEBUG    No ITS stop or start sites were identified for sequence SRR12683168.680.1, skipping.
11-04 21:50 root         DEBUG    No ITS stop or start sites were identified for sequence SRR12683168.1289.1, skipping.
11-04 21:50 root         DEBUG    No ITS stop or start sites were identified for sequence SRR12683168.1290.1, skipping.
11-04 21:50 root         DEBUG    No ITS stop or start sites were identified for sequence SRR12683168.1291.1, skipping.
11-04 21:50 root         DEBUG    No ITS stop or start sites were identified for sequence SRR12683168.1292.1, skipping.
11-04 21:50 root         DEBUG    No ITS stop or start sites were identified for sequence SRR12683168.680.1, skipping.
11-04 21:50 root         DEBUG    No ITS stop or start sites were identified for sequence SRR12683168.51.1, skipping.
11-04 21:50 root         DEBUG    No ITS stop or start sites were identified for sequence SRR12683168.680.1, skipping.
11-04 21:50 root         DEBUG    No ITS stop or start sites were identified for sequence SRR12683168.51.1, skipping.
11-04 21:50 root         DEBUG    No ITS stop or start sites were identified for sequence SRR12683168.1313.1, skipping.
11-04 21:50 root         DEBUG    No ITS stop or start sites were identified for sequence SRR12683168.51.1, skipping.
11-04 21:50 root         DEBUG    No ITS stop or start sites were identified for sequence SRR12683168.51.1, skipping.
11-04 21:50 root         DEBUG    No ITS stop or start sites were identified for sequence SRR12683168.1322.1, skipping.
11-04 21:50 root         DEBUG    No ITS stop or start sites were identified for sequence SRR12683168.1324.1, skipping.
11-04 21:50 root         DEBUG    No ITS stop or start sites were identified for sequence SRR12683168.1325.1, skipping.
11-04 21:50 root         DEBUG    No ITS stop or start sites were identified for sequence SRR12683168.36.1, skipping.
11-04 21:50 root         DEBUG    No ITS stop or start sites were identified for sequence SRR12683168.1327.1, skipping.
11-04 21:50 root         DEBUG    No ITS stop or start sites were identified for sequence SRR12683168.1329.1, skipping.
11-04 21:50 root         DEBUG    No ITS stop or start sites were identified for sequence SRR12683168.51.1, skipping.
11-04 21:50 root         DEBUG    No ITS stop or start sites were identified for sequence SRR12683168.1336.1, skipping.
11-04 21:50 root         DEBUG    No ITS stop or start sites were identified for sequence SRR12683168.1337.1, skipping.
11-04 21:50 root         DEBUG    No ITS stop or start sites were identified for sequence SRR12683168.1339.1, skipping.
11-04 21:50 root         DEBUG    No ITS stop or start sites were identified for sequence SRR12683168.1340.1, skipping.
11-04 21:50 root         DEBUG    No ITS stop or start sites were identified for sequence SRR12683168.1341.1, skipping.
11-04 21:50 root         DEBUG    No ITS stop or start sites were identified for sequence SRR12683168.1342.1, skipping.
11-04 21:50 root         DEBUG    No ITS stop or start sites were identified for sequence SRR12683168.1343.1, skipping.
11-04 21:50 root         DEBUG    No ITS stop or start sites were identified for sequence SRR12683168.1345.1, skipping.
11-04 21:50 root         DEBUG    No ITS stop or start sites were identified for sequence SRR12683168.51.1, skipping.
11-04 21:50 root         DEBUG    No ITS stop or start sites were identified for sequence SRR12683168.1349.1, skipping.
11-04 21:50 root         DEBUG    No ITS stop or start sites were identified for sequence SRR12683168.1350.1, skipping.
11-04 21:50 root         DEBUG    No ITS stop or start sites were identified for sequence SRR12683168.1351.1, skipping.
11-04 21:50 root         DEBUG    No ITS stop or start sites were identified for sequence SRR12683168.1354.1, skipping.
11-04 21:50 root         DEBUG    No ITS stop or start sites were identified for sequence SRR12683168.1355.1, skipping.
11-04 21:50 root         DEBUG    No ITS stop or start sites were identified for sequence SRR12683168.1354.1, skipping.
11-04 21:50 root         DEBUG    No ITS stop or start sites were identified for sequence SRR12683168.1354.1, skipping.
11-04 21:50 root         DEBUG    No ITS stop or start sites were identified for sequence SRR12683168.1363.1, skipping.
11-04 21:50 root         DEBUG    No ITS stop or start sites were identified for sequence SRR12683168.1366.1, skipping.
11-04 21:50 root         DEBUG    No ITS stop or start sites were identified for sequence SRR12683168.1368.1, skipping.
11-04 21:50 root         DEBUG    No ITS stop or start sites were identified for sequence SRR12683168.1343.1, skipping.
11-04 21:50 root         DEBUG    No ITS stop or start sites were identified for sequence SRR12683168.1372.1, skipping.
11-04 21:50 root         DEBUG    No ITS stop or start sites were identified for sequence SRR12683168.354.1, skipping.
11-04 21:50 root         DEBUG    No ITS stop or start sites were identified for sequence SRR12683168.1375.1, skipping.
11-04 21:50 root         DEBUG    No ITS stop or start sites were identified for sequence SRR12683168.1382.1, skipping.
11-04 21:50 root         DEBUG    No ITS stop or start sites were identified for sequence SRR12683168.1390.1, skipping.
11-04 21:50 root         DEBUG    No ITS stop or start sites were identified for sequence SRR12683168.1392.1, skipping.
11-04 21:50 root         DEBUG    No ITS stop or start sites were identified for sequence SRR12683168.1393.1, skipping.
11-04 21:50 root         DEBUG    No ITS stop or start sites were identified for sequence SRR12683168.1396.1, skipping.
11-04 21:50 root         DEBUG    No ITS stop or start sites were identified for sequence SRR12683168.1402.1, skipping.
11-04 21:50 root         DEBUG    No ITS stop or start sites were identified for sequence SRR12683168.1408.1, skipping.
11-04 21:50 root         DEBUG    No ITS stop or start sites were identified for sequence SRR12683168.1411.1, skipping.
11-04 21:50 root         DEBUG    No ITS stop or start sites were identified for sequence SRR12683168.1412.1, skipping.
11-04 21:50 root         DEBUG    No ITS stop or start sites were identified for sequence SRR12683168.1413.1, skipping.
11-04 21:50 root         DEBUG    No ITS stop or start sites were identified for sequence SRR12683168.1414.1, skipping.
11-04 21:50 root         DEBUG    No ITS stop or start sites were identified for sequence SRR12683168.1415.1, skipping.
11-04 21:50 root         DEBUG    No ITS stop or start sites were identified for sequence SRR12683168.1417.1, skipping.
11-04 21:50 root         DEBUG    No ITS stop or start sites were identified for sequence SRR12683168.1418.1, skipping.
11-04 21:50 root         DEBUG    No ITS stop or start sites were identified for sequence SRR12683168.1419.1, skipping.
11-04 21:50 root         DEBUG    No ITS stop or start sites were identified for sequence SRR12683168.1421.1, skipping.
11-04 21:50 root         DEBUG    No ITS stop or start sites were identified for sequence SRR12683168.572.1, skipping.
11-04 21:50 root         DEBUG    No ITS stop or start sites were identified for sequence SRR12683168.1434.1, skipping.
11-04 21:50 root         DEBUG    No ITS stop or start sites were identified for sequence SRR12683168.1435.1, skipping.
11-04 21:50 root         DEBUG    No ITS stop or start sites were identified for sequence SRR12683168.1436.1, skipping.
11-04 21:50 root         DEBUG    No ITS stop or start sites were identified for sequence SRR12683168.1438.1, skipping.
11-04 21:50 root         DEBUG    No ITS stop or start sites were identified for sequence SRR12683168.1442.1, skipping.
11-04 21:50 root         DEBUG    No ITS stop or start sites were identified for sequence SRR12683168.1444.1, skipping.
11-04 21:50 root         DEBUG    No ITS stop or start sites were identified for sequence SRR12683168.1445.1, skipping.
11-04 21:50 root         DEBUG    No ITS stop or start sites were identified for sequence SRR12683168.1450.1, skipping.
11-04 21:50 root         DEBUG    No ITS stop or start sites were identified for sequence SRR12683168.1454.1, skipping.
11-04 21:50 root         DEBUG    No ITS stop or start sites were identified for sequence SRR12683168.1444.1, skipping.
11-04 21:50 root         DEBUG    No ITS stop or start sites were identified for sequence SRR12683168.1456.1, skipping.
11-04 21:50 root         DEBUG    No ITS stop or start sites were identified for sequence SRR12683168.1458.1, skipping.
11-04 21:50 root         DEBUG    No ITS stop or start sites were identified for sequence SRR12683168.1459.1, skipping.
11-04 21:50 root         DEBUG    No ITS stop or start sites were identified for sequence SRR12683168.1460.1, skipping.
11-04 21:50 root         DEBUG    No ITS stop or start sites were identified for sequence SRR12683168.1462.1, skipping.
11-04 21:50 root         DEBUG    No ITS stop or start sites were identified for sequence SRR12683168.1466.1, skipping.
11-04 21:50 root         DEBUG    No ITS stop or start sites were identified for sequence SRR12683168.1468.1, skipping.
11-04 21:50 root         DEBUG    No ITS stop or start sites were identified for sequence SRR12683168.51.1, skipping.
11-04 21:50 root         DEBUG    No ITS stop or start sites were identified for sequence SRR12683168.1479.1, skipping.
11-04 21:50 root         DEBUG    No ITS stop or start sites were identified for sequence SRR12683168.1480.1, skipping.
11-04 21:50 root         DEBUG    No ITS stop or start sites were identified for sequence SRR12683168.1483.1, skipping.
11-04 21:50 root         DEBUG    No ITS stop or start sites were identified for sequence SRR12683168.1485.1, skipping.
11-04 21:50 root         DEBUG    No ITS stop or start sites were identified for sequence SRR12683168.1487.1, skipping.
11-04 21:50 root         DEBUG    No ITS stop or start sites were identified for sequence SRR12683168.1489.1, skipping.
11-04 21:50 root         DEBUG    No ITS stop or start sites were identified for sequence SRR12683168.1492.1, skipping.
11-04 21:50 root         DEBUG    No ITS stop or start sites were identified for sequence SRR12683168.641.1, skipping.
11-04 21:50 root         DEBUG    No ITS stop or start sites were identified for sequence SRR12683168.1508.1, skipping.
11-04 21:50 root         DEBUG    No ITS stop or start sites were identified for sequence SRR12683168.1510.1, skipping.
11-04 21:50 root         DEBUG    No ITS stop or start sites were identified for sequence SRR12683168.1512.1, skipping.
11-04 21:50 root         DEBUG    No ITS stop or start sites were identified for sequence SRR12683168.1513.1, skipping.
11-04 21:50 root         DEBUG    No ITS stop or start sites were identified for sequence SRR12683168.1527.1, skipping.
11-04 21:50 root         DEBUG    No ITS stop or start sites were identified for sequence SRR12683168.1531.1, skipping.
11-04 21:50 root         DEBUG    No ITS stop or start sites were identified for sequence SRR12683168.1533.1, skipping.
11-04 21:50 root         DEBUG    No ITS stop or start sites were identified for sequence SRR12683168.1534.1, skipping.
11-04 21:50 root         DEBUG    No ITS stop or start sites were identified for sequence SRR12683168.125.1, skipping.
11-04 21:50 root         DEBUG    No ITS stop or start sites were identified for sequence SRR12683168.354.1, skipping.
11-04 21:50 root         DEBUG    No ITS stop or start sites were identified for sequence SRR12683168.1552.1, skipping.
11-04 21:50 root         DEBUG    No ITS stop or start sites were identified for sequence SRR12683168.1553.1, skipping.
11-04 21:50 root         DEBUG    No ITS stop or start sites were identified for sequence SRR12683168.908.1, skipping.
11-04 21:50 root         DEBUG    No ITS stop or start sites were identified for sequence SRR12683168.1558.1, skipping.
11-04 21:50 root         DEBUG    No ITS stop or start sites were identified for sequence SRR12683168.776.1, skipping.
11-04 21:50 root         DEBUG    No ITS stop or start sites were identified for sequence SRR12683168.51.1, skipping.
11-04 21:50 root         DEBUG    No ITS stop or start sites were identified for sequence SRR12683168.1564.1, skipping.
11-04 21:50 root         DEBUG    No ITS stop or start sites were identified for sequence SRR12683168.51.1, skipping.
11-04 21:50 root         DEBUG    No ITS stop or start sites were identified for sequence SRR12683168.1576.1, skipping.
11-04 21:50 root         DEBUG    No ITS stop or start sites were identified for sequence SRR12683168.1577.1, skipping.
11-04 21:50 root         DEBUG    No ITS stop or start sites were identified for sequence SRR12683168.927.1, skipping.
11-04 21:50 root         DEBUG    No ITS stop or start sites were identified for sequence SRR12683168.459.1, skipping.
11-04 21:50 root         DEBUG    No ITS stop or start sites were identified for sequence SRR12683168.459.1, skipping.
11-04 21:50 root         DEBUG    No ITS stop or start sites were identified for sequence SRR12683168.1585.1, skipping.
11-04 21:50 root         DEBUG    No ITS stop or start sites were identified for sequence SRR12683168.1589.1, skipping.
11-04 21:50 root         DEBUG    No ITS stop or start sites were identified for sequence SRR12683168.51.1, skipping.
11-04 21:50 root         DEBUG    No ITS stop or start sites were identified for sequence SRR12683168.1592.1, skipping.
11-04 21:50 root         DEBUG    No ITS stop or start sites were identified for sequence SRR12683168.1593.1, skipping.
11-04 21:50 root         DEBUG    No ITS stop or start sites were identified for sequence SRR12683168.1597.1, skipping.
11-04 21:50 root         DEBUG    No ITS stop or start sites were identified for sequence SRR12683168.1598.1, skipping.
11-04 21:50 root         DEBUG    No ITS stop or start sites were identified for sequence SRR12683168.51.1, skipping.
11-04 21:50 root         DEBUG    No ITS stop or start sites were identified for sequence SRR12683168.51.1, skipping.
11-04 21:50 root         DEBUG    No ITS stop or start sites were identified for sequence SRR12683168.51.1, skipping.
11-04 21:50 root         DEBUG    No ITS stop or start sites were identified for sequence SRR12683168.1610.1, skipping.
11-04 21:50 root         DEBUG    No ITS stop or start sites were identified for sequence SRR12683168.1614.1, skipping.
11-04 21:50 root         DEBUG    No ITS stop or start sites were identified for sequence SRR12683168.51.1, skipping.
11-04 21:50 root         DEBUG    No ITS stop or start sites were identified for sequence SRR12683168.51.1, skipping.
11-04 21:50 root         DEBUG    No ITS stop or start sites were identified for sequence SRR12683168.1623.1, skipping.
11-04 21:50 root         DEBUG    No ITS stop or start sites were identified for sequence SRR12683168.1629.1, skipping.
11-04 21:50 root         DEBUG    No ITS stop or start sites were identified for sequence SRR12683168.1631.1, skipping.
11-04 21:50 root         DEBUG    No ITS stop or start sites were identified for sequence SRR12683168.1632.1, skipping.
11-04 21:50 root         DEBUG    No ITS stop or start sites were identified for sequence SRR12683168.1635.1, skipping.
11-04 21:50 root         DEBUG    No ITS stop or start sites were identified for sequence SRR12683168.1593.1, skipping.
11-04 21:50 root         DEBUG    No ITS stop or start sites were identified for sequence SRR12683168.1645.1, skipping.
11-04 21:50 root         DEBUG    No ITS stop or start sites were identified for sequence SRR12683168.51.1, skipping.
11-04 21:50 root         DEBUG    No ITS stop or start sites were identified for sequence SRR12683168.1655.1, skipping.
11-04 21:50 root         DEBUG    No ITS stop or start sites were identified for sequence SRR12683168.1656.1, skipping.
11-04 21:50 root         DEBUG    No ITS stop or start sites were identified for sequence SRR12683168.1660.1, skipping.
11-04 21:50 root         DEBUG    No ITS stop or start sites were identified for sequence SRR12683168.1661.1, skipping.
11-04 21:50 root         DEBUG    No ITS stop or start sites were identified for sequence SRR12683168.538.1, skipping.
11-04 21:50 root         DEBUG    No ITS stop or start sites were identified for sequence SRR12683168.430.1, skipping.
11-04 21:50 root         DEBUG    No ITS stop or start sites were identified for sequence SRR12683168.1665.1, skipping.
11-04 21:50 root         DEBUG    No ITS stop or start sites were identified for sequence SRR12683168.354.1, skipping.
11-04 21:50 root         DEBUG    No ITS stop or start sites were identified for sequence SRR12683168.1668.1, skipping.
11-04 21:50 root         DEBUG    No ITS stop or start sites were identified for sequence SRR12683168.29.1, skipping.
11-04 21:50 root         DEBUG    No ITS stop or start sites were identified for sequence SRR12683168.459.1, skipping.
11-04 21:50 root         DEBUG    No ITS stop or start sites were identified for sequence SRR12683168.51.1, skipping.
11-04 21:50 root         DEBUG    No ITS stop or start sites were identified for sequence SRR12683168.1682.1, skipping.
11-04 21:50 root         DEBUG    No ITS stop or start sites were identified for sequence SRR12683168.284.1, skipping.
11-04 21:50 root         DEBUG    No ITS stop or start sites were identified for sequence SRR12683168.29.1, skipping.
11-04 21:50 root         DEBUG    No ITS stop or start sites were identified for sequence SRR12683168.1687.1, skipping.
11-04 21:50 root         DEBUG    No ITS stop or start sites were identified for sequence SRR12683168.1696.1, skipping.
11-04 21:50 root         DEBUG    No ITS stop or start sites were identified for sequence SRR12683168.1699.1, skipping.
11-04 21:50 root         DEBUG    No ITS stop or start sites were identified for sequence SRR12683168.1702.1, skipping.
11-04 21:50 root         DEBUG    No ITS stop or start sites were identified for sequence SRR12683168.1703.1, skipping.
11-04 21:50 root         DEBUG    No ITS stop or start sites were identified for sequence SRR12683168.1707.1, skipping.
11-04 21:50 root         DEBUG    No ITS stop or start sites were identified for sequence SRR12683168.1711.1, skipping.
11-04 21:50 root         DEBUG    No ITS stop or start sites were identified for sequence SRR12683168.1712.1, skipping.
11-04 21:50 root         DEBUG    No ITS stop or start sites were identified for sequence SRR12683168.1713.1, skipping.
11-04 21:50 root         DEBUG    No ITS stop or start sites were identified for sequence SRR12683168.1715.1, skipping.
11-04 21:50 root         DEBUG    No ITS stop or start sites were identified for sequence SRR12683168.397.1, skipping.
11-04 21:50 root         DEBUG    No ITS stop or start sites were identified for sequence SRR12683168.1731.1, skipping.
11-04 21:50 root         DEBUG    No ITS stop or start sites were identified for sequence SRR12683168.1733.1, skipping.
11-04 21:50 root         DEBUG    No ITS stop or start sites were identified for sequence SRR12683168.1508.1, skipping.
11-04 21:50 root         DEBUG    No ITS stop or start sites were identified for sequence SRR12683168.51.1, skipping.
11-04 21:50 root         DEBUG    No ITS stop or start sites were identified for sequence SRR12683168.1743.1, skipping.
11-04 21:50 root         DEBUG    No ITS stop or start sites were identified for sequence SRR12683168.397.1, skipping.
11-04 21:50 root         DEBUG    No ITS stop or start sites were identified for sequence SRR12683168.1745.1, skipping.
11-04 21:50 root         DEBUG    No ITS stop or start sites were identified for sequence SRR12683168.1747.1, skipping.
11-04 21:50 root         DEBUG    No ITS stop or start sites were identified for sequence SRR12683168.51.1, skipping.
11-04 21:50 root         DEBUG    No ITS stop or start sites were identified for sequence SRR12683168.1753.1, skipping.
11-04 21:50 root         DEBUG    No ITS stop or start sites were identified for sequence SRR12683168.51.1, skipping.
11-04 21:50 root         DEBUG    No ITS stop or start sites were identified for sequence SRR12683168.927.1, skipping.
11-04 21:50 root         DEBUG    No ITS stop or start sites were identified for sequence SRR12683168.29.1, skipping.
11-04 21:50 root         DEBUG    No ITS stop or start sites were identified for sequence SRR12683168.125.1, skipping.
11-04 21:50 root         DEBUG    No ITS stop or start sites were identified for sequence SRR12683168.125.1, skipping.
11-04 21:50 root         DEBUG    No ITS stop or start sites were identified for sequence SRR12683168.125.1, skipping.
11-04 21:50 root         DEBUG    No ITS stop or start sites were identified for sequence SRR12683168.532.1, skipping.
11-04 21:50 root         DEBUG    No ITS stop or start sites were identified for sequence SRR12683168.1770.1, skipping.
11-04 21:50 root         DEBUG    No ITS stop or start sites were identified for sequence SRR12683168.1776.1, skipping.
11-04 21:50 root         DEBUG    No ITS stop or start sites were identified for sequence SRR12683168.1778.1, skipping.
11-04 21:50 root         DEBUG    No ITS stop or start sites were identified for sequence SRR12683168.29.1, skipping.
11-04 21:50 root         DEBUG    No ITS stop or start sites were identified for sequence SRR12683168.29.1, skipping.
11-04 21:50 root         DEBUG    No ITS stop or start sites were identified for sequence SRR12683168.1784.1, skipping.
11-04 21:50 root         DEBUG    No ITS stop or start sites were identified for sequence SRR12683168.51.1, skipping.
11-04 21:50 root         DEBUG    No ITS stop or start sites were identified for sequence SRR12683168.51.1, skipping.
11-04 21:50 root         DEBUG    No ITS stop or start sites were identified for sequence SRR12683168.51.1, skipping.
11-04 21:50 root         DEBUG    No ITS stop or start sites were identified for sequence SRR12683168.1808.1, skipping.
11-04 21:50 root         DEBUG    No ITS stop or start sites were identified for sequence SRR12683168.1809.1, skipping.
11-04 21:50 root         DEBUG    No ITS stop or start sites were identified for sequence SRR12683168.1814.1, skipping.
11-04 21:50 root         DEBUG    No ITS stop or start sites were identified for sequence SRR12683168.1815.1, skipping.
11-04 21:50 root         DEBUG    No ITS stop or start sites were identified for sequence SRR12683168.1818.1, skipping.
11-04 21:50 root         DEBUG    No ITS stop or start sites were identified for sequence SRR12683168.1820.1, skipping.
11-04 21:50 root         DEBUG    No ITS stop or start sites were identified for sequence SRR12683168.51.1, skipping.
11-04 21:50 root         DEBUG    No ITS stop or start sites were identified for sequence SRR12683168.1825.1, skipping.
11-04 21:50 root         DEBUG    No ITS stop or start sites were identified for sequence SRR12683168.29.1, skipping.
11-04 21:50 root         DEBUG    No ITS stop or start sites were identified for sequence SRR12683168.1832.1, skipping.
11-04 21:50 root         DEBUG    No ITS stop or start sites were identified for sequence SRR12683168.1833.1, skipping.
11-04 21:50 root         DEBUG    No ITS stop or start sites were identified for sequence SRR12683168.36.1, skipping.
11-04 21:50 root         DEBUG    No ITS stop or start sites were identified for sequence SRR12683168.641.1, skipping.
11-04 21:50 root         DEBUG    No ITS stop or start sites were identified for sequence SRR12683168.776.1, skipping.
11-04 21:50 root         DEBUG    No ITS stop or start sites were identified for sequence SRR12683168.51.1, skipping.
11-04 21:50 root         DEBUG    No ITS stop or start sites were identified for sequence SRR12683168.1841.1, skipping.
11-04 21:50 root         DEBUG    No ITS stop or start sites were identified for sequence SRR12683168.104.1, skipping.
11-04 21:50 root         DEBUG    No ITS stop or start sites were identified for sequence SRR12683168.1832.1, skipping.
11-04 21:50 root         DEBUG    No ITS stop or start sites were identified for sequence SRR12683168.317.1, skipping.
11-04 21:50 root         DEBUG    No ITS stop or start sites were identified for sequence SRR12683168.1855.1, skipping.
11-04 21:50 root         DEBUG    No ITS stop or start sites were identified for sequence SRR12683168.1856.1, skipping.
11-04 21:50 root         DEBUG    No ITS stop or start sites were identified for sequence SRR12683168.1857.1, skipping.
11-04 21:50 root         DEBUG    No ITS stop or start sites were identified for sequence SRR12683168.1858.1, skipping.
11-04 21:50 root         DEBUG    No ITS stop or start sites were identified for sequence SRR12683168.1867.1, skipping.
11-04 21:50 root         DEBUG    No ITS stop or start sites were identified for sequence SRR12683168.1508.1, skipping.
11-04 21:50 root         DEBUG    No ITS stop or start sites were identified for sequence SRR12683168.1871.1, skipping.
11-04 21:50 root         DEBUG    No ITS stop or start sites were identified for sequence SRR12683168.51.1, skipping.
11-04 21:50 root         DEBUG    No ITS stop or start sites were identified for sequence SRR12683168.1879.1, skipping.
11-04 21:50 root         DEBUG    No ITS stop or start sites were identified for sequence SRR12683168.51.1, skipping.
11-04 21:50 root         DEBUG    No ITS stop or start sites were identified for sequence SRR12683168.29.1, skipping.
11-04 21:50 root         DEBUG    No ITS stop or start sites were identified for sequence SRR12683168.1885.1, skipping.
11-04 21:50 root         DEBUG    No ITS stop or start sites were identified for sequence SRR12683168.51.1, skipping.
11-04 21:50 root         DEBUG    No ITS stop or start sites were identified for sequence SRR12683168.125.1, skipping.
11-04 21:50 root         DEBUG    No ITS stop or start sites were identified for sequence SRR12683168.51.1, skipping.
11-04 21:50 root         DEBUG    No ITS stop or start sites were identified for sequence SRR12683168.1891.1, skipping.
11-04 21:50 root         DEBUG    No ITS stop or start sites were identified for sequence SRR12683168.29.1, skipping.
11-04 21:50 root         DEBUG    No ITS stop or start sites were identified for sequence SRR12683168.1894.1, skipping.
11-04 21:50 root         DEBUG    No ITS stop or start sites were identified for sequence SRR12683168.1900.1, skipping.
11-04 21:50 root         DEBUG    No ITS stop or start sites were identified for sequence SRR12683168.1902.1, skipping.
11-04 21:50 root         DEBUG    No ITS stop or start sites were identified for sequence SRR12683168.51.1, skipping.
11-04 21:50 root         DEBUG    No ITS stop or start sites were identified for sequence SRR12683168.1908.1, skipping.
11-04 21:50 root         DEBUG    No ITS stop or start sites were identified for sequence SRR12683168.1909.1, skipping.
11-04 21:50 root         DEBUG    No ITS stop or start sites were identified for sequence SRR12683168.1914.1, skipping.
11-04 21:50 root         DEBUG    No ITS stop or start sites were identified for sequence SRR12683168.1915.1, skipping.
11-04 21:50 root         DEBUG    No ITS stop or start sites were identified for sequence SRR12683168.1916.1, skipping.
11-04 21:50 root         DEBUG    No ITS stop or start sites were identified for sequence SRR12683168.1920.1, skipping.
11-04 21:50 root         DEBUG    No ITS stop or start sites were identified for sequence SRR12683168.1924.1, skipping.
11-04 21:50 root         DEBUG    No ITS stop or start sites were identified for sequence SRR12683168.397.1, skipping.
11-04 21:50 root         DEBUG    No ITS stop or start sites were identified for sequence SRR12683168.1937.1, skipping.
11-04 21:50 root         DEBUG    No ITS stop or start sites were identified for sequence SRR12683168.51.1, skipping.
11-04 21:50 root         DEBUG    No ITS stop or start sites were identified for sequence SRR12683168.284.1, skipping.
11-04 21:50 root         DEBUG    No ITS stop or start sites were identified for sequence SRR12683168.1945.1, skipping.
11-04 21:50 root         DEBUG    No ITS stop or start sites were identified for sequence SRR12683168.1947.1, skipping.
11-04 21:50 root         DEBUG    No ITS stop or start sites were identified for sequence SRR12683168.1948.1, skipping.
11-04 21:50 root         DEBUG    No ITS stop or start sites were identified for sequence SRR12683168.1950.1, skipping.
11-04 21:50 root         DEBUG    No ITS stop or start sites were identified for sequence SRR12683168.1955.1, skipping.
11-04 21:50 root         DEBUG    No ITS stop or start sites were identified for sequence SRR12683168.51.1, skipping.
11-04 21:50 root         DEBUG    No ITS stop or start sites were identified for sequence SRR12683168.1958.1, skipping.
11-04 21:50 root         DEBUG    No ITS stop or start sites were identified for sequence SRR12683168.1961.1, skipping.
11-04 21:50 root         DEBUG    No ITS stop or start sites were identified for sequence SRR12683168.51.1, skipping.
11-04 21:50 root         DEBUG    No ITS stop or start sites were identified for sequence SRR12683168.1970.1, skipping.
11-04 21:50 root         DEBUG    No ITS stop or start sites were identified for sequence SRR12683168.1972.1, skipping.
11-04 21:50 root         DEBUG    No ITS stop or start sites were identified for sequence SRR12683168.1974.1, skipping.
11-04 21:50 root         DEBUG    No ITS stop or start sites were identified for sequence SRR12683168.1977.1, skipping.
11-04 21:50 root         DEBUG    No ITS stop or start sites were identified for sequence SRR12683168.1978.1, skipping.
11-04 21:50 root         DEBUG    No ITS stop or start sites were identified for sequence SRR12683168.1982.1, skipping.
11-04 21:50 root         DEBUG    No ITS stop or start sites were identified for sequence SRR12683168.1986.1, skipping.
11-04 21:50 root         DEBUG    No ITS stop or start sites were identified for sequence SRR12683168.998.1, skipping.
11-04 21:50 root         DEBUG    No ITS stop or start sites were identified for sequence SRR12683168.1992.1, skipping.
11-04 21:50 root         DEBUG    No ITS stop or start sites were identified for sequence SRR12683168.317.1, skipping.
11-04 21:50 root         DEBUG    No ITS stop or start sites were identified for sequence SRR12683168.29.1, skipping.
11-04 21:50 root         DEBUG    No ITS stop or start sites were identified for sequence SRR12683168.284.1, skipping.
11-04 21:50 root         DEBUG    No ITS stop or start sites were identified for sequence SRR12683168.51.1, skipping.
11-04 21:50 root         DEBUG    No ITS stop or start sites were identified for sequence SRR12683168.2011.1, skipping.
11-04 21:50 root         DEBUG    No ITS stop or start sites were identified for sequence SRR12683168.2012.1, skipping.
11-04 21:50 root         DEBUG    No ITS stop or start sites were identified for sequence SRR12683168.51.1, skipping.
11-04 21:50 root         INFO     ITSxpress ran in 00:00:15
