11-04 21:33 root         INFO     Verifying the input sequences.
11-04 21:33 root         INFO     Sequences are assumed to be single-end.
11-04 21:33 root         INFO     Temporary directory is: /tmp/itsxpress_tiuga9ke
11-04 21:33 root         INFO     Unique sequences are being written to a temporary FASTA file with Vsearch.
11-04 21:33 root         INFO     vsearch v2.7.1_linux_x86_64, 15.6GB RAM, 4 cores
https://github.com/torognes/vsearch

Reading file SRR12683118_pass_1.fastq.gz 100%
2115190 nt in 7130 seqs, min 35, max 301, avg 297
Dereplicating 100%
Sorting 100%
5470 unique sequences, avg cluster 1.3, median 1, max 550
Writing output file 100%
Writing uc file, first part 100%
Writing uc file, second part 100%

11-04 21:33 root         INFO     Searching for ITS start and stop sites using HMMSearch. This step takes a while.
11-04 21:34 root         INFO     Parsing HMM results.
11-04 21:34 root         INFO     Writing out sequences
11-04 21:34 root         DEBUG    No ITS stop or start sites were identified for sequence SRR12683118.27.1, skipping.
11-04 21:34 root         DEBUG    No ITS stop or start sites were identified for sequence SRR12683118.120.1, skipping.
11-04 21:34 root         DEBUG    No ITS stop or start sites were identified for sequence SRR12683118.165.1, skipping.
11-04 21:34 root         DEBUG    No ITS stop or start sites were identified for sequence SRR12683118.222.1, skipping.
11-04 21:34 root         DEBUG    No ITS stop or start sites were identified for sequence SRR12683118.267.1, skipping.
11-04 21:34 root         DEBUG    No ITS stop or start sites were identified for sequence SRR12683118.288.1, skipping.
11-04 21:34 root         DEBUG    No ITS stop or start sites were identified for sequence SRR12683118.323.1, skipping.
11-04 21:34 root         DEBUG    No ITS stop or start sites were identified for sequence SRR12683118.332.1, skipping.
11-04 21:34 root         DEBUG    No ITS stop or start sites were identified for sequence SRR12683118.407.1, skipping.
11-04 21:34 root         DEBUG    No ITS stop or start sites were identified for sequence SRR12683118.267.1, skipping.
11-04 21:34 root         DEBUG    No ITS stop or start sites were identified for sequence SRR12683118.470.1, skipping.
11-04 21:34 root         DEBUG    No ITS stop or start sites were identified for sequence SRR12683118.542.1, skipping.
11-04 21:34 root         DEBUG    No ITS stop or start sites were identified for sequence SRR12683118.566.1, skipping.
11-04 21:34 root         DEBUG    No ITS stop or start sites were identified for sequence SRR12683118.596.1, skipping.
11-04 21:34 root         DEBUG    No ITS stop or start sites were identified for sequence SRR12683118.641.1, skipping.
11-04 21:34 root         DEBUG    No ITS stop or start sites were identified for sequence SRR12683118.666.1, skipping.
11-04 21:34 root         DEBUG    No ITS stop or start sites were identified for sequence SRR12683118.705.1, skipping.
11-04 21:34 root         DEBUG    No ITS stop or start sites were identified for sequence SRR12683118.721.1, skipping.
11-04 21:34 root         DEBUG    No ITS stop or start sites were identified for sequence SRR12683118.267.1, skipping.
11-04 21:34 root         DEBUG    No ITS stop or start sites were identified for sequence SRR12683118.751.1, skipping.
11-04 21:34 root         DEBUG    No ITS stop or start sites were identified for sequence SRR12683118.766.1, skipping.
11-04 21:34 root         DEBUG    No ITS stop or start sites were identified for sequence SRR12683118.780.1, skipping.
11-04 21:34 root         DEBUG    No ITS stop or start sites were identified for sequence SRR12683118.875.1, skipping.
11-04 21:34 root         DEBUG    No ITS stop or start sites were identified for sequence SRR12683118.940.1, skipping.
11-04 21:34 root         DEBUG    No ITS stop or start sites were identified for sequence SRR12683118.952.1, skipping.
11-04 21:34 root         DEBUG    No ITS stop or start sites were identified for sequence SRR12683118.958.1, skipping.
11-04 21:34 root         DEBUG    No ITS stop or start sites were identified for sequence SRR12683118.977.1, skipping.
11-04 21:34 root         DEBUG    No ITS stop or start sites were identified for sequence SRR12683118.1024.1, skipping.
11-04 21:34 root         DEBUG    No ITS stop or start sites were identified for sequence SRR12683118.1075.1, skipping.
11-04 21:34 root         DEBUG    No ITS stop or start sites were identified for sequence SRR12683118.1081.1, skipping.
11-04 21:34 root         DEBUG    No ITS stop or start sites were identified for sequence SRR12683118.267.1, skipping.
11-04 21:34 root         DEBUG    No ITS stop or start sites were identified for sequence SRR12683118.1092.1, skipping.
11-04 21:34 root         DEBUG    No ITS stop or start sites were identified for sequence SRR12683118.1105.1, skipping.
11-04 21:34 root         DEBUG    No ITS stop or start sites were identified for sequence SRR12683118.1108.1, skipping.
11-04 21:34 root         DEBUG    No ITS stop or start sites were identified for sequence SRR12683118.751.1, skipping.
11-04 21:34 root         DEBUG    No ITS stop or start sites were identified for sequence SRR12683118.1139.1, skipping.
11-04 21:34 root         DEBUG    No ITS stop or start sites were identified for sequence SRR12683118.1151.1, skipping.
11-04 21:34 root         DEBUG    No ITS stop or start sites were identified for sequence SRR12683118.1165.1, skipping.
11-04 21:34 root         DEBUG    No ITS stop or start sites were identified for sequence SRR12683118.1166.1, skipping.
11-04 21:34 root         DEBUG    No ITS stop or start sites were identified for sequence SRR12683118.1177.1, skipping.
11-04 21:34 root         DEBUG    No ITS stop or start sites were identified for sequence SRR12683118.165.1, skipping.
11-04 21:34 root         DEBUG    No ITS stop or start sites were identified for sequence SRR12683118.1212.1, skipping.
11-04 21:34 root         DEBUG    No ITS stop or start sites were identified for sequence SRR12683118.1228.1, skipping.
11-04 21:34 root         DEBUG    No ITS stop or start sites were identified for sequence SRR12683118.1281.1, skipping.
11-04 21:34 root         DEBUG    No ITS stop or start sites were identified for sequence SRR12683118.1283.1, skipping.
11-04 21:34 root         DEBUG    No ITS stop or start sites were identified for sequence SRR12683118.1376.1, skipping.
11-04 21:34 root         DEBUG    No ITS stop or start sites were identified for sequence SRR12683118.1409.1, skipping.
11-04 21:34 root         DEBUG    No ITS stop or start sites were identified for sequence SRR12683118.1456.1, skipping.
11-04 21:34 root         DEBUG    No ITS stop or start sites were identified for sequence SRR12683118.1461.1, skipping.
11-04 21:34 root         DEBUG    No ITS stop or start sites were identified for sequence SRR12683118.1500.1, skipping.
11-04 21:34 root         DEBUG    No ITS stop or start sites were identified for sequence SRR12683118.1558.1, skipping.
11-04 21:34 root         DEBUG    No ITS stop or start sites were identified for sequence SRR12683118.666.1, skipping.
11-04 21:34 root         DEBUG    No ITS stop or start sites were identified for sequence SRR12683118.1624.1, skipping.
11-04 21:34 root         DEBUG    No ITS stop or start sites were identified for sequence SRR12683118.1664.1, skipping.
11-04 21:34 root         DEBUG    No ITS stop or start sites were identified for sequence SRR12683118.1671.1, skipping.
11-04 21:34 root         DEBUG    No ITS stop or start sites were identified for sequence SRR12683118.1673.1, skipping.
11-04 21:34 root         DEBUG    No ITS stop or start sites were identified for sequence SRR12683118.1675.1, skipping.
11-04 21:34 root         DEBUG    No ITS stop or start sites were identified for sequence SRR12683118.1693.1, skipping.
11-04 21:34 root         DEBUG    No ITS stop or start sites were identified for sequence SRR12683118.1728.1, skipping.
11-04 21:34 root         DEBUG    No ITS stop or start sites were identified for sequence SRR12683118.596.1, skipping.
11-04 21:34 root         DEBUG    No ITS stop or start sites were identified for sequence SRR12683118.1791.1, skipping.
11-04 21:34 root         DEBUG    No ITS stop or start sites were identified for sequence SRR12683118.1891.1, skipping.
11-04 21:34 root         DEBUG    No ITS stop or start sites were identified for sequence SRR12683118.1907.1, skipping.
11-04 21:34 root         DEBUG    No ITS stop or start sites were identified for sequence SRR12683118.1912.1, skipping.
11-04 21:34 root         DEBUG    No ITS stop or start sites were identified for sequence SRR12683118.1024.1, skipping.
11-04 21:34 root         DEBUG    No ITS stop or start sites were identified for sequence SRR12683118.1376.1, skipping.
11-04 21:34 root         DEBUG    No ITS stop or start sites were identified for sequence SRR12683118.267.1, skipping.
11-04 21:34 root         DEBUG    No ITS stop or start sites were identified for sequence SRR12683118.2074.1, skipping.
11-04 21:34 root         DEBUG    No ITS stop or start sites were identified for sequence SRR12683118.2177.1, skipping.
11-04 21:34 root         DEBUG    No ITS stop or start sites were identified for sequence SRR12683118.2220.1, skipping.
11-04 21:34 root         DEBUG    No ITS stop or start sites were identified for sequence SRR12683118.1165.1, skipping.
11-04 21:34 root         DEBUG    No ITS stop or start sites were identified for sequence SRR12683118.2276.1, skipping.
11-04 21:34 root         DEBUG    No ITS stop or start sites were identified for sequence SRR12683118.2277.1, skipping.
11-04 21:34 root         DEBUG    No ITS stop or start sites were identified for sequence SRR12683118.2323.1, skipping.
11-04 21:34 root         DEBUG    No ITS stop or start sites were identified for sequence SRR12683118.2430.1, skipping.
11-04 21:34 root         DEBUG    No ITS stop or start sites were identified for sequence SRR12683118.1024.1, skipping.
11-04 21:34 root         DEBUG    No ITS stop or start sites were identified for sequence SRR12683118.2535.1, skipping.
11-04 21:34 root         DEBUG    No ITS stop or start sites were identified for sequence SRR12683118.267.1, skipping.
11-04 21:34 root         DEBUG    No ITS stop or start sites were identified for sequence SRR12683118.2628.1, skipping.
11-04 21:34 root         DEBUG    No ITS stop or start sites were identified for sequence SRR12683118.2643.1, skipping.
11-04 21:34 root         DEBUG    No ITS stop or start sites were identified for sequence SRR12683118.2674.1, skipping.
11-04 21:34 root         DEBUG    No ITS stop or start sites were identified for sequence SRR12683118.2430.1, skipping.
11-04 21:34 root         DEBUG    No ITS stop or start sites were identified for sequence SRR12683118.2741.1, skipping.
11-04 21:34 root         DEBUG    No ITS stop or start sites were identified for sequence SRR12683118.267.1, skipping.
11-04 21:34 root         DEBUG    No ITS stop or start sites were identified for sequence SRR12683118.2430.1, skipping.
11-04 21:34 root         DEBUG    No ITS stop or start sites were identified for sequence SRR12683118.2797.1, skipping.
11-04 21:34 root         DEBUG    No ITS stop or start sites were identified for sequence SRR12683118.2829.1, skipping.
11-04 21:34 root         DEBUG    No ITS stop or start sites were identified for sequence SRR12683118.2860.1, skipping.
11-04 21:34 root         DEBUG    No ITS stop or start sites were identified for sequence SRR12683118.2909.1, skipping.
11-04 21:34 root         DEBUG    No ITS stop or start sites were identified for sequence SRR12683118.3068.1, skipping.
11-04 21:34 root         DEBUG    No ITS stop or start sites were identified for sequence SRR12683118.3085.1, skipping.
11-04 21:34 root         DEBUG    No ITS stop or start sites were identified for sequence SRR12683118.3119.1, skipping.
11-04 21:34 root         DEBUG    No ITS stop or start sites were identified for sequence SRR12683118.3190.1, skipping.
11-04 21:34 root         DEBUG    No ITS stop or start sites were identified for sequence SRR12683118.3221.1, skipping.
11-04 21:34 root         DEBUG    No ITS stop or start sites were identified for sequence SRR12683118.3232.1, skipping.
11-04 21:34 root         DEBUG    No ITS stop or start sites were identified for sequence SRR12683118.3246.1, skipping.
11-04 21:34 root         DEBUG    No ITS stop or start sites were identified for sequence SRR12683118.3256.1, skipping.
11-04 21:34 root         DEBUG    No ITS stop or start sites were identified for sequence SRR12683118.3246.1, skipping.
11-04 21:34 root         DEBUG    No ITS stop or start sites were identified for sequence SRR12683118.3294.1, skipping.
11-04 21:34 root         DEBUG    No ITS stop or start sites were identified for sequence SRR12683118.3411.1, skipping.
11-04 21:34 root         DEBUG    No ITS stop or start sites were identified for sequence SRR12683118.3246.1, skipping.
11-04 21:34 root         DEBUG    No ITS stop or start sites were identified for sequence SRR12683118.3427.1, skipping.
11-04 21:34 root         DEBUG    No ITS stop or start sites were identified for sequence SRR12683118.267.1, skipping.
11-04 21:34 root         DEBUG    No ITS stop or start sites were identified for sequence SRR12683118.3447.1, skipping.
11-04 21:34 root         DEBUG    No ITS stop or start sites were identified for sequence SRR12683118.3483.1, skipping.
11-04 21:34 root         DEBUG    No ITS stop or start sites were identified for sequence SRR12683118.3447.1, skipping.
11-04 21:34 root         DEBUG    No ITS stop or start sites were identified for sequence SRR12683118.3509.1, skipping.
11-04 21:34 root         DEBUG    No ITS stop or start sites were identified for sequence SRR12683118.3516.1, skipping.
11-04 21:34 root         DEBUG    No ITS stop or start sites were identified for sequence SRR12683118.3573.1, skipping.
11-04 21:34 root         DEBUG    No ITS stop or start sites were identified for sequence SRR12683118.3585.1, skipping.
11-04 21:34 root         DEBUG    No ITS stop or start sites were identified for sequence SRR12683118.3650.1, skipping.
11-04 21:34 root         DEBUG    No ITS stop or start sites were identified for sequence SRR12683118.3664.1, skipping.
11-04 21:34 root         DEBUG    No ITS stop or start sites were identified for sequence SRR12683118.3707.1, skipping.
11-04 21:34 root         DEBUG    No ITS stop or start sites were identified for sequence SRR12683118.3246.1, skipping.
11-04 21:34 root         DEBUG    No ITS stop or start sites were identified for sequence SRR12683118.3781.1, skipping.
11-04 21:34 root         DEBUG    No ITS stop or start sites were identified for sequence SRR12683118.3796.1, skipping.
11-04 21:34 root         DEBUG    No ITS stop or start sites were identified for sequence SRR12683118.470.1, skipping.
11-04 21:34 root         DEBUG    No ITS stop or start sites were identified for sequence SRR12683118.3835.1, skipping.
11-04 21:34 root         DEBUG    No ITS stop or start sites were identified for sequence SRR12683118.1024.1, skipping.
11-04 21:34 root         DEBUG    No ITS stop or start sites were identified for sequence SRR12683118.3856.1, skipping.
11-04 21:34 root         DEBUG    No ITS stop or start sites were identified for sequence SRR12683118.2643.1, skipping.
11-04 21:34 root         DEBUG    No ITS stop or start sites were identified for sequence SRR12683118.3997.1, skipping.
11-04 21:34 root         DEBUG    No ITS stop or start sites were identified for sequence SRR12683118.3509.1, skipping.
11-04 21:34 root         DEBUG    No ITS stop or start sites were identified for sequence SRR12683118.4031.1, skipping.
11-04 21:34 root         DEBUG    No ITS stop or start sites were identified for sequence SRR12683118.4084.1, skipping.
11-04 21:34 root         DEBUG    No ITS stop or start sites were identified for sequence SRR12683118.4094.1, skipping.
11-04 21:34 root         DEBUG    No ITS stop or start sites were identified for sequence SRR12683118.4111.1, skipping.
11-04 21:34 root         DEBUG    No ITS stop or start sites were identified for sequence SRR12683118.1139.1, skipping.
11-04 21:34 root         DEBUG    No ITS stop or start sites were identified for sequence SRR12683118.4157.1, skipping.
11-04 21:34 root         DEBUG    No ITS stop or start sites were identified for sequence SRR12683118.4213.1, skipping.
11-04 21:34 root         DEBUG    No ITS stop or start sites were identified for sequence SRR12683118.165.1, skipping.
11-04 21:34 root         DEBUG    No ITS stop or start sites were identified for sequence SRR12683118.3119.1, skipping.
11-04 21:34 root         DEBUG    No ITS stop or start sites were identified for sequence SRR12683118.4330.1, skipping.
11-04 21:34 root         DEBUG    No ITS stop or start sites were identified for sequence SRR12683118.4380.1, skipping.
11-04 21:34 root         DEBUG    No ITS stop or start sites were identified for sequence SRR12683118.3119.1, skipping.
11-04 21:34 root         DEBUG    No ITS stop or start sites were identified for sequence SRR12683118.4479.1, skipping.
11-04 21:34 root         DEBUG    No ITS stop or start sites were identified for sequence SRR12683118.4596.1, skipping.
11-04 21:34 root         DEBUG    No ITS stop or start sites were identified for sequence SRR12683118.4634.1, skipping.
11-04 21:34 root         DEBUG    No ITS stop or start sites were identified for sequence SRR12683118.4635.1, skipping.
11-04 21:34 root         DEBUG    No ITS stop or start sites were identified for sequence SRR12683118.4652.1, skipping.
11-04 21:34 root         DEBUG    No ITS stop or start sites were identified for sequence SRR12683118.4658.1, skipping.
11-04 21:34 root         DEBUG    No ITS stop or start sites were identified for sequence SRR12683118.4700.1, skipping.
11-04 21:34 root         DEBUG    No ITS stop or start sites were identified for sequence SRR12683118.4751.1, skipping.
11-04 21:34 root         DEBUG    No ITS stop or start sites were identified for sequence SRR12683118.4790.1, skipping.
11-04 21:34 root         DEBUG    No ITS stop or start sites were identified for sequence SRR12683118.470.1, skipping.
11-04 21:34 root         DEBUG    No ITS stop or start sites were identified for sequence SRR12683118.4802.1, skipping.
11-04 21:34 root         DEBUG    No ITS stop or start sites were identified for sequence SRR12683118.4821.1, skipping.
11-04 21:34 root         DEBUG    No ITS stop or start sites were identified for sequence SRR12683118.4829.1, skipping.
11-04 21:34 root         DEBUG    No ITS stop or start sites were identified for sequence SRR12683118.4841.1, skipping.
11-04 21:34 root         DEBUG    No ITS stop or start sites were identified for sequence SRR12683118.4893.1, skipping.
11-04 21:34 root         DEBUG    No ITS stop or start sites were identified for sequence SRR12683118.4896.1, skipping.
11-04 21:34 root         DEBUG    No ITS stop or start sites were identified for sequence SRR12683118.4940.1, skipping.
11-04 21:34 root         DEBUG    No ITS stop or start sites were identified for sequence SRR12683118.4968.1, skipping.
11-04 21:34 root         DEBUG    No ITS stop or start sites were identified for sequence SRR12683118.5046.1, skipping.
11-04 21:34 root         DEBUG    No ITS stop or start sites were identified for sequence SRR12683118.5052.1, skipping.
11-04 21:34 root         DEBUG    No ITS stop or start sites were identified for sequence SRR12683118.5060.1, skipping.
11-04 21:34 root         DEBUG    No ITS stop or start sites were identified for sequence SRR12683118.5062.1, skipping.
11-04 21:34 root         DEBUG    No ITS stop or start sites were identified for sequence SRR12683118.5093.1, skipping.
11-04 21:34 root         DEBUG    No ITS stop or start sites were identified for sequence SRR12683118.5112.1, skipping.
11-04 21:34 root         DEBUG    No ITS stop or start sites were identified for sequence SRR12683118.5142.1, skipping.
11-04 21:34 root         DEBUG    No ITS stop or start sites were identified for sequence SRR12683118.5158.1, skipping.
11-04 21:34 root         DEBUG    No ITS stop or start sites were identified for sequence SRR12683118.5193.1, skipping.
11-04 21:34 root         DEBUG    No ITS stop or start sites were identified for sequence SRR12683118.5244.1, skipping.
11-04 21:34 root         DEBUG    No ITS stop or start sites were identified for sequence SRR12683118.5291.1, skipping.
11-04 21:34 root         DEBUG    No ITS stop or start sites were identified for sequence SRR12683118.3246.1, skipping.
11-04 21:34 root         DEBUG    No ITS stop or start sites were identified for sequence SRR12683118.5387.1, skipping.
11-04 21:34 root         DEBUG    No ITS stop or start sites were identified for sequence SRR12683118.5468.1, skipping.
11-04 21:34 root         DEBUG    No ITS stop or start sites were identified for sequence SRR12683118.5651.1, skipping.
11-04 21:34 root         DEBUG    No ITS stop or start sites were identified for sequence SRR12683118.3246.1, skipping.
11-04 21:34 root         DEBUG    No ITS stop or start sites were identified for sequence SRR12683118.1558.1, skipping.
11-04 21:34 root         DEBUG    No ITS stop or start sites were identified for sequence SRR12683118.1165.1, skipping.
11-04 21:34 root         DEBUG    No ITS stop or start sites were identified for sequence SRR12683118.5754.1, skipping.
11-04 21:34 root         DEBUG    No ITS stop or start sites were identified for sequence SRR12683118.5845.1, skipping.
11-04 21:34 root         DEBUG    No ITS stop or start sites were identified for sequence SRR12683118.222.1, skipping.
11-04 21:34 root         DEBUG    No ITS stop or start sites were identified for sequence SRR12683118.5869.1, skipping.
11-04 21:34 root         DEBUG    No ITS stop or start sites were identified for sequence SRR12683118.5968.1, skipping.
11-04 21:34 root         DEBUG    No ITS stop or start sites were identified for sequence SRR12683118.1024.1, skipping.
11-04 21:34 root         DEBUG    No ITS stop or start sites were identified for sequence SRR12683118.6111.1, skipping.
11-04 21:34 root         DEBUG    No ITS stop or start sites were identified for sequence SRR12683118.5754.1, skipping.
11-04 21:34 root         DEBUG    No ITS stop or start sites were identified for sequence SRR12683118.6252.1, skipping.
11-04 21:34 root         DEBUG    No ITS stop or start sites were identified for sequence SRR12683118.6265.1, skipping.
11-04 21:34 root         DEBUG    No ITS stop or start sites were identified for sequence SRR12683118.6380.1, skipping.
11-04 21:34 root         DEBUG    No ITS stop or start sites were identified for sequence SRR12683118.6387.1, skipping.
11-04 21:34 root         DEBUG    No ITS stop or start sites were identified for sequence SRR12683118.6527.1, skipping.
11-04 21:34 root         DEBUG    No ITS stop or start sites were identified for sequence SRR12683118.6647.1, skipping.
11-04 21:34 root         DEBUG    No ITS stop or start sites were identified for sequence SRR12683118.6701.1, skipping.
11-04 21:34 root         DEBUG    No ITS stop or start sites were identified for sequence SRR12683118.6705.1, skipping.
11-04 21:34 root         DEBUG    No ITS stop or start sites were identified for sequence SRR12683118.1024.1, skipping.
11-04 21:34 root         DEBUG    No ITS stop or start sites were identified for sequence SRR12683118.3781.1, skipping.
11-04 21:34 root         DEBUG    No ITS stop or start sites were identified for sequence SRR12683118.6774.1, skipping.
11-04 21:34 root         DEBUG    No ITS stop or start sites were identified for sequence SRR12683118.766.1, skipping.
11-04 21:34 root         DEBUG    No ITS stop or start sites were identified for sequence SRR12683118.6863.1, skipping.
11-04 21:34 root         DEBUG    No ITS stop or start sites were identified for sequence SRR12683118.6871.1, skipping.
11-04 21:34 root         DEBUG    No ITS stop or start sites were identified for sequence SRR12683118.6912.1, skipping.
11-04 21:34 root         DEBUG    No ITS stop or start sites were identified for sequence SRR12683118.2430.1, skipping.
11-04 21:34 root         DEBUG    No ITS stop or start sites were identified for sequence SRR12683118.7010.1, skipping.
11-04 21:34 root         DEBUG    No ITS stop or start sites were identified for sequence SRR12683118.1376.1, skipping.
11-04 21:34 root         DEBUG    No ITS stop or start sites were identified for sequence SRR12683118.7111.1, skipping.
11-04 21:34 root         INFO     ITSxpress ran in 00:00:55
