11-04 21:50 root         INFO     Verifying the input sequences.
11-04 21:50 root         INFO     Sequences are assumed to be single-end.
11-04 21:50 root         INFO     Temporary directory is: /tmp/itsxpress_dr1fqrr1
11-04 21:50 root         INFO     Unique sequences are being written to a temporary FASTA file with Vsearch.
11-04 21:50 root         INFO     vsearch v2.7.1_linux_x86_64, 15.6GB RAM, 4 cores
https://github.com/torognes/vsearch

Reading file SRR12683169_pass_1.fastq.gz 100%
357188 nt in 1427 seqs, min 35, max 301, avg 250
Dereplicating 100%
Sorting 100%
995 unique sequences, avg cluster 1.4, median 1, max 122
Writing output file 100%
Writing uc file, first part 100%
Writing uc file, second part 100%

11-04 21:50 root         INFO     Searching for ITS start and stop sites using HMMSearch. This step takes a while.
11-04 21:51 root         INFO     Parsing HMM results.
11-04 21:51 root         INFO     Writing out sequences
11-04 21:51 root         DEBUG    No ITS stop or start sites were identified for sequence SRR12683169.4.1, skipping.
11-04 21:51 root         DEBUG    No ITS stop or start sites were identified for sequence SRR12683169.5.1, skipping.
11-04 21:51 root         DEBUG    No ITS stop or start sites were identified for sequence SRR12683169.20.1, skipping.
11-04 21:51 root         DEBUG    No ITS stop or start sites were identified for sequence SRR12683169.22.1, skipping.
11-04 21:51 root         DEBUG    No ITS stop or start sites were identified for sequence SRR12683169.23.1, skipping.
11-04 21:51 root         DEBUG    No ITS stop or start sites were identified for sequence SRR12683169.29.1, skipping.
11-04 21:51 root         DEBUG    No ITS stop or start sites were identified for sequence SRR12683169.30.1, skipping.
11-04 21:51 root         DEBUG    No ITS stop or start sites were identified for sequence SRR12683169.37.1, skipping.
11-04 21:51 root         DEBUG    No ITS stop or start sites were identified for sequence SRR12683169.41.1, skipping.
11-04 21:51 root         DEBUG    No ITS stop or start sites were identified for sequence SRR12683169.42.1, skipping.
11-04 21:51 root         DEBUG    No ITS stop or start sites were identified for sequence SRR12683169.44.1, skipping.
11-04 21:51 root         DEBUG    No ITS stop or start sites were identified for sequence SRR12683169.22.1, skipping.
11-04 21:51 root         DEBUG    No ITS stop or start sites were identified for sequence SRR12683169.55.1, skipping.
11-04 21:51 root         DEBUG    No ITS stop or start sites were identified for sequence SRR12683169.41.1, skipping.
11-04 21:51 root         DEBUG    No ITS stop or start sites were identified for sequence SRR12683169.58.1, skipping.
11-04 21:51 root         DEBUG    No ITS stop or start sites were identified for sequence SRR12683169.55.1, skipping.
11-04 21:51 root         DEBUG    No ITS stop or start sites were identified for sequence SRR12683169.73.1, skipping.
11-04 21:51 root         DEBUG    No ITS stop or start sites were identified for sequence SRR12683169.74.1, skipping.
11-04 21:51 root         DEBUG    No ITS stop or start sites were identified for sequence SRR12683169.76.1, skipping.
11-04 21:51 root         DEBUG    No ITS stop or start sites were identified for sequence SRR12683169.29.1, skipping.
11-04 21:51 root         DEBUG    No ITS stop or start sites were identified for sequence SRR12683169.22.1, skipping.
11-04 21:51 root         DEBUG    No ITS stop or start sites were identified for sequence SRR12683169.90.1, skipping.
11-04 21:51 root         DEBUG    No ITS stop or start sites were identified for sequence SRR12683169.29.1, skipping.
11-04 21:51 root         DEBUG    No ITS stop or start sites were identified for sequence SRR12683169.29.1, skipping.
11-04 21:51 root         DEBUG    No ITS stop or start sites were identified for sequence SRR12683169.29.1, skipping.
11-04 21:51 root         DEBUG    No ITS stop or start sites were identified for sequence SRR12683169.111.1, skipping.
11-04 21:51 root         DEBUG    No ITS stop or start sites were identified for sequence SRR12683169.29.1, skipping.
11-04 21:51 root         DEBUG    No ITS stop or start sites were identified for sequence SRR12683169.29.1, skipping.
11-04 21:51 root         DEBUG    No ITS stop or start sites were identified for sequence SRR12683169.22.1, skipping.
11-04 21:51 root         DEBUG    No ITS stop or start sites were identified for sequence SRR12683169.119.1, skipping.
11-04 21:51 root         DEBUG    No ITS stop or start sites were identified for sequence SRR12683169.22.1, skipping.
11-04 21:51 root         DEBUG    No ITS stop or start sites were identified for sequence SRR12683169.22.1, skipping.
11-04 21:51 root         DEBUG    No ITS stop or start sites were identified for sequence SRR12683169.29.1, skipping.
11-04 21:51 root         DEBUG    No ITS stop or start sites were identified for sequence SRR12683169.55.1, skipping.
11-04 21:51 root         DEBUG    No ITS stop or start sites were identified for sequence SRR12683169.22.1, skipping.
11-04 21:51 root         DEBUG    No ITS stop or start sites were identified for sequence SRR12683169.141.1, skipping.
11-04 21:51 root         DEBUG    No ITS stop or start sites were identified for sequence SRR12683169.29.1, skipping.
11-04 21:51 root         DEBUG    No ITS stop or start sites were identified for sequence SRR12683169.147.1, skipping.
11-04 21:51 root         DEBUG    No ITS stop or start sites were identified for sequence SRR12683169.22.1, skipping.
11-04 21:51 root         DEBUG    No ITS stop or start sites were identified for sequence SRR12683169.23.1, skipping.
11-04 21:51 root         DEBUG    No ITS stop or start sites were identified for sequence SRR12683169.22.1, skipping.
11-04 21:51 root         DEBUG    No ITS stop or start sites were identified for sequence SRR12683169.22.1, skipping.
11-04 21:51 root         DEBUG    No ITS stop or start sites were identified for sequence SRR12683169.166.1, skipping.
11-04 21:51 root         DEBUG    No ITS stop or start sites were identified for sequence SRR12683169.167.1, skipping.
11-04 21:51 root         DEBUG    No ITS stop or start sites were identified for sequence SRR12683169.167.1, skipping.
11-04 21:51 root         DEBUG    No ITS stop or start sites were identified for sequence SRR12683169.170.1, skipping.
11-04 21:51 root         DEBUG    No ITS stop or start sites were identified for sequence SRR12683169.172.1, skipping.
11-04 21:51 root         DEBUG    No ITS stop or start sites were identified for sequence SRR12683169.173.1, skipping.
11-04 21:51 root         DEBUG    No ITS stop or start sites were identified for sequence SRR12683169.174.1, skipping.
11-04 21:51 root         DEBUG    No ITS stop or start sites were identified for sequence SRR12683169.176.1, skipping.
11-04 21:51 root         DEBUG    No ITS stop or start sites were identified for sequence SRR12683169.22.1, skipping.
11-04 21:51 root         DEBUG    No ITS stop or start sites were identified for sequence SRR12683169.183.1, skipping.
11-04 21:51 root         DEBUG    No ITS stop or start sites were identified for sequence SRR12683169.22.1, skipping.
11-04 21:51 root         DEBUG    No ITS stop or start sites were identified for sequence SRR12683169.29.1, skipping.
11-04 21:51 root         DEBUG    No ITS stop or start sites were identified for sequence SRR12683169.200.1, skipping.
11-04 21:51 root         DEBUG    No ITS stop or start sites were identified for sequence SRR12683169.224.1, skipping.
11-04 21:51 root         DEBUG    No ITS stop or start sites were identified for sequence SRR12683169.227.1, skipping.
11-04 21:51 root         DEBUG    No ITS stop or start sites were identified for sequence SRR12683169.231.1, skipping.
11-04 21:51 root         DEBUG    No ITS stop or start sites were identified for sequence SRR12683169.20.1, skipping.
11-04 21:51 root         DEBUG    No ITS stop or start sites were identified for sequence SRR12683169.29.1, skipping.
11-04 21:51 root         DEBUG    No ITS stop or start sites were identified for sequence SRR12683169.22.1, skipping.
11-04 21:51 root         DEBUG    No ITS stop or start sites were identified for sequence SRR12683169.22.1, skipping.
11-04 21:51 root         DEBUG    No ITS stop or start sites were identified for sequence SRR12683169.22.1, skipping.
11-04 21:51 root         DEBUG    No ITS stop or start sites were identified for sequence SRR12683169.243.1, skipping.
11-04 21:51 root         DEBUG    No ITS stop or start sites were identified for sequence SRR12683169.29.1, skipping.
11-04 21:51 root         DEBUG    No ITS stop or start sites were identified for sequence SRR12683169.29.1, skipping.
11-04 21:51 root         DEBUG    No ITS stop or start sites were identified for sequence SRR12683169.167.1, skipping.
11-04 21:51 root         DEBUG    No ITS stop or start sites were identified for sequence SRR12683169.22.1, skipping.
11-04 21:51 root         DEBUG    No ITS stop or start sites were identified for sequence SRR12683169.272.1, skipping.
11-04 21:51 root         DEBUG    No ITS stop or start sites were identified for sequence SRR12683169.170.1, skipping.
11-04 21:51 root         DEBUG    No ITS stop or start sites were identified for sequence SRR12683169.55.1, skipping.
11-04 21:51 root         DEBUG    No ITS stop or start sites were identified for sequence SRR12683169.277.1, skipping.
11-04 21:51 root         DEBUG    No ITS stop or start sites were identified for sequence SRR12683169.183.1, skipping.
11-04 21:51 root         DEBUG    No ITS stop or start sites were identified for sequence SRR12683169.231.1, skipping.
11-04 21:51 root         DEBUG    No ITS stop or start sites were identified for sequence SRR12683169.22.1, skipping.
11-04 21:51 root         DEBUG    No ITS stop or start sites were identified for sequence SRR12683169.301.1, skipping.
11-04 21:51 root         DEBUG    No ITS stop or start sites were identified for sequence SRR12683169.308.1, skipping.
11-04 21:51 root         DEBUG    No ITS stop or start sites were identified for sequence SRR12683169.22.1, skipping.
11-04 21:51 root         DEBUG    No ITS stop or start sites were identified for sequence SRR12683169.227.1, skipping.
11-04 21:51 root         DEBUG    No ITS stop or start sites were identified for sequence SRR12683169.316.1, skipping.
11-04 21:51 root         DEBUG    No ITS stop or start sites were identified for sequence SRR12683169.22.1, skipping.
11-04 21:51 root         DEBUG    No ITS stop or start sites were identified for sequence SRR12683169.334.1, skipping.
11-04 21:51 root         DEBUG    No ITS stop or start sites were identified for sequence SRR12683169.22.1, skipping.
11-04 21:51 root         DEBUG    No ITS stop or start sites were identified for sequence SRR12683169.167.1, skipping.
11-04 21:51 root         DEBUG    No ITS stop or start sites were identified for sequence SRR12683169.347.1, skipping.
11-04 21:51 root         DEBUG    No ITS stop or start sites were identified for sequence SRR12683169.348.1, skipping.
11-04 21:51 root         DEBUG    No ITS stop or start sites were identified for sequence SRR12683169.350.1, skipping.
11-04 21:51 root         DEBUG    No ITS stop or start sites were identified for sequence SRR12683169.356.1, skipping.
11-04 21:51 root         DEBUG    No ITS stop or start sites were identified for sequence SRR12683169.231.1, skipping.
11-04 21:51 root         DEBUG    No ITS stop or start sites were identified for sequence SRR12683169.360.1, skipping.
11-04 21:51 root         DEBUG    No ITS stop or start sites were identified for sequence SRR12683169.277.1, skipping.
11-04 21:51 root         DEBUG    No ITS stop or start sites were identified for sequence SRR12683169.277.1, skipping.
11-04 21:51 root         DEBUG    No ITS stop or start sites were identified for sequence SRR12683169.391.1, skipping.
11-04 21:51 root         DEBUG    No ITS stop or start sites were identified for sequence SRR12683169.401.1, skipping.
11-04 21:51 root         DEBUG    No ITS stop or start sites were identified for sequence SRR12683169.22.1, skipping.
11-04 21:51 root         DEBUG    No ITS stop or start sites were identified for sequence SRR12683169.22.1, skipping.
11-04 21:51 root         DEBUG    No ITS stop or start sites were identified for sequence SRR12683169.422.1, skipping.
11-04 21:51 root         DEBUG    No ITS stop or start sites were identified for sequence SRR12683169.423.1, skipping.
11-04 21:51 root         DEBUG    No ITS stop or start sites were identified for sequence SRR12683169.22.1, skipping.
11-04 21:51 root         DEBUG    No ITS stop or start sites were identified for sequence SRR12683169.167.1, skipping.
11-04 21:51 root         DEBUG    No ITS stop or start sites were identified for sequence SRR12683169.141.1, skipping.
11-04 21:51 root         DEBUG    No ITS stop or start sites were identified for sequence SRR12683169.450.1, skipping.
11-04 21:51 root         DEBUG    No ITS stop or start sites were identified for sequence SRR12683169.58.1, skipping.
11-04 21:51 root         DEBUG    No ITS stop or start sites were identified for sequence SRR12683169.231.1, skipping.
11-04 21:51 root         DEBUG    No ITS stop or start sites were identified for sequence SRR12683169.456.1, skipping.
11-04 21:51 root         DEBUG    No ITS stop or start sites were identified for sequence SRR12683169.461.1, skipping.
11-04 21:51 root         DEBUG    No ITS stop or start sites were identified for sequence SRR12683169.464.1, skipping.
11-04 21:51 root         DEBUG    No ITS stop or start sites were identified for sequence SRR12683169.466.1, skipping.
11-04 21:51 root         DEBUG    No ITS stop or start sites were identified for sequence SRR12683169.170.1, skipping.
11-04 21:51 root         DEBUG    No ITS stop or start sites were identified for sequence SRR12683169.22.1, skipping.
11-04 21:51 root         DEBUG    No ITS stop or start sites were identified for sequence SRR12683169.480.1, skipping.
11-04 21:51 root         DEBUG    No ITS stop or start sites were identified for sequence SRR12683169.22.1, skipping.
11-04 21:51 root         DEBUG    No ITS stop or start sites were identified for sequence SRR12683169.486.1, skipping.
11-04 21:51 root         DEBUG    No ITS stop or start sites were identified for sequence SRR12683169.111.1, skipping.
11-04 21:51 root         DEBUG    No ITS stop or start sites were identified for sequence SRR12683169.147.1, skipping.
11-04 21:51 root         DEBUG    No ITS stop or start sites were identified for sequence SRR12683169.29.1, skipping.
11-04 21:51 root         DEBUG    No ITS stop or start sites were identified for sequence SRR12683169.497.1, skipping.
11-04 21:51 root         DEBUG    No ITS stop or start sites were identified for sequence SRR12683169.22.1, skipping.
11-04 21:51 root         DEBUG    No ITS stop or start sites were identified for sequence SRR12683169.41.1, skipping.
11-04 21:51 root         DEBUG    No ITS stop or start sites were identified for sequence SRR12683169.141.1, skipping.
11-04 21:51 root         DEBUG    No ITS stop or start sites were identified for sequence SRR12683169.22.1, skipping.
11-04 21:51 root         DEBUG    No ITS stop or start sites were identified for sequence SRR12683169.518.1, skipping.
11-04 21:51 root         DEBUG    No ITS stop or start sites were identified for sequence SRR12683169.172.1, skipping.
11-04 21:51 root         DEBUG    No ITS stop or start sites were identified for sequence SRR12683169.526.1, skipping.
11-04 21:51 root         DEBUG    No ITS stop or start sites were identified for sequence SRR12683169.22.1, skipping.
11-04 21:51 root         DEBUG    No ITS stop or start sites were identified for sequence SRR12683169.347.1, skipping.
11-04 21:51 root         DEBUG    No ITS stop or start sites were identified for sequence SRR12683169.538.1, skipping.
11-04 21:51 root         DEBUG    No ITS stop or start sites were identified for sequence SRR12683169.167.1, skipping.
11-04 21:51 root         DEBUG    No ITS stop or start sites were identified for sequence SRR12683169.540.1, skipping.
11-04 21:51 root         DEBUG    No ITS stop or start sites were identified for sequence SRR12683169.29.1, skipping.
11-04 21:51 root         DEBUG    No ITS stop or start sites were identified for sequence SRR12683169.546.1, skipping.
11-04 21:51 root         DEBUG    No ITS stop or start sites were identified for sequence SRR12683169.556.1, skipping.
11-04 21:51 root         DEBUG    No ITS stop or start sites were identified for sequence SRR12683169.567.1, skipping.
11-04 21:51 root         DEBUG    No ITS stop or start sites were identified for sequence SRR12683169.480.1, skipping.
11-04 21:51 root         DEBUG    No ITS stop or start sites were identified for sequence SRR12683169.569.1, skipping.
11-04 21:51 root         DEBUG    No ITS stop or start sites were identified for sequence SRR12683169.29.1, skipping.
11-04 21:51 root         DEBUG    No ITS stop or start sites were identified for sequence SRR12683169.22.1, skipping.
11-04 21:51 root         DEBUG    No ITS stop or start sites were identified for sequence SRR12683169.167.1, skipping.
11-04 21:51 root         DEBUG    No ITS stop or start sites were identified for sequence SRR12683169.588.1, skipping.
11-04 21:51 root         DEBUG    No ITS stop or start sites were identified for sequence SRR12683169.22.1, skipping.
11-04 21:51 root         DEBUG    No ITS stop or start sites were identified for sequence SRR12683169.167.1, skipping.
11-04 21:51 root         DEBUG    No ITS stop or start sites were identified for sequence SRR12683169.29.1, skipping.
11-04 21:51 root         DEBUG    No ITS stop or start sites were identified for sequence SRR12683169.602.1, skipping.
11-04 21:51 root         DEBUG    No ITS stop or start sites were identified for sequence SRR12683169.540.1, skipping.
11-04 21:51 root         DEBUG    No ITS stop or start sites were identified for sequence SRR12683169.22.1, skipping.
11-04 21:51 root         DEBUG    No ITS stop or start sites were identified for sequence SRR12683169.612.1, skipping.
11-04 21:51 root         DEBUG    No ITS stop or start sites were identified for sequence SRR12683169.614.1, skipping.
11-04 21:51 root         DEBUG    No ITS stop or start sites were identified for sequence SRR12683169.616.1, skipping.
11-04 21:51 root         DEBUG    No ITS stop or start sites were identified for sequence SRR12683169.183.1, skipping.
11-04 21:51 root         DEBUG    No ITS stop or start sites were identified for sequence SRR12683169.29.1, skipping.
11-04 21:51 root         DEBUG    No ITS stop or start sites were identified for sequence SRR12683169.628.1, skipping.
11-04 21:51 root         DEBUG    No ITS stop or start sites were identified for sequence SRR12683169.633.1, skipping.
11-04 21:51 root         DEBUG    No ITS stop or start sites were identified for sequence SRR12683169.635.1, skipping.
11-04 21:51 root         DEBUG    No ITS stop or start sites were identified for sequence SRR12683169.637.1, skipping.
11-04 21:51 root         DEBUG    No ITS stop or start sites were identified for sequence SRR12683169.170.1, skipping.
11-04 21:51 root         DEBUG    No ITS stop or start sites were identified for sequence SRR12683169.29.1, skipping.
11-04 21:51 root         DEBUG    No ITS stop or start sites were identified for sequence SRR12683169.651.1, skipping.
11-04 21:51 root         DEBUG    No ITS stop or start sites were identified for sequence SRR12683169.29.1, skipping.
11-04 21:51 root         DEBUG    No ITS stop or start sites were identified for sequence SRR12683169.22.1, skipping.
11-04 21:51 root         DEBUG    No ITS stop or start sites were identified for sequence SRR12683169.497.1, skipping.
11-04 21:51 root         DEBUG    No ITS stop or start sites were identified for sequence SRR12683169.22.1, skipping.
11-04 21:51 root         DEBUG    No ITS stop or start sites were identified for sequence SRR12683169.22.1, skipping.
11-04 21:51 root         DEBUG    No ITS stop or start sites were identified for sequence SRR12683169.29.1, skipping.
11-04 21:51 root         DEBUG    No ITS stop or start sites were identified for sequence SRR12683169.686.1, skipping.
11-04 21:51 root         DEBUG    No ITS stop or start sites were identified for sequence SRR12683169.22.1, skipping.
11-04 21:51 root         DEBUG    No ITS stop or start sites were identified for sequence SRR12683169.697.1, skipping.
11-04 21:51 root         DEBUG    No ITS stop or start sites were identified for sequence SRR12683169.22.1, skipping.
11-04 21:51 root         DEBUG    No ITS stop or start sites were identified for sequence SRR12683169.22.1, skipping.
11-04 21:51 root         DEBUG    No ITS stop or start sites were identified for sequence SRR12683169.709.1, skipping.
11-04 21:51 root         DEBUG    No ITS stop or start sites were identified for sequence SRR12683169.231.1, skipping.
11-04 21:51 root         DEBUG    No ITS stop or start sites were identified for sequence SRR12683169.23.1, skipping.
11-04 21:51 root         DEBUG    No ITS stop or start sites were identified for sequence SRR12683169.722.1, skipping.
11-04 21:51 root         DEBUG    No ITS stop or start sites were identified for sequence SRR12683169.518.1, skipping.
11-04 21:51 root         DEBUG    No ITS stop or start sites were identified for sequence SRR12683169.29.1, skipping.
11-04 21:51 root         DEBUG    No ITS stop or start sites were identified for sequence SRR12683169.22.1, skipping.
11-04 21:51 root         DEBUG    No ITS stop or start sites were identified for sequence SRR12683169.277.1, skipping.
11-04 21:51 root         DEBUG    No ITS stop or start sites were identified for sequence SRR12683169.22.1, skipping.
11-04 21:51 root         DEBUG    No ITS stop or start sites were identified for sequence SRR12683169.616.1, skipping.
11-04 21:51 root         DEBUG    No ITS stop or start sites were identified for sequence SRR12683169.769.1, skipping.
11-04 21:51 root         DEBUG    No ITS stop or start sites were identified for sequence SRR12683169.22.1, skipping.
11-04 21:51 root         DEBUG    No ITS stop or start sites were identified for sequence SRR12683169.347.1, skipping.
11-04 21:51 root         DEBUG    No ITS stop or start sites were identified for sequence SRR12683169.774.1, skipping.
11-04 21:51 root         DEBUG    No ITS stop or start sites were identified for sequence SRR12683169.23.1, skipping.
11-04 21:51 root         DEBUG    No ITS stop or start sites were identified for sequence SRR12683169.22.1, skipping.
11-04 21:51 root         DEBUG    No ITS stop or start sites were identified for sequence SRR12683169.167.1, skipping.
11-04 21:51 root         DEBUG    No ITS stop or start sites were identified for sequence SRR12683169.170.1, skipping.
11-04 21:51 root         DEBUG    No ITS stop or start sites were identified for sequence SRR12683169.774.1, skipping.
11-04 21:51 root         DEBUG    No ITS stop or start sites were identified for sequence SRR12683169.29.1, skipping.
11-04 21:51 root         DEBUG    No ITS stop or start sites were identified for sequence SRR12683169.22.1, skipping.
11-04 21:51 root         DEBUG    No ITS stop or start sites were identified for sequence SRR12683169.22.1, skipping.
11-04 21:51 root         DEBUG    No ITS stop or start sites were identified for sequence SRR12683169.29.1, skipping.
11-04 21:51 root         DEBUG    No ITS stop or start sites were identified for sequence SRR12683169.839.1, skipping.
11-04 21:51 root         DEBUG    No ITS stop or start sites were identified for sequence SRR12683169.22.1, skipping.
11-04 21:51 root         DEBUG    No ITS stop or start sites were identified for sequence SRR12683169.29.1, skipping.
11-04 21:51 root         DEBUG    No ITS stop or start sites were identified for sequence SRR12683169.22.1, skipping.
11-04 21:51 root         DEBUG    No ITS stop or start sites were identified for sequence SRR12683169.865.1, skipping.
11-04 21:51 root         DEBUG    No ITS stop or start sites were identified for sequence SRR12683169.867.1, skipping.
11-04 21:51 root         DEBUG    No ITS stop or start sites were identified for sequence SRR12683169.616.1, skipping.
11-04 21:51 root         DEBUG    No ITS stop or start sites were identified for sequence SRR12683169.497.1, skipping.
11-04 21:51 root         DEBUG    No ITS stop or start sites were identified for sequence SRR12683169.22.1, skipping.
11-04 21:51 root         DEBUG    No ITS stop or start sites were identified for sequence SRR12683169.22.1, skipping.
11-04 21:51 root         DEBUG    No ITS stop or start sites were identified for sequence SRR12683169.899.1, skipping.
11-04 21:51 root         DEBUG    No ITS stop or start sites were identified for sequence SRR12683169.174.1, skipping.
11-04 21:51 root         DEBUG    No ITS stop or start sites were identified for sequence SRR12683169.906.1, skipping.
11-04 21:51 root         DEBUG    No ITS stop or start sites were identified for sequence SRR12683169.909.1, skipping.
11-04 21:51 root         DEBUG    No ITS stop or start sites were identified for sequence SRR12683169.167.1, skipping.
11-04 21:51 root         DEBUG    No ITS stop or start sites were identified for sequence SRR12683169.111.1, skipping.
11-04 21:51 root         DEBUG    No ITS stop or start sites were identified for sequence SRR12683169.22.1, skipping.
11-04 21:51 root         DEBUG    No ITS stop or start sites were identified for sequence SRR12683169.920.1, skipping.
11-04 21:51 root         DEBUG    No ITS stop or start sites were identified for sequence SRR12683169.22.1, skipping.
11-04 21:51 root         DEBUG    No ITS stop or start sites were identified for sequence SRR12683169.41.1, skipping.
11-04 21:51 root         DEBUG    No ITS stop or start sites were identified for sequence SRR12683169.73.1, skipping.
11-04 21:51 root         DEBUG    No ITS stop or start sites were identified for sequence SRR12683169.167.1, skipping.
11-04 21:51 root         DEBUG    No ITS stop or start sites were identified for sequence SRR12683169.22.1, skipping.
11-04 21:51 root         DEBUG    No ITS stop or start sites were identified for sequence SRR12683169.401.1, skipping.
11-04 21:51 root         DEBUG    No ITS stop or start sites were identified for sequence SRR12683169.22.1, skipping.
11-04 21:51 root         DEBUG    No ITS stop or start sites were identified for sequence SRR12683169.167.1, skipping.
11-04 21:51 root         DEBUG    No ITS stop or start sites were identified for sequence SRR12683169.964.1, skipping.
11-04 21:51 root         DEBUG    No ITS stop or start sites were identified for sequence SRR12683169.22.1, skipping.
11-04 21:51 root         DEBUG    No ITS stop or start sites were identified for sequence SRR12683169.29.1, skipping.
11-04 21:51 root         DEBUG    No ITS stop or start sites were identified for sequence SRR12683169.22.1, skipping.
11-04 21:51 root         DEBUG    No ITS stop or start sites were identified for sequence SRR12683169.22.1, skipping.
11-04 21:51 root         DEBUG    No ITS stop or start sites were identified for sequence SRR12683169.1006.1, skipping.
11-04 21:51 root         DEBUG    No ITS stop or start sites were identified for sequence SRR12683169.183.1, skipping.
11-04 21:51 root         DEBUG    No ITS stop or start sites were identified for sequence SRR12683169.22.1, skipping.
11-04 21:51 root         DEBUG    No ITS stop or start sites were identified for sequence SRR12683169.29.1, skipping.
11-04 21:51 root         DEBUG    No ITS stop or start sites were identified for sequence SRR12683169.147.1, skipping.
11-04 21:51 root         DEBUG    No ITS stop or start sites were identified for sequence SRR12683169.1037.1, skipping.
11-04 21:51 root         DEBUG    No ITS stop or start sites were identified for sequence SRR12683169.1039.1, skipping.
11-04 21:51 root         DEBUG    No ITS stop or start sites were identified for sequence SRR12683169.1042.1, skipping.
11-04 21:51 root         DEBUG    No ITS stop or start sites were identified for sequence SRR12683169.1044.1, skipping.
11-04 21:51 root         DEBUG    No ITS stop or start sites were identified for sequence SRR12683169.1063.1, skipping.
11-04 21:51 root         DEBUG    No ITS stop or start sites were identified for sequence SRR12683169.1067.1, skipping.
11-04 21:51 root         DEBUG    No ITS stop or start sites were identified for sequence SRR12683169.1068.1, skipping.
11-04 21:51 root         DEBUG    No ITS stop or start sites were identified for sequence SRR12683169.1072.1, skipping.
11-04 21:51 root         DEBUG    No ITS stop or start sites were identified for sequence SRR12683169.1073.1, skipping.
11-04 21:51 root         DEBUG    No ITS stop or start sites were identified for sequence SRR12683169.1076.1, skipping.
11-04 21:51 root         DEBUG    No ITS stop or start sites were identified for sequence SRR12683169.1081.1, skipping.
11-04 21:51 root         DEBUG    No ITS stop or start sites were identified for sequence SRR12683169.1092.1, skipping.
11-04 21:51 root         DEBUG    No ITS stop or start sites were identified for sequence SRR12683169.173.1, skipping.
11-04 21:51 root         DEBUG    No ITS stop or start sites were identified for sequence SRR12683169.22.1, skipping.
11-04 21:51 root         DEBUG    No ITS stop or start sites were identified for sequence SRR12683169.22.1, skipping.
11-04 21:51 root         DEBUG    No ITS stop or start sites were identified for sequence SRR12683169.170.1, skipping.
11-04 21:51 root         DEBUG    No ITS stop or start sites were identified for sequence SRR12683169.1148.1, skipping.
11-04 21:51 root         DEBUG    No ITS stop or start sites were identified for sequence SRR12683169.1157.1, skipping.
11-04 21:51 root         DEBUG    No ITS stop or start sites were identified for sequence SRR12683169.1158.1, skipping.
11-04 21:51 root         DEBUG    No ITS stop or start sites were identified for sequence SRR12683169.22.1, skipping.
11-04 21:51 root         DEBUG    No ITS stop or start sites were identified for sequence SRR12683169.301.1, skipping.
11-04 21:51 root         DEBUG    No ITS stop or start sites were identified for sequence SRR12683169.1169.1, skipping.
11-04 21:51 root         DEBUG    No ITS stop or start sites were identified for sequence SRR12683169.167.1, skipping.
11-04 21:51 root         DEBUG    No ITS stop or start sites were identified for sequence SRR12683169.518.1, skipping.
11-04 21:51 root         DEBUG    No ITS stop or start sites were identified for sequence SRR12683169.111.1, skipping.
11-04 21:51 root         DEBUG    No ITS stop or start sites were identified for sequence SRR12683169.277.1, skipping.
11-04 21:51 root         DEBUG    No ITS stop or start sites were identified for sequence SRR12683169.774.1, skipping.
11-04 21:51 root         DEBUG    No ITS stop or start sites were identified for sequence SRR12683169.774.1, skipping.
11-04 21:51 root         DEBUG    No ITS stop or start sites were identified for sequence SRR12683169.1188.1, skipping.
11-04 21:51 root         DEBUG    No ITS stop or start sites were identified for sequence SRR12683169.1192.1, skipping.
11-04 21:51 root         DEBUG    No ITS stop or start sites were identified for sequence SRR12683169.22.1, skipping.
11-04 21:51 root         DEBUG    No ITS stop or start sites were identified for sequence SRR12683169.29.1, skipping.
11-04 21:51 root         DEBUG    No ITS stop or start sites were identified for sequence SRR12683169.1202.1, skipping.
11-04 21:51 root         DEBUG    No ITS stop or start sites were identified for sequence SRR12683169.22.1, skipping.
11-04 21:51 root         DEBUG    No ITS stop or start sites were identified for sequence SRR12683169.231.1, skipping.
11-04 21:51 root         DEBUG    No ITS stop or start sites were identified for sequence SRR12683169.167.1, skipping.
11-04 21:51 root         DEBUG    No ITS stop or start sites were identified for sequence SRR12683169.1230.1, skipping.
11-04 21:51 root         DEBUG    No ITS stop or start sites were identified for sequence SRR12683169.22.1, skipping.
11-04 21:51 root         DEBUG    No ITS stop or start sites were identified for sequence SRR12683169.22.1, skipping.
11-04 21:51 root         DEBUG    No ITS stop or start sites were identified for sequence SRR12683169.1255.1, skipping.
11-04 21:51 root         DEBUG    No ITS stop or start sites were identified for sequence SRR12683169.1263.1, skipping.
11-04 21:51 root         DEBUG    No ITS stop or start sites were identified for sequence SRR12683169.1268.1, skipping.
11-04 21:51 root         DEBUG    No ITS stop or start sites were identified for sequence SRR12683169.22.1, skipping.
11-04 21:51 root         DEBUG    No ITS stop or start sites were identified for sequence SRR12683169.22.1, skipping.
11-04 21:51 root         DEBUG    No ITS stop or start sites were identified for sequence SRR12683169.1295.1, skipping.
11-04 21:51 root         DEBUG    No ITS stop or start sites were identified for sequence SRR12683169.22.1, skipping.
11-04 21:51 root         DEBUG    No ITS stop or start sites were identified for sequence SRR12683169.167.1, skipping.
11-04 21:51 root         DEBUG    No ITS stop or start sites were identified for sequence SRR12683169.22.1, skipping.
11-04 21:51 root         DEBUG    No ITS stop or start sites were identified for sequence SRR12683169.22.1, skipping.
11-04 21:51 root         DEBUG    No ITS stop or start sites were identified for sequence SRR12683169.22.1, skipping.
11-04 21:51 root         DEBUG    No ITS stop or start sites were identified for sequence SRR12683169.22.1, skipping.
11-04 21:51 root         DEBUG    No ITS stop or start sites were identified for sequence SRR12683169.55.1, skipping.
11-04 21:51 root         DEBUG    No ITS stop or start sites were identified for sequence SRR12683169.231.1, skipping.
11-04 21:51 root         DEBUG    No ITS stop or start sites were identified for sequence SRR12683169.111.1, skipping.
11-04 21:51 root         DEBUG    No ITS stop or start sites were identified for sequence SRR12683169.1351.1, skipping.
11-04 21:51 root         DEBUG    No ITS stop or start sites were identified for sequence SRR12683169.614.1, skipping.
11-04 21:51 root         DEBUG    No ITS stop or start sites were identified for sequence SRR12683169.22.1, skipping.
11-04 21:51 root         DEBUG    No ITS stop or start sites were identified for sequence SRR12683169.1381.1, skipping.
11-04 21:51 root         DEBUG    No ITS stop or start sites were identified for sequence SRR12683169.29.1, skipping.
11-04 21:51 root         DEBUG    No ITS stop or start sites were identified for sequence SRR12683169.29.1, skipping.
11-04 21:51 root         DEBUG    No ITS stop or start sites were identified for sequence SRR12683169.1416.1, skipping.
11-04 21:51 root         INFO     ITSxpress ran in 00:00:16
