11-04 21:39 root         INFO     Verifying the input sequences.
11-04 21:39 root         INFO     Sequences are assumed to be single-end.
11-04 21:39 root         INFO     Temporary directory is: /tmp/itsxpress_ppovi168
11-04 21:39 root         INFO     Unique sequences are being written to a temporary FASTA file with Vsearch.
11-04 21:39 root         INFO     vsearch v2.7.1_linux_x86_64, 15.6GB RAM, 4 cores
https://github.com/torognes/vsearch

Reading file SRR12683146_pass_1.fastq.gz 100%
277780 nt in 1096 seqs, min 35, max 301, avg 253
Dereplicating 100%
Sorting 100%
786 unique sequences, avg cluster 1.4, median 1, max 44
Writing output file 100%
Writing uc file, first part 100%
Writing uc file, second part 100%

11-04 21:39 root         INFO     Searching for ITS start and stop sites using HMMSearch. This step takes a while.
11-04 21:39 root         INFO     Parsing HMM results.
11-04 21:39 root         INFO     Writing out sequences
11-04 21:39 root         DEBUG    No ITS stop or start sites were identified for sequence SRR12683146.1.1, skipping.
11-04 21:39 root         DEBUG    No ITS stop or start sites were identified for sequence SRR12683146.3.1, skipping.
11-04 21:39 root         DEBUG    No ITS stop or start sites were identified for sequence SRR12683146.5.1, skipping.
11-04 21:39 root         DEBUG    No ITS stop or start sites were identified for sequence SRR12683146.7.1, skipping.
11-04 21:39 root         DEBUG    No ITS stop or start sites were identified for sequence SRR12683146.8.1, skipping.
11-04 21:39 root         DEBUG    No ITS stop or start sites were identified for sequence SRR12683146.9.1, skipping.
11-04 21:39 root         DEBUG    No ITS stop or start sites were identified for sequence SRR12683146.12.1, skipping.
11-04 21:39 root         DEBUG    No ITS stop or start sites were identified for sequence SRR12683146.13.1, skipping.
11-04 21:39 root         DEBUG    No ITS stop or start sites were identified for sequence SRR12683146.15.1, skipping.
11-04 21:39 root         DEBUG    No ITS stop or start sites were identified for sequence SRR12683146.16.1, skipping.
11-04 21:39 root         DEBUG    No ITS stop or start sites were identified for sequence SRR12683146.17.1, skipping.
11-04 21:39 root         DEBUG    No ITS stop or start sites were identified for sequence SRR12683146.18.1, skipping.
11-04 21:39 root         DEBUG    No ITS stop or start sites were identified for sequence SRR12683146.19.1, skipping.
11-04 21:39 root         DEBUG    No ITS stop or start sites were identified for sequence SRR12683146.20.1, skipping.
11-04 21:39 root         DEBUG    No ITS stop or start sites were identified for sequence SRR12683146.21.1, skipping.
11-04 21:39 root         DEBUG    No ITS stop or start sites were identified for sequence SRR12683146.24.1, skipping.
11-04 21:39 root         DEBUG    No ITS stop or start sites were identified for sequence SRR12683146.27.1, skipping.
11-04 21:39 root         DEBUG    No ITS stop or start sites were identified for sequence SRR12683146.29.1, skipping.
11-04 21:39 root         DEBUG    No ITS stop or start sites were identified for sequence SRR12683146.30.1, skipping.
11-04 21:39 root         DEBUG    No ITS stop or start sites were identified for sequence SRR12683146.31.1, skipping.
11-04 21:39 root         DEBUG    No ITS stop or start sites were identified for sequence SRR12683146.32.1, skipping.
11-04 21:39 root         DEBUG    No ITS stop or start sites were identified for sequence SRR12683146.33.1, skipping.
11-04 21:39 root         DEBUG    No ITS stop or start sites were identified for sequence SRR12683146.34.1, skipping.
11-04 21:39 root         DEBUG    No ITS stop or start sites were identified for sequence SRR12683146.37.1, skipping.
11-04 21:39 root         DEBUG    No ITS stop or start sites were identified for sequence SRR12683146.39.1, skipping.
11-04 21:39 root         DEBUG    No ITS stop or start sites were identified for sequence SRR12683146.34.1, skipping.
11-04 21:39 root         DEBUG    No ITS stop or start sites were identified for sequence SRR12683146.31.1, skipping.
11-04 21:39 root         DEBUG    No ITS stop or start sites were identified for sequence SRR12683146.42.1, skipping.
11-04 21:39 root         DEBUG    No ITS stop or start sites were identified for sequence SRR12683146.43.1, skipping.
11-04 21:39 root         DEBUG    No ITS stop or start sites were identified for sequence SRR12683146.44.1, skipping.
11-04 21:39 root         DEBUG    No ITS stop or start sites were identified for sequence SRR12683146.34.1, skipping.
11-04 21:39 root         DEBUG    No ITS stop or start sites were identified for sequence SRR12683146.48.1, skipping.
11-04 21:39 root         DEBUG    No ITS stop or start sites were identified for sequence SRR12683146.49.1, skipping.
11-04 21:39 root         DEBUG    No ITS stop or start sites were identified for sequence SRR12683146.51.1, skipping.
11-04 21:39 root         DEBUG    No ITS stop or start sites were identified for sequence SRR12683146.52.1, skipping.
11-04 21:39 root         DEBUG    No ITS stop or start sites were identified for sequence SRR12683146.53.1, skipping.
11-04 21:39 root         DEBUG    No ITS stop or start sites were identified for sequence SRR12683146.54.1, skipping.
11-04 21:39 root         DEBUG    No ITS stop or start sites were identified for sequence SRR12683146.56.1, skipping.
11-04 21:39 root         DEBUG    No ITS stop or start sites were identified for sequence SRR12683146.57.1, skipping.
11-04 21:39 root         DEBUG    No ITS stop or start sites were identified for sequence SRR12683146.58.1, skipping.
11-04 21:39 root         DEBUG    No ITS stop or start sites were identified for sequence SRR12683146.8.1, skipping.
11-04 21:39 root         DEBUG    No ITS stop or start sites were identified for sequence SRR12683146.34.1, skipping.
11-04 21:39 root         DEBUG    No ITS stop or start sites were identified for sequence SRR12683146.61.1, skipping.
11-04 21:39 root         DEBUG    No ITS stop or start sites were identified for sequence SRR12683146.62.1, skipping.
11-04 21:39 root         DEBUG    No ITS stop or start sites were identified for sequence SRR12683146.64.1, skipping.
11-04 21:39 root         DEBUG    No ITS stop or start sites were identified for sequence SRR12683146.52.1, skipping.
11-04 21:39 root         DEBUG    No ITS stop or start sites were identified for sequence SRR12683146.66.1, skipping.
11-04 21:39 root         DEBUG    No ITS stop or start sites were identified for sequence SRR12683146.67.1, skipping.
11-04 21:39 root         DEBUG    No ITS stop or start sites were identified for sequence SRR12683146.37.1, skipping.
11-04 21:39 root         DEBUG    No ITS stop or start sites were identified for sequence SRR12683146.70.1, skipping.
11-04 21:39 root         DEBUG    No ITS stop or start sites were identified for sequence SRR12683146.16.1, skipping.
11-04 21:39 root         DEBUG    No ITS stop or start sites were identified for sequence SRR12683146.73.1, skipping.
11-04 21:39 root         DEBUG    No ITS stop or start sites were identified for sequence SRR12683146.8.1, skipping.
11-04 21:39 root         DEBUG    No ITS stop or start sites were identified for sequence SRR12683146.44.1, skipping.
11-04 21:39 root         DEBUG    No ITS stop or start sites were identified for sequence SRR12683146.37.1, skipping.
11-04 21:39 root         DEBUG    No ITS stop or start sites were identified for sequence SRR12683146.80.1, skipping.
11-04 21:39 root         DEBUG    No ITS stop or start sites were identified for sequence SRR12683146.81.1, skipping.
11-04 21:39 root         DEBUG    No ITS stop or start sites were identified for sequence SRR12683146.8.1, skipping.
11-04 21:39 root         DEBUG    No ITS stop or start sites were identified for sequence SRR12683146.37.1, skipping.
11-04 21:39 root         DEBUG    No ITS stop or start sites were identified for sequence SRR12683146.85.1, skipping.
11-04 21:39 root         DEBUG    No ITS stop or start sites were identified for sequence SRR12683146.86.1, skipping.
11-04 21:39 root         DEBUG    No ITS stop or start sites were identified for sequence SRR12683146.8.1, skipping.
11-04 21:39 root         DEBUG    No ITS stop or start sites were identified for sequence SRR12683146.88.1, skipping.
11-04 21:39 root         DEBUG    No ITS stop or start sites were identified for sequence SRR12683146.91.1, skipping.
11-04 21:39 root         DEBUG    No ITS stop or start sites were identified for sequence SRR12683146.96.1, skipping.
11-04 21:39 root         DEBUG    No ITS stop or start sites were identified for sequence SRR12683146.97.1, skipping.
11-04 21:39 root         DEBUG    No ITS stop or start sites were identified for sequence SRR12683146.100.1, skipping.
11-04 21:39 root         DEBUG    No ITS stop or start sites were identified for sequence SRR12683146.102.1, skipping.
11-04 21:39 root         DEBUG    No ITS stop or start sites were identified for sequence SRR12683146.104.1, skipping.
11-04 21:39 root         DEBUG    No ITS stop or start sites were identified for sequence SRR12683146.7.1, skipping.
11-04 21:39 root         DEBUG    No ITS stop or start sites were identified for sequence SRR12683146.34.1, skipping.
11-04 21:39 root         DEBUG    No ITS stop or start sites were identified for sequence SRR12683146.109.1, skipping.
11-04 21:39 root         DEBUG    No ITS stop or start sites were identified for sequence SRR12683146.110.1, skipping.
11-04 21:39 root         DEBUG    No ITS stop or start sites were identified for sequence SRR12683146.44.1, skipping.
11-04 21:39 root         DEBUG    No ITS stop or start sites were identified for sequence SRR12683146.115.1, skipping.
11-04 21:39 root         DEBUG    No ITS stop or start sites were identified for sequence SRR12683146.122.1, skipping.
11-04 21:39 root         DEBUG    No ITS stop or start sites were identified for sequence SRR12683146.123.1, skipping.
11-04 21:39 root         DEBUG    No ITS stop or start sites were identified for sequence SRR12683146.34.1, skipping.
11-04 21:39 root         DEBUG    No ITS stop or start sites were identified for sequence SRR12683146.86.1, skipping.
11-04 21:39 root         DEBUG    No ITS stop or start sites were identified for sequence SRR12683146.127.1, skipping.
11-04 21:39 root         DEBUG    No ITS stop or start sites were identified for sequence SRR12683146.128.1, skipping.
11-04 21:39 root         DEBUG    No ITS stop or start sites were identified for sequence SRR12683146.129.1, skipping.
11-04 21:39 root         DEBUG    No ITS stop or start sites were identified for sequence SRR12683146.131.1, skipping.
11-04 21:39 root         DEBUG    No ITS stop or start sites were identified for sequence SRR12683146.132.1, skipping.
11-04 21:39 root         DEBUG    No ITS stop or start sites were identified for sequence SRR12683146.133.1, skipping.
11-04 21:39 root         DEBUG    No ITS stop or start sites were identified for sequence SRR12683146.134.1, skipping.
11-04 21:39 root         DEBUG    No ITS stop or start sites were identified for sequence SRR12683146.137.1, skipping.
11-04 21:39 root         DEBUG    No ITS stop or start sites were identified for sequence SRR12683146.141.1, skipping.
11-04 21:39 root         DEBUG    No ITS stop or start sites were identified for sequence SRR12683146.52.1, skipping.
11-04 21:39 root         DEBUG    No ITS stop or start sites were identified for sequence SRR12683146.34.1, skipping.
11-04 21:39 root         DEBUG    No ITS stop or start sites were identified for sequence SRR12683146.150.1, skipping.
11-04 21:39 root         DEBUG    No ITS stop or start sites were identified for sequence SRR12683146.8.1, skipping.
11-04 21:39 root         DEBUG    No ITS stop or start sites were identified for sequence SRR12683146.154.1, skipping.
11-04 21:39 root         DEBUG    No ITS stop or start sites were identified for sequence SRR12683146.155.1, skipping.
11-04 21:39 root         DEBUG    No ITS stop or start sites were identified for sequence SRR12683146.157.1, skipping.
11-04 21:39 root         DEBUG    No ITS stop or start sites were identified for sequence SRR12683146.159.1, skipping.
11-04 21:39 root         DEBUG    No ITS stop or start sites were identified for sequence SRR12683146.160.1, skipping.
11-04 21:39 root         DEBUG    No ITS stop or start sites were identified for sequence SRR12683146.161.1, skipping.
11-04 21:39 root         DEBUG    No ITS stop or start sites were identified for sequence SRR12683146.163.1, skipping.
11-04 21:39 root         DEBUG    No ITS stop or start sites were identified for sequence SRR12683146.31.1, skipping.
11-04 21:39 root         DEBUG    No ITS stop or start sites were identified for sequence SRR12683146.165.1, skipping.
11-04 21:39 root         DEBUG    No ITS stop or start sites were identified for sequence SRR12683146.166.1, skipping.
11-04 21:39 root         DEBUG    No ITS stop or start sites were identified for sequence SRR12683146.167.1, skipping.
11-04 21:39 root         DEBUG    No ITS stop or start sites were identified for sequence SRR12683146.100.1, skipping.
11-04 21:39 root         DEBUG    No ITS stop or start sites were identified for sequence SRR12683146.8.1, skipping.
11-04 21:39 root         DEBUG    No ITS stop or start sites were identified for sequence SRR12683146.8.1, skipping.
11-04 21:39 root         DEBUG    No ITS stop or start sites were identified for sequence SRR12683146.115.1, skipping.
11-04 21:39 root         DEBUG    No ITS stop or start sites were identified for sequence SRR12683146.174.1, skipping.
11-04 21:39 root         DEBUG    No ITS stop or start sites were identified for sequence SRR12683146.86.1, skipping.
11-04 21:39 root         DEBUG    No ITS stop or start sites were identified for sequence SRR12683146.132.1, skipping.
11-04 21:39 root         DEBUG    No ITS stop or start sites were identified for sequence SRR12683146.179.1, skipping.
11-04 21:39 root         DEBUG    No ITS stop or start sites were identified for sequence SRR12683146.180.1, skipping.
11-04 21:39 root         DEBUG    No ITS stop or start sites were identified for sequence SRR12683146.21.1, skipping.
11-04 21:39 root         DEBUG    No ITS stop or start sites were identified for sequence SRR12683146.31.1, skipping.
11-04 21:39 root         DEBUG    No ITS stop or start sites were identified for sequence SRR12683146.184.1, skipping.
11-04 21:39 root         DEBUG    No ITS stop or start sites were identified for sequence SRR12683146.185.1, skipping.
11-04 21:39 root         DEBUG    No ITS stop or start sites were identified for sequence SRR12683146.34.1, skipping.
11-04 21:39 root         DEBUG    No ITS stop or start sites were identified for sequence SRR12683146.187.1, skipping.
11-04 21:39 root         DEBUG    No ITS stop or start sites were identified for sequence SRR12683146.189.1, skipping.
11-04 21:39 root         DEBUG    No ITS stop or start sites were identified for sequence SRR12683146.190.1, skipping.
11-04 21:39 root         DEBUG    No ITS stop or start sites were identified for sequence SRR12683146.64.1, skipping.
11-04 21:39 root         DEBUG    No ITS stop or start sites were identified for sequence SRR12683146.8.1, skipping.
11-04 21:39 root         DEBUG    No ITS stop or start sites were identified for sequence SRR12683146.194.1, skipping.
11-04 21:39 root         DEBUG    No ITS stop or start sites were identified for sequence SRR12683146.196.1, skipping.
11-04 21:39 root         DEBUG    No ITS stop or start sites were identified for sequence SRR12683146.52.1, skipping.
11-04 21:39 root         DEBUG    No ITS stop or start sites were identified for sequence SRR12683146.34.1, skipping.
11-04 21:39 root         DEBUG    No ITS stop or start sites were identified for sequence SRR12683146.206.1, skipping.
11-04 21:39 root         DEBUG    No ITS stop or start sites were identified for sequence SRR12683146.44.1, skipping.
11-04 21:39 root         DEBUG    No ITS stop or start sites were identified for sequence SRR12683146.100.1, skipping.
11-04 21:39 root         DEBUG    No ITS stop or start sites were identified for sequence SRR12683146.212.1, skipping.
11-04 21:39 root         DEBUG    No ITS stop or start sites were identified for sequence SRR12683146.213.1, skipping.
11-04 21:39 root         DEBUG    No ITS stop or start sites were identified for sequence SRR12683146.52.1, skipping.
11-04 21:39 root         DEBUG    No ITS stop or start sites were identified for sequence SRR12683146.8.1, skipping.
11-04 21:39 root         DEBUG    No ITS stop or start sites were identified for sequence SRR12683146.220.1, skipping.
11-04 21:39 root         DEBUG    No ITS stop or start sites were identified for sequence SRR12683146.8.1, skipping.
11-04 21:39 root         DEBUG    No ITS stop or start sites were identified for sequence SRR12683146.223.1, skipping.
11-04 21:39 root         DEBUG    No ITS stop or start sites were identified for sequence SRR12683146.224.1, skipping.
11-04 21:39 root         DEBUG    No ITS stop or start sites were identified for sequence SRR12683146.225.1, skipping.
11-04 21:39 root         DEBUG    No ITS stop or start sites were identified for sequence SRR12683146.227.1, skipping.
11-04 21:39 root         DEBUG    No ITS stop or start sites were identified for sequence SRR12683146.229.1, skipping.
11-04 21:39 root         DEBUG    No ITS stop or start sites were identified for sequence SRR12683146.230.1, skipping.
11-04 21:39 root         DEBUG    No ITS stop or start sites were identified for sequence SRR12683146.100.1, skipping.
11-04 21:39 root         DEBUG    No ITS stop or start sites were identified for sequence SRR12683146.233.1, skipping.
11-04 21:39 root         DEBUG    No ITS stop or start sites were identified for sequence SRR12683146.234.1, skipping.
11-04 21:39 root         DEBUG    No ITS stop or start sites were identified for sequence SRR12683146.236.1, skipping.
11-04 21:39 root         DEBUG    No ITS stop or start sites were identified for sequence SRR12683146.34.1, skipping.
11-04 21:39 root         DEBUG    No ITS stop or start sites were identified for sequence SRR12683146.239.1, skipping.
11-04 21:39 root         DEBUG    No ITS stop or start sites were identified for sequence SRR12683146.240.1, skipping.
11-04 21:39 root         DEBUG    No ITS stop or start sites were identified for sequence SRR12683146.245.1, skipping.
11-04 21:39 root         DEBUG    No ITS stop or start sites were identified for sequence SRR12683146.248.1, skipping.
11-04 21:39 root         DEBUG    No ITS stop or start sites were identified for sequence SRR12683146.250.1, skipping.
11-04 21:39 root         DEBUG    No ITS stop or start sites were identified for sequence SRR12683146.252.1, skipping.
11-04 21:39 root         DEBUG    No ITS stop or start sites were identified for sequence SRR12683146.34.1, skipping.
11-04 21:39 root         DEBUG    No ITS stop or start sites were identified for sequence SRR12683146.34.1, skipping.
11-04 21:39 root         DEBUG    No ITS stop or start sites were identified for sequence SRR12683146.256.1, skipping.
11-04 21:39 root         DEBUG    No ITS stop or start sites were identified for sequence SRR12683146.258.1, skipping.
11-04 21:39 root         DEBUG    No ITS stop or start sites were identified for sequence SRR12683146.61.1, skipping.
11-04 21:39 root         DEBUG    No ITS stop or start sites were identified for sequence SRR12683146.260.1, skipping.
11-04 21:39 root         DEBUG    No ITS stop or start sites were identified for sequence SRR12683146.34.1, skipping.
11-04 21:39 root         DEBUG    No ITS stop or start sites were identified for sequence SRR12683146.8.1, skipping.
11-04 21:39 root         DEBUG    No ITS stop or start sites were identified for sequence SRR12683146.1.1, skipping.
11-04 21:39 root         DEBUG    No ITS stop or start sites were identified for sequence SRR12683146.34.1, skipping.
11-04 21:39 root         DEBUG    No ITS stop or start sites were identified for sequence SRR12683146.86.1, skipping.
11-04 21:39 root         DEBUG    No ITS stop or start sites were identified for sequence SRR12683146.267.1, skipping.
11-04 21:39 root         DEBUG    No ITS stop or start sites were identified for sequence SRR12683146.268.1, skipping.
11-04 21:39 root         DEBUG    No ITS stop or start sites were identified for sequence SRR12683146.52.1, skipping.
11-04 21:39 root         DEBUG    No ITS stop or start sites were identified for sequence SRR12683146.37.1, skipping.
11-04 21:39 root         DEBUG    No ITS stop or start sites were identified for sequence SRR12683146.272.1, skipping.
11-04 21:39 root         DEBUG    No ITS stop or start sites were identified for sequence SRR12683146.273.1, skipping.
11-04 21:39 root         DEBUG    No ITS stop or start sites were identified for sequence SRR12683146.274.1, skipping.
11-04 21:39 root         DEBUG    No ITS stop or start sites were identified for sequence SRR12683146.275.1, skipping.
11-04 21:39 root         DEBUG    No ITS stop or start sites were identified for sequence SRR12683146.276.1, skipping.
11-04 21:39 root         DEBUG    No ITS stop or start sites were identified for sequence SRR12683146.277.1, skipping.
11-04 21:39 root         DEBUG    No ITS stop or start sites were identified for sequence SRR12683146.281.1, skipping.
11-04 21:39 root         DEBUG    No ITS stop or start sites were identified for sequence SRR12683146.283.1, skipping.
11-04 21:39 root         DEBUG    No ITS stop or start sites were identified for sequence SRR12683146.284.1, skipping.
11-04 21:39 root         DEBUG    No ITS stop or start sites were identified for sequence SRR12683146.286.1, skipping.
11-04 21:39 root         DEBUG    No ITS stop or start sites were identified for sequence SRR12683146.287.1, skipping.
11-04 21:39 root         DEBUG    No ITS stop or start sites were identified for sequence SRR12683146.289.1, skipping.
11-04 21:39 root         DEBUG    No ITS stop or start sites were identified for sequence SRR12683146.8.1, skipping.
11-04 21:39 root         DEBUG    No ITS stop or start sites were identified for sequence SRR12683146.291.1, skipping.
11-04 21:39 root         DEBUG    No ITS stop or start sites were identified for sequence SRR12683146.292.1, skipping.
11-04 21:39 root         DEBUG    No ITS stop or start sites were identified for sequence SRR12683146.294.1, skipping.
11-04 21:39 root         DEBUG    No ITS stop or start sites were identified for sequence SRR12683146.295.1, skipping.
11-04 21:39 root         DEBUG    No ITS stop or start sites were identified for sequence SRR12683146.62.1, skipping.
11-04 21:39 root         DEBUG    No ITS stop or start sites were identified for sequence SRR12683146.8.1, skipping.
11-04 21:39 root         DEBUG    No ITS stop or start sites were identified for sequence SRR12683146.299.1, skipping.
11-04 21:39 root         DEBUG    No ITS stop or start sites were identified for sequence SRR12683146.300.1, skipping.
11-04 21:39 root         DEBUG    No ITS stop or start sites were identified for sequence SRR12683146.301.1, skipping.
11-04 21:39 root         DEBUG    No ITS stop or start sites were identified for sequence SRR12683146.303.1, skipping.
11-04 21:39 root         DEBUG    No ITS stop or start sites were identified for sequence SRR12683146.304.1, skipping.
11-04 21:39 root         DEBUG    No ITS stop or start sites were identified for sequence SRR12683146.100.1, skipping.
11-04 21:39 root         DEBUG    No ITS stop or start sites were identified for sequence SRR12683146.307.1, skipping.
11-04 21:39 root         DEBUG    No ITS stop or start sites were identified for sequence SRR12683146.308.1, skipping.
11-04 21:39 root         DEBUG    No ITS stop or start sites were identified for sequence SRR12683146.1.1, skipping.
11-04 21:39 root         DEBUG    No ITS stop or start sites were identified for sequence SRR12683146.311.1, skipping.
11-04 21:39 root         DEBUG    No ITS stop or start sites were identified for sequence SRR12683146.313.1, skipping.
11-04 21:39 root         DEBUG    No ITS stop or start sites were identified for sequence SRR12683146.311.1, skipping.
11-04 21:39 root         DEBUG    No ITS stop or start sites were identified for sequence SRR12683146.8.1, skipping.
11-04 21:39 root         DEBUG    No ITS stop or start sites were identified for sequence SRR12683146.320.1, skipping.
11-04 21:39 root         DEBUG    No ITS stop or start sites were identified for sequence SRR12683146.52.1, skipping.
11-04 21:39 root         DEBUG    No ITS stop or start sites were identified for sequence SRR12683146.324.1, skipping.
11-04 21:39 root         DEBUG    No ITS stop or start sites were identified for sequence SRR12683146.325.1, skipping.
11-04 21:39 root         DEBUG    No ITS stop or start sites were identified for sequence SRR12683146.329.1, skipping.
11-04 21:39 root         DEBUG    No ITS stop or start sites were identified for sequence SRR12683146.86.1, skipping.
11-04 21:39 root         DEBUG    No ITS stop or start sites were identified for sequence SRR12683146.331.1, skipping.
11-04 21:39 root         DEBUG    No ITS stop or start sites were identified for sequence SRR12683146.333.1, skipping.
11-04 21:39 root         DEBUG    No ITS stop or start sites were identified for sequence SRR12683146.34.1, skipping.
11-04 21:39 root         DEBUG    No ITS stop or start sites were identified for sequence SRR12683146.324.1, skipping.
11-04 21:39 root         DEBUG    No ITS stop or start sites were identified for sequence SRR12683146.341.1, skipping.
11-04 21:39 root         DEBUG    No ITS stop or start sites were identified for sequence SRR12683146.31.1, skipping.
11-04 21:39 root         DEBUG    No ITS stop or start sites were identified for sequence SRR12683146.37.1, skipping.
11-04 21:39 root         DEBUG    No ITS stop or start sites were identified for sequence SRR12683146.345.1, skipping.
11-04 21:39 root         DEBUG    No ITS stop or start sites were identified for sequence SRR12683146.346.1, skipping.
11-04 21:39 root         DEBUG    No ITS stop or start sites were identified for sequence SRR12683146.348.1, skipping.
11-04 21:39 root         DEBUG    No ITS stop or start sites were identified for sequence SRR12683146.8.1, skipping.
11-04 21:39 root         DEBUG    No ITS stop or start sites were identified for sequence SRR12683146.353.1, skipping.
11-04 21:39 root         DEBUG    No ITS stop or start sites were identified for sequence SRR12683146.52.1, skipping.
11-04 21:39 root         DEBUG    No ITS stop or start sites were identified for sequence SRR12683146.34.1, skipping.
11-04 21:39 root         DEBUG    No ITS stop or start sites were identified for sequence SRR12683146.358.1, skipping.
11-04 21:39 root         DEBUG    No ITS stop or start sites were identified for sequence SRR12683146.100.1, skipping.
11-04 21:39 root         DEBUG    No ITS stop or start sites were identified for sequence SRR12683146.100.1, skipping.
11-04 21:39 root         DEBUG    No ITS stop or start sites were identified for sequence SRR12683146.362.1, skipping.
11-04 21:39 root         DEBUG    No ITS stop or start sites were identified for sequence SRR12683146.16.1, skipping.
11-04 21:39 root         DEBUG    No ITS stop or start sites were identified for sequence SRR12683146.364.1, skipping.
11-04 21:39 root         DEBUG    No ITS stop or start sites were identified for sequence SRR12683146.366.1, skipping.
11-04 21:39 root         DEBUG    No ITS stop or start sites were identified for sequence SRR12683146.31.1, skipping.
11-04 21:39 root         DEBUG    No ITS stop or start sites were identified for sequence SRR12683146.368.1, skipping.
11-04 21:39 root         DEBUG    No ITS stop or start sites were identified for sequence SRR12683146.5.1, skipping.
11-04 21:39 root         DEBUG    No ITS stop or start sites were identified for sequence SRR12683146.370.1, skipping.
11-04 21:39 root         DEBUG    No ITS stop or start sites were identified for sequence SRR12683146.34.1, skipping.
11-04 21:39 root         DEBUG    No ITS stop or start sites were identified for sequence SRR12683146.44.1, skipping.
11-04 21:39 root         DEBUG    No ITS stop or start sites were identified for sequence SRR12683146.8.1, skipping.
11-04 21:39 root         DEBUG    No ITS stop or start sites were identified for sequence SRR12683146.376.1, skipping.
11-04 21:39 root         DEBUG    No ITS stop or start sites were identified for sequence SRR12683146.377.1, skipping.
11-04 21:39 root         DEBUG    No ITS stop or start sites were identified for sequence SRR12683146.123.1, skipping.
11-04 21:39 root         DEBUG    No ITS stop or start sites were identified for sequence SRR12683146.380.1, skipping.
11-04 21:39 root         DEBUG    No ITS stop or start sites were identified for sequence SRR12683146.8.1, skipping.
11-04 21:39 root         DEBUG    No ITS stop or start sites were identified for sequence SRR12683146.100.1, skipping.
11-04 21:39 root         DEBUG    No ITS stop or start sites were identified for sequence SRR12683146.383.1, skipping.
11-04 21:39 root         DEBUG    No ITS stop or start sites were identified for sequence SRR12683146.385.1, skipping.
11-04 21:39 root         DEBUG    No ITS stop or start sites were identified for sequence SRR12683146.37.1, skipping.
11-04 21:39 root         DEBUG    No ITS stop or start sites were identified for sequence SRR12683146.387.1, skipping.
11-04 21:39 root         DEBUG    No ITS stop or start sites were identified for sequence SRR12683146.393.1, skipping.
11-04 21:39 root         DEBUG    No ITS stop or start sites were identified for sequence SRR12683146.394.1, skipping.
11-04 21:39 root         DEBUG    No ITS stop or start sites were identified for sequence SRR12683146.396.1, skipping.
11-04 21:39 root         DEBUG    No ITS stop or start sites were identified for sequence SRR12683146.397.1, skipping.
11-04 21:39 root         DEBUG    No ITS stop or start sites were identified for sequence SRR12683146.52.1, skipping.
11-04 21:39 root         DEBUG    No ITS stop or start sites were identified for sequence SRR12683146.1.1, skipping.
11-04 21:39 root         DEBUG    No ITS stop or start sites were identified for sequence SRR12683146.100.1, skipping.
11-04 21:39 root         DEBUG    No ITS stop or start sites were identified for sequence SRR12683146.402.1, skipping.
11-04 21:39 root         DEBUG    No ITS stop or start sites were identified for sequence SRR12683146.61.1, skipping.
11-04 21:39 root         DEBUG    No ITS stop or start sites were identified for sequence SRR12683146.407.1, skipping.
11-04 21:39 root         DEBUG    No ITS stop or start sites were identified for sequence SRR12683146.52.1, skipping.
11-04 21:39 root         DEBUG    No ITS stop or start sites were identified for sequence SRR12683146.44.1, skipping.
11-04 21:39 root         DEBUG    No ITS stop or start sites were identified for sequence SRR12683146.420.1, skipping.
11-04 21:39 root         DEBUG    No ITS stop or start sites were identified for sequence SRR12683146.37.1, skipping.
11-04 21:39 root         DEBUG    No ITS stop or start sites were identified for sequence SRR12683146.425.1, skipping.
11-04 21:39 root         DEBUG    No ITS stop or start sites were identified for sequence SRR12683146.52.1, skipping.
11-04 21:39 root         DEBUG    No ITS stop or start sites were identified for sequence SRR12683146.8.1, skipping.
11-04 21:39 root         DEBUG    No ITS stop or start sites were identified for sequence SRR12683146.86.1, skipping.
11-04 21:39 root         DEBUG    No ITS stop or start sites were identified for sequence SRR12683146.258.1, skipping.
11-04 21:39 root         DEBUG    No ITS stop or start sites were identified for sequence SRR12683146.434.1, skipping.
11-04 21:39 root         DEBUG    No ITS stop or start sites were identified for sequence SRR12683146.435.1, skipping.
11-04 21:39 root         DEBUG    No ITS stop or start sites were identified for sequence SRR12683146.436.1, skipping.
11-04 21:39 root         DEBUG    No ITS stop or start sites were identified for sequence SRR12683146.437.1, skipping.
11-04 21:39 root         DEBUG    No ITS stop or start sites were identified for sequence SRR12683146.438.1, skipping.
11-04 21:39 root         DEBUG    No ITS stop or start sites were identified for sequence SRR12683146.100.1, skipping.
11-04 21:39 root         DEBUG    No ITS stop or start sites were identified for sequence SRR12683146.441.1, skipping.
11-04 21:39 root         DEBUG    No ITS stop or start sites were identified for sequence SRR12683146.443.1, skipping.
11-04 21:39 root         DEBUG    No ITS stop or start sites were identified for sequence SRR12683146.132.1, skipping.
11-04 21:39 root         DEBUG    No ITS stop or start sites were identified for sequence SRR12683146.445.1, skipping.
11-04 21:39 root         DEBUG    No ITS stop or start sites were identified for sequence SRR12683146.447.1, skipping.
11-04 21:39 root         DEBUG    No ITS stop or start sites were identified for sequence SRR12683146.8.1, skipping.
11-04 21:39 root         DEBUG    No ITS stop or start sites were identified for sequence SRR12683146.451.1, skipping.
11-04 21:39 root         DEBUG    No ITS stop or start sites were identified for sequence SRR12683146.452.1, skipping.
11-04 21:39 root         DEBUG    No ITS stop or start sites were identified for sequence SRR12683146.453.1, skipping.
11-04 21:39 root         DEBUG    No ITS stop or start sites were identified for sequence SRR12683146.368.1, skipping.
11-04 21:39 root         DEBUG    No ITS stop or start sites were identified for sequence SRR12683146.457.1, skipping.
11-04 21:39 root         DEBUG    No ITS stop or start sites were identified for sequence SRR12683146.64.1, skipping.
11-04 21:39 root         DEBUG    No ITS stop or start sites were identified for sequence SRR12683146.463.1, skipping.
11-04 21:39 root         DEBUG    No ITS stop or start sites were identified for sequence SRR12683146.8.1, skipping.
11-04 21:39 root         DEBUG    No ITS stop or start sites were identified for sequence SRR12683146.8.1, skipping.
11-04 21:39 root         DEBUG    No ITS stop or start sites were identified for sequence SRR12683146.463.1, skipping.
11-04 21:39 root         DEBUG    No ITS stop or start sites were identified for sequence SRR12683146.100.1, skipping.
11-04 21:39 root         DEBUG    No ITS stop or start sites were identified for sequence SRR12683146.31.1, skipping.
11-04 21:39 root         DEBUG    No ITS stop or start sites were identified for sequence SRR12683146.311.1, skipping.
11-04 21:39 root         DEBUG    No ITS stop or start sites were identified for sequence SRR12683146.368.1, skipping.
11-04 21:39 root         DEBUG    No ITS stop or start sites were identified for sequence SRR12683146.8.1, skipping.
11-04 21:39 root         DEBUG    No ITS stop or start sites were identified for sequence SRR12683146.481.1, skipping.
11-04 21:39 root         DEBUG    No ITS stop or start sites were identified for sequence SRR12683146.66.1, skipping.
11-04 21:39 root         DEBUG    No ITS stop or start sites were identified for sequence SRR12683146.100.1, skipping.
11-04 21:39 root         DEBUG    No ITS stop or start sites were identified for sequence SRR12683146.484.1, skipping.
11-04 21:39 root         DEBUG    No ITS stop or start sites were identified for sequence SRR12683146.485.1, skipping.
11-04 21:39 root         DEBUG    No ITS stop or start sites were identified for sequence SRR12683146.487.1, skipping.
11-04 21:39 root         DEBUG    No ITS stop or start sites were identified for sequence SRR12683146.489.1, skipping.
11-04 21:39 root         DEBUG    No ITS stop or start sites were identified for sequence SRR12683146.490.1, skipping.
11-04 21:39 root         DEBUG    No ITS stop or start sites were identified for sequence SRR12683146.491.1, skipping.
11-04 21:39 root         DEBUG    No ITS stop or start sites were identified for sequence SRR12683146.492.1, skipping.
11-04 21:39 root         DEBUG    No ITS stop or start sites were identified for sequence SRR12683146.494.1, skipping.
11-04 21:39 root         DEBUG    No ITS stop or start sites were identified for sequence SRR12683146.496.1, skipping.
11-04 21:39 root         DEBUG    No ITS stop or start sites were identified for sequence SRR12683146.497.1, skipping.
11-04 21:39 root         DEBUG    No ITS stop or start sites were identified for sequence SRR12683146.502.1, skipping.
11-04 21:39 root         DEBUG    No ITS stop or start sites were identified for sequence SRR12683146.504.1, skipping.
11-04 21:39 root         DEBUG    No ITS stop or start sites were identified for sequence SRR12683146.505.1, skipping.
11-04 21:39 root         DEBUG    No ITS stop or start sites were identified for sequence SRR12683146.463.1, skipping.
11-04 21:39 root         DEBUG    No ITS stop or start sites were identified for sequence SRR12683146.507.1, skipping.
11-04 21:39 root         DEBUG    No ITS stop or start sites were identified for sequence SRR12683146.508.1, skipping.
11-04 21:39 root         DEBUG    No ITS stop or start sites were identified for sequence SRR12683146.34.1, skipping.
11-04 21:39 root         DEBUG    No ITS stop or start sites were identified for sequence SRR12683146.511.1, skipping.
11-04 21:39 root         DEBUG    No ITS stop or start sites were identified for sequence SRR12683146.34.1, skipping.
11-04 21:39 root         DEBUG    No ITS stop or start sites were identified for sequence SRR12683146.513.1, skipping.
11-04 21:39 root         DEBUG    No ITS stop or start sites were identified for sequence SRR12683146.8.1, skipping.
11-04 21:39 root         DEBUG    No ITS stop or start sites were identified for sequence SRR12683146.515.1, skipping.
11-04 21:39 root         DEBUG    No ITS stop or start sites were identified for sequence SRR12683146.34.1, skipping.
11-04 21:39 root         DEBUG    No ITS stop or start sites were identified for sequence SRR12683146.517.1, skipping.
11-04 21:39 root         DEBUG    No ITS stop or start sites were identified for sequence SRR12683146.8.1, skipping.
11-04 21:39 root         DEBUG    No ITS stop or start sites were identified for sequence SRR12683146.520.1, skipping.
11-04 21:39 root         DEBUG    No ITS stop or start sites were identified for sequence SRR12683146.37.1, skipping.
11-04 21:39 root         DEBUG    No ITS stop or start sites were identified for sequence SRR12683146.34.1, skipping.
11-04 21:39 root         DEBUG    No ITS stop or start sites were identified for sequence SRR12683146.441.1, skipping.
11-04 21:39 root         DEBUG    No ITS stop or start sites were identified for sequence SRR12683146.8.1, skipping.
11-04 21:39 root         DEBUG    No ITS stop or start sites were identified for sequence SRR12683146.8.1, skipping.
11-04 21:39 root         DEBUG    No ITS stop or start sites were identified for sequence SRR12683146.100.1, skipping.
11-04 21:39 root         DEBUG    No ITS stop or start sites were identified for sequence SRR12683146.530.1, skipping.
11-04 21:39 root         DEBUG    No ITS stop or start sites were identified for sequence SRR12683146.368.1, skipping.
11-04 21:39 root         DEBUG    No ITS stop or start sites were identified for sequence SRR12683146.8.1, skipping.
11-04 21:39 root         DEBUG    No ITS stop or start sites were identified for sequence SRR12683146.8.1, skipping.
11-04 21:39 root         DEBUG    No ITS stop or start sites were identified for sequence SRR12683146.535.1, skipping.
11-04 21:39 root         DEBUG    No ITS stop or start sites were identified for sequence SRR12683146.536.1, skipping.
11-04 21:39 root         DEBUG    No ITS stop or start sites were identified for sequence SRR12683146.34.1, skipping.
11-04 21:39 root         DEBUG    No ITS stop or start sites were identified for sequence SRR12683146.100.1, skipping.
11-04 21:39 root         DEBUG    No ITS stop or start sites were identified for sequence SRR12683146.539.1, skipping.
11-04 21:39 root         DEBUG    No ITS stop or start sites were identified for sequence SRR12683146.542.1, skipping.
11-04 21:39 root         DEBUG    No ITS stop or start sites were identified for sequence SRR12683146.86.1, skipping.
11-04 21:39 root         DEBUG    No ITS stop or start sites were identified for sequence SRR12683146.545.1, skipping.
11-04 21:39 root         DEBUG    No ITS stop or start sites were identified for sequence SRR12683146.548.1, skipping.
11-04 21:39 root         DEBUG    No ITS stop or start sites were identified for sequence SRR12683146.550.1, skipping.
11-04 21:39 root         DEBUG    No ITS stop or start sites were identified for sequence SRR12683146.552.1, skipping.
11-04 21:39 root         DEBUG    No ITS stop or start sites were identified for sequence SRR12683146.553.1, skipping.
11-04 21:39 root         DEBUG    No ITS stop or start sites were identified for sequence SRR12683146.554.1, skipping.
11-04 21:39 root         DEBUG    No ITS stop or start sites were identified for sequence SRR12683146.37.1, skipping.
11-04 21:39 root         DEBUG    No ITS stop or start sites were identified for sequence SRR12683146.52.1, skipping.
11-04 21:39 root         DEBUG    No ITS stop or start sites were identified for sequence SRR12683146.37.1, skipping.
11-04 21:39 root         DEBUG    No ITS stop or start sites were identified for sequence SRR12683146.560.1, skipping.
11-04 21:39 root         DEBUG    No ITS stop or start sites were identified for sequence SRR12683146.100.1, skipping.
11-04 21:39 root         DEBUG    No ITS stop or start sites were identified for sequence SRR12683146.34.1, skipping.
11-04 21:39 root         DEBUG    No ITS stop or start sites were identified for sequence SRR12683146.123.1, skipping.
11-04 21:39 root         DEBUG    No ITS stop or start sites were identified for sequence SRR12683146.34.1, skipping.
11-04 21:39 root         DEBUG    No ITS stop or start sites were identified for sequence SRR12683146.52.1, skipping.
11-04 21:39 root         DEBUG    No ITS stop or start sites were identified for sequence SRR12683146.568.1, skipping.
11-04 21:39 root         DEBUG    No ITS stop or start sites were identified for sequence SRR12683146.62.1, skipping.
11-04 21:39 root         DEBUG    No ITS stop or start sites were identified for sequence SRR12683146.571.1, skipping.
11-04 21:39 root         DEBUG    No ITS stop or start sites were identified for sequence SRR12683146.573.1, skipping.
11-04 21:39 root         DEBUG    No ITS stop or start sites were identified for sequence SRR12683146.37.1, skipping.
11-04 21:39 root         DEBUG    No ITS stop or start sites were identified for sequence SRR12683146.576.1, skipping.
11-04 21:39 root         DEBUG    No ITS stop or start sites were identified for sequence SRR12683146.577.1, skipping.
11-04 21:39 root         DEBUG    No ITS stop or start sites were identified for sequence SRR12683146.578.1, skipping.
11-04 21:39 root         DEBUG    No ITS stop or start sites were identified for sequence SRR12683146.34.1, skipping.
11-04 21:39 root         DEBUG    No ITS stop or start sites were identified for sequence SRR12683146.583.1, skipping.
11-04 21:39 root         DEBUG    No ITS stop or start sites were identified for sequence SRR12683146.252.1, skipping.
11-04 21:39 root         DEBUG    No ITS stop or start sites were identified for sequence SRR12683146.100.1, skipping.
11-04 21:39 root         DEBUG    No ITS stop or start sites were identified for sequence SRR12683146.21.1, skipping.
11-04 21:39 root         DEBUG    No ITS stop or start sites were identified for sequence SRR12683146.368.1, skipping.
11-04 21:39 root         DEBUG    No ITS stop or start sites were identified for sequence SRR12683146.591.1, skipping.
11-04 21:39 root         DEBUG    No ITS stop or start sites were identified for sequence SRR12683146.592.1, skipping.
11-04 21:39 root         DEBUG    No ITS stop or start sites were identified for sequence SRR12683146.595.1, skipping.
11-04 21:39 root         DEBUG    No ITS stop or start sites were identified for sequence SRR12683146.597.1, skipping.
11-04 21:39 root         DEBUG    No ITS stop or start sites were identified for sequence SRR12683146.599.1, skipping.
11-04 21:39 root         DEBUG    No ITS stop or start sites were identified for sequence SRR12683146.34.1, skipping.
11-04 21:39 root         DEBUG    No ITS stop or start sites were identified for sequence SRR12683146.606.1, skipping.
11-04 21:39 root         DEBUG    No ITS stop or start sites were identified for sequence SRR12683146.607.1, skipping.
11-04 21:39 root         DEBUG    No ITS stop or start sites were identified for sequence SRR12683146.37.1, skipping.
11-04 21:39 root         DEBUG    No ITS stop or start sites were identified for sequence SRR12683146.463.1, skipping.
11-04 21:39 root         DEBUG    No ITS stop or start sites were identified for sequence SRR12683146.614.1, skipping.
11-04 21:39 root         DEBUG    No ITS stop or start sites were identified for sequence SRR12683146.615.1, skipping.
11-04 21:39 root         DEBUG    No ITS stop or start sites were identified for sequence SRR12683146.617.1, skipping.
11-04 21:39 root         DEBUG    No ITS stop or start sites were identified for sequence SRR12683146.618.1, skipping.
11-04 21:39 root         DEBUG    No ITS stop or start sites were identified for sequence SRR12683146.619.1, skipping.
11-04 21:39 root         DEBUG    No ITS stop or start sites were identified for sequence SRR12683146.8.1, skipping.
11-04 21:39 root         DEBUG    No ITS stop or start sites were identified for sequence SRR12683146.622.1, skipping.
11-04 21:39 root         DEBUG    No ITS stop or start sites were identified for sequence SRR12683146.623.1, skipping.
11-04 21:39 root         DEBUG    No ITS stop or start sites were identified for sequence SRR12683146.625.1, skipping.
11-04 21:39 root         DEBUG    No ITS stop or start sites were identified for sequence SRR12683146.258.1, skipping.
11-04 21:39 root         DEBUG    No ITS stop or start sites were identified for sequence SRR12683146.61.1, skipping.
11-04 21:39 root         DEBUG    No ITS stop or start sites were identified for sequence SRR12683146.629.1, skipping.
11-04 21:39 root         DEBUG    No ITS stop or start sites were identified for sequence SRR12683146.630.1, skipping.
11-04 21:39 root         DEBUG    No ITS stop or start sites were identified for sequence SRR12683146.115.1, skipping.
11-04 21:39 root         DEBUG    No ITS stop or start sites were identified for sequence SRR12683146.634.1, skipping.
11-04 21:39 root         DEBUG    No ITS stop or start sites were identified for sequence SRR12683146.635.1, skipping.
11-04 21:39 root         DEBUG    No ITS stop or start sites were identified for sequence SRR12683146.52.1, skipping.
11-04 21:39 root         DEBUG    No ITS stop or start sites were identified for sequence SRR12683146.115.1, skipping.
11-04 21:39 root         DEBUG    No ITS stop or start sites were identified for sequence SRR12683146.34.1, skipping.
11-04 21:39 root         DEBUG    No ITS stop or start sites were identified for sequence SRR12683146.643.1, skipping.
11-04 21:39 root         DEBUG    No ITS stop or start sites were identified for sequence SRR12683146.52.1, skipping.
11-04 21:39 root         DEBUG    No ITS stop or start sites were identified for sequence SRR12683146.645.1, skipping.
11-04 21:39 root         DEBUG    No ITS stop or start sites were identified for sequence SRR12683146.646.1, skipping.
11-04 21:39 root         DEBUG    No ITS stop or start sites were identified for sequence SRR12683146.52.1, skipping.
11-04 21:39 root         DEBUG    No ITS stop or start sites were identified for sequence SRR12683146.649.1, skipping.
11-04 21:39 root         DEBUG    No ITS stop or start sites were identified for sequence SRR12683146.8.1, skipping.
11-04 21:39 root         DEBUG    No ITS stop or start sites were identified for sequence SRR12683146.166.1, skipping.
11-04 21:39 root         DEBUG    No ITS stop or start sites were identified for sequence SRR12683146.655.1, skipping.
11-04 21:39 root         DEBUG    No ITS stop or start sites were identified for sequence SRR12683146.656.1, skipping.
11-04 21:39 root         DEBUG    No ITS stop or start sites were identified for sequence SRR12683146.657.1, skipping.
11-04 21:39 root         DEBUG    No ITS stop or start sites were identified for sequence SRR12683146.34.1, skipping.
11-04 21:39 root         DEBUG    No ITS stop or start sites were identified for sequence SRR12683146.1.1, skipping.
11-04 21:39 root         DEBUG    No ITS stop or start sites were identified for sequence SRR12683146.86.1, skipping.
11-04 21:39 root         DEBUG    No ITS stop or start sites were identified for sequence SRR12683146.61.1, skipping.
11-04 21:39 root         DEBUG    No ITS stop or start sites were identified for sequence SRR12683146.668.1, skipping.
11-04 21:39 root         DEBUG    No ITS stop or start sites were identified for sequence SRR12683146.630.1, skipping.
11-04 21:39 root         DEBUG    No ITS stop or start sites were identified for sequence SRR12683146.670.1, skipping.
11-04 21:39 root         DEBUG    No ITS stop or start sites were identified for sequence SRR12683146.672.1, skipping.
11-04 21:39 root         DEBUG    No ITS stop or start sites were identified for sequence SRR12683146.673.1, skipping.
11-04 21:39 root         DEBUG    No ITS stop or start sites were identified for sequence SRR12683146.674.1, skipping.
11-04 21:39 root         DEBUG    No ITS stop or start sites were identified for sequence SRR12683146.52.1, skipping.
11-04 21:39 root         DEBUG    No ITS stop or start sites were identified for sequence SRR12683146.324.1, skipping.
11-04 21:39 root         DEBUG    No ITS stop or start sites were identified for sequence SRR12683146.508.1, skipping.
11-04 21:39 root         DEBUG    No ITS stop or start sites were identified for sequence SRR12683146.123.1, skipping.
11-04 21:39 root         DEBUG    No ITS stop or start sites were identified for sequence SRR12683146.681.1, skipping.
11-04 21:39 root         DEBUG    No ITS stop or start sites were identified for sequence SRR12683146.682.1, skipping.
11-04 21:39 root         DEBUG    No ITS stop or start sites were identified for sequence SRR12683146.685.1, skipping.
11-04 21:39 root         DEBUG    No ITS stop or start sites were identified for sequence SRR12683146.8.1, skipping.
11-04 21:39 root         DEBUG    No ITS stop or start sites were identified for sequence SRR12683146.687.1, skipping.
11-04 21:39 root         DEBUG    No ITS stop or start sites were identified for sequence SRR12683146.688.1, skipping.
11-04 21:39 root         DEBUG    No ITS stop or start sites were identified for sequence SRR12683146.692.1, skipping.
11-04 21:39 root         DEBUG    No ITS stop or start sites were identified for sequence SRR12683146.508.1, skipping.
11-04 21:39 root         DEBUG    No ITS stop or start sites were identified for sequence SRR12683146.37.1, skipping.
11-04 21:39 root         DEBUG    No ITS stop or start sites were identified for sequence SRR12683146.366.1, skipping.
11-04 21:39 root         DEBUG    No ITS stop or start sites were identified for sequence SRR12683146.699.1, skipping.
11-04 21:39 root         DEBUG    No ITS stop or start sites were identified for sequence SRR12683146.700.1, skipping.
11-04 21:39 root         DEBUG    No ITS stop or start sites were identified for sequence SRR12683146.44.1, skipping.
11-04 21:39 root         DEBUG    No ITS stop or start sites were identified for sequence SRR12683146.704.1, skipping.
11-04 21:39 root         DEBUG    No ITS stop or start sites were identified for sequence SRR12683146.705.1, skipping.
11-04 21:39 root         DEBUG    No ITS stop or start sites were identified for sequence SRR12683146.100.1, skipping.
11-04 21:39 root         DEBUG    No ITS stop or start sites were identified for sequence SRR12683146.115.1, skipping.
11-04 21:39 root         DEBUG    No ITS stop or start sites were identified for sequence SRR12683146.710.1, skipping.
11-04 21:39 root         DEBUG    No ITS stop or start sites were identified for sequence SRR12683146.61.1, skipping.
11-04 21:39 root         DEBUG    No ITS stop or start sites were identified for sequence SRR12683146.366.1, skipping.
11-04 21:39 root         DEBUG    No ITS stop or start sites were identified for sequence SRR12683146.86.1, skipping.
11-04 21:39 root         DEBUG    No ITS stop or start sites were identified for sequence SRR12683146.37.1, skipping.
11-04 21:39 root         DEBUG    No ITS stop or start sites were identified for sequence SRR12683146.720.1, skipping.
11-04 21:39 root         DEBUG    No ITS stop or start sites were identified for sequence SRR12683146.258.1, skipping.
11-04 21:39 root         DEBUG    No ITS stop or start sites were identified for sequence SRR12683146.8.1, skipping.
11-04 21:39 root         DEBUG    No ITS stop or start sites were identified for sequence SRR12683146.100.1, skipping.
11-04 21:39 root         DEBUG    No ITS stop or start sites were identified for sequence SRR12683146.34.1, skipping.
11-04 21:39 root         DEBUG    No ITS stop or start sites were identified for sequence SRR12683146.729.1, skipping.
11-04 21:39 root         DEBUG    No ITS stop or start sites were identified for sequence SRR12683146.730.1, skipping.
11-04 21:39 root         DEBUG    No ITS stop or start sites were identified for sequence SRR12683146.732.1, skipping.
11-04 21:39 root         DEBUG    No ITS stop or start sites were identified for sequence SRR12683146.463.1, skipping.
11-04 21:39 root         DEBUG    No ITS stop or start sites were identified for sequence SRR12683146.34.1, skipping.
11-04 21:39 root         DEBUG    No ITS stop or start sites were identified for sequence SRR12683146.746.1, skipping.
11-04 21:39 root         DEBUG    No ITS stop or start sites were identified for sequence SRR12683146.747.1, skipping.
11-04 21:39 root         DEBUG    No ITS stop or start sites were identified for sequence SRR12683146.8.1, skipping.
11-04 21:39 root         DEBUG    No ITS stop or start sites were identified for sequence SRR12683146.751.1, skipping.
11-04 21:39 root         DEBUG    No ITS stop or start sites were identified for sequence SRR12683146.752.1, skipping.
11-04 21:39 root         DEBUG    No ITS stop or start sites were identified for sequence SRR12683146.754.1, skipping.
11-04 21:39 root         DEBUG    No ITS stop or start sites were identified for sequence SRR12683146.756.1, skipping.
11-04 21:39 root         DEBUG    No ITS stop or start sites were identified for sequence SRR12683146.760.1, skipping.
11-04 21:39 root         DEBUG    No ITS stop or start sites were identified for sequence SRR12683146.761.1, skipping.
11-04 21:39 root         DEBUG    No ITS stop or start sites were identified for sequence SRR12683146.8.1, skipping.
11-04 21:39 root         DEBUG    No ITS stop or start sites were identified for sequence SRR12683146.100.1, skipping.
11-04 21:39 root         DEBUG    No ITS stop or start sites were identified for sequence SRR12683146.34.1, skipping.
11-04 21:39 root         DEBUG    No ITS stop or start sites were identified for sequence SRR12683146.768.1, skipping.
11-04 21:39 root         DEBUG    No ITS stop or start sites were identified for sequence SRR12683146.34.1, skipping.
11-04 21:39 root         DEBUG    No ITS stop or start sites were identified for sequence SRR12683146.8.1, skipping.
11-04 21:39 root         DEBUG    No ITS stop or start sites were identified for sequence SRR12683146.376.1, skipping.
11-04 21:39 root         DEBUG    No ITS stop or start sites were identified for sequence SRR12683146.34.1, skipping.
11-04 21:39 root         DEBUG    No ITS stop or start sites were identified for sequence SRR12683146.775.1, skipping.
11-04 21:39 root         DEBUG    No ITS stop or start sites were identified for sequence SRR12683146.31.1, skipping.
11-04 21:39 root         DEBUG    No ITS stop or start sites were identified for sequence SRR12683146.777.1, skipping.
11-04 21:39 root         DEBUG    No ITS stop or start sites were identified for sequence SRR12683146.778.1, skipping.
11-04 21:39 root         DEBUG    No ITS stop or start sites were identified for sequence SRR12683146.785.1, skipping.
11-04 21:39 root         DEBUG    No ITS stop or start sites were identified for sequence SRR12683146.100.1, skipping.
11-04 21:39 root         DEBUG    No ITS stop or start sites were identified for sequence SRR12683146.792.1, skipping.
11-04 21:39 root         DEBUG    No ITS stop or start sites were identified for sequence SRR12683146.793.1, skipping.
11-04 21:39 root         DEBUG    No ITS stop or start sites were identified for sequence SRR12683146.436.1, skipping.
11-04 21:39 root         DEBUG    No ITS stop or start sites were identified for sequence SRR12683146.8.1, skipping.
11-04 21:39 root         DEBUG    No ITS stop or start sites were identified for sequence SRR12683146.8.1, skipping.
11-04 21:39 root         DEBUG    No ITS stop or start sites were identified for sequence SRR12683146.798.1, skipping.
11-04 21:39 root         DEBUG    No ITS stop or start sites were identified for sequence SRR12683146.799.1, skipping.
11-04 21:39 root         DEBUG    No ITS stop or start sites were identified for sequence SRR12683146.801.1, skipping.
11-04 21:39 root         DEBUG    No ITS stop or start sites were identified for sequence SRR12683146.806.1, skipping.
11-04 21:39 root         DEBUG    No ITS stop or start sites were identified for sequence SRR12683146.8.1, skipping.
11-04 21:39 root         DEBUG    No ITS stop or start sites were identified for sequence SRR12683146.808.1, skipping.
11-04 21:39 root         DEBUG    No ITS stop or start sites were identified for sequence SRR12683146.100.1, skipping.
11-04 21:39 root         DEBUG    No ITS stop or start sites were identified for sequence SRR12683146.810.1, skipping.
11-04 21:39 root         DEBUG    No ITS stop or start sites were identified for sequence SRR12683146.813.1, skipping.
11-04 21:39 root         DEBUG    No ITS stop or start sites were identified for sequence SRR12683146.816.1, skipping.
11-04 21:39 root         DEBUG    No ITS stop or start sites were identified for sequence SRR12683146.817.1, skipping.
11-04 21:39 root         DEBUG    No ITS stop or start sites were identified for sequence SRR12683146.818.1, skipping.
11-04 21:39 root         DEBUG    No ITS stop or start sites were identified for sequence SRR12683146.819.1, skipping.
11-04 21:39 root         DEBUG    No ITS stop or start sites were identified for sequence SRR12683146.820.1, skipping.
11-04 21:39 root         DEBUG    No ITS stop or start sites were identified for sequence SRR12683146.823.1, skipping.
11-04 21:39 root         DEBUG    No ITS stop or start sites were identified for sequence SRR12683146.824.1, skipping.
11-04 21:39 root         DEBUG    No ITS stop or start sites were identified for sequence SRR12683146.825.1, skipping.
11-04 21:39 root         DEBUG    No ITS stop or start sites were identified for sequence SRR12683146.828.1, skipping.
11-04 21:39 root         DEBUG    No ITS stop or start sites were identified for sequence SRR12683146.829.1, skipping.
11-04 21:39 root         DEBUG    No ITS stop or start sites were identified for sequence SRR12683146.830.1, skipping.
11-04 21:39 root         DEBUG    No ITS stop or start sites were identified for sequence SRR12683146.832.1, skipping.
11-04 21:39 root         DEBUG    No ITS stop or start sites were identified for sequence SRR12683146.823.1, skipping.
11-04 21:39 root         DEBUG    No ITS stop or start sites were identified for sequence SRR12683146.836.1, skipping.
11-04 21:39 root         DEBUG    No ITS stop or start sites were identified for sequence SRR12683146.844.1, skipping.
11-04 21:39 root         DEBUG    No ITS stop or start sites were identified for sequence SRR12683146.846.1, skipping.
11-04 21:39 root         DEBUG    No ITS stop or start sites were identified for sequence SRR12683146.185.1, skipping.
11-04 21:39 root         DEBUG    No ITS stop or start sites were identified for sequence SRR12683146.62.1, skipping.
11-04 21:39 root         DEBUG    No ITS stop or start sites were identified for sequence SRR12683146.100.1, skipping.
11-04 21:39 root         DEBUG    No ITS stop or start sites were identified for sequence SRR12683146.856.1, skipping.
11-04 21:39 root         DEBUG    No ITS stop or start sites were identified for sequence SRR12683146.858.1, skipping.
11-04 21:39 root         DEBUG    No ITS stop or start sites were identified for sequence SRR12683146.860.1, skipping.
11-04 21:39 root         DEBUG    No ITS stop or start sites were identified for sequence SRR12683146.861.1, skipping.
11-04 21:39 root         DEBUG    No ITS stop or start sites were identified for sequence SRR12683146.34.1, skipping.
11-04 21:39 root         DEBUG    No ITS stop or start sites were identified for sequence SRR12683146.868.1, skipping.
11-04 21:39 root         DEBUG    No ITS stop or start sites were identified for sequence SRR12683146.64.1, skipping.
11-04 21:39 root         DEBUG    No ITS stop or start sites were identified for sequence SRR12683146.880.1, skipping.
11-04 21:39 root         DEBUG    No ITS stop or start sites were identified for sequence SRR12683146.882.1, skipping.
11-04 21:39 root         DEBUG    No ITS stop or start sites were identified for sequence SRR12683146.122.1, skipping.
11-04 21:39 root         DEBUG    No ITS stop or start sites were identified for sequence SRR12683146.885.1, skipping.
11-04 21:39 root         DEBUG    No ITS stop or start sites were identified for sequence SRR12683146.37.1, skipping.
11-04 21:39 root         DEBUG    No ITS stop or start sites were identified for sequence SRR12683146.34.1, skipping.
11-04 21:39 root         DEBUG    No ITS stop or start sites were identified for sequence SRR12683146.37.1, skipping.
11-04 21:39 root         DEBUG    No ITS stop or start sites were identified for sequence SRR12683146.898.1, skipping.
11-04 21:39 root         DEBUG    No ITS stop or start sites were identified for sequence SRR12683146.37.1, skipping.
11-04 21:39 root         DEBUG    No ITS stop or start sites were identified for sequence SRR12683146.276.1, skipping.
11-04 21:39 root         DEBUG    No ITS stop or start sites were identified for sequence SRR12683146.100.1, skipping.
11-04 21:39 root         DEBUG    No ITS stop or start sites were identified for sequence SRR12683146.910.1, skipping.
11-04 21:39 root         DEBUG    No ITS stop or start sites were identified for sequence SRR12683146.911.1, skipping.
11-04 21:39 root         DEBUG    No ITS stop or start sites were identified for sequence SRR12683146.484.1, skipping.
11-04 21:39 root         DEBUG    No ITS stop or start sites were identified for sequence SRR12683146.185.1, skipping.
11-04 21:39 root         DEBUG    No ITS stop or start sites were identified for sequence SRR12683146.34.1, skipping.
11-04 21:39 root         DEBUG    No ITS stop or start sites were identified for sequence SRR12683146.52.1, skipping.
11-04 21:39 root         DEBUG    No ITS stop or start sites were identified for sequence SRR12683146.100.1, skipping.
11-04 21:39 root         DEBUG    No ITS stop or start sites were identified for sequence SRR12683146.52.1, skipping.
11-04 21:39 root         DEBUG    No ITS stop or start sites were identified for sequence SRR12683146.925.1, skipping.
11-04 21:39 root         DEBUG    No ITS stop or start sites were identified for sequence SRR12683146.34.1, skipping.
11-04 21:39 root         DEBUG    No ITS stop or start sites were identified for sequence SRR12683146.927.1, skipping.
11-04 21:39 root         DEBUG    No ITS stop or start sites were identified for sequence SRR12683146.928.1, skipping.
11-04 21:39 root         DEBUG    No ITS stop or start sites were identified for sequence SRR12683146.930.1, skipping.
11-04 21:39 root         DEBUG    No ITS stop or start sites were identified for sequence SRR12683146.932.1, skipping.
11-04 21:39 root         DEBUG    No ITS stop or start sites were identified for sequence SRR12683146.933.1, skipping.
11-04 21:39 root         DEBUG    No ITS stop or start sites were identified for sequence SRR12683146.934.1, skipping.
11-04 21:39 root         DEBUG    No ITS stop or start sites were identified for sequence SRR12683146.51.1, skipping.
11-04 21:39 root         DEBUG    No ITS stop or start sites were identified for sequence SRR12683146.942.1, skipping.
11-04 21:39 root         DEBUG    No ITS stop or start sites were identified for sequence SRR12683146.34.1, skipping.
11-04 21:39 root         DEBUG    No ITS stop or start sites were identified for sequence SRR12683146.34.1, skipping.
11-04 21:39 root         DEBUG    No ITS stop or start sites were identified for sequence SRR12683146.947.1, skipping.
11-04 21:39 root         DEBUG    No ITS stop or start sites were identified for sequence SRR12683146.52.1, skipping.
11-04 21:39 root         DEBUG    No ITS stop or start sites were identified for sequence SRR12683146.954.1, skipping.
11-04 21:39 root         DEBUG    No ITS stop or start sites were identified for sequence SRR12683146.955.1, skipping.
11-04 21:39 root         DEBUG    No ITS stop or start sites were identified for sequence SRR12683146.1.1, skipping.
11-04 21:39 root         DEBUG    No ITS stop or start sites were identified for sequence SRR12683146.34.1, skipping.
11-04 21:39 root         DEBUG    No ITS stop or start sites were identified for sequence SRR12683146.959.1, skipping.
11-04 21:39 root         DEBUG    No ITS stop or start sites were identified for sequence SRR12683146.961.1, skipping.
11-04 21:39 root         DEBUG    No ITS stop or start sites were identified for sequence SRR12683146.963.1, skipping.
11-04 21:39 root         DEBUG    No ITS stop or start sites were identified for sequence SRR12683146.964.1, skipping.
11-04 21:39 root         DEBUG    No ITS stop or start sites were identified for sequence SRR12683146.965.1, skipping.
11-04 21:39 root         DEBUG    No ITS stop or start sites were identified for sequence SRR12683146.968.1, skipping.
11-04 21:39 root         DEBUG    No ITS stop or start sites were identified for sequence SRR12683146.100.1, skipping.
11-04 21:39 root         DEBUG    No ITS stop or start sites were identified for sequence SRR12683146.8.1, skipping.
11-04 21:39 root         DEBUG    No ITS stop or start sites were identified for sequence SRR12683146.972.1, skipping.
11-04 21:39 root         DEBUG    No ITS stop or start sites were identified for sequence SRR12683146.973.1, skipping.
11-04 21:39 root         DEBUG    No ITS stop or start sites were identified for sequence SRR12683146.100.1, skipping.
11-04 21:39 root         DEBUG    No ITS stop or start sites were identified for sequence SRR12683146.975.1, skipping.
11-04 21:39 root         DEBUG    No ITS stop or start sites were identified for sequence SRR12683146.62.1, skipping.
11-04 21:39 root         DEBUG    No ITS stop or start sites were identified for sequence SRR12683146.86.1, skipping.
11-04 21:39 root         DEBUG    No ITS stop or start sites were identified for sequence SRR12683146.982.1, skipping.
11-04 21:39 root         DEBUG    No ITS stop or start sites were identified for sequence SRR12683146.8.1, skipping.
11-04 21:39 root         DEBUG    No ITS stop or start sites were identified for sequence SRR12683146.34.1, skipping.
11-04 21:39 root         DEBUG    No ITS stop or start sites were identified for sequence SRR12683146.368.1, skipping.
11-04 21:39 root         DEBUG    No ITS stop or start sites were identified for sequence SRR12683146.990.1, skipping.
11-04 21:39 root         DEBUG    No ITS stop or start sites were identified for sequence SRR12683146.991.1, skipping.
11-04 21:39 root         DEBUG    No ITS stop or start sites were identified for sequence SRR12683146.52.1, skipping.
11-04 21:39 root         DEBUG    No ITS stop or start sites were identified for sequence SRR12683146.37.1, skipping.
11-04 21:39 root         DEBUG    No ITS stop or start sites were identified for sequence SRR12683146.996.1, skipping.
11-04 21:39 root         DEBUG    No ITS stop or start sites were identified for sequence SRR12683146.100.1, skipping.
11-04 21:39 root         DEBUG    No ITS stop or start sites were identified for sequence SRR12683146.62.1, skipping.
11-04 21:39 root         DEBUG    No ITS stop or start sites were identified for sequence SRR12683146.1006.1, skipping.
11-04 21:39 root         DEBUG    No ITS stop or start sites were identified for sequence SRR12683146.61.1, skipping.
11-04 21:39 root         DEBUG    No ITS stop or start sites were identified for sequence SRR12683146.463.1, skipping.
11-04 21:39 root         DEBUG    No ITS stop or start sites were identified for sequence SRR12683146.1010.1, skipping.
11-04 21:39 root         DEBUG    No ITS stop or start sites were identified for sequence SRR12683146.37.1, skipping.
11-04 21:39 root         DEBUG    No ITS stop or start sites were identified for sequence SRR12683146.8.1, skipping.
11-04 21:39 root         DEBUG    No ITS stop or start sites were identified for sequence SRR12683146.34.1, skipping.
11-04 21:39 root         DEBUG    No ITS stop or start sites were identified for sequence SRR12683146.37.1, skipping.
11-04 21:39 root         DEBUG    No ITS stop or start sites were identified for sequence SRR12683146.110.1, skipping.
11-04 21:39 root         DEBUG    No ITS stop or start sites were identified for sequence SRR12683146.368.1, skipping.
11-04 21:39 root         DEBUG    No ITS stop or start sites were identified for sequence SRR12683146.368.1, skipping.
11-04 21:39 root         DEBUG    No ITS stop or start sites were identified for sequence SRR12683146.1019.1, skipping.
11-04 21:39 root         DEBUG    No ITS stop or start sites were identified for sequence SRR12683146.1020.1, skipping.
11-04 21:39 root         DEBUG    No ITS stop or start sites were identified for sequence SRR12683146.100.1, skipping.
11-04 21:39 root         DEBUG    No ITS stop or start sites were identified for sequence SRR12683146.1024.1, skipping.
11-04 21:39 root         DEBUG    No ITS stop or start sites were identified for sequence SRR12683146.1025.1, skipping.
11-04 21:39 root         DEBUG    No ITS stop or start sites were identified for sequence SRR12683146.1027.1, skipping.
11-04 21:39 root         DEBUG    No ITS stop or start sites were identified for sequence SRR12683146.61.1, skipping.
11-04 21:39 root         DEBUG    No ITS stop or start sites were identified for sequence SRR12683146.1034.1, skipping.
11-04 21:39 root         DEBUG    No ITS stop or start sites were identified for sequence SRR12683146.1035.1, skipping.
11-04 21:39 root         DEBUG    No ITS stop or start sites were identified for sequence SRR12683146.1036.1, skipping.
11-04 21:39 root         DEBUG    No ITS stop or start sites were identified for sequence SRR12683146.1041.1, skipping.
11-04 21:39 root         DEBUG    No ITS stop or start sites were identified for sequence SRR12683146.1042.1, skipping.
11-04 21:39 root         DEBUG    No ITS stop or start sites were identified for sequence SRR12683146.1046.1, skipping.
11-04 21:39 root         DEBUG    No ITS stop or start sites were identified for sequence SRR12683146.52.1, skipping.
11-04 21:39 root         DEBUG    No ITS stop or start sites were identified for sequence SRR12683146.34.1, skipping.
11-04 21:39 root         DEBUG    No ITS stop or start sites were identified for sequence SRR12683146.37.1, skipping.
11-04 21:39 root         DEBUG    No ITS stop or start sites were identified for sequence SRR12683146.1057.1, skipping.
11-04 21:39 root         DEBUG    No ITS stop or start sites were identified for sequence SRR12683146.618.1, skipping.
11-04 21:39 root         DEBUG    No ITS stop or start sites were identified for sequence SRR12683146.115.1, skipping.
11-04 21:39 root         DEBUG    No ITS stop or start sites were identified for sequence SRR12683146.1063.1, skipping.
11-04 21:39 root         DEBUG    No ITS stop or start sites were identified for sequence SRR12683146.1064.1, skipping.
11-04 21:39 root         DEBUG    No ITS stop or start sites were identified for sequence SRR12683146.34.1, skipping.
11-04 21:39 root         DEBUG    No ITS stop or start sites were identified for sequence SRR12683146.1067.1, skipping.
11-04 21:39 root         DEBUG    No ITS stop or start sites were identified for sequence SRR12683146.1068.1, skipping.
11-04 21:39 root         DEBUG    No ITS stop or start sites were identified for sequence SRR12683146.115.1, skipping.
11-04 21:39 root         DEBUG    No ITS stop or start sites were identified for sequence SRR12683146.1070.1, skipping.
11-04 21:39 root         DEBUG    No ITS stop or start sites were identified for sequence SRR12683146.86.1, skipping.
11-04 21:39 root         DEBUG    No ITS stop or start sites were identified for sequence SRR12683146.1073.1, skipping.
11-04 21:39 root         DEBUG    No ITS stop or start sites were identified for sequence SRR12683146.1074.1, skipping.
11-04 21:39 root         DEBUG    No ITS stop or start sites were identified for sequence SRR12683146.1077.1, skipping.
11-04 21:39 root         DEBUG    No ITS stop or start sites were identified for sequence SRR12683146.1078.1, skipping.
11-04 21:39 root         DEBUG    No ITS stop or start sites were identified for sequence SRR12683146.1082.1, skipping.
11-04 21:39 root         DEBUG    No ITS stop or start sites were identified for sequence SRR12683146.1085.1, skipping.
11-04 21:39 root         DEBUG    No ITS stop or start sites were identified for sequence SRR12683146.1087.1, skipping.
11-04 21:39 root         DEBUG    No ITS stop or start sites were identified for sequence SRR12683146.1090.1, skipping.
11-04 21:39 root         DEBUG    No ITS stop or start sites were identified for sequence SRR12683146.1091.1, skipping.
11-04 21:39 root         DEBUG    No ITS stop or start sites were identified for sequence SRR12683146.1092.1, skipping.
11-04 21:39 root         DEBUG    No ITS stop or start sites were identified for sequence SRR12683146.1096.1, skipping.
11-04 21:39 root         INFO     ITSxpress ran in 00:00:08
