11-05 13:19 root         INFO     Verifying the input sequences.
11-05 13:19 root         INFO     Sequences are assumed to be single-end.
11-05 13:19 root         INFO     Temporary directory is: /tmp/itsxpress_3noq7a2q
11-05 13:19 root         INFO     Unique sequences are being written to a temporary FASTA file with Vsearch.
11-05 13:19 root         INFO     vsearch v2.7.1_linux_x86_64, 15.6GB RAM, 4 cores
https://github.com/torognes/vsearch

Reading file SRR12683249_pass_1.fastq.gz 100%
2275441 nt in 7590 seqs, min 37, max 301, avg 300
Dereplicating 100%
Sorting 100%
5537 unique sequences, avg cluster 1.4, median 1, max 549
Writing output file 100%
Writing uc file, first part 100%
Writing uc file, second part 100%

11-05 13:19 root         INFO     Searching for ITS start and stop sites using HMMSearch. This step takes a while.
11-05 13:20 root         INFO     Parsing HMM results.
11-05 13:20 root         INFO     Writing out sequences
11-05 13:20 root         DEBUG    No ITS stop or start sites were identified for sequence SRR12683249.46.1, skipping.
11-05 13:20 root         DEBUG    No ITS stop or start sites were identified for sequence SRR12683249.106.1, skipping.
11-05 13:20 root         DEBUG    No ITS stop or start sites were identified for sequence SRR12683249.180.1, skipping.
11-05 13:20 root         DEBUG    No ITS stop or start sites were identified for sequence SRR12683249.206.1, skipping.
11-05 13:20 root         DEBUG    No ITS stop or start sites were identified for sequence SRR12683249.354.1, skipping.
11-05 13:20 root         DEBUG    No ITS stop or start sites were identified for sequence SRR12683249.369.1, skipping.
11-05 13:20 root         DEBUG    No ITS stop or start sites were identified for sequence SRR12683249.384.1, skipping.
11-05 13:20 root         DEBUG    No ITS stop or start sites were identified for sequence SRR12683249.423.1, skipping.
11-05 13:20 root         DEBUG    No ITS stop or start sites were identified for sequence SRR12683249.426.1, skipping.
11-05 13:20 root         DEBUG    No ITS stop or start sites were identified for sequence SRR12683249.433.1, skipping.
11-05 13:20 root         DEBUG    No ITS stop or start sites were identified for sequence SRR12683249.434.1, skipping.
11-05 13:20 root         DEBUG    No ITS stop or start sites were identified for sequence SRR12683249.443.1, skipping.
11-05 13:20 root         DEBUG    No ITS stop or start sites were identified for sequence SRR12683249.448.1, skipping.
11-05 13:20 root         DEBUG    No ITS stop or start sites were identified for sequence SRR12683249.452.1, skipping.
11-05 13:20 root         DEBUG    No ITS stop or start sites were identified for sequence SRR12683249.106.1, skipping.
11-05 13:20 root         DEBUG    No ITS stop or start sites were identified for sequence SRR12683249.459.1, skipping.
11-05 13:20 root         DEBUG    No ITS stop or start sites were identified for sequence SRR12683249.470.1, skipping.
11-05 13:20 root         DEBUG    No ITS stop or start sites were identified for sequence SRR12683249.489.1, skipping.
11-05 13:20 root         DEBUG    No ITS stop or start sites were identified for sequence SRR12683249.499.1, skipping.
11-05 13:20 root         DEBUG    No ITS stop or start sites were identified for sequence SRR12683249.513.1, skipping.
11-05 13:20 root         DEBUG    No ITS stop or start sites were identified for sequence SRR12683249.526.1, skipping.
11-05 13:20 root         DEBUG    No ITS stop or start sites were identified for sequence SRR12683249.423.1, skipping.
11-05 13:20 root         DEBUG    No ITS stop or start sites were identified for sequence SRR12683249.635.1, skipping.
11-05 13:20 root         DEBUG    No ITS stop or start sites were identified for sequence SRR12683249.669.1, skipping.
11-05 13:20 root         DEBUG    No ITS stop or start sites were identified for sequence SRR12683249.670.1, skipping.
11-05 13:20 root         DEBUG    No ITS stop or start sites were identified for sequence SRR12683249.678.1, skipping.
11-05 13:20 root         DEBUG    No ITS stop or start sites were identified for sequence SRR12683249.705.1, skipping.
11-05 13:20 root         DEBUG    No ITS stop or start sites were identified for sequence SRR12683249.711.1, skipping.
11-05 13:20 root         DEBUG    No ITS stop or start sites were identified for sequence SRR12683249.723.1, skipping.
11-05 13:20 root         DEBUG    No ITS stop or start sites were identified for sequence SRR12683249.732.1, skipping.
11-05 13:20 root         DEBUG    No ITS stop or start sites were identified for sequence SRR12683249.106.1, skipping.
11-05 13:20 root         DEBUG    No ITS stop or start sites were identified for sequence SRR12683249.459.1, skipping.
11-05 13:20 root         DEBUG    No ITS stop or start sites were identified for sequence SRR12683249.459.1, skipping.
11-05 13:20 root         DEBUG    No ITS stop or start sites were identified for sequence SRR12683249.852.1, skipping.
11-05 13:20 root         DEBUG    No ITS stop or start sites were identified for sequence SRR12683249.106.1, skipping.
11-05 13:20 root         DEBUG    No ITS stop or start sites were identified for sequence SRR12683249.940.1, skipping.
11-05 13:20 root         DEBUG    No ITS stop or start sites were identified for sequence SRR12683249.448.1, skipping.
11-05 13:20 root         DEBUG    No ITS stop or start sites were identified for sequence SRR12683249.972.1, skipping.
11-05 13:20 root         DEBUG    No ITS stop or start sites were identified for sequence SRR12683249.973.1, skipping.
11-05 13:20 root         DEBUG    No ITS stop or start sites were identified for sequence SRR12683249.978.1, skipping.
11-05 13:20 root         DEBUG    No ITS stop or start sites were identified for sequence SRR12683249.979.1, skipping.
11-05 13:20 root         DEBUG    No ITS stop or start sites were identified for sequence SRR12683249.986.1, skipping.
11-05 13:20 root         DEBUG    No ITS stop or start sites were identified for sequence SRR12683249.988.1, skipping.
11-05 13:20 root         DEBUG    No ITS stop or start sites were identified for sequence SRR12683249.1015.1, skipping.
11-05 13:20 root         DEBUG    No ITS stop or start sites were identified for sequence SRR12683249.1017.1, skipping.
11-05 13:20 root         DEBUG    No ITS stop or start sites were identified for sequence SRR12683249.1024.1, skipping.
11-05 13:20 root         DEBUG    No ITS stop or start sites were identified for sequence SRR12683249.1035.1, skipping.
11-05 13:20 root         DEBUG    No ITS stop or start sites were identified for sequence SRR12683249.1035.1, skipping.
11-05 13:20 root         DEBUG    No ITS stop or start sites were identified for sequence SRR12683249.1046.1, skipping.
11-05 13:20 root         DEBUG    No ITS stop or start sites were identified for sequence SRR12683249.1050.1, skipping.
11-05 13:20 root         DEBUG    No ITS stop or start sites were identified for sequence SRR12683249.1063.1, skipping.
11-05 13:20 root         DEBUG    No ITS stop or start sites were identified for sequence SRR12683249.1107.1, skipping.
11-05 13:20 root         DEBUG    No ITS stop or start sites were identified for sequence SRR12683249.1143.1, skipping.
11-05 13:20 root         DEBUG    No ITS stop or start sites were identified for sequence SRR12683249.459.1, skipping.
11-05 13:20 root         DEBUG    No ITS stop or start sites were identified for sequence SRR12683249.1162.1, skipping.
11-05 13:20 root         DEBUG    No ITS stop or start sites were identified for sequence SRR12683249.443.1, skipping.
11-05 13:20 root         DEBUG    No ITS stop or start sites were identified for sequence SRR12683249.1254.1, skipping.
11-05 13:20 root         DEBUG    No ITS stop or start sites were identified for sequence SRR12683249.1255.1, skipping.
11-05 13:20 root         DEBUG    No ITS stop or start sites were identified for sequence SRR12683249.1257.1, skipping.
11-05 13:20 root         DEBUG    No ITS stop or start sites were identified for sequence SRR12683249.1295.1, skipping.
11-05 13:20 root         DEBUG    No ITS stop or start sites were identified for sequence SRR12683249.1321.1, skipping.
11-05 13:20 root         DEBUG    No ITS stop or start sites were identified for sequence SRR12683249.1322.1, skipping.
11-05 13:20 root         DEBUG    No ITS stop or start sites were identified for sequence SRR12683249.1324.1, skipping.
11-05 13:20 root         DEBUG    No ITS stop or start sites were identified for sequence SRR12683249.1325.1, skipping.
11-05 13:20 root         DEBUG    No ITS stop or start sites were identified for sequence SRR12683249.1363.1, skipping.
11-05 13:20 root         DEBUG    No ITS stop or start sites were identified for sequence SRR12683249.1370.1, skipping.
11-05 13:20 root         DEBUG    No ITS stop or start sites were identified for sequence SRR12683249.106.1, skipping.
11-05 13:20 root         DEBUG    No ITS stop or start sites were identified for sequence SRR12683249.1390.1, skipping.
11-05 13:20 root         DEBUG    No ITS stop or start sites were identified for sequence SRR12683249.459.1, skipping.
11-05 13:20 root         DEBUG    No ITS stop or start sites were identified for sequence SRR12683249.1427.1, skipping.
11-05 13:20 root         DEBUG    No ITS stop or start sites were identified for sequence SRR12683249.1436.1, skipping.
11-05 13:20 root         DEBUG    No ITS stop or start sites were identified for sequence SRR12683249.705.1, skipping.
11-05 13:20 root         DEBUG    No ITS stop or start sites were identified for sequence SRR12683249.705.1, skipping.
11-05 13:20 root         DEBUG    No ITS stop or start sites were identified for sequence SRR12683249.1461.1, skipping.
11-05 13:20 root         DEBUG    No ITS stop or start sites were identified for sequence SRR12683249.1505.1, skipping.
11-05 13:20 root         DEBUG    No ITS stop or start sites were identified for sequence SRR12683249.1512.1, skipping.
11-05 13:20 root         DEBUG    No ITS stop or start sites were identified for sequence SRR12683249.1534.1, skipping.
11-05 13:20 root         DEBUG    No ITS stop or start sites were identified for sequence SRR12683249.1107.1, skipping.
11-05 13:20 root         DEBUG    No ITS stop or start sites were identified for sequence SRR12683249.1546.1, skipping.
11-05 13:20 root         DEBUG    No ITS stop or start sites were identified for sequence SRR12683249.1547.1, skipping.
11-05 13:20 root         DEBUG    No ITS stop or start sites were identified for sequence SRR12683249.106.1, skipping.
11-05 13:20 root         DEBUG    No ITS stop or start sites were identified for sequence SRR12683249.1556.1, skipping.
11-05 13:20 root         DEBUG    No ITS stop or start sites were identified for sequence SRR12683249.1584.1, skipping.
11-05 13:20 root         DEBUG    No ITS stop or start sites were identified for sequence SRR12683249.1605.1, skipping.
11-05 13:20 root         DEBUG    No ITS stop or start sites were identified for sequence SRR12683249.1615.1, skipping.
11-05 13:20 root         DEBUG    No ITS stop or start sites were identified for sequence SRR12683249.1631.1, skipping.
11-05 13:20 root         DEBUG    No ITS stop or start sites were identified for sequence SRR12683249.1646.1, skipping.
11-05 13:20 root         DEBUG    No ITS stop or start sites were identified for sequence SRR12683249.1674.1, skipping.
11-05 13:20 root         DEBUG    No ITS stop or start sites were identified for sequence SRR12683249.1682.1, skipping.
11-05 13:20 root         DEBUG    No ITS stop or start sites were identified for sequence SRR12683249.459.1, skipping.
11-05 13:20 root         DEBUG    No ITS stop or start sites were identified for sequence SRR12683249.1736.1, skipping.
11-05 13:20 root         DEBUG    No ITS stop or start sites were identified for sequence SRR12683249.1751.1, skipping.
11-05 13:20 root         DEBUG    No ITS stop or start sites were identified for sequence SRR12683249.1789.1, skipping.
11-05 13:20 root         DEBUG    No ITS stop or start sites were identified for sequence SRR12683249.1798.1, skipping.
11-05 13:20 root         DEBUG    No ITS stop or start sites were identified for sequence SRR12683249.1850.1, skipping.
11-05 13:20 root         DEBUG    No ITS stop or start sites were identified for sequence SRR12683249.1855.1, skipping.
11-05 13:20 root         DEBUG    No ITS stop or start sites were identified for sequence SRR12683249.1884.1, skipping.
11-05 13:20 root         DEBUG    No ITS stop or start sites were identified for sequence SRR12683249.1914.1, skipping.
11-05 13:20 root         DEBUG    No ITS stop or start sites were identified for sequence SRR12683249.106.1, skipping.
11-05 13:20 root         DEBUG    No ITS stop or start sites were identified for sequence SRR12683249.1958.1, skipping.
11-05 13:20 root         DEBUG    No ITS stop or start sites were identified for sequence SRR12683249.1973.1, skipping.
11-05 13:20 root         DEBUG    No ITS stop or start sites were identified for sequence SRR12683249.1107.1, skipping.
11-05 13:20 root         DEBUG    No ITS stop or start sites were identified for sequence SRR12683249.1982.1, skipping.
11-05 13:20 root         DEBUG    No ITS stop or start sites were identified for sequence SRR12683249.1107.1, skipping.
11-05 13:20 root         DEBUG    No ITS stop or start sites were identified for sequence SRR12683249.2001.1, skipping.
11-05 13:20 root         DEBUG    No ITS stop or start sites were identified for sequence SRR12683249.2003.1, skipping.
11-05 13:20 root         DEBUG    No ITS stop or start sites were identified for sequence SRR12683249.2030.1, skipping.
11-05 13:20 root         DEBUG    No ITS stop or start sites were identified for sequence SRR12683249.2044.1, skipping.
11-05 13:20 root         DEBUG    No ITS stop or start sites were identified for sequence SRR12683249.2065.1, skipping.
11-05 13:20 root         DEBUG    No ITS stop or start sites were identified for sequence SRR12683249.2071.1, skipping.
11-05 13:20 root         DEBUG    No ITS stop or start sites were identified for sequence SRR12683249.459.1, skipping.
11-05 13:20 root         DEBUG    No ITS stop or start sites were identified for sequence SRR12683249.448.1, skipping.
11-05 13:20 root         DEBUG    No ITS stop or start sites were identified for sequence SRR12683249.2122.1, skipping.
11-05 13:20 root         DEBUG    No ITS stop or start sites were identified for sequence SRR12683249.2135.1, skipping.
11-05 13:20 root         DEBUG    No ITS stop or start sites were identified for sequence SRR12683249.2160.1, skipping.
11-05 13:20 root         DEBUG    No ITS stop or start sites were identified for sequence SRR12683249.2176.1, skipping.
11-05 13:20 root         DEBUG    No ITS stop or start sites were identified for sequence SRR12683249.2177.1, skipping.
11-05 13:20 root         DEBUG    No ITS stop or start sites were identified for sequence SRR12683249.2190.1, skipping.
11-05 13:20 root         DEBUG    No ITS stop or start sites were identified for sequence SRR12683249.2200.1, skipping.
11-05 13:20 root         DEBUG    No ITS stop or start sites were identified for sequence SRR12683249.2205.1, skipping.
11-05 13:20 root         DEBUG    No ITS stop or start sites were identified for sequence SRR12683249.1321.1, skipping.
11-05 13:20 root         DEBUG    No ITS stop or start sites were identified for sequence SRR12683249.2222.1, skipping.
11-05 13:20 root         DEBUG    No ITS stop or start sites were identified for sequence SRR12683249.2242.1, skipping.
11-05 13:20 root         DEBUG    No ITS stop or start sites were identified for sequence SRR12683249.2243.1, skipping.
11-05 13:20 root         DEBUG    No ITS stop or start sites were identified for sequence SRR12683249.2254.1, skipping.
11-05 13:20 root         DEBUG    No ITS stop or start sites were identified for sequence SRR12683249.2258.1, skipping.
11-05 13:20 root         DEBUG    No ITS stop or start sites were identified for sequence SRR12683249.106.1, skipping.
11-05 13:20 root         DEBUG    No ITS stop or start sites were identified for sequence SRR12683249.1107.1, skipping.
11-05 13:20 root         DEBUG    No ITS stop or start sites were identified for sequence SRR12683249.2316.1, skipping.
11-05 13:20 root         DEBUG    No ITS stop or start sites were identified for sequence SRR12683249.2330.1, skipping.
11-05 13:20 root         DEBUG    No ITS stop or start sites were identified for sequence SRR12683249.426.1, skipping.
11-05 13:20 root         DEBUG    No ITS stop or start sites were identified for sequence SRR12683249.1107.1, skipping.
11-05 13:20 root         DEBUG    No ITS stop or start sites were identified for sequence SRR12683249.1107.1, skipping.
11-05 13:20 root         DEBUG    No ITS stop or start sites were identified for sequence SRR12683249.2368.1, skipping.
11-05 13:20 root         DEBUG    No ITS stop or start sites were identified for sequence SRR12683249.2387.1, skipping.
11-05 13:20 root         DEBUG    No ITS stop or start sites were identified for sequence SRR12683249.2391.1, skipping.
11-05 13:20 root         DEBUG    No ITS stop or start sites were identified for sequence SRR12683249.106.1, skipping.
11-05 13:20 root         DEBUG    No ITS stop or start sites were identified for sequence SRR12683249.2405.1, skipping.
11-05 13:20 root         DEBUG    No ITS stop or start sites were identified for sequence SRR12683249.2419.1, skipping.
11-05 13:20 root         DEBUG    No ITS stop or start sites were identified for sequence SRR12683249.2422.1, skipping.
11-05 13:20 root         DEBUG    No ITS stop or start sites were identified for sequence SRR12683249.2441.1, skipping.
11-05 13:20 root         DEBUG    No ITS stop or start sites were identified for sequence SRR12683249.2458.1, skipping.
11-05 13:20 root         DEBUG    No ITS stop or start sites were identified for sequence SRR12683249.2477.1, skipping.
11-05 13:20 root         DEBUG    No ITS stop or start sites were identified for sequence SRR12683249.2486.1, skipping.
11-05 13:20 root         DEBUG    No ITS stop or start sites were identified for sequence SRR12683249.2490.1, skipping.
11-05 13:20 root         DEBUG    No ITS stop or start sites were identified for sequence SRR12683249.2496.1, skipping.
11-05 13:20 root         DEBUG    No ITS stop or start sites were identified for sequence SRR12683249.2529.1, skipping.
11-05 13:20 root         DEBUG    No ITS stop or start sites were identified for sequence SRR12683249.2558.1, skipping.
11-05 13:20 root         DEBUG    No ITS stop or start sites were identified for sequence SRR12683249.1107.1, skipping.
11-05 13:20 root         DEBUG    No ITS stop or start sites were identified for sequence SRR12683249.2564.1, skipping.
11-05 13:20 root         DEBUG    No ITS stop or start sites were identified for sequence SRR12683249.2611.1, skipping.
11-05 13:20 root         DEBUG    No ITS stop or start sites were identified for sequence SRR12683249.2629.1, skipping.
11-05 13:20 root         DEBUG    No ITS stop or start sites were identified for sequence SRR12683249.2688.1, skipping.
11-05 13:20 root         DEBUG    No ITS stop or start sites were identified for sequence SRR12683249.369.1, skipping.
11-05 13:20 root         DEBUG    No ITS stop or start sites were identified for sequence SRR12683249.2723.1, skipping.
11-05 13:20 root         DEBUG    No ITS stop or start sites were identified for sequence SRR12683249.369.1, skipping.
11-05 13:20 root         DEBUG    No ITS stop or start sites were identified for sequence SRR12683249.2748.1, skipping.
11-05 13:20 root         DEBUG    No ITS stop or start sites were identified for sequence SRR12683249.2789.1, skipping.
11-05 13:20 root         DEBUG    No ITS stop or start sites were identified for sequence SRR12683249.2793.1, skipping.
11-05 13:20 root         DEBUG    No ITS stop or start sites were identified for sequence SRR12683249.1390.1, skipping.
11-05 13:20 root         DEBUG    No ITS stop or start sites were identified for sequence SRR12683249.2838.1, skipping.
11-05 13:20 root         DEBUG    No ITS stop or start sites were identified for sequence SRR12683249.2843.1, skipping.
11-05 13:20 root         DEBUG    No ITS stop or start sites were identified for sequence SRR12683249.2856.1, skipping.
11-05 13:20 root         DEBUG    No ITS stop or start sites were identified for sequence SRR12683249.2885.1, skipping.
11-05 13:20 root         DEBUG    No ITS stop or start sites were identified for sequence SRR12683249.1107.1, skipping.
11-05 13:20 root         DEBUG    No ITS stop or start sites were identified for sequence SRR12683249.2954.1, skipping.
11-05 13:20 root         DEBUG    No ITS stop or start sites were identified for sequence SRR12683249.2973.1, skipping.
11-05 13:20 root         DEBUG    No ITS stop or start sites were identified for sequence SRR12683249.2974.1, skipping.
11-05 13:20 root         DEBUG    No ITS stop or start sites were identified for sequence SRR12683249.2982.1, skipping.
11-05 13:20 root         DEBUG    No ITS stop or start sites were identified for sequence SRR12683249.2995.1, skipping.
11-05 13:20 root         DEBUG    No ITS stop or start sites were identified for sequence SRR12683249.2999.1, skipping.
11-05 13:20 root         DEBUG    No ITS stop or start sites were identified for sequence SRR12683249.3009.1, skipping.
11-05 13:20 root         DEBUG    No ITS stop or start sites were identified for sequence SRR12683249.3020.1, skipping.
11-05 13:20 root         DEBUG    No ITS stop or start sites were identified for sequence SRR12683249.3026.1, skipping.
11-05 13:20 root         DEBUG    No ITS stop or start sites were identified for sequence SRR12683249.206.1, skipping.
11-05 13:20 root         DEBUG    No ITS stop or start sites were identified for sequence SRR12683249.106.1, skipping.
11-05 13:20 root         DEBUG    No ITS stop or start sites were identified for sequence SRR12683249.3128.1, skipping.
11-05 13:20 root         DEBUG    No ITS stop or start sites were identified for sequence SRR12683249.106.1, skipping.
11-05 13:20 root         DEBUG    No ITS stop or start sites were identified for sequence SRR12683249.3185.1, skipping.
11-05 13:20 root         DEBUG    No ITS stop or start sites were identified for sequence SRR12683249.3188.1, skipping.
11-05 13:20 root         DEBUG    No ITS stop or start sites were identified for sequence SRR12683249.369.1, skipping.
11-05 13:20 root         DEBUG    No ITS stop or start sites were identified for sequence SRR12683249.2316.1, skipping.
11-05 13:20 root         DEBUG    No ITS stop or start sites were identified for sequence SRR12683249.3275.1, skipping.
11-05 13:20 root         DEBUG    No ITS stop or start sites were identified for sequence SRR12683249.3293.1, skipping.
11-05 13:20 root         DEBUG    No ITS stop or start sites were identified for sequence SRR12683249.3296.1, skipping.
11-05 13:20 root         DEBUG    No ITS stop or start sites were identified for sequence SRR12683249.3306.1, skipping.
11-05 13:20 root         DEBUG    No ITS stop or start sites were identified for sequence SRR12683249.1107.1, skipping.
11-05 13:20 root         DEBUG    No ITS stop or start sites were identified for sequence SRR12683249.1107.1, skipping.
11-05 13:20 root         DEBUG    No ITS stop or start sites were identified for sequence SRR12683249.3337.1, skipping.
11-05 13:20 root         DEBUG    No ITS stop or start sites were identified for sequence SRR12683249.3446.1, skipping.
11-05 13:20 root         DEBUG    No ITS stop or start sites were identified for sequence SRR12683249.3462.1, skipping.
11-05 13:20 root         DEBUG    No ITS stop or start sites were identified for sequence SRR12683249.426.1, skipping.
11-05 13:20 root         DEBUG    No ITS stop or start sites were identified for sequence SRR12683249.459.1, skipping.
11-05 13:20 root         DEBUG    No ITS stop or start sites were identified for sequence SRR12683249.3476.1, skipping.
11-05 13:20 root         DEBUG    No ITS stop or start sites were identified for sequence SRR12683249.3492.1, skipping.
11-05 13:20 root         DEBUG    No ITS stop or start sites were identified for sequence SRR12683249.3511.1, skipping.
11-05 13:20 root         DEBUG    No ITS stop or start sites were identified for sequence SRR12683249.3536.1, skipping.
11-05 13:20 root         DEBUG    No ITS stop or start sites were identified for sequence SRR12683249.3539.1, skipping.
11-05 13:20 root         DEBUG    No ITS stop or start sites were identified for sequence SRR12683249.3596.1, skipping.
11-05 13:20 root         DEBUG    No ITS stop or start sites were identified for sequence SRR12683249.426.1, skipping.
11-05 13:20 root         DEBUG    No ITS stop or start sites were identified for sequence SRR12683249.3656.1, skipping.
11-05 13:20 root         DEBUG    No ITS stop or start sites were identified for sequence SRR12683249.705.1, skipping.
11-05 13:20 root         DEBUG    No ITS stop or start sites were identified for sequence SRR12683249.3683.1, skipping.
11-05 13:20 root         DEBUG    No ITS stop or start sites were identified for sequence SRR12683249.3726.1, skipping.
11-05 13:20 root         DEBUG    No ITS stop or start sites were identified for sequence SRR12683249.3757.1, skipping.
11-05 13:20 root         DEBUG    No ITS stop or start sites were identified for sequence SRR12683249.3798.1, skipping.
11-05 13:20 root         DEBUG    No ITS stop or start sites were identified for sequence SRR12683249.3807.1, skipping.
11-05 13:20 root         DEBUG    No ITS stop or start sites were identified for sequence SRR12683249.3824.1, skipping.
11-05 13:20 root         DEBUG    No ITS stop or start sites were identified for sequence SRR12683249.3837.1, skipping.
11-05 13:20 root         DEBUG    No ITS stop or start sites were identified for sequence SRR12683249.3849.1, skipping.
11-05 13:20 root         DEBUG    No ITS stop or start sites were identified for sequence SRR12683249.1107.1, skipping.
11-05 13:20 root         DEBUG    No ITS stop or start sites were identified for sequence SRR12683249.3858.1, skipping.
11-05 13:20 root         DEBUG    No ITS stop or start sites were identified for sequence SRR12683249.1107.1, skipping.
11-05 13:20 root         DEBUG    No ITS stop or start sites were identified for sequence SRR12683249.3878.1, skipping.
11-05 13:20 root         DEBUG    No ITS stop or start sites were identified for sequence SRR12683249.1390.1, skipping.
11-05 13:20 root         DEBUG    No ITS stop or start sites were identified for sequence SRR12683249.3949.1, skipping.
11-05 13:20 root         DEBUG    No ITS stop or start sites were identified for sequence SRR12683249.426.1, skipping.
11-05 13:20 root         DEBUG    No ITS stop or start sites were identified for sequence SRR12683249.3969.1, skipping.
11-05 13:20 root         DEBUG    No ITS stop or start sites were identified for sequence SRR12683249.705.1, skipping.
11-05 13:20 root         DEBUG    No ITS stop or start sites were identified for sequence SRR12683249.2316.1, skipping.
11-05 13:20 root         DEBUG    No ITS stop or start sites were identified for sequence SRR12683249.1107.1, skipping.
11-05 13:20 root         DEBUG    No ITS stop or start sites were identified for sequence SRR12683249.1107.1, skipping.
11-05 13:20 root         DEBUG    No ITS stop or start sites were identified for sequence SRR12683249.4091.1, skipping.
11-05 13:20 root         DEBUG    No ITS stop or start sites were identified for sequence SRR12683249.4095.1, skipping.
11-05 13:20 root         DEBUG    No ITS stop or start sites were identified for sequence SRR12683249.4103.1, skipping.
11-05 13:20 root         DEBUG    No ITS stop or start sites were identified for sequence SRR12683249.426.1, skipping.
11-05 13:20 root         DEBUG    No ITS stop or start sites were identified for sequence SRR12683249.3185.1, skipping.
11-05 13:20 root         DEBUG    No ITS stop or start sites were identified for sequence SRR12683249.4274.1, skipping.
11-05 13:20 root         DEBUG    No ITS stop or start sites were identified for sequence SRR12683249.4335.1, skipping.
11-05 13:20 root         DEBUG    No ITS stop or start sites were identified for sequence SRR12683249.4336.1, skipping.
11-05 13:20 root         DEBUG    No ITS stop or start sites were identified for sequence SRR12683249.4346.1, skipping.
11-05 13:20 root         DEBUG    No ITS stop or start sites were identified for sequence SRR12683249.4354.1, skipping.
11-05 13:20 root         DEBUG    No ITS stop or start sites were identified for sequence SRR12683249.4355.1, skipping.
11-05 13:20 root         DEBUG    No ITS stop or start sites were identified for sequence SRR12683249.1321.1, skipping.
11-05 13:20 root         DEBUG    No ITS stop or start sites were identified for sequence SRR12683249.705.1, skipping.
11-05 13:20 root         DEBUG    No ITS stop or start sites were identified for sequence SRR12683249.2838.1, skipping.
11-05 13:20 root         DEBUG    No ITS stop or start sites were identified for sequence SRR12683249.3837.1, skipping.
11-05 13:20 root         DEBUG    No ITS stop or start sites were identified for sequence SRR12683249.1107.1, skipping.
11-05 13:20 root         DEBUG    No ITS stop or start sites were identified for sequence SRR12683249.1107.1, skipping.
11-05 13:20 root         DEBUG    No ITS stop or start sites were identified for sequence SRR12683249.4433.1, skipping.
11-05 13:20 root         DEBUG    No ITS stop or start sites were identified for sequence SRR12683249.1390.1, skipping.
11-05 13:20 root         DEBUG    No ITS stop or start sites were identified for sequence SRR12683249.426.1, skipping.
11-05 13:20 root         DEBUG    No ITS stop or start sites were identified for sequence SRR12683249.3296.1, skipping.
11-05 13:20 root         DEBUG    No ITS stop or start sites were identified for sequence SRR12683249.106.1, skipping.
11-05 13:20 root         DEBUG    No ITS stop or start sites were identified for sequence SRR12683249.4662.1, skipping.
11-05 13:20 root         DEBUG    No ITS stop or start sites were identified for sequence SRR12683249.4664.1, skipping.
11-05 13:20 root         DEBUG    No ITS stop or start sites were identified for sequence SRR12683249.4670.1, skipping.
11-05 13:20 root         DEBUG    No ITS stop or start sites were identified for sequence SRR12683249.4678.1, skipping.
11-05 13:20 root         DEBUG    No ITS stop or start sites were identified for sequence SRR12683249.459.1, skipping.
11-05 13:20 root         DEBUG    No ITS stop or start sites were identified for sequence SRR12683249.459.1, skipping.
11-05 13:20 root         DEBUG    No ITS stop or start sites were identified for sequence SRR12683249.4721.1, skipping.
11-05 13:20 root         DEBUG    No ITS stop or start sites were identified for sequence SRR12683249.4741.1, skipping.
11-05 13:20 root         DEBUG    No ITS stop or start sites were identified for sequence SRR12683249.4771.1, skipping.
11-05 13:20 root         DEBUG    No ITS stop or start sites were identified for sequence SRR12683249.459.1, skipping.
11-05 13:20 root         DEBUG    No ITS stop or start sites were identified for sequence SRR12683249.4872.1, skipping.
11-05 13:20 root         DEBUG    No ITS stop or start sites were identified for sequence SRR12683249.3837.1, skipping.
11-05 13:20 root         DEBUG    No ITS stop or start sites were identified for sequence SRR12683249.369.1, skipping.
11-05 13:20 root         DEBUG    No ITS stop or start sites were identified for sequence SRR12683249.4972.1, skipping.
11-05 13:20 root         DEBUG    No ITS stop or start sites were identified for sequence SRR12683249.4999.1, skipping.
11-05 13:20 root         DEBUG    No ITS stop or start sites were identified for sequence SRR12683249.5003.1, skipping.
11-05 13:20 root         DEBUG    No ITS stop or start sites were identified for sequence SRR12683249.5007.1, skipping.
11-05 13:20 root         DEBUG    No ITS stop or start sites were identified for sequence SRR12683249.5055.1, skipping.
11-05 13:20 root         DEBUG    No ITS stop or start sites were identified for sequence SRR12683249.5088.1, skipping.
11-05 13:20 root         DEBUG    No ITS stop or start sites were identified for sequence SRR12683249.106.1, skipping.
11-05 13:20 root         DEBUG    No ITS stop or start sites were identified for sequence SRR12683249.5176.1, skipping.
11-05 13:20 root         DEBUG    No ITS stop or start sites were identified for sequence SRR12683249.106.1, skipping.
11-05 13:20 root         DEBUG    No ITS stop or start sites were identified for sequence SRR12683249.5187.1, skipping.
11-05 13:20 root         DEBUG    No ITS stop or start sites were identified for sequence SRR12683249.5198.1, skipping.
11-05 13:20 root         DEBUG    No ITS stop or start sites were identified for sequence SRR12683249.5201.1, skipping.
11-05 13:20 root         DEBUG    No ITS stop or start sites were identified for sequence SRR12683249.5202.1, skipping.
11-05 13:20 root         DEBUG    No ITS stop or start sites were identified for sequence SRR12683249.5207.1, skipping.
11-05 13:20 root         DEBUG    No ITS stop or start sites were identified for sequence SRR12683249.5222.1, skipping.
11-05 13:20 root         DEBUG    No ITS stop or start sites were identified for sequence SRR12683249.5240.1, skipping.
11-05 13:20 root         DEBUG    No ITS stop or start sites were identified for sequence SRR12683249.5241.1, skipping.
11-05 13:20 root         DEBUG    No ITS stop or start sites were identified for sequence SRR12683249.5249.1, skipping.
11-05 13:20 root         DEBUG    No ITS stop or start sites were identified for sequence SRR12683249.5270.1, skipping.
11-05 13:20 root         DEBUG    No ITS stop or start sites were identified for sequence SRR12683249.5283.1, skipping.
11-05 13:20 root         DEBUG    No ITS stop or start sites were identified for sequence SRR12683249.5286.1, skipping.
11-05 13:20 root         DEBUG    No ITS stop or start sites were identified for sequence SRR12683249.5297.1, skipping.
11-05 13:20 root         DEBUG    No ITS stop or start sites were identified for sequence SRR12683249.5301.1, skipping.
11-05 13:20 root         DEBUG    No ITS stop or start sites were identified for sequence SRR12683249.5324.1, skipping.
11-05 13:20 root         DEBUG    No ITS stop or start sites were identified for sequence SRR12683249.5327.1, skipping.
11-05 13:20 root         DEBUG    No ITS stop or start sites were identified for sequence SRR12683249.5340.1, skipping.
11-05 13:20 root         DEBUG    No ITS stop or start sites were identified for sequence SRR12683249.5341.1, skipping.
11-05 13:20 root         DEBUG    No ITS stop or start sites were identified for sequence SRR12683249.5346.1, skipping.
11-05 13:20 root         DEBUG    No ITS stop or start sites were identified for sequence SRR12683249.5351.1, skipping.
11-05 13:20 root         DEBUG    No ITS stop or start sites were identified for sequence SRR12683249.2316.1, skipping.
11-05 13:20 root         DEBUG    No ITS stop or start sites were identified for sequence SRR12683249.5369.1, skipping.
11-05 13:20 root         DEBUG    No ITS stop or start sites were identified for sequence SRR12683249.5397.1, skipping.
11-05 13:20 root         DEBUG    No ITS stop or start sites were identified for sequence SRR12683249.5452.1, skipping.
11-05 13:20 root         DEBUG    No ITS stop or start sites were identified for sequence SRR12683249.5469.1, skipping.
11-05 13:20 root         DEBUG    No ITS stop or start sites were identified for sequence SRR12683249.5483.1, skipping.
11-05 13:20 root         DEBUG    No ITS stop or start sites were identified for sequence SRR12683249.5501.1, skipping.
11-05 13:20 root         DEBUG    No ITS stop or start sites were identified for sequence SRR12683249.5514.1, skipping.
11-05 13:20 root         DEBUG    No ITS stop or start sites were identified for sequence SRR12683249.5583.1, skipping.
11-05 13:20 root         DEBUG    No ITS stop or start sites were identified for sequence SRR12683249.5632.1, skipping.
11-05 13:20 root         DEBUG    No ITS stop or start sites were identified for sequence SRR12683249.369.1, skipping.
11-05 13:20 root         DEBUG    No ITS stop or start sites were identified for sequence SRR12683249.5700.1, skipping.
11-05 13:20 root         DEBUG    No ITS stop or start sites were identified for sequence SRR12683249.459.1, skipping.
11-05 13:20 root         DEBUG    No ITS stop or start sites were identified for sequence SRR12683249.5810.1, skipping.
11-05 13:20 root         DEBUG    No ITS stop or start sites were identified for sequence SRR12683249.5825.1, skipping.
11-05 13:20 root         DEBUG    No ITS stop or start sites were identified for sequence SRR12683249.5847.1, skipping.
11-05 13:20 root         DEBUG    No ITS stop or start sites were identified for sequence SRR12683249.5848.1, skipping.
11-05 13:20 root         DEBUG    No ITS stop or start sites were identified for sequence SRR12683249.5870.1, skipping.
11-05 13:20 root         DEBUG    No ITS stop or start sites were identified for sequence SRR12683249.5885.1, skipping.
11-05 13:20 root         DEBUG    No ITS stop or start sites were identified for sequence SRR12683249.1107.1, skipping.
11-05 13:20 root         DEBUG    No ITS stop or start sites were identified for sequence SRR12683249.426.1, skipping.
11-05 13:20 root         DEBUG    No ITS stop or start sites were identified for sequence SRR12683249.369.1, skipping.
11-05 13:20 root         DEBUG    No ITS stop or start sites were identified for sequence SRR12683249.1107.1, skipping.
11-05 13:20 root         DEBUG    No ITS stop or start sites were identified for sequence SRR12683249.6001.1, skipping.
11-05 13:20 root         DEBUG    No ITS stop or start sites were identified for sequence SRR12683249.635.1, skipping.
11-05 13:20 root         DEBUG    No ITS stop or start sites were identified for sequence SRR12683249.369.1, skipping.
11-05 13:20 root         DEBUG    No ITS stop or start sites were identified for sequence SRR12683249.1107.1, skipping.
11-05 13:20 root         DEBUG    No ITS stop or start sites were identified for sequence SRR12683249.423.1, skipping.
11-05 13:20 root         DEBUG    No ITS stop or start sites were identified for sequence SRR12683249.369.1, skipping.
11-05 13:20 root         DEBUG    No ITS stop or start sites were identified for sequence SRR12683249.6097.1, skipping.
11-05 13:20 root         DEBUG    No ITS stop or start sites were identified for sequence SRR12683249.1107.1, skipping.
11-05 13:20 root         DEBUG    No ITS stop or start sites were identified for sequence SRR12683249.6149.1, skipping.
11-05 13:20 root         DEBUG    No ITS stop or start sites were identified for sequence SRR12683249.6189.1, skipping.
11-05 13:20 root         DEBUG    No ITS stop or start sites were identified for sequence SRR12683249.6194.1, skipping.
11-05 13:20 root         DEBUG    No ITS stop or start sites were identified for sequence SRR12683249.6205.1, skipping.
11-05 13:20 root         DEBUG    No ITS stop or start sites were identified for sequence SRR12683249.6209.1, skipping.
11-05 13:20 root         DEBUG    No ITS stop or start sites were identified for sequence SRR12683249.6213.1, skipping.
11-05 13:20 root         DEBUG    No ITS stop or start sites were identified for sequence SRR12683249.6265.1, skipping.
11-05 13:20 root         DEBUG    No ITS stop or start sites were identified for sequence SRR12683249.6299.1, skipping.
11-05 13:20 root         DEBUG    No ITS stop or start sites were identified for sequence SRR12683249.6315.1, skipping.
11-05 13:20 root         DEBUG    No ITS stop or start sites were identified for sequence SRR12683249.448.1, skipping.
11-05 13:20 root         DEBUG    No ITS stop or start sites were identified for sequence SRR12683249.6322.1, skipping.
11-05 13:20 root         DEBUG    No ITS stop or start sites were identified for sequence SRR12683249.369.1, skipping.
11-05 13:20 root         DEBUG    No ITS stop or start sites were identified for sequence SRR12683249.6329.1, skipping.
11-05 13:20 root         DEBUG    No ITS stop or start sites were identified for sequence SRR12683249.459.1, skipping.
11-05 13:20 root         DEBUG    No ITS stop or start sites were identified for sequence SRR12683249.106.1, skipping.
11-05 13:20 root         DEBUG    No ITS stop or start sites were identified for sequence SRR12683249.6357.1, skipping.
11-05 13:20 root         DEBUG    No ITS stop or start sites were identified for sequence SRR12683249.6376.1, skipping.
11-05 13:20 root         DEBUG    No ITS stop or start sites were identified for sequence SRR12683249.6406.1, skipping.
11-05 13:20 root         DEBUG    No ITS stop or start sites were identified for sequence SRR12683249.3009.1, skipping.
11-05 13:20 root         DEBUG    No ITS stop or start sites were identified for sequence SRR12683249.705.1, skipping.
11-05 13:20 root         DEBUG    No ITS stop or start sites were identified for sequence SRR12683249.6529.1, skipping.
11-05 13:20 root         DEBUG    No ITS stop or start sites were identified for sequence SRR12683249.6556.1, skipping.
11-05 13:20 root         DEBUG    No ITS stop or start sites were identified for sequence SRR12683249.369.1, skipping.
11-05 13:20 root         DEBUG    No ITS stop or start sites were identified for sequence SRR12683249.6658.1, skipping.
11-05 13:20 root         DEBUG    No ITS stop or start sites were identified for sequence SRR12683249.6678.1, skipping.
11-05 13:20 root         DEBUG    No ITS stop or start sites were identified for sequence SRR12683249.1107.1, skipping.
11-05 13:20 root         DEBUG    No ITS stop or start sites were identified for sequence SRR12683249.452.1, skipping.
11-05 13:20 root         DEBUG    No ITS stop or start sites were identified for sequence SRR12683249.678.1, skipping.
11-05 13:20 root         DEBUG    No ITS stop or start sites were identified for sequence SRR12683249.6723.1, skipping.
11-05 13:20 root         DEBUG    No ITS stop or start sites were identified for sequence SRR12683249.6728.1, skipping.
11-05 13:20 root         DEBUG    No ITS stop or start sites were identified for sequence SRR12683249.6731.1, skipping.
11-05 13:20 root         DEBUG    No ITS stop or start sites were identified for sequence SRR12683249.705.1, skipping.
11-05 13:20 root         DEBUG    No ITS stop or start sites were identified for sequence SRR12683249.443.1, skipping.
11-05 13:20 root         DEBUG    No ITS stop or start sites were identified for sequence SRR12683249.6804.1, skipping.
11-05 13:20 root         DEBUG    No ITS stop or start sites were identified for sequence SRR12683249.6826.1, skipping.
11-05 13:20 root         DEBUG    No ITS stop or start sites were identified for sequence SRR12683249.369.1, skipping.
11-05 13:20 root         DEBUG    No ITS stop or start sites were identified for sequence SRR12683249.6922.1, skipping.
11-05 13:20 root         DEBUG    No ITS stop or start sites were identified for sequence SRR12683249.6924.1, skipping.
11-05 13:20 root         DEBUG    No ITS stop or start sites were identified for sequence SRR12683249.1107.1, skipping.
11-05 13:20 root         DEBUG    No ITS stop or start sites were identified for sequence SRR12683249.1107.1, skipping.
11-05 13:20 root         DEBUG    No ITS stop or start sites were identified for sequence SRR12683249.6992.1, skipping.
11-05 13:20 root         DEBUG    No ITS stop or start sites were identified for sequence SRR12683249.7003.1, skipping.
11-05 13:20 root         DEBUG    No ITS stop or start sites were identified for sequence SRR12683249.7008.1, skipping.
11-05 13:20 root         DEBUG    No ITS stop or start sites were identified for sequence SRR12683249.705.1, skipping.
11-05 13:20 root         DEBUG    No ITS stop or start sites were identified for sequence SRR12683249.426.1, skipping.
11-05 13:20 root         DEBUG    No ITS stop or start sites were identified for sequence SRR12683249.106.1, skipping.
11-05 13:20 root         DEBUG    No ITS stop or start sites were identified for sequence SRR12683249.7117.1, skipping.
11-05 13:20 root         DEBUG    No ITS stop or start sites were identified for sequence SRR12683249.106.1, skipping.
11-05 13:20 root         DEBUG    No ITS stop or start sites were identified for sequence SRR12683249.206.1, skipping.
11-05 13:20 root         DEBUG    No ITS stop or start sites were identified for sequence SRR12683249.7177.1, skipping.
11-05 13:20 root         DEBUG    No ITS stop or start sites were identified for sequence SRR12683249.369.1, skipping.
11-05 13:20 root         DEBUG    No ITS stop or start sites were identified for sequence SRR12683249.7191.1, skipping.
11-05 13:20 root         DEBUG    No ITS stop or start sites were identified for sequence SRR12683249.7194.1, skipping.
11-05 13:20 root         DEBUG    No ITS stop or start sites were identified for sequence SRR12683249.7210.1, skipping.
11-05 13:20 root         DEBUG    No ITS stop or start sites were identified for sequence SRR12683249.7246.1, skipping.
11-05 13:20 root         DEBUG    No ITS stop or start sites were identified for sequence SRR12683249.1107.1, skipping.
11-05 13:20 root         DEBUG    No ITS stop or start sites were identified for sequence SRR12683249.7253.1, skipping.
11-05 13:20 root         DEBUG    No ITS stop or start sites were identified for sequence SRR12683249.1390.1, skipping.
11-05 13:20 root         DEBUG    No ITS stop or start sites were identified for sequence SRR12683249.426.1, skipping.
11-05 13:20 root         DEBUG    No ITS stop or start sites were identified for sequence SRR12683249.106.1, skipping.
11-05 13:20 root         DEBUG    No ITS stop or start sites were identified for sequence SRR12683249.459.1, skipping.
11-05 13:20 root         DEBUG    No ITS stop or start sites were identified for sequence SRR12683249.459.1, skipping.
11-05 13:20 root         DEBUG    No ITS stop or start sites were identified for sequence SRR12683249.7510.1, skipping.
11-05 13:20 root         DEBUG    No ITS stop or start sites were identified for sequence SRR12683249.7556.1, skipping.
11-05 13:20 root         DEBUG    No ITS stop or start sites were identified for sequence SRR12683249.7571.1, skipping.
11-05 13:20 root         INFO     ITSxpress ran in 00:00:56
