11-04 21:38 root         INFO     Verifying the input sequences.
11-04 21:38 root         INFO     Sequences are assumed to be single-end.
11-04 21:38 root         INFO     Temporary directory is: /tmp/itsxpress_9arp9ip7
11-04 21:38 root         INFO     Unique sequences are being written to a temporary FASTA file with Vsearch.
11-04 21:38 root         INFO     vsearch v2.7.1_linux_x86_64, 15.6GB RAM, 4 cores
https://github.com/torognes/vsearch

Reading file SRR12683142_pass_1.fastq.gz 100%
16184 nt in 74 seqs, min 35, max 301, avg 219
Dereplicating 100%
Sorting 100%
55 unique sequences, avg cluster 1.3, median 1, max 5
Writing output file 100%
Writing uc file, first part 100%
Writing uc file, second part 100%

11-04 21:38 root         INFO     Searching for ITS start and stop sites using HMMSearch. This step takes a while.
11-04 21:38 root         INFO     Parsing HMM results.
11-04 21:38 root         INFO     Writing out sequences
11-04 21:38 root         DEBUG    No ITS stop or start sites were identified for sequence SRR12683142.2.1, skipping.
11-04 21:38 root         DEBUG    No ITS stop or start sites were identified for sequence SRR12683142.3.1, skipping.
11-04 21:38 root         DEBUG    No ITS stop or start sites were identified for sequence SRR12683142.9.1, skipping.
11-04 21:38 root         DEBUG    No ITS stop or start sites were identified for sequence SRR12683142.10.1, skipping.
11-04 21:38 root         DEBUG    No ITS stop or start sites were identified for sequence SRR12683142.15.1, skipping.
11-04 21:38 root         DEBUG    No ITS stop or start sites were identified for sequence SRR12683142.16.1, skipping.
11-04 21:38 root         DEBUG    No ITS stop or start sites were identified for sequence SRR12683142.17.1, skipping.
11-04 21:38 root         DEBUG    No ITS stop or start sites were identified for sequence SRR12683142.18.1, skipping.
11-04 21:38 root         DEBUG    No ITS stop or start sites were identified for sequence SRR12683142.21.1, skipping.
11-04 21:38 root         DEBUG    No ITS stop or start sites were identified for sequence SRR12683142.25.1, skipping.
11-04 21:38 root         DEBUG    No ITS stop or start sites were identified for sequence SRR12683142.26.1, skipping.
11-04 21:38 root         DEBUG    No ITS stop or start sites were identified for sequence SRR12683142.28.1, skipping.
11-04 21:38 root         DEBUG    No ITS stop or start sites were identified for sequence SRR12683142.25.1, skipping.
11-04 21:38 root         DEBUG    No ITS stop or start sites were identified for sequence SRR12683142.30.1, skipping.
11-04 21:38 root         DEBUG    No ITS stop or start sites were identified for sequence SRR12683142.31.1, skipping.
11-04 21:38 root         DEBUG    No ITS stop or start sites were identified for sequence SRR12683142.17.1, skipping.
11-04 21:38 root         DEBUG    No ITS stop or start sites were identified for sequence SRR12683142.17.1, skipping.
11-04 21:38 root         DEBUG    No ITS stop or start sites were identified for sequence SRR12683142.30.1, skipping.
11-04 21:38 root         DEBUG    No ITS stop or start sites were identified for sequence SRR12683142.30.1, skipping.
11-04 21:38 root         DEBUG    No ITS stop or start sites were identified for sequence SRR12683142.47.1, skipping.
11-04 21:38 root         DEBUG    No ITS stop or start sites were identified for sequence SRR12683142.60.1, skipping.
11-04 21:38 root         DEBUG    No ITS stop or start sites were identified for sequence SRR12683142.61.1, skipping.
11-04 21:38 root         DEBUG    No ITS stop or start sites were identified for sequence SRR12683142.47.1, skipping.
11-04 21:38 root         DEBUG    No ITS stop or start sites were identified for sequence SRR12683142.64.1, skipping.
11-04 21:38 root         DEBUG    No ITS stop or start sites were identified for sequence SRR12683142.67.1, skipping.
11-04 21:38 root         DEBUG    No ITS stop or start sites were identified for sequence SRR12683142.69.1, skipping.
11-04 21:38 root         DEBUG    No ITS stop or start sites were identified for sequence SRR12683142.71.1, skipping.
11-04 21:38 root         DEBUG    No ITS stop or start sites were identified for sequence SRR12683142.72.1, skipping.
11-04 21:38 root         INFO     ITSxpress ran in 00:00:01
