11-04 21:29 root         INFO     Verifying the input sequences.
11-04 21:29 root         INFO     Sequences are assumed to be single-end.
11-04 21:29 root         INFO     Temporary directory is: /tmp/itsxpress_g0k5b4__
11-04 21:29 root         INFO     Unique sequences are being written to a temporary FASTA file with Vsearch.
11-04 21:29 root         INFO     vsearch v2.7.1_linux_x86_64, 15.6GB RAM, 4 cores
https://github.com/torognes/vsearch

Reading file SRR12683104_pass_1.fastq.gz 100%
88611 nt in 297 seqs, min 257, max 301, avg 298
Dereplicating 100%
Sorting 100%
161 unique sequences, avg cluster 1.8, median 1, max 52
Writing output file 100%
Writing uc file, first part 100%
Writing uc file, second part 100%

11-04 21:29 root         INFO     Searching for ITS start and stop sites using HMMSearch. This step takes a while.
11-04 21:29 root         INFO     Parsing HMM results.
11-04 21:29 root         INFO     Writing out sequences
11-04 21:29 root         DEBUG    No ITS stop or start sites were identified for sequence SRR12683104.1.1, skipping.
11-04 21:29 root         DEBUG    No ITS stop or start sites were identified for sequence SRR12683104.2.1, skipping.
11-04 21:29 root         DEBUG    No ITS stop or start sites were identified for sequence SRR12683104.3.1, skipping.
11-04 21:29 root         DEBUG    No ITS stop or start sites were identified for sequence SRR12683104.4.1, skipping.
11-04 21:29 root         DEBUG    No ITS stop or start sites were identified for sequence SRR12683104.7.1, skipping.
11-04 21:29 root         DEBUG    No ITS stop or start sites were identified for sequence SRR12683104.8.1, skipping.
11-04 21:29 root         DEBUG    No ITS stop or start sites were identified for sequence SRR12683104.9.1, skipping.
11-04 21:29 root         DEBUG    No ITS stop or start sites were identified for sequence SRR12683104.9.1, skipping.
11-04 21:29 root         DEBUG    No ITS stop or start sites were identified for sequence SRR12683104.11.1, skipping.
11-04 21:29 root         DEBUG    No ITS stop or start sites were identified for sequence SRR12683104.12.1, skipping.
11-04 21:29 root         DEBUG    No ITS stop or start sites were identified for sequence SRR12683104.4.1, skipping.
11-04 21:29 root         DEBUG    No ITS stop or start sites were identified for sequence SRR12683104.19.1, skipping.
11-04 21:29 root         DEBUG    No ITS stop or start sites were identified for sequence SRR12683104.20.1, skipping.
11-04 21:29 root         DEBUG    No ITS stop or start sites were identified for sequence SRR12683104.21.1, skipping.
11-04 21:29 root         DEBUG    No ITS stop or start sites were identified for sequence SRR12683104.25.1, skipping.
11-04 21:29 root         DEBUG    No ITS stop or start sites were identified for sequence SRR12683104.26.1, skipping.
11-04 21:29 root         DEBUG    No ITS stop or start sites were identified for sequence SRR12683104.29.1, skipping.
11-04 21:29 root         DEBUG    No ITS stop or start sites were identified for sequence SRR12683104.30.1, skipping.
11-04 21:29 root         DEBUG    No ITS stop or start sites were identified for sequence SRR12683104.33.1, skipping.
11-04 21:29 root         DEBUG    No ITS stop or start sites were identified for sequence SRR12683104.34.1, skipping.
11-04 21:29 root         DEBUG    No ITS stop or start sites were identified for sequence SRR12683104.35.1, skipping.
11-04 21:29 root         DEBUG    No ITS stop or start sites were identified for sequence SRR12683104.36.1, skipping.
11-04 21:29 root         DEBUG    No ITS stop or start sites were identified for sequence SRR12683104.25.1, skipping.
11-04 21:29 root         DEBUG    No ITS stop or start sites were identified for sequence SRR12683104.38.1, skipping.
11-04 21:29 root         DEBUG    No ITS stop or start sites were identified for sequence SRR12683104.4.1, skipping.
11-04 21:29 root         DEBUG    No ITS stop or start sites were identified for sequence SRR12683104.25.1, skipping.
11-04 21:29 root         DEBUG    No ITS stop or start sites were identified for sequence SRR12683104.43.1, skipping.
11-04 21:29 root         DEBUG    No ITS stop or start sites were identified for sequence SRR12683104.50.1, skipping.
11-04 21:29 root         DEBUG    No ITS stop or start sites were identified for sequence SRR12683104.25.1, skipping.
11-04 21:29 root         DEBUG    No ITS stop or start sites were identified for sequence SRR12683104.4.1, skipping.
11-04 21:29 root         DEBUG    No ITS stop or start sites were identified for sequence SRR12683104.55.1, skipping.
11-04 21:29 root         DEBUG    No ITS stop or start sites were identified for sequence SRR12683104.56.1, skipping.
11-04 21:29 root         DEBUG    No ITS stop or start sites were identified for sequence SRR12683104.56.1, skipping.
11-04 21:29 root         DEBUG    No ITS stop or start sites were identified for sequence SRR12683104.58.1, skipping.
11-04 21:29 root         DEBUG    No ITS stop or start sites were identified for sequence SRR12683104.25.1, skipping.
11-04 21:29 root         DEBUG    No ITS stop or start sites were identified for sequence SRR12683104.9.1, skipping.
11-04 21:29 root         DEBUG    No ITS stop or start sites were identified for sequence SRR12683104.61.1, skipping.
11-04 21:29 root         DEBUG    No ITS stop or start sites were identified for sequence SRR12683104.64.1, skipping.
11-04 21:29 root         DEBUG    No ITS stop or start sites were identified for sequence SRR12683104.9.1, skipping.
11-04 21:29 root         DEBUG    No ITS stop or start sites were identified for sequence SRR12683104.69.1, skipping.
11-04 21:29 root         DEBUG    No ITS stop or start sites were identified for sequence SRR12683104.70.1, skipping.
11-04 21:29 root         DEBUG    No ITS stop or start sites were identified for sequence SRR12683104.9.1, skipping.
11-04 21:29 root         DEBUG    No ITS stop or start sites were identified for sequence SRR12683104.72.1, skipping.
11-04 21:29 root         DEBUG    No ITS stop or start sites were identified for sequence SRR12683104.9.1, skipping.
11-04 21:29 root         DEBUG    No ITS stop or start sites were identified for sequence SRR12683104.78.1, skipping.
11-04 21:29 root         DEBUG    No ITS stop or start sites were identified for sequence SRR12683104.79.1, skipping.
11-04 21:29 root         DEBUG    No ITS stop or start sites were identified for sequence SRR12683104.80.1, skipping.
11-04 21:29 root         DEBUG    No ITS stop or start sites were identified for sequence SRR12683104.4.1, skipping.
11-04 21:29 root         DEBUG    No ITS stop or start sites were identified for sequence SRR12683104.82.1, skipping.
11-04 21:29 root         DEBUG    No ITS stop or start sites were identified for sequence SRR12683104.83.1, skipping.
11-04 21:29 root         DEBUG    No ITS stop or start sites were identified for sequence SRR12683104.84.1, skipping.
11-04 21:29 root         DEBUG    No ITS stop or start sites were identified for sequence SRR12683104.85.1, skipping.
11-04 21:29 root         DEBUG    No ITS stop or start sites were identified for sequence SRR12683104.86.1, skipping.
11-04 21:29 root         DEBUG    No ITS stop or start sites were identified for sequence SRR12683104.29.1, skipping.
11-04 21:29 root         DEBUG    No ITS stop or start sites were identified for sequence SRR12683104.30.1, skipping.
11-04 21:29 root         DEBUG    No ITS stop or start sites were identified for sequence SRR12683104.9.1, skipping.
11-04 21:29 root         DEBUG    No ITS stop or start sites were identified for sequence SRR12683104.90.1, skipping.
11-04 21:29 root         DEBUG    No ITS stop or start sites were identified for sequence SRR12683104.91.1, skipping.
11-04 21:29 root         DEBUG    No ITS stop or start sites were identified for sequence SRR12683104.92.1, skipping.
11-04 21:29 root         DEBUG    No ITS stop or start sites were identified for sequence SRR12683104.96.1, skipping.
11-04 21:29 root         DEBUG    No ITS stop or start sites were identified for sequence SRR12683104.97.1, skipping.
11-04 21:29 root         DEBUG    No ITS stop or start sites were identified for sequence SRR12683104.98.1, skipping.
11-04 21:29 root         DEBUG    No ITS stop or start sites were identified for sequence SRR12683104.99.1, skipping.
11-04 21:29 root         DEBUG    No ITS stop or start sites were identified for sequence SRR12683104.100.1, skipping.
11-04 21:29 root         DEBUG    No ITS stop or start sites were identified for sequence SRR12683104.25.1, skipping.
11-04 21:29 root         DEBUG    No ITS stop or start sites were identified for sequence SRR12683104.25.1, skipping.
11-04 21:29 root         DEBUG    No ITS stop or start sites were identified for sequence SRR12683104.103.1, skipping.
11-04 21:29 root         DEBUG    No ITS stop or start sites were identified for sequence SRR12683104.108.1, skipping.
11-04 21:29 root         DEBUG    No ITS stop or start sites were identified for sequence SRR12683104.109.1, skipping.
11-04 21:29 root         DEBUG    No ITS stop or start sites were identified for sequence SRR12683104.110.1, skipping.
11-04 21:29 root         DEBUG    No ITS stop or start sites were identified for sequence SRR12683104.113.1, skipping.
11-04 21:29 root         DEBUG    No ITS stop or start sites were identified for sequence SRR12683104.30.1, skipping.
11-04 21:29 root         DEBUG    No ITS stop or start sites were identified for sequence SRR12683104.115.1, skipping.
11-04 21:29 root         DEBUG    No ITS stop or start sites were identified for sequence SRR12683104.35.1, skipping.
11-04 21:29 root         DEBUG    No ITS stop or start sites were identified for sequence SRR12683104.119.1, skipping.
11-04 21:29 root         DEBUG    No ITS stop or start sites were identified for sequence SRR12683104.30.1, skipping.
11-04 21:29 root         DEBUG    No ITS stop or start sites were identified for sequence SRR12683104.30.1, skipping.
11-04 21:29 root         DEBUG    No ITS stop or start sites were identified for sequence SRR12683104.122.1, skipping.
11-04 21:29 root         DEBUG    No ITS stop or start sites were identified for sequence SRR12683104.125.1, skipping.
11-04 21:29 root         DEBUG    No ITS stop or start sites were identified for sequence SRR12683104.4.1, skipping.
11-04 21:29 root         DEBUG    No ITS stop or start sites were identified for sequence SRR12683104.130.1, skipping.
11-04 21:29 root         DEBUG    No ITS stop or start sites were identified for sequence SRR12683104.134.1, skipping.
11-04 21:29 root         DEBUG    No ITS stop or start sites were identified for sequence SRR12683104.9.1, skipping.
11-04 21:29 root         DEBUG    No ITS stop or start sites were identified for sequence SRR12683104.136.1, skipping.
11-04 21:29 root         DEBUG    No ITS stop or start sites were identified for sequence SRR12683104.137.1, skipping.
11-04 21:29 root         DEBUG    No ITS stop or start sites were identified for sequence SRR12683104.29.1, skipping.
11-04 21:29 root         DEBUG    No ITS stop or start sites were identified for sequence SRR12683104.141.1, skipping.
11-04 21:29 root         DEBUG    No ITS stop or start sites were identified for sequence SRR12683104.145.1, skipping.
11-04 21:29 root         DEBUG    No ITS stop or start sites were identified for sequence SRR12683104.148.1, skipping.
11-04 21:29 root         DEBUG    No ITS stop or start sites were identified for sequence SRR12683104.9.1, skipping.
11-04 21:29 root         DEBUG    No ITS stop or start sites were identified for sequence SRR12683104.9.1, skipping.
11-04 21:29 root         DEBUG    No ITS stop or start sites were identified for sequence SRR12683104.30.1, skipping.
11-04 21:29 root         DEBUG    No ITS stop or start sites were identified for sequence SRR12683104.152.1, skipping.
11-04 21:29 root         DEBUG    No ITS stop or start sites were identified for sequence SRR12683104.156.1, skipping.
11-04 21:29 root         DEBUG    No ITS stop or start sites were identified for sequence SRR12683104.35.1, skipping.
11-04 21:29 root         DEBUG    No ITS stop or start sites were identified for sequence SRR12683104.158.1, skipping.
11-04 21:29 root         DEBUG    No ITS stop or start sites were identified for sequence SRR12683104.30.1, skipping.
11-04 21:29 root         DEBUG    No ITS stop or start sites were identified for sequence SRR12683104.162.1, skipping.
11-04 21:29 root         DEBUG    No ITS stop or start sites were identified for sequence SRR12683104.182.1, skipping.
11-04 21:29 root         DEBUG    No ITS stop or start sites were identified for sequence SRR12683104.183.1, skipping.
11-04 21:29 root         DEBUG    No ITS stop or start sites were identified for sequence SRR12683104.184.1, skipping.
11-04 21:29 root         DEBUG    No ITS stop or start sites were identified for sequence SRR12683104.185.1, skipping.
11-04 21:29 root         DEBUG    No ITS stop or start sites were identified for sequence SRR12683104.25.1, skipping.
11-04 21:29 root         DEBUG    No ITS stop or start sites were identified for sequence SRR12683104.30.1, skipping.
11-04 21:29 root         DEBUG    No ITS stop or start sites were identified for sequence SRR12683104.30.1, skipping.
11-04 21:29 root         DEBUG    No ITS stop or start sites were identified for sequence SRR12683104.200.1, skipping.
11-04 21:29 root         DEBUG    No ITS stop or start sites were identified for sequence SRR12683104.203.1, skipping.
11-04 21:29 root         DEBUG    No ITS stop or start sites were identified for sequence SRR12683104.35.1, skipping.
11-04 21:29 root         DEBUG    No ITS stop or start sites were identified for sequence SRR12683104.210.1, skipping.
11-04 21:29 root         DEBUG    No ITS stop or start sites were identified for sequence SRR12683104.9.1, skipping.
11-04 21:29 root         DEBUG    No ITS stop or start sites were identified for sequence SRR12683104.212.1, skipping.
11-04 21:29 root         DEBUG    No ITS stop or start sites were identified for sequence SRR12683104.213.1, skipping.
11-04 21:29 root         DEBUG    No ITS stop or start sites were identified for sequence SRR12683104.9.1, skipping.
11-04 21:29 root         DEBUG    No ITS stop or start sites were identified for sequence SRR12683104.215.1, skipping.
11-04 21:29 root         DEBUG    No ITS stop or start sites were identified for sequence SRR12683104.29.1, skipping.
11-04 21:29 root         DEBUG    No ITS stop or start sites were identified for sequence SRR12683104.25.1, skipping.
11-04 21:29 root         DEBUG    No ITS stop or start sites were identified for sequence SRR12683104.9.1, skipping.
11-04 21:29 root         DEBUG    No ITS stop or start sites were identified for sequence SRR12683104.223.1, skipping.
11-04 21:29 root         DEBUG    No ITS stop or start sites were identified for sequence SRR12683104.224.1, skipping.
11-04 21:29 root         DEBUG    No ITS stop or start sites were identified for sequence SRR12683104.228.1, skipping.
11-04 21:29 root         DEBUG    No ITS stop or start sites were identified for sequence SRR12683104.229.1, skipping.
11-04 21:29 root         DEBUG    No ITS stop or start sites were identified for sequence SRR12683104.25.1, skipping.
11-04 21:29 root         DEBUG    No ITS stop or start sites were identified for sequence SRR12683104.234.1, skipping.
11-04 21:29 root         DEBUG    No ITS stop or start sites were identified for sequence SRR12683104.25.1, skipping.
11-04 21:29 root         DEBUG    No ITS stop or start sites were identified for sequence SRR12683104.236.1, skipping.
11-04 21:29 root         DEBUG    No ITS stop or start sites were identified for sequence SRR12683104.35.1, skipping.
11-04 21:29 root         DEBUG    No ITS stop or start sites were identified for sequence SRR12683104.35.1, skipping.
11-04 21:29 root         DEBUG    No ITS stop or start sites were identified for sequence SRR12683104.29.1, skipping.
11-04 21:29 root         DEBUG    No ITS stop or start sites were identified for sequence SRR12683104.25.1, skipping.
11-04 21:29 root         DEBUG    No ITS stop or start sites were identified for sequence SRR12683104.9.1, skipping.
11-04 21:29 root         DEBUG    No ITS stop or start sites were identified for sequence SRR12683104.242.1, skipping.
11-04 21:29 root         DEBUG    No ITS stop or start sites were identified for sequence SRR12683104.35.1, skipping.
11-04 21:29 root         DEBUG    No ITS stop or start sites were identified for sequence SRR12683104.244.1, skipping.
11-04 21:29 root         DEBUG    No ITS stop or start sites were identified for sequence SRR12683104.246.1, skipping.
11-04 21:29 root         DEBUG    No ITS stop or start sites were identified for sequence SRR12683104.247.1, skipping.
11-04 21:29 root         DEBUG    No ITS stop or start sites were identified for sequence SRR12683104.248.1, skipping.
11-04 21:29 root         DEBUG    No ITS stop or start sites were identified for sequence SRR12683104.248.1, skipping.
11-04 21:29 root         DEBUG    No ITS stop or start sites were identified for sequence SRR12683104.29.1, skipping.
11-04 21:29 root         DEBUG    No ITS stop or start sites were identified for sequence SRR12683104.29.1, skipping.
11-04 21:29 root         DEBUG    No ITS stop or start sites were identified for sequence SRR12683104.258.1, skipping.
11-04 21:29 root         DEBUG    No ITS stop or start sites were identified for sequence SRR12683104.259.1, skipping.
11-04 21:29 root         DEBUG    No ITS stop or start sites were identified for sequence SRR12683104.25.1, skipping.
11-04 21:29 root         DEBUG    No ITS stop or start sites were identified for sequence SRR12683104.263.1, skipping.
11-04 21:29 root         DEBUG    No ITS stop or start sites were identified for sequence SRR12683104.9.1, skipping.
11-04 21:29 root         DEBUG    No ITS stop or start sites were identified for sequence SRR12683104.35.1, skipping.
11-04 21:29 root         DEBUG    No ITS stop or start sites were identified for sequence SRR12683104.4.1, skipping.
11-04 21:29 root         DEBUG    No ITS stop or start sites were identified for sequence SRR12683104.268.1, skipping.
11-04 21:29 root         DEBUG    No ITS stop or start sites were identified for sequence SRR12683104.269.1, skipping.
11-04 21:29 root         DEBUG    No ITS stop or start sites were identified for sequence SRR12683104.270.1, skipping.
11-04 21:29 root         DEBUG    No ITS stop or start sites were identified for sequence SRR12683104.273.1, skipping.
11-04 21:29 root         DEBUG    No ITS stop or start sites were identified for sequence SRR12683104.4.1, skipping.
11-04 21:29 root         DEBUG    No ITS stop or start sites were identified for sequence SRR12683104.276.1, skipping.
11-04 21:29 root         DEBUG    No ITS stop or start sites were identified for sequence SRR12683104.277.1, skipping.
11-04 21:29 root         DEBUG    No ITS stop or start sites were identified for sequence SRR12683104.25.1, skipping.
11-04 21:29 root         DEBUG    No ITS stop or start sites were identified for sequence SRR12683104.279.1, skipping.
11-04 21:29 root         DEBUG    No ITS stop or start sites were identified for sequence SRR12683104.4.1, skipping.
11-04 21:29 root         DEBUG    No ITS stop or start sites were identified for sequence SRR12683104.281.1, skipping.
11-04 21:29 root         DEBUG    No ITS stop or start sites were identified for sequence SRR12683104.283.1, skipping.
11-04 21:29 root         DEBUG    No ITS stop or start sites were identified for sequence SRR12683104.29.1, skipping.
11-04 21:29 root         DEBUG    No ITS stop or start sites were identified for sequence SRR12683104.29.1, skipping.
11-04 21:29 root         DEBUG    No ITS stop or start sites were identified for sequence SRR12683104.25.1, skipping.
11-04 21:29 root         DEBUG    No ITS stop or start sites were identified for sequence SRR12683104.9.1, skipping.
11-04 21:29 root         DEBUG    No ITS stop or start sites were identified for sequence SRR12683104.4.1, skipping.
11-04 21:29 root         DEBUG    No ITS stop or start sites were identified for sequence SRR12683104.294.1, skipping.
11-04 21:29 root         DEBUG    No ITS stop or start sites were identified for sequence SRR12683104.295.1, skipping.
11-04 21:29 root         DEBUG    No ITS stop or start sites were identified for sequence SRR12683104.296.1, skipping.
11-04 21:29 root         DEBUG    No ITS stop or start sites were identified for sequence SRR12683104.297.1, skipping.
11-04 21:29 root         INFO     ITSxpress ran in 00:00:01
