11-05 13:05 root         INFO     Verifying the input sequences.
11-05 13:05 root         INFO     Sequences are assumed to be single-end.
11-05 13:05 root         INFO     Temporary directory is: /tmp/itsxpress_20tpt6n2
11-05 13:05 root         INFO     Unique sequences are being written to a temporary FASTA file with Vsearch.
11-05 13:05 root         INFO     vsearch v2.7.1_linux_x86_64, 15.6GB RAM, 4 cores
https://github.com/torognes/vsearch

Reading file SRR12683199_pass_1.fastq.gz 100%
559297 nt in 2258 seqs, min 35, max 301, avg 248
Dereplicating 100%
Sorting 100%
1512 unique sequences, avg cluster 1.5, median 1, max 224
Writing output file 100%
Writing uc file, first part 100%
Writing uc file, second part 100%

11-05 13:05 root         INFO     Searching for ITS start and stop sites using HMMSearch. This step takes a while.
11-05 13:06 root         INFO     Parsing HMM results.
11-05 13:06 root         INFO     Writing out sequences
11-05 13:06 root         DEBUG    No ITS stop or start sites were identified for sequence SRR12683199.1.1, skipping.
11-05 13:06 root         DEBUG    No ITS stop or start sites were identified for sequence SRR12683199.2.1, skipping.
11-05 13:06 root         DEBUG    No ITS stop or start sites were identified for sequence SRR12683199.13.1, skipping.
11-05 13:06 root         DEBUG    No ITS stop or start sites were identified for sequence SRR12683199.16.1, skipping.
11-05 13:06 root         DEBUG    No ITS stop or start sites were identified for sequence SRR12683199.19.1, skipping.
11-05 13:06 root         DEBUG    No ITS stop or start sites were identified for sequence SRR12683199.20.1, skipping.
11-05 13:06 root         DEBUG    No ITS stop or start sites were identified for sequence SRR12683199.26.1, skipping.
11-05 13:06 root         DEBUG    No ITS stop or start sites were identified for sequence SRR12683199.28.1, skipping.
11-05 13:06 root         DEBUG    No ITS stop or start sites were identified for sequence SRR12683199.29.1, skipping.
11-05 13:06 root         DEBUG    No ITS stop or start sites were identified for sequence SRR12683199.32.1, skipping.
11-05 13:06 root         DEBUG    No ITS stop or start sites were identified for sequence SRR12683199.45.1, skipping.
11-05 13:06 root         DEBUG    No ITS stop or start sites were identified for sequence SRR12683199.46.1, skipping.
11-05 13:06 root         DEBUG    No ITS stop or start sites were identified for sequence SRR12683199.47.1, skipping.
11-05 13:06 root         DEBUG    No ITS stop or start sites were identified for sequence SRR12683199.48.1, skipping.
11-05 13:06 root         DEBUG    No ITS stop or start sites were identified for sequence SRR12683199.26.1, skipping.
11-05 13:06 root         DEBUG    No ITS stop or start sites were identified for sequence SRR12683199.56.1, skipping.
11-05 13:06 root         DEBUG    No ITS stop or start sites were identified for sequence SRR12683199.57.1, skipping.
11-05 13:06 root         DEBUG    No ITS stop or start sites were identified for sequence SRR12683199.58.1, skipping.
11-05 13:06 root         DEBUG    No ITS stop or start sites were identified for sequence SRR12683199.68.1, skipping.
11-05 13:06 root         DEBUG    No ITS stop or start sites were identified for sequence SRR12683199.71.1, skipping.
11-05 13:06 root         DEBUG    No ITS stop or start sites were identified for sequence SRR12683199.74.1, skipping.
11-05 13:06 root         DEBUG    No ITS stop or start sites were identified for sequence SRR12683199.82.1, skipping.
11-05 13:06 root         DEBUG    No ITS stop or start sites were identified for sequence SRR12683199.83.1, skipping.
11-05 13:06 root         DEBUG    No ITS stop or start sites were identified for sequence SRR12683199.87.1, skipping.
11-05 13:06 root         DEBUG    No ITS stop or start sites were identified for sequence SRR12683199.91.1, skipping.
11-05 13:06 root         DEBUG    No ITS stop or start sites were identified for sequence SRR12683199.92.1, skipping.
11-05 13:06 root         DEBUG    No ITS stop or start sites were identified for sequence SRR12683199.94.1, skipping.
11-05 13:06 root         DEBUG    No ITS stop or start sites were identified for sequence SRR12683199.95.1, skipping.
11-05 13:06 root         DEBUG    No ITS stop or start sites were identified for sequence SRR12683199.96.1, skipping.
11-05 13:06 root         DEBUG    No ITS stop or start sites were identified for sequence SRR12683199.98.1, skipping.
11-05 13:06 root         DEBUG    No ITS stop or start sites were identified for sequence SRR12683199.100.1, skipping.
11-05 13:06 root         DEBUG    No ITS stop or start sites were identified for sequence SRR12683199.103.1, skipping.
11-05 13:06 root         DEBUG    No ITS stop or start sites were identified for sequence SRR12683199.100.1, skipping.
11-05 13:06 root         DEBUG    No ITS stop or start sites were identified for sequence SRR12683199.108.1, skipping.
11-05 13:06 root         DEBUG    No ITS stop or start sites were identified for sequence SRR12683199.124.1, skipping.
11-05 13:06 root         DEBUG    No ITS stop or start sites were identified for sequence SRR12683199.45.1, skipping.
11-05 13:06 root         DEBUG    No ITS stop or start sites were identified for sequence SRR12683199.26.1, skipping.
11-05 13:06 root         DEBUG    No ITS stop or start sites were identified for sequence SRR12683199.144.1, skipping.
11-05 13:06 root         DEBUG    No ITS stop or start sites were identified for sequence SRR12683199.19.1, skipping.
11-05 13:06 root         DEBUG    No ITS stop or start sites were identified for sequence SRR12683199.156.1, skipping.
11-05 13:06 root         DEBUG    No ITS stop or start sites were identified for sequence SRR12683199.157.1, skipping.
11-05 13:06 root         DEBUG    No ITS stop or start sites were identified for sequence SRR12683199.124.1, skipping.
11-05 13:06 root         DEBUG    No ITS stop or start sites were identified for sequence SRR12683199.164.1, skipping.
11-05 13:06 root         DEBUG    No ITS stop or start sites were identified for sequence SRR12683199.166.1, skipping.
11-05 13:06 root         DEBUG    No ITS stop or start sites were identified for sequence SRR12683199.167.1, skipping.
11-05 13:06 root         DEBUG    No ITS stop or start sites were identified for sequence SRR12683199.172.1, skipping.
11-05 13:06 root         DEBUG    No ITS stop or start sites were identified for sequence SRR12683199.179.1, skipping.
11-05 13:06 root         DEBUG    No ITS stop or start sites were identified for sequence SRR12683199.83.1, skipping.
11-05 13:06 root         DEBUG    No ITS stop or start sites were identified for sequence SRR12683199.182.1, skipping.
11-05 13:06 root         DEBUG    No ITS stop or start sites were identified for sequence SRR12683199.185.1, skipping.
11-05 13:06 root         DEBUG    No ITS stop or start sites were identified for sequence SRR12683199.26.1, skipping.
11-05 13:06 root         DEBUG    No ITS stop or start sites were identified for sequence SRR12683199.91.1, skipping.
11-05 13:06 root         DEBUG    No ITS stop or start sites were identified for sequence SRR12683199.194.1, skipping.
11-05 13:06 root         DEBUG    No ITS stop or start sites were identified for sequence SRR12683199.196.1, skipping.
11-05 13:06 root         DEBUG    No ITS stop or start sites were identified for sequence SRR12683199.209.1, skipping.
11-05 13:06 root         DEBUG    No ITS stop or start sites were identified for sequence SRR12683199.221.1, skipping.
11-05 13:06 root         DEBUG    No ITS stop or start sites were identified for sequence SRR12683199.156.1, skipping.
11-05 13:06 root         DEBUG    No ITS stop or start sites were identified for sequence SRR12683199.229.1, skipping.
11-05 13:06 root         DEBUG    No ITS stop or start sites were identified for sequence SRR12683199.230.1, skipping.
11-05 13:06 root         DEBUG    No ITS stop or start sites were identified for sequence SRR12683199.231.1, skipping.
11-05 13:06 root         DEBUG    No ITS stop or start sites were identified for sequence SRR12683199.240.1, skipping.
11-05 13:06 root         DEBUG    No ITS stop or start sites were identified for sequence SRR12683199.94.1, skipping.
11-05 13:06 root         DEBUG    No ITS stop or start sites were identified for sequence SRR12683199.91.1, skipping.
11-05 13:06 root         DEBUG    No ITS stop or start sites were identified for sequence SRR12683199.83.1, skipping.
11-05 13:06 root         DEBUG    No ITS stop or start sites were identified for sequence SRR12683199.250.1, skipping.
11-05 13:06 root         DEBUG    No ITS stop or start sites were identified for sequence SRR12683199.253.1, skipping.
11-05 13:06 root         DEBUG    No ITS stop or start sites were identified for sequence SRR12683199.260.1, skipping.
11-05 13:06 root         DEBUG    No ITS stop or start sites were identified for sequence SRR12683199.26.1, skipping.
11-05 13:06 root         DEBUG    No ITS stop or start sites were identified for sequence SRR12683199.260.1, skipping.
11-05 13:06 root         DEBUG    No ITS stop or start sites were identified for sequence SRR12683199.179.1, skipping.
11-05 13:06 root         DEBUG    No ITS stop or start sites were identified for sequence SRR12683199.268.1, skipping.
11-05 13:06 root         DEBUG    No ITS stop or start sites were identified for sequence SRR12683199.179.1, skipping.
11-05 13:06 root         DEBUG    No ITS stop or start sites were identified for sequence SRR12683199.270.1, skipping.
11-05 13:06 root         DEBUG    No ITS stop or start sites were identified for sequence SRR12683199.253.1, skipping.
11-05 13:06 root         DEBUG    No ITS stop or start sites were identified for sequence SRR12683199.272.1, skipping.
11-05 13:06 root         DEBUG    No ITS stop or start sites were identified for sequence SRR12683199.166.1, skipping.
11-05 13:06 root         DEBUG    No ITS stop or start sites were identified for sequence SRR12683199.276.1, skipping.
11-05 13:06 root         DEBUG    No ITS stop or start sites were identified for sequence SRR12683199.157.1, skipping.
11-05 13:06 root         DEBUG    No ITS stop or start sites were identified for sequence SRR12683199.285.1, skipping.
11-05 13:06 root         DEBUG    No ITS stop or start sites were identified for sequence SRR12683199.291.1, skipping.
11-05 13:06 root         DEBUG    No ITS stop or start sites were identified for sequence SRR12683199.250.1, skipping.
11-05 13:06 root         DEBUG    No ITS stop or start sites were identified for sequence SRR12683199.91.1, skipping.
11-05 13:06 root         DEBUG    No ITS stop or start sites were identified for sequence SRR12683199.304.1, skipping.
11-05 13:06 root         DEBUG    No ITS stop or start sites were identified for sequence SRR12683199.306.1, skipping.
11-05 13:06 root         DEBUG    No ITS stop or start sites were identified for sequence SRR12683199.317.1, skipping.
11-05 13:06 root         DEBUG    No ITS stop or start sites were identified for sequence SRR12683199.319.1, skipping.
11-05 13:06 root         DEBUG    No ITS stop or start sites were identified for sequence SRR12683199.322.1, skipping.
11-05 13:06 root         DEBUG    No ITS stop or start sites were identified for sequence SRR12683199.94.1, skipping.
11-05 13:06 root         DEBUG    No ITS stop or start sites were identified for sequence SRR12683199.334.1, skipping.
11-05 13:06 root         DEBUG    No ITS stop or start sites were identified for sequence SRR12683199.94.1, skipping.
11-05 13:06 root         DEBUG    No ITS stop or start sites were identified for sequence SRR12683199.94.1, skipping.
11-05 13:06 root         DEBUG    No ITS stop or start sites were identified for sequence SRR12683199.47.1, skipping.
11-05 13:06 root         DEBUG    No ITS stop or start sites were identified for sequence SRR12683199.231.1, skipping.
11-05 13:06 root         DEBUG    No ITS stop or start sites were identified for sequence SRR12683199.358.1, skipping.
11-05 13:06 root         DEBUG    No ITS stop or start sites were identified for sequence SRR12683199.367.1, skipping.
11-05 13:06 root         DEBUG    No ITS stop or start sites were identified for sequence SRR12683199.369.1, skipping.
11-05 13:06 root         DEBUG    No ITS stop or start sites were identified for sequence SRR12683199.196.1, skipping.
11-05 13:06 root         DEBUG    No ITS stop or start sites were identified for sequence SRR12683199.371.1, skipping.
11-05 13:06 root         DEBUG    No ITS stop or start sites were identified for sequence SRR12683199.26.1, skipping.
11-05 13:06 root         DEBUG    No ITS stop or start sites were identified for sequence SRR12683199.45.1, skipping.
11-05 13:06 root         DEBUG    No ITS stop or start sites were identified for sequence SRR12683199.185.1, skipping.
11-05 13:06 root         DEBUG    No ITS stop or start sites were identified for sequence SRR12683199.387.1, skipping.
11-05 13:06 root         DEBUG    No ITS stop or start sites were identified for sequence SRR12683199.94.1, skipping.
11-05 13:06 root         DEBUG    No ITS stop or start sites were identified for sequence SRR12683199.91.1, skipping.
11-05 13:06 root         DEBUG    No ITS stop or start sites were identified for sequence SRR12683199.406.1, skipping.
11-05 13:06 root         DEBUG    No ITS stop or start sites were identified for sequence SRR12683199.411.1, skipping.
11-05 13:06 root         DEBUG    No ITS stop or start sites were identified for sequence SRR12683199.240.1, skipping.
11-05 13:06 root         DEBUG    No ITS stop or start sites were identified for sequence SRR12683199.268.1, skipping.
11-05 13:06 root         DEBUG    No ITS stop or start sites were identified for sequence SRR12683199.416.1, skipping.
11-05 13:06 root         DEBUG    No ITS stop or start sites were identified for sequence SRR12683199.417.1, skipping.
11-05 13:06 root         DEBUG    No ITS stop or start sites were identified for sequence SRR12683199.419.1, skipping.
11-05 13:06 root         DEBUG    No ITS stop or start sites were identified for sequence SRR12683199.420.1, skipping.
11-05 13:06 root         DEBUG    No ITS stop or start sites were identified for sequence SRR12683199.26.1, skipping.
11-05 13:06 root         DEBUG    No ITS stop or start sites were identified for sequence SRR12683199.427.1, skipping.
11-05 13:06 root         DEBUG    No ITS stop or start sites were identified for sequence SRR12683199.438.1, skipping.
11-05 13:06 root         DEBUG    No ITS stop or start sites were identified for sequence SRR12683199.449.1, skipping.
11-05 13:06 root         DEBUG    No ITS stop or start sites were identified for sequence SRR12683199.455.1, skipping.
11-05 13:06 root         DEBUG    No ITS stop or start sites were identified for sequence SRR12683199.456.1, skipping.
11-05 13:06 root         DEBUG    No ITS stop or start sites were identified for sequence SRR12683199.457.1, skipping.
11-05 13:06 root         DEBUG    No ITS stop or start sites were identified for sequence SRR12683199.465.1, skipping.
11-05 13:06 root         DEBUG    No ITS stop or start sites were identified for sequence SRR12683199.469.1, skipping.
11-05 13:06 root         DEBUG    No ITS stop or start sites were identified for sequence SRR12683199.100.1, skipping.
11-05 13:06 root         DEBUG    No ITS stop or start sites were identified for sequence SRR12683199.474.1, skipping.
11-05 13:06 root         DEBUG    No ITS stop or start sites were identified for sequence SRR12683199.231.1, skipping.
11-05 13:06 root         DEBUG    No ITS stop or start sites were identified for sequence SRR12683199.482.1, skipping.
11-05 13:06 root         DEBUG    No ITS stop or start sites were identified for sequence SRR12683199.26.1, skipping.
11-05 13:06 root         DEBUG    No ITS stop or start sites were identified for sequence SRR12683199.260.1, skipping.
11-05 13:06 root         DEBUG    No ITS stop or start sites were identified for sequence SRR12683199.490.1, skipping.
11-05 13:06 root         DEBUG    No ITS stop or start sites were identified for sequence SRR12683199.495.1, skipping.
11-05 13:06 root         DEBUG    No ITS stop or start sites were identified for sequence SRR12683199.231.1, skipping.
11-05 13:06 root         DEBUG    No ITS stop or start sites were identified for sequence SRR12683199.508.1, skipping.
11-05 13:06 root         DEBUG    No ITS stop or start sites were identified for sequence SRR12683199.516.1, skipping.
11-05 13:06 root         DEBUG    No ITS stop or start sites were identified for sequence SRR12683199.518.1, skipping.
11-05 13:06 root         DEBUG    No ITS stop or start sites were identified for sequence SRR12683199.520.1, skipping.
11-05 13:06 root         DEBUG    No ITS stop or start sites were identified for sequence SRR12683199.179.1, skipping.
11-05 13:06 root         DEBUG    No ITS stop or start sites were identified for sequence SRR12683199.91.1, skipping.
11-05 13:06 root         DEBUG    No ITS stop or start sites were identified for sequence SRR12683199.529.1, skipping.
11-05 13:06 root         DEBUG    No ITS stop or start sites were identified for sequence SRR12683199.534.1, skipping.
11-05 13:06 root         DEBUG    No ITS stop or start sites were identified for sequence SRR12683199.538.1, skipping.
11-05 13:06 root         DEBUG    No ITS stop or start sites were identified for sequence SRR12683199.541.1, skipping.
11-05 13:06 root         DEBUG    No ITS stop or start sites were identified for sequence SRR12683199.250.1, skipping.
11-05 13:06 root         DEBUG    No ITS stop or start sites were identified for sequence SRR12683199.550.1, skipping.
11-05 13:06 root         DEBUG    No ITS stop or start sites were identified for sequence SRR12683199.554.1, skipping.
11-05 13:06 root         DEBUG    No ITS stop or start sites were identified for sequence SRR12683199.556.1, skipping.
11-05 13:06 root         DEBUG    No ITS stop or start sites were identified for sequence SRR12683199.557.1, skipping.
11-05 13:06 root         DEBUG    No ITS stop or start sites were identified for sequence SRR12683199.565.1, skipping.
11-05 13:06 root         DEBUG    No ITS stop or start sites were identified for sequence SRR12683199.568.1, skipping.
11-05 13:06 root         DEBUG    No ITS stop or start sites were identified for sequence SRR12683199.571.1, skipping.
11-05 13:06 root         DEBUG    No ITS stop or start sites were identified for sequence SRR12683199.573.1, skipping.
11-05 13:06 root         DEBUG    No ITS stop or start sites were identified for sequence SRR12683199.29.1, skipping.
11-05 13:06 root         DEBUG    No ITS stop or start sites were identified for sequence SRR12683199.577.1, skipping.
11-05 13:06 root         DEBUG    No ITS stop or start sites were identified for sequence SRR12683199.578.1, skipping.
11-05 13:06 root         DEBUG    No ITS stop or start sites were identified for sequence SRR12683199.579.1, skipping.
11-05 13:06 root         DEBUG    No ITS stop or start sites were identified for sequence SRR12683199.580.1, skipping.
11-05 13:06 root         DEBUG    No ITS stop or start sites were identified for sequence SRR12683199.581.1, skipping.
11-05 13:06 root         DEBUG    No ITS stop or start sites were identified for sequence SRR12683199.592.1, skipping.
11-05 13:06 root         DEBUG    No ITS stop or start sites were identified for sequence SRR12683199.94.1, skipping.
11-05 13:06 root         DEBUG    No ITS stop or start sites were identified for sequence SRR12683199.599.1, skipping.
11-05 13:06 root         DEBUG    No ITS stop or start sites were identified for sequence SRR12683199.602.1, skipping.
11-05 13:06 root         DEBUG    No ITS stop or start sites were identified for sequence SRR12683199.605.1, skipping.
11-05 13:06 root         DEBUG    No ITS stop or start sites were identified for sequence SRR12683199.614.1, skipping.
11-05 13:06 root         DEBUG    No ITS stop or start sites were identified for sequence SRR12683199.618.1, skipping.
11-05 13:06 root         DEBUG    No ITS stop or start sites were identified for sequence SRR12683199.622.1, skipping.
11-05 13:06 root         DEBUG    No ITS stop or start sites were identified for sequence SRR12683199.26.1, skipping.
11-05 13:06 root         DEBUG    No ITS stop or start sites were identified for sequence SRR12683199.371.1, skipping.
11-05 13:06 root         DEBUG    No ITS stop or start sites were identified for sequence SRR12683199.634.1, skipping.
11-05 13:06 root         DEBUG    No ITS stop or start sites were identified for sequence SRR12683199.645.1, skipping.
11-05 13:06 root         DEBUG    No ITS stop or start sites were identified for sequence SRR12683199.647.1, skipping.
11-05 13:06 root         DEBUG    No ITS stop or start sites were identified for sequence SRR12683199.648.1, skipping.
11-05 13:06 root         DEBUG    No ITS stop or start sites were identified for sequence SRR12683199.650.1, skipping.
11-05 13:06 root         DEBUG    No ITS stop or start sites were identified for sequence SRR12683199.651.1, skipping.
11-05 13:06 root         DEBUG    No ITS stop or start sites were identified for sequence SRR12683199.652.1, skipping.
11-05 13:06 root         DEBUG    No ITS stop or start sites were identified for sequence SRR12683199.660.1, skipping.
11-05 13:06 root         DEBUG    No ITS stop or start sites were identified for sequence SRR12683199.26.1, skipping.
11-05 13:06 root         DEBUG    No ITS stop or start sites were identified for sequence SRR12683199.671.1, skipping.
11-05 13:06 root         DEBUG    No ITS stop or start sites were identified for sequence SRR12683199.696.1, skipping.
11-05 13:06 root         DEBUG    No ITS stop or start sites were identified for sequence SRR12683199.698.1, skipping.
11-05 13:06 root         DEBUG    No ITS stop or start sites were identified for sequence SRR12683199.700.1, skipping.
11-05 13:06 root         DEBUG    No ITS stop or start sites were identified for sequence SRR12683199.91.1, skipping.
11-05 13:06 root         DEBUG    No ITS stop or start sites were identified for sequence SRR12683199.26.1, skipping.
11-05 13:06 root         DEBUG    No ITS stop or start sites were identified for sequence SRR12683199.714.1, skipping.
11-05 13:06 root         DEBUG    No ITS stop or start sites were identified for sequence SRR12683199.29.1, skipping.
11-05 13:06 root         DEBUG    No ITS stop or start sites were identified for sequence SRR12683199.720.1, skipping.
11-05 13:06 root         DEBUG    No ITS stop or start sites were identified for sequence SRR12683199.727.1, skipping.
11-05 13:06 root         DEBUG    No ITS stop or start sites were identified for sequence SRR12683199.100.1, skipping.
11-05 13:06 root         DEBUG    No ITS stop or start sites were identified for sequence SRR12683199.735.1, skipping.
11-05 13:06 root         DEBUG    No ITS stop or start sites were identified for sequence SRR12683199.371.1, skipping.
11-05 13:06 root         DEBUG    No ITS stop or start sites were identified for sequence SRR12683199.737.1, skipping.
11-05 13:06 root         DEBUG    No ITS stop or start sites were identified for sequence SRR12683199.742.1, skipping.
11-05 13:06 root         DEBUG    No ITS stop or start sites were identified for sequence SRR12683199.26.1, skipping.
11-05 13:06 root         DEBUG    No ITS stop or start sites were identified for sequence SRR12683199.746.1, skipping.
11-05 13:06 root         DEBUG    No ITS stop or start sites were identified for sequence SRR12683199.13.1, skipping.
11-05 13:06 root         DEBUG    No ITS stop or start sites were identified for sequence SRR12683199.194.1, skipping.
11-05 13:06 root         DEBUG    No ITS stop or start sites were identified for sequence SRR12683199.96.1, skipping.
11-05 13:06 root         DEBUG    No ITS stop or start sites were identified for sequence SRR12683199.759.1, skipping.
11-05 13:06 root         DEBUG    No ITS stop or start sites were identified for sequence SRR12683199.411.1, skipping.
11-05 13:06 root         DEBUG    No ITS stop or start sites were identified for sequence SRR12683199.763.1, skipping.
11-05 13:06 root         DEBUG    No ITS stop or start sites were identified for sequence SRR12683199.94.1, skipping.
11-05 13:06 root         DEBUG    No ITS stop or start sites were identified for sequence SRR12683199.765.1, skipping.
11-05 13:06 root         DEBUG    No ITS stop or start sites were identified for sequence SRR12683199.770.1, skipping.
11-05 13:06 root         DEBUG    No ITS stop or start sites were identified for sequence SRR12683199.775.1, skipping.
11-05 13:06 root         DEBUG    No ITS stop or start sites were identified for sequence SRR12683199.240.1, skipping.
11-05 13:06 root         DEBUG    No ITS stop or start sites were identified for sequence SRR12683199.787.1, skipping.
11-05 13:06 root         DEBUG    No ITS stop or start sites were identified for sequence SRR12683199.791.1, skipping.
11-05 13:06 root         DEBUG    No ITS stop or start sites were identified for sequence SRR12683199.794.1, skipping.
11-05 13:06 root         DEBUG    No ITS stop or start sites were identified for sequence SRR12683199.250.1, skipping.
11-05 13:06 root         DEBUG    No ITS stop or start sites were identified for sequence SRR12683199.796.1, skipping.
11-05 13:06 root         DEBUG    No ITS stop or start sites were identified for sequence SRR12683199.270.1, skipping.
11-05 13:06 root         DEBUG    No ITS stop or start sites were identified for sequence SRR12683199.799.1, skipping.
11-05 13:06 root         DEBUG    No ITS stop or start sites were identified for sequence SRR12683199.800.1, skipping.
11-05 13:06 root         DEBUG    No ITS stop or start sites were identified for sequence SRR12683199.194.1, skipping.
11-05 13:06 root         DEBUG    No ITS stop or start sites were identified for sequence SRR12683199.268.1, skipping.
11-05 13:06 root         DEBUG    No ITS stop or start sites were identified for sequence SRR12683199.91.1, skipping.
11-05 13:06 root         DEBUG    No ITS stop or start sites were identified for sequence SRR12683199.826.1, skipping.
11-05 13:06 root         DEBUG    No ITS stop or start sites were identified for sequence SRR12683199.91.1, skipping.
11-05 13:06 root         DEBUG    No ITS stop or start sites were identified for sequence SRR12683199.835.1, skipping.
11-05 13:06 root         DEBUG    No ITS stop or start sites were identified for sequence SRR12683199.605.1, skipping.
11-05 13:06 root         DEBUG    No ITS stop or start sites were identified for sequence SRR12683199.839.1, skipping.
11-05 13:06 root         DEBUG    No ITS stop or start sites were identified for sequence SRR12683199.841.1, skipping.
11-05 13:06 root         DEBUG    No ITS stop or start sites were identified for sequence SRR12683199.26.1, skipping.
11-05 13:06 root         DEBUG    No ITS stop or start sites were identified for sequence SRR12683199.845.1, skipping.
11-05 13:06 root         DEBUG    No ITS stop or start sites were identified for sequence SRR12683199.221.1, skipping.
11-05 13:06 root         DEBUG    No ITS stop or start sites were identified for sequence SRR12683199.850.1, skipping.
11-05 13:06 root         DEBUG    No ITS stop or start sites were identified for sequence SRR12683199.852.1, skipping.
11-05 13:06 root         DEBUG    No ITS stop or start sites were identified for sequence SRR12683199.855.1, skipping.
11-05 13:06 root         DEBUG    No ITS stop or start sites were identified for sequence SRR12683199.230.1, skipping.
11-05 13:06 root         DEBUG    No ITS stop or start sites were identified for sequence SRR12683199.864.1, skipping.
11-05 13:06 root         DEBUG    No ITS stop or start sites were identified for sequence SRR12683199.873.1, skipping.
11-05 13:06 root         DEBUG    No ITS stop or start sites were identified for sequence SRR12683199.892.1, skipping.
11-05 13:06 root         DEBUG    No ITS stop or start sites were identified for sequence SRR12683199.893.1, skipping.
11-05 13:06 root         DEBUG    No ITS stop or start sites were identified for sequence SRR12683199.898.1, skipping.
11-05 13:06 root         DEBUG    No ITS stop or start sites were identified for sequence SRR12683199.904.1, skipping.
11-05 13:06 root         DEBUG    No ITS stop or start sites were identified for sequence SRR12683199.26.1, skipping.
11-05 13:06 root         DEBUG    No ITS stop or start sites were identified for sequence SRR12683199.917.1, skipping.
11-05 13:06 root         DEBUG    No ITS stop or start sites were identified for sequence SRR12683199.920.1, skipping.
11-05 13:06 root         DEBUG    No ITS stop or start sites were identified for sequence SRR12683199.48.1, skipping.
11-05 13:06 root         DEBUG    No ITS stop or start sites were identified for sequence SRR12683199.26.1, skipping.
11-05 13:06 root         DEBUG    No ITS stop or start sites were identified for sequence SRR12683199.937.1, skipping.
11-05 13:06 root         DEBUG    No ITS stop or start sites were identified for sequence SRR12683199.765.1, skipping.
11-05 13:06 root         DEBUG    No ITS stop or start sites were identified for sequence SRR12683199.941.1, skipping.
11-05 13:06 root         DEBUG    No ITS stop or start sites were identified for sequence SRR12683199.194.1, skipping.
11-05 13:06 root         DEBUG    No ITS stop or start sites were identified for sequence SRR12683199.250.1, skipping.
11-05 13:06 root         DEBUG    No ITS stop or start sites were identified for sequence SRR12683199.91.1, skipping.
11-05 13:06 root         DEBUG    No ITS stop or start sites were identified for sequence SRR12683199.19.1, skipping.
11-05 13:06 root         DEBUG    No ITS stop or start sites were identified for sequence SRR12683199.185.1, skipping.
11-05 13:06 root         DEBUG    No ITS stop or start sites were identified for sequence SRR12683199.955.1, skipping.
11-05 13:06 root         DEBUG    No ITS stop or start sites were identified for sequence SRR12683199.956.1, skipping.
11-05 13:06 root         DEBUG    No ITS stop or start sites were identified for sequence SRR12683199.16.1, skipping.
11-05 13:06 root         DEBUG    No ITS stop or start sites were identified for sequence SRR12683199.94.1, skipping.
11-05 13:06 root         DEBUG    No ITS stop or start sites were identified for sequence SRR12683199.26.1, skipping.
11-05 13:06 root         DEBUG    No ITS stop or start sites were identified for sequence SRR12683199.971.1, skipping.
11-05 13:06 root         DEBUG    No ITS stop or start sites were identified for sequence SRR12683199.94.1, skipping.
11-05 13:06 root         DEBUG    No ITS stop or start sites were identified for sequence SRR12683199.976.1, skipping.
11-05 13:06 root         DEBUG    No ITS stop or start sites were identified for sequence SRR12683199.26.1, skipping.
11-05 13:06 root         DEBUG    No ITS stop or start sites were identified for sequence SRR12683199.979.1, skipping.
11-05 13:06 root         DEBUG    No ITS stop or start sites were identified for sequence SRR12683199.26.1, skipping.
11-05 13:06 root         DEBUG    No ITS stop or start sites were identified for sequence SRR12683199.605.1, skipping.
11-05 13:06 root         DEBUG    No ITS stop or start sites were identified for sequence SRR12683199.983.1, skipping.
11-05 13:06 root         DEBUG    No ITS stop or start sites were identified for sequence SRR12683199.371.1, skipping.
11-05 13:06 root         DEBUG    No ITS stop or start sites were identified for sequence SRR12683199.91.1, skipping.
11-05 13:06 root         DEBUG    No ITS stop or start sites were identified for sequence SRR12683199.986.1, skipping.
11-05 13:06 root         DEBUG    No ITS stop or start sites were identified for sequence SRR12683199.989.1, skipping.
11-05 13:06 root         DEBUG    No ITS stop or start sites were identified for sequence SRR12683199.990.1, skipping.
11-05 13:06 root         DEBUG    No ITS stop or start sites were identified for sequence SRR12683199.996.1, skipping.
11-05 13:06 root         DEBUG    No ITS stop or start sites were identified for sequence SRR12683199.997.1, skipping.
11-05 13:06 root         DEBUG    No ITS stop or start sites were identified for sequence SRR12683199.1001.1, skipping.
11-05 13:06 root         DEBUG    No ITS stop or start sites were identified for sequence SRR12683199.144.1, skipping.
11-05 13:06 root         DEBUG    No ITS stop or start sites were identified for sequence SRR12683199.1012.1, skipping.
11-05 13:06 root         DEBUG    No ITS stop or start sites were identified for sequence SRR12683199.1016.1, skipping.
11-05 13:06 root         DEBUG    No ITS stop or start sites were identified for sequence SRR12683199.1017.1, skipping.
11-05 13:06 root         DEBUG    No ITS stop or start sites were identified for sequence SRR12683199.765.1, skipping.
11-05 13:06 root         DEBUG    No ITS stop or start sites were identified for sequence SRR12683199.100.1, skipping.
11-05 13:06 root         DEBUG    No ITS stop or start sites were identified for sequence SRR12683199.19.1, skipping.
11-05 13:06 root         DEBUG    No ITS stop or start sites were identified for sequence SRR12683199.1036.1, skipping.
11-05 13:06 root         DEBUG    No ITS stop or start sites were identified for sequence SRR12683199.91.1, skipping.
11-05 13:06 root         DEBUG    No ITS stop or start sites were identified for sequence SRR12683199.737.1, skipping.
11-05 13:06 root         DEBUG    No ITS stop or start sites were identified for sequence SRR12683199.727.1, skipping.
11-05 13:06 root         DEBUG    No ITS stop or start sites were identified for sequence SRR12683199.94.1, skipping.
11-05 13:06 root         DEBUG    No ITS stop or start sites were identified for sequence SRR12683199.91.1, skipping.
11-05 13:06 root         DEBUG    No ITS stop or start sites were identified for sequence SRR12683199.1056.1, skipping.
11-05 13:06 root         DEBUG    No ITS stop or start sites were identified for sequence SRR12683199.920.1, skipping.
11-05 13:06 root         DEBUG    No ITS stop or start sites were identified for sequence SRR12683199.260.1, skipping.
11-05 13:06 root         DEBUG    No ITS stop or start sites were identified for sequence SRR12683199.45.1, skipping.
11-05 13:06 root         DEBUG    No ITS stop or start sites were identified for sequence SRR12683199.1067.1, skipping.
11-05 13:06 root         DEBUG    No ITS stop or start sites were identified for sequence SRR12683199.58.1, skipping.
11-05 13:06 root         DEBUG    No ITS stop or start sites were identified for sequence SRR12683199.1071.1, skipping.
11-05 13:06 root         DEBUG    No ITS stop or start sites were identified for sequence SRR12683199.983.1, skipping.
11-05 13:06 root         DEBUG    No ITS stop or start sites were identified for sequence SRR12683199.1076.1, skipping.
11-05 13:06 root         DEBUG    No ITS stop or start sites were identified for sequence SRR12683199.1079.1, skipping.
11-05 13:06 root         DEBUG    No ITS stop or start sites were identified for sequence SRR12683199.417.1, skipping.
11-05 13:06 root         DEBUG    No ITS stop or start sites were identified for sequence SRR12683199.1083.1, skipping.
11-05 13:06 root         DEBUG    No ITS stop or start sites were identified for sequence SRR12683199.124.1, skipping.
11-05 13:06 root         DEBUG    No ITS stop or start sites were identified for sequence SRR12683199.634.1, skipping.
11-05 13:06 root         DEBUG    No ITS stop or start sites were identified for sequence SRR12683199.94.1, skipping.
11-05 13:06 root         DEBUG    No ITS stop or start sites were identified for sequence SRR12683199.605.1, skipping.
11-05 13:06 root         DEBUG    No ITS stop or start sites were identified for sequence SRR12683199.1095.1, skipping.
11-05 13:06 root         DEBUG    No ITS stop or start sites were identified for sequence SRR12683199.45.1, skipping.
11-05 13:06 root         DEBUG    No ITS stop or start sites were identified for sequence SRR12683199.1101.1, skipping.
11-05 13:06 root         DEBUG    No ITS stop or start sites were identified for sequence SRR12683199.276.1, skipping.
11-05 13:06 root         DEBUG    No ITS stop or start sites were identified for sequence SRR12683199.1105.1, skipping.
11-05 13:06 root         DEBUG    No ITS stop or start sites were identified for sequence SRR12683199.270.1, skipping.
11-05 13:06 root         DEBUG    No ITS stop or start sites were identified for sequence SRR12683199.1108.1, skipping.
11-05 13:06 root         DEBUG    No ITS stop or start sites were identified for sequence SRR12683199.1110.1, skipping.
11-05 13:06 root         DEBUG    No ITS stop or start sites were identified for sequence SRR12683199.1116.1, skipping.
11-05 13:06 root         DEBUG    No ITS stop or start sites were identified for sequence SRR12683199.1117.1, skipping.
11-05 13:06 root         DEBUG    No ITS stop or start sites were identified for sequence SRR12683199.20.1, skipping.
11-05 13:06 root         DEBUG    No ITS stop or start sites were identified for sequence SRR12683199.260.1, skipping.
11-05 13:06 root         DEBUG    No ITS stop or start sites were identified for sequence SRR12683199.1128.1, skipping.
11-05 13:06 root         DEBUG    No ITS stop or start sites were identified for sequence SRR12683199.737.1, skipping.
11-05 13:06 root         DEBUG    No ITS stop or start sites were identified for sequence SRR12683199.100.1, skipping.
11-05 13:06 root         DEBUG    No ITS stop or start sites were identified for sequence SRR12683199.1131.1, skipping.
11-05 13:06 root         DEBUG    No ITS stop or start sites were identified for sequence SRR12683199.1016.1, skipping.
11-05 13:06 root         DEBUG    No ITS stop or start sites were identified for sequence SRR12683199.1016.1, skipping.
11-05 13:06 root         DEBUG    No ITS stop or start sites were identified for sequence SRR12683199.1140.1, skipping.
11-05 13:06 root         DEBUG    No ITS stop or start sites were identified for sequence SRR12683199.1142.1, skipping.
11-05 13:06 root         DEBUG    No ITS stop or start sites were identified for sequence SRR12683199.240.1, skipping.
11-05 13:06 root         DEBUG    No ITS stop or start sites were identified for sequence SRR12683199.230.1, skipping.
11-05 13:06 root         DEBUG    No ITS stop or start sites were identified for sequence SRR12683199.367.1, skipping.
11-05 13:06 root         DEBUG    No ITS stop or start sites were identified for sequence SRR12683199.1159.1, skipping.
11-05 13:06 root         DEBUG    No ITS stop or start sites were identified for sequence SRR12683199.1166.1, skipping.
11-05 13:06 root         DEBUG    No ITS stop or start sites were identified for sequence SRR12683199.737.1, skipping.
11-05 13:06 root         DEBUG    No ITS stop or start sites were identified for sequence SRR12683199.250.1, skipping.
11-05 13:06 root         DEBUG    No ITS stop or start sites were identified for sequence SRR12683199.1178.1, skipping.
11-05 13:06 root         DEBUG    No ITS stop or start sites were identified for sequence SRR12683199.765.1, skipping.
11-05 13:06 root         DEBUG    No ITS stop or start sites were identified for sequence SRR12683199.1181.1, skipping.
11-05 13:06 root         DEBUG    No ITS stop or start sites were identified for sequence SRR12683199.1182.1, skipping.
11-05 13:06 root         DEBUG    No ITS stop or start sites were identified for sequence SRR12683199.91.1, skipping.
11-05 13:06 root         DEBUG    No ITS stop or start sites were identified for sequence SRR12683199.68.1, skipping.
11-05 13:06 root         DEBUG    No ITS stop or start sites were identified for sequence SRR12683199.367.1, skipping.
11-05 13:06 root         DEBUG    No ITS stop or start sites were identified for sequence SRR12683199.230.1, skipping.
11-05 13:06 root         DEBUG    No ITS stop or start sites were identified for sequence SRR12683199.319.1, skipping.
11-05 13:06 root         DEBUG    No ITS stop or start sites were identified for sequence SRR12683199.1206.1, skipping.
11-05 13:06 root         DEBUG    No ITS stop or start sites were identified for sequence SRR12683199.1207.1, skipping.
11-05 13:06 root         DEBUG    No ITS stop or start sites were identified for sequence SRR12683199.1208.1, skipping.
11-05 13:06 root         DEBUG    No ITS stop or start sites were identified for sequence SRR12683199.1210.1, skipping.
11-05 13:06 root         DEBUG    No ITS stop or start sites were identified for sequence SRR12683199.737.1, skipping.
11-05 13:06 root         DEBUG    No ITS stop or start sites were identified for sequence SRR12683199.124.1, skipping.
11-05 13:06 root         DEBUG    No ITS stop or start sites were identified for sequence SRR12683199.276.1, skipping.
11-05 13:06 root         DEBUG    No ITS stop or start sites were identified for sequence SRR12683199.124.1, skipping.
11-05 13:06 root         DEBUG    No ITS stop or start sites were identified for sequence SRR12683199.19.1, skipping.
11-05 13:06 root         DEBUG    No ITS stop or start sites were identified for sequence SRR12683199.20.1, skipping.
11-05 13:06 root         DEBUG    No ITS stop or start sites were identified for sequence SRR12683199.20.1, skipping.
11-05 13:06 root         DEBUG    No ITS stop or start sites were identified for sequence SRR12683199.1242.1, skipping.
11-05 13:06 root         DEBUG    No ITS stop or start sites were identified for sequence SRR12683199.765.1, skipping.
11-05 13:06 root         DEBUG    No ITS stop or start sites were identified for sequence SRR12683199.166.1, skipping.
11-05 13:06 root         DEBUG    No ITS stop or start sites were identified for sequence SRR12683199.83.1, skipping.
11-05 13:06 root         DEBUG    No ITS stop or start sites were identified for sequence SRR12683199.1182.1, skipping.
11-05 13:06 root         DEBUG    No ITS stop or start sites were identified for sequence SRR12683199.983.1, skipping.
11-05 13:06 root         DEBUG    No ITS stop or start sites were identified for sequence SRR12683199.765.1, skipping.
11-05 13:06 root         DEBUG    No ITS stop or start sites were identified for sequence SRR12683199.371.1, skipping.
11-05 13:06 root         DEBUG    No ITS stop or start sites were identified for sequence SRR12683199.1266.1, skipping.
11-05 13:06 root         DEBUG    No ITS stop or start sites were identified for sequence SRR12683199.179.1, skipping.
11-05 13:06 root         DEBUG    No ITS stop or start sites were identified for sequence SRR12683199.371.1, skipping.
11-05 13:06 root         DEBUG    No ITS stop or start sites were identified for sequence SRR12683199.1277.1, skipping.
11-05 13:06 root         DEBUG    No ITS stop or start sites were identified for sequence SRR12683199.185.1, skipping.
11-05 13:06 root         DEBUG    No ITS stop or start sites were identified for sequence SRR12683199.1280.1, skipping.
11-05 13:06 root         DEBUG    No ITS stop or start sites were identified for sequence SRR12683199.1281.1, skipping.
11-05 13:06 root         DEBUG    No ITS stop or start sites were identified for sequence SRR12683199.250.1, skipping.
11-05 13:06 root         DEBUG    No ITS stop or start sites were identified for sequence SRR12683199.194.1, skipping.
11-05 13:06 root         DEBUG    No ITS stop or start sites were identified for sequence SRR12683199.1293.1, skipping.
11-05 13:06 root         DEBUG    No ITS stop or start sites were identified for sequence SRR12683199.1296.1, skipping.
11-05 13:06 root         DEBUG    No ITS stop or start sites were identified for sequence SRR12683199.1297.1, skipping.
11-05 13:06 root         DEBUG    No ITS stop or start sites were identified for sequence SRR12683199.1312.1, skipping.
11-05 13:06 root         DEBUG    No ITS stop or start sites were identified for sequence SRR12683199.1315.1, skipping.
11-05 13:06 root         DEBUG    No ITS stop or start sites were identified for sequence SRR12683199.26.1, skipping.
11-05 13:06 root         DEBUG    No ITS stop or start sites were identified for sequence SRR12683199.411.1, skipping.
11-05 13:06 root         DEBUG    No ITS stop or start sites were identified for sequence SRR12683199.26.1, skipping.
11-05 13:06 root         DEBUG    No ITS stop or start sites were identified for sequence SRR12683199.250.1, skipping.
11-05 13:06 root         DEBUG    No ITS stop or start sites were identified for sequence SRR12683199.26.1, skipping.
11-05 13:06 root         DEBUG    No ITS stop or start sites were identified for sequence SRR12683199.48.1, skipping.
11-05 13:06 root         DEBUG    No ITS stop or start sites were identified for sequence SRR12683199.1333.1, skipping.
11-05 13:06 root         DEBUG    No ITS stop or start sites were identified for sequence SRR12683199.231.1, skipping.
11-05 13:06 root         DEBUG    No ITS stop or start sites were identified for sequence SRR12683199.29.1, skipping.
11-05 13:06 root         DEBUG    No ITS stop or start sites were identified for sequence SRR12683199.182.1, skipping.
11-05 13:06 root         DEBUG    No ITS stop or start sites were identified for sequence SRR12683199.420.1, skipping.
11-05 13:06 root         DEBUG    No ITS stop or start sites were identified for sequence SRR12683199.16.1, skipping.
11-05 13:06 root         DEBUG    No ITS stop or start sites were identified for sequence SRR12683199.1360.1, skipping.
11-05 13:06 root         DEBUG    No ITS stop or start sites were identified for sequence SRR12683199.1369.1, skipping.
11-05 13:06 root         DEBUG    No ITS stop or start sites were identified for sequence SRR12683199.26.1, skipping.
11-05 13:06 root         DEBUG    No ITS stop or start sites were identified for sequence SRR12683199.1371.1, skipping.
11-05 13:06 root         DEBUG    No ITS stop or start sites were identified for sequence SRR12683199.319.1, skipping.
11-05 13:06 root         DEBUG    No ITS stop or start sites were identified for sequence SRR12683199.1380.1, skipping.
11-05 13:06 root         DEBUG    No ITS stop or start sites were identified for sequence SRR12683199.765.1, skipping.
11-05 13:06 root         DEBUG    No ITS stop or start sites were identified for sequence SRR12683199.250.1, skipping.
11-05 13:06 root         DEBUG    No ITS stop or start sites were identified for sequence SRR12683199.91.1, skipping.
11-05 13:06 root         DEBUG    No ITS stop or start sites were identified for sequence SRR12683199.737.1, skipping.
11-05 13:06 root         DEBUG    No ITS stop or start sites were identified for sequence SRR12683199.124.1, skipping.
11-05 13:06 root         DEBUG    No ITS stop or start sites were identified for sequence SRR12683199.1412.1, skipping.
11-05 13:06 root         DEBUG    No ITS stop or start sites were identified for sequence SRR12683199.100.1, skipping.
11-05 13:06 root         DEBUG    No ITS stop or start sites were identified for sequence SRR12683199.26.1, skipping.
11-05 13:06 root         DEBUG    No ITS stop or start sites were identified for sequence SRR12683199.1434.1, skipping.
11-05 13:06 root         DEBUG    No ITS stop or start sites were identified for sequence SRR12683199.1435.1, skipping.
11-05 13:06 root         DEBUG    No ITS stop or start sites were identified for sequence SRR12683199.250.1, skipping.
11-05 13:06 root         DEBUG    No ITS stop or start sites were identified for sequence SRR12683199.100.1, skipping.
11-05 13:06 root         DEBUG    No ITS stop or start sites were identified for sequence SRR12683199.1446.1, skipping.
11-05 13:06 root         DEBUG    No ITS stop or start sites were identified for sequence SRR12683199.167.1, skipping.
11-05 13:06 root         DEBUG    No ITS stop or start sites were identified for sequence SRR12683199.83.1, skipping.
11-05 13:06 root         DEBUG    No ITS stop or start sites were identified for sequence SRR12683199.1463.1, skipping.
11-05 13:06 root         DEBUG    No ITS stop or start sites were identified for sequence SRR12683199.1464.1, skipping.
11-05 13:06 root         DEBUG    No ITS stop or start sites were identified for sequence SRR12683199.221.1, skipping.
11-05 13:06 root         DEBUG    No ITS stop or start sites were identified for sequence SRR12683199.26.1, skipping.
11-05 13:06 root         DEBUG    No ITS stop or start sites were identified for sequence SRR12683199.1486.1, skipping.
11-05 13:06 root         DEBUG    No ITS stop or start sites were identified for sequence SRR12683199.1490.1, skipping.
11-05 13:06 root         DEBUG    No ITS stop or start sites were identified for sequence SRR12683199.1496.1, skipping.
11-05 13:06 root         DEBUG    No ITS stop or start sites were identified for sequence SRR12683199.1502.1, skipping.
11-05 13:06 root         DEBUG    No ITS stop or start sites were identified for sequence SRR12683199.1504.1, skipping.
11-05 13:06 root         DEBUG    No ITS stop or start sites were identified for sequence SRR12683199.19.1, skipping.
11-05 13:06 root         DEBUG    No ITS stop or start sites were identified for sequence SRR12683199.1512.1, skipping.
11-05 13:06 root         DEBUG    No ITS stop or start sites were identified for sequence SRR12683199.91.1, skipping.
11-05 13:06 root         DEBUG    No ITS stop or start sites were identified for sequence SRR12683199.26.1, skipping.
11-05 13:06 root         DEBUG    No ITS stop or start sites were identified for sequence SRR12683199.45.1, skipping.
11-05 13:06 root         DEBUG    No ITS stop or start sites were identified for sequence SRR12683199.1524.1, skipping.
11-05 13:06 root         DEBUG    No ITS stop or start sites were identified for sequence SRR12683199.1529.1, skipping.
11-05 13:06 root         DEBUG    No ITS stop or start sites were identified for sequence SRR12683199.91.1, skipping.
11-05 13:06 root         DEBUG    No ITS stop or start sites were identified for sequence SRR12683199.231.1, skipping.
11-05 13:06 root         DEBUG    No ITS stop or start sites were identified for sequence SRR12683199.45.1, skipping.
11-05 13:06 root         DEBUG    No ITS stop or start sites were identified for sequence SRR12683199.1556.1, skipping.
11-05 13:06 root         DEBUG    No ITS stop or start sites were identified for sequence SRR12683199.26.1, skipping.
11-05 13:06 root         DEBUG    No ITS stop or start sites were identified for sequence SRR12683199.156.1, skipping.
11-05 13:06 root         DEBUG    No ITS stop or start sites were identified for sequence SRR12683199.1566.1, skipping.
11-05 13:06 root         DEBUG    No ITS stop or start sites were identified for sequence SRR12683199.367.1, skipping.
11-05 13:06 root         DEBUG    No ITS stop or start sites were identified for sequence SRR12683199.864.1, skipping.
11-05 13:06 root         DEBUG    No ITS stop or start sites were identified for sequence SRR12683199.250.1, skipping.
11-05 13:06 root         DEBUG    No ITS stop or start sites were identified for sequence SRR12683199.260.1, skipping.
11-05 13:06 root         DEBUG    No ITS stop or start sites were identified for sequence SRR12683199.1583.1, skipping.
11-05 13:06 root         DEBUG    No ITS stop or start sites were identified for sequence SRR12683199.250.1, skipping.
11-05 13:06 root         DEBUG    No ITS stop or start sites were identified for sequence SRR12683199.268.1, skipping.
11-05 13:06 root         DEBUG    No ITS stop or start sites were identified for sequence SRR12683199.268.1, skipping.
11-05 13:06 root         DEBUG    No ITS stop or start sites were identified for sequence SRR12683199.605.1, skipping.
11-05 13:06 root         DEBUG    No ITS stop or start sites were identified for sequence SRR12683199.1595.1, skipping.
11-05 13:06 root         DEBUG    No ITS stop or start sites were identified for sequence SRR12683199.1598.1, skipping.
11-05 13:06 root         DEBUG    No ITS stop or start sites were identified for sequence SRR12683199.94.1, skipping.
11-05 13:06 root         DEBUG    No ITS stop or start sites were identified for sequence SRR12683199.1620.1, skipping.
11-05 13:06 root         DEBUG    No ITS stop or start sites were identified for sequence SRR12683199.1642.1, skipping.
11-05 13:06 root         DEBUG    No ITS stop or start sites were identified for sequence SRR12683199.1647.1, skipping.
11-05 13:06 root         DEBUG    No ITS stop or start sites were identified for sequence SRR12683199.1649.1, skipping.
11-05 13:06 root         DEBUG    No ITS stop or start sites were identified for sequence SRR12683199.1654.1, skipping.
11-05 13:06 root         DEBUG    No ITS stop or start sites were identified for sequence SRR12683199.1656.1, skipping.
11-05 13:06 root         DEBUG    No ITS stop or start sites were identified for sequence SRR12683199.1659.1, skipping.
11-05 13:06 root         DEBUG    No ITS stop or start sites were identified for sequence SRR12683199.1664.1, skipping.
11-05 13:06 root         DEBUG    No ITS stop or start sites were identified for sequence SRR12683199.1668.1, skipping.
11-05 13:06 root         DEBUG    No ITS stop or start sites were identified for sequence SRR12683199.1669.1, skipping.
11-05 13:06 root         DEBUG    No ITS stop or start sites were identified for sequence SRR12683199.1692.1, skipping.
11-05 13:06 root         DEBUG    No ITS stop or start sites were identified for sequence SRR12683199.1695.1, skipping.
11-05 13:06 root         DEBUG    No ITS stop or start sites were identified for sequence SRR12683199.1697.1, skipping.
11-05 13:06 root         DEBUG    No ITS stop or start sites were identified for sequence SRR12683199.1707.1, skipping.
11-05 13:06 root         DEBUG    No ITS stop or start sites were identified for sequence SRR12683199.124.1, skipping.
11-05 13:06 root         DEBUG    No ITS stop or start sites were identified for sequence SRR12683199.56.1, skipping.
11-05 13:06 root         DEBUG    No ITS stop or start sites were identified for sequence SRR12683199.26.1, skipping.
11-05 13:06 root         DEBUG    No ITS stop or start sites were identified for sequence SRR12683199.185.1, skipping.
11-05 13:06 root         DEBUG    No ITS stop or start sites were identified for sequence SRR12683199.1723.1, skipping.
11-05 13:06 root         DEBUG    No ITS stop or start sites were identified for sequence SRR12683199.1731.1, skipping.
11-05 13:06 root         DEBUG    No ITS stop or start sites were identified for sequence SRR12683199.1733.1, skipping.
11-05 13:06 root         DEBUG    No ITS stop or start sites were identified for sequence SRR12683199.26.1, skipping.
11-05 13:06 root         DEBUG    No ITS stop or start sites were identified for sequence SRR12683199.1739.1, skipping.
11-05 13:06 root         DEBUG    No ITS stop or start sites were identified for sequence SRR12683199.1745.1, skipping.
11-05 13:06 root         DEBUG    No ITS stop or start sites were identified for sequence SRR12683199.1746.1, skipping.
11-05 13:06 root         DEBUG    No ITS stop or start sites were identified for sequence SRR12683199.1524.1, skipping.
11-05 13:06 root         DEBUG    No ITS stop or start sites were identified for sequence SRR12683199.19.1, skipping.
11-05 13:06 root         DEBUG    No ITS stop or start sites were identified for sequence SRR12683199.26.1, skipping.
11-05 13:06 root         DEBUG    No ITS stop or start sites were identified for sequence SRR12683199.1777.1, skipping.
11-05 13:06 root         DEBUG    No ITS stop or start sites were identified for sequence SRR12683199.231.1, skipping.
11-05 13:06 root         DEBUG    No ITS stop or start sites were identified for sequence SRR12683199.19.1, skipping.
11-05 13:06 root         DEBUG    No ITS stop or start sites were identified for sequence SRR12683199.26.1, skipping.
11-05 13:06 root         DEBUG    No ITS stop or start sites were identified for sequence SRR12683199.48.1, skipping.
11-05 13:06 root         DEBUG    No ITS stop or start sites were identified for sequence SRR12683199.986.1, skipping.
11-05 13:06 root         DEBUG    No ITS stop or start sites were identified for sequence SRR12683199.765.1, skipping.
11-05 13:06 root         DEBUG    No ITS stop or start sites were identified for sequence SRR12683199.48.1, skipping.
11-05 13:06 root         DEBUG    No ITS stop or start sites were identified for sequence SRR12683199.1805.1, skipping.
11-05 13:06 root         DEBUG    No ITS stop or start sites were identified for sequence SRR12683199.231.1, skipping.
11-05 13:06 root         DEBUG    No ITS stop or start sites were identified for sequence SRR12683199.1815.1, skipping.
11-05 13:06 root         DEBUG    No ITS stop or start sites were identified for sequence SRR12683199.1818.1, skipping.
11-05 13:06 root         DEBUG    No ITS stop or start sites were identified for sequence SRR12683199.1105.1, skipping.
11-05 13:06 root         DEBUG    No ITS stop or start sites were identified for sequence SRR12683199.124.1, skipping.
11-05 13:06 root         DEBUG    No ITS stop or start sites were identified for sequence SRR12683199.1825.1, skipping.
11-05 13:06 root         DEBUG    No ITS stop or start sites were identified for sequence SRR12683199.179.1, skipping.
11-05 13:06 root         DEBUG    No ITS stop or start sites were identified for sequence SRR12683199.26.1, skipping.
11-05 13:06 root         DEBUG    No ITS stop or start sites were identified for sequence SRR12683199.765.1, skipping.
11-05 13:06 root         DEBUG    No ITS stop or start sites were identified for sequence SRR12683199.371.1, skipping.
11-05 13:06 root         DEBUG    No ITS stop or start sites were identified for sequence SRR12683199.26.1, skipping.
11-05 13:06 root         DEBUG    No ITS stop or start sites were identified for sequence SRR12683199.26.1, skipping.
11-05 13:06 root         DEBUG    No ITS stop or start sites were identified for sequence SRR12683199.100.1, skipping.
11-05 13:06 root         DEBUG    No ITS stop or start sites were identified for sequence SRR12683199.1843.1, skipping.
11-05 13:06 root         DEBUG    No ITS stop or start sites were identified for sequence SRR12683199.1855.1, skipping.
11-05 13:06 root         DEBUG    No ITS stop or start sites were identified for sequence SRR12683199.1860.1, skipping.
11-05 13:06 root         DEBUG    No ITS stop or start sites were identified for sequence SRR12683199.765.1, skipping.
11-05 13:06 root         DEBUG    No ITS stop or start sites were identified for sequence SRR12683199.20.1, skipping.
11-05 13:06 root         DEBUG    No ITS stop or start sites were identified for sequence SRR12683199.1876.1, skipping.
11-05 13:06 root         DEBUG    No ITS stop or start sites were identified for sequence SRR12683199.614.1, skipping.
11-05 13:06 root         DEBUG    No ITS stop or start sites were identified for sequence SRR12683199.1899.1, skipping.
11-05 13:06 root         DEBUG    No ITS stop or start sites were identified for sequence SRR12683199.91.1, skipping.
11-05 13:06 root         DEBUG    No ITS stop or start sites were identified for sequence SRR12683199.276.1, skipping.
11-05 13:06 root         DEBUG    No ITS stop or start sites were identified for sequence SRR12683199.270.1, skipping.
11-05 13:06 root         DEBUG    No ITS stop or start sites were identified for sequence SRR12683199.179.1, skipping.
11-05 13:06 root         DEBUG    No ITS stop or start sites were identified for sequence SRR12683199.91.1, skipping.
11-05 13:06 root         DEBUG    No ITS stop or start sites were identified for sequence SRR12683199.19.1, skipping.
11-05 13:06 root         DEBUG    No ITS stop or start sites were identified for sequence SRR12683199.250.1, skipping.
11-05 13:06 root         DEBUG    No ITS stop or start sites were identified for sequence SRR12683199.1933.1, skipping.
11-05 13:06 root         DEBUG    No ITS stop or start sites were identified for sequence SRR12683199.240.1, skipping.
11-05 13:06 root         DEBUG    No ITS stop or start sites were identified for sequence SRR12683199.94.1, skipping.
11-05 13:06 root         DEBUG    No ITS stop or start sites were identified for sequence SRR12683199.1960.1, skipping.
11-05 13:06 root         DEBUG    No ITS stop or start sites were identified for sequence SRR12683199.941.1, skipping.
11-05 13:06 root         DEBUG    No ITS stop or start sites were identified for sequence SRR12683199.48.1, skipping.
11-05 13:06 root         DEBUG    No ITS stop or start sites were identified for sequence SRR12683199.1067.1, skipping.
11-05 13:06 root         DEBUG    No ITS stop or start sites were identified for sequence SRR12683199.334.1, skipping.
11-05 13:06 root         DEBUG    No ITS stop or start sites were identified for sequence SRR12683199.1983.1, skipping.
11-05 13:06 root         DEBUG    No ITS stop or start sites were identified for sequence SRR12683199.1986.1, skipping.
11-05 13:06 root         DEBUG    No ITS stop or start sites were identified for sequence SRR12683199.1988.1, skipping.
11-05 13:06 root         DEBUG    No ITS stop or start sites were identified for sequence SRR12683199.983.1, skipping.
11-05 13:06 root         DEBUG    No ITS stop or start sites were identified for sequence SRR12683199.1990.1, skipping.
11-05 13:06 root         DEBUG    No ITS stop or start sites were identified for sequence SRR12683199.91.1, skipping.
11-05 13:06 root         DEBUG    No ITS stop or start sites were identified for sequence SRR12683199.19.1, skipping.
11-05 13:06 root         DEBUG    No ITS stop or start sites were identified for sequence SRR12683199.260.1, skipping.
11-05 13:06 root         DEBUG    No ITS stop or start sites were identified for sequence SRR12683199.334.1, skipping.
11-05 13:06 root         DEBUG    No ITS stop or start sites were identified for sequence SRR12683199.94.1, skipping.
11-05 13:06 root         DEBUG    No ITS stop or start sites were identified for sequence SRR12683199.48.1, skipping.
11-05 13:06 root         DEBUG    No ITS stop or start sites were identified for sequence SRR12683199.94.1, skipping.
11-05 13:06 root         DEBUG    No ITS stop or start sites were identified for sequence SRR12683199.1016.1, skipping.
11-05 13:06 root         DEBUG    No ITS stop or start sites were identified for sequence SRR12683199.605.1, skipping.
11-05 13:06 root         DEBUG    No ITS stop or start sites were identified for sequence SRR12683199.272.1, skipping.
11-05 13:06 root         DEBUG    No ITS stop or start sites were identified for sequence SRR12683199.1105.1, skipping.
11-05 13:06 root         DEBUG    No ITS stop or start sites were identified for sequence SRR12683199.26.1, skipping.
11-05 13:06 root         DEBUG    No ITS stop or start sites were identified for sequence SRR12683199.983.1, skipping.
11-05 13:06 root         DEBUG    No ITS stop or start sites were identified for sequence SRR12683199.2052.1, skipping.
11-05 13:06 root         DEBUG    No ITS stop or start sites were identified for sequence SRR12683199.2057.1, skipping.
11-05 13:06 root         DEBUG    No ITS stop or start sites were identified for sequence SRR12683199.765.1, skipping.
11-05 13:06 root         DEBUG    No ITS stop or start sites were identified for sequence SRR12683199.334.1, skipping.
11-05 13:06 root         DEBUG    No ITS stop or start sites were identified for sequence SRR12683199.194.1, skipping.
11-05 13:06 root         DEBUG    No ITS stop or start sites were identified for sequence SRR12683199.417.1, skipping.
11-05 13:06 root         DEBUG    No ITS stop or start sites were identified for sequence SRR12683199.270.1, skipping.
11-05 13:06 root         DEBUG    No ITS stop or start sites were identified for sequence SRR12683199.91.1, skipping.
11-05 13:06 root         DEBUG    No ITS stop or start sites were identified for sequence SRR12683199.2097.1, skipping.
11-05 13:06 root         DEBUG    No ITS stop or start sites were identified for sequence SRR12683199.371.1, skipping.
11-05 13:06 root         DEBUG    No ITS stop or start sites were identified for sequence SRR12683199.83.1, skipping.
11-05 13:06 root         DEBUG    No ITS stop or start sites were identified for sequence SRR12683199.2121.1, skipping.
11-05 13:06 root         DEBUG    No ITS stop or start sites were identified for sequence SRR12683199.2128.1, skipping.
11-05 13:06 root         DEBUG    No ITS stop or start sites were identified for sequence SRR12683199.2133.1, skipping.
11-05 13:06 root         DEBUG    No ITS stop or start sites were identified for sequence SRR12683199.2135.1, skipping.
11-05 13:06 root         DEBUG    No ITS stop or start sites were identified for sequence SRR12683199.268.1, skipping.
11-05 13:06 root         DEBUG    No ITS stop or start sites were identified for sequence SRR12683199.2138.1, skipping.
11-05 13:06 root         DEBUG    No ITS stop or start sites were identified for sequence SRR12683199.2140.1, skipping.
11-05 13:06 root         DEBUG    No ITS stop or start sites were identified for sequence SRR12683199.231.1, skipping.
11-05 13:06 root         DEBUG    No ITS stop or start sites were identified for sequence SRR12683199.2155.1, skipping.
11-05 13:06 root         DEBUG    No ITS stop or start sites were identified for sequence SRR12683199.841.1, skipping.
11-05 13:06 root         DEBUG    No ITS stop or start sites were identified for sequence SRR12683199.371.1, skipping.
11-05 13:06 root         DEBUG    No ITS stop or start sites were identified for sequence SRR12683199.268.1, skipping.
11-05 13:06 root         DEBUG    No ITS stop or start sites were identified for sequence SRR12683199.91.1, skipping.
11-05 13:06 root         DEBUG    No ITS stop or start sites were identified for sequence SRR12683199.2181.1, skipping.
11-05 13:06 root         DEBUG    No ITS stop or start sites were identified for sequence SRR12683199.1182.1, skipping.
11-05 13:06 root         DEBUG    No ITS stop or start sites were identified for sequence SRR12683199.2195.1, skipping.
11-05 13:06 root         DEBUG    No ITS stop or start sites were identified for sequence SRR12683199.83.1, skipping.
11-05 13:06 root         DEBUG    No ITS stop or start sites were identified for sequence SRR12683199.196.1, skipping.
11-05 13:06 root         DEBUG    No ITS stop or start sites were identified for sequence SRR12683199.2228.1, skipping.
11-05 13:06 root         DEBUG    No ITS stop or start sites were identified for sequence SRR12683199.91.1, skipping.
11-05 13:06 root         DEBUG    No ITS stop or start sites were identified for sequence SRR12683199.2243.1, skipping.
11-05 13:06 root         DEBUG    No ITS stop or start sites were identified for sequence SRR12683199.196.1, skipping.
11-05 13:06 root         DEBUG    No ITS stop or start sites were identified for sequence SRR12683199.91.1, skipping.
11-05 13:06 root         DEBUG    No ITS stop or start sites were identified for sequence SRR12683199.2246.1, skipping.
11-05 13:06 root         DEBUG    No ITS stop or start sites were identified for sequence SRR12683199.91.1, skipping.
11-05 13:06 root         INFO     ITSxpress ran in 00:00:22
