11-04 21:37 root         INFO     Verifying the input sequences.
11-04 21:37 root         INFO     Sequences are assumed to be single-end.
11-04 21:37 root         INFO     Temporary directory is: /tmp/itsxpress_rqf2q5r5
11-04 21:37 root         INFO     Unique sequences are being written to a temporary FASTA file with Vsearch.
11-04 21:37 root         INFO     vsearch v2.7.1_linux_x86_64, 15.6GB RAM, 4 cores
https://github.com/torognes/vsearch

Reading file SRR12683135_pass_1.fastq.gz 100%
207144 nt in 911 seqs, min 35, max 301, avg 227
Dereplicating 100%
Sorting 100%
659 unique sequences, avg cluster 1.4, median 1, max 85
Writing output file 100%
Writing uc file, first part 100%
Writing uc file, second part 100%

11-04 21:37 root         INFO     Searching for ITS start and stop sites using HMMSearch. This step takes a while.
11-04 21:37 root         INFO     Parsing HMM results.
11-04 21:37 root         INFO     Writing out sequences
11-04 21:37 root         DEBUG    No ITS stop or start sites were identified for sequence SRR12683135.7.1, skipping.
11-04 21:37 root         DEBUG    No ITS stop or start sites were identified for sequence SRR12683135.8.1, skipping.
11-04 21:37 root         DEBUG    No ITS stop or start sites were identified for sequence SRR12683135.10.1, skipping.
11-04 21:37 root         DEBUG    No ITS stop or start sites were identified for sequence SRR12683135.13.1, skipping.
11-04 21:37 root         DEBUG    No ITS stop or start sites were identified for sequence SRR12683135.7.1, skipping.
11-04 21:37 root         DEBUG    No ITS stop or start sites were identified for sequence SRR12683135.25.1, skipping.
11-04 21:37 root         DEBUG    No ITS stop or start sites were identified for sequence SRR12683135.7.1, skipping.
11-04 21:37 root         DEBUG    No ITS stop or start sites were identified for sequence SRR12683135.10.1, skipping.
11-04 21:37 root         DEBUG    No ITS stop or start sites were identified for sequence SRR12683135.7.1, skipping.
11-04 21:37 root         DEBUG    No ITS stop or start sites were identified for sequence SRR12683135.34.1, skipping.
11-04 21:37 root         DEBUG    No ITS stop or start sites were identified for sequence SRR12683135.10.1, skipping.
11-04 21:37 root         DEBUG    No ITS stop or start sites were identified for sequence SRR12683135.36.1, skipping.
11-04 21:37 root         DEBUG    No ITS stop or start sites were identified for sequence SRR12683135.40.1, skipping.
11-04 21:37 root         DEBUG    No ITS stop or start sites were identified for sequence SRR12683135.41.1, skipping.
11-04 21:37 root         DEBUG    No ITS stop or start sites were identified for sequence SRR12683135.10.1, skipping.
11-04 21:37 root         DEBUG    No ITS stop or start sites were identified for sequence SRR12683135.43.1, skipping.
11-04 21:37 root         DEBUG    No ITS stop or start sites were identified for sequence SRR12683135.7.1, skipping.
11-04 21:37 root         DEBUG    No ITS stop or start sites were identified for sequence SRR12683135.8.1, skipping.
11-04 21:37 root         DEBUG    No ITS stop or start sites were identified for sequence SRR12683135.47.1, skipping.
11-04 21:37 root         DEBUG    No ITS stop or start sites were identified for sequence SRR12683135.7.1, skipping.
11-04 21:37 root         DEBUG    No ITS stop or start sites were identified for sequence SRR12683135.7.1, skipping.
11-04 21:37 root         DEBUG    No ITS stop or start sites were identified for sequence SRR12683135.53.1, skipping.
11-04 21:37 root         DEBUG    No ITS stop or start sites were identified for sequence SRR12683135.10.1, skipping.
11-04 21:37 root         DEBUG    No ITS stop or start sites were identified for sequence SRR12683135.57.1, skipping.
11-04 21:37 root         DEBUG    No ITS stop or start sites were identified for sequence SRR12683135.53.1, skipping.
11-04 21:37 root         DEBUG    No ITS stop or start sites were identified for sequence SRR12683135.7.1, skipping.
11-04 21:37 root         DEBUG    No ITS stop or start sites were identified for sequence SRR12683135.63.1, skipping.
11-04 21:37 root         DEBUG    No ITS stop or start sites were identified for sequence SRR12683135.7.1, skipping.
11-04 21:37 root         DEBUG    No ITS stop or start sites were identified for sequence SRR12683135.65.1, skipping.
11-04 21:37 root         DEBUG    No ITS stop or start sites were identified for sequence SRR12683135.8.1, skipping.
11-04 21:37 root         DEBUG    No ITS stop or start sites were identified for sequence SRR12683135.10.1, skipping.
11-04 21:37 root         DEBUG    No ITS stop or start sites were identified for sequence SRR12683135.7.1, skipping.
11-04 21:37 root         DEBUG    No ITS stop or start sites were identified for sequence SRR12683135.7.1, skipping.
11-04 21:37 root         DEBUG    No ITS stop or start sites were identified for sequence SRR12683135.77.1, skipping.
11-04 21:37 root         DEBUG    No ITS stop or start sites were identified for sequence SRR12683135.7.1, skipping.
11-04 21:37 root         DEBUG    No ITS stop or start sites were identified for sequence SRR12683135.7.1, skipping.
11-04 21:37 root         DEBUG    No ITS stop or start sites were identified for sequence SRR12683135.13.1, skipping.
11-04 21:37 root         DEBUG    No ITS stop or start sites were identified for sequence SRR12683135.90.1, skipping.
11-04 21:37 root         DEBUG    No ITS stop or start sites were identified for sequence SRR12683135.91.1, skipping.
11-04 21:37 root         DEBUG    No ITS stop or start sites were identified for sequence SRR12683135.7.1, skipping.
11-04 21:37 root         DEBUG    No ITS stop or start sites were identified for sequence SRR12683135.8.1, skipping.
11-04 21:37 root         DEBUG    No ITS stop or start sites were identified for sequence SRR12683135.95.1, skipping.
11-04 21:37 root         DEBUG    No ITS stop or start sites were identified for sequence SRR12683135.7.1, skipping.
11-04 21:37 root         DEBUG    No ITS stop or start sites were identified for sequence SRR12683135.7.1, skipping.
11-04 21:37 root         DEBUG    No ITS stop or start sites were identified for sequence SRR12683135.7.1, skipping.
11-04 21:37 root         DEBUG    No ITS stop or start sites were identified for sequence SRR12683135.101.1, skipping.
11-04 21:37 root         DEBUG    No ITS stop or start sites were identified for sequence SRR12683135.7.1, skipping.
11-04 21:37 root         DEBUG    No ITS stop or start sites were identified for sequence SRR12683135.13.1, skipping.
11-04 21:37 root         DEBUG    No ITS stop or start sites were identified for sequence SRR12683135.10.1, skipping.
11-04 21:37 root         DEBUG    No ITS stop or start sites were identified for sequence SRR12683135.10.1, skipping.
11-04 21:37 root         DEBUG    No ITS stop or start sites were identified for sequence SRR12683135.7.1, skipping.
11-04 21:37 root         DEBUG    No ITS stop or start sites were identified for sequence SRR12683135.7.1, skipping.
11-04 21:37 root         DEBUG    No ITS stop or start sites were identified for sequence SRR12683135.119.1, skipping.
11-04 21:37 root         DEBUG    No ITS stop or start sites were identified for sequence SRR12683135.10.1, skipping.
11-04 21:37 root         DEBUG    No ITS stop or start sites were identified for sequence SRR12683135.121.1, skipping.
11-04 21:37 root         DEBUG    No ITS stop or start sites were identified for sequence SRR12683135.10.1, skipping.
11-04 21:37 root         DEBUG    No ITS stop or start sites were identified for sequence SRR12683135.130.1, skipping.
11-04 21:37 root         DEBUG    No ITS stop or start sites were identified for sequence SRR12683135.133.1, skipping.
11-04 21:37 root         DEBUG    No ITS stop or start sites were identified for sequence SRR12683135.135.1, skipping.
11-04 21:37 root         DEBUG    No ITS stop or start sites were identified for sequence SRR12683135.136.1, skipping.
11-04 21:37 root         DEBUG    No ITS stop or start sites were identified for sequence SRR12683135.7.1, skipping.
11-04 21:37 root         DEBUG    No ITS stop or start sites were identified for sequence SRR12683135.7.1, skipping.
11-04 21:37 root         DEBUG    No ITS stop or start sites were identified for sequence SRR12683135.36.1, skipping.
11-04 21:37 root         DEBUG    No ITS stop or start sites were identified for sequence SRR12683135.143.1, skipping.
11-04 21:37 root         DEBUG    No ITS stop or start sites were identified for sequence SRR12683135.7.1, skipping.
11-04 21:37 root         DEBUG    No ITS stop or start sites were identified for sequence SRR12683135.7.1, skipping.
11-04 21:37 root         DEBUG    No ITS stop or start sites were identified for sequence SRR12683135.7.1, skipping.
11-04 21:37 root         DEBUG    No ITS stop or start sites were identified for sequence SRR12683135.77.1, skipping.
11-04 21:37 root         DEBUG    No ITS stop or start sites were identified for sequence SRR12683135.10.1, skipping.
11-04 21:37 root         DEBUG    No ITS stop or start sites were identified for sequence SRR12683135.156.1, skipping.
11-04 21:37 root         DEBUG    No ITS stop or start sites were identified for sequence SRR12683135.7.1, skipping.
11-04 21:37 root         DEBUG    No ITS stop or start sites were identified for sequence SRR12683135.95.1, skipping.
11-04 21:37 root         DEBUG    No ITS stop or start sites were identified for sequence SRR12683135.164.1, skipping.
11-04 21:37 root         DEBUG    No ITS stop or start sites were identified for sequence SRR12683135.10.1, skipping.
11-04 21:37 root         DEBUG    No ITS stop or start sites were identified for sequence SRR12683135.121.1, skipping.
11-04 21:37 root         DEBUG    No ITS stop or start sites were identified for sequence SRR12683135.170.1, skipping.
11-04 21:37 root         DEBUG    No ITS stop or start sites were identified for sequence SRR12683135.7.1, skipping.
11-04 21:37 root         DEBUG    No ITS stop or start sites were identified for sequence SRR12683135.7.1, skipping.
11-04 21:37 root         DEBUG    No ITS stop or start sites were identified for sequence SRR12683135.180.1, skipping.
11-04 21:37 root         DEBUG    No ITS stop or start sites were identified for sequence SRR12683135.188.1, skipping.
11-04 21:37 root         DEBUG    No ITS stop or start sites were identified for sequence SRR12683135.191.1, skipping.
11-04 21:37 root         DEBUG    No ITS stop or start sites were identified for sequence SRR12683135.193.1, skipping.
11-04 21:37 root         DEBUG    No ITS stop or start sites were identified for sequence SRR12683135.195.1, skipping.
11-04 21:37 root         DEBUG    No ITS stop or start sites were identified for sequence SRR12683135.196.1, skipping.
11-04 21:37 root         DEBUG    No ITS stop or start sites were identified for sequence SRR12683135.199.1, skipping.
11-04 21:37 root         DEBUG    No ITS stop or start sites were identified for sequence SRR12683135.13.1, skipping.
11-04 21:37 root         DEBUG    No ITS stop or start sites were identified for sequence SRR12683135.65.1, skipping.
11-04 21:37 root         DEBUG    No ITS stop or start sites were identified for sequence SRR12683135.208.1, skipping.
11-04 21:37 root         DEBUG    No ITS stop or start sites were identified for sequence SRR12683135.212.1, skipping.
11-04 21:37 root         DEBUG    No ITS stop or start sites were identified for sequence SRR12683135.36.1, skipping.
11-04 21:37 root         DEBUG    No ITS stop or start sites were identified for sequence SRR12683135.36.1, skipping.
11-04 21:37 root         DEBUG    No ITS stop or start sites were identified for sequence SRR12683135.231.1, skipping.
11-04 21:37 root         DEBUG    No ITS stop or start sites were identified for sequence SRR12683135.36.1, skipping.
11-04 21:37 root         DEBUG    No ITS stop or start sites were identified for sequence SRR12683135.7.1, skipping.
11-04 21:37 root         DEBUG    No ITS stop or start sites were identified for sequence SRR12683135.164.1, skipping.
11-04 21:37 root         DEBUG    No ITS stop or start sites were identified for sequence SRR12683135.242.1, skipping.
11-04 21:37 root         DEBUG    No ITS stop or start sites were identified for sequence SRR12683135.164.1, skipping.
11-04 21:37 root         DEBUG    No ITS stop or start sites were identified for sequence SRR12683135.90.1, skipping.
11-04 21:37 root         DEBUG    No ITS stop or start sites were identified for sequence SRR12683135.253.1, skipping.
11-04 21:37 root         DEBUG    No ITS stop or start sites were identified for sequence SRR12683135.8.1, skipping.
11-04 21:37 root         DEBUG    No ITS stop or start sites were identified for sequence SRR12683135.7.1, skipping.
11-04 21:37 root         DEBUG    No ITS stop or start sites were identified for sequence SRR12683135.259.1, skipping.
11-04 21:37 root         DEBUG    No ITS stop or start sites were identified for sequence SRR12683135.260.1, skipping.
11-04 21:37 root         DEBUG    No ITS stop or start sites were identified for sequence SRR12683135.25.1, skipping.
11-04 21:37 root         DEBUG    No ITS stop or start sites were identified for sequence SRR12683135.7.1, skipping.
11-04 21:37 root         DEBUG    No ITS stop or start sites were identified for sequence SRR12683135.266.1, skipping.
11-04 21:37 root         DEBUG    No ITS stop or start sites were identified for sequence SRR12683135.10.1, skipping.
11-04 21:37 root         DEBUG    No ITS stop or start sites were identified for sequence SRR12683135.77.1, skipping.
11-04 21:37 root         DEBUG    No ITS stop or start sites were identified for sequence SRR12683135.121.1, skipping.
11-04 21:37 root         DEBUG    No ITS stop or start sites were identified for sequence SRR12683135.95.1, skipping.
11-04 21:37 root         DEBUG    No ITS stop or start sites were identified for sequence SRR12683135.10.1, skipping.
11-04 21:37 root         DEBUG    No ITS stop or start sites were identified for sequence SRR12683135.7.1, skipping.
11-04 21:37 root         DEBUG    No ITS stop or start sites were identified for sequence SRR12683135.36.1, skipping.
11-04 21:37 root         DEBUG    No ITS stop or start sites were identified for sequence SRR12683135.90.1, skipping.
11-04 21:37 root         DEBUG    No ITS stop or start sites were identified for sequence SRR12683135.36.1, skipping.
11-04 21:37 root         DEBUG    No ITS stop or start sites were identified for sequence SRR12683135.25.1, skipping.
11-04 21:37 root         DEBUG    No ITS stop or start sites were identified for sequence SRR12683135.295.1, skipping.
11-04 21:37 root         DEBUG    No ITS stop or start sites were identified for sequence SRR12683135.296.1, skipping.
11-04 21:37 root         DEBUG    No ITS stop or start sites were identified for sequence SRR12683135.25.1, skipping.
11-04 21:37 root         DEBUG    No ITS stop or start sites were identified for sequence SRR12683135.36.1, skipping.
11-04 21:37 root         DEBUG    No ITS stop or start sites were identified for sequence SRR12683135.10.1, skipping.
11-04 21:37 root         DEBUG    No ITS stop or start sites were identified for sequence SRR12683135.10.1, skipping.
11-04 21:37 root         DEBUG    No ITS stop or start sites were identified for sequence SRR12683135.7.1, skipping.
11-04 21:37 root         DEBUG    No ITS stop or start sites were identified for sequence SRR12683135.311.1, skipping.
11-04 21:37 root         DEBUG    No ITS stop or start sites were identified for sequence SRR12683135.315.1, skipping.
11-04 21:37 root         DEBUG    No ITS stop or start sites were identified for sequence SRR12683135.322.1, skipping.
11-04 21:37 root         DEBUG    No ITS stop or start sites were identified for sequence SRR12683135.323.1, skipping.
11-04 21:37 root         DEBUG    No ITS stop or start sites were identified for sequence SRR12683135.10.1, skipping.
11-04 21:37 root         DEBUG    No ITS stop or start sites were identified for sequence SRR12683135.121.1, skipping.
11-04 21:37 root         DEBUG    No ITS stop or start sites were identified for sequence SRR12683135.340.1, skipping.
11-04 21:37 root         DEBUG    No ITS stop or start sites were identified for sequence SRR12683135.7.1, skipping.
11-04 21:37 root         DEBUG    No ITS stop or start sites were identified for sequence SRR12683135.342.1, skipping.
11-04 21:37 root         DEBUG    No ITS stop or start sites were identified for sequence SRR12683135.343.1, skipping.
11-04 21:37 root         DEBUG    No ITS stop or start sites were identified for sequence SRR12683135.10.1, skipping.
11-04 21:37 root         DEBUG    No ITS stop or start sites were identified for sequence SRR12683135.8.1, skipping.
11-04 21:37 root         DEBUG    No ITS stop or start sites were identified for sequence SRR12683135.356.1, skipping.
11-04 21:37 root         DEBUG    No ITS stop or start sites were identified for sequence SRR12683135.90.1, skipping.
11-04 21:37 root         DEBUG    No ITS stop or start sites were identified for sequence SRR12683135.10.1, skipping.
11-04 21:37 root         DEBUG    No ITS stop or start sites were identified for sequence SRR12683135.164.1, skipping.
11-04 21:37 root         DEBUG    No ITS stop or start sites were identified for sequence SRR12683135.90.1, skipping.
11-04 21:37 root         DEBUG    No ITS stop or start sites were identified for sequence SRR12683135.377.1, skipping.
11-04 21:37 root         DEBUG    No ITS stop or start sites were identified for sequence SRR12683135.34.1, skipping.
11-04 21:37 root         DEBUG    No ITS stop or start sites were identified for sequence SRR12683135.379.1, skipping.
11-04 21:37 root         DEBUG    No ITS stop or start sites were identified for sequence SRR12683135.36.1, skipping.
11-04 21:37 root         DEBUG    No ITS stop or start sites were identified for sequence SRR12683135.10.1, skipping.
11-04 21:37 root         DEBUG    No ITS stop or start sites were identified for sequence SRR12683135.382.1, skipping.
11-04 21:37 root         DEBUG    No ITS stop or start sites were identified for sequence SRR12683135.10.1, skipping.
11-04 21:37 root         DEBUG    No ITS stop or start sites were identified for sequence SRR12683135.36.1, skipping.
11-04 21:37 root         DEBUG    No ITS stop or start sites were identified for sequence SRR12683135.7.1, skipping.
11-04 21:37 root         DEBUG    No ITS stop or start sites were identified for sequence SRR12683135.390.1, skipping.
11-04 21:37 root         DEBUG    No ITS stop or start sites were identified for sequence SRR12683135.36.1, skipping.
11-04 21:37 root         DEBUG    No ITS stop or start sites were identified for sequence SRR12683135.10.1, skipping.
11-04 21:37 root         DEBUG    No ITS stop or start sites were identified for sequence SRR12683135.90.1, skipping.
11-04 21:37 root         DEBUG    No ITS stop or start sites were identified for sequence SRR12683135.7.1, skipping.
11-04 21:37 root         DEBUG    No ITS stop or start sites were identified for sequence SRR12683135.397.1, skipping.
11-04 21:37 root         DEBUG    No ITS stop or start sites were identified for sequence SRR12683135.65.1, skipping.
11-04 21:37 root         DEBUG    No ITS stop or start sites were identified for sequence SRR12683135.95.1, skipping.
11-04 21:37 root         DEBUG    No ITS stop or start sites were identified for sequence SRR12683135.7.1, skipping.
11-04 21:37 root         DEBUG    No ITS stop or start sites were identified for sequence SRR12683135.7.1, skipping.
11-04 21:37 root         DEBUG    No ITS stop or start sites were identified for sequence SRR12683135.7.1, skipping.
11-04 21:37 root         DEBUG    No ITS stop or start sites were identified for sequence SRR12683135.422.1, skipping.
11-04 21:37 root         DEBUG    No ITS stop or start sites were identified for sequence SRR12683135.10.1, skipping.
11-04 21:37 root         DEBUG    No ITS stop or start sites were identified for sequence SRR12683135.95.1, skipping.
11-04 21:37 root         DEBUG    No ITS stop or start sites were identified for sequence SRR12683135.121.1, skipping.
11-04 21:37 root         DEBUG    No ITS stop or start sites were identified for sequence SRR12683135.429.1, skipping.
11-04 21:37 root         DEBUG    No ITS stop or start sites were identified for sequence SRR12683135.10.1, skipping.
11-04 21:37 root         DEBUG    No ITS stop or start sites were identified for sequence SRR12683135.7.1, skipping.
11-04 21:37 root         DEBUG    No ITS stop or start sites were identified for sequence SRR12683135.7.1, skipping.
11-04 21:37 root         DEBUG    No ITS stop or start sites were identified for sequence SRR12683135.438.1, skipping.
11-04 21:37 root         DEBUG    No ITS stop or start sites were identified for sequence SRR12683135.440.1, skipping.
11-04 21:37 root         DEBUG    No ITS stop or start sites were identified for sequence SRR12683135.7.1, skipping.
11-04 21:37 root         DEBUG    No ITS stop or start sites were identified for sequence SRR12683135.7.1, skipping.
11-04 21:37 root         DEBUG    No ITS stop or start sites were identified for sequence SRR12683135.452.1, skipping.
11-04 21:37 root         DEBUG    No ITS stop or start sites were identified for sequence SRR12683135.455.1, skipping.
11-04 21:37 root         DEBUG    No ITS stop or start sites were identified for sequence SRR12683135.7.1, skipping.
11-04 21:37 root         DEBUG    No ITS stop or start sites were identified for sequence SRR12683135.461.1, skipping.
11-04 21:37 root         DEBUG    No ITS stop or start sites were identified for sequence SRR12683135.7.1, skipping.
11-04 21:37 root         DEBUG    No ITS stop or start sites were identified for sequence SRR12683135.10.1, skipping.
11-04 21:37 root         DEBUG    No ITS stop or start sites were identified for sequence SRR12683135.90.1, skipping.
11-04 21:37 root         DEBUG    No ITS stop or start sites were identified for sequence SRR12683135.7.1, skipping.
11-04 21:37 root         DEBUG    No ITS stop or start sites were identified for sequence SRR12683135.90.1, skipping.
11-04 21:37 root         DEBUG    No ITS stop or start sites were identified for sequence SRR12683135.481.1, skipping.
11-04 21:37 root         DEBUG    No ITS stop or start sites were identified for sequence SRR12683135.10.1, skipping.
11-04 21:37 root         DEBUG    No ITS stop or start sites were identified for sequence SRR12683135.7.1, skipping.
11-04 21:37 root         DEBUG    No ITS stop or start sites were identified for sequence SRR12683135.36.1, skipping.
11-04 21:37 root         DEBUG    No ITS stop or start sites were identified for sequence SRR12683135.489.1, skipping.
11-04 21:37 root         DEBUG    No ITS stop or start sites were identified for sequence SRR12683135.90.1, skipping.
11-04 21:37 root         DEBUG    No ITS stop or start sites were identified for sequence SRR12683135.36.1, skipping.
11-04 21:37 root         DEBUG    No ITS stop or start sites were identified for sequence SRR12683135.10.1, skipping.
11-04 21:37 root         DEBUG    No ITS stop or start sites were identified for sequence SRR12683135.495.1, skipping.
11-04 21:37 root         DEBUG    No ITS stop or start sites were identified for sequence SRR12683135.7.1, skipping.
11-04 21:37 root         DEBUG    No ITS stop or start sites were identified for sequence SRR12683135.7.1, skipping.
11-04 21:37 root         DEBUG    No ITS stop or start sites were identified for sequence SRR12683135.8.1, skipping.
11-04 21:37 root         DEBUG    No ITS stop or start sites were identified for sequence SRR12683135.508.1, skipping.
11-04 21:37 root         DEBUG    No ITS stop or start sites were identified for sequence SRR12683135.7.1, skipping.
11-04 21:37 root         DEBUG    No ITS stop or start sites were identified for sequence SRR12683135.10.1, skipping.
11-04 21:37 root         DEBUG    No ITS stop or start sites were identified for sequence SRR12683135.512.1, skipping.
11-04 21:37 root         DEBUG    No ITS stop or start sites were identified for sequence SRR12683135.34.1, skipping.
11-04 21:37 root         DEBUG    No ITS stop or start sites were identified for sequence SRR12683135.519.1, skipping.
11-04 21:37 root         DEBUG    No ITS stop or start sites were identified for sequence SRR12683135.7.1, skipping.
11-04 21:37 root         DEBUG    No ITS stop or start sites were identified for sequence SRR12683135.7.1, skipping.
11-04 21:37 root         DEBUG    No ITS stop or start sites were identified for sequence SRR12683135.7.1, skipping.
11-04 21:37 root         DEBUG    No ITS stop or start sites were identified for sequence SRR12683135.524.1, skipping.
11-04 21:37 root         DEBUG    No ITS stop or start sites were identified for sequence SRR12683135.7.1, skipping.
11-04 21:37 root         DEBUG    No ITS stop or start sites were identified for sequence SRR12683135.25.1, skipping.
11-04 21:37 root         DEBUG    No ITS stop or start sites were identified for sequence SRR12683135.77.1, skipping.
11-04 21:37 root         DEBUG    No ITS stop or start sites were identified for sequence SRR12683135.36.1, skipping.
11-04 21:37 root         DEBUG    No ITS stop or start sites were identified for sequence SRR12683135.7.1, skipping.
11-04 21:37 root         DEBUG    No ITS stop or start sites were identified for sequence SRR12683135.7.1, skipping.
11-04 21:37 root         DEBUG    No ITS stop or start sites were identified for sequence SRR12683135.539.1, skipping.
11-04 21:37 root         DEBUG    No ITS stop or start sites were identified for sequence SRR12683135.10.1, skipping.
11-04 21:37 root         DEBUG    No ITS stop or start sites were identified for sequence SRR12683135.36.1, skipping.
11-04 21:37 root         DEBUG    No ITS stop or start sites were identified for sequence SRR12683135.170.1, skipping.
11-04 21:37 root         DEBUG    No ITS stop or start sites were identified for sequence SRR12683135.7.1, skipping.
11-04 21:37 root         DEBUG    No ITS stop or start sites were identified for sequence SRR12683135.7.1, skipping.
11-04 21:37 root         DEBUG    No ITS stop or start sites were identified for sequence SRR12683135.91.1, skipping.
11-04 21:37 root         DEBUG    No ITS stop or start sites were identified for sequence SRR12683135.422.1, skipping.
11-04 21:37 root         DEBUG    No ITS stop or start sites were identified for sequence SRR12683135.13.1, skipping.
11-04 21:37 root         DEBUG    No ITS stop or start sites were identified for sequence SRR12683135.36.1, skipping.
11-04 21:37 root         DEBUG    No ITS stop or start sites were identified for sequence SRR12683135.578.1, skipping.
11-04 21:37 root         DEBUG    No ITS stop or start sites were identified for sequence SRR12683135.579.1, skipping.
11-04 21:37 root         DEBUG    No ITS stop or start sites were identified for sequence SRR12683135.7.1, skipping.
11-04 21:37 root         DEBUG    No ITS stop or start sites were identified for sequence SRR12683135.7.1, skipping.
11-04 21:37 root         DEBUG    No ITS stop or start sites were identified for sequence SRR12683135.10.1, skipping.
11-04 21:37 root         DEBUG    No ITS stop or start sites were identified for sequence SRR12683135.10.1, skipping.
11-04 21:37 root         DEBUG    No ITS stop or start sites were identified for sequence SRR12683135.7.1, skipping.
11-04 21:37 root         DEBUG    No ITS stop or start sites were identified for sequence SRR12683135.121.1, skipping.
11-04 21:37 root         DEBUG    No ITS stop or start sites were identified for sequence SRR12683135.7.1, skipping.
11-04 21:37 root         DEBUG    No ITS stop or start sites were identified for sequence SRR12683135.7.1, skipping.
11-04 21:37 root         DEBUG    No ITS stop or start sites were identified for sequence SRR12683135.608.1, skipping.
11-04 21:37 root         DEBUG    No ITS stop or start sites were identified for sequence SRR12683135.36.1, skipping.
11-04 21:37 root         DEBUG    No ITS stop or start sites were identified for sequence SRR12683135.7.1, skipping.
11-04 21:37 root         DEBUG    No ITS stop or start sites were identified for sequence SRR12683135.95.1, skipping.
11-04 21:37 root         DEBUG    No ITS stop or start sites were identified for sequence SRR12683135.7.1, skipping.
11-04 21:37 root         DEBUG    No ITS stop or start sites were identified for sequence SRR12683135.422.1, skipping.
11-04 21:37 root         DEBUG    No ITS stop or start sites were identified for sequence SRR12683135.10.1, skipping.
11-04 21:37 root         DEBUG    No ITS stop or start sites were identified for sequence SRR12683135.10.1, skipping.
11-04 21:37 root         DEBUG    No ITS stop or start sites were identified for sequence SRR12683135.90.1, skipping.
11-04 21:37 root         DEBUG    No ITS stop or start sites were identified for sequence SRR12683135.7.1, skipping.
11-04 21:37 root         DEBUG    No ITS stop or start sites were identified for sequence SRR12683135.7.1, skipping.
11-04 21:37 root         DEBUG    No ITS stop or start sites were identified for sequence SRR12683135.377.1, skipping.
11-04 21:37 root         DEBUG    No ITS stop or start sites were identified for sequence SRR12683135.7.1, skipping.
11-04 21:37 root         DEBUG    No ITS stop or start sites were identified for sequence SRR12683135.655.1, skipping.
11-04 21:37 root         DEBUG    No ITS stop or start sites were identified for sequence SRR12683135.656.1, skipping.
11-04 21:37 root         DEBUG    No ITS stop or start sites were identified for sequence SRR12683135.422.1, skipping.
11-04 21:37 root         DEBUG    No ITS stop or start sites were identified for sequence SRR12683135.658.1, skipping.
11-04 21:37 root         DEBUG    No ITS stop or start sites were identified for sequence SRR12683135.666.1, skipping.
11-04 21:37 root         DEBUG    No ITS stop or start sites were identified for sequence SRR12683135.672.1, skipping.
11-04 21:37 root         DEBUG    No ITS stop or start sites were identified for sequence SRR12683135.677.1, skipping.
11-04 21:37 root         DEBUG    No ITS stop or start sites were identified for sequence SRR12683135.683.1, skipping.
11-04 21:37 root         DEBUG    No ITS stop or start sites were identified for sequence SRR12683135.688.1, skipping.
11-04 21:37 root         DEBUG    No ITS stop or start sites were identified for sequence SRR12683135.7.1, skipping.
11-04 21:37 root         DEBUG    No ITS stop or start sites were identified for sequence SRR12683135.698.1, skipping.
11-04 21:37 root         DEBUG    No ITS stop or start sites were identified for sequence SRR12683135.7.1, skipping.
11-04 21:37 root         DEBUG    No ITS stop or start sites were identified for sequence SRR12683135.707.1, skipping.
11-04 21:37 root         DEBUG    No ITS stop or start sites were identified for sequence SRR12683135.10.1, skipping.
11-04 21:37 root         DEBUG    No ITS stop or start sites were identified for sequence SRR12683135.25.1, skipping.
11-04 21:37 root         DEBUG    No ITS stop or start sites were identified for sequence SRR12683135.718.1, skipping.
11-04 21:37 root         DEBUG    No ITS stop or start sites were identified for sequence SRR12683135.719.1, skipping.
11-04 21:37 root         DEBUG    No ITS stop or start sites were identified for sequence SRR12683135.7.1, skipping.
11-04 21:37 root         DEBUG    No ITS stop or start sites were identified for sequence SRR12683135.725.1, skipping.
11-04 21:37 root         DEBUG    No ITS stop or start sites were identified for sequence SRR12683135.7.1, skipping.
11-04 21:37 root         DEBUG    No ITS stop or start sites were identified for sequence SRR12683135.739.1, skipping.
11-04 21:37 root         DEBUG    No ITS stop or start sites were identified for sequence SRR12683135.7.1, skipping.
11-04 21:37 root         DEBUG    No ITS stop or start sites were identified for sequence SRR12683135.742.1, skipping.
11-04 21:37 root         DEBUG    No ITS stop or start sites were identified for sequence SRR12683135.7.1, skipping.
11-04 21:37 root         DEBUG    No ITS stop or start sites were identified for sequence SRR12683135.77.1, skipping.
11-04 21:37 root         DEBUG    No ITS stop or start sites were identified for sequence SRR12683135.749.1, skipping.
11-04 21:37 root         DEBUG    No ITS stop or start sites were identified for sequence SRR12683135.7.1, skipping.
11-04 21:37 root         DEBUG    No ITS stop or start sites were identified for sequence SRR12683135.769.1, skipping.
11-04 21:37 root         DEBUG    No ITS stop or start sites were identified for sequence SRR12683135.36.1, skipping.
11-04 21:37 root         DEBUG    No ITS stop or start sites were identified for sequence SRR12683135.7.1, skipping.
11-04 21:37 root         DEBUG    No ITS stop or start sites were identified for sequence SRR12683135.7.1, skipping.
11-04 21:37 root         DEBUG    No ITS stop or start sites were identified for sequence SRR12683135.7.1, skipping.
11-04 21:37 root         DEBUG    No ITS stop or start sites were identified for sequence SRR12683135.7.1, skipping.
11-04 21:37 root         DEBUG    No ITS stop or start sites were identified for sequence SRR12683135.785.1, skipping.
11-04 21:37 root         DEBUG    No ITS stop or start sites were identified for sequence SRR12683135.10.1, skipping.
11-04 21:37 root         DEBUG    No ITS stop or start sites were identified for sequence SRR12683135.77.1, skipping.
11-04 21:37 root         DEBUG    No ITS stop or start sites were identified for sequence SRR12683135.7.1, skipping.
11-04 21:37 root         DEBUG    No ITS stop or start sites were identified for sequence SRR12683135.36.1, skipping.
11-04 21:37 root         DEBUG    No ITS stop or start sites were identified for sequence SRR12683135.13.1, skipping.
11-04 21:37 root         DEBUG    No ITS stop or start sites were identified for sequence SRR12683135.13.1, skipping.
11-04 21:37 root         DEBUG    No ITS stop or start sites were identified for sequence SRR12683135.422.1, skipping.
11-04 21:37 root         DEBUG    No ITS stop or start sites were identified for sequence SRR12683135.827.1, skipping.
11-04 21:37 root         DEBUG    No ITS stop or start sites were identified for sequence SRR12683135.840.1, skipping.
11-04 21:37 root         DEBUG    No ITS stop or start sites were identified for sequence SRR12683135.121.1, skipping.
11-04 21:37 root         DEBUG    No ITS stop or start sites were identified for sequence SRR12683135.121.1, skipping.
11-04 21:37 root         DEBUG    No ITS stop or start sites were identified for sequence SRR12683135.10.1, skipping.
11-04 21:37 root         DEBUG    No ITS stop or start sites were identified for sequence SRR12683135.7.1, skipping.
11-04 21:37 root         DEBUG    No ITS stop or start sites were identified for sequence SRR12683135.13.1, skipping.
11-04 21:37 root         DEBUG    No ITS stop or start sites were identified for sequence SRR12683135.36.1, skipping.
11-04 21:37 root         DEBUG    No ITS stop or start sites were identified for sequence SRR12683135.877.1, skipping.
11-04 21:37 root         DEBUG    No ITS stop or start sites were identified for sequence SRR12683135.7.1, skipping.
11-04 21:37 root         DEBUG    No ITS stop or start sites were identified for sequence SRR12683135.422.1, skipping.
11-04 21:37 root         DEBUG    No ITS stop or start sites were identified for sequence SRR12683135.886.1, skipping.
11-04 21:37 root         DEBUG    No ITS stop or start sites were identified for sequence SRR12683135.887.1, skipping.
11-04 21:37 root         DEBUG    No ITS stop or start sites were identified for sequence SRR12683135.13.1, skipping.
11-04 21:37 root         DEBUG    No ITS stop or start sites were identified for sequence SRR12683135.7.1, skipping.
11-04 21:37 root         DEBUG    No ITS stop or start sites were identified for sequence SRR12683135.7.1, skipping.
11-04 21:37 root         DEBUG    No ITS stop or start sites were identified for sequence SRR12683135.7.1, skipping.
11-04 21:37 root         INFO     ITSxpress ran in 00:00:10
