11-04 21:35 root         INFO     Verifying the input sequences.
11-04 21:35 root         INFO     Sequences are assumed to be single-end.
11-04 21:35 root         INFO     Temporary directory is: /tmp/itsxpress_3uxxuco2
11-04 21:35 root         INFO     Unique sequences are being written to a temporary FASTA file with Vsearch.
11-04 21:35 root         INFO     vsearch v2.7.1_linux_x86_64, 15.6GB RAM, 4 cores
https://github.com/torognes/vsearch

Reading file SRR12683128_pass_1.fastq.gz 100%
169283 nt in 698 seqs, min 35, max 301, avg 243
Dereplicating 100%
Sorting 100%
409 unique sequences, avg cluster 1.7, median 1, max 43
Writing output file 100%
Writing uc file, first part 100%
Writing uc file, second part 100%

11-04 21:35 root         INFO     Searching for ITS start and stop sites using HMMSearch. This step takes a while.
11-04 21:35 root         INFO     Parsing HMM results.
11-04 21:35 root         INFO     Writing out sequences
11-04 21:35 root         DEBUG    No ITS stop or start sites were identified for sequence SRR12683128.3.1, skipping.
11-04 21:35 root         DEBUG    No ITS stop or start sites were identified for sequence SRR12683128.4.1, skipping.
11-04 21:35 root         DEBUG    No ITS stop or start sites were identified for sequence SRR12683128.5.1, skipping.
11-04 21:35 root         DEBUG    No ITS stop or start sites were identified for sequence SRR12683128.6.1, skipping.
11-04 21:35 root         DEBUG    No ITS stop or start sites were identified for sequence SRR12683128.9.1, skipping.
11-04 21:35 root         DEBUG    No ITS stop or start sites were identified for sequence SRR12683128.10.1, skipping.
11-04 21:35 root         DEBUG    No ITS stop or start sites were identified for sequence SRR12683128.11.1, skipping.
11-04 21:35 root         DEBUG    No ITS stop or start sites were identified for sequence SRR12683128.13.1, skipping.
11-04 21:35 root         DEBUG    No ITS stop or start sites were identified for sequence SRR12683128.14.1, skipping.
11-04 21:35 root         DEBUG    No ITS stop or start sites were identified for sequence SRR12683128.15.1, skipping.
11-04 21:35 root         DEBUG    No ITS stop or start sites were identified for sequence SRR12683128.11.1, skipping.
11-04 21:35 root         DEBUG    No ITS stop or start sites were identified for sequence SRR12683128.19.1, skipping.
11-04 21:35 root         DEBUG    No ITS stop or start sites were identified for sequence SRR12683128.20.1, skipping.
11-04 21:35 root         DEBUG    No ITS stop or start sites were identified for sequence SRR12683128.21.1, skipping.
11-04 21:35 root         DEBUG    No ITS stop or start sites were identified for sequence SRR12683128.11.1, skipping.
11-04 21:35 root         DEBUG    No ITS stop or start sites were identified for sequence SRR12683128.23.1, skipping.
11-04 21:35 root         DEBUG    No ITS stop or start sites were identified for sequence SRR12683128.9.1, skipping.
11-04 21:35 root         DEBUG    No ITS stop or start sites were identified for sequence SRR12683128.26.1, skipping.
11-04 21:35 root         DEBUG    No ITS stop or start sites were identified for sequence SRR12683128.27.1, skipping.
11-04 21:35 root         DEBUG    No ITS stop or start sites were identified for sequence SRR12683128.28.1, skipping.
11-04 21:35 root         DEBUG    No ITS stop or start sites were identified for sequence SRR12683128.29.1, skipping.
11-04 21:35 root         DEBUG    No ITS stop or start sites were identified for sequence SRR12683128.31.1, skipping.
11-04 21:35 root         DEBUG    No ITS stop or start sites were identified for sequence SRR12683128.32.1, skipping.
11-04 21:35 root         DEBUG    No ITS stop or start sites were identified for sequence SRR12683128.34.1, skipping.
11-04 21:35 root         DEBUG    No ITS stop or start sites were identified for sequence SRR12683128.35.1, skipping.
11-04 21:35 root         DEBUG    No ITS stop or start sites were identified for sequence SRR12683128.11.1, skipping.
11-04 21:35 root         DEBUG    No ITS stop or start sites were identified for sequence SRR12683128.37.1, skipping.
11-04 21:35 root         DEBUG    No ITS stop or start sites were identified for sequence SRR12683128.13.1, skipping.
11-04 21:35 root         DEBUG    No ITS stop or start sites were identified for sequence SRR12683128.39.1, skipping.
11-04 21:35 root         DEBUG    No ITS stop or start sites were identified for sequence SRR12683128.40.1, skipping.
11-04 21:35 root         DEBUG    No ITS stop or start sites were identified for sequence SRR12683128.9.1, skipping.
11-04 21:35 root         DEBUG    No ITS stop or start sites were identified for sequence SRR12683128.45.1, skipping.
11-04 21:35 root         DEBUG    No ITS stop or start sites were identified for sequence SRR12683128.10.1, skipping.
11-04 21:35 root         DEBUG    No ITS stop or start sites were identified for sequence SRR12683128.3.1, skipping.
11-04 21:35 root         DEBUG    No ITS stop or start sites were identified for sequence SRR12683128.11.1, skipping.
11-04 21:35 root         DEBUG    No ITS stop or start sites were identified for sequence SRR12683128.4.1, skipping.
11-04 21:35 root         DEBUG    No ITS stop or start sites were identified for sequence SRR12683128.3.1, skipping.
11-04 21:35 root         DEBUG    No ITS stop or start sites were identified for sequence SRR12683128.11.1, skipping.
11-04 21:35 root         DEBUG    No ITS stop or start sites were identified for sequence SRR12683128.57.1, skipping.
11-04 21:35 root         DEBUG    No ITS stop or start sites were identified for sequence SRR12683128.3.1, skipping.
11-04 21:35 root         DEBUG    No ITS stop or start sites were identified for sequence SRR12683128.59.1, skipping.
11-04 21:35 root         DEBUG    No ITS stop or start sites were identified for sequence SRR12683128.61.1, skipping.
11-04 21:35 root         DEBUG    No ITS stop or start sites were identified for sequence SRR12683128.62.1, skipping.
11-04 21:35 root         DEBUG    No ITS stop or start sites were identified for sequence SRR12683128.13.1, skipping.
11-04 21:35 root         DEBUG    No ITS stop or start sites were identified for sequence SRR12683128.11.1, skipping.
11-04 21:35 root         DEBUG    No ITS stop or start sites were identified for sequence SRR12683128.15.1, skipping.
11-04 21:35 root         DEBUG    No ITS stop or start sites were identified for sequence SRR12683128.23.1, skipping.
11-04 21:35 root         DEBUG    No ITS stop or start sites were identified for sequence SRR12683128.70.1, skipping.
11-04 21:35 root         DEBUG    No ITS stop or start sites were identified for sequence SRR12683128.3.1, skipping.
11-04 21:35 root         DEBUG    No ITS stop or start sites were identified for sequence SRR12683128.74.1, skipping.
11-04 21:35 root         DEBUG    No ITS stop or start sites were identified for sequence SRR12683128.3.1, skipping.
11-04 21:35 root         DEBUG    No ITS stop or start sites were identified for sequence SRR12683128.15.1, skipping.
11-04 21:35 root         DEBUG    No ITS stop or start sites were identified for sequence SRR12683128.81.1, skipping.
11-04 21:35 root         DEBUG    No ITS stop or start sites were identified for sequence SRR12683128.3.1, skipping.
11-04 21:35 root         DEBUG    No ITS stop or start sites were identified for sequence SRR12683128.83.1, skipping.
11-04 21:35 root         DEBUG    No ITS stop or start sites were identified for sequence SRR12683128.84.1, skipping.
11-04 21:35 root         DEBUG    No ITS stop or start sites were identified for sequence SRR12683128.3.1, skipping.
11-04 21:35 root         DEBUG    No ITS stop or start sites were identified for sequence SRR12683128.15.1, skipping.
11-04 21:35 root         DEBUG    No ITS stop or start sites were identified for sequence SRR12683128.15.1, skipping.
11-04 21:35 root         DEBUG    No ITS stop or start sites were identified for sequence SRR12683128.81.1, skipping.
11-04 21:35 root         DEBUG    No ITS stop or start sites were identified for sequence SRR12683128.91.1, skipping.
11-04 21:35 root         DEBUG    No ITS stop or start sites were identified for sequence SRR12683128.92.1, skipping.
11-04 21:35 root         DEBUG    No ITS stop or start sites were identified for sequence SRR12683128.94.1, skipping.
11-04 21:35 root         DEBUG    No ITS stop or start sites were identified for sequence SRR12683128.15.1, skipping.
11-04 21:35 root         DEBUG    No ITS stop or start sites were identified for sequence SRR12683128.98.1, skipping.
11-04 21:35 root         DEBUG    No ITS stop or start sites were identified for sequence SRR12683128.3.1, skipping.
11-04 21:35 root         DEBUG    No ITS stop or start sites were identified for sequence SRR12683128.102.1, skipping.
11-04 21:35 root         DEBUG    No ITS stop or start sites were identified for sequence SRR12683128.11.1, skipping.
11-04 21:35 root         DEBUG    No ITS stop or start sites were identified for sequence SRR12683128.70.1, skipping.
11-04 21:35 root         DEBUG    No ITS stop or start sites were identified for sequence SRR12683128.11.1, skipping.
11-04 21:35 root         DEBUG    No ITS stop or start sites were identified for sequence SRR12683128.107.1, skipping.
11-04 21:35 root         DEBUG    No ITS stop or start sites were identified for sequence SRR12683128.108.1, skipping.
11-04 21:35 root         DEBUG    No ITS stop or start sites were identified for sequence SRR12683128.112.1, skipping.
11-04 21:35 root         DEBUG    No ITS stop or start sites were identified for sequence SRR12683128.113.1, skipping.
11-04 21:35 root         DEBUG    No ITS stop or start sites were identified for sequence SRR12683128.114.1, skipping.
11-04 21:35 root         DEBUG    No ITS stop or start sites were identified for sequence SRR12683128.116.1, skipping.
11-04 21:35 root         DEBUG    No ITS stop or start sites were identified for sequence SRR12683128.11.1, skipping.
11-04 21:35 root         DEBUG    No ITS stop or start sites were identified for sequence SRR12683128.118.1, skipping.
11-04 21:35 root         DEBUG    No ITS stop or start sites were identified for sequence SRR12683128.13.1, skipping.
11-04 21:35 root         DEBUG    No ITS stop or start sites were identified for sequence SRR12683128.11.1, skipping.
11-04 21:35 root         DEBUG    No ITS stop or start sites were identified for sequence SRR12683128.121.1, skipping.
11-04 21:35 root         DEBUG    No ITS stop or start sites were identified for sequence SRR12683128.122.1, skipping.
11-04 21:35 root         DEBUG    No ITS stop or start sites were identified for sequence SRR12683128.123.1, skipping.
11-04 21:35 root         DEBUG    No ITS stop or start sites were identified for sequence SRR12683128.15.1, skipping.
11-04 21:35 root         DEBUG    No ITS stop or start sites were identified for sequence SRR12683128.126.1, skipping.
11-04 21:35 root         DEBUG    No ITS stop or start sites were identified for sequence SRR12683128.11.1, skipping.
11-04 21:35 root         DEBUG    No ITS stop or start sites were identified for sequence SRR12683128.128.1, skipping.
11-04 21:35 root         DEBUG    No ITS stop or start sites were identified for sequence SRR12683128.130.1, skipping.
11-04 21:35 root         DEBUG    No ITS stop or start sites were identified for sequence SRR12683128.4.1, skipping.
11-04 21:35 root         DEBUG    No ITS stop or start sites were identified for sequence SRR12683128.132.1, skipping.
11-04 21:35 root         DEBUG    No ITS stop or start sites were identified for sequence SRR12683128.133.1, skipping.
11-04 21:35 root         DEBUG    No ITS stop or start sites were identified for sequence SRR12683128.134.1, skipping.
11-04 21:35 root         DEBUG    No ITS stop or start sites were identified for sequence SRR12683128.9.1, skipping.
11-04 21:35 root         DEBUG    No ITS stop or start sites were identified for sequence SRR12683128.136.1, skipping.
11-04 21:35 root         DEBUG    No ITS stop or start sites were identified for sequence SRR12683128.137.1, skipping.
11-04 21:35 root         DEBUG    No ITS stop or start sites were identified for sequence SRR12683128.11.1, skipping.
11-04 21:35 root         DEBUG    No ITS stop or start sites were identified for sequence SRR12683128.140.1, skipping.
11-04 21:35 root         DEBUG    No ITS stop or start sites were identified for sequence SRR12683128.3.1, skipping.
11-04 21:35 root         DEBUG    No ITS stop or start sites were identified for sequence SRR12683128.143.1, skipping.
11-04 21:35 root         DEBUG    No ITS stop or start sites were identified for sequence SRR12683128.144.1, skipping.
11-04 21:35 root         DEBUG    No ITS stop or start sites were identified for sequence SRR12683128.145.1, skipping.
11-04 21:35 root         DEBUG    No ITS stop or start sites were identified for sequence SRR12683128.10.1, skipping.
11-04 21:35 root         DEBUG    No ITS stop or start sites were identified for sequence SRR12683128.148.1, skipping.
11-04 21:35 root         DEBUG    No ITS stop or start sites were identified for sequence SRR12683128.10.1, skipping.
11-04 21:35 root         DEBUG    No ITS stop or start sites were identified for sequence SRR12683128.150.1, skipping.
11-04 21:35 root         DEBUG    No ITS stop or start sites were identified for sequence SRR12683128.11.1, skipping.
11-04 21:35 root         DEBUG    No ITS stop or start sites were identified for sequence SRR12683128.153.1, skipping.
11-04 21:35 root         DEBUG    No ITS stop or start sites were identified for sequence SRR12683128.157.1, skipping.
11-04 21:35 root         DEBUG    No ITS stop or start sites were identified for sequence SRR12683128.158.1, skipping.
11-04 21:35 root         DEBUG    No ITS stop or start sites were identified for sequence SRR12683128.159.1, skipping.
11-04 21:35 root         DEBUG    No ITS stop or start sites were identified for sequence SRR12683128.160.1, skipping.
11-04 21:35 root         DEBUG    No ITS stop or start sites were identified for sequence SRR12683128.162.1, skipping.
11-04 21:35 root         DEBUG    No ITS stop or start sites were identified for sequence SRR12683128.165.1, skipping.
11-04 21:35 root         DEBUG    No ITS stop or start sites were identified for sequence SRR12683128.167.1, skipping.
11-04 21:35 root         DEBUG    No ITS stop or start sites were identified for sequence SRR12683128.168.1, skipping.
11-04 21:35 root         DEBUG    No ITS stop or start sites were identified for sequence SRR12683128.158.1, skipping.
11-04 21:35 root         DEBUG    No ITS stop or start sites were identified for sequence SRR12683128.23.1, skipping.
11-04 21:35 root         DEBUG    No ITS stop or start sites were identified for sequence SRR12683128.175.1, skipping.
11-04 21:35 root         DEBUG    No ITS stop or start sites were identified for sequence SRR12683128.177.1, skipping.
11-04 21:35 root         DEBUG    No ITS stop or start sites were identified for sequence SRR12683128.178.1, skipping.
11-04 21:35 root         DEBUG    No ITS stop or start sites were identified for sequence SRR12683128.179.1, skipping.
11-04 21:35 root         DEBUG    No ITS stop or start sites were identified for sequence SRR12683128.11.1, skipping.
11-04 21:35 root         DEBUG    No ITS stop or start sites were identified for sequence SRR12683128.182.1, skipping.
11-04 21:35 root         DEBUG    No ITS stop or start sites were identified for sequence SRR12683128.183.1, skipping.
11-04 21:35 root         DEBUG    No ITS stop or start sites were identified for sequence SRR12683128.186.1, skipping.
11-04 21:35 root         DEBUG    No ITS stop or start sites were identified for sequence SRR12683128.188.1, skipping.
11-04 21:35 root         DEBUG    No ITS stop or start sites were identified for sequence SRR12683128.190.1, skipping.
11-04 21:35 root         DEBUG    No ITS stop or start sites were identified for sequence SRR12683128.193.1, skipping.
11-04 21:35 root         DEBUG    No ITS stop or start sites were identified for sequence SRR12683128.194.1, skipping.
11-04 21:35 root         DEBUG    No ITS stop or start sites were identified for sequence SRR12683128.196.1, skipping.
11-04 21:35 root         DEBUG    No ITS stop or start sites were identified for sequence SRR12683128.198.1, skipping.
11-04 21:35 root         DEBUG    No ITS stop or start sites were identified for sequence SRR12683128.199.1, skipping.
11-04 21:35 root         DEBUG    No ITS stop or start sites were identified for sequence SRR12683128.70.1, skipping.
11-04 21:35 root         DEBUG    No ITS stop or start sites were identified for sequence SRR12683128.3.1, skipping.
11-04 21:35 root         DEBUG    No ITS stop or start sites were identified for sequence SRR12683128.203.1, skipping.
11-04 21:35 root         DEBUG    No ITS stop or start sites were identified for sequence SRR12683128.3.1, skipping.
11-04 21:35 root         DEBUG    No ITS stop or start sites were identified for sequence SRR12683128.207.1, skipping.
11-04 21:35 root         DEBUG    No ITS stop or start sites were identified for sequence SRR12683128.209.1, skipping.
11-04 21:35 root         DEBUG    No ITS stop or start sites were identified for sequence SRR12683128.210.1, skipping.
11-04 21:35 root         DEBUG    No ITS stop or start sites were identified for sequence SRR12683128.212.1, skipping.
11-04 21:35 root         DEBUG    No ITS stop or start sites were identified for sequence SRR12683128.213.1, skipping.
11-04 21:35 root         DEBUG    No ITS stop or start sites were identified for sequence SRR12683128.214.1, skipping.
11-04 21:35 root         DEBUG    No ITS stop or start sites were identified for sequence SRR12683128.123.1, skipping.
11-04 21:35 root         DEBUG    No ITS stop or start sites were identified for sequence SRR12683128.217.1, skipping.
11-04 21:35 root         DEBUG    No ITS stop or start sites were identified for sequence SRR12683128.10.1, skipping.
11-04 21:35 root         DEBUG    No ITS stop or start sites were identified for sequence SRR12683128.196.1, skipping.
11-04 21:35 root         DEBUG    No ITS stop or start sites were identified for sequence SRR12683128.222.1, skipping.
11-04 21:35 root         DEBUG    No ITS stop or start sites were identified for sequence SRR12683128.223.1, skipping.
11-04 21:35 root         DEBUG    No ITS stop or start sites were identified for sequence SRR12683128.15.1, skipping.
11-04 21:35 root         DEBUG    No ITS stop or start sites were identified for sequence SRR12683128.15.1, skipping.
11-04 21:35 root         DEBUG    No ITS stop or start sites were identified for sequence SRR12683128.226.1, skipping.
11-04 21:35 root         DEBUG    No ITS stop or start sites were identified for sequence SRR12683128.229.1, skipping.
11-04 21:35 root         DEBUG    No ITS stop or start sites were identified for sequence SRR12683128.10.1, skipping.
11-04 21:35 root         DEBUG    No ITS stop or start sites were identified for sequence SRR12683128.40.1, skipping.
11-04 21:35 root         DEBUG    No ITS stop or start sites were identified for sequence SRR12683128.232.1, skipping.
11-04 21:35 root         DEBUG    No ITS stop or start sites were identified for sequence SRR12683128.233.1, skipping.
11-04 21:35 root         DEBUG    No ITS stop or start sites were identified for sequence SRR12683128.234.1, skipping.
11-04 21:35 root         DEBUG    No ITS stop or start sites were identified for sequence SRR12683128.23.1, skipping.
11-04 21:35 root         DEBUG    No ITS stop or start sites were identified for sequence SRR12683128.236.1, skipping.
11-04 21:35 root         DEBUG    No ITS stop or start sites were identified for sequence SRR12683128.70.1, skipping.
11-04 21:35 root         DEBUG    No ITS stop or start sites were identified for sequence SRR12683128.242.1, skipping.
11-04 21:35 root         DEBUG    No ITS stop or start sites were identified for sequence SRR12683128.244.1, skipping.
11-04 21:35 root         DEBUG    No ITS stop or start sites were identified for sequence SRR12683128.23.1, skipping.
11-04 21:35 root         DEBUG    No ITS stop or start sites were identified for sequence SRR12683128.248.1, skipping.
11-04 21:35 root         DEBUG    No ITS stop or start sites were identified for sequence SRR12683128.11.1, skipping.
11-04 21:35 root         DEBUG    No ITS stop or start sites were identified for sequence SRR12683128.26.1, skipping.
11-04 21:35 root         DEBUG    No ITS stop or start sites were identified for sequence SRR12683128.23.1, skipping.
11-04 21:35 root         DEBUG    No ITS stop or start sites were identified for sequence SRR12683128.253.1, skipping.
11-04 21:35 root         DEBUG    No ITS stop or start sites were identified for sequence SRR12683128.254.1, skipping.
11-04 21:35 root         DEBUG    No ITS stop or start sites were identified for sequence SRR12683128.256.1, skipping.
11-04 21:35 root         DEBUG    No ITS stop or start sites were identified for sequence SRR12683128.257.1, skipping.
11-04 21:35 root         DEBUG    No ITS stop or start sites were identified for sequence SRR12683128.15.1, skipping.
11-04 21:35 root         DEBUG    No ITS stop or start sites were identified for sequence SRR12683128.262.1, skipping.
11-04 21:35 root         DEBUG    No ITS stop or start sites were identified for sequence SRR12683128.183.1, skipping.
11-04 21:35 root         DEBUG    No ITS stop or start sites were identified for sequence SRR12683128.203.1, skipping.
11-04 21:35 root         DEBUG    No ITS stop or start sites were identified for sequence SRR12683128.271.1, skipping.
11-04 21:35 root         DEBUG    No ITS stop or start sites were identified for sequence SRR12683128.272.1, skipping.
11-04 21:35 root         DEBUG    No ITS stop or start sites were identified for sequence SRR12683128.98.1, skipping.
11-04 21:35 root         DEBUG    No ITS stop or start sites were identified for sequence SRR12683128.274.1, skipping.
11-04 21:35 root         DEBUG    No ITS stop or start sites were identified for sequence SRR12683128.212.1, skipping.
11-04 21:35 root         DEBUG    No ITS stop or start sites were identified for sequence SRR12683128.3.1, skipping.
11-04 21:35 root         DEBUG    No ITS stop or start sites were identified for sequence SRR12683128.10.1, skipping.
11-04 21:35 root         DEBUG    No ITS stop or start sites were identified for sequence SRR12683128.102.1, skipping.
11-04 21:35 root         DEBUG    No ITS stop or start sites were identified for sequence SRR12683128.4.1, skipping.
11-04 21:35 root         DEBUG    No ITS stop or start sites were identified for sequence SRR12683128.284.1, skipping.
11-04 21:35 root         DEBUG    No ITS stop or start sites were identified for sequence SRR12683128.285.1, skipping.
11-04 21:35 root         DEBUG    No ITS stop or start sites were identified for sequence SRR12683128.288.1, skipping.
11-04 21:35 root         DEBUG    No ITS stop or start sites were identified for sequence SRR12683128.289.1, skipping.
11-04 21:35 root         DEBUG    No ITS stop or start sites were identified for sequence SRR12683128.290.1, skipping.
11-04 21:35 root         DEBUG    No ITS stop or start sites were identified for sequence SRR12683128.23.1, skipping.
11-04 21:35 root         DEBUG    No ITS stop or start sites were identified for sequence SRR12683128.292.1, skipping.
11-04 21:35 root         DEBUG    No ITS stop or start sites were identified for sequence SRR12683128.293.1, skipping.
11-04 21:35 root         DEBUG    No ITS stop or start sites were identified for sequence SRR12683128.296.1, skipping.
11-04 21:35 root         DEBUG    No ITS stop or start sites were identified for sequence SRR12683128.297.1, skipping.
11-04 21:35 root         DEBUG    No ITS stop or start sites were identified for sequence SRR12683128.298.1, skipping.
11-04 21:35 root         DEBUG    No ITS stop or start sites were identified for sequence SRR12683128.15.1, skipping.
11-04 21:35 root         DEBUG    No ITS stop or start sites were identified for sequence SRR12683128.272.1, skipping.
11-04 21:35 root         DEBUG    No ITS stop or start sites were identified for sequence SRR12683128.11.1, skipping.
11-04 21:35 root         DEBUG    No ITS stop or start sites were identified for sequence SRR12683128.306.1, skipping.
11-04 21:35 root         DEBUG    No ITS stop or start sites were identified for sequence SRR12683128.3.1, skipping.
11-04 21:35 root         DEBUG    No ITS stop or start sites were identified for sequence SRR12683128.23.1, skipping.
11-04 21:35 root         DEBUG    No ITS stop or start sites were identified for sequence SRR12683128.10.1, skipping.
11-04 21:35 root         DEBUG    No ITS stop or start sites were identified for sequence SRR12683128.15.1, skipping.
11-04 21:35 root         DEBUG    No ITS stop or start sites were identified for sequence SRR12683128.312.1, skipping.
11-04 21:35 root         DEBUG    No ITS stop or start sites were identified for sequence SRR12683128.313.1, skipping.
11-04 21:35 root         DEBUG    No ITS stop or start sites were identified for sequence SRR12683128.11.1, skipping.
11-04 21:35 root         DEBUG    No ITS stop or start sites were identified for sequence SRR12683128.11.1, skipping.
11-04 21:35 root         DEBUG    No ITS stop or start sites were identified for sequence SRR12683128.11.1, skipping.
11-04 21:35 root         DEBUG    No ITS stop or start sites were identified for sequence SRR12683128.3.1, skipping.
11-04 21:35 root         DEBUG    No ITS stop or start sites were identified for sequence SRR12683128.320.1, skipping.
11-04 21:35 root         DEBUG    No ITS stop or start sites were identified for sequence SRR12683128.3.1, skipping.
11-04 21:35 root         DEBUG    No ITS stop or start sites were identified for sequence SRR12683128.3.1, skipping.
11-04 21:35 root         DEBUG    No ITS stop or start sites were identified for sequence SRR12683128.148.1, skipping.
11-04 21:35 root         DEBUG    No ITS stop or start sites were identified for sequence SRR12683128.3.1, skipping.
11-04 21:35 root         DEBUG    No ITS stop or start sites were identified for sequence SRR12683128.3.1, skipping.
11-04 21:35 root         DEBUG    No ITS stop or start sites were identified for sequence SRR12683128.3.1, skipping.
11-04 21:35 root         DEBUG    No ITS stop or start sites were identified for sequence SRR12683128.328.1, skipping.
11-04 21:35 root         DEBUG    No ITS stop or start sites were identified for sequence SRR12683128.329.1, skipping.
11-04 21:35 root         DEBUG    No ITS stop or start sites were identified for sequence SRR12683128.330.1, skipping.
11-04 21:35 root         DEBUG    No ITS stop or start sites were identified for sequence SRR12683128.331.1, skipping.
11-04 21:35 root         DEBUG    No ITS stop or start sites were identified for sequence SRR12683128.196.1, skipping.
11-04 21:35 root         DEBUG    No ITS stop or start sites were identified for sequence SRR12683128.334.1, skipping.
11-04 21:35 root         DEBUG    No ITS stop or start sites were identified for sequence SRR12683128.3.1, skipping.
11-04 21:35 root         DEBUG    No ITS stop or start sites were identified for sequence SRR12683128.10.1, skipping.
11-04 21:35 root         DEBUG    No ITS stop or start sites were identified for sequence SRR12683128.11.1, skipping.
11-04 21:35 root         DEBUG    No ITS stop or start sites were identified for sequence SRR12683128.340.1, skipping.
11-04 21:35 root         DEBUG    No ITS stop or start sites were identified for sequence SRR12683128.272.1, skipping.
11-04 21:35 root         DEBUG    No ITS stop or start sites were identified for sequence SRR12683128.31.1, skipping.
11-04 21:35 root         DEBUG    No ITS stop or start sites were identified for sequence SRR12683128.11.1, skipping.
11-04 21:35 root         DEBUG    No ITS stop or start sites were identified for sequence SRR12683128.3.1, skipping.
11-04 21:35 root         DEBUG    No ITS stop or start sites were identified for sequence SRR12683128.15.1, skipping.
11-04 21:35 root         DEBUG    No ITS stop or start sites were identified for sequence SRR12683128.272.1, skipping.
11-04 21:35 root         DEBUG    No ITS stop or start sites were identified for sequence SRR12683128.349.1, skipping.
11-04 21:35 root         DEBUG    No ITS stop or start sites were identified for sequence SRR12683128.320.1, skipping.
11-04 21:35 root         DEBUG    No ITS stop or start sites were identified for sequence SRR12683128.3.1, skipping.
11-04 21:35 root         DEBUG    No ITS stop or start sites were identified for sequence SRR12683128.3.1, skipping.
11-04 21:35 root         DEBUG    No ITS stop or start sites were identified for sequence SRR12683128.23.1, skipping.
11-04 21:35 root         DEBUG    No ITS stop or start sites were identified for sequence SRR12683128.23.1, skipping.
11-04 21:35 root         DEBUG    No ITS stop or start sites were identified for sequence SRR12683128.355.1, skipping.
11-04 21:35 root         DEBUG    No ITS stop or start sites were identified for sequence SRR12683128.358.1, skipping.
11-04 21:35 root         DEBUG    No ITS stop or start sites were identified for sequence SRR12683128.123.1, skipping.
11-04 21:35 root         DEBUG    No ITS stop or start sites were identified for sequence SRR12683128.3.1, skipping.
11-04 21:35 root         DEBUG    No ITS stop or start sites were identified for sequence SRR12683128.212.1, skipping.
11-04 21:35 root         DEBUG    No ITS stop or start sites were identified for sequence SRR12683128.15.1, skipping.
11-04 21:35 root         DEBUG    No ITS stop or start sites were identified for sequence SRR12683128.11.1, skipping.
11-04 21:35 root         DEBUG    No ITS stop or start sites were identified for sequence SRR12683128.11.1, skipping.
11-04 21:35 root         DEBUG    No ITS stop or start sites were identified for sequence SRR12683128.370.1, skipping.
11-04 21:35 root         DEBUG    No ITS stop or start sites were identified for sequence SRR12683128.15.1, skipping.
11-04 21:35 root         DEBUG    No ITS stop or start sites were identified for sequence SRR12683128.3.1, skipping.
11-04 21:35 root         DEBUG    No ITS stop or start sites were identified for sequence SRR12683128.373.1, skipping.
11-04 21:35 root         DEBUG    No ITS stop or start sites were identified for sequence SRR12683128.374.1, skipping.
11-04 21:35 root         DEBUG    No ITS stop or start sites were identified for sequence SRR12683128.3.1, skipping.
11-04 21:35 root         DEBUG    No ITS stop or start sites were identified for sequence SRR12683128.3.1, skipping.
11-04 21:35 root         DEBUG    No ITS stop or start sites were identified for sequence SRR12683128.203.1, skipping.
11-04 21:35 root         DEBUG    No ITS stop or start sites were identified for sequence SRR12683128.378.1, skipping.
11-04 21:35 root         DEBUG    No ITS stop or start sites were identified for sequence SRR12683128.23.1, skipping.
11-04 21:35 root         DEBUG    No ITS stop or start sites were identified for sequence SRR12683128.98.1, skipping.
11-04 21:35 root         DEBUG    No ITS stop or start sites were identified for sequence SRR12683128.11.1, skipping.
11-04 21:35 root         DEBUG    No ITS stop or start sites were identified for sequence SRR12683128.244.1, skipping.
11-04 21:35 root         DEBUG    No ITS stop or start sites were identified for sequence SRR12683128.3.1, skipping.
11-04 21:35 root         DEBUG    No ITS stop or start sites were identified for sequence SRR12683128.11.1, skipping.
11-04 21:35 root         DEBUG    No ITS stop or start sites were identified for sequence SRR12683128.4.1, skipping.
11-04 21:35 root         DEBUG    No ITS stop or start sites were identified for sequence SRR12683128.3.1, skipping.
11-04 21:35 root         DEBUG    No ITS stop or start sites were identified for sequence SRR12683128.23.1, skipping.
11-04 21:35 root         DEBUG    No ITS stop or start sites were identified for sequence SRR12683128.3.1, skipping.
11-04 21:35 root         DEBUG    No ITS stop or start sites were identified for sequence SRR12683128.399.1, skipping.
11-04 21:35 root         DEBUG    No ITS stop or start sites were identified for sequence SRR12683128.400.1, skipping.
11-04 21:35 root         DEBUG    No ITS stop or start sites were identified for sequence SRR12683128.11.1, skipping.
11-04 21:35 root         DEBUG    No ITS stop or start sites were identified for sequence SRR12683128.402.1, skipping.
11-04 21:35 root         DEBUG    No ITS stop or start sites were identified for sequence SRR12683128.403.1, skipping.
11-04 21:35 root         DEBUG    No ITS stop or start sites were identified for sequence SRR12683128.11.1, skipping.
11-04 21:35 root         DEBUG    No ITS stop or start sites were identified for sequence SRR12683128.405.1, skipping.
11-04 21:35 root         DEBUG    No ITS stop or start sites were identified for sequence SRR12683128.298.1, skipping.
11-04 21:35 root         DEBUG    No ITS stop or start sites were identified for sequence SRR12683128.407.1, skipping.
11-04 21:35 root         DEBUG    No ITS stop or start sites were identified for sequence SRR12683128.10.1, skipping.
11-04 21:35 root         DEBUG    No ITS stop or start sites were identified for sequence SRR12683128.31.1, skipping.
11-04 21:35 root         DEBUG    No ITS stop or start sites were identified for sequence SRR12683128.413.1, skipping.
11-04 21:35 root         DEBUG    No ITS stop or start sites were identified for sequence SRR12683128.414.1, skipping.
11-04 21:35 root         DEBUG    No ITS stop or start sites were identified for sequence SRR12683128.3.1, skipping.
11-04 21:35 root         DEBUG    No ITS stop or start sites were identified for sequence SRR12683128.419.1, skipping.
11-04 21:35 root         DEBUG    No ITS stop or start sites were identified for sequence SRR12683128.10.1, skipping.
11-04 21:35 root         DEBUG    No ITS stop or start sites were identified for sequence SRR12683128.423.1, skipping.
11-04 21:35 root         DEBUG    No ITS stop or start sites were identified for sequence SRR12683128.4.1, skipping.
11-04 21:35 root         DEBUG    No ITS stop or start sites were identified for sequence SRR12683128.15.1, skipping.
11-04 21:35 root         DEBUG    No ITS stop or start sites were identified for sequence SRR12683128.433.1, skipping.
11-04 21:35 root         DEBUG    No ITS stop or start sites were identified for sequence SRR12683128.15.1, skipping.
11-04 21:35 root         DEBUG    No ITS stop or start sites were identified for sequence SRR12683128.320.1, skipping.
11-04 21:35 root         DEBUG    No ITS stop or start sites were identified for sequence SRR12683128.11.1, skipping.
11-04 21:35 root         DEBUG    No ITS stop or start sites were identified for sequence SRR12683128.437.1, skipping.
11-04 21:35 root         DEBUG    No ITS stop or start sites were identified for sequence SRR12683128.439.1, skipping.
11-04 21:35 root         DEBUG    No ITS stop or start sites were identified for sequence SRR12683128.11.1, skipping.
11-04 21:35 root         DEBUG    No ITS stop or start sites were identified for sequence SRR12683128.3.1, skipping.
11-04 21:35 root         DEBUG    No ITS stop or start sites were identified for sequence SRR12683128.445.1, skipping.
11-04 21:35 root         DEBUG    No ITS stop or start sites were identified for sequence SRR12683128.446.1, skipping.
11-04 21:35 root         DEBUG    No ITS stop or start sites were identified for sequence SRR12683128.447.1, skipping.
11-04 21:35 root         DEBUG    No ITS stop or start sites were identified for sequence SRR12683128.448.1, skipping.
11-04 21:35 root         DEBUG    No ITS stop or start sites were identified for sequence SRR12683128.31.1, skipping.
11-04 21:35 root         DEBUG    No ITS stop or start sites were identified for sequence SRR12683128.40.1, skipping.
11-04 21:35 root         DEBUG    No ITS stop or start sites were identified for sequence SRR12683128.451.1, skipping.
11-04 21:35 root         DEBUG    No ITS stop or start sites were identified for sequence SRR12683128.453.1, skipping.
11-04 21:35 root         DEBUG    No ITS stop or start sites were identified for sequence SRR12683128.455.1, skipping.
11-04 21:35 root         DEBUG    No ITS stop or start sites were identified for sequence SRR12683128.456.1, skipping.
11-04 21:35 root         DEBUG    No ITS stop or start sites were identified for sequence SRR12683128.3.1, skipping.
11-04 21:35 root         DEBUG    No ITS stop or start sites were identified for sequence SRR12683128.98.1, skipping.
11-04 21:35 root         DEBUG    No ITS stop or start sites were identified for sequence SRR12683128.81.1, skipping.
11-04 21:35 root         DEBUG    No ITS stop or start sites were identified for sequence SRR12683128.212.1, skipping.
11-04 21:35 root         DEBUG    No ITS stop or start sites were identified for sequence SRR12683128.472.1, skipping.
11-04 21:35 root         DEBUG    No ITS stop or start sites were identified for sequence SRR12683128.11.1, skipping.
11-04 21:35 root         DEBUG    No ITS stop or start sites were identified for sequence SRR12683128.475.1, skipping.
11-04 21:35 root         DEBUG    No ITS stop or start sites were identified for sequence SRR12683128.477.1, skipping.
11-04 21:35 root         DEBUG    No ITS stop or start sites were identified for sequence SRR12683128.478.1, skipping.
11-04 21:35 root         DEBUG    No ITS stop or start sites were identified for sequence SRR12683128.11.1, skipping.
11-04 21:35 root         DEBUG    No ITS stop or start sites were identified for sequence SRR12683128.480.1, skipping.
11-04 21:35 root         DEBUG    No ITS stop or start sites were identified for sequence SRR12683128.483.1, skipping.
11-04 21:35 root         DEBUG    No ITS stop or start sites were identified for sequence SRR12683128.183.1, skipping.
11-04 21:35 root         DEBUG    No ITS stop or start sites were identified for sequence SRR12683128.10.1, skipping.
11-04 21:35 root         DEBUG    No ITS stop or start sites were identified for sequence SRR12683128.15.1, skipping.
11-04 21:35 root         DEBUG    No ITS stop or start sites were identified for sequence SRR12683128.15.1, skipping.
11-04 21:35 root         DEBUG    No ITS stop or start sites were identified for sequence SRR12683128.497.1, skipping.
11-04 21:35 root         DEBUG    No ITS stop or start sites were identified for sequence SRR12683128.11.1, skipping.
11-04 21:35 root         DEBUG    No ITS stop or start sites were identified for sequence SRR12683128.501.1, skipping.
11-04 21:35 root         DEBUG    No ITS stop or start sites were identified for sequence SRR12683128.502.1, skipping.
11-04 21:35 root         DEBUG    No ITS stop or start sites were identified for sequence SRR12683128.272.1, skipping.
11-04 21:35 root         DEBUG    No ITS stop or start sites were identified for sequence SRR12683128.505.1, skipping.
11-04 21:35 root         DEBUG    No ITS stop or start sites were identified for sequence SRR12683128.507.1, skipping.
11-04 21:35 root         DEBUG    No ITS stop or start sites were identified for sequence SRR12683128.508.1, skipping.
11-04 21:35 root         DEBUG    No ITS stop or start sites were identified for sequence SRR12683128.513.1, skipping.
11-04 21:35 root         DEBUG    No ITS stop or start sites were identified for sequence SRR12683128.514.1, skipping.
11-04 21:35 root         DEBUG    No ITS stop or start sites were identified for sequence SRR12683128.11.1, skipping.
11-04 21:35 root         DEBUG    No ITS stop or start sites were identified for sequence SRR12683128.313.1, skipping.
11-04 21:35 root         DEBUG    No ITS stop or start sites were identified for sequence SRR12683128.518.1, skipping.
11-04 21:35 root         DEBUG    No ITS stop or start sites were identified for sequence SRR12683128.519.1, skipping.
11-04 21:35 root         DEBUG    No ITS stop or start sites were identified for sequence SRR12683128.177.1, skipping.
11-04 21:35 root         DEBUG    No ITS stop or start sites were identified for sequence SRR12683128.521.1, skipping.
11-04 21:35 root         DEBUG    No ITS stop or start sites were identified for sequence SRR12683128.523.1, skipping.
11-04 21:35 root         DEBUG    No ITS stop or start sites were identified for sequence SRR12683128.102.1, skipping.
11-04 21:35 root         DEBUG    No ITS stop or start sites were identified for sequence SRR12683128.525.1, skipping.
11-04 21:35 root         DEBUG    No ITS stop or start sites were identified for sequence SRR12683128.526.1, skipping.
11-04 21:35 root         DEBUG    No ITS stop or start sites were identified for sequence SRR12683128.3.1, skipping.
11-04 21:35 root         DEBUG    No ITS stop or start sites were identified for sequence SRR12683128.15.1, skipping.
11-04 21:35 root         DEBUG    No ITS stop or start sites were identified for sequence SRR12683128.530.1, skipping.
11-04 21:35 root         DEBUG    No ITS stop or start sites were identified for sequence SRR12683128.534.1, skipping.
11-04 21:35 root         DEBUG    No ITS stop or start sites were identified for sequence SRR12683128.9.1, skipping.
11-04 21:35 root         DEBUG    No ITS stop or start sites were identified for sequence SRR12683128.3.1, skipping.
11-04 21:35 root         DEBUG    No ITS stop or start sites were identified for sequence SRR12683128.190.1, skipping.
11-04 21:35 root         DEBUG    No ITS stop or start sites were identified for sequence SRR12683128.539.1, skipping.
11-04 21:35 root         DEBUG    No ITS stop or start sites were identified for sequence SRR12683128.541.1, skipping.
11-04 21:35 root         DEBUG    No ITS stop or start sites were identified for sequence SRR12683128.542.1, skipping.
11-04 21:35 root         DEBUG    No ITS stop or start sites were identified for sequence SRR12683128.543.1, skipping.
11-04 21:35 root         DEBUG    No ITS stop or start sites were identified for sequence SRR12683128.545.1, skipping.
11-04 21:35 root         DEBUG    No ITS stop or start sites were identified for sequence SRR12683128.11.1, skipping.
11-04 21:35 root         DEBUG    No ITS stop or start sites were identified for sequence SRR12683128.39.1, skipping.
11-04 21:35 root         DEBUG    No ITS stop or start sites were identified for sequence SRR12683128.550.1, skipping.
11-04 21:35 root         DEBUG    No ITS stop or start sites were identified for sequence SRR12683128.551.1, skipping.
11-04 21:35 root         DEBUG    No ITS stop or start sites were identified for sequence SRR12683128.552.1, skipping.
11-04 21:35 root         DEBUG    No ITS stop or start sites were identified for sequence SRR12683128.298.1, skipping.
11-04 21:35 root         DEBUG    No ITS stop or start sites were identified for sequence SRR12683128.562.1, skipping.
11-04 21:35 root         DEBUG    No ITS stop or start sites were identified for sequence SRR12683128.568.1, skipping.
11-04 21:35 root         DEBUG    No ITS stop or start sites were identified for sequence SRR12683128.570.1, skipping.
11-04 21:35 root         DEBUG    No ITS stop or start sites were identified for sequence SRR12683128.3.1, skipping.
11-04 21:35 root         DEBUG    No ITS stop or start sites were identified for sequence SRR12683128.70.1, skipping.
11-04 21:35 root         DEBUG    No ITS stop or start sites were identified for sequence SRR12683128.575.1, skipping.
11-04 21:35 root         DEBUG    No ITS stop or start sites were identified for sequence SRR12683128.576.1, skipping.
11-04 21:35 root         DEBUG    No ITS stop or start sites were identified for sequence SRR12683128.577.1, skipping.
11-04 21:35 root         DEBUG    No ITS stop or start sites were identified for sequence SRR12683128.578.1, skipping.
11-04 21:35 root         DEBUG    No ITS stop or start sites were identified for sequence SRR12683128.23.1, skipping.
11-04 21:35 root         DEBUG    No ITS stop or start sites were identified for sequence SRR12683128.26.1, skipping.
11-04 21:35 root         DEBUG    No ITS stop or start sites were identified for sequence SRR12683128.11.1, skipping.
11-04 21:35 root         DEBUG    No ITS stop or start sites were identified for sequence SRR12683128.583.1, skipping.
11-04 21:35 root         DEBUG    No ITS stop or start sites were identified for sequence SRR12683128.15.1, skipping.
11-04 21:35 root         DEBUG    No ITS stop or start sites were identified for sequence SRR12683128.585.1, skipping.
11-04 21:35 root         DEBUG    No ITS stop or start sites were identified for sequence SRR12683128.23.1, skipping.
11-04 21:35 root         DEBUG    No ITS stop or start sites were identified for sequence SRR12683128.588.1, skipping.
11-04 21:35 root         DEBUG    No ITS stop or start sites were identified for sequence SRR12683128.102.1, skipping.
11-04 21:35 root         DEBUG    No ITS stop or start sites were identified for sequence SRR12683128.593.1, skipping.
11-04 21:35 root         DEBUG    No ITS stop or start sites were identified for sequence SRR12683128.594.1, skipping.
11-04 21:35 root         DEBUG    No ITS stop or start sites were identified for sequence SRR12683128.158.1, skipping.
11-04 21:35 root         DEBUG    No ITS stop or start sites were identified for sequence SRR12683128.3.1, skipping.
11-04 21:35 root         DEBUG    No ITS stop or start sites were identified for sequence SRR12683128.20.1, skipping.
11-04 21:35 root         DEBUG    No ITS stop or start sites were identified for sequence SRR12683128.190.1, skipping.
11-04 21:35 root         DEBUG    No ITS stop or start sites were identified for sequence SRR12683128.11.1, skipping.
11-04 21:35 root         DEBUG    No ITS stop or start sites were identified for sequence SRR12683128.605.1, skipping.
11-04 21:35 root         DEBUG    No ITS stop or start sites were identified for sequence SRR12683128.606.1, skipping.
11-04 21:35 root         DEBUG    No ITS stop or start sites were identified for sequence SRR12683128.607.1, skipping.
11-04 21:35 root         DEBUG    No ITS stop or start sites were identified for sequence SRR12683128.608.1, skipping.
11-04 21:35 root         DEBUG    No ITS stop or start sites were identified for sequence SRR12683128.611.1, skipping.
11-04 21:35 root         DEBUG    No ITS stop or start sites were identified for sequence SRR12683128.612.1, skipping.
11-04 21:35 root         DEBUG    No ITS stop or start sites were identified for sequence SRR12683128.613.1, skipping.
11-04 21:35 root         DEBUG    No ITS stop or start sites were identified for sequence SRR12683128.11.1, skipping.
11-04 21:35 root         DEBUG    No ITS stop or start sites were identified for sequence SRR12683128.615.1, skipping.
11-04 21:35 root         DEBUG    No ITS stop or start sites were identified for sequence SRR12683128.11.1, skipping.
11-04 21:35 root         DEBUG    No ITS stop or start sites were identified for sequence SRR12683128.3.1, skipping.
11-04 21:35 root         DEBUG    No ITS stop or start sites were identified for sequence SRR12683128.618.1, skipping.
11-04 21:35 root         DEBUG    No ITS stop or start sites were identified for sequence SRR12683128.620.1, skipping.
11-04 21:35 root         DEBUG    No ITS stop or start sites were identified for sequence SRR12683128.621.1, skipping.
11-04 21:35 root         DEBUG    No ITS stop or start sites were identified for sequence SRR12683128.622.1, skipping.
11-04 21:35 root         DEBUG    No ITS stop or start sites were identified for sequence SRR12683128.15.1, skipping.
11-04 21:35 root         DEBUG    No ITS stop or start sites were identified for sequence SRR12683128.10.1, skipping.
11-04 21:35 root         DEBUG    No ITS stop or start sites were identified for sequence SRR12683128.10.1, skipping.
11-04 21:35 root         DEBUG    No ITS stop or start sites were identified for sequence SRR12683128.631.1, skipping.
11-04 21:35 root         DEBUG    No ITS stop or start sites were identified for sequence SRR12683128.632.1, skipping.
11-04 21:35 root         DEBUG    No ITS stop or start sites were identified for sequence SRR12683128.313.1, skipping.
11-04 21:35 root         DEBUG    No ITS stop or start sites were identified for sequence SRR12683128.15.1, skipping.
11-04 21:35 root         DEBUG    No ITS stop or start sites were identified for sequence SRR12683128.637.1, skipping.
11-04 21:35 root         DEBUG    No ITS stop or start sites were identified for sequence SRR12683128.638.1, skipping.
11-04 21:35 root         DEBUG    No ITS stop or start sites were identified for sequence SRR12683128.639.1, skipping.
11-04 21:35 root         DEBUG    No ITS stop or start sites were identified for sequence SRR12683128.203.1, skipping.
11-04 21:35 root         DEBUG    No ITS stop or start sites were identified for sequence SRR12683128.3.1, skipping.
11-04 21:35 root         DEBUG    No ITS stop or start sites were identified for sequence SRR12683128.11.1, skipping.
11-04 21:35 root         DEBUG    No ITS stop or start sites were identified for sequence SRR12683128.15.1, skipping.
11-04 21:35 root         DEBUG    No ITS stop or start sites were identified for sequence SRR12683128.649.1, skipping.
11-04 21:35 root         DEBUG    No ITS stop or start sites were identified for sequence SRR12683128.272.1, skipping.
11-04 21:35 root         DEBUG    No ITS stop or start sites were identified for sequence SRR12683128.183.1, skipping.
11-04 21:35 root         DEBUG    No ITS stop or start sites were identified for sequence SRR12683128.15.1, skipping.
11-04 21:35 root         DEBUG    No ITS stop or start sites were identified for sequence SRR12683128.23.1, skipping.
11-04 21:35 root         DEBUG    No ITS stop or start sites were identified for sequence SRR12683128.11.1, skipping.
11-04 21:35 root         DEBUG    No ITS stop or start sites were identified for sequence SRR12683128.661.1, skipping.
11-04 21:35 root         DEBUG    No ITS stop or start sites were identified for sequence SRR12683128.662.1, skipping.
11-04 21:35 root         DEBUG    No ITS stop or start sites were identified for sequence SRR12683128.663.1, skipping.
11-04 21:35 root         DEBUG    No ITS stop or start sites were identified for sequence SRR12683128.665.1, skipping.
11-04 21:35 root         DEBUG    No ITS stop or start sites were identified for sequence SRR12683128.668.1, skipping.
11-04 21:35 root         DEBUG    No ITS stop or start sites were identified for sequence SRR12683128.671.1, skipping.
11-04 21:35 root         DEBUG    No ITS stop or start sites were identified for sequence SRR12683128.23.1, skipping.
11-04 21:35 root         DEBUG    No ITS stop or start sites were identified for sequence SRR12683128.676.1, skipping.
11-04 21:35 root         DEBUG    No ITS stop or start sites were identified for sequence SRR12683128.31.1, skipping.
11-04 21:35 root         DEBUG    No ITS stop or start sites were identified for sequence SRR12683128.679.1, skipping.
11-04 21:35 root         DEBUG    No ITS stop or start sites were identified for sequence SRR12683128.31.1, skipping.
11-04 21:35 root         DEBUG    No ITS stop or start sites were identified for sequence SRR12683128.685.1, skipping.
11-04 21:35 root         DEBUG    No ITS stop or start sites were identified for sequence SRR12683128.686.1, skipping.
11-04 21:35 root         DEBUG    No ITS stop or start sites were identified for sequence SRR12683128.11.1, skipping.
11-04 21:35 root         DEBUG    No ITS stop or start sites were identified for sequence SRR12683128.4.1, skipping.
11-04 21:35 root         DEBUG    No ITS stop or start sites were identified for sequence SRR12683128.585.1, skipping.
11-04 21:35 root         DEBUG    No ITS stop or start sites were identified for sequence SRR12683128.691.1, skipping.
11-04 21:35 root         DEBUG    No ITS stop or start sites were identified for sequence SRR12683128.11.1, skipping.
11-04 21:35 root         DEBUG    No ITS stop or start sites were identified for sequence SRR12683128.3.1, skipping.
11-04 21:35 root         INFO     ITSxpress ran in 00:00:02
