11-04 21:51 root         INFO     Verifying the input sequences.
11-04 21:51 root         INFO     Sequences are assumed to be single-end.
11-04 21:51 root         INFO     Temporary directory is: /tmp/itsxpress_585xwfal
11-04 21:51 root         INFO     Unique sequences are being written to a temporary FASTA file with Vsearch.
11-04 21:51 root         INFO     vsearch v2.7.1_linux_x86_64, 15.6GB RAM, 4 cores
https://github.com/torognes/vsearch

Reading file SRR12683170_pass_1.fastq.gz 100%
182848 nt in 624 seqs, min 35, max 301, avg 293
Dereplicating 100%
Sorting 100%
277 unique sequences, avg cluster 2.3, median 1, max 173
Writing output file 100%
Writing uc file, first part 100%
Writing uc file, second part 100%

11-04 21:51 root         INFO     Searching for ITS start and stop sites using HMMSearch. This step takes a while.
11-04 21:51 root         INFO     Parsing HMM results.
11-04 21:51 root         INFO     Writing out sequences
11-04 21:51 root         DEBUG    No ITS stop or start sites were identified for sequence SRR12683170.6.1, skipping.
11-04 21:51 root         DEBUG    No ITS stop or start sites were identified for sequence SRR12683170.7.1, skipping.
11-04 21:51 root         DEBUG    No ITS stop or start sites were identified for sequence SRR12683170.7.1, skipping.
11-04 21:51 root         DEBUG    No ITS stop or start sites were identified for sequence SRR12683170.9.1, skipping.
11-04 21:51 root         DEBUG    No ITS stop or start sites were identified for sequence SRR12683170.60.1, skipping.
11-04 21:51 root         DEBUG    No ITS stop or start sites were identified for sequence SRR12683170.111.1, skipping.
11-04 21:51 root         DEBUG    No ITS stop or start sites were identified for sequence SRR12683170.113.1, skipping.
11-04 21:51 root         DEBUG    No ITS stop or start sites were identified for sequence SRR12683170.136.1, skipping.
11-04 21:51 root         DEBUG    No ITS stop or start sites were identified for sequence SRR12683170.137.1, skipping.
11-04 21:51 root         DEBUG    No ITS stop or start sites were identified for sequence SRR12683170.169.1, skipping.
11-04 21:51 root         DEBUG    No ITS stop or start sites were identified for sequence SRR12683170.186.1, skipping.
11-04 21:51 root         DEBUG    No ITS stop or start sites were identified for sequence SRR12683170.217.1, skipping.
11-04 21:51 root         DEBUG    No ITS stop or start sites were identified for sequence SRR12683170.314.1, skipping.
11-04 21:51 root         DEBUG    No ITS stop or start sites were identified for sequence SRR12683170.315.1, skipping.
11-04 21:51 root         DEBUG    No ITS stop or start sites were identified for sequence SRR12683170.316.1, skipping.
11-04 21:51 root         DEBUG    No ITS stop or start sites were identified for sequence SRR12683170.393.1, skipping.
11-04 21:51 root         DEBUG    No ITS stop or start sites were identified for sequence SRR12683170.411.1, skipping.
11-04 21:51 root         DEBUG    No ITS stop or start sites were identified for sequence SRR12683170.542.1, skipping.
11-04 21:51 root         DEBUG    No ITS stop or start sites were identified for sequence SRR12683170.558.1, skipping.
11-04 21:51 root         DEBUG    No ITS stop or start sites were identified for sequence SRR12683170.567.1, skipping.
11-04 21:51 root         DEBUG    No ITS stop or start sites were identified for sequence SRR12683170.621.1, skipping.
11-04 21:51 root         DEBUG    No ITS stop or start sites were identified for sequence SRR12683170.622.1, skipping.
11-04 21:51 root         INFO     ITSxpress ran in 00:00:05
