11-05 13:07 root         INFO     Verifying the input sequences.
11-05 13:07 root         INFO     Sequences are assumed to be single-end.
11-05 13:07 root         INFO     Temporary directory is: /tmp/itsxpress_grmdwko9
11-05 13:07 root         INFO     Unique sequences are being written to a temporary FASTA file with Vsearch.
11-05 13:07 root         INFO     vsearch v2.7.1_linux_x86_64, 15.6GB RAM, 4 cores
https://github.com/torognes/vsearch

Reading file SRR12683206_pass_1.fastq.gz 100%
28221 nt in 98 seqs, min 35, max 301, avg 288
Dereplicating 100%
Sorting 100%
65 unique sequences, avg cluster 1.5, median 1, max 20
Writing output file 100%
Writing uc file, first part 100%
Writing uc file, second part 100%

11-05 13:07 root         INFO     Searching for ITS start and stop sites using HMMSearch. This step takes a while.
11-05 13:07 root         INFO     Parsing HMM results.
11-05 13:07 root         INFO     Writing out sequences
11-05 13:07 root         DEBUG    No ITS stop or start sites were identified for sequence SRR12683206.42.1, skipping.
11-05 13:07 root         DEBUG    No ITS stop or start sites were identified for sequence SRR12683206.42.1, skipping.
11-05 13:07 root         DEBUG    No ITS stop or start sites were identified for sequence SRR12683206.42.1, skipping.
11-05 13:07 root         DEBUG    No ITS stop or start sites were identified for sequence SRR12683206.42.1, skipping.
11-05 13:07 root         INFO     ITSxpress ran in 00:00:02
