11-05 13:05 root         INFO     Verifying the input sequences.
11-05 13:05 root         INFO     Sequences are assumed to be single-end.
11-05 13:05 root         INFO     Temporary directory is: /tmp/itsxpress_v7_fdrgb
11-05 13:05 root         INFO     Unique sequences are being written to a temporary FASTA file with Vsearch.
11-05 13:05 root         INFO     vsearch v2.7.1_linux_x86_64, 15.6GB RAM, 4 cores
https://github.com/torognes/vsearch

Reading file SRR12683195_pass_1.fastq.gz 100%
4514 nt in 15 seqs, min 300, max 301, avg 301
Dereplicating 100%
Sorting 100%
15 unique sequences, avg cluster 1.0, median 1, max 1
Writing output file 100%
Writing uc file, first part 100%
Writing uc file, second part 100%

11-05 13:05 root         INFO     Searching for ITS start and stop sites using HMMSearch. This step takes a while.
11-05 13:05 root         INFO     Parsing HMM results.
11-05 13:05 root         INFO     Writing out sequences
11-05 13:05 root         DEBUG    No ITS stop or start sites were identified for sequence SRR12683195.3.1, skipping.
11-05 13:05 root         DEBUG    No ITS stop or start sites were identified for sequence SRR12683195.5.1, skipping.
11-05 13:05 root         DEBUG    No ITS stop or start sites were identified for sequence SRR12683195.7.1, skipping.
11-05 13:05 root         DEBUG    No ITS stop or start sites were identified for sequence SRR12683195.8.1, skipping.
11-05 13:05 root         DEBUG    No ITS stop or start sites were identified for sequence SRR12683195.9.1, skipping.
11-05 13:05 root         DEBUG    No ITS stop or start sites were identified for sequence SRR12683195.10.1, skipping.
11-05 13:05 root         DEBUG    No ITS stop or start sites were identified for sequence SRR12683195.11.1, skipping.
11-05 13:05 root         DEBUG    No ITS stop or start sites were identified for sequence SRR12683195.12.1, skipping.
11-05 13:05 root         DEBUG    No ITS stop or start sites were identified for sequence SRR12683195.13.1, skipping.
11-05 13:05 root         DEBUG    No ITS stop or start sites were identified for sequence SRR12683195.14.1, skipping.
11-05 13:05 root         DEBUG    No ITS stop or start sites were identified for sequence SRR12683195.15.1, skipping.
11-05 13:05 root         INFO     ITSxpress ran in 00:00:00
