11-04 21:32 root         INFO     Verifying the input sequences.
11-04 21:32 root         INFO     Sequences are assumed to be single-end.
11-04 21:32 root         INFO     Temporary directory is: /tmp/itsxpress_evj84_z2
11-04 21:32 root         INFO     Unique sequences are being written to a temporary FASTA file with Vsearch.
11-04 21:32 root         INFO     vsearch v2.7.1_linux_x86_64, 15.6GB RAM, 4 cores
https://github.com/torognes/vsearch

Reading file SRR12683115_pass_1.fastq.gz 100%
6944763 nt in 28522 seqs, min 49, max 301, avg 243
Dereplicating 100%
Sorting 100%
5074 unique sequences, avg cluster 5.6, median 1, max 15446
Writing output file 100%
Writing uc file, first part 100%
Writing uc file, second part 100%

11-04 21:32 root         INFO     Searching for ITS start and stop sites using HMMSearch. This step takes a while.
11-04 21:33 root         INFO     Parsing HMM results.
11-04 21:33 root         INFO     Writing out sequences
11-04 21:33 root         DEBUG    No ITS stop or start sites were identified for sequence SRR12683115.172.1, skipping.
11-04 21:33 root         DEBUG    No ITS stop or start sites were identified for sequence SRR12683115.2748.1, skipping.
11-04 21:33 root         DEBUG    No ITS stop or start sites were identified for sequence SRR12683115.8005.1, skipping.
11-04 21:33 root         DEBUG    No ITS stop or start sites were identified for sequence SRR12683115.8433.1, skipping.
11-04 21:33 root         DEBUG    No ITS stop or start sites were identified for sequence SRR12683115.9157.1, skipping.
11-04 21:33 root         DEBUG    No ITS stop or start sites were identified for sequence SRR12683115.9158.1, skipping.
11-04 21:33 root         DEBUG    No ITS stop or start sites were identified for sequence SRR12683115.9532.1, skipping.
11-04 21:33 root         DEBUG    No ITS stop or start sites were identified for sequence SRR12683115.9663.1, skipping.
11-04 21:33 root         DEBUG    No ITS stop or start sites were identified for sequence SRR12683115.9936.1, skipping.
11-04 21:33 root         DEBUG    No ITS stop or start sites were identified for sequence SRR12683115.11377.1, skipping.
11-04 21:33 root         DEBUG    No ITS stop or start sites were identified for sequence SRR12683115.13105.1, skipping.
11-04 21:33 root         DEBUG    No ITS stop or start sites were identified for sequence SRR12683115.13843.1, skipping.
11-04 21:33 root         DEBUG    No ITS stop or start sites were identified for sequence SRR12683115.13844.1, skipping.
11-04 21:33 root         DEBUG    No ITS stop or start sites were identified for sequence SRR12683115.15244.1, skipping.
11-04 21:33 root         DEBUG    No ITS stop or start sites were identified for sequence SRR12683115.16826.1, skipping.
11-04 21:33 root         DEBUG    No ITS stop or start sites were identified for sequence SRR12683115.18270.1, skipping.
11-04 21:33 root         DEBUG    No ITS stop or start sites were identified for sequence SRR12683115.18270.1, skipping.
11-04 21:33 root         DEBUG    No ITS stop or start sites were identified for sequence SRR12683115.18272.1, skipping.
11-04 21:33 root         DEBUG    No ITS stop or start sites were identified for sequence SRR12683115.18935.1, skipping.
11-04 21:33 root         DEBUG    No ITS stop or start sites were identified for sequence SRR12683115.20338.1, skipping.
11-04 21:33 root         DEBUG    No ITS stop or start sites were identified for sequence SRR12683115.22710.1, skipping.
11-04 21:33 root         DEBUG    No ITS stop or start sites were identified for sequence SRR12683115.27302.1, skipping.
11-04 21:33 root         DEBUG    No ITS stop or start sites were identified for sequence SRR12683115.28413.1, skipping.
11-04 21:33 root         INFO     ITSxpress ran in 00:01:21
