11-05 13:06 root         INFO     Verifying the input sequences.
11-05 13:06 root         INFO     Sequences are assumed to be single-end.
11-05 13:06 root         INFO     Temporary directory is: /tmp/itsxpress_f4ag8wsu
11-05 13:06 root         INFO     Unique sequences are being written to a temporary FASTA file with Vsearch.
11-05 13:06 root         INFO     vsearch v2.7.1_linux_x86_64, 15.6GB RAM, 4 cores
https://github.com/torognes/vsearch

Reading file SRR12683200_pass_1.fastq.gz 100%
40546 nt in 246 seqs, min 35, max 301, avg 165
Dereplicating 100%
Sorting 100%
151 unique sequences, avg cluster 1.6, median 1, max 20
Writing output file 100%
Writing uc file, first part 100%
Writing uc file, second part 100%

11-05 13:06 root         INFO     Searching for ITS start and stop sites using HMMSearch. This step takes a while.
11-05 13:06 root         INFO     Parsing HMM results.
11-05 13:06 root         INFO     Writing out sequences
11-05 13:06 root         DEBUG    No ITS stop or start sites were identified for sequence SRR12683200.4.1, skipping.
11-05 13:06 root         DEBUG    No ITS stop or start sites were identified for sequence SRR12683200.5.1, skipping.
11-05 13:06 root         DEBUG    No ITS stop or start sites were identified for sequence SRR12683200.7.1, skipping.
11-05 13:06 root         DEBUG    No ITS stop or start sites were identified for sequence SRR12683200.7.1, skipping.
11-05 13:06 root         DEBUG    No ITS stop or start sites were identified for sequence SRR12683200.9.1, skipping.
11-05 13:06 root         DEBUG    No ITS stop or start sites were identified for sequence SRR12683200.10.1, skipping.
11-05 13:06 root         DEBUG    No ITS stop or start sites were identified for sequence SRR12683200.11.1, skipping.
11-05 13:06 root         DEBUG    No ITS stop or start sites were identified for sequence SRR12683200.12.1, skipping.
11-05 13:06 root         DEBUG    No ITS stop or start sites were identified for sequence SRR12683200.14.1, skipping.
11-05 13:06 root         DEBUG    No ITS stop or start sites were identified for sequence SRR12683200.4.1, skipping.
11-05 13:06 root         DEBUG    No ITS stop or start sites were identified for sequence SRR12683200.17.1, skipping.
11-05 13:06 root         DEBUG    No ITS stop or start sites were identified for sequence SRR12683200.18.1, skipping.
11-05 13:06 root         DEBUG    No ITS stop or start sites were identified for sequence SRR12683200.20.1, skipping.
11-05 13:06 root         DEBUG    No ITS stop or start sites were identified for sequence SRR12683200.21.1, skipping.
11-05 13:06 root         DEBUG    No ITS stop or start sites were identified for sequence SRR12683200.7.1, skipping.
11-05 13:06 root         DEBUG    No ITS stop or start sites were identified for sequence SRR12683200.21.1, skipping.
11-05 13:06 root         DEBUG    No ITS stop or start sites were identified for sequence SRR12683200.26.1, skipping.
11-05 13:06 root         DEBUG    No ITS stop or start sites were identified for sequence SRR12683200.9.1, skipping.
11-05 13:06 root         DEBUG    No ITS stop or start sites were identified for sequence SRR12683200.28.1, skipping.
11-05 13:06 root         DEBUG    No ITS stop or start sites were identified for sequence SRR12683200.5.1, skipping.
11-05 13:06 root         DEBUG    No ITS stop or start sites were identified for sequence SRR12683200.21.1, skipping.
11-05 13:06 root         DEBUG    No ITS stop or start sites were identified for sequence SRR12683200.32.1, skipping.
11-05 13:06 root         DEBUG    No ITS stop or start sites were identified for sequence SRR12683200.21.1, skipping.
11-05 13:06 root         DEBUG    No ITS stop or start sites were identified for sequence SRR12683200.35.1, skipping.
11-05 13:06 root         DEBUG    No ITS stop or start sites were identified for sequence SRR12683200.37.1, skipping.
11-05 13:06 root         DEBUG    No ITS stop or start sites were identified for sequence SRR12683200.38.1, skipping.
11-05 13:06 root         DEBUG    No ITS stop or start sites were identified for sequence SRR12683200.38.1, skipping.
11-05 13:06 root         DEBUG    No ITS stop or start sites were identified for sequence SRR12683200.41.1, skipping.
11-05 13:06 root         DEBUG    No ITS stop or start sites were identified for sequence SRR12683200.43.1, skipping.
11-05 13:06 root         DEBUG    No ITS stop or start sites were identified for sequence SRR12683200.43.1, skipping.
11-05 13:06 root         DEBUG    No ITS stop or start sites were identified for sequence SRR12683200.17.1, skipping.
11-05 13:06 root         DEBUG    No ITS stop or start sites were identified for sequence SRR12683200.46.1, skipping.
11-05 13:06 root         DEBUG    No ITS stop or start sites were identified for sequence SRR12683200.17.1, skipping.
11-05 13:06 root         DEBUG    No ITS stop or start sites were identified for sequence SRR12683200.48.1, skipping.
11-05 13:06 root         DEBUG    No ITS stop or start sites were identified for sequence SRR12683200.49.1, skipping.
11-05 13:06 root         DEBUG    No ITS stop or start sites were identified for sequence SRR12683200.4.1, skipping.
11-05 13:06 root         DEBUG    No ITS stop or start sites were identified for sequence SRR12683200.7.1, skipping.
11-05 13:06 root         DEBUG    No ITS stop or start sites were identified for sequence SRR12683200.21.1, skipping.
11-05 13:06 root         DEBUG    No ITS stop or start sites were identified for sequence SRR12683200.55.1, skipping.
11-05 13:06 root         DEBUG    No ITS stop or start sites were identified for sequence SRR12683200.21.1, skipping.
11-05 13:06 root         DEBUG    No ITS stop or start sites were identified for sequence SRR12683200.60.1, skipping.
11-05 13:06 root         DEBUG    No ITS stop or start sites were identified for sequence SRR12683200.61.1, skipping.
11-05 13:06 root         DEBUG    No ITS stop or start sites were identified for sequence SRR12683200.37.1, skipping.
11-05 13:06 root         DEBUG    No ITS stop or start sites were identified for sequence SRR12683200.4.1, skipping.
11-05 13:06 root         DEBUG    No ITS stop or start sites were identified for sequence SRR12683200.17.1, skipping.
11-05 13:06 root         DEBUG    No ITS stop or start sites were identified for sequence SRR12683200.67.1, skipping.
11-05 13:06 root         DEBUG    No ITS stop or start sites were identified for sequence SRR12683200.68.1, skipping.
11-05 13:06 root         DEBUG    No ITS stop or start sites were identified for sequence SRR12683200.71.1, skipping.
11-05 13:06 root         DEBUG    No ITS stop or start sites were identified for sequence SRR12683200.73.1, skipping.
11-05 13:06 root         DEBUG    No ITS stop or start sites were identified for sequence SRR12683200.74.1, skipping.
11-05 13:06 root         DEBUG    No ITS stop or start sites were identified for sequence SRR12683200.21.1, skipping.
11-05 13:06 root         DEBUG    No ITS stop or start sites were identified for sequence SRR12683200.76.1, skipping.
11-05 13:06 root         DEBUG    No ITS stop or start sites were identified for sequence SRR12683200.21.1, skipping.
11-05 13:06 root         DEBUG    No ITS stop or start sites were identified for sequence SRR12683200.21.1, skipping.
11-05 13:06 root         DEBUG    No ITS stop or start sites were identified for sequence SRR12683200.21.1, skipping.
11-05 13:06 root         DEBUG    No ITS stop or start sites were identified for sequence SRR12683200.76.1, skipping.
11-05 13:06 root         DEBUG    No ITS stop or start sites were identified for sequence SRR12683200.17.1, skipping.
11-05 13:06 root         DEBUG    No ITS stop or start sites were identified for sequence SRR12683200.4.1, skipping.
11-05 13:06 root         DEBUG    No ITS stop or start sites were identified for sequence SRR12683200.17.1, skipping.
11-05 13:06 root         DEBUG    No ITS stop or start sites were identified for sequence SRR12683200.92.1, skipping.
11-05 13:06 root         DEBUG    No ITS stop or start sites were identified for sequence SRR12683200.11.1, skipping.
11-05 13:06 root         DEBUG    No ITS stop or start sites were identified for sequence SRR12683200.74.1, skipping.
11-05 13:06 root         DEBUG    No ITS stop or start sites were identified for sequence SRR12683200.95.1, skipping.
11-05 13:06 root         DEBUG    No ITS stop or start sites were identified for sequence SRR12683200.96.1, skipping.
11-05 13:06 root         DEBUG    No ITS stop or start sites were identified for sequence SRR12683200.21.1, skipping.
11-05 13:06 root         DEBUG    No ITS stop or start sites were identified for sequence SRR12683200.12.1, skipping.
11-05 13:06 root         DEBUG    No ITS stop or start sites were identified for sequence SRR12683200.43.1, skipping.
11-05 13:06 root         DEBUG    No ITS stop or start sites were identified for sequence SRR12683200.17.1, skipping.
11-05 13:06 root         DEBUG    No ITS stop or start sites were identified for sequence SRR12683200.7.1, skipping.
11-05 13:06 root         DEBUG    No ITS stop or start sites were identified for sequence SRR12683200.4.1, skipping.
11-05 13:06 root         DEBUG    No ITS stop or start sites were identified for sequence SRR12683200.32.1, skipping.
11-05 13:06 root         DEBUG    No ITS stop or start sites were identified for sequence SRR12683200.12.1, skipping.
11-05 13:06 root         DEBUG    No ITS stop or start sites were identified for sequence SRR12683200.107.1, skipping.
11-05 13:06 root         DEBUG    No ITS stop or start sites were identified for sequence SRR12683200.108.1, skipping.
11-05 13:06 root         DEBUG    No ITS stop or start sites were identified for sequence SRR12683200.37.1, skipping.
11-05 13:06 root         DEBUG    No ITS stop or start sites were identified for sequence SRR12683200.21.1, skipping.
11-05 13:06 root         DEBUG    No ITS stop or start sites were identified for sequence SRR12683200.112.1, skipping.
11-05 13:06 root         DEBUG    No ITS stop or start sites were identified for sequence SRR12683200.113.1, skipping.
11-05 13:06 root         DEBUG    No ITS stop or start sites were identified for sequence SRR12683200.7.1, skipping.
11-05 13:06 root         DEBUG    No ITS stop or start sites were identified for sequence SRR12683200.108.1, skipping.
11-05 13:06 root         DEBUG    No ITS stop or start sites were identified for sequence SRR12683200.118.1, skipping.
11-05 13:06 root         DEBUG    No ITS stop or start sites were identified for sequence SRR12683200.121.1, skipping.
11-05 13:06 root         DEBUG    No ITS stop or start sites were identified for sequence SRR12683200.123.1, skipping.
11-05 13:06 root         DEBUG    No ITS stop or start sites were identified for sequence SRR12683200.124.1, skipping.
11-05 13:06 root         DEBUG    No ITS stop or start sites were identified for sequence SRR12683200.74.1, skipping.
11-05 13:06 root         DEBUG    No ITS stop or start sites were identified for sequence SRR12683200.11.1, skipping.
11-05 13:06 root         DEBUG    No ITS stop or start sites were identified for sequence SRR12683200.17.1, skipping.
11-05 13:06 root         DEBUG    No ITS stop or start sites were identified for sequence SRR12683200.133.1, skipping.
11-05 13:06 root         DEBUG    No ITS stop or start sites were identified for sequence SRR12683200.4.1, skipping.
11-05 13:06 root         DEBUG    No ITS stop or start sites were identified for sequence SRR12683200.108.1, skipping.
11-05 13:06 root         DEBUG    No ITS stop or start sites were identified for sequence SRR12683200.7.1, skipping.
11-05 13:06 root         DEBUG    No ITS stop or start sites were identified for sequence SRR12683200.21.1, skipping.
11-05 13:06 root         DEBUG    No ITS stop or start sites were identified for sequence SRR12683200.140.1, skipping.
11-05 13:06 root         DEBUG    No ITS stop or start sites were identified for sequence SRR12683200.4.1, skipping.
11-05 13:06 root         DEBUG    No ITS stop or start sites were identified for sequence SRR12683200.17.1, skipping.
11-05 13:06 root         DEBUG    No ITS stop or start sites were identified for sequence SRR12683200.7.1, skipping.
11-05 13:06 root         DEBUG    No ITS stop or start sites were identified for sequence SRR12683200.144.1, skipping.
11-05 13:06 root         DEBUG    No ITS stop or start sites were identified for sequence SRR12683200.7.1, skipping.
11-05 13:06 root         DEBUG    No ITS stop or start sites were identified for sequence SRR12683200.148.1, skipping.
11-05 13:06 root         DEBUG    No ITS stop or start sites were identified for sequence SRR12683200.151.1, skipping.
11-05 13:06 root         DEBUG    No ITS stop or start sites were identified for sequence SRR12683200.156.1, skipping.
11-05 13:06 root         DEBUG    No ITS stop or start sites were identified for sequence SRR12683200.7.1, skipping.
11-05 13:06 root         DEBUG    No ITS stop or start sites were identified for sequence SRR12683200.7.1, skipping.
11-05 13:06 root         DEBUG    No ITS stop or start sites were identified for sequence SRR12683200.20.1, skipping.
11-05 13:06 root         DEBUG    No ITS stop or start sites were identified for sequence SRR12683200.7.1, skipping.
11-05 13:06 root         DEBUG    No ITS stop or start sites were identified for sequence SRR12683200.161.1, skipping.
11-05 13:06 root         DEBUG    No ITS stop or start sites were identified for sequence SRR12683200.37.1, skipping.
11-05 13:06 root         DEBUG    No ITS stop or start sites were identified for sequence SRR12683200.7.1, skipping.
11-05 13:06 root         DEBUG    No ITS stop or start sites were identified for sequence SRR12683200.167.1, skipping.
11-05 13:06 root         DEBUG    No ITS stop or start sites were identified for sequence SRR12683200.170.1, skipping.
11-05 13:06 root         DEBUG    No ITS stop or start sites were identified for sequence SRR12683200.21.1, skipping.
11-05 13:06 root         DEBUG    No ITS stop or start sites were identified for sequence SRR12683200.175.1, skipping.
11-05 13:06 root         DEBUG    No ITS stop or start sites were identified for sequence SRR12683200.7.1, skipping.
11-05 13:06 root         DEBUG    No ITS stop or start sites were identified for sequence SRR12683200.21.1, skipping.
11-05 13:06 root         DEBUG    No ITS stop or start sites were identified for sequence SRR12683200.167.1, skipping.
11-05 13:06 root         DEBUG    No ITS stop or start sites were identified for sequence SRR12683200.21.1, skipping.
11-05 13:06 root         DEBUG    No ITS stop or start sites were identified for sequence SRR12683200.187.1, skipping.
11-05 13:06 root         DEBUG    No ITS stop or start sites were identified for sequence SRR12683200.189.1, skipping.
11-05 13:06 root         DEBUG    No ITS stop or start sites were identified for sequence SRR12683200.7.1, skipping.
11-05 13:06 root         DEBUG    No ITS stop or start sites were identified for sequence SRR12683200.21.1, skipping.
11-05 13:06 root         DEBUG    No ITS stop or start sites were identified for sequence SRR12683200.7.1, skipping.
11-05 13:06 root         DEBUG    No ITS stop or start sites were identified for sequence SRR12683200.76.1, skipping.
11-05 13:06 root         DEBUG    No ITS stop or start sites were identified for sequence SRR12683200.12.1, skipping.
11-05 13:06 root         DEBUG    No ITS stop or start sites were identified for sequence SRR12683200.4.1, skipping.
11-05 13:06 root         DEBUG    No ITS stop or start sites were identified for sequence SRR12683200.156.1, skipping.
11-05 13:06 root         DEBUG    No ITS stop or start sites were identified for sequence SRR12683200.203.1, skipping.
11-05 13:06 root         DEBUG    No ITS stop or start sites were identified for sequence SRR12683200.21.1, skipping.
11-05 13:06 root         DEBUG    No ITS stop or start sites were identified for sequence SRR12683200.7.1, skipping.
11-05 13:06 root         DEBUG    No ITS stop or start sites were identified for sequence SRR12683200.74.1, skipping.
11-05 13:06 root         DEBUG    No ITS stop or start sites were identified for sequence SRR12683200.4.1, skipping.
11-05 13:06 root         DEBUG    No ITS stop or start sites were identified for sequence SRR12683200.74.1, skipping.
11-05 13:06 root         DEBUG    No ITS stop or start sites were identified for sequence SRR12683200.21.1, skipping.
11-05 13:06 root         DEBUG    No ITS stop or start sites were identified for sequence SRR12683200.214.1, skipping.
11-05 13:06 root         DEBUG    No ITS stop or start sites were identified for sequence SRR12683200.21.1, skipping.
11-05 13:06 root         DEBUG    No ITS stop or start sites were identified for sequence SRR12683200.32.1, skipping.
11-05 13:06 root         DEBUG    No ITS stop or start sites were identified for sequence SRR12683200.223.1, skipping.
11-05 13:06 root         DEBUG    No ITS stop or start sites were identified for sequence SRR12683200.226.1, skipping.
11-05 13:06 root         DEBUG    No ITS stop or start sites were identified for sequence SRR12683200.74.1, skipping.
11-05 13:06 root         DEBUG    No ITS stop or start sites were identified for sequence SRR12683200.229.1, skipping.
11-05 13:06 root         DEBUG    No ITS stop or start sites were identified for sequence SRR12683200.43.1, skipping.
11-05 13:06 root         DEBUG    No ITS stop or start sites were identified for sequence SRR12683200.76.1, skipping.
11-05 13:06 root         DEBUG    No ITS stop or start sites were identified for sequence SRR12683200.17.1, skipping.
11-05 13:06 root         DEBUG    No ITS stop or start sites were identified for sequence SRR12683200.239.1, skipping.
11-05 13:06 root         DEBUG    No ITS stop or start sites were identified for sequence SRR12683200.7.1, skipping.
11-05 13:06 root         DEBUG    No ITS stop or start sites were identified for sequence SRR12683200.17.1, skipping.
11-05 13:06 root         DEBUG    No ITS stop or start sites were identified for sequence SRR12683200.76.1, skipping.
11-05 13:06 root         DEBUG    No ITS stop or start sites were identified for sequence SRR12683200.20.1, skipping.
11-05 13:06 root         INFO     ITSxpress ran in 00:00:02
