11-04 21:41 root         INFO     Verifying the input sequences.
11-04 21:41 root         INFO     Sequences are assumed to be single-end.
11-04 21:41 root         INFO     Temporary directory is: /tmp/itsxpress_mmae1tdu
11-04 21:41 root         INFO     Unique sequences are being written to a temporary FASTA file with Vsearch.
11-04 21:41 root         INFO     vsearch v2.7.1_linux_x86_64, 15.6GB RAM, 4 cores
https://github.com/torognes/vsearch

Reading file SRR12683161_pass_1.fastq.gz 100%
98894 nt in 373 seqs, min 35, max 301, avg 265
Dereplicating 100%
Sorting 100%
278 unique sequences, avg cluster 1.3, median 1, max 26
Writing output file 100%
Writing uc file, first part 100%
Writing uc file, second part 100%

11-04 21:41 root         INFO     Searching for ITS start and stop sites using HMMSearch. This step takes a while.
11-04 21:41 root         INFO     Parsing HMM results.
11-04 21:41 root         INFO     Writing out sequences
11-04 21:41 root         DEBUG    No ITS stop or start sites were identified for sequence SRR12683161.1.1, skipping.
11-04 21:41 root         DEBUG    No ITS stop or start sites were identified for sequence SRR12683161.2.1, skipping.
11-04 21:41 root         DEBUG    No ITS stop or start sites were identified for sequence SRR12683161.5.1, skipping.
11-04 21:41 root         DEBUG    No ITS stop or start sites were identified for sequence SRR12683161.7.1, skipping.
11-04 21:41 root         DEBUG    No ITS stop or start sites were identified for sequence SRR12683161.8.1, skipping.
11-04 21:41 root         DEBUG    No ITS stop or start sites were identified for sequence SRR12683161.9.1, skipping.
11-04 21:41 root         DEBUG    No ITS stop or start sites were identified for sequence SRR12683161.10.1, skipping.
11-04 21:41 root         DEBUG    No ITS stop or start sites were identified for sequence SRR12683161.7.1, skipping.
11-04 21:41 root         DEBUG    No ITS stop or start sites were identified for sequence SRR12683161.12.1, skipping.
11-04 21:41 root         DEBUG    No ITS stop or start sites were identified for sequence SRR12683161.8.1, skipping.
11-04 21:41 root         DEBUG    No ITS stop or start sites were identified for sequence SRR12683161.14.1, skipping.
11-04 21:41 root         DEBUG    No ITS stop or start sites were identified for sequence SRR12683161.15.1, skipping.
11-04 21:41 root         DEBUG    No ITS stop or start sites were identified for sequence SRR12683161.18.1, skipping.
11-04 21:41 root         DEBUG    No ITS stop or start sites were identified for sequence SRR12683161.7.1, skipping.
11-04 21:41 root         DEBUG    No ITS stop or start sites were identified for sequence SRR12683161.20.1, skipping.
11-04 21:41 root         DEBUG    No ITS stop or start sites were identified for sequence SRR12683161.21.1, skipping.
11-04 21:41 root         DEBUG    No ITS stop or start sites were identified for sequence SRR12683161.23.1, skipping.
11-04 21:41 root         DEBUG    No ITS stop or start sites were identified for sequence SRR12683161.24.1, skipping.
11-04 21:41 root         DEBUG    No ITS stop or start sites were identified for sequence SRR12683161.8.1, skipping.
11-04 21:41 root         DEBUG    No ITS stop or start sites were identified for sequence SRR12683161.8.1, skipping.
11-04 21:41 root         DEBUG    No ITS stop or start sites were identified for sequence SRR12683161.28.1, skipping.
11-04 21:41 root         DEBUG    No ITS stop or start sites were identified for sequence SRR12683161.8.1, skipping.
11-04 21:41 root         DEBUG    No ITS stop or start sites were identified for sequence SRR12683161.32.1, skipping.
11-04 21:41 root         DEBUG    No ITS stop or start sites were identified for sequence SRR12683161.36.1, skipping.
11-04 21:41 root         DEBUG    No ITS stop or start sites were identified for sequence SRR12683161.46.1, skipping.
11-04 21:41 root         DEBUG    No ITS stop or start sites were identified for sequence SRR12683161.47.1, skipping.
11-04 21:41 root         DEBUG    No ITS stop or start sites were identified for sequence SRR12683161.49.1, skipping.
11-04 21:41 root         DEBUG    No ITS stop or start sites were identified for sequence SRR12683161.52.1, skipping.
11-04 21:41 root         DEBUG    No ITS stop or start sites were identified for sequence SRR12683161.7.1, skipping.
11-04 21:41 root         DEBUG    No ITS stop or start sites were identified for sequence SRR12683161.7.1, skipping.
11-04 21:41 root         DEBUG    No ITS stop or start sites were identified for sequence SRR12683161.47.1, skipping.
11-04 21:41 root         DEBUG    No ITS stop or start sites were identified for sequence SRR12683161.63.1, skipping.
11-04 21:41 root         DEBUG    No ITS stop or start sites were identified for sequence SRR12683161.64.1, skipping.
11-04 21:41 root         DEBUG    No ITS stop or start sites were identified for sequence SRR12683161.65.1, skipping.
11-04 21:41 root         DEBUG    No ITS stop or start sites were identified for sequence SRR12683161.66.1, skipping.
11-04 21:41 root         DEBUG    No ITS stop or start sites were identified for sequence SRR12683161.2.1, skipping.
11-04 21:41 root         DEBUG    No ITS stop or start sites were identified for sequence SRR12683161.69.1, skipping.
11-04 21:41 root         DEBUG    No ITS stop or start sites were identified for sequence SRR12683161.74.1, skipping.
11-04 21:41 root         DEBUG    No ITS stop or start sites were identified for sequence SRR12683161.84.1, skipping.
11-04 21:41 root         DEBUG    No ITS stop or start sites were identified for sequence SRR12683161.7.1, skipping.
11-04 21:41 root         DEBUG    No ITS stop or start sites were identified for sequence SRR12683161.87.1, skipping.
11-04 21:41 root         DEBUG    No ITS stop or start sites were identified for sequence SRR12683161.89.1, skipping.
11-04 21:41 root         DEBUG    No ITS stop or start sites were identified for sequence SRR12683161.92.1, skipping.
11-04 21:41 root         DEBUG    No ITS stop or start sites were identified for sequence SRR12683161.93.1, skipping.
11-04 21:41 root         DEBUG    No ITS stop or start sites were identified for sequence SRR12683161.95.1, skipping.
11-04 21:41 root         DEBUG    No ITS stop or start sites were identified for sequence SRR12683161.2.1, skipping.
11-04 21:41 root         DEBUG    No ITS stop or start sites were identified for sequence SRR12683161.98.1, skipping.
11-04 21:41 root         DEBUG    No ITS stop or start sites were identified for sequence SRR12683161.99.1, skipping.
11-04 21:41 root         DEBUG    No ITS stop or start sites were identified for sequence SRR12683161.100.1, skipping.
11-04 21:41 root         DEBUG    No ITS stop or start sites were identified for sequence SRR12683161.102.1, skipping.
11-04 21:41 root         DEBUG    No ITS stop or start sites were identified for sequence SRR12683161.106.1, skipping.
11-04 21:41 root         DEBUG    No ITS stop or start sites were identified for sequence SRR12683161.8.1, skipping.
11-04 21:41 root         DEBUG    No ITS stop or start sites were identified for sequence SRR12683161.109.1, skipping.
11-04 21:41 root         DEBUG    No ITS stop or start sites were identified for sequence SRR12683161.110.1, skipping.
11-04 21:41 root         DEBUG    No ITS stop or start sites were identified for sequence SRR12683161.8.1, skipping.
11-04 21:41 root         DEBUG    No ITS stop or start sites were identified for sequence SRR12683161.112.1, skipping.
11-04 21:41 root         DEBUG    No ITS stop or start sites were identified for sequence SRR12683161.113.1, skipping.
11-04 21:41 root         DEBUG    No ITS stop or start sites were identified for sequence SRR12683161.8.1, skipping.
11-04 21:41 root         DEBUG    No ITS stop or start sites were identified for sequence SRR12683161.115.1, skipping.
11-04 21:41 root         DEBUG    No ITS stop or start sites were identified for sequence SRR12683161.8.1, skipping.
11-04 21:41 root         DEBUG    No ITS stop or start sites were identified for sequence SRR12683161.119.1, skipping.
11-04 21:41 root         DEBUG    No ITS stop or start sites were identified for sequence SRR12683161.124.1, skipping.
11-04 21:41 root         DEBUG    No ITS stop or start sites were identified for sequence SRR12683161.125.1, skipping.
11-04 21:41 root         DEBUG    No ITS stop or start sites were identified for sequence SRR12683161.126.1, skipping.
11-04 21:41 root         DEBUG    No ITS stop or start sites were identified for sequence SRR12683161.7.1, skipping.
11-04 21:41 root         DEBUG    No ITS stop or start sites were identified for sequence SRR12683161.128.1, skipping.
11-04 21:41 root         DEBUG    No ITS stop or start sites were identified for sequence SRR12683161.129.1, skipping.
11-04 21:41 root         DEBUG    No ITS stop or start sites were identified for sequence SRR12683161.47.1, skipping.
11-04 21:41 root         DEBUG    No ITS stop or start sites were identified for sequence SRR12683161.132.1, skipping.
11-04 21:41 root         DEBUG    No ITS stop or start sites were identified for sequence SRR12683161.28.1, skipping.
11-04 21:41 root         DEBUG    No ITS stop or start sites were identified for sequence SRR12683161.135.1, skipping.
11-04 21:41 root         DEBUG    No ITS stop or start sites were identified for sequence SRR12683161.8.1, skipping.
11-04 21:41 root         DEBUG    No ITS stop or start sites were identified for sequence SRR12683161.138.1, skipping.
11-04 21:41 root         DEBUG    No ITS stop or start sites were identified for sequence SRR12683161.5.1, skipping.
11-04 21:41 root         DEBUG    No ITS stop or start sites were identified for sequence SRR12683161.119.1, skipping.
11-04 21:41 root         DEBUG    No ITS stop or start sites were identified for sequence SRR12683161.8.1, skipping.
11-04 21:41 root         DEBUG    No ITS stop or start sites were identified for sequence SRR12683161.144.1, skipping.
11-04 21:41 root         DEBUG    No ITS stop or start sites were identified for sequence SRR12683161.8.1, skipping.
11-04 21:41 root         DEBUG    No ITS stop or start sites were identified for sequence SRR12683161.8.1, skipping.
11-04 21:41 root         DEBUG    No ITS stop or start sites were identified for sequence SRR12683161.159.1, skipping.
11-04 21:41 root         DEBUG    No ITS stop or start sites were identified for sequence SRR12683161.160.1, skipping.
11-04 21:41 root         DEBUG    No ITS stop or start sites were identified for sequence SRR12683161.8.1, skipping.
11-04 21:41 root         DEBUG    No ITS stop or start sites were identified for sequence SRR12683161.47.1, skipping.
11-04 21:41 root         DEBUG    No ITS stop or start sites were identified for sequence SRR12683161.164.1, skipping.
11-04 21:41 root         DEBUG    No ITS stop or start sites were identified for sequence SRR12683161.8.1, skipping.
11-04 21:41 root         DEBUG    No ITS stop or start sites were identified for sequence SRR12683161.2.1, skipping.
11-04 21:41 root         DEBUG    No ITS stop or start sites were identified for sequence SRR12683161.168.1, skipping.
11-04 21:41 root         DEBUG    No ITS stop or start sites were identified for sequence SRR12683161.8.1, skipping.
11-04 21:41 root         DEBUG    No ITS stop or start sites were identified for sequence SRR12683161.168.1, skipping.
11-04 21:41 root         DEBUG    No ITS stop or start sites were identified for sequence SRR12683161.174.1, skipping.
11-04 21:41 root         DEBUG    No ITS stop or start sites were identified for sequence SRR12683161.177.1, skipping.
11-04 21:41 root         DEBUG    No ITS stop or start sites were identified for sequence SRR12683161.178.1, skipping.
11-04 21:41 root         DEBUG    No ITS stop or start sites were identified for sequence SRR12683161.8.1, skipping.
11-04 21:41 root         DEBUG    No ITS stop or start sites were identified for sequence SRR12683161.180.1, skipping.
11-04 21:41 root         DEBUG    No ITS stop or start sites were identified for sequence SRR12683161.181.1, skipping.
11-04 21:41 root         DEBUG    No ITS stop or start sites were identified for sequence SRR12683161.7.1, skipping.
11-04 21:41 root         DEBUG    No ITS stop or start sites were identified for sequence SRR12683161.7.1, skipping.
11-04 21:41 root         DEBUG    No ITS stop or start sites were identified for sequence SRR12683161.187.1, skipping.
11-04 21:41 root         DEBUG    No ITS stop or start sites were identified for sequence SRR12683161.164.1, skipping.
11-04 21:41 root         DEBUG    No ITS stop or start sites were identified for sequence SRR12683161.2.1, skipping.
11-04 21:41 root         DEBUG    No ITS stop or start sites were identified for sequence SRR12683161.192.1, skipping.
11-04 21:41 root         DEBUG    No ITS stop or start sites were identified for sequence SRR12683161.193.1, skipping.
11-04 21:41 root         DEBUG    No ITS stop or start sites were identified for sequence SRR12683161.194.1, skipping.
11-04 21:41 root         DEBUG    No ITS stop or start sites were identified for sequence SRR12683161.196.1, skipping.
11-04 21:41 root         DEBUG    No ITS stop or start sites were identified for sequence SRR12683161.197.1, skipping.
11-04 21:41 root         DEBUG    No ITS stop or start sites were identified for sequence SRR12683161.198.1, skipping.
11-04 21:41 root         DEBUG    No ITS stop or start sites were identified for sequence SRR12683161.199.1, skipping.
11-04 21:41 root         DEBUG    No ITS stop or start sites were identified for sequence SRR12683161.2.1, skipping.
11-04 21:41 root         DEBUG    No ITS stop or start sites were identified for sequence SRR12683161.202.1, skipping.
11-04 21:41 root         DEBUG    No ITS stop or start sites were identified for sequence SRR12683161.164.1, skipping.
11-04 21:41 root         DEBUG    No ITS stop or start sites were identified for sequence SRR12683161.2.1, skipping.
11-04 21:41 root         DEBUG    No ITS stop or start sites were identified for sequence SRR12683161.119.1, skipping.
11-04 21:41 root         DEBUG    No ITS stop or start sites were identified for sequence SRR12683161.207.1, skipping.
11-04 21:41 root         DEBUG    No ITS stop or start sites were identified for sequence SRR12683161.208.1, skipping.
11-04 21:41 root         DEBUG    No ITS stop or start sites were identified for sequence SRR12683161.8.1, skipping.
11-04 21:41 root         DEBUG    No ITS stop or start sites were identified for sequence SRR12683161.212.1, skipping.
11-04 21:41 root         DEBUG    No ITS stop or start sites were identified for sequence SRR12683161.215.1, skipping.
11-04 21:41 root         DEBUG    No ITS stop or start sites were identified for sequence SRR12683161.216.1, skipping.
11-04 21:41 root         DEBUG    No ITS stop or start sites were identified for sequence SRR12683161.8.1, skipping.
11-04 21:41 root         DEBUG    No ITS stop or start sites were identified for sequence SRR12683161.7.1, skipping.
11-04 21:41 root         DEBUG    No ITS stop or start sites were identified for sequence SRR12683161.221.1, skipping.
11-04 21:41 root         DEBUG    No ITS stop or start sites were identified for sequence SRR12683161.8.1, skipping.
11-04 21:41 root         DEBUG    No ITS stop or start sites were identified for sequence SRR12683161.8.1, skipping.
11-04 21:41 root         DEBUG    No ITS stop or start sites were identified for sequence SRR12683161.7.1, skipping.
11-04 21:41 root         DEBUG    No ITS stop or start sites were identified for sequence SRR12683161.2.1, skipping.
11-04 21:41 root         DEBUG    No ITS stop or start sites were identified for sequence SRR12683161.235.1, skipping.
11-04 21:41 root         DEBUG    No ITS stop or start sites were identified for sequence SRR12683161.8.1, skipping.
11-04 21:41 root         DEBUG    No ITS stop or start sites were identified for sequence SRR12683161.237.1, skipping.
11-04 21:41 root         DEBUG    No ITS stop or start sites were identified for sequence SRR12683161.238.1, skipping.
11-04 21:41 root         DEBUG    No ITS stop or start sites were identified for sequence SRR12683161.239.1, skipping.
11-04 21:41 root         DEBUG    No ITS stop or start sites were identified for sequence SRR12683161.242.1, skipping.
11-04 21:41 root         DEBUG    No ITS stop or start sites were identified for sequence SRR12683161.246.1, skipping.
11-04 21:41 root         DEBUG    No ITS stop or start sites were identified for sequence SRR12683161.247.1, skipping.
11-04 21:41 root         DEBUG    No ITS stop or start sites were identified for sequence SRR12683161.7.1, skipping.
11-04 21:41 root         DEBUG    No ITS stop or start sites were identified for sequence SRR12683161.250.1, skipping.
11-04 21:41 root         DEBUG    No ITS stop or start sites were identified for sequence SRR12683161.252.1, skipping.
11-04 21:41 root         DEBUG    No ITS stop or start sites were identified for sequence SRR12683161.253.1, skipping.
11-04 21:41 root         DEBUG    No ITS stop or start sites were identified for sequence SRR12683161.255.1, skipping.
11-04 21:41 root         DEBUG    No ITS stop or start sites were identified for sequence SRR12683161.256.1, skipping.
11-04 21:41 root         DEBUG    No ITS stop or start sites were identified for sequence SRR12683161.258.1, skipping.
11-04 21:41 root         DEBUG    No ITS stop or start sites were identified for sequence SRR12683161.259.1, skipping.
11-04 21:41 root         DEBUG    No ITS stop or start sites were identified for sequence SRR12683161.260.1, skipping.
11-04 21:41 root         DEBUG    No ITS stop or start sites were identified for sequence SRR12683161.261.1, skipping.
11-04 21:41 root         DEBUG    No ITS stop or start sites were identified for sequence SRR12683161.119.1, skipping.
11-04 21:41 root         DEBUG    No ITS stop or start sites were identified for sequence SRR12683161.264.1, skipping.
11-04 21:41 root         DEBUG    No ITS stop or start sites were identified for sequence SRR12683161.265.1, skipping.
11-04 21:41 root         DEBUG    No ITS stop or start sites were identified for sequence SRR12683161.266.1, skipping.
11-04 21:41 root         DEBUG    No ITS stop or start sites were identified for sequence SRR12683161.269.1, skipping.
11-04 21:41 root         DEBUG    No ITS stop or start sites were identified for sequence SRR12683161.221.1, skipping.
11-04 21:41 root         DEBUG    No ITS stop or start sites were identified for sequence SRR12683161.278.1, skipping.
11-04 21:41 root         DEBUG    No ITS stop or start sites were identified for sequence SRR12683161.279.1, skipping.
11-04 21:41 root         DEBUG    No ITS stop or start sites were identified for sequence SRR12683161.280.1, skipping.
11-04 21:41 root         DEBUG    No ITS stop or start sites were identified for sequence SRR12683161.283.1, skipping.
11-04 21:41 root         DEBUG    No ITS stop or start sites were identified for sequence SRR12683161.164.1, skipping.
11-04 21:41 root         DEBUG    No ITS stop or start sites were identified for sequence SRR12683161.288.1, skipping.
11-04 21:41 root         DEBUG    No ITS stop or start sites were identified for sequence SRR12683161.221.1, skipping.
11-04 21:41 root         DEBUG    No ITS stop or start sites were identified for sequence SRR12683161.292.1, skipping.
11-04 21:41 root         DEBUG    No ITS stop or start sites were identified for sequence SRR12683161.8.1, skipping.
11-04 21:41 root         DEBUG    No ITS stop or start sites were identified for sequence SRR12683161.295.1, skipping.
11-04 21:41 root         DEBUG    No ITS stop or start sites were identified for sequence SRR12683161.301.1, skipping.
11-04 21:41 root         DEBUG    No ITS stop or start sites were identified for sequence SRR12683161.7.1, skipping.
11-04 21:41 root         DEBUG    No ITS stop or start sites were identified for sequence SRR12683161.303.1, skipping.
11-04 21:41 root         DEBUG    No ITS stop or start sites were identified for sequence SRR12683161.207.1, skipping.
11-04 21:41 root         DEBUG    No ITS stop or start sites were identified for sequence SRR12683161.306.1, skipping.
11-04 21:41 root         DEBUG    No ITS stop or start sites were identified for sequence SRR12683161.307.1, skipping.
11-04 21:41 root         DEBUG    No ITS stop or start sites were identified for sequence SRR12683161.309.1, skipping.
11-04 21:41 root         DEBUG    No ITS stop or start sites were identified for sequence SRR12683161.312.1, skipping.
11-04 21:41 root         DEBUG    No ITS stop or start sites were identified for sequence SRR12683161.5.1, skipping.
11-04 21:41 root         DEBUG    No ITS stop or start sites were identified for sequence SRR12683161.317.1, skipping.
11-04 21:41 root         DEBUG    No ITS stop or start sites were identified for sequence SRR12683161.8.1, skipping.
11-04 21:41 root         DEBUG    No ITS stop or start sites were identified for sequence SRR12683161.119.1, skipping.
11-04 21:41 root         DEBUG    No ITS stop or start sites were identified for sequence SRR12683161.164.1, skipping.
11-04 21:41 root         DEBUG    No ITS stop or start sites were identified for sequence SRR12683161.164.1, skipping.
11-04 21:41 root         DEBUG    No ITS stop or start sites were identified for sequence SRR12683161.8.1, skipping.
11-04 21:41 root         DEBUG    No ITS stop or start sites were identified for sequence SRR12683161.330.1, skipping.
11-04 21:41 root         DEBUG    No ITS stop or start sites were identified for sequence SRR12683161.332.1, skipping.
11-04 21:41 root         DEBUG    No ITS stop or start sites were identified for sequence SRR12683161.119.1, skipping.
11-04 21:41 root         DEBUG    No ITS stop or start sites were identified for sequence SRR12683161.119.1, skipping.
11-04 21:41 root         DEBUG    No ITS stop or start sites were identified for sequence SRR12683161.337.1, skipping.
11-04 21:41 root         DEBUG    No ITS stop or start sites were identified for sequence SRR12683161.338.1, skipping.
11-04 21:41 root         DEBUG    No ITS stop or start sites were identified for sequence SRR12683161.119.1, skipping.
11-04 21:41 root         DEBUG    No ITS stop or start sites were identified for sequence SRR12683161.7.1, skipping.
11-04 21:41 root         DEBUG    No ITS stop or start sites were identified for sequence SRR12683161.346.1, skipping.
11-04 21:41 root         DEBUG    No ITS stop or start sites were identified for sequence SRR12683161.2.1, skipping.
11-04 21:41 root         DEBUG    No ITS stop or start sites were identified for sequence SRR12683161.8.1, skipping.
11-04 21:41 root         DEBUG    No ITS stop or start sites were identified for sequence SRR12683161.351.1, skipping.
11-04 21:41 root         DEBUG    No ITS stop or start sites were identified for sequence SRR12683161.352.1, skipping.
11-04 21:41 root         DEBUG    No ITS stop or start sites were identified for sequence SRR12683161.355.1, skipping.
11-04 21:41 root         DEBUG    No ITS stop or start sites were identified for sequence SRR12683161.356.1, skipping.
11-04 21:41 root         DEBUG    No ITS stop or start sites were identified for sequence SRR12683161.358.1, skipping.
11-04 21:41 root         DEBUG    No ITS stop or start sites were identified for sequence SRR12683161.360.1, skipping.
11-04 21:41 root         DEBUG    No ITS stop or start sites were identified for sequence SRR12683161.361.1, skipping.
11-04 21:41 root         DEBUG    No ITS stop or start sites were identified for sequence SRR12683161.364.1, skipping.
11-04 21:41 root         DEBUG    No ITS stop or start sites were identified for sequence SRR12683161.2.1, skipping.
11-04 21:41 root         DEBUG    No ITS stop or start sites were identified for sequence SRR12683161.207.1, skipping.
11-04 21:41 root         DEBUG    No ITS stop or start sites were identified for sequence SRR12683161.368.1, skipping.
11-04 21:41 root         DEBUG    No ITS stop or start sites were identified for sequence SRR12683161.369.1, skipping.
11-04 21:41 root         DEBUG    No ITS stop or start sites were identified for sequence SRR12683161.372.1, skipping.
11-04 21:41 root         DEBUG    No ITS stop or start sites were identified for sequence SRR12683161.373.1, skipping.
11-04 21:41 root         INFO     ITSxpress ran in 00:00:03
