11-05 13:22 root         INFO     Verifying the input sequences.
11-05 13:22 root         INFO     Sequences are assumed to be single-end.
11-05 13:22 root         INFO     Temporary directory is: /tmp/itsxpress_6xuakaa2
11-05 13:22 root         INFO     Unique sequences are being written to a temporary FASTA file with Vsearch.
11-05 13:22 root         INFO     vsearch v2.7.1_linux_x86_64, 15.6GB RAM, 4 cores
https://github.com/torognes/vsearch

Reading file SRR12683257_pass_1.fastq.gz 100%
61882 nt in 220 seqs, min 35, max 301, avg 281
Dereplicating 100%
Sorting 100%
134 unique sequences, avg cluster 1.6, median 1, max 53
Writing output file 100%
Writing uc file, first part 100%
Writing uc file, second part 100%

11-05 13:22 root         INFO     Searching for ITS start and stop sites using HMMSearch. This step takes a while.
11-05 13:22 root         INFO     Parsing HMM results.
11-05 13:22 root         INFO     Writing out sequences
11-05 13:22 root         DEBUG    No ITS stop or start sites were identified for sequence SRR12683257.39.1, skipping.
11-05 13:22 root         DEBUG    No ITS stop or start sites were identified for sequence SRR12683257.49.1, skipping.
11-05 13:22 root         DEBUG    No ITS stop or start sites were identified for sequence SRR12683257.52.1, skipping.
11-05 13:22 root         DEBUG    No ITS stop or start sites were identified for sequence SRR12683257.53.1, skipping.
11-05 13:22 root         DEBUG    No ITS stop or start sites were identified for sequence SRR12683257.69.1, skipping.
11-05 13:22 root         DEBUG    No ITS stop or start sites were identified for sequence SRR12683257.80.1, skipping.
11-05 13:22 root         DEBUG    No ITS stop or start sites were identified for sequence SRR12683257.85.1, skipping.
11-05 13:22 root         DEBUG    No ITS stop or start sites were identified for sequence SRR12683257.88.1, skipping.
11-05 13:22 root         DEBUG    No ITS stop or start sites were identified for sequence SRR12683257.89.1, skipping.
11-05 13:22 root         DEBUG    No ITS stop or start sites were identified for sequence SRR12683257.90.1, skipping.
11-05 13:22 root         DEBUG    No ITS stop or start sites were identified for sequence SRR12683257.109.1, skipping.
11-05 13:22 root         DEBUG    No ITS stop or start sites were identified for sequence SRR12683257.115.1, skipping.
11-05 13:22 root         DEBUG    No ITS stop or start sites were identified for sequence SRR12683257.115.1, skipping.
11-05 13:22 root         DEBUG    No ITS stop or start sites were identified for sequence SRR12683257.151.1, skipping.
11-05 13:22 root         DEBUG    No ITS stop or start sites were identified for sequence SRR12683257.168.1, skipping.
11-05 13:22 root         DEBUG    No ITS stop or start sites were identified for sequence SRR12683257.171.1, skipping.
11-05 13:22 root         DEBUG    No ITS stop or start sites were identified for sequence SRR12683257.177.1, skipping.
11-05 13:22 root         DEBUG    No ITS stop or start sites were identified for sequence SRR12683257.182.1, skipping.
11-05 13:22 root         DEBUG    No ITS stop or start sites were identified for sequence SRR12683257.183.1, skipping.
11-05 13:22 root         DEBUG    No ITS stop or start sites were identified for sequence SRR12683257.187.1, skipping.
11-05 13:22 root         DEBUG    No ITS stop or start sites were identified for sequence SRR12683257.191.1, skipping.
11-05 13:22 root         DEBUG    No ITS stop or start sites were identified for sequence SRR12683257.109.1, skipping.
11-05 13:22 root         DEBUG    No ITS stop or start sites were identified for sequence SRR12683257.109.1, skipping.
11-05 13:22 root         DEBUG    No ITS stop or start sites were identified for sequence SRR12683257.211.1, skipping.
11-05 13:22 root         DEBUG    No ITS stop or start sites were identified for sequence SRR12683257.115.1, skipping.
11-05 13:22 root         INFO     ITSxpress ran in 00:00:02
