11-05 13:17 root         INFO     Verifying the input sequences.
11-05 13:17 root         INFO     Sequences are assumed to be single-end.
11-05 13:17 root         INFO     Temporary directory is: /tmp/itsxpress_15dok958
11-05 13:17 root         INFO     Unique sequences are being written to a temporary FASTA file with Vsearch.
11-05 13:17 root         INFO     vsearch v2.7.1_linux_x86_64, 15.6GB RAM, 4 cores
https://github.com/torognes/vsearch

Reading file SRR12683243_pass_1.fastq.gz 100%
103039 nt in 375 seqs, min 35, max 301, avg 275
Dereplicating 100%
Sorting 100%
264 unique sequences, avg cluster 1.4, median 1, max 45
Writing output file 100%
Writing uc file, first part 100%
Writing uc file, second part 100%

11-05 13:17 root         INFO     Searching for ITS start and stop sites using HMMSearch. This step takes a while.
11-05 13:17 root         INFO     Parsing HMM results.
11-05 13:17 root         INFO     Writing out sequences
11-05 13:17 root         DEBUG    No ITS stop or start sites were identified for sequence SRR12683243.1.1, skipping.
11-05 13:17 root         DEBUG    No ITS stop or start sites were identified for sequence SRR12683243.3.1, skipping.
11-05 13:17 root         DEBUG    No ITS stop or start sites were identified for sequence SRR12683243.4.1, skipping.
11-05 13:17 root         DEBUG    No ITS stop or start sites were identified for sequence SRR12683243.5.1, skipping.
11-05 13:17 root         DEBUG    No ITS stop or start sites were identified for sequence SRR12683243.7.1, skipping.
11-05 13:17 root         DEBUG    No ITS stop or start sites were identified for sequence SRR12683243.14.1, skipping.
11-05 13:17 root         DEBUG    No ITS stop or start sites were identified for sequence SRR12683243.15.1, skipping.
11-05 13:17 root         DEBUG    No ITS stop or start sites were identified for sequence SRR12683243.16.1, skipping.
11-05 13:17 root         DEBUG    No ITS stop or start sites were identified for sequence SRR12683243.17.1, skipping.
11-05 13:17 root         DEBUG    No ITS stop or start sites were identified for sequence SRR12683243.18.1, skipping.
11-05 13:17 root         DEBUG    No ITS stop or start sites were identified for sequence SRR12683243.19.1, skipping.
11-05 13:17 root         DEBUG    No ITS stop or start sites were identified for sequence SRR12683243.20.1, skipping.
11-05 13:17 root         DEBUG    No ITS stop or start sites were identified for sequence SRR12683243.19.1, skipping.
11-05 13:17 root         DEBUG    No ITS stop or start sites were identified for sequence SRR12683243.5.1, skipping.
11-05 13:17 root         DEBUG    No ITS stop or start sites were identified for sequence SRR12683243.23.1, skipping.
11-05 13:17 root         DEBUG    No ITS stop or start sites were identified for sequence SRR12683243.26.1, skipping.
11-05 13:17 root         DEBUG    No ITS stop or start sites were identified for sequence SRR12683243.19.1, skipping.
11-05 13:17 root         DEBUG    No ITS stop or start sites were identified for sequence SRR12683243.29.1, skipping.
11-05 13:17 root         DEBUG    No ITS stop or start sites were identified for sequence SRR12683243.14.1, skipping.
11-05 13:17 root         DEBUG    No ITS stop or start sites were identified for sequence SRR12683243.5.1, skipping.
11-05 13:17 root         DEBUG    No ITS stop or start sites were identified for sequence SRR12683243.33.1, skipping.
11-05 13:17 root         DEBUG    No ITS stop or start sites were identified for sequence SRR12683243.35.1, skipping.
11-05 13:17 root         DEBUG    No ITS stop or start sites were identified for sequence SRR12683243.5.1, skipping.
11-05 13:17 root         DEBUG    No ITS stop or start sites were identified for sequence SRR12683243.37.1, skipping.
11-05 13:17 root         DEBUG    No ITS stop or start sites were identified for sequence SRR12683243.5.1, skipping.
11-05 13:17 root         DEBUG    No ITS stop or start sites were identified for sequence SRR12683243.41.1, skipping.
11-05 13:17 root         DEBUG    No ITS stop or start sites were identified for sequence SRR12683243.42.1, skipping.
11-05 13:17 root         DEBUG    No ITS stop or start sites were identified for sequence SRR12683243.45.1, skipping.
11-05 13:17 root         DEBUG    No ITS stop or start sites were identified for sequence SRR12683243.47.1, skipping.
11-05 13:17 root         DEBUG    No ITS stop or start sites were identified for sequence SRR12683243.17.1, skipping.
11-05 13:17 root         DEBUG    No ITS stop or start sites were identified for sequence SRR12683243.50.1, skipping.
11-05 13:17 root         DEBUG    No ITS stop or start sites were identified for sequence SRR12683243.5.1, skipping.
11-05 13:17 root         DEBUG    No ITS stop or start sites were identified for sequence SRR12683243.52.1, skipping.
11-05 13:17 root         DEBUG    No ITS stop or start sites were identified for sequence SRR12683243.53.1, skipping.
11-05 13:17 root         DEBUG    No ITS stop or start sites were identified for sequence SRR12683243.5.1, skipping.
11-05 13:17 root         DEBUG    No ITS stop or start sites were identified for sequence SRR12683243.19.1, skipping.
11-05 13:17 root         DEBUG    No ITS stop or start sites were identified for sequence SRR12683243.5.1, skipping.
11-05 13:17 root         DEBUG    No ITS stop or start sites were identified for sequence SRR12683243.58.1, skipping.
11-05 13:17 root         DEBUG    No ITS stop or start sites were identified for sequence SRR12683243.59.1, skipping.
11-05 13:17 root         DEBUG    No ITS stop or start sites were identified for sequence SRR12683243.19.1, skipping.
11-05 13:17 root         DEBUG    No ITS stop or start sites were identified for sequence SRR12683243.61.1, skipping.
11-05 13:17 root         DEBUG    No ITS stop or start sites were identified for sequence SRR12683243.19.1, skipping.
11-05 13:17 root         DEBUG    No ITS stop or start sites were identified for sequence SRR12683243.65.1, skipping.
11-05 13:17 root         DEBUG    No ITS stop or start sites were identified for sequence SRR12683243.67.1, skipping.
11-05 13:17 root         DEBUG    No ITS stop or start sites were identified for sequence SRR12683243.19.1, skipping.
11-05 13:17 root         DEBUG    No ITS stop or start sites were identified for sequence SRR12683243.69.1, skipping.
11-05 13:17 root         DEBUG    No ITS stop or start sites were identified for sequence SRR12683243.70.1, skipping.
11-05 13:17 root         DEBUG    No ITS stop or start sites were identified for sequence SRR12683243.72.1, skipping.
11-05 13:17 root         DEBUG    No ITS stop or start sites were identified for sequence SRR12683243.73.1, skipping.
11-05 13:17 root         DEBUG    No ITS stop or start sites were identified for sequence SRR12683243.74.1, skipping.
11-05 13:17 root         DEBUG    No ITS stop or start sites were identified for sequence SRR12683243.75.1, skipping.
11-05 13:17 root         DEBUG    No ITS stop or start sites were identified for sequence SRR12683243.76.1, skipping.
11-05 13:17 root         DEBUG    No ITS stop or start sites were identified for sequence SRR12683243.80.1, skipping.
11-05 13:17 root         DEBUG    No ITS stop or start sites were identified for sequence SRR12683243.81.1, skipping.
11-05 13:17 root         DEBUG    No ITS stop or start sites were identified for sequence SRR12683243.82.1, skipping.
11-05 13:17 root         DEBUG    No ITS stop or start sites were identified for sequence SRR12683243.83.1, skipping.
11-05 13:17 root         DEBUG    No ITS stop or start sites were identified for sequence SRR12683243.85.1, skipping.
11-05 13:17 root         DEBUG    No ITS stop or start sites were identified for sequence SRR12683243.86.1, skipping.
11-05 13:17 root         DEBUG    No ITS stop or start sites were identified for sequence SRR12683243.5.1, skipping.
11-05 13:17 root         DEBUG    No ITS stop or start sites were identified for sequence SRR12683243.89.1, skipping.
11-05 13:17 root         DEBUG    No ITS stop or start sites were identified for sequence SRR12683243.92.1, skipping.
11-05 13:17 root         DEBUG    No ITS stop or start sites were identified for sequence SRR12683243.93.1, skipping.
11-05 13:17 root         DEBUG    No ITS stop or start sites were identified for sequence SRR12683243.96.1, skipping.
11-05 13:17 root         DEBUG    No ITS stop or start sites were identified for sequence SRR12683243.99.1, skipping.
11-05 13:17 root         DEBUG    No ITS stop or start sites were identified for sequence SRR12683243.100.1, skipping.
11-05 13:17 root         DEBUG    No ITS stop or start sites were identified for sequence SRR12683243.101.1, skipping.
11-05 13:17 root         DEBUG    No ITS stop or start sites were identified for sequence SRR12683243.102.1, skipping.
11-05 13:17 root         DEBUG    No ITS stop or start sites were identified for sequence SRR12683243.103.1, skipping.
11-05 13:17 root         DEBUG    No ITS stop or start sites were identified for sequence SRR12683243.109.1, skipping.
11-05 13:17 root         DEBUG    No ITS stop or start sites were identified for sequence SRR12683243.110.1, skipping.
11-05 13:17 root         DEBUG    No ITS stop or start sites were identified for sequence SRR12683243.111.1, skipping.
11-05 13:17 root         DEBUG    No ITS stop or start sites were identified for sequence SRR12683243.112.1, skipping.
11-05 13:17 root         DEBUG    No ITS stop or start sites were identified for sequence SRR12683243.113.1, skipping.
11-05 13:17 root         DEBUG    No ITS stop or start sites were identified for sequence SRR12683243.116.1, skipping.
11-05 13:17 root         DEBUG    No ITS stop or start sites were identified for sequence SRR12683243.14.1, skipping.
11-05 13:17 root         DEBUG    No ITS stop or start sites were identified for sequence SRR12683243.5.1, skipping.
11-05 13:17 root         DEBUG    No ITS stop or start sites were identified for sequence SRR12683243.19.1, skipping.
11-05 13:17 root         DEBUG    No ITS stop or start sites were identified for sequence SRR12683243.127.1, skipping.
11-05 13:17 root         DEBUG    No ITS stop or start sites were identified for sequence SRR12683243.52.1, skipping.
11-05 13:17 root         DEBUG    No ITS stop or start sites were identified for sequence SRR12683243.132.1, skipping.
11-05 13:17 root         DEBUG    No ITS stop or start sites were identified for sequence SRR12683243.133.1, skipping.
11-05 13:17 root         DEBUG    No ITS stop or start sites were identified for sequence SRR12683243.134.1, skipping.
11-05 13:17 root         DEBUG    No ITS stop or start sites were identified for sequence SRR12683243.135.1, skipping.
11-05 13:17 root         DEBUG    No ITS stop or start sites were identified for sequence SRR12683243.19.1, skipping.
11-05 13:17 root         DEBUG    No ITS stop or start sites were identified for sequence SRR12683243.137.1, skipping.
11-05 13:17 root         DEBUG    No ITS stop or start sites were identified for sequence SRR12683243.138.1, skipping.
11-05 13:17 root         DEBUG    No ITS stop or start sites were identified for sequence SRR12683243.19.1, skipping.
11-05 13:17 root         DEBUG    No ITS stop or start sites were identified for sequence SRR12683243.61.1, skipping.
11-05 13:17 root         DEBUG    No ITS stop or start sites were identified for sequence SRR12683243.141.1, skipping.
11-05 13:17 root         DEBUG    No ITS stop or start sites were identified for sequence SRR12683243.5.1, skipping.
11-05 13:17 root         DEBUG    No ITS stop or start sites were identified for sequence SRR12683243.61.1, skipping.
11-05 13:17 root         DEBUG    No ITS stop or start sites were identified for sequence SRR12683243.14.1, skipping.
11-05 13:17 root         DEBUG    No ITS stop or start sites were identified for sequence SRR12683243.61.1, skipping.
11-05 13:17 root         DEBUG    No ITS stop or start sites were identified for sequence SRR12683243.147.1, skipping.
11-05 13:17 root         DEBUG    No ITS stop or start sites were identified for sequence SRR12683243.149.1, skipping.
11-05 13:17 root         DEBUG    No ITS stop or start sites were identified for sequence SRR12683243.151.1, skipping.
11-05 13:17 root         DEBUG    No ITS stop or start sites were identified for sequence SRR12683243.19.1, skipping.
11-05 13:17 root         DEBUG    No ITS stop or start sites were identified for sequence SRR12683243.5.1, skipping.
11-05 13:17 root         DEBUG    No ITS stop or start sites were identified for sequence SRR12683243.156.1, skipping.
11-05 13:17 root         DEBUG    No ITS stop or start sites were identified for sequence SRR12683243.19.1, skipping.
11-05 13:17 root         DEBUG    No ITS stop or start sites were identified for sequence SRR12683243.158.1, skipping.
11-05 13:17 root         DEBUG    No ITS stop or start sites were identified for sequence SRR12683243.14.1, skipping.
11-05 13:17 root         DEBUG    No ITS stop or start sites were identified for sequence SRR12683243.164.1, skipping.
11-05 13:17 root         DEBUG    No ITS stop or start sites were identified for sequence SRR12683243.165.1, skipping.
11-05 13:17 root         DEBUG    No ITS stop or start sites were identified for sequence SRR12683243.169.1, skipping.
11-05 13:17 root         DEBUG    No ITS stop or start sites were identified for sequence SRR12683243.5.1, skipping.
11-05 13:17 root         DEBUG    No ITS stop or start sites were identified for sequence SRR12683243.175.1, skipping.
11-05 13:17 root         DEBUG    No ITS stop or start sites were identified for sequence SRR12683243.176.1, skipping.
11-05 13:17 root         DEBUG    No ITS stop or start sites were identified for sequence SRR12683243.179.1, skipping.
11-05 13:17 root         DEBUG    No ITS stop or start sites were identified for sequence SRR12683243.180.1, skipping.
11-05 13:17 root         DEBUG    No ITS stop or start sites were identified for sequence SRR12683243.181.1, skipping.
11-05 13:17 root         DEBUG    No ITS stop or start sites were identified for sequence SRR12683243.182.1, skipping.
11-05 13:17 root         DEBUG    No ITS stop or start sites were identified for sequence SRR12683243.183.1, skipping.
11-05 13:17 root         DEBUG    No ITS stop or start sites were identified for sequence SRR12683243.185.1, skipping.
11-05 13:17 root         DEBUG    No ITS stop or start sites were identified for sequence SRR12683243.187.1, skipping.
11-05 13:17 root         DEBUG    No ITS stop or start sites were identified for sequence SRR12683243.190.1, skipping.
11-05 13:17 root         DEBUG    No ITS stop or start sites were identified for sequence SRR12683243.191.1, skipping.
11-05 13:17 root         DEBUG    No ITS stop or start sites were identified for sequence SRR12683243.19.1, skipping.
11-05 13:17 root         DEBUG    No ITS stop or start sites were identified for sequence SRR12683243.195.1, skipping.
11-05 13:17 root         DEBUG    No ITS stop or start sites were identified for sequence SRR12683243.14.1, skipping.
11-05 13:17 root         DEBUG    No ITS stop or start sites were identified for sequence SRR12683243.202.1, skipping.
11-05 13:17 root         DEBUG    No ITS stop or start sites were identified for sequence SRR12683243.203.1, skipping.
11-05 13:17 root         DEBUG    No ITS stop or start sites were identified for sequence SRR12683243.204.1, skipping.
11-05 13:17 root         DEBUG    No ITS stop or start sites were identified for sequence SRR12683243.17.1, skipping.
11-05 13:17 root         DEBUG    No ITS stop or start sites were identified for sequence SRR12683243.206.1, skipping.
11-05 13:17 root         DEBUG    No ITS stop or start sites were identified for sequence SRR12683243.208.1, skipping.
11-05 13:17 root         DEBUG    No ITS stop or start sites were identified for sequence SRR12683243.19.1, skipping.
11-05 13:17 root         DEBUG    No ITS stop or start sites were identified for sequence SRR12683243.5.1, skipping.
11-05 13:17 root         DEBUG    No ITS stop or start sites were identified for sequence SRR12683243.61.1, skipping.
11-05 13:17 root         DEBUG    No ITS stop or start sites were identified for sequence SRR12683243.214.1, skipping.
11-05 13:17 root         DEBUG    No ITS stop or start sites were identified for sequence SRR12683243.215.1, skipping.
11-05 13:17 root         DEBUG    No ITS stop or start sites were identified for sequence SRR12683243.216.1, skipping.
11-05 13:17 root         DEBUG    No ITS stop or start sites were identified for sequence SRR12683243.217.1, skipping.
11-05 13:17 root         DEBUG    No ITS stop or start sites were identified for sequence SRR12683243.19.1, skipping.
11-05 13:17 root         DEBUG    No ITS stop or start sites were identified for sequence SRR12683243.224.1, skipping.
11-05 13:17 root         DEBUG    No ITS stop or start sites were identified for sequence SRR12683243.61.1, skipping.
11-05 13:17 root         DEBUG    No ITS stop or start sites were identified for sequence SRR12683243.19.1, skipping.
11-05 13:17 root         DEBUG    No ITS stop or start sites were identified for sequence SRR12683243.227.1, skipping.
11-05 13:17 root         DEBUG    No ITS stop or start sites were identified for sequence SRR12683243.19.1, skipping.
11-05 13:17 root         DEBUG    No ITS stop or start sites were identified for sequence SRR12683243.232.1, skipping.
11-05 13:17 root         DEBUG    No ITS stop or start sites were identified for sequence SRR12683243.233.1, skipping.
11-05 13:17 root         DEBUG    No ITS stop or start sites were identified for sequence SRR12683243.234.1, skipping.
11-05 13:17 root         DEBUG    No ITS stop or start sites were identified for sequence SRR12683243.235.1, skipping.
11-05 13:17 root         DEBUG    No ITS stop or start sites were identified for sequence SRR12683243.236.1, skipping.
11-05 13:17 root         DEBUG    No ITS stop or start sites were identified for sequence SRR12683243.237.1, skipping.
11-05 13:17 root         DEBUG    No ITS stop or start sites were identified for sequence SRR12683243.238.1, skipping.
11-05 13:17 root         DEBUG    No ITS stop or start sites were identified for sequence SRR12683243.239.1, skipping.
11-05 13:17 root         DEBUG    No ITS stop or start sites were identified for sequence SRR12683243.240.1, skipping.
11-05 13:17 root         DEBUG    No ITS stop or start sites were identified for sequence SRR12683243.5.1, skipping.
11-05 13:17 root         DEBUG    No ITS stop or start sites were identified for sequence SRR12683243.244.1, skipping.
11-05 13:17 root         DEBUG    No ITS stop or start sites were identified for sequence SRR12683243.246.1, skipping.
11-05 13:17 root         DEBUG    No ITS stop or start sites were identified for sequence SRR12683243.249.1, skipping.
11-05 13:17 root         DEBUG    No ITS stop or start sites were identified for sequence SRR12683243.61.1, skipping.
11-05 13:17 root         DEBUG    No ITS stop or start sites were identified for sequence SRR12683243.252.1, skipping.
11-05 13:17 root         DEBUG    No ITS stop or start sites were identified for sequence SRR12683243.253.1, skipping.
11-05 13:17 root         DEBUG    No ITS stop or start sites were identified for sequence SRR12683243.254.1, skipping.
11-05 13:17 root         DEBUG    No ITS stop or start sites were identified for sequence SRR12683243.255.1, skipping.
11-05 13:17 root         DEBUG    No ITS stop or start sites were identified for sequence SRR12683243.256.1, skipping.
11-05 13:17 root         DEBUG    No ITS stop or start sites were identified for sequence SRR12683243.258.1, skipping.
11-05 13:17 root         DEBUG    No ITS stop or start sites were identified for sequence SRR12683243.259.1, skipping.
11-05 13:17 root         DEBUG    No ITS stop or start sites were identified for sequence SRR12683243.260.1, skipping.
11-05 13:17 root         DEBUG    No ITS stop or start sites were identified for sequence SRR12683243.262.1, skipping.
11-05 13:17 root         DEBUG    No ITS stop or start sites were identified for sequence SRR12683243.263.1, skipping.
11-05 13:17 root         DEBUG    No ITS stop or start sites were identified for sequence SRR12683243.264.1, skipping.
11-05 13:17 root         DEBUG    No ITS stop or start sites were identified for sequence SRR12683243.266.1, skipping.
11-05 13:17 root         DEBUG    No ITS stop or start sites were identified for sequence SRR12683243.270.1, skipping.
11-05 13:17 root         DEBUG    No ITS stop or start sites were identified for sequence SRR12683243.272.1, skipping.
11-05 13:17 root         DEBUG    No ITS stop or start sites were identified for sequence SRR12683243.273.1, skipping.
11-05 13:17 root         DEBUG    No ITS stop or start sites were identified for sequence SRR12683243.19.1, skipping.
11-05 13:17 root         DEBUG    No ITS stop or start sites were identified for sequence SRR12683243.281.1, skipping.
11-05 13:17 root         DEBUG    No ITS stop or start sites were identified for sequence SRR12683243.282.1, skipping.
11-05 13:17 root         DEBUG    No ITS stop or start sites were identified for sequence SRR12683243.283.1, skipping.
11-05 13:17 root         DEBUG    No ITS stop or start sites were identified for sequence SRR12683243.285.1, skipping.
11-05 13:17 root         DEBUG    No ITS stop or start sites were identified for sequence SRR12683243.286.1, skipping.
11-05 13:17 root         DEBUG    No ITS stop or start sites were identified for sequence SRR12683243.288.1, skipping.
11-05 13:17 root         DEBUG    No ITS stop or start sites were identified for sequence SRR12683243.289.1, skipping.
11-05 13:17 root         DEBUG    No ITS stop or start sites were identified for sequence SRR12683243.290.1, skipping.
11-05 13:17 root         DEBUG    No ITS stop or start sites were identified for sequence SRR12683243.293.1, skipping.
11-05 13:17 root         DEBUG    No ITS stop or start sites were identified for sequence SRR12683243.295.1, skipping.
11-05 13:17 root         DEBUG    No ITS stop or start sites were identified for sequence SRR12683243.296.1, skipping.
11-05 13:17 root         DEBUG    No ITS stop or start sites were identified for sequence SRR12683243.5.1, skipping.
11-05 13:17 root         DEBUG    No ITS stop or start sites were identified for sequence SRR12683243.303.1, skipping.
11-05 13:17 root         DEBUG    No ITS stop or start sites were identified for sequence SRR12683243.304.1, skipping.
11-05 13:17 root         DEBUG    No ITS stop or start sites were identified for sequence SRR12683243.306.1, skipping.
11-05 13:17 root         DEBUG    No ITS stop or start sites were identified for sequence SRR12683243.310.1, skipping.
11-05 13:17 root         DEBUG    No ITS stop or start sites were identified for sequence SRR12683243.14.1, skipping.
11-05 13:17 root         DEBUG    No ITS stop or start sites were identified for sequence SRR12683243.80.1, skipping.
11-05 13:17 root         DEBUG    No ITS stop or start sites were identified for sequence SRR12683243.315.1, skipping.
11-05 13:17 root         DEBUG    No ITS stop or start sites were identified for sequence SRR12683243.316.1, skipping.
11-05 13:17 root         DEBUG    No ITS stop or start sites were identified for sequence SRR12683243.320.1, skipping.
11-05 13:17 root         DEBUG    No ITS stop or start sites were identified for sequence SRR12683243.324.1, skipping.
11-05 13:17 root         DEBUG    No ITS stop or start sites were identified for sequence SRR12683243.326.1, skipping.
11-05 13:17 root         DEBUG    No ITS stop or start sites were identified for sequence SRR12683243.329.1, skipping.
11-05 13:17 root         DEBUG    No ITS stop or start sites were identified for sequence SRR12683243.331.1, skipping.
11-05 13:17 root         DEBUG    No ITS stop or start sites were identified for sequence SRR12683243.332.1, skipping.
11-05 13:17 root         DEBUG    No ITS stop or start sites were identified for sequence SRR12683243.334.1, skipping.
11-05 13:17 root         DEBUG    No ITS stop or start sites were identified for sequence SRR12683243.335.1, skipping.
11-05 13:17 root         DEBUG    No ITS stop or start sites were identified for sequence SRR12683243.337.1, skipping.
11-05 13:17 root         DEBUG    No ITS stop or start sites were identified for sequence SRR12683243.19.1, skipping.
11-05 13:17 root         DEBUG    No ITS stop or start sites were identified for sequence SRR12683243.344.1, skipping.
11-05 13:17 root         DEBUG    No ITS stop or start sites were identified for sequence SRR12683243.345.1, skipping.
11-05 13:17 root         DEBUG    No ITS stop or start sites were identified for sequence SRR12683243.19.1, skipping.
11-05 13:17 root         DEBUG    No ITS stop or start sites were identified for sequence SRR12683243.348.1, skipping.
11-05 13:17 root         DEBUG    No ITS stop or start sites were identified for sequence SRR12683243.349.1, skipping.
11-05 13:17 root         DEBUG    No ITS stop or start sites were identified for sequence SRR12683243.19.1, skipping.
11-05 13:17 root         DEBUG    No ITS stop or start sites were identified for sequence SRR12683243.351.1, skipping.
11-05 13:17 root         DEBUG    No ITS stop or start sites were identified for sequence SRR12683243.352.1, skipping.
11-05 13:17 root         DEBUG    No ITS stop or start sites were identified for sequence SRR12683243.353.1, skipping.
11-05 13:17 root         DEBUG    No ITS stop or start sites were identified for sequence SRR12683243.19.1, skipping.
11-05 13:17 root         DEBUG    No ITS stop or start sites were identified for sequence SRR12683243.355.1, skipping.
11-05 13:17 root         DEBUG    No ITS stop or start sites were identified for sequence SRR12683243.356.1, skipping.
11-05 13:17 root         DEBUG    No ITS stop or start sites were identified for sequence SRR12683243.5.1, skipping.
11-05 13:17 root         DEBUG    No ITS stop or start sites were identified for sequence SRR12683243.358.1, skipping.
11-05 13:17 root         DEBUG    No ITS stop or start sites were identified for sequence SRR12683243.19.1, skipping.
11-05 13:17 root         DEBUG    No ITS stop or start sites were identified for sequence SRR12683243.19.1, skipping.
11-05 13:17 root         DEBUG    No ITS stop or start sites were identified for sequence SRR12683243.364.1, skipping.
11-05 13:17 root         DEBUG    No ITS stop or start sites were identified for sequence SRR12683243.365.1, skipping.
11-05 13:17 root         DEBUG    No ITS stop or start sites were identified for sequence SRR12683243.367.1, skipping.
11-05 13:17 root         DEBUG    No ITS stop or start sites were identified for sequence SRR12683243.19.1, skipping.
11-05 13:17 root         DEBUG    No ITS stop or start sites were identified for sequence SRR12683243.370.1, skipping.
11-05 13:17 root         DEBUG    No ITS stop or start sites were identified for sequence SRR12683243.371.1, skipping.
11-05 13:17 root         DEBUG    No ITS stop or start sites were identified for sequence SRR12683243.19.1, skipping.
11-05 13:17 root         DEBUG    No ITS stop or start sites were identified for sequence SRR12683243.5.1, skipping.
11-05 13:17 root         INFO     ITSxpress ran in 00:00:03
