11-04 21:39 root         INFO     Verifying the input sequences.
11-04 21:39 root         INFO     Sequences are assumed to be single-end.
11-04 21:39 root         INFO     Temporary directory is: /tmp/itsxpress_2_98bf53
11-04 21:39 root         INFO     Unique sequences are being written to a temporary FASTA file with Vsearch.
11-04 21:39 root         INFO     vsearch v2.7.1_linux_x86_64, 15.6GB RAM, 4 cores
https://github.com/torognes/vsearch

Reading file SRR12683148_pass_1.fastq.gz 100%
301359 nt in 1004 seqs, min 35, max 301, avg 300
Dereplicating 100%
Sorting 100%
444 unique sequences, avg cluster 2.3, median 1, max 338
Writing output file 100%
Writing uc file, first part 100%
Writing uc file, second part 100%

11-04 21:39 root         INFO     Searching for ITS start and stop sites using HMMSearch. This step takes a while.
11-04 21:39 root         INFO     Parsing HMM results.
11-04 21:39 root         INFO     Writing out sequences
11-04 21:39 root         DEBUG    No ITS stop or start sites were identified for sequence SRR12683148.58.1, skipping.
11-04 21:39 root         DEBUG    No ITS stop or start sites were identified for sequence SRR12683148.59.1, skipping.
11-04 21:39 root         DEBUG    No ITS stop or start sites were identified for sequence SRR12683148.60.1, skipping.
11-04 21:39 root         DEBUG    No ITS stop or start sites were identified for sequence SRR12683148.61.1, skipping.
11-04 21:39 root         DEBUG    No ITS stop or start sites were identified for sequence SRR12683148.135.1, skipping.
11-04 21:39 root         DEBUG    No ITS stop or start sites were identified for sequence SRR12683148.137.1, skipping.
11-04 21:39 root         DEBUG    No ITS stop or start sites were identified for sequence SRR12683148.143.1, skipping.
11-04 21:39 root         DEBUG    No ITS stop or start sites were identified for sequence SRR12683148.143.1, skipping.
11-04 21:39 root         DEBUG    No ITS stop or start sites were identified for sequence SRR12683148.152.1, skipping.
11-04 21:39 root         DEBUG    No ITS stop or start sites were identified for sequence SRR12683148.357.1, skipping.
11-04 21:39 root         DEBUG    No ITS stop or start sites were identified for sequence SRR12683148.143.1, skipping.
11-04 21:39 root         DEBUG    No ITS stop or start sites were identified for sequence SRR12683148.887.1, skipping.
11-04 21:39 root         INFO     ITSxpress ran in 00:00:08
