11-05 13:19 root         INFO     Verifying the input sequences.
11-05 13:19 root         INFO     Sequences are assumed to be single-end.
11-05 13:19 root         INFO     Temporary directory is: /tmp/itsxpress_jjgyaixh
11-05 13:19 root         INFO     Unique sequences are being written to a temporary FASTA file with Vsearch.
11-05 13:19 root         INFO     vsearch v2.7.1_linux_x86_64, 15.6GB RAM, 4 cores
https://github.com/torognes/vsearch

Reading file SRR12683248_pass_1.fastq.gz 100%
56803 nt in 192 seqs, min 35, max 301, avg 296
Dereplicating 100%
Sorting 100%
93 unique sequences, avg cluster 2.1, median 1, max 70
Writing output file 100%
Writing uc file, first part 100%
Writing uc file, second part 100%

11-05 13:19 root         INFO     Searching for ITS start and stop sites using HMMSearch. This step takes a while.
11-05 13:19 root         INFO     Parsing HMM results.
11-05 13:19 root         INFO     Writing out sequences
11-05 13:19 root         DEBUG    No ITS stop or start sites were identified for sequence SRR12683248.18.1, skipping.
11-05 13:19 root         DEBUG    No ITS stop or start sites were identified for sequence SRR12683248.23.1, skipping.
11-05 13:19 root         DEBUG    No ITS stop or start sites were identified for sequence SRR12683248.28.1, skipping.
11-05 13:19 root         DEBUG    No ITS stop or start sites were identified for sequence SRR12683248.59.1, skipping.
11-05 13:19 root         DEBUG    No ITS stop or start sites were identified for sequence SRR12683248.60.1, skipping.
11-05 13:19 root         DEBUG    No ITS stop or start sites were identified for sequence SRR12683248.74.1, skipping.
11-05 13:19 root         DEBUG    No ITS stop or start sites were identified for sequence SRR12683248.23.1, skipping.
11-05 13:19 root         DEBUG    No ITS stop or start sites were identified for sequence SRR12683248.123.1, skipping.
11-05 13:19 root         DEBUG    No ITS stop or start sites were identified for sequence SRR12683248.160.1, skipping.
11-05 13:19 root         DEBUG    No ITS stop or start sites were identified for sequence SRR12683248.161.1, skipping.
11-05 13:19 root         DEBUG    No ITS stop or start sites were identified for sequence SRR12683248.162.1, skipping.
11-05 13:19 root         INFO     ITSxpress ran in 00:00:01
