11-05 13:06 root         INFO     Verifying the input sequences.
11-05 13:06 root         INFO     Sequences are assumed to be single-end.
11-05 13:06 root         INFO     Temporary directory is: /tmp/itsxpress_ksjgsccz
11-05 13:06 root         INFO     Unique sequences are being written to a temporary FASTA file with Vsearch.
11-05 13:06 root         INFO     vsearch v2.7.1_linux_x86_64, 15.6GB RAM, 4 cores
https://github.com/torognes/vsearch

Reading file SRR12683201_pass_1.fastq.gz 100%
3085864 nt in 10290 seqs, min 35, max 301, avg 300
Dereplicating 100%
Sorting 100%
3853 unique sequences, avg cluster 2.7, median 1, max 3242
Writing output file 100%
Writing uc file, first part 100%
Writing uc file, second part 100%

11-05 13:06 root         INFO     Searching for ITS start and stop sites using HMMSearch. This step takes a while.
11-05 13:07 root         INFO     Parsing HMM results.
11-05 13:07 root         INFO     Writing out sequences
11-05 13:07 root         DEBUG    No ITS stop or start sites were identified for sequence SRR12683201.13.1, skipping.
11-05 13:07 root         DEBUG    No ITS stop or start sites were identified for sequence SRR12683201.89.1, skipping.
11-05 13:07 root         DEBUG    No ITS stop or start sites were identified for sequence SRR12683201.143.1, skipping.
11-05 13:07 root         DEBUG    No ITS stop or start sites were identified for sequence SRR12683201.167.1, skipping.
11-05 13:07 root         DEBUG    No ITS stop or start sites were identified for sequence SRR12683201.168.1, skipping.
11-05 13:07 root         DEBUG    No ITS stop or start sites were identified for sequence SRR12683201.167.1, skipping.
11-05 13:07 root         DEBUG    No ITS stop or start sites were identified for sequence SRR12683201.13.1, skipping.
11-05 13:07 root         DEBUG    No ITS stop or start sites were identified for sequence SRR12683201.13.1, skipping.
11-05 13:07 root         DEBUG    No ITS stop or start sites were identified for sequence SRR12683201.346.1, skipping.
11-05 13:07 root         DEBUG    No ITS stop or start sites were identified for sequence SRR12683201.347.1, skipping.
11-05 13:07 root         DEBUG    No ITS stop or start sites were identified for sequence SRR12683201.167.1, skipping.
11-05 13:07 root         DEBUG    No ITS stop or start sites were identified for sequence SRR12683201.391.1, skipping.
11-05 13:07 root         DEBUG    No ITS stop or start sites were identified for sequence SRR12683201.13.1, skipping.
11-05 13:07 root         DEBUG    No ITS stop or start sites were identified for sequence SRR12683201.490.1, skipping.
11-05 13:07 root         DEBUG    No ITS stop or start sites were identified for sequence SRR12683201.490.1, skipping.
11-05 13:07 root         DEBUG    No ITS stop or start sites were identified for sequence SRR12683201.492.1, skipping.
11-05 13:07 root         DEBUG    No ITS stop or start sites were identified for sequence SRR12683201.501.1, skipping.
11-05 13:07 root         DEBUG    No ITS stop or start sites were identified for sequence SRR12683201.502.1, skipping.
11-05 13:07 root         DEBUG    No ITS stop or start sites were identified for sequence SRR12683201.503.1, skipping.
11-05 13:07 root         DEBUG    No ITS stop or start sites were identified for sequence SRR12683201.13.1, skipping.
11-05 13:07 root         DEBUG    No ITS stop or start sites were identified for sequence SRR12683201.505.1, skipping.
11-05 13:07 root         DEBUG    No ITS stop or start sites were identified for sequence SRR12683201.541.1, skipping.
11-05 13:07 root         DEBUG    No ITS stop or start sites were identified for sequence SRR12683201.167.1, skipping.
11-05 13:07 root         DEBUG    No ITS stop or start sites were identified for sequence SRR12683201.551.1, skipping.
11-05 13:07 root         DEBUG    No ITS stop or start sites were identified for sequence SRR12683201.552.1, skipping.
11-05 13:07 root         DEBUG    No ITS stop or start sites were identified for sequence SRR12683201.167.1, skipping.
11-05 13:07 root         DEBUG    No ITS stop or start sites were identified for sequence SRR12683201.579.1, skipping.
11-05 13:07 root         DEBUG    No ITS stop or start sites were identified for sequence SRR12683201.167.1, skipping.
11-05 13:07 root         DEBUG    No ITS stop or start sites were identified for sequence SRR12683201.619.1, skipping.
11-05 13:07 root         DEBUG    No ITS stop or start sites were identified for sequence SRR12683201.620.1, skipping.
11-05 13:07 root         DEBUG    No ITS stop or start sites were identified for sequence SRR12683201.167.1, skipping.
11-05 13:07 root         DEBUG    No ITS stop or start sites were identified for sequence SRR12683201.662.1, skipping.
11-05 13:07 root         DEBUG    No ITS stop or start sites were identified for sequence SRR12683201.663.1, skipping.
11-05 13:07 root         DEBUG    No ITS stop or start sites were identified for sequence SRR12683201.167.1, skipping.
11-05 13:07 root         DEBUG    No ITS stop or start sites were identified for sequence SRR12683201.167.1, skipping.
11-05 13:07 root         DEBUG    No ITS stop or start sites were identified for sequence SRR12683201.768.1, skipping.
11-05 13:07 root         DEBUG    No ITS stop or start sites were identified for sequence SRR12683201.820.1, skipping.
11-05 13:07 root         DEBUG    No ITS stop or start sites were identified for sequence SRR12683201.821.1, skipping.
11-05 13:07 root         DEBUG    No ITS stop or start sites were identified for sequence SRR12683201.822.1, skipping.
11-05 13:07 root         DEBUG    No ITS stop or start sites were identified for sequence SRR12683201.856.1, skipping.
11-05 13:07 root         DEBUG    No ITS stop or start sites were identified for sequence SRR12683201.167.1, skipping.
11-05 13:07 root         DEBUG    No ITS stop or start sites were identified for sequence SRR12683201.871.1, skipping.
11-05 13:07 root         DEBUG    No ITS stop or start sites were identified for sequence SRR12683201.871.1, skipping.
11-05 13:07 root         DEBUG    No ITS stop or start sites were identified for sequence SRR12683201.871.1, skipping.
11-05 13:07 root         DEBUG    No ITS stop or start sites were identified for sequence SRR12683201.167.1, skipping.
11-05 13:07 root         DEBUG    No ITS stop or start sites were identified for sequence SRR12683201.895.1, skipping.
11-05 13:07 root         DEBUG    No ITS stop or start sites were identified for sequence SRR12683201.1015.1, skipping.
11-05 13:07 root         DEBUG    No ITS stop or start sites were identified for sequence SRR12683201.167.1, skipping.
11-05 13:07 root         DEBUG    No ITS stop or start sites were identified for sequence SRR12683201.1019.1, skipping.
11-05 13:07 root         DEBUG    No ITS stop or start sites were identified for sequence SRR12683201.1027.1, skipping.
11-05 13:07 root         DEBUG    No ITS stop or start sites were identified for sequence SRR12683201.1074.1, skipping.
11-05 13:07 root         DEBUG    No ITS stop or start sites were identified for sequence SRR12683201.13.1, skipping.
11-05 13:07 root         DEBUG    No ITS stop or start sites were identified for sequence SRR12683201.167.1, skipping.
11-05 13:07 root         DEBUG    No ITS stop or start sites were identified for sequence SRR12683201.167.1, skipping.
11-05 13:07 root         DEBUG    No ITS stop or start sites were identified for sequence SRR12683201.1208.1, skipping.
11-05 13:07 root         DEBUG    No ITS stop or start sites were identified for sequence SRR12683201.1217.1, skipping.
11-05 13:07 root         DEBUG    No ITS stop or start sites were identified for sequence SRR12683201.167.1, skipping.
11-05 13:07 root         DEBUG    No ITS stop or start sites were identified for sequence SRR12683201.1245.1, skipping.
11-05 13:07 root         DEBUG    No ITS stop or start sites were identified for sequence SRR12683201.1276.1, skipping.
11-05 13:07 root         DEBUG    No ITS stop or start sites were identified for sequence SRR12683201.1277.1, skipping.
11-05 13:07 root         DEBUG    No ITS stop or start sites were identified for sequence SRR12683201.13.1, skipping.
11-05 13:07 root         DEBUG    No ITS stop or start sites were identified for sequence SRR12683201.13.1, skipping.
11-05 13:07 root         DEBUG    No ITS stop or start sites were identified for sequence SRR12683201.167.1, skipping.
11-05 13:07 root         DEBUG    No ITS stop or start sites were identified for sequence SRR12683201.167.1, skipping.
11-05 13:07 root         DEBUG    No ITS stop or start sites were identified for sequence SRR12683201.1596.1, skipping.
11-05 13:07 root         DEBUG    No ITS stop or start sites were identified for sequence SRR12683201.167.1, skipping.
11-05 13:07 root         DEBUG    No ITS stop or start sites were identified for sequence SRR12683201.167.1, skipping.
11-05 13:07 root         DEBUG    No ITS stop or start sites were identified for sequence SRR12683201.1599.1, skipping.
11-05 13:07 root         DEBUG    No ITS stop or start sites were identified for sequence SRR12683201.1716.1, skipping.
11-05 13:07 root         DEBUG    No ITS stop or start sites were identified for sequence SRR12683201.13.1, skipping.
11-05 13:07 root         DEBUG    No ITS stop or start sites were identified for sequence SRR12683201.1744.1, skipping.
11-05 13:07 root         DEBUG    No ITS stop or start sites were identified for sequence SRR12683201.1755.1, skipping.
11-05 13:07 root         DEBUG    No ITS stop or start sites were identified for sequence SRR12683201.1756.1, skipping.
11-05 13:07 root         DEBUG    No ITS stop or start sites were identified for sequence SRR12683201.1756.1, skipping.
11-05 13:07 root         DEBUG    No ITS stop or start sites were identified for sequence SRR12683201.1758.1, skipping.
11-05 13:07 root         DEBUG    No ITS stop or start sites were identified for sequence SRR12683201.167.1, skipping.
11-05 13:07 root         DEBUG    No ITS stop or start sites were identified for sequence SRR12683201.167.1, skipping.
11-05 13:07 root         DEBUG    No ITS stop or start sites were identified for sequence SRR12683201.1779.1, skipping.
11-05 13:07 root         DEBUG    No ITS stop or start sites were identified for sequence SRR12683201.1780.1, skipping.
11-05 13:07 root         DEBUG    No ITS stop or start sites were identified for sequence SRR12683201.1864.1, skipping.
11-05 13:07 root         DEBUG    No ITS stop or start sites were identified for sequence SRR12683201.1864.1, skipping.
11-05 13:07 root         DEBUG    No ITS stop or start sites were identified for sequence SRR12683201.13.1, skipping.
11-05 13:07 root         DEBUG    No ITS stop or start sites were identified for sequence SRR12683201.2022.1, skipping.
11-05 13:07 root         DEBUG    No ITS stop or start sites were identified for sequence SRR12683201.2023.1, skipping.
11-05 13:07 root         DEBUG    No ITS stop or start sites were identified for sequence SRR12683201.167.1, skipping.
11-05 13:07 root         DEBUG    No ITS stop or start sites were identified for sequence SRR12683201.2069.1, skipping.
11-05 13:07 root         DEBUG    No ITS stop or start sites were identified for sequence SRR12683201.13.1, skipping.
11-05 13:07 root         DEBUG    No ITS stop or start sites were identified for sequence SRR12683201.2190.1, skipping.
11-05 13:07 root         DEBUG    No ITS stop or start sites were identified for sequence SRR12683201.13.1, skipping.
11-05 13:07 root         DEBUG    No ITS stop or start sites were identified for sequence SRR12683201.1217.1, skipping.
11-05 13:07 root         DEBUG    No ITS stop or start sites were identified for sequence SRR12683201.167.1, skipping.
11-05 13:07 root         DEBUG    No ITS stop or start sites were identified for sequence SRR12683201.13.1, skipping.
11-05 13:07 root         DEBUG    No ITS stop or start sites were identified for sequence SRR12683201.2529.1, skipping.
11-05 13:07 root         DEBUG    No ITS stop or start sites were identified for sequence SRR12683201.2530.1, skipping.
11-05 13:07 root         DEBUG    No ITS stop or start sites were identified for sequence SRR12683201.13.1, skipping.
11-05 13:07 root         DEBUG    No ITS stop or start sites were identified for sequence SRR12683201.2561.1, skipping.
11-05 13:07 root         DEBUG    No ITS stop or start sites were identified for sequence SRR12683201.2661.1, skipping.
11-05 13:07 root         DEBUG    No ITS stop or start sites were identified for sequence SRR12683201.13.1, skipping.
11-05 13:07 root         DEBUG    No ITS stop or start sites were identified for sequence SRR12683201.167.1, skipping.
11-05 13:07 root         DEBUG    No ITS stop or start sites were identified for sequence SRR12683201.13.1, skipping.
11-05 13:07 root         DEBUG    No ITS stop or start sites were identified for sequence SRR12683201.2836.1, skipping.
11-05 13:07 root         DEBUG    No ITS stop or start sites were identified for sequence SRR12683201.13.1, skipping.
11-05 13:07 root         DEBUG    No ITS stop or start sites were identified for sequence SRR12683201.13.1, skipping.
11-05 13:07 root         DEBUG    No ITS stop or start sites were identified for sequence SRR12683201.2950.1, skipping.
11-05 13:07 root         DEBUG    No ITS stop or start sites were identified for sequence SRR12683201.2957.1, skipping.
11-05 13:07 root         DEBUG    No ITS stop or start sites were identified for sequence SRR12683201.2958.1, skipping.
11-05 13:07 root         DEBUG    No ITS stop or start sites were identified for sequence SRR12683201.2958.1, skipping.
11-05 13:07 root         DEBUG    No ITS stop or start sites were identified for sequence SRR12683201.2966.1, skipping.
11-05 13:07 root         DEBUG    No ITS stop or start sites were identified for sequence SRR12683201.2967.1, skipping.
11-05 13:07 root         DEBUG    No ITS stop or start sites were identified for sequence SRR12683201.167.1, skipping.
11-05 13:07 root         DEBUG    No ITS stop or start sites were identified for sequence SRR12683201.167.1, skipping.
11-05 13:07 root         DEBUG    No ITS stop or start sites were identified for sequence SRR12683201.3041.1, skipping.
11-05 13:07 root         DEBUG    No ITS stop or start sites were identified for sequence SRR12683201.3041.1, skipping.
11-05 13:07 root         DEBUG    No ITS stop or start sites were identified for sequence SRR12683201.3155.1, skipping.
11-05 13:07 root         DEBUG    No ITS stop or start sites were identified for sequence SRR12683201.2958.1, skipping.
11-05 13:07 root         DEBUG    No ITS stop or start sites were identified for sequence SRR12683201.13.1, skipping.
11-05 13:07 root         DEBUG    No ITS stop or start sites were identified for sequence SRR12683201.13.1, skipping.
11-05 13:07 root         DEBUG    No ITS stop or start sites were identified for sequence SRR12683201.167.1, skipping.
11-05 13:07 root         DEBUG    No ITS stop or start sites were identified for sequence SRR12683201.167.1, skipping.
11-05 13:07 root         DEBUG    No ITS stop or start sites were identified for sequence SRR12683201.3256.1, skipping.
11-05 13:07 root         DEBUG    No ITS stop or start sites were identified for sequence SRR12683201.13.1, skipping.
11-05 13:07 root         DEBUG    No ITS stop or start sites were identified for sequence SRR12683201.13.1, skipping.
11-05 13:07 root         DEBUG    No ITS stop or start sites were identified for sequence SRR12683201.13.1, skipping.
11-05 13:07 root         DEBUG    No ITS stop or start sites were identified for sequence SRR12683201.13.1, skipping.
11-05 13:07 root         DEBUG    No ITS stop or start sites were identified for sequence SRR12683201.3423.1, skipping.
11-05 13:07 root         DEBUG    No ITS stop or start sites were identified for sequence SRR12683201.13.1, skipping.
11-05 13:07 root         DEBUG    No ITS stop or start sites were identified for sequence SRR12683201.13.1, skipping.
11-05 13:07 root         DEBUG    No ITS stop or start sites were identified for sequence SRR12683201.3634.1, skipping.
11-05 13:07 root         DEBUG    No ITS stop or start sites were identified for sequence SRR12683201.3636.1, skipping.
11-05 13:07 root         DEBUG    No ITS stop or start sites were identified for sequence SRR12683201.167.1, skipping.
11-05 13:07 root         DEBUG    No ITS stop or start sites were identified for sequence SRR12683201.3702.1, skipping.
11-05 13:07 root         DEBUG    No ITS stop or start sites were identified for sequence SRR12683201.13.1, skipping.
11-05 13:07 root         DEBUG    No ITS stop or start sites were identified for sequence SRR12683201.13.1, skipping.
11-05 13:07 root         DEBUG    No ITS stop or start sites were identified for sequence SRR12683201.167.1, skipping.
11-05 13:07 root         DEBUG    No ITS stop or start sites were identified for sequence SRR12683201.167.1, skipping.
11-05 13:07 root         DEBUG    No ITS stop or start sites were identified for sequence SRR12683201.13.1, skipping.
11-05 13:07 root         DEBUG    No ITS stop or start sites were identified for sequence SRR12683201.3957.1, skipping.
11-05 13:07 root         DEBUG    No ITS stop or start sites were identified for sequence SRR12683201.3964.1, skipping.
11-05 13:07 root         DEBUG    No ITS stop or start sites were identified for sequence SRR12683201.4010.1, skipping.
11-05 13:07 root         DEBUG    No ITS stop or start sites were identified for sequence SRR12683201.13.1, skipping.
11-05 13:07 root         DEBUG    No ITS stop or start sites were identified for sequence SRR12683201.4124.1, skipping.
11-05 13:07 root         DEBUG    No ITS stop or start sites were identified for sequence SRR12683201.4125.1, skipping.
11-05 13:07 root         DEBUG    No ITS stop or start sites were identified for sequence SRR12683201.167.1, skipping.
11-05 13:07 root         DEBUG    No ITS stop or start sites were identified for sequence SRR12683201.167.1, skipping.
11-05 13:07 root         DEBUG    No ITS stop or start sites were identified for sequence SRR12683201.4188.1, skipping.
11-05 13:07 root         DEBUG    No ITS stop or start sites were identified for sequence SRR12683201.4251.1, skipping.
11-05 13:07 root         DEBUG    No ITS stop or start sites were identified for sequence SRR12683201.167.1, skipping.
11-05 13:07 root         DEBUG    No ITS stop or start sites were identified for sequence SRR12683201.167.1, skipping.
11-05 13:07 root         DEBUG    No ITS stop or start sites were identified for sequence SRR12683201.4311.1, skipping.
11-05 13:07 root         DEBUG    No ITS stop or start sites were identified for sequence SRR12683201.4338.1, skipping.
11-05 13:07 root         DEBUG    No ITS stop or start sites were identified for sequence SRR12683201.167.1, skipping.
11-05 13:07 root         DEBUG    No ITS stop or start sites were identified for sequence SRR12683201.167.1, skipping.
11-05 13:07 root         DEBUG    No ITS stop or start sites were identified for sequence SRR12683201.167.1, skipping.
11-05 13:07 root         DEBUG    No ITS stop or start sites were identified for sequence SRR12683201.4481.1, skipping.
11-05 13:07 root         DEBUG    No ITS stop or start sites were identified for sequence SRR12683201.2958.1, skipping.
11-05 13:07 root         DEBUG    No ITS stop or start sites were identified for sequence SRR12683201.167.1, skipping.
11-05 13:07 root         DEBUG    No ITS stop or start sites were identified for sequence SRR12683201.4520.1, skipping.
11-05 13:07 root         DEBUG    No ITS stop or start sites were identified for sequence SRR12683201.4526.1, skipping.
11-05 13:07 root         DEBUG    No ITS stop or start sites were identified for sequence SRR12683201.4527.1, skipping.
11-05 13:07 root         DEBUG    No ITS stop or start sites were identified for sequence SRR12683201.1277.1, skipping.
11-05 13:07 root         DEBUG    No ITS stop or start sites were identified for sequence SRR12683201.4600.1, skipping.
11-05 13:07 root         DEBUG    No ITS stop or start sites were identified for sequence SRR12683201.167.1, skipping.
11-05 13:07 root         DEBUG    No ITS stop or start sites were identified for sequence SRR12683201.143.1, skipping.
11-05 13:07 root         DEBUG    No ITS stop or start sites were identified for sequence SRR12683201.1015.1, skipping.
11-05 13:07 root         DEBUG    No ITS stop or start sites were identified for sequence SRR12683201.13.1, skipping.
11-05 13:07 root         DEBUG    No ITS stop or start sites were identified for sequence SRR12683201.13.1, skipping.
11-05 13:07 root         DEBUG    No ITS stop or start sites were identified for sequence SRR12683201.4726.1, skipping.
11-05 13:07 root         DEBUG    No ITS stop or start sites were identified for sequence SRR12683201.4747.1, skipping.
11-05 13:07 root         DEBUG    No ITS stop or start sites were identified for sequence SRR12683201.4747.1, skipping.
11-05 13:07 root         DEBUG    No ITS stop or start sites were identified for sequence SRR12683201.4834.1, skipping.
11-05 13:07 root         DEBUG    No ITS stop or start sites were identified for sequence SRR12683201.4935.1, skipping.
11-05 13:07 root         DEBUG    No ITS stop or start sites were identified for sequence SRR12683201.4936.1, skipping.
11-05 13:07 root         DEBUG    No ITS stop or start sites were identified for sequence SRR12683201.13.1, skipping.
11-05 13:07 root         DEBUG    No ITS stop or start sites were identified for sequence SRR12683201.5084.1, skipping.
11-05 13:07 root         DEBUG    No ITS stop or start sites were identified for sequence SRR12683201.13.1, skipping.
11-05 13:07 root         DEBUG    No ITS stop or start sites were identified for sequence SRR12683201.5089.1, skipping.
11-05 13:07 root         DEBUG    No ITS stop or start sites were identified for sequence SRR12683201.5091.1, skipping.
11-05 13:07 root         DEBUG    No ITS stop or start sites were identified for sequence SRR12683201.5092.1, skipping.
11-05 13:07 root         DEBUG    No ITS stop or start sites were identified for sequence SRR12683201.167.1, skipping.
11-05 13:07 root         DEBUG    No ITS stop or start sites were identified for sequence SRR12683201.5126.1, skipping.
11-05 13:07 root         DEBUG    No ITS stop or start sites were identified for sequence SRR12683201.5130.1, skipping.
11-05 13:07 root         DEBUG    No ITS stop or start sites were identified for sequence SRR12683201.167.1, skipping.
11-05 13:07 root         DEBUG    No ITS stop or start sites were identified for sequence SRR12683201.5198.1, skipping.
11-05 13:07 root         DEBUG    No ITS stop or start sites were identified for sequence SRR12683201.167.1, skipping.
11-05 13:07 root         DEBUG    No ITS stop or start sites were identified for sequence SRR12683201.143.1, skipping.
11-05 13:07 root         DEBUG    No ITS stop or start sites were identified for sequence SRR12683201.5240.1, skipping.
11-05 13:07 root         DEBUG    No ITS stop or start sites were identified for sequence SRR12683201.5267.1, skipping.
11-05 13:07 root         DEBUG    No ITS stop or start sites were identified for sequence SRR12683201.167.1, skipping.
11-05 13:07 root         DEBUG    No ITS stop or start sites were identified for sequence SRR12683201.167.1, skipping.
11-05 13:07 root         DEBUG    No ITS stop or start sites were identified for sequence SRR12683201.5298.1, skipping.
11-05 13:07 root         DEBUG    No ITS stop or start sites were identified for sequence SRR12683201.5299.1, skipping.
11-05 13:07 root         DEBUG    No ITS stop or start sites were identified for sequence SRR12683201.13.1, skipping.
11-05 13:07 root         DEBUG    No ITS stop or start sites were identified for sequence SRR12683201.13.1, skipping.
11-05 13:07 root         DEBUG    No ITS stop or start sites were identified for sequence SRR12683201.13.1, skipping.
11-05 13:07 root         DEBUG    No ITS stop or start sites were identified for sequence SRR12683201.4747.1, skipping.
11-05 13:07 root         DEBUG    No ITS stop or start sites were identified for sequence SRR12683201.5573.1, skipping.
11-05 13:07 root         DEBUG    No ITS stop or start sites were identified for sequence SRR12683201.5601.1, skipping.
11-05 13:07 root         DEBUG    No ITS stop or start sites were identified for sequence SRR12683201.167.1, skipping.
11-05 13:07 root         DEBUG    No ITS stop or start sites were identified for sequence SRR12683201.167.1, skipping.
11-05 13:07 root         DEBUG    No ITS stop or start sites were identified for sequence SRR12683201.167.1, skipping.
11-05 13:07 root         DEBUG    No ITS stop or start sites were identified for sequence SRR12683201.167.1, skipping.
11-05 13:07 root         DEBUG    No ITS stop or start sites were identified for sequence SRR12683201.167.1, skipping.
11-05 13:07 root         DEBUG    No ITS stop or start sites were identified for sequence SRR12683201.167.1, skipping.
11-05 13:07 root         DEBUG    No ITS stop or start sites were identified for sequence SRR12683201.5800.1, skipping.
11-05 13:07 root         DEBUG    No ITS stop or start sites were identified for sequence SRR12683201.4338.1, skipping.
11-05 13:07 root         DEBUG    No ITS stop or start sites were identified for sequence SRR12683201.5802.1, skipping.
11-05 13:07 root         DEBUG    No ITS stop or start sites were identified for sequence SRR12683201.13.1, skipping.
11-05 13:07 root         DEBUG    No ITS stop or start sites were identified for sequence SRR12683201.167.1, skipping.
11-05 13:07 root         DEBUG    No ITS stop or start sites were identified for sequence SRR12683201.167.1, skipping.
11-05 13:07 root         DEBUG    No ITS stop or start sites were identified for sequence SRR12683201.167.1, skipping.
11-05 13:07 root         DEBUG    No ITS stop or start sites were identified for sequence SRR12683201.5929.1, skipping.
11-05 13:07 root         DEBUG    No ITS stop or start sites were identified for sequence SRR12683201.13.1, skipping.
11-05 13:07 root         DEBUG    No ITS stop or start sites were identified for sequence SRR12683201.13.1, skipping.
11-05 13:07 root         DEBUG    No ITS stop or start sites were identified for sequence SRR12683201.13.1, skipping.
11-05 13:07 root         DEBUG    No ITS stop or start sites were identified for sequence SRR12683201.5966.1, skipping.
11-05 13:07 root         DEBUG    No ITS stop or start sites were identified for sequence SRR12683201.167.1, skipping.
11-05 13:07 root         DEBUG    No ITS stop or start sites were identified for sequence SRR12683201.167.1, skipping.
11-05 13:07 root         DEBUG    No ITS stop or start sites were identified for sequence SRR12683201.6004.1, skipping.
11-05 13:07 root         DEBUG    No ITS stop or start sites were identified for sequence SRR12683201.6005.1, skipping.
11-05 13:07 root         DEBUG    No ITS stop or start sites were identified for sequence SRR12683201.167.1, skipping.
11-05 13:07 root         DEBUG    No ITS stop or start sites were identified for sequence SRR12683201.6007.1, skipping.
11-05 13:07 root         DEBUG    No ITS stop or start sites were identified for sequence SRR12683201.6019.1, skipping.
11-05 13:07 root         DEBUG    No ITS stop or start sites were identified for sequence SRR12683201.167.1, skipping.
11-05 13:07 root         DEBUG    No ITS stop or start sites were identified for sequence SRR12683201.167.1, skipping.
11-05 13:07 root         DEBUG    No ITS stop or start sites were identified for sequence SRR12683201.167.1, skipping.
11-05 13:07 root         DEBUG    No ITS stop or start sites were identified for sequence SRR12683201.6119.1, skipping.
11-05 13:07 root         DEBUG    No ITS stop or start sites were identified for sequence SRR12683201.6119.1, skipping.
11-05 13:07 root         DEBUG    No ITS stop or start sites were identified for sequence SRR12683201.6121.1, skipping.
11-05 13:07 root         DEBUG    No ITS stop or start sites were identified for sequence SRR12683201.167.1, skipping.
11-05 13:07 root         DEBUG    No ITS stop or start sites were identified for sequence SRR12683201.143.1, skipping.
11-05 13:07 root         DEBUG    No ITS stop or start sites were identified for sequence SRR12683201.167.1, skipping.
11-05 13:07 root         DEBUG    No ITS stop or start sites were identified for sequence SRR12683201.6181.1, skipping.
11-05 13:07 root         DEBUG    No ITS stop or start sites were identified for sequence SRR12683201.167.1, skipping.
11-05 13:07 root         DEBUG    No ITS stop or start sites were identified for sequence SRR12683201.167.1, skipping.
11-05 13:07 root         DEBUG    No ITS stop or start sites were identified for sequence SRR12683201.6208.1, skipping.
11-05 13:07 root         DEBUG    No ITS stop or start sites were identified for sequence SRR12683201.6209.1, skipping.
11-05 13:07 root         DEBUG    No ITS stop or start sites were identified for sequence SRR12683201.6210.1, skipping.
11-05 13:07 root         DEBUG    No ITS stop or start sites were identified for sequence SRR12683201.6314.1, skipping.
11-05 13:07 root         DEBUG    No ITS stop or start sites were identified for sequence SRR12683201.167.1, skipping.
11-05 13:07 root         DEBUG    No ITS stop or start sites were identified for sequence SRR12683201.6316.1, skipping.
11-05 13:07 root         DEBUG    No ITS stop or start sites were identified for sequence SRR12683201.13.1, skipping.
11-05 13:07 root         DEBUG    No ITS stop or start sites were identified for sequence SRR12683201.167.1, skipping.
11-05 13:07 root         DEBUG    No ITS stop or start sites were identified for sequence SRR12683201.6522.1, skipping.
11-05 13:07 root         DEBUG    No ITS stop or start sites were identified for sequence SRR12683201.6608.1, skipping.
11-05 13:07 root         DEBUG    No ITS stop or start sites were identified for sequence SRR12683201.6609.1, skipping.
11-05 13:07 root         DEBUG    No ITS stop or start sites were identified for sequence SRR12683201.6610.1, skipping.
11-05 13:07 root         DEBUG    No ITS stop or start sites were identified for sequence SRR12683201.167.1, skipping.
11-05 13:07 root         DEBUG    No ITS stop or start sites were identified for sequence SRR12683201.13.1, skipping.
11-05 13:07 root         DEBUG    No ITS stop or start sites were identified for sequence SRR12683201.13.1, skipping.
11-05 13:07 root         DEBUG    No ITS stop or start sites were identified for sequence SRR12683201.6774.1, skipping.
11-05 13:07 root         DEBUG    No ITS stop or start sites were identified for sequence SRR12683201.13.1, skipping.
11-05 13:07 root         DEBUG    No ITS stop or start sites were identified for sequence SRR12683201.13.1, skipping.
11-05 13:07 root         DEBUG    No ITS stop or start sites were identified for sequence SRR12683201.6816.1, skipping.
11-05 13:07 root         DEBUG    No ITS stop or start sites were identified for sequence SRR12683201.167.1, skipping.
11-05 13:07 root         DEBUG    No ITS stop or start sites were identified for sequence SRR12683201.13.1, skipping.
11-05 13:07 root         DEBUG    No ITS stop or start sites were identified for sequence SRR12683201.13.1, skipping.
11-05 13:07 root         DEBUG    No ITS stop or start sites were identified for sequence SRR12683201.13.1, skipping.
11-05 13:07 root         DEBUG    No ITS stop or start sites were identified for sequence SRR12683201.13.1, skipping.
11-05 13:07 root         DEBUG    No ITS stop or start sites were identified for sequence SRR12683201.13.1, skipping.
11-05 13:07 root         DEBUG    No ITS stop or start sites were identified for sequence SRR12683201.6944.1, skipping.
11-05 13:07 root         DEBUG    No ITS stop or start sites were identified for sequence SRR12683201.6951.1, skipping.
11-05 13:07 root         DEBUG    No ITS stop or start sites were identified for sequence SRR12683201.6952.1, skipping.
11-05 13:07 root         DEBUG    No ITS stop or start sites were identified for sequence SRR12683201.13.1, skipping.
11-05 13:07 root         DEBUG    No ITS stop or start sites were identified for sequence SRR12683201.7091.1, skipping.
11-05 13:07 root         DEBUG    No ITS stop or start sites were identified for sequence SRR12683201.7092.1, skipping.
11-05 13:07 root         DEBUG    No ITS stop or start sites were identified for sequence SRR12683201.167.1, skipping.
11-05 13:07 root         DEBUG    No ITS stop or start sites were identified for sequence SRR12683201.167.1, skipping.
11-05 13:07 root         DEBUG    No ITS stop or start sites were identified for sequence SRR12683201.7136.1, skipping.
11-05 13:07 root         DEBUG    No ITS stop or start sites were identified for sequence SRR12683201.7300.1, skipping.
11-05 13:07 root         DEBUG    No ITS stop or start sites were identified for sequence SRR12683201.7445.1, skipping.
11-05 13:07 root         DEBUG    No ITS stop or start sites were identified for sequence SRR12683201.7480.1, skipping.
11-05 13:07 root         DEBUG    No ITS stop or start sites were identified for sequence SRR12683201.13.1, skipping.
11-05 13:07 root         DEBUG    No ITS stop or start sites were identified for sequence SRR12683201.7482.1, skipping.
11-05 13:07 root         DEBUG    No ITS stop or start sites were identified for sequence SRR12683201.7483.1, skipping.
11-05 13:07 root         DEBUG    No ITS stop or start sites were identified for sequence SRR12683201.13.1, skipping.
11-05 13:07 root         DEBUG    No ITS stop or start sites were identified for sequence SRR12683201.13.1, skipping.
11-05 13:07 root         DEBUG    No ITS stop or start sites were identified for sequence SRR12683201.7513.1, skipping.
11-05 13:07 root         DEBUG    No ITS stop or start sites were identified for sequence SRR12683201.13.1, skipping.
11-05 13:07 root         DEBUG    No ITS stop or start sites were identified for sequence SRR12683201.167.1, skipping.
11-05 13:07 root         DEBUG    No ITS stop or start sites were identified for sequence SRR12683201.7644.1, skipping.
11-05 13:07 root         DEBUG    No ITS stop or start sites were identified for sequence SRR12683201.167.1, skipping.
11-05 13:07 root         DEBUG    No ITS stop or start sites were identified for sequence SRR12683201.7646.1, skipping.
11-05 13:07 root         DEBUG    No ITS stop or start sites were identified for sequence SRR12683201.7647.1, skipping.
11-05 13:07 root         DEBUG    No ITS stop or start sites were identified for sequence SRR12683201.7647.1, skipping.
11-05 13:07 root         DEBUG    No ITS stop or start sites were identified for sequence SRR12683201.143.1, skipping.
11-05 13:07 root         DEBUG    No ITS stop or start sites were identified for sequence SRR12683201.7780.1, skipping.
11-05 13:07 root         DEBUG    No ITS stop or start sites were identified for sequence SRR12683201.13.1, skipping.
11-05 13:07 root         DEBUG    No ITS stop or start sites were identified for sequence SRR12683201.7782.1, skipping.
11-05 13:07 root         DEBUG    No ITS stop or start sites were identified for sequence SRR12683201.167.1, skipping.
11-05 13:07 root         DEBUG    No ITS stop or start sites were identified for sequence SRR12683201.167.1, skipping.
11-05 13:07 root         DEBUG    No ITS stop or start sites were identified for sequence SRR12683201.13.1, skipping.
11-05 13:07 root         DEBUG    No ITS stop or start sites were identified for sequence SRR12683201.8001.1, skipping.
11-05 13:07 root         DEBUG    No ITS stop or start sites were identified for sequence SRR12683201.13.1, skipping.
11-05 13:07 root         DEBUG    No ITS stop or start sites were identified for sequence SRR12683201.1015.1, skipping.
11-05 13:07 root         DEBUG    No ITS stop or start sites were identified for sequence SRR12683201.167.1, skipping.
11-05 13:07 root         DEBUG    No ITS stop or start sites were identified for sequence SRR12683201.8060.1, skipping.
11-05 13:07 root         DEBUG    No ITS stop or start sites were identified for sequence SRR12683201.8061.1, skipping.
11-05 13:07 root         DEBUG    No ITS stop or start sites were identified for sequence SRR12683201.13.1, skipping.
11-05 13:07 root         DEBUG    No ITS stop or start sites were identified for sequence SRR12683201.13.1, skipping.
11-05 13:07 root         DEBUG    No ITS stop or start sites were identified for sequence SRR12683201.8064.1, skipping.
11-05 13:07 root         DEBUG    No ITS stop or start sites were identified for sequence SRR12683201.167.1, skipping.
11-05 13:07 root         DEBUG    No ITS stop or start sites were identified for sequence SRR12683201.167.1, skipping.
11-05 13:07 root         DEBUG    No ITS stop or start sites were identified for sequence SRR12683201.5298.1, skipping.
11-05 13:07 root         DEBUG    No ITS stop or start sites were identified for sequence SRR12683201.167.1, skipping.
11-05 13:07 root         DEBUG    No ITS stop or start sites were identified for sequence SRR12683201.8149.1, skipping.
11-05 13:07 root         DEBUG    No ITS stop or start sites were identified for sequence SRR12683201.8180.1, skipping.
11-05 13:07 root         DEBUG    No ITS stop or start sites were identified for sequence SRR12683201.13.1, skipping.
11-05 13:07 root         DEBUG    No ITS stop or start sites were identified for sequence SRR12683201.8360.1, skipping.
11-05 13:07 root         DEBUG    No ITS stop or start sites were identified for sequence SRR12683201.167.1, skipping.
11-05 13:07 root         DEBUG    No ITS stop or start sites were identified for sequence SRR12683201.167.1, skipping.
11-05 13:07 root         DEBUG    No ITS stop or start sites were identified for sequence SRR12683201.8424.1, skipping.
11-05 13:07 root         DEBUG    No ITS stop or start sites were identified for sequence SRR12683201.167.1, skipping.
11-05 13:07 root         DEBUG    No ITS stop or start sites were identified for sequence SRR12683201.8426.1, skipping.
11-05 13:07 root         DEBUG    No ITS stop or start sites were identified for sequence SRR12683201.8429.1, skipping.
11-05 13:07 root         DEBUG    No ITS stop or start sites were identified for sequence SRR12683201.8429.1, skipping.
11-05 13:07 root         DEBUG    No ITS stop or start sites were identified for sequence SRR12683201.13.1, skipping.
11-05 13:07 root         DEBUG    No ITS stop or start sites were identified for sequence SRR12683201.13.1, skipping.
11-05 13:07 root         DEBUG    No ITS stop or start sites were identified for sequence SRR12683201.13.1, skipping.
11-05 13:07 root         DEBUG    No ITS stop or start sites were identified for sequence SRR12683201.13.1, skipping.
11-05 13:07 root         DEBUG    No ITS stop or start sites were identified for sequence SRR12683201.8604.1, skipping.
11-05 13:07 root         DEBUG    No ITS stop or start sites were identified for sequence SRR12683201.8605.1, skipping.
11-05 13:07 root         DEBUG    No ITS stop or start sites were identified for sequence SRR12683201.8612.1, skipping.
11-05 13:07 root         DEBUG    No ITS stop or start sites were identified for sequence SRR12683201.8615.1, skipping.
11-05 13:07 root         DEBUG    No ITS stop or start sites were identified for sequence SRR12683201.13.1, skipping.
11-05 13:07 root         DEBUG    No ITS stop or start sites were identified for sequence SRR12683201.8662.1, skipping.
11-05 13:07 root         DEBUG    No ITS stop or start sites were identified for sequence SRR12683201.13.1, skipping.
11-05 13:07 root         DEBUG    No ITS stop or start sites were identified for sequence SRR12683201.8677.1, skipping.
11-05 13:07 root         DEBUG    No ITS stop or start sites were identified for sequence SRR12683201.13.1, skipping.
11-05 13:07 root         DEBUG    No ITS stop or start sites were identified for sequence SRR12683201.8679.1, skipping.
11-05 13:07 root         DEBUG    No ITS stop or start sites were identified for sequence SRR12683201.8860.1, skipping.
11-05 13:07 root         DEBUG    No ITS stop or start sites were identified for sequence SRR12683201.167.1, skipping.
11-05 13:07 root         DEBUG    No ITS stop or start sites were identified for sequence SRR12683201.8874.1, skipping.
11-05 13:07 root         DEBUG    No ITS stop or start sites were identified for sequence SRR12683201.13.1, skipping.
11-05 13:07 root         DEBUG    No ITS stop or start sites were identified for sequence SRR12683201.8876.1, skipping.
11-05 13:07 root         DEBUG    No ITS stop or start sites were identified for sequence SRR12683201.8966.1, skipping.
11-05 13:07 root         DEBUG    No ITS stop or start sites were identified for sequence SRR12683201.8967.1, skipping.
11-05 13:07 root         DEBUG    No ITS stop or start sites were identified for sequence SRR12683201.167.1, skipping.
11-05 13:07 root         DEBUG    No ITS stop or start sites were identified for sequence SRR12683201.167.1, skipping.
11-05 13:07 root         DEBUG    No ITS stop or start sites were identified for sequence SRR12683201.167.1, skipping.
11-05 13:07 root         DEBUG    No ITS stop or start sites were identified for sequence SRR12683201.167.1, skipping.
11-05 13:07 root         DEBUG    No ITS stop or start sites were identified for sequence SRR12683201.895.1, skipping.
11-05 13:07 root         DEBUG    No ITS stop or start sites were identified for sequence SRR12683201.13.1, skipping.
11-05 13:07 root         DEBUG    No ITS stop or start sites were identified for sequence SRR12683201.167.1, skipping.
11-05 13:07 root         DEBUG    No ITS stop or start sites were identified for sequence SRR12683201.9076.1, skipping.
11-05 13:07 root         DEBUG    No ITS stop or start sites were identified for sequence SRR12683201.167.1, skipping.
11-05 13:07 root         DEBUG    No ITS stop or start sites were identified for sequence SRR12683201.167.1, skipping.
11-05 13:07 root         DEBUG    No ITS stop or start sites were identified for sequence SRR12683201.167.1, skipping.
11-05 13:07 root         DEBUG    No ITS stop or start sites were identified for sequence SRR12683201.13.1, skipping.
11-05 13:07 root         DEBUG    No ITS stop or start sites were identified for sequence SRR12683201.13.1, skipping.
11-05 13:07 root         DEBUG    No ITS stop or start sites were identified for sequence SRR12683201.9318.1, skipping.
11-05 13:07 root         DEBUG    No ITS stop or start sites were identified for sequence SRR12683201.9319.1, skipping.
11-05 13:07 root         DEBUG    No ITS stop or start sites were identified for sequence SRR12683201.9318.1, skipping.
11-05 13:07 root         DEBUG    No ITS stop or start sites were identified for sequence SRR12683201.9396.1, skipping.
11-05 13:07 root         DEBUG    No ITS stop or start sites were identified for sequence SRR12683201.167.1, skipping.
11-05 13:07 root         DEBUG    No ITS stop or start sites were identified for sequence SRR12683201.167.1, skipping.
11-05 13:07 root         DEBUG    No ITS stop or start sites were identified for sequence SRR12683201.13.1, skipping.
11-05 13:07 root         DEBUG    No ITS stop or start sites were identified for sequence SRR12683201.13.1, skipping.
11-05 13:07 root         DEBUG    No ITS stop or start sites were identified for sequence SRR12683201.167.1, skipping.
11-05 13:07 root         DEBUG    No ITS stop or start sites were identified for sequence SRR12683201.13.1, skipping.
11-05 13:07 root         DEBUG    No ITS stop or start sites were identified for sequence SRR12683201.9713.1, skipping.
11-05 13:07 root         DEBUG    No ITS stop or start sites were identified for sequence SRR12683201.13.1, skipping.
11-05 13:07 root         DEBUG    No ITS stop or start sites were identified for sequence SRR12683201.13.1, skipping.
11-05 13:07 root         DEBUG    No ITS stop or start sites were identified for sequence SRR12683201.13.1, skipping.
11-05 13:07 root         DEBUG    No ITS stop or start sites were identified for sequence SRR12683201.8612.1, skipping.
11-05 13:07 root         DEBUG    No ITS stop or start sites were identified for sequence SRR12683201.13.1, skipping.
11-05 13:07 root         DEBUG    No ITS stop or start sites were identified for sequence SRR12683201.9887.1, skipping.
11-05 13:07 root         DEBUG    No ITS stop or start sites were identified for sequence SRR12683201.9888.1, skipping.
11-05 13:07 root         DEBUG    No ITS stop or start sites were identified for sequence SRR12683201.13.1, skipping.
11-05 13:07 root         DEBUG    No ITS stop or start sites were identified for sequence SRR12683201.9916.1, skipping.
11-05 13:07 root         DEBUG    No ITS stop or start sites were identified for sequence SRR12683201.13.1, skipping.
11-05 13:07 root         DEBUG    No ITS stop or start sites were identified for sequence SRR12683201.9937.1, skipping.
11-05 13:07 root         DEBUG    No ITS stop or start sites were identified for sequence SRR12683201.9958.1, skipping.
11-05 13:07 root         DEBUG    No ITS stop or start sites were identified for sequence SRR12683201.167.1, skipping.
11-05 13:07 root         DEBUG    No ITS stop or start sites were identified for sequence SRR12683201.13.1, skipping.
11-05 13:07 root         DEBUG    No ITS stop or start sites were identified for sequence SRR12683201.10078.1, skipping.
11-05 13:07 root         DEBUG    No ITS stop or start sites were identified for sequence SRR12683201.10078.1, skipping.
11-05 13:07 root         DEBUG    No ITS stop or start sites were identified for sequence SRR12683201.13.1, skipping.
11-05 13:07 root         DEBUG    No ITS stop or start sites were identified for sequence SRR12683201.13.1, skipping.
11-05 13:07 root         INFO     ITSxpress ran in 00:00:51
