11-05 13:07 root         INFO     Verifying the input sequences.
11-05 13:07 root         INFO     Sequences are assumed to be single-end.
11-05 13:07 root         INFO     Temporary directory is: /tmp/itsxpress_tfn5a505
11-05 13:07 root         INFO     Unique sequences are being written to a temporary FASTA file with Vsearch.
11-05 13:07 root         INFO     vsearch v2.7.1_linux_x86_64, 15.6GB RAM, 4 cores
https://github.com/torognes/vsearch

Reading file SRR12683209_pass_1.fastq.gz 100%
1730358 nt in 5752 seqs, min 35, max 301, avg 301
Dereplicating 100%
Sorting 100%
2043 unique sequences, avg cluster 2.8, median 1, max 2412
Writing output file 100%
Writing uc file, first part 100%
Writing uc file, second part 100%

11-05 13:07 root         INFO     Searching for ITS start and stop sites using HMMSearch. This step takes a while.
11-05 13:08 root         INFO     Parsing HMM results.
11-05 13:08 root         INFO     Writing out sequences
11-05 13:08 root         DEBUG    No ITS stop or start sites were identified for sequence SRR12683209.76.1, skipping.
11-05 13:08 root         DEBUG    No ITS stop or start sites were identified for sequence SRR12683209.683.1, skipping.
11-05 13:08 root         DEBUG    No ITS stop or start sites were identified for sequence SRR12683209.1605.1, skipping.
11-05 13:08 root         DEBUG    No ITS stop or start sites were identified for sequence SRR12683209.1606.1, skipping.
11-05 13:08 root         DEBUG    No ITS stop or start sites were identified for sequence SRR12683209.1607.1, skipping.
11-05 13:08 root         DEBUG    No ITS stop or start sites were identified for sequence SRR12683209.2525.1, skipping.
11-05 13:08 root         DEBUG    No ITS stop or start sites were identified for sequence SRR12683209.2526.1, skipping.
11-05 13:08 root         DEBUG    No ITS stop or start sites were identified for sequence SRR12683209.2663.1, skipping.
11-05 13:08 root         DEBUG    No ITS stop or start sites were identified for sequence SRR12683209.3869.1, skipping.
11-05 13:08 root         DEBUG    No ITS stop or start sites were identified for sequence SRR12683209.4745.1, skipping.
11-05 13:08 root         DEBUG    No ITS stop or start sites were identified for sequence SRR12683209.4746.1, skipping.
11-05 13:08 root         DEBUG    No ITS stop or start sites were identified for sequence SRR12683209.4852.1, skipping.
11-05 13:08 root         DEBUG    No ITS stop or start sites were identified for sequence SRR12683209.5312.1, skipping.
11-05 13:08 root         DEBUG    No ITS stop or start sites were identified for sequence SRR12683209.5554.1, skipping.
11-05 13:08 root         INFO     ITSxpress ran in 00:00:27
