11-05 13:07 root         INFO     Verifying the input sequences.
11-05 13:07 root         INFO     Sequences are assumed to be single-end.
11-05 13:07 root         INFO     Temporary directory is: /tmp/itsxpress__dghqe_s
11-05 13:07 root         INFO     Unique sequences are being written to a temporary FASTA file with Vsearch.
11-05 13:07 root         INFO     vsearch v2.7.1_linux_x86_64, 15.6GB RAM, 4 cores
https://github.com/torognes/vsearch

Reading file SRR12683205_pass_1.fastq.gz 100%
235801 nt in 787 seqs, min 36, max 301, avg 300
Dereplicating 100%
Sorting 100%
393 unique sequences, avg cluster 2.0, median 1, max 133
Writing output file 100%
Writing uc file, first part 100%
Writing uc file, second part 100%

11-05 13:07 root         INFO     Searching for ITS start and stop sites using HMMSearch. This step takes a while.
11-05 13:07 root         INFO     Parsing HMM results.
11-05 13:07 root         INFO     Writing out sequences
11-05 13:07 root         DEBUG    No ITS stop or start sites were identified for sequence SRR12683205.6.1, skipping.
11-05 13:07 root         DEBUG    No ITS stop or start sites were identified for sequence SRR12683205.7.1, skipping.
11-05 13:07 root         DEBUG    No ITS stop or start sites were identified for sequence SRR12683205.8.1, skipping.
11-05 13:07 root         DEBUG    No ITS stop or start sites were identified for sequence SRR12683205.9.1, skipping.
11-05 13:07 root         DEBUG    No ITS stop or start sites were identified for sequence SRR12683205.10.1, skipping.
11-05 13:07 root         DEBUG    No ITS stop or start sites were identified for sequence SRR12683205.9.1, skipping.
11-05 13:07 root         DEBUG    No ITS stop or start sites were identified for sequence SRR12683205.12.1, skipping.
11-05 13:07 root         DEBUG    No ITS stop or start sites were identified for sequence SRR12683205.12.1, skipping.
11-05 13:07 root         DEBUG    No ITS stop or start sites were identified for sequence SRR12683205.14.1, skipping.
11-05 13:07 root         DEBUG    No ITS stop or start sites were identified for sequence SRR12683205.9.1, skipping.
11-05 13:07 root         DEBUG    No ITS stop or start sites were identified for sequence SRR12683205.16.1, skipping.
11-05 13:07 root         DEBUG    No ITS stop or start sites were identified for sequence SRR12683205.16.1, skipping.
11-05 13:07 root         DEBUG    No ITS stop or start sites were identified for sequence SRR12683205.18.1, skipping.
11-05 13:07 root         DEBUG    No ITS stop or start sites were identified for sequence SRR12683205.12.1, skipping.
11-05 13:07 root         DEBUG    No ITS stop or start sites were identified for sequence SRR12683205.20.1, skipping.
11-05 13:07 root         DEBUG    No ITS stop or start sites were identified for sequence SRR12683205.12.1, skipping.
11-05 13:07 root         DEBUG    No ITS stop or start sites were identified for sequence SRR12683205.12.1, skipping.
11-05 13:07 root         DEBUG    No ITS stop or start sites were identified for sequence SRR12683205.9.1, skipping.
11-05 13:07 root         DEBUG    No ITS stop or start sites were identified for sequence SRR12683205.12.1, skipping.
11-05 13:07 root         DEBUG    No ITS stop or start sites were identified for sequence SRR12683205.12.1, skipping.
11-05 13:07 root         DEBUG    No ITS stop or start sites were identified for sequence SRR12683205.9.1, skipping.
11-05 13:07 root         DEBUG    No ITS stop or start sites were identified for sequence SRR12683205.9.1, skipping.
11-05 13:07 root         DEBUG    No ITS stop or start sites were identified for sequence SRR12683205.34.1, skipping.
11-05 13:07 root         DEBUG    No ITS stop or start sites were identified for sequence SRR12683205.38.1, skipping.
11-05 13:07 root         DEBUG    No ITS stop or start sites were identified for sequence SRR12683205.12.1, skipping.
11-05 13:07 root         DEBUG    No ITS stop or start sites were identified for sequence SRR12683205.40.1, skipping.
11-05 13:07 root         DEBUG    No ITS stop or start sites were identified for sequence SRR12683205.9.1, skipping.
11-05 13:07 root         DEBUG    No ITS stop or start sites were identified for sequence SRR12683205.9.1, skipping.
11-05 13:07 root         DEBUG    No ITS stop or start sites were identified for sequence SRR12683205.43.1, skipping.
11-05 13:07 root         DEBUG    No ITS stop or start sites were identified for sequence SRR12683205.44.1, skipping.
11-05 13:07 root         DEBUG    No ITS stop or start sites were identified for sequence SRR12683205.16.1, skipping.
11-05 13:07 root         DEBUG    No ITS stop or start sites were identified for sequence SRR12683205.16.1, skipping.
11-05 13:07 root         DEBUG    No ITS stop or start sites were identified for sequence SRR12683205.47.1, skipping.
11-05 13:07 root         DEBUG    No ITS stop or start sites were identified for sequence SRR12683205.16.1, skipping.
11-05 13:07 root         DEBUG    No ITS stop or start sites were identified for sequence SRR12683205.12.1, skipping.
11-05 13:07 root         DEBUG    No ITS stop or start sites were identified for sequence SRR12683205.12.1, skipping.
11-05 13:07 root         DEBUG    No ITS stop or start sites were identified for sequence SRR12683205.9.1, skipping.
11-05 13:07 root         DEBUG    No ITS stop or start sites were identified for sequence SRR12683205.9.1, skipping.
11-05 13:07 root         DEBUG    No ITS stop or start sites were identified for sequence SRR12683205.55.1, skipping.
11-05 13:07 root         DEBUG    No ITS stop or start sites were identified for sequence SRR12683205.56.1, skipping.
11-05 13:07 root         DEBUG    No ITS stop or start sites were identified for sequence SRR12683205.57.1, skipping.
11-05 13:07 root         DEBUG    No ITS stop or start sites were identified for sequence SRR12683205.58.1, skipping.
11-05 13:07 root         DEBUG    No ITS stop or start sites were identified for sequence SRR12683205.9.1, skipping.
11-05 13:07 root         DEBUG    No ITS stop or start sites were identified for sequence SRR12683205.9.1, skipping.
11-05 13:07 root         DEBUG    No ITS stop or start sites were identified for sequence SRR12683205.9.1, skipping.
11-05 13:07 root         DEBUG    No ITS stop or start sites were identified for sequence SRR12683205.9.1, skipping.
11-05 13:07 root         DEBUG    No ITS stop or start sites were identified for sequence SRR12683205.9.1, skipping.
11-05 13:07 root         DEBUG    No ITS stop or start sites were identified for sequence SRR12683205.6.1, skipping.
11-05 13:07 root         DEBUG    No ITS stop or start sites were identified for sequence SRR12683205.65.1, skipping.
11-05 13:07 root         DEBUG    No ITS stop or start sites were identified for sequence SRR12683205.66.1, skipping.
11-05 13:07 root         DEBUG    No ITS stop or start sites were identified for sequence SRR12683205.67.1, skipping.
11-05 13:07 root         DEBUG    No ITS stop or start sites were identified for sequence SRR12683205.67.1, skipping.
11-05 13:07 root         DEBUG    No ITS stop or start sites were identified for sequence SRR12683205.69.1, skipping.
11-05 13:07 root         DEBUG    No ITS stop or start sites were identified for sequence SRR12683205.9.1, skipping.
11-05 13:07 root         DEBUG    No ITS stop or start sites were identified for sequence SRR12683205.71.1, skipping.
11-05 13:07 root         DEBUG    No ITS stop or start sites were identified for sequence SRR12683205.72.1, skipping.
11-05 13:07 root         DEBUG    No ITS stop or start sites were identified for sequence SRR12683205.73.1, skipping.
11-05 13:07 root         DEBUG    No ITS stop or start sites were identified for sequence SRR12683205.16.1, skipping.
11-05 13:07 root         DEBUG    No ITS stop or start sites were identified for sequence SRR12683205.16.1, skipping.
11-05 13:07 root         DEBUG    No ITS stop or start sites were identified for sequence SRR12683205.78.1, skipping.
11-05 13:07 root         DEBUG    No ITS stop or start sites were identified for sequence SRR12683205.12.1, skipping.
11-05 13:07 root         DEBUG    No ITS stop or start sites were identified for sequence SRR12683205.12.1, skipping.
11-05 13:07 root         DEBUG    No ITS stop or start sites were identified for sequence SRR12683205.81.1, skipping.
11-05 13:07 root         DEBUG    No ITS stop or start sites were identified for sequence SRR12683205.82.1, skipping.
11-05 13:07 root         DEBUG    No ITS stop or start sites were identified for sequence SRR12683205.12.1, skipping.
11-05 13:07 root         DEBUG    No ITS stop or start sites were identified for sequence SRR12683205.87.1, skipping.
11-05 13:07 root         DEBUG    No ITS stop or start sites were identified for sequence SRR12683205.9.1, skipping.
11-05 13:07 root         DEBUG    No ITS stop or start sites were identified for sequence SRR12683205.89.1, skipping.
11-05 13:07 root         DEBUG    No ITS stop or start sites were identified for sequence SRR12683205.90.1, skipping.
11-05 13:07 root         DEBUG    No ITS stop or start sites were identified for sequence SRR12683205.12.1, skipping.
11-05 13:07 root         DEBUG    No ITS stop or start sites were identified for sequence SRR12683205.16.1, skipping.
11-05 13:07 root         DEBUG    No ITS stop or start sites were identified for sequence SRR12683205.16.1, skipping.
11-05 13:07 root         DEBUG    No ITS stop or start sites were identified for sequence SRR12683205.16.1, skipping.
11-05 13:07 root         DEBUG    No ITS stop or start sites were identified for sequence SRR12683205.9.1, skipping.
11-05 13:07 root         DEBUG    No ITS stop or start sites were identified for sequence SRR12683205.96.1, skipping.
11-05 13:07 root         DEBUG    No ITS stop or start sites were identified for sequence SRR12683205.16.1, skipping.
11-05 13:07 root         DEBUG    No ITS stop or start sites were identified for sequence SRR12683205.98.1, skipping.
11-05 13:07 root         DEBUG    No ITS stop or start sites were identified for sequence SRR12683205.16.1, skipping.
11-05 13:07 root         DEBUG    No ITS stop or start sites were identified for sequence SRR12683205.9.1, skipping.
11-05 13:07 root         DEBUG    No ITS stop or start sites were identified for sequence SRR12683205.9.1, skipping.
11-05 13:07 root         DEBUG    No ITS stop or start sites were identified for sequence SRR12683205.16.1, skipping.
11-05 13:07 root         DEBUG    No ITS stop or start sites were identified for sequence SRR12683205.107.1, skipping.
11-05 13:07 root         DEBUG    No ITS stop or start sites were identified for sequence SRR12683205.12.1, skipping.
11-05 13:07 root         DEBUG    No ITS stop or start sites were identified for sequence SRR12683205.9.1, skipping.
11-05 13:07 root         DEBUG    No ITS stop or start sites were identified for sequence SRR12683205.12.1, skipping.
11-05 13:07 root         DEBUG    No ITS stop or start sites were identified for sequence SRR12683205.111.1, skipping.
11-05 13:07 root         DEBUG    No ITS stop or start sites were identified for sequence SRR12683205.112.1, skipping.
11-05 13:07 root         DEBUG    No ITS stop or start sites were identified for sequence SRR12683205.113.1, skipping.
11-05 13:07 root         DEBUG    No ITS stop or start sites were identified for sequence SRR12683205.9.1, skipping.
11-05 13:07 root         DEBUG    No ITS stop or start sites were identified for sequence SRR12683205.115.1, skipping.
11-05 13:07 root         DEBUG    No ITS stop or start sites were identified for sequence SRR12683205.16.1, skipping.
11-05 13:07 root         DEBUG    No ITS stop or start sites were identified for sequence SRR12683205.12.1, skipping.
11-05 13:07 root         DEBUG    No ITS stop or start sites were identified for sequence SRR12683205.118.1, skipping.
11-05 13:07 root         DEBUG    No ITS stop or start sites were identified for sequence SRR12683205.107.1, skipping.
11-05 13:07 root         DEBUG    No ITS stop or start sites were identified for sequence SRR12683205.9.1, skipping.
11-05 13:07 root         DEBUG    No ITS stop or start sites were identified for sequence SRR12683205.121.1, skipping.
11-05 13:07 root         DEBUG    No ITS stop or start sites were identified for sequence SRR12683205.121.1, skipping.
11-05 13:07 root         DEBUG    No ITS stop or start sites were identified for sequence SRR12683205.123.1, skipping.
11-05 13:07 root         DEBUG    No ITS stop or start sites were identified for sequence SRR12683205.124.1, skipping.
11-05 13:07 root         DEBUG    No ITS stop or start sites were identified for sequence SRR12683205.125.1, skipping.
11-05 13:07 root         DEBUG    No ITS stop or start sites were identified for sequence SRR12683205.126.1, skipping.
11-05 13:07 root         DEBUG    No ITS stop or start sites were identified for sequence SRR12683205.127.1, skipping.
11-05 13:07 root         DEBUG    No ITS stop or start sites were identified for sequence SRR12683205.128.1, skipping.
11-05 13:07 root         DEBUG    No ITS stop or start sites were identified for sequence SRR12683205.129.1, skipping.
11-05 13:07 root         DEBUG    No ITS stop or start sites were identified for sequence SRR12683205.130.1, skipping.
11-05 13:07 root         DEBUG    No ITS stop or start sites were identified for sequence SRR12683205.131.1, skipping.
11-05 13:07 root         DEBUG    No ITS stop or start sites were identified for sequence SRR12683205.132.1, skipping.
11-05 13:07 root         DEBUG    No ITS stop or start sites were identified for sequence SRR12683205.133.1, skipping.
11-05 13:07 root         DEBUG    No ITS stop or start sites were identified for sequence SRR12683205.12.1, skipping.
11-05 13:07 root         DEBUG    No ITS stop or start sites were identified for sequence SRR12683205.12.1, skipping.
11-05 13:07 root         DEBUG    No ITS stop or start sites were identified for sequence SRR12683205.9.1, skipping.
11-05 13:07 root         DEBUG    No ITS stop or start sites were identified for sequence SRR12683205.9.1, skipping.
11-05 13:07 root         DEBUG    No ITS stop or start sites were identified for sequence SRR12683205.9.1, skipping.
11-05 13:07 root         DEBUG    No ITS stop or start sites were identified for sequence SRR12683205.139.1, skipping.
11-05 13:07 root         DEBUG    No ITS stop or start sites were identified for sequence SRR12683205.139.1, skipping.
11-05 13:07 root         DEBUG    No ITS stop or start sites were identified for sequence SRR12683205.12.1, skipping.
11-05 13:07 root         DEBUG    No ITS stop or start sites were identified for sequence SRR12683205.12.1, skipping.
11-05 13:07 root         DEBUG    No ITS stop or start sites were identified for sequence SRR12683205.12.1, skipping.
11-05 13:07 root         DEBUG    No ITS stop or start sites were identified for sequence SRR12683205.145.1, skipping.
11-05 13:07 root         DEBUG    No ITS stop or start sites were identified for sequence SRR12683205.146.1, skipping.
11-05 13:07 root         DEBUG    No ITS stop or start sites were identified for sequence SRR12683205.147.1, skipping.
11-05 13:07 root         DEBUG    No ITS stop or start sites were identified for sequence SRR12683205.148.1, skipping.
11-05 13:07 root         DEBUG    No ITS stop or start sites were identified for sequence SRR12683205.9.1, skipping.
11-05 13:07 root         DEBUG    No ITS stop or start sites were identified for sequence SRR12683205.150.1, skipping.
11-05 13:07 root         DEBUG    No ITS stop or start sites were identified for sequence SRR12683205.151.1, skipping.
11-05 13:07 root         DEBUG    No ITS stop or start sites were identified for sequence SRR12683205.152.1, skipping.
11-05 13:07 root         DEBUG    No ITS stop or start sites were identified for sequence SRR12683205.9.1, skipping.
11-05 13:07 root         DEBUG    No ITS stop or start sites were identified for sequence SRR12683205.9.1, skipping.
11-05 13:07 root         DEBUG    No ITS stop or start sites were identified for sequence SRR12683205.9.1, skipping.
11-05 13:07 root         DEBUG    No ITS stop or start sites were identified for sequence SRR12683205.158.1, skipping.
11-05 13:07 root         DEBUG    No ITS stop or start sites were identified for sequence SRR12683205.9.1, skipping.
11-05 13:07 root         DEBUG    No ITS stop or start sites were identified for sequence SRR12683205.9.1, skipping.
11-05 13:07 root         DEBUG    No ITS stop or start sites were identified for sequence SRR12683205.16.1, skipping.
11-05 13:07 root         DEBUG    No ITS stop or start sites were identified for sequence SRR12683205.16.1, skipping.
11-05 13:07 root         DEBUG    No ITS stop or start sites were identified for sequence SRR12683205.16.1, skipping.
11-05 13:07 root         DEBUG    No ITS stop or start sites were identified for sequence SRR12683205.9.1, skipping.
11-05 13:07 root         DEBUG    No ITS stop or start sites were identified for sequence SRR12683205.165.1, skipping.
11-05 13:07 root         DEBUG    No ITS stop or start sites were identified for sequence SRR12683205.167.1, skipping.
11-05 13:07 root         DEBUG    No ITS stop or start sites were identified for sequence SRR12683205.12.1, skipping.
11-05 13:07 root         DEBUG    No ITS stop or start sites were identified for sequence SRR12683205.169.1, skipping.
11-05 13:07 root         DEBUG    No ITS stop or start sites were identified for sequence SRR12683205.12.1, skipping.
11-05 13:07 root         DEBUG    No ITS stop or start sites were identified for sequence SRR12683205.172.1, skipping.
11-05 13:07 root         DEBUG    No ITS stop or start sites were identified for sequence SRR12683205.173.1, skipping.
11-05 13:07 root         DEBUG    No ITS stop or start sites were identified for sequence SRR12683205.174.1, skipping.
11-05 13:07 root         DEBUG    No ITS stop or start sites were identified for sequence SRR12683205.12.1, skipping.
11-05 13:07 root         DEBUG    No ITS stop or start sites were identified for sequence SRR12683205.12.1, skipping.
11-05 13:07 root         DEBUG    No ITS stop or start sites were identified for sequence SRR12683205.9.1, skipping.
11-05 13:07 root         DEBUG    No ITS stop or start sites were identified for sequence SRR12683205.9.1, skipping.
11-05 13:07 root         DEBUG    No ITS stop or start sites were identified for sequence SRR12683205.179.1, skipping.
11-05 13:07 root         DEBUG    No ITS stop or start sites were identified for sequence SRR12683205.9.1, skipping.
11-05 13:07 root         DEBUG    No ITS stop or start sites were identified for sequence SRR12683205.12.1, skipping.
11-05 13:07 root         DEBUG    No ITS stop or start sites were identified for sequence SRR12683205.182.1, skipping.
11-05 13:07 root         DEBUG    No ITS stop or start sites were identified for sequence SRR12683205.12.1, skipping.
11-05 13:07 root         DEBUG    No ITS stop or start sites were identified for sequence SRR12683205.184.1, skipping.
11-05 13:07 root         DEBUG    No ITS stop or start sites were identified for sequence SRR12683205.9.1, skipping.
11-05 13:07 root         DEBUG    No ITS stop or start sites were identified for sequence SRR12683205.9.1, skipping.
11-05 13:07 root         DEBUG    No ITS stop or start sites were identified for sequence SRR12683205.192.1, skipping.
11-05 13:07 root         DEBUG    No ITS stop or start sites were identified for sequence SRR12683205.193.1, skipping.
11-05 13:07 root         DEBUG    No ITS stop or start sites were identified for sequence SRR12683205.194.1, skipping.
11-05 13:07 root         DEBUG    No ITS stop or start sites were identified for sequence SRR12683205.195.1, skipping.
11-05 13:07 root         DEBUG    No ITS stop or start sites were identified for sequence SRR12683205.6.1, skipping.
11-05 13:07 root         DEBUG    No ITS stop or start sites were identified for sequence SRR12683205.197.1, skipping.
11-05 13:07 root         DEBUG    No ITS stop or start sites were identified for sequence SRR12683205.12.1, skipping.
11-05 13:07 root         DEBUG    No ITS stop or start sites were identified for sequence SRR12683205.199.1, skipping.
11-05 13:07 root         DEBUG    No ITS stop or start sites were identified for sequence SRR12683205.200.1, skipping.
11-05 13:07 root         DEBUG    No ITS stop or start sites were identified for sequence SRR12683205.12.1, skipping.
11-05 13:07 root         DEBUG    No ITS stop or start sites were identified for sequence SRR12683205.12.1, skipping.
11-05 13:07 root         DEBUG    No ITS stop or start sites were identified for sequence SRR12683205.12.1, skipping.
11-05 13:07 root         DEBUG    No ITS stop or start sites were identified for sequence SRR12683205.9.1, skipping.
11-05 13:07 root         DEBUG    No ITS stop or start sites were identified for sequence SRR12683205.9.1, skipping.
11-05 13:07 root         DEBUG    No ITS stop or start sites were identified for sequence SRR12683205.206.1, skipping.
11-05 13:07 root         DEBUG    No ITS stop or start sites were identified for sequence SRR12683205.12.1, skipping.
11-05 13:07 root         DEBUG    No ITS stop or start sites were identified for sequence SRR12683205.208.1, skipping.
11-05 13:07 root         DEBUG    No ITS stop or start sites were identified for sequence SRR12683205.209.1, skipping.
11-05 13:07 root         DEBUG    No ITS stop or start sites were identified for sequence SRR12683205.210.1, skipping.
11-05 13:07 root         DEBUG    No ITS stop or start sites were identified for sequence SRR12683205.12.1, skipping.
11-05 13:07 root         DEBUG    No ITS stop or start sites were identified for sequence SRR12683205.217.1, skipping.
11-05 13:07 root         DEBUG    No ITS stop or start sites were identified for sequence SRR12683205.218.1, skipping.
11-05 13:07 root         DEBUG    No ITS stop or start sites were identified for sequence SRR12683205.219.1, skipping.
11-05 13:07 root         DEBUG    No ITS stop or start sites were identified for sequence SRR12683205.220.1, skipping.
11-05 13:07 root         DEBUG    No ITS stop or start sites were identified for sequence SRR12683205.9.1, skipping.
11-05 13:07 root         DEBUG    No ITS stop or start sites were identified for sequence SRR12683205.222.1, skipping.
11-05 13:07 root         DEBUG    No ITS stop or start sites were identified for sequence SRR12683205.223.1, skipping.
11-05 13:07 root         DEBUG    No ITS stop or start sites were identified for sequence SRR12683205.224.1, skipping.
11-05 13:07 root         DEBUG    No ITS stop or start sites were identified for sequence SRR12683205.229.1, skipping.
11-05 13:07 root         DEBUG    No ITS stop or start sites were identified for sequence SRR12683205.12.1, skipping.
11-05 13:07 root         DEBUG    No ITS stop or start sites were identified for sequence SRR12683205.9.1, skipping.
11-05 13:07 root         DEBUG    No ITS stop or start sites were identified for sequence SRR12683205.234.1, skipping.
11-05 13:07 root         DEBUG    No ITS stop or start sites were identified for sequence SRR12683205.16.1, skipping.
11-05 13:07 root         DEBUG    No ITS stop or start sites were identified for sequence SRR12683205.9.1, skipping.
11-05 13:07 root         DEBUG    No ITS stop or start sites were identified for sequence SRR12683205.240.1, skipping.
11-05 13:07 root         DEBUG    No ITS stop or start sites were identified for sequence SRR12683205.12.1, skipping.
11-05 13:07 root         DEBUG    No ITS stop or start sites were identified for sequence SRR12683205.242.1, skipping.
11-05 13:07 root         DEBUG    No ITS stop or start sites were identified for sequence SRR12683205.9.1, skipping.
11-05 13:07 root         DEBUG    No ITS stop or start sites were identified for sequence SRR12683205.12.1, skipping.
11-05 13:07 root         DEBUG    No ITS stop or start sites were identified for sequence SRR12683205.246.1, skipping.
11-05 13:07 root         DEBUG    No ITS stop or start sites were identified for sequence SRR12683205.12.1, skipping.
11-05 13:07 root         DEBUG    No ITS stop or start sites were identified for sequence SRR12683205.12.1, skipping.
11-05 13:07 root         DEBUG    No ITS stop or start sites were identified for sequence SRR12683205.249.1, skipping.
11-05 13:07 root         DEBUG    No ITS stop or start sites were identified for sequence SRR12683205.250.1, skipping.
11-05 13:07 root         DEBUG    No ITS stop or start sites were identified for sequence SRR12683205.9.1, skipping.
11-05 13:07 root         DEBUG    No ITS stop or start sites were identified for sequence SRR12683205.12.1, skipping.
11-05 13:07 root         DEBUG    No ITS stop or start sites were identified for sequence SRR12683205.257.1, skipping.
11-05 13:07 root         DEBUG    No ITS stop or start sites were identified for sequence SRR12683205.12.1, skipping.
11-05 13:07 root         DEBUG    No ITS stop or start sites were identified for sequence SRR12683205.259.1, skipping.
11-05 13:07 root         DEBUG    No ITS stop or start sites were identified for sequence SRR12683205.10.1, skipping.
11-05 13:07 root         DEBUG    No ITS stop or start sites were identified for sequence SRR12683205.261.1, skipping.
11-05 13:07 root         DEBUG    No ITS stop or start sites were identified for sequence SRR12683205.9.1, skipping.
11-05 13:07 root         DEBUG    No ITS stop or start sites were identified for sequence SRR12683205.263.1, skipping.
11-05 13:07 root         DEBUG    No ITS stop or start sites were identified for sequence SRR12683205.57.1, skipping.
11-05 13:07 root         DEBUG    No ITS stop or start sites were identified for sequence SRR12683205.9.1, skipping.
11-05 13:07 root         DEBUG    No ITS stop or start sites were identified for sequence SRR12683205.16.1, skipping.
11-05 13:07 root         DEBUG    No ITS stop or start sites were identified for sequence SRR12683205.12.1, skipping.
11-05 13:07 root         DEBUG    No ITS stop or start sites were identified for sequence SRR12683205.268.1, skipping.
11-05 13:07 root         DEBUG    No ITS stop or start sites were identified for sequence SRR12683205.269.1, skipping.
11-05 13:07 root         DEBUG    No ITS stop or start sites were identified for sequence SRR12683205.270.1, skipping.
11-05 13:07 root         DEBUG    No ITS stop or start sites were identified for sequence SRR12683205.271.1, skipping.
11-05 13:07 root         DEBUG    No ITS stop or start sites were identified for sequence SRR12683205.6.1, skipping.
11-05 13:07 root         DEBUG    No ITS stop or start sites were identified for sequence SRR12683205.273.1, skipping.
11-05 13:07 root         DEBUG    No ITS stop or start sites were identified for sequence SRR12683205.274.1, skipping.
11-05 13:07 root         DEBUG    No ITS stop or start sites were identified for sequence SRR12683205.275.1, skipping.
11-05 13:07 root         DEBUG    No ITS stop or start sites were identified for sequence SRR12683205.12.1, skipping.
11-05 13:07 root         DEBUG    No ITS stop or start sites were identified for sequence SRR12683205.12.1, skipping.
11-05 13:07 root         DEBUG    No ITS stop or start sites were identified for sequence SRR12683205.12.1, skipping.
11-05 13:07 root         DEBUG    No ITS stop or start sites were identified for sequence SRR12683205.9.1, skipping.
11-05 13:07 root         DEBUG    No ITS stop or start sites were identified for sequence SRR12683205.282.1, skipping.
11-05 13:07 root         DEBUG    No ITS stop or start sites were identified for sequence SRR12683205.283.1, skipping.
11-05 13:07 root         DEBUG    No ITS stop or start sites were identified for sequence SRR12683205.284.1, skipping.
11-05 13:07 root         DEBUG    No ITS stop or start sites were identified for sequence SRR12683205.285.1, skipping.
11-05 13:07 root         DEBUG    No ITS stop or start sites were identified for sequence SRR12683205.286.1, skipping.
11-05 13:07 root         DEBUG    No ITS stop or start sites were identified for sequence SRR12683205.12.1, skipping.
11-05 13:07 root         DEBUG    No ITS stop or start sites were identified for sequence SRR12683205.16.1, skipping.
11-05 13:07 root         DEBUG    No ITS stop or start sites were identified for sequence SRR12683205.289.1, skipping.
11-05 13:07 root         DEBUG    No ITS stop or start sites were identified for sequence SRR12683205.290.1, skipping.
11-05 13:07 root         DEBUG    No ITS stop or start sites were identified for sequence SRR12683205.12.1, skipping.
11-05 13:07 root         DEBUG    No ITS stop or start sites were identified for sequence SRR12683205.9.1, skipping.
11-05 13:07 root         DEBUG    No ITS stop or start sites were identified for sequence SRR12683205.9.1, skipping.
11-05 13:07 root         DEBUG    No ITS stop or start sites were identified for sequence SRR12683205.295.1, skipping.
11-05 13:07 root         DEBUG    No ITS stop or start sites were identified for sequence SRR12683205.296.1, skipping.
11-05 13:07 root         DEBUG    No ITS stop or start sites were identified for sequence SRR12683205.300.1, skipping.
11-05 13:07 root         DEBUG    No ITS stop or start sites were identified for sequence SRR12683205.16.1, skipping.
11-05 13:07 root         DEBUG    No ITS stop or start sites were identified for sequence SRR12683205.302.1, skipping.
11-05 13:07 root         DEBUG    No ITS stop or start sites were identified for sequence SRR12683205.9.1, skipping.
11-05 13:07 root         DEBUG    No ITS stop or start sites were identified for sequence SRR12683205.304.1, skipping.
11-05 13:07 root         DEBUG    No ITS stop or start sites were identified for sequence SRR12683205.305.1, skipping.
11-05 13:07 root         DEBUG    No ITS stop or start sites were identified for sequence SRR12683205.9.1, skipping.
11-05 13:07 root         DEBUG    No ITS stop or start sites were identified for sequence SRR12683205.307.1, skipping.
11-05 13:07 root         DEBUG    No ITS stop or start sites were identified for sequence SRR12683205.9.1, skipping.
11-05 13:07 root         DEBUG    No ITS stop or start sites were identified for sequence SRR12683205.309.1, skipping.
11-05 13:07 root         DEBUG    No ITS stop or start sites were identified for sequence SRR12683205.310.1, skipping.
11-05 13:07 root         DEBUG    No ITS stop or start sites were identified for sequence SRR12683205.6.1, skipping.
11-05 13:07 root         DEBUG    No ITS stop or start sites were identified for sequence SRR12683205.312.1, skipping.
11-05 13:07 root         DEBUG    No ITS stop or start sites were identified for sequence SRR12683205.115.1, skipping.
11-05 13:07 root         DEBUG    No ITS stop or start sites were identified for sequence SRR12683205.314.1, skipping.
11-05 13:07 root         DEBUG    No ITS stop or start sites were identified for sequence SRR12683205.12.1, skipping.
11-05 13:07 root         DEBUG    No ITS stop or start sites were identified for sequence SRR12683205.12.1, skipping.
11-05 13:07 root         DEBUG    No ITS stop or start sites were identified for sequence SRR12683205.12.1, skipping.
11-05 13:07 root         DEBUG    No ITS stop or start sites were identified for sequence SRR12683205.318.1, skipping.
11-05 13:07 root         DEBUG    No ITS stop or start sites were identified for sequence SRR12683205.319.1, skipping.
11-05 13:07 root         DEBUG    No ITS stop or start sites were identified for sequence SRR12683205.320.1, skipping.
11-05 13:07 root         DEBUG    No ITS stop or start sites were identified for sequence SRR12683205.16.1, skipping.
11-05 13:07 root         DEBUG    No ITS stop or start sites were identified for sequence SRR12683205.322.1, skipping.
11-05 13:07 root         DEBUG    No ITS stop or start sites were identified for sequence SRR12683205.323.1, skipping.
11-05 13:07 root         DEBUG    No ITS stop or start sites were identified for sequence SRR12683205.6.1, skipping.
11-05 13:07 root         DEBUG    No ITS stop or start sites were identified for sequence SRR12683205.325.1, skipping.
11-05 13:07 root         DEBUG    No ITS stop or start sites were identified for sequence SRR12683205.12.1, skipping.
11-05 13:07 root         DEBUG    No ITS stop or start sites were identified for sequence SRR12683205.268.1, skipping.
11-05 13:07 root         DEBUG    No ITS stop or start sites were identified for sequence SRR12683205.268.1, skipping.
11-05 13:07 root         DEBUG    No ITS stop or start sites were identified for sequence SRR12683205.20.1, skipping.
11-05 13:07 root         DEBUG    No ITS stop or start sites were identified for sequence SRR12683205.330.1, skipping.
11-05 13:07 root         DEBUG    No ITS stop or start sites were identified for sequence SRR12683205.12.1, skipping.
11-05 13:07 root         DEBUG    No ITS stop or start sites were identified for sequence SRR12683205.9.1, skipping.
11-05 13:07 root         DEBUG    No ITS stop or start sites were identified for sequence SRR12683205.12.1, skipping.
11-05 13:07 root         DEBUG    No ITS stop or start sites were identified for sequence SRR12683205.12.1, skipping.
11-05 13:07 root         DEBUG    No ITS stop or start sites were identified for sequence SRR12683205.335.1, skipping.
11-05 13:07 root         DEBUG    No ITS stop or start sites were identified for sequence SRR12683205.336.1, skipping.
11-05 13:07 root         DEBUG    No ITS stop or start sites were identified for sequence SRR12683205.338.1, skipping.
11-05 13:07 root         DEBUG    No ITS stop or start sites were identified for sequence SRR12683205.339.1, skipping.
11-05 13:07 root         DEBUG    No ITS stop or start sites were identified for sequence SRR12683205.340.1, skipping.
11-05 13:07 root         DEBUG    No ITS stop or start sites were identified for sequence SRR12683205.341.1, skipping.
11-05 13:07 root         DEBUG    No ITS stop or start sites were identified for sequence SRR12683205.341.1, skipping.
11-05 13:07 root         DEBUG    No ITS stop or start sites were identified for sequence SRR12683205.268.1, skipping.
11-05 13:07 root         DEBUG    No ITS stop or start sites were identified for sequence SRR12683205.344.1, skipping.
11-05 13:07 root         DEBUG    No ITS stop or start sites were identified for sequence SRR12683205.12.1, skipping.
11-05 13:07 root         DEBUG    No ITS stop or start sites were identified for sequence SRR12683205.346.1, skipping.
11-05 13:07 root         DEBUG    No ITS stop or start sites were identified for sequence SRR12683205.12.1, skipping.
11-05 13:07 root         DEBUG    No ITS stop or start sites were identified for sequence SRR12683205.9.1, skipping.
11-05 13:07 root         DEBUG    No ITS stop or start sites were identified for sequence SRR12683205.12.1, skipping.
11-05 13:07 root         DEBUG    No ITS stop or start sites were identified for sequence SRR12683205.9.1, skipping.
11-05 13:07 root         DEBUG    No ITS stop or start sites were identified for sequence SRR12683205.357.1, skipping.
11-05 13:07 root         DEBUG    No ITS stop or start sites were identified for sequence SRR12683205.358.1, skipping.
11-05 13:07 root         DEBUG    No ITS stop or start sites were identified for sequence SRR12683205.359.1, skipping.
11-05 13:07 root         DEBUG    No ITS stop or start sites were identified for sequence SRR12683205.360.1, skipping.
11-05 13:07 root         DEBUG    No ITS stop or start sites were identified for sequence SRR12683205.16.1, skipping.
11-05 13:07 root         DEBUG    No ITS stop or start sites were identified for sequence SRR12683205.362.1, skipping.
11-05 13:07 root         DEBUG    No ITS stop or start sites were identified for sequence SRR12683205.363.1, skipping.
11-05 13:07 root         DEBUG    No ITS stop or start sites were identified for sequence SRR12683205.364.1, skipping.
11-05 13:07 root         DEBUG    No ITS stop or start sites were identified for sequence SRR12683205.365.1, skipping.
11-05 13:07 root         DEBUG    No ITS stop or start sites were identified for sequence SRR12683205.366.1, skipping.
11-05 13:07 root         DEBUG    No ITS stop or start sites were identified for sequence SRR12683205.366.1, skipping.
11-05 13:07 root         DEBUG    No ITS stop or start sites were identified for sequence SRR12683205.368.1, skipping.
11-05 13:07 root         DEBUG    No ITS stop or start sites were identified for sequence SRR12683205.9.1, skipping.
11-05 13:07 root         DEBUG    No ITS stop or start sites were identified for sequence SRR12683205.370.1, skipping.
11-05 13:07 root         DEBUG    No ITS stop or start sites were identified for sequence SRR12683205.371.1, skipping.
11-05 13:07 root         DEBUG    No ITS stop or start sites were identified for sequence SRR12683205.9.1, skipping.
11-05 13:07 root         DEBUG    No ITS stop or start sites were identified for sequence SRR12683205.374.1, skipping.
11-05 13:07 root         DEBUG    No ITS stop or start sites were identified for sequence SRR12683205.375.1, skipping.
11-05 13:07 root         DEBUG    No ITS stop or start sites were identified for sequence SRR12683205.376.1, skipping.
11-05 13:07 root         DEBUG    No ITS stop or start sites were identified for sequence SRR12683205.377.1, skipping.
11-05 13:07 root         DEBUG    No ITS stop or start sites were identified for sequence SRR12683205.378.1, skipping.
11-05 13:07 root         DEBUG    No ITS stop or start sites were identified for sequence SRR12683205.78.1, skipping.
11-05 13:07 root         DEBUG    No ITS stop or start sites were identified for sequence SRR12683205.380.1, skipping.
11-05 13:07 root         DEBUG    No ITS stop or start sites were identified for sequence SRR12683205.9.1, skipping.
11-05 13:07 root         DEBUG    No ITS stop or start sites were identified for sequence SRR12683205.382.1, skipping.
11-05 13:07 root         DEBUG    No ITS stop or start sites were identified for sequence SRR12683205.382.1, skipping.
11-05 13:07 root         DEBUG    No ITS stop or start sites were identified for sequence SRR12683205.384.1, skipping.
11-05 13:07 root         DEBUG    No ITS stop or start sites were identified for sequence SRR12683205.385.1, skipping.
11-05 13:07 root         DEBUG    No ITS stop or start sites were identified for sequence SRR12683205.386.1, skipping.
11-05 13:07 root         DEBUG    No ITS stop or start sites were identified for sequence SRR12683205.12.1, skipping.
11-05 13:07 root         DEBUG    No ITS stop or start sites were identified for sequence SRR12683205.388.1, skipping.
11-05 13:07 root         DEBUG    No ITS stop or start sites were identified for sequence SRR12683205.9.1, skipping.
11-05 13:07 root         DEBUG    No ITS stop or start sites were identified for sequence SRR12683205.391.1, skipping.
11-05 13:07 root         DEBUG    No ITS stop or start sites were identified for sequence SRR12683205.392.1, skipping.
11-05 13:07 root         DEBUG    No ITS stop or start sites were identified for sequence SRR12683205.393.1, skipping.
11-05 13:07 root         DEBUG    No ITS stop or start sites were identified for sequence SRR12683205.394.1, skipping.
11-05 13:07 root         DEBUG    No ITS stop or start sites were identified for sequence SRR12683205.395.1, skipping.
11-05 13:07 root         DEBUG    No ITS stop or start sites were identified for sequence SRR12683205.397.1, skipping.
11-05 13:07 root         DEBUG    No ITS stop or start sites were identified for sequence SRR12683205.9.1, skipping.
11-05 13:07 root         DEBUG    No ITS stop or start sites were identified for sequence SRR12683205.9.1, skipping.
11-05 13:07 root         DEBUG    No ITS stop or start sites were identified for sequence SRR12683205.400.1, skipping.
11-05 13:07 root         DEBUG    No ITS stop or start sites were identified for sequence SRR12683205.12.1, skipping.
11-05 13:07 root         DEBUG    No ITS stop or start sites were identified for sequence SRR12683205.12.1, skipping.
11-05 13:07 root         DEBUG    No ITS stop or start sites were identified for sequence SRR12683205.403.1, skipping.
11-05 13:07 root         DEBUG    No ITS stop or start sites were identified for sequence SRR12683205.9.1, skipping.
11-05 13:07 root         DEBUG    No ITS stop or start sites were identified for sequence SRR12683205.9.1, skipping.
11-05 13:07 root         DEBUG    No ITS stop or start sites were identified for sequence SRR12683205.408.1, skipping.
11-05 13:07 root         DEBUG    No ITS stop or start sites were identified for sequence SRR12683205.409.1, skipping.
11-05 13:07 root         DEBUG    No ITS stop or start sites were identified for sequence SRR12683205.410.1, skipping.
11-05 13:07 root         DEBUG    No ITS stop or start sites were identified for sequence SRR12683205.411.1, skipping.
11-05 13:07 root         DEBUG    No ITS stop or start sites were identified for sequence SRR12683205.9.1, skipping.
11-05 13:07 root         DEBUG    No ITS stop or start sites were identified for sequence SRR12683205.413.1, skipping.
11-05 13:07 root         DEBUG    No ITS stop or start sites were identified for sequence SRR12683205.414.1, skipping.
11-05 13:07 root         DEBUG    No ITS stop or start sites were identified for sequence SRR12683205.415.1, skipping.
11-05 13:07 root         DEBUG    No ITS stop or start sites were identified for sequence SRR12683205.9.1, skipping.
11-05 13:07 root         DEBUG    No ITS stop or start sites were identified for sequence SRR12683205.417.1, skipping.
11-05 13:07 root         DEBUG    No ITS stop or start sites were identified for sequence SRR12683205.418.1, skipping.
11-05 13:07 root         DEBUG    No ITS stop or start sites were identified for sequence SRR12683205.419.1, skipping.
11-05 13:07 root         DEBUG    No ITS stop or start sites were identified for sequence SRR12683205.420.1, skipping.
11-05 13:07 root         DEBUG    No ITS stop or start sites were identified for sequence SRR12683205.422.1, skipping.
11-05 13:07 root         DEBUG    No ITS stop or start sites were identified for sequence SRR12683205.423.1, skipping.
11-05 13:07 root         DEBUG    No ITS stop or start sites were identified for sequence SRR12683205.16.1, skipping.
11-05 13:07 root         DEBUG    No ITS stop or start sites were identified for sequence SRR12683205.425.1, skipping.
11-05 13:07 root         DEBUG    No ITS stop or start sites were identified for sequence SRR12683205.9.1, skipping.
11-05 13:07 root         DEBUG    No ITS stop or start sites were identified for sequence SRR12683205.12.1, skipping.
11-05 13:07 root         DEBUG    No ITS stop or start sites were identified for sequence SRR12683205.431.1, skipping.
11-05 13:07 root         DEBUG    No ITS stop or start sites were identified for sequence SRR12683205.9.1, skipping.
11-05 13:07 root         DEBUG    No ITS stop or start sites were identified for sequence SRR12683205.179.1, skipping.
11-05 13:07 root         DEBUG    No ITS stop or start sites were identified for sequence SRR12683205.9.1, skipping.
11-05 13:07 root         DEBUG    No ITS stop or start sites were identified for sequence SRR12683205.9.1, skipping.
11-05 13:07 root         DEBUG    No ITS stop or start sites were identified for sequence SRR12683205.6.1, skipping.
11-05 13:07 root         DEBUG    No ITS stop or start sites were identified for sequence SRR12683205.9.1, skipping.
11-05 13:07 root         DEBUG    No ITS stop or start sites were identified for sequence SRR12683205.438.1, skipping.
11-05 13:07 root         DEBUG    No ITS stop or start sites were identified for sequence SRR12683205.439.1, skipping.
11-05 13:07 root         DEBUG    No ITS stop or start sites were identified for sequence SRR12683205.12.1, skipping.
11-05 13:07 root         DEBUG    No ITS stop or start sites were identified for sequence SRR12683205.441.1, skipping.
11-05 13:07 root         DEBUG    No ITS stop or start sites were identified for sequence SRR12683205.9.1, skipping.
11-05 13:07 root         DEBUG    No ITS stop or start sites were identified for sequence SRR12683205.445.1, skipping.
11-05 13:07 root         DEBUG    No ITS stop or start sites were identified for sequence SRR12683205.12.1, skipping.
11-05 13:07 root         DEBUG    No ITS stop or start sites were identified for sequence SRR12683205.12.1, skipping.
11-05 13:07 root         DEBUG    No ITS stop or start sites were identified for sequence SRR12683205.12.1, skipping.
11-05 13:07 root         DEBUG    No ITS stop or start sites were identified for sequence SRR12683205.246.1, skipping.
11-05 13:07 root         DEBUG    No ITS stop or start sites were identified for sequence SRR12683205.12.1, skipping.
11-05 13:07 root         DEBUG    No ITS stop or start sites were identified for sequence SRR12683205.12.1, skipping.
11-05 13:07 root         DEBUG    No ITS stop or start sites were identified for sequence SRR12683205.452.1, skipping.
11-05 13:07 root         DEBUG    No ITS stop or start sites were identified for sequence SRR12683205.9.1, skipping.
11-05 13:07 root         DEBUG    No ITS stop or start sites were identified for sequence SRR12683205.12.1, skipping.
11-05 13:07 root         DEBUG    No ITS stop or start sites were identified for sequence SRR12683205.12.1, skipping.
11-05 13:07 root         DEBUG    No ITS stop or start sites were identified for sequence SRR12683205.12.1, skipping.
11-05 13:07 root         DEBUG    No ITS stop or start sites were identified for sequence SRR12683205.12.1, skipping.
11-05 13:07 root         DEBUG    No ITS stop or start sites were identified for sequence SRR12683205.165.1, skipping.
11-05 13:07 root         DEBUG    No ITS stop or start sites were identified for sequence SRR12683205.9.1, skipping.
11-05 13:07 root         DEBUG    No ITS stop or start sites were identified for sequence SRR12683205.9.1, skipping.
11-05 13:07 root         DEBUG    No ITS stop or start sites were identified for sequence SRR12683205.9.1, skipping.
11-05 13:07 root         DEBUG    No ITS stop or start sites were identified for sequence SRR12683205.9.1, skipping.
11-05 13:07 root         DEBUG    No ITS stop or start sites were identified for sequence SRR12683205.9.1, skipping.
11-05 13:07 root         DEBUG    No ITS stop or start sites were identified for sequence SRR12683205.9.1, skipping.
11-05 13:07 root         DEBUG    No ITS stop or start sites were identified for sequence SRR12683205.466.1, skipping.
11-05 13:07 root         DEBUG    No ITS stop or start sites were identified for sequence SRR12683205.6.1, skipping.
11-05 13:07 root         DEBUG    No ITS stop or start sites were identified for sequence SRR12683205.9.1, skipping.
11-05 13:07 root         DEBUG    No ITS stop or start sites were identified for sequence SRR12683205.12.1, skipping.
11-05 13:07 root         DEBUG    No ITS stop or start sites were identified for sequence SRR12683205.472.1, skipping.
11-05 13:07 root         DEBUG    No ITS stop or start sites were identified for sequence SRR12683205.89.1, skipping.
11-05 13:07 root         DEBUG    No ITS stop or start sites were identified for sequence SRR12683205.474.1, skipping.
11-05 13:07 root         DEBUG    No ITS stop or start sites were identified for sequence SRR12683205.12.1, skipping.
11-05 13:07 root         DEBUG    No ITS stop or start sites were identified for sequence SRR12683205.12.1, skipping.
11-05 13:07 root         DEBUG    No ITS stop or start sites were identified for sequence SRR12683205.478.1, skipping.
11-05 13:07 root         DEBUG    No ITS stop or start sites were identified for sequence SRR12683205.9.1, skipping.
11-05 13:07 root         DEBUG    No ITS stop or start sites were identified for sequence SRR12683205.312.1, skipping.
11-05 13:07 root         DEBUG    No ITS stop or start sites were identified for sequence SRR12683205.481.1, skipping.
11-05 13:07 root         DEBUG    No ITS stop or start sites were identified for sequence SRR12683205.57.1, skipping.
11-05 13:07 root         DEBUG    No ITS stop or start sites were identified for sequence SRR12683205.483.1, skipping.
11-05 13:07 root         DEBUG    No ITS stop or start sites were identified for sequence SRR12683205.57.1, skipping.
11-05 13:07 root         DEBUG    No ITS stop or start sites were identified for sequence SRR12683205.9.1, skipping.
11-05 13:07 root         DEBUG    No ITS stop or start sites were identified for sequence SRR12683205.486.1, skipping.
11-05 13:07 root         DEBUG    No ITS stop or start sites were identified for sequence SRR12683205.489.1, skipping.
11-05 13:07 root         DEBUG    No ITS stop or start sites were identified for sequence SRR12683205.490.1, skipping.
11-05 13:07 root         DEBUG    No ITS stop or start sites were identified for sequence SRR12683205.491.1, skipping.
11-05 13:07 root         DEBUG    No ITS stop or start sites were identified for sequence SRR12683205.12.1, skipping.
11-05 13:07 root         DEBUG    No ITS stop or start sites were identified for sequence SRR12683205.493.1, skipping.
11-05 13:07 root         DEBUG    No ITS stop or start sites were identified for sequence SRR12683205.494.1, skipping.
11-05 13:07 root         DEBUG    No ITS stop or start sites were identified for sequence SRR12683205.495.1, skipping.
11-05 13:07 root         DEBUG    No ITS stop or start sites were identified for sequence SRR12683205.496.1, skipping.
11-05 13:07 root         DEBUG    No ITS stop or start sites were identified for sequence SRR12683205.498.1, skipping.
11-05 13:07 root         DEBUG    No ITS stop or start sites were identified for sequence SRR12683205.9.1, skipping.
11-05 13:07 root         DEBUG    No ITS stop or start sites were identified for sequence SRR12683205.9.1, skipping.
11-05 13:07 root         DEBUG    No ITS stop or start sites were identified for sequence SRR12683205.12.1, skipping.
11-05 13:07 root         DEBUG    No ITS stop or start sites were identified for sequence SRR12683205.502.1, skipping.
11-05 13:07 root         DEBUG    No ITS stop or start sites were identified for sequence SRR12683205.12.1, skipping.
11-05 13:07 root         DEBUG    No ITS stop or start sites were identified for sequence SRR12683205.12.1, skipping.
11-05 13:07 root         DEBUG    No ITS stop or start sites were identified for sequence SRR12683205.9.1, skipping.
11-05 13:07 root         DEBUG    No ITS stop or start sites were identified for sequence SRR12683205.506.1, skipping.
11-05 13:07 root         DEBUG    No ITS stop or start sites were identified for sequence SRR12683205.507.1, skipping.
11-05 13:07 root         DEBUG    No ITS stop or start sites were identified for sequence SRR12683205.12.1, skipping.
11-05 13:07 root         DEBUG    No ITS stop or start sites were identified for sequence SRR12683205.509.1, skipping.
11-05 13:07 root         DEBUG    No ITS stop or start sites were identified for sequence SRR12683205.510.1, skipping.
11-05 13:07 root         DEBUG    No ITS stop or start sites were identified for sequence SRR12683205.312.1, skipping.
11-05 13:07 root         DEBUG    No ITS stop or start sites were identified for sequence SRR12683205.9.1, skipping.
11-05 13:07 root         DEBUG    No ITS stop or start sites were identified for sequence SRR12683205.9.1, skipping.
11-05 13:07 root         DEBUG    No ITS stop or start sites were identified for sequence SRR12683205.515.1, skipping.
11-05 13:07 root         DEBUG    No ITS stop or start sites were identified for sequence SRR12683205.516.1, skipping.
11-05 13:07 root         DEBUG    No ITS stop or start sites were identified for sequence SRR12683205.517.1, skipping.
11-05 13:07 root         DEBUG    No ITS stop or start sites were identified for sequence SRR12683205.520.1, skipping.
11-05 13:07 root         DEBUG    No ITS stop or start sites were identified for sequence SRR12683205.9.1, skipping.
11-05 13:07 root         DEBUG    No ITS stop or start sites were identified for sequence SRR12683205.523.1, skipping.
11-05 13:07 root         DEBUG    No ITS stop or start sites were identified for sequence SRR12683205.526.1, skipping.
11-05 13:07 root         DEBUG    No ITS stop or start sites were identified for sequence SRR12683205.16.1, skipping.
11-05 13:07 root         DEBUG    No ITS stop or start sites were identified for sequence SRR12683205.528.1, skipping.
11-05 13:07 root         DEBUG    No ITS stop or start sites were identified for sequence SRR12683205.529.1, skipping.
11-05 13:07 root         DEBUG    No ITS stop or start sites were identified for sequence SRR12683205.530.1, skipping.
11-05 13:07 root         DEBUG    No ITS stop or start sites were identified for sequence SRR12683205.12.1, skipping.
11-05 13:07 root         DEBUG    No ITS stop or start sites were identified for sequence SRR12683205.9.1, skipping.
11-05 13:07 root         DEBUG    No ITS stop or start sites were identified for sequence SRR12683205.533.1, skipping.
11-05 13:07 root         DEBUG    No ITS stop or start sites were identified for sequence SRR12683205.534.1, skipping.
11-05 13:07 root         DEBUG    No ITS stop or start sites were identified for sequence SRR12683205.9.1, skipping.
11-05 13:07 root         DEBUG    No ITS stop or start sites were identified for sequence SRR12683205.539.1, skipping.
11-05 13:07 root         DEBUG    No ITS stop or start sites were identified for sequence SRR12683205.9.1, skipping.
11-05 13:07 root         DEBUG    No ITS stop or start sites were identified for sequence SRR12683205.16.1, skipping.
11-05 13:07 root         DEBUG    No ITS stop or start sites were identified for sequence SRR12683205.9.1, skipping.
11-05 13:07 root         DEBUG    No ITS stop or start sites were identified for sequence SRR12683205.12.1, skipping.
11-05 13:07 root         DEBUG    No ITS stop or start sites were identified for sequence SRR12683205.12.1, skipping.
11-05 13:07 root         DEBUG    No ITS stop or start sites were identified for sequence SRR12683205.549.1, skipping.
11-05 13:07 root         DEBUG    No ITS stop or start sites were identified for sequence SRR12683205.553.1, skipping.
11-05 13:07 root         DEBUG    No ITS stop or start sites were identified for sequence SRR12683205.81.1, skipping.
11-05 13:07 root         DEBUG    No ITS stop or start sites were identified for sequence SRR12683205.12.1, skipping.
11-05 13:07 root         DEBUG    No ITS stop or start sites were identified for sequence SRR12683205.12.1, skipping.
11-05 13:07 root         DEBUG    No ITS stop or start sites were identified for sequence SRR12683205.12.1, skipping.
11-05 13:07 root         DEBUG    No ITS stop or start sites were identified for sequence SRR12683205.9.1, skipping.
11-05 13:07 root         DEBUG    No ITS stop or start sites were identified for sequence SRR12683205.560.1, skipping.
11-05 13:07 root         DEBUG    No ITS stop or start sites were identified for sequence SRR12683205.9.1, skipping.
11-05 13:07 root         DEBUG    No ITS stop or start sites were identified for sequence SRR12683205.562.1, skipping.
11-05 13:07 root         DEBUG    No ITS stop or start sites were identified for sequence SRR12683205.563.1, skipping.
11-05 13:07 root         DEBUG    No ITS stop or start sites were identified for sequence SRR12683205.9.1, skipping.
11-05 13:07 root         DEBUG    No ITS stop or start sites were identified for sequence SRR12683205.565.1, skipping.
11-05 13:07 root         DEBUG    No ITS stop or start sites were identified for sequence SRR12683205.9.1, skipping.
11-05 13:07 root         DEBUG    No ITS stop or start sites were identified for sequence SRR12683205.567.1, skipping.
11-05 13:07 root         DEBUG    No ITS stop or start sites were identified for sequence SRR12683205.12.1, skipping.
11-05 13:07 root         DEBUG    No ITS stop or start sites were identified for sequence SRR12683205.9.1, skipping.
11-05 13:07 root         DEBUG    No ITS stop or start sites were identified for sequence SRR12683205.57.1, skipping.
11-05 13:07 root         DEBUG    No ITS stop or start sites were identified for sequence SRR12683205.572.1, skipping.
11-05 13:07 root         DEBUG    No ITS stop or start sites were identified for sequence SRR12683205.16.1, skipping.
11-05 13:07 root         DEBUG    No ITS stop or start sites were identified for sequence SRR12683205.574.1, skipping.
11-05 13:07 root         DEBUG    No ITS stop or start sites were identified for sequence SRR12683205.576.1, skipping.
11-05 13:07 root         DEBUG    No ITS stop or start sites were identified for sequence SRR12683205.9.1, skipping.
11-05 13:07 root         DEBUG    No ITS stop or start sites were identified for sequence SRR12683205.578.1, skipping.
11-05 13:07 root         DEBUG    No ITS stop or start sites were identified for sequence SRR12683205.12.1, skipping.
11-05 13:07 root         DEBUG    No ITS stop or start sites were identified for sequence SRR12683205.346.1, skipping.
11-05 13:07 root         DEBUG    No ITS stop or start sites were identified for sequence SRR12683205.581.1, skipping.
11-05 13:07 root         DEBUG    No ITS stop or start sites were identified for sequence SRR12683205.584.1, skipping.
11-05 13:07 root         DEBUG    No ITS stop or start sites were identified for sequence SRR12683205.585.1, skipping.
11-05 13:07 root         DEBUG    No ITS stop or start sites were identified for sequence SRR12683205.585.1, skipping.
11-05 13:07 root         DEBUG    No ITS stop or start sites were identified for sequence SRR12683205.587.1, skipping.
11-05 13:07 root         DEBUG    No ITS stop or start sites were identified for sequence SRR12683205.588.1, skipping.
11-05 13:07 root         DEBUG    No ITS stop or start sites were identified for sequence SRR12683205.589.1, skipping.
11-05 13:07 root         DEBUG    No ITS stop or start sites were identified for sequence SRR12683205.591.1, skipping.
11-05 13:07 root         DEBUG    No ITS stop or start sites were identified for sequence SRR12683205.592.1, skipping.
11-05 13:07 root         DEBUG    No ITS stop or start sites were identified for sequence SRR12683205.12.1, skipping.
11-05 13:07 root         DEBUG    No ITS stop or start sites were identified for sequence SRR12683205.594.1, skipping.
11-05 13:07 root         DEBUG    No ITS stop or start sites were identified for sequence SRR12683205.595.1, skipping.
11-05 13:07 root         DEBUG    No ITS stop or start sites were identified for sequence SRR12683205.596.1, skipping.
11-05 13:07 root         DEBUG    No ITS stop or start sites were identified for sequence SRR12683205.597.1, skipping.
11-05 13:07 root         DEBUG    No ITS stop or start sites were identified for sequence SRR12683205.9.1, skipping.
11-05 13:07 root         DEBUG    No ITS stop or start sites were identified for sequence SRR12683205.312.1, skipping.
11-05 13:07 root         DEBUG    No ITS stop or start sites were identified for sequence SRR12683205.600.1, skipping.
11-05 13:07 root         DEBUG    No ITS stop or start sites were identified for sequence SRR12683205.601.1, skipping.
11-05 13:07 root         DEBUG    No ITS stop or start sites were identified for sequence SRR12683205.602.1, skipping.
11-05 13:07 root         DEBUG    No ITS stop or start sites were identified for sequence SRR12683205.603.1, skipping.
11-05 13:07 root         DEBUG    No ITS stop or start sites were identified for sequence SRR12683205.602.1, skipping.
11-05 13:07 root         DEBUG    No ITS stop or start sites were identified for sequence SRR12683205.9.1, skipping.
11-05 13:07 root         DEBUG    No ITS stop or start sites were identified for sequence SRR12683205.34.1, skipping.
11-05 13:07 root         DEBUG    No ITS stop or start sites were identified for sequence SRR12683205.607.1, skipping.
11-05 13:07 root         DEBUG    No ITS stop or start sites were identified for sequence SRR12683205.9.1, skipping.
11-05 13:07 root         DEBUG    No ITS stop or start sites were identified for sequence SRR12683205.9.1, skipping.
11-05 13:07 root         DEBUG    No ITS stop or start sites were identified for sequence SRR12683205.12.1, skipping.
11-05 13:07 root         DEBUG    No ITS stop or start sites were identified for sequence SRR12683205.12.1, skipping.
11-05 13:07 root         DEBUG    No ITS stop or start sites were identified for sequence SRR12683205.12.1, skipping.
11-05 13:07 root         DEBUG    No ITS stop or start sites were identified for sequence SRR12683205.12.1, skipping.
11-05 13:07 root         DEBUG    No ITS stop or start sites were identified for sequence SRR12683205.614.1, skipping.
11-05 13:07 root         DEBUG    No ITS stop or start sites were identified for sequence SRR12683205.9.1, skipping.
11-05 13:07 root         DEBUG    No ITS stop or start sites were identified for sequence SRR12683205.9.1, skipping.
11-05 13:07 root         DEBUG    No ITS stop or start sites were identified for sequence SRR12683205.617.1, skipping.
11-05 13:07 root         DEBUG    No ITS stop or start sites were identified for sequence SRR12683205.9.1, skipping.
11-05 13:07 root         DEBUG    No ITS stop or start sites were identified for sequence SRR12683205.619.1, skipping.
11-05 13:07 root         DEBUG    No ITS stop or start sites were identified for sequence SRR12683205.620.1, skipping.
11-05 13:07 root         DEBUG    No ITS stop or start sites were identified for sequence SRR12683205.621.1, skipping.
11-05 13:07 root         DEBUG    No ITS stop or start sites were identified for sequence SRR12683205.12.1, skipping.
11-05 13:07 root         DEBUG    No ITS stop or start sites were identified for sequence SRR12683205.12.1, skipping.
11-05 13:07 root         DEBUG    No ITS stop or start sites were identified for sequence SRR12683205.624.1, skipping.
11-05 13:07 root         DEBUG    No ITS stop or start sites were identified for sequence SRR12683205.9.1, skipping.
11-05 13:07 root         DEBUG    No ITS stop or start sites were identified for sequence SRR12683205.9.1, skipping.
11-05 13:07 root         DEBUG    No ITS stop or start sites were identified for sequence SRR12683205.9.1, skipping.
11-05 13:07 root         DEBUG    No ITS stop or start sites were identified for sequence SRR12683205.629.1, skipping.
11-05 13:07 root         DEBUG    No ITS stop or start sites were identified for sequence SRR12683205.630.1, skipping.
11-05 13:07 root         DEBUG    No ITS stop or start sites were identified for sequence SRR12683205.630.1, skipping.
11-05 13:07 root         DEBUG    No ITS stop or start sites were identified for sequence SRR12683205.9.1, skipping.
11-05 13:07 root         DEBUG    No ITS stop or start sites were identified for sequence SRR12683205.634.1, skipping.
11-05 13:07 root         DEBUG    No ITS stop or start sites were identified for sequence SRR12683205.9.1, skipping.
11-05 13:07 root         DEBUG    No ITS stop or start sites were identified for sequence SRR12683205.9.1, skipping.
11-05 13:07 root         DEBUG    No ITS stop or start sites were identified for sequence SRR12683205.637.1, skipping.
11-05 13:07 root         DEBUG    No ITS stop or start sites were identified for sequence SRR12683205.638.1, skipping.
11-05 13:07 root         DEBUG    No ITS stop or start sites were identified for sequence SRR12683205.639.1, skipping.
11-05 13:07 root         DEBUG    No ITS stop or start sites were identified for sequence SRR12683205.9.1, skipping.
11-05 13:07 root         DEBUG    No ITS stop or start sites were identified for sequence SRR12683205.641.1, skipping.
11-05 13:07 root         DEBUG    No ITS stop or start sites were identified for sequence SRR12683205.9.1, skipping.
11-05 13:07 root         DEBUG    No ITS stop or start sites were identified for sequence SRR12683205.9.1, skipping.
11-05 13:07 root         DEBUG    No ITS stop or start sites were identified for sequence SRR12683205.9.1, skipping.
11-05 13:07 root         DEBUG    No ITS stop or start sites were identified for sequence SRR12683205.9.1, skipping.
11-05 13:07 root         DEBUG    No ITS stop or start sites were identified for sequence SRR12683205.9.1, skipping.
11-05 13:07 root         DEBUG    No ITS stop or start sites were identified for sequence SRR12683205.9.1, skipping.
11-05 13:07 root         DEBUG    No ITS stop or start sites were identified for sequence SRR12683205.651.1, skipping.
11-05 13:07 root         DEBUG    No ITS stop or start sites were identified for sequence SRR12683205.652.1, skipping.
11-05 13:07 root         DEBUG    No ITS stop or start sites were identified for sequence SRR12683205.9.1, skipping.
11-05 13:07 root         DEBUG    No ITS stop or start sites were identified for sequence SRR12683205.12.1, skipping.
11-05 13:07 root         DEBUG    No ITS stop or start sites were identified for sequence SRR12683205.657.1, skipping.
11-05 13:07 root         DEBUG    No ITS stop or start sites were identified for sequence SRR12683205.658.1, skipping.
11-05 13:07 root         DEBUG    No ITS stop or start sites were identified for sequence SRR12683205.659.1, skipping.
11-05 13:07 root         DEBUG    No ITS stop or start sites were identified for sequence SRR12683205.9.1, skipping.
11-05 13:07 root         DEBUG    No ITS stop or start sites were identified for sequence SRR12683205.661.1, skipping.
11-05 13:07 root         DEBUG    No ITS stop or start sites were identified for sequence SRR12683205.662.1, skipping.
11-05 13:07 root         DEBUG    No ITS stop or start sites were identified for sequence SRR12683205.12.1, skipping.
11-05 13:07 root         DEBUG    No ITS stop or start sites were identified for sequence SRR12683205.667.1, skipping.
11-05 13:07 root         DEBUG    No ITS stop or start sites were identified for sequence SRR12683205.16.1, skipping.
11-05 13:07 root         DEBUG    No ITS stop or start sites were identified for sequence SRR12683205.16.1, skipping.
11-05 13:07 root         DEBUG    No ITS stop or start sites were identified for sequence SRR12683205.670.1, skipping.
11-05 13:07 root         DEBUG    No ITS stop or start sites were identified for sequence SRR12683205.671.1, skipping.
11-05 13:07 root         DEBUG    No ITS stop or start sites were identified for sequence SRR12683205.12.1, skipping.
11-05 13:07 root         DEBUG    No ITS stop or start sites were identified for sequence SRR12683205.9.1, skipping.
11-05 13:07 root         DEBUG    No ITS stop or start sites were identified for sequence SRR12683205.9.1, skipping.
11-05 13:07 root         DEBUG    No ITS stop or start sites were identified for sequence SRR12683205.12.1, skipping.
11-05 13:07 root         DEBUG    No ITS stop or start sites were identified for sequence SRR12683205.678.1, skipping.
11-05 13:07 root         DEBUG    No ITS stop or start sites were identified for sequence SRR12683205.679.1, skipping.
11-05 13:07 root         DEBUG    No ITS stop or start sites were identified for sequence SRR12683205.680.1, skipping.
11-05 13:07 root         DEBUG    No ITS stop or start sites were identified for sequence SRR12683205.681.1, skipping.
11-05 13:07 root         DEBUG    No ITS stop or start sites were identified for sequence SRR12683205.682.1, skipping.
11-05 13:07 root         DEBUG    No ITS stop or start sites were identified for sequence SRR12683205.682.1, skipping.
11-05 13:07 root         DEBUG    No ITS stop or start sites were identified for sequence SRR12683205.684.1, skipping.
11-05 13:07 root         DEBUG    No ITS stop or start sites were identified for sequence SRR12683205.684.1, skipping.
11-05 13:07 root         DEBUG    No ITS stop or start sites were identified for sequence SRR12683205.686.1, skipping.
11-05 13:07 root         DEBUG    No ITS stop or start sites were identified for sequence SRR12683205.690.1, skipping.
11-05 13:07 root         DEBUG    No ITS stop or start sites were identified for sequence SRR12683205.6.1, skipping.
11-05 13:07 root         DEBUG    No ITS stop or start sites were identified for sequence SRR12683205.57.1, skipping.
11-05 13:07 root         DEBUG    No ITS stop or start sites were identified for sequence SRR12683205.693.1, skipping.
11-05 13:07 root         DEBUG    No ITS stop or start sites were identified for sequence SRR12683205.12.1, skipping.
11-05 13:07 root         DEBUG    No ITS stop or start sites were identified for sequence SRR12683205.670.1, skipping.
11-05 13:07 root         DEBUG    No ITS stop or start sites were identified for sequence SRR12683205.696.1, skipping.
11-05 13:07 root         DEBUG    No ITS stop or start sites were identified for sequence SRR12683205.9.1, skipping.
11-05 13:07 root         DEBUG    No ITS stop or start sites were identified for sequence SRR12683205.698.1, skipping.
11-05 13:07 root         DEBUG    No ITS stop or start sites were identified for sequence SRR12683205.700.1, skipping.
11-05 13:07 root         DEBUG    No ITS stop or start sites were identified for sequence SRR12683205.9.1, skipping.
11-05 13:07 root         DEBUG    No ITS stop or start sites were identified for sequence SRR12683205.9.1, skipping.
11-05 13:07 root         DEBUG    No ITS stop or start sites were identified for sequence SRR12683205.703.1, skipping.
11-05 13:07 root         DEBUG    No ITS stop or start sites were identified for sequence SRR12683205.9.1, skipping.
11-05 13:07 root         DEBUG    No ITS stop or start sites were identified for sequence SRR12683205.706.1, skipping.
11-05 13:07 root         DEBUG    No ITS stop or start sites were identified for sequence SRR12683205.707.1, skipping.
11-05 13:07 root         DEBUG    No ITS stop or start sites were identified for sequence SRR12683205.9.1, skipping.
11-05 13:07 root         DEBUG    No ITS stop or start sites were identified for sequence SRR12683205.709.1, skipping.
11-05 13:07 root         DEBUG    No ITS stop or start sites were identified for sequence SRR12683205.6.1, skipping.
11-05 13:07 root         DEBUG    No ITS stop or start sites were identified for sequence SRR12683205.9.1, skipping.
11-05 13:07 root         DEBUG    No ITS stop or start sites were identified for sequence SRR12683205.712.1, skipping.
11-05 13:07 root         DEBUG    No ITS stop or start sites were identified for sequence SRR12683205.713.1, skipping.
11-05 13:07 root         DEBUG    No ITS stop or start sites were identified for sequence SRR12683205.714.1, skipping.
11-05 13:07 root         DEBUG    No ITS stop or start sites were identified for sequence SRR12683205.12.1, skipping.
11-05 13:07 root         DEBUG    No ITS stop or start sites were identified for sequence SRR12683205.12.1, skipping.
11-05 13:07 root         DEBUG    No ITS stop or start sites were identified for sequence SRR12683205.717.1, skipping.
11-05 13:07 root         DEBUG    No ITS stop or start sites were identified for sequence SRR12683205.12.1, skipping.
11-05 13:07 root         DEBUG    No ITS stop or start sites were identified for sequence SRR12683205.719.1, skipping.
11-05 13:07 root         DEBUG    No ITS stop or start sites were identified for sequence SRR12683205.16.1, skipping.
11-05 13:07 root         DEBUG    No ITS stop or start sites were identified for sequence SRR12683205.16.1, skipping.
11-05 13:07 root         DEBUG    No ITS stop or start sites were identified for sequence SRR12683205.89.1, skipping.
11-05 13:07 root         DEBUG    No ITS stop or start sites were identified for sequence SRR12683205.89.1, skipping.
11-05 13:07 root         DEBUG    No ITS stop or start sites were identified for sequence SRR12683205.12.1, skipping.
11-05 13:07 root         DEBUG    No ITS stop or start sites were identified for sequence SRR12683205.12.1, skipping.
11-05 13:07 root         DEBUG    No ITS stop or start sites were identified for sequence SRR12683205.9.1, skipping.
11-05 13:07 root         DEBUG    No ITS stop or start sites were identified for sequence SRR12683205.240.1, skipping.
11-05 13:07 root         DEBUG    No ITS stop or start sites were identified for sequence SRR12683205.729.1, skipping.
11-05 13:07 root         DEBUG    No ITS stop or start sites were identified for sequence SRR12683205.12.1, skipping.
11-05 13:07 root         DEBUG    No ITS stop or start sites were identified for sequence SRR12683205.12.1, skipping.
11-05 13:07 root         DEBUG    No ITS stop or start sites were identified for sequence SRR12683205.732.1, skipping.
11-05 13:07 root         DEBUG    No ITS stop or start sites were identified for sequence SRR12683205.12.1, skipping.
11-05 13:07 root         DEBUG    No ITS stop or start sites were identified for sequence SRR12683205.734.1, skipping.
11-05 13:07 root         DEBUG    No ITS stop or start sites were identified for sequence SRR12683205.9.1, skipping.
11-05 13:07 root         DEBUG    No ITS stop or start sites were identified for sequence SRR12683205.736.1, skipping.
11-05 13:07 root         DEBUG    No ITS stop or start sites were identified for sequence SRR12683205.737.1, skipping.
11-05 13:07 root         DEBUG    No ITS stop or start sites were identified for sequence SRR12683205.12.1, skipping.
11-05 13:07 root         DEBUG    No ITS stop or start sites were identified for sequence SRR12683205.12.1, skipping.
11-05 13:07 root         DEBUG    No ITS stop or start sites were identified for sequence SRR12683205.12.1, skipping.
11-05 13:07 root         DEBUG    No ITS stop or start sites were identified for sequence SRR12683205.9.1, skipping.
11-05 13:07 root         DEBUG    No ITS stop or start sites were identified for sequence SRR12683205.9.1, skipping.
11-05 13:07 root         DEBUG    No ITS stop or start sites were identified for sequence SRR12683205.12.1, skipping.
11-05 13:07 root         DEBUG    No ITS stop or start sites were identified for sequence SRR12683205.744.1, skipping.
11-05 13:07 root         DEBUG    No ITS stop or start sites were identified for sequence SRR12683205.746.1, skipping.
11-05 13:07 root         DEBUG    No ITS stop or start sites were identified for sequence SRR12683205.747.1, skipping.
11-05 13:07 root         DEBUG    No ITS stop or start sites were identified for sequence SRR12683205.12.1, skipping.
11-05 13:07 root         DEBUG    No ITS stop or start sites were identified for sequence SRR12683205.750.1, skipping.
11-05 13:07 root         DEBUG    No ITS stop or start sites were identified for sequence SRR12683205.750.1, skipping.
11-05 13:07 root         DEBUG    No ITS stop or start sites were identified for sequence SRR12683205.12.1, skipping.
11-05 13:07 root         DEBUG    No ITS stop or start sites were identified for sequence SRR12683205.753.1, skipping.
11-05 13:07 root         DEBUG    No ITS stop or start sites were identified for sequence SRR12683205.753.1, skipping.
11-05 13:07 root         DEBUG    No ITS stop or start sites were identified for sequence SRR12683205.9.1, skipping.
11-05 13:07 root         DEBUG    No ITS stop or start sites were identified for sequence SRR12683205.756.1, skipping.
11-05 13:07 root         DEBUG    No ITS stop or start sites were identified for sequence SRR12683205.10.1, skipping.
11-05 13:07 root         DEBUG    No ITS stop or start sites were identified for sequence SRR12683205.758.1, skipping.
11-05 13:07 root         DEBUG    No ITS stop or start sites were identified for sequence SRR12683205.759.1, skipping.
11-05 13:07 root         DEBUG    No ITS stop or start sites were identified for sequence SRR12683205.766.1, skipping.
11-05 13:07 root         DEBUG    No ITS stop or start sites were identified for sequence SRR12683205.767.1, skipping.
11-05 13:07 root         DEBUG    No ITS stop or start sites were identified for sequence SRR12683205.768.1, skipping.
11-05 13:07 root         DEBUG    No ITS stop or start sites were identified for sequence SRR12683205.773.1, skipping.
11-05 13:07 root         DEBUG    No ITS stop or start sites were identified for sequence SRR12683205.773.1, skipping.
11-05 13:07 root         DEBUG    No ITS stop or start sites were identified for sequence SRR12683205.775.1, skipping.
11-05 13:07 root         DEBUG    No ITS stop or start sites were identified for sequence SRR12683205.574.1, skipping.
11-05 13:07 root         DEBUG    No ITS stop or start sites were identified for sequence SRR12683205.777.1, skipping.
11-05 13:07 root         DEBUG    No ITS stop or start sites were identified for sequence SRR12683205.778.1, skipping.
11-05 13:07 root         DEBUG    No ITS stop or start sites were identified for sequence SRR12683205.779.1, skipping.
11-05 13:07 root         DEBUG    No ITS stop or start sites were identified for sequence SRR12683205.780.1, skipping.
11-05 13:07 root         DEBUG    No ITS stop or start sites were identified for sequence SRR12683205.16.1, skipping.
11-05 13:07 root         DEBUG    No ITS stop or start sites were identified for sequence SRR12683205.782.1, skipping.
11-05 13:07 root         DEBUG    No ITS stop or start sites were identified for sequence SRR12683205.783.1, skipping.
11-05 13:07 root         DEBUG    No ITS stop or start sites were identified for sequence SRR12683205.16.1, skipping.
11-05 13:07 root         DEBUG    No ITS stop or start sites were identified for sequence SRR12683205.16.1, skipping.
11-05 13:07 root         DEBUG    No ITS stop or start sites were identified for sequence SRR12683205.787.1, skipping.
11-05 13:07 root         INFO     ITSxpress ran in 00:00:01
