11-04 21:52 root         INFO     Verifying the input sequences.
11-04 21:52 root         INFO     Sequences are assumed to be single-end.
11-04 21:52 root         INFO     Temporary directory is: /tmp/itsxpress_9ylsxvlv
11-04 21:52 root         INFO     Unique sequences are being written to a temporary FASTA file with Vsearch.
11-04 21:52 root         INFO     vsearch v2.7.1_linux_x86_64, 15.6GB RAM, 4 cores
https://github.com/torognes/vsearch

Reading file SRR12683176_pass_1.fastq.gz 100%
86316 nt in 366 seqs, min 35, max 301, avg 236
Dereplicating 100%
Sorting 100%
241 unique sequences, avg cluster 1.5, median 1, max 42
Writing output file 100%
Writing uc file, first part 100%
Writing uc file, second part 100%

11-04 21:52 root         INFO     Searching for ITS start and stop sites using HMMSearch. This step takes a while.
11-04 21:52 root         INFO     Parsing HMM results.
11-04 21:52 root         INFO     Writing out sequences
11-04 21:52 root         DEBUG    No ITS stop or start sites were identified for sequence SRR12683176.1.1, skipping.
11-04 21:52 root         DEBUG    No ITS stop or start sites were identified for sequence SRR12683176.2.1, skipping.
11-04 21:52 root         DEBUG    No ITS stop or start sites were identified for sequence SRR12683176.4.1, skipping.
11-04 21:52 root         DEBUG    No ITS stop or start sites were identified for sequence SRR12683176.4.1, skipping.
11-04 21:52 root         DEBUG    No ITS stop or start sites were identified for sequence SRR12683176.9.1, skipping.
11-04 21:52 root         DEBUG    No ITS stop or start sites were identified for sequence SRR12683176.4.1, skipping.
11-04 21:52 root         DEBUG    No ITS stop or start sites were identified for sequence SRR12683176.4.1, skipping.
11-04 21:52 root         DEBUG    No ITS stop or start sites were identified for sequence SRR12683176.4.1, skipping.
11-04 21:52 root         DEBUG    No ITS stop or start sites were identified for sequence SRR12683176.4.1, skipping.
11-04 21:52 root         DEBUG    No ITS stop or start sites were identified for sequence SRR12683176.18.1, skipping.
11-04 21:52 root         DEBUG    No ITS stop or start sites were identified for sequence SRR12683176.19.1, skipping.
11-04 21:52 root         DEBUG    No ITS stop or start sites were identified for sequence SRR12683176.4.1, skipping.
11-04 21:52 root         DEBUG    No ITS stop or start sites were identified for sequence SRR12683176.22.1, skipping.
11-04 21:52 root         DEBUG    No ITS stop or start sites were identified for sequence SRR12683176.23.1, skipping.
11-04 21:52 root         DEBUG    No ITS stop or start sites were identified for sequence SRR12683176.2.1, skipping.
11-04 21:52 root         DEBUG    No ITS stop or start sites were identified for sequence SRR12683176.2.1, skipping.
11-04 21:52 root         DEBUG    No ITS stop or start sites were identified for sequence SRR12683176.2.1, skipping.
11-04 21:52 root         DEBUG    No ITS stop or start sites were identified for sequence SRR12683176.30.1, skipping.
11-04 21:52 root         DEBUG    No ITS stop or start sites were identified for sequence SRR12683176.4.1, skipping.
11-04 21:52 root         DEBUG    No ITS stop or start sites were identified for sequence SRR12683176.4.1, skipping.
11-04 21:52 root         DEBUG    No ITS stop or start sites were identified for sequence SRR12683176.4.1, skipping.
11-04 21:52 root         DEBUG    No ITS stop or start sites were identified for sequence SRR12683176.2.1, skipping.
11-04 21:52 root         DEBUG    No ITS stop or start sites were identified for sequence SRR12683176.2.1, skipping.
11-04 21:52 root         DEBUG    No ITS stop or start sites were identified for sequence SRR12683176.2.1, skipping.
11-04 21:52 root         DEBUG    No ITS stop or start sites were identified for sequence SRR12683176.48.1, skipping.
11-04 21:52 root         DEBUG    No ITS stop or start sites were identified for sequence SRR12683176.50.1, skipping.
11-04 21:52 root         DEBUG    No ITS stop or start sites were identified for sequence SRR12683176.2.1, skipping.
11-04 21:52 root         DEBUG    No ITS stop or start sites were identified for sequence SRR12683176.2.1, skipping.
11-04 21:52 root         DEBUG    No ITS stop or start sites were identified for sequence SRR12683176.53.1, skipping.
11-04 21:52 root         DEBUG    No ITS stop or start sites were identified for sequence SRR12683176.55.1, skipping.
11-04 21:52 root         DEBUG    No ITS stop or start sites were identified for sequence SRR12683176.59.1, skipping.
11-04 21:52 root         DEBUG    No ITS stop or start sites were identified for sequence SRR12683176.61.1, skipping.
11-04 21:52 root         DEBUG    No ITS stop or start sites were identified for sequence SRR12683176.2.1, skipping.
11-04 21:52 root         DEBUG    No ITS stop or start sites were identified for sequence SRR12683176.70.1, skipping.
11-04 21:52 root         DEBUG    No ITS stop or start sites were identified for sequence SRR12683176.2.1, skipping.
11-04 21:52 root         DEBUG    No ITS stop or start sites were identified for sequence SRR12683176.76.1, skipping.
11-04 21:52 root         DEBUG    No ITS stop or start sites were identified for sequence SRR12683176.77.1, skipping.
11-04 21:52 root         DEBUG    No ITS stop or start sites were identified for sequence SRR12683176.79.1, skipping.
11-04 21:52 root         DEBUG    No ITS stop or start sites were identified for sequence SRR12683176.80.1, skipping.
11-04 21:52 root         DEBUG    No ITS stop or start sites were identified for sequence SRR12683176.4.1, skipping.
11-04 21:52 root         DEBUG    No ITS stop or start sites were identified for sequence SRR12683176.4.1, skipping.
11-04 21:52 root         DEBUG    No ITS stop or start sites were identified for sequence SRR12683176.91.1, skipping.
11-04 21:52 root         DEBUG    No ITS stop or start sites were identified for sequence SRR12683176.2.1, skipping.
11-04 21:52 root         DEBUG    No ITS stop or start sites were identified for sequence SRR12683176.98.1, skipping.
11-04 21:52 root         DEBUG    No ITS stop or start sites were identified for sequence SRR12683176.102.1, skipping.
11-04 21:52 root         DEBUG    No ITS stop or start sites were identified for sequence SRR12683176.104.1, skipping.
11-04 21:52 root         DEBUG    No ITS stop or start sites were identified for sequence SRR12683176.2.1, skipping.
11-04 21:52 root         DEBUG    No ITS stop or start sites were identified for sequence SRR12683176.112.1, skipping.
11-04 21:52 root         DEBUG    No ITS stop or start sites were identified for sequence SRR12683176.114.1, skipping.
11-04 21:52 root         DEBUG    No ITS stop or start sites were identified for sequence SRR12683176.4.1, skipping.
11-04 21:52 root         DEBUG    No ITS stop or start sites were identified for sequence SRR12683176.2.1, skipping.
11-04 21:52 root         DEBUG    No ITS stop or start sites were identified for sequence SRR12683176.126.1, skipping.
11-04 21:52 root         DEBUG    No ITS stop or start sites were identified for sequence SRR12683176.4.1, skipping.
11-04 21:52 root         DEBUG    No ITS stop or start sites were identified for sequence SRR12683176.126.1, skipping.
11-04 21:52 root         DEBUG    No ITS stop or start sites were identified for sequence SRR12683176.4.1, skipping.
11-04 21:52 root         DEBUG    No ITS stop or start sites were identified for sequence SRR12683176.2.1, skipping.
11-04 21:52 root         DEBUG    No ITS stop or start sites were identified for sequence SRR12683176.142.1, skipping.
11-04 21:52 root         DEBUG    No ITS stop or start sites were identified for sequence SRR12683176.4.1, skipping.
11-04 21:52 root         DEBUG    No ITS stop or start sites were identified for sequence SRR12683176.2.1, skipping.
11-04 21:52 root         DEBUG    No ITS stop or start sites were identified for sequence SRR12683176.145.1, skipping.
11-04 21:52 root         DEBUG    No ITS stop or start sites were identified for sequence SRR12683176.147.1, skipping.
11-04 21:52 root         DEBUG    No ITS stop or start sites were identified for sequence SRR12683176.2.1, skipping.
11-04 21:52 root         DEBUG    No ITS stop or start sites were identified for sequence SRR12683176.151.1, skipping.
11-04 21:52 root         DEBUG    No ITS stop or start sites were identified for sequence SRR12683176.153.1, skipping.
11-04 21:52 root         DEBUG    No ITS stop or start sites were identified for sequence SRR12683176.164.1, skipping.
11-04 21:52 root         DEBUG    No ITS stop or start sites were identified for sequence SRR12683176.2.1, skipping.
11-04 21:52 root         DEBUG    No ITS stop or start sites were identified for sequence SRR12683176.166.1, skipping.
11-04 21:52 root         DEBUG    No ITS stop or start sites were identified for sequence SRR12683176.170.1, skipping.
11-04 21:52 root         DEBUG    No ITS stop or start sites were identified for sequence SRR12683176.172.1, skipping.
11-04 21:52 root         DEBUG    No ITS stop or start sites were identified for sequence SRR12683176.176.1, skipping.
11-04 21:52 root         DEBUG    No ITS stop or start sites were identified for sequence SRR12683176.2.1, skipping.
11-04 21:52 root         DEBUG    No ITS stop or start sites were identified for sequence SRR12683176.2.1, skipping.
11-04 21:52 root         DEBUG    No ITS stop or start sites were identified for sequence SRR12683176.179.1, skipping.
11-04 21:52 root         DEBUG    No ITS stop or start sites were identified for sequence SRR12683176.4.1, skipping.
11-04 21:52 root         DEBUG    No ITS stop or start sites were identified for sequence SRR12683176.2.1, skipping.
11-04 21:52 root         DEBUG    No ITS stop or start sites were identified for sequence SRR12683176.193.1, skipping.
11-04 21:52 root         DEBUG    No ITS stop or start sites were identified for sequence SRR12683176.2.1, skipping.
11-04 21:52 root         DEBUG    No ITS stop or start sites were identified for sequence SRR12683176.2.1, skipping.
11-04 21:52 root         DEBUG    No ITS stop or start sites were identified for sequence SRR12683176.4.1, skipping.
11-04 21:52 root         DEBUG    No ITS stop or start sites were identified for sequence SRR12683176.126.1, skipping.
11-04 21:52 root         DEBUG    No ITS stop or start sites were identified for sequence SRR12683176.2.1, skipping.
11-04 21:52 root         DEBUG    No ITS stop or start sites were identified for sequence SRR12683176.2.1, skipping.
11-04 21:52 root         DEBUG    No ITS stop or start sites were identified for sequence SRR12683176.219.1, skipping.
11-04 21:52 root         DEBUG    No ITS stop or start sites were identified for sequence SRR12683176.2.1, skipping.
11-04 21:52 root         DEBUG    No ITS stop or start sites were identified for sequence SRR12683176.2.1, skipping.
11-04 21:52 root         DEBUG    No ITS stop or start sites were identified for sequence SRR12683176.222.1, skipping.
11-04 21:52 root         DEBUG    No ITS stop or start sites were identified for sequence SRR12683176.227.1, skipping.
11-04 21:52 root         DEBUG    No ITS stop or start sites were identified for sequence SRR12683176.126.1, skipping.
11-04 21:52 root         DEBUG    No ITS stop or start sites were identified for sequence SRR12683176.2.1, skipping.
11-04 21:52 root         DEBUG    No ITS stop or start sites were identified for sequence SRR12683176.2.1, skipping.
11-04 21:52 root         DEBUG    No ITS stop or start sites were identified for sequence SRR12683176.4.1, skipping.
11-04 21:52 root         DEBUG    No ITS stop or start sites were identified for sequence SRR12683176.126.1, skipping.
11-04 21:52 root         DEBUG    No ITS stop or start sites were identified for sequence SRR12683176.2.1, skipping.
11-04 21:52 root         DEBUG    No ITS stop or start sites were identified for sequence SRR12683176.242.1, skipping.
11-04 21:52 root         DEBUG    No ITS stop or start sites were identified for sequence SRR12683176.2.1, skipping.
11-04 21:52 root         DEBUG    No ITS stop or start sites were identified for sequence SRR12683176.4.1, skipping.
11-04 21:52 root         DEBUG    No ITS stop or start sites were identified for sequence SRR12683176.252.1, skipping.
11-04 21:52 root         DEBUG    No ITS stop or start sites were identified for sequence SRR12683176.255.1, skipping.
11-04 21:52 root         DEBUG    No ITS stop or start sites were identified for sequence SRR12683176.259.1, skipping.
11-04 21:52 root         DEBUG    No ITS stop or start sites were identified for sequence SRR12683176.260.1, skipping.
11-04 21:52 root         DEBUG    No ITS stop or start sites were identified for sequence SRR12683176.263.1, skipping.
11-04 21:52 root         DEBUG    No ITS stop or start sites were identified for sequence SRR12683176.264.1, skipping.
11-04 21:52 root         DEBUG    No ITS stop or start sites were identified for sequence SRR12683176.266.1, skipping.
11-04 21:52 root         DEBUG    No ITS stop or start sites were identified for sequence SRR12683176.268.1, skipping.
11-04 21:52 root         DEBUG    No ITS stop or start sites were identified for sequence SRR12683176.273.1, skipping.
11-04 21:52 root         DEBUG    No ITS stop or start sites were identified for sequence SRR12683176.274.1, skipping.
11-04 21:52 root         DEBUG    No ITS stop or start sites were identified for sequence SRR12683176.277.1, skipping.
11-04 21:52 root         DEBUG    No ITS stop or start sites were identified for sequence SRR12683176.2.1, skipping.
11-04 21:52 root         DEBUG    No ITS stop or start sites were identified for sequence SRR12683176.4.1, skipping.
11-04 21:52 root         DEBUG    No ITS stop or start sites were identified for sequence SRR12683176.2.1, skipping.
11-04 21:52 root         DEBUG    No ITS stop or start sites were identified for sequence SRR12683176.298.1, skipping.
11-04 21:52 root         DEBUG    No ITS stop or start sites were identified for sequence SRR12683176.2.1, skipping.
11-04 21:52 root         DEBUG    No ITS stop or start sites were identified for sequence SRR12683176.2.1, skipping.
11-04 21:52 root         DEBUG    No ITS stop or start sites were identified for sequence SRR12683176.2.1, skipping.
11-04 21:52 root         DEBUG    No ITS stop or start sites were identified for sequence SRR12683176.305.1, skipping.
11-04 21:52 root         DEBUG    No ITS stop or start sites were identified for sequence SRR12683176.306.1, skipping.
11-04 21:52 root         DEBUG    No ITS stop or start sites were identified for sequence SRR12683176.307.1, skipping.
11-04 21:52 root         DEBUG    No ITS stop or start sites were identified for sequence SRR12683176.308.1, skipping.
11-04 21:52 root         DEBUG    No ITS stop or start sites were identified for sequence SRR12683176.126.1, skipping.
11-04 21:52 root         DEBUG    No ITS stop or start sites were identified for sequence SRR12683176.2.1, skipping.
11-04 21:52 root         DEBUG    No ITS stop or start sites were identified for sequence SRR12683176.317.1, skipping.
11-04 21:52 root         DEBUG    No ITS stop or start sites were identified for sequence SRR12683176.2.1, skipping.
11-04 21:52 root         DEBUG    No ITS stop or start sites were identified for sequence SRR12683176.170.1, skipping.
11-04 21:52 root         DEBUG    No ITS stop or start sites were identified for sequence SRR12683176.331.1, skipping.
11-04 21:52 root         DEBUG    No ITS stop or start sites were identified for sequence SRR12683176.333.1, skipping.
11-04 21:52 root         DEBUG    No ITS stop or start sites were identified for sequence SRR12683176.2.1, skipping.
11-04 21:52 root         DEBUG    No ITS stop or start sites were identified for sequence SRR12683176.2.1, skipping.
11-04 21:52 root         DEBUG    No ITS stop or start sites were identified for sequence SRR12683176.2.1, skipping.
11-04 21:52 root         DEBUG    No ITS stop or start sites were identified for sequence SRR12683176.359.1, skipping.
11-04 21:52 root         DEBUG    No ITS stop or start sites were identified for sequence SRR12683176.2.1, skipping.
11-04 21:52 root         INFO     ITSxpress ran in 00:00:04
