11-04 21:50 root         INFO     Verifying the input sequences.
11-04 21:50 root         INFO     Sequences are assumed to be single-end.
11-04 21:50 root         INFO     Temporary directory is: /tmp/itsxpress__aesh0_5
11-04 21:50 root         INFO     Unique sequences are being written to a temporary FASTA file with Vsearch.
11-04 21:50 root         INFO     vsearch v2.7.1_linux_x86_64, 15.6GB RAM, 4 cores
https://github.com/torognes/vsearch

Reading file SRR12683167_pass_1.fastq.gz 100%
234335 nt in 926 seqs, min 35, max 301, avg 253
Dereplicating 100%
Sorting 100%
557 unique sequences, avg cluster 1.7, median 1, max 56
Writing output file 100%
Writing uc file, first part 100%
Writing uc file, second part 100%

11-04 21:50 root         INFO     Searching for ITS start and stop sites using HMMSearch. This step takes a while.
11-04 21:50 root         INFO     Parsing HMM results.
11-04 21:50 root         INFO     Writing out sequences
11-04 21:50 root         DEBUG    No ITS stop or start sites were identified for sequence SRR12683167.2.1, skipping.
11-04 21:50 root         DEBUG    No ITS stop or start sites were identified for sequence SRR12683167.3.1, skipping.
11-04 21:50 root         DEBUG    No ITS stop or start sites were identified for sequence SRR12683167.4.1, skipping.
11-04 21:50 root         DEBUG    No ITS stop or start sites were identified for sequence SRR12683167.6.1, skipping.
11-04 21:50 root         DEBUG    No ITS stop or start sites were identified for sequence SRR12683167.7.1, skipping.
11-04 21:50 root         DEBUG    No ITS stop or start sites were identified for sequence SRR12683167.2.1, skipping.
11-04 21:50 root         DEBUG    No ITS stop or start sites were identified for sequence SRR12683167.10.1, skipping.
11-04 21:50 root         DEBUG    No ITS stop or start sites were identified for sequence SRR12683167.11.1, skipping.
11-04 21:50 root         DEBUG    No ITS stop or start sites were identified for sequence SRR12683167.12.1, skipping.
11-04 21:50 root         DEBUG    No ITS stop or start sites were identified for sequence SRR12683167.13.1, skipping.
11-04 21:50 root         DEBUG    No ITS stop or start sites were identified for sequence SRR12683167.14.1, skipping.
11-04 21:50 root         DEBUG    No ITS stop or start sites were identified for sequence SRR12683167.15.1, skipping.
11-04 21:50 root         DEBUG    No ITS stop or start sites were identified for sequence SRR12683167.2.1, skipping.
11-04 21:50 root         DEBUG    No ITS stop or start sites were identified for sequence SRR12683167.18.1, skipping.
11-04 21:50 root         DEBUG    No ITS stop or start sites were identified for sequence SRR12683167.19.1, skipping.
11-04 21:50 root         DEBUG    No ITS stop or start sites were identified for sequence SRR12683167.19.1, skipping.
11-04 21:50 root         DEBUG    No ITS stop or start sites were identified for sequence SRR12683167.22.1, skipping.
11-04 21:50 root         DEBUG    No ITS stop or start sites were identified for sequence SRR12683167.24.1, skipping.
11-04 21:50 root         DEBUG    No ITS stop or start sites were identified for sequence SRR12683167.25.1, skipping.
11-04 21:50 root         DEBUG    No ITS stop or start sites were identified for sequence SRR12683167.26.1, skipping.
11-04 21:50 root         DEBUG    No ITS stop or start sites were identified for sequence SRR12683167.27.1, skipping.
11-04 21:50 root         DEBUG    No ITS stop or start sites were identified for sequence SRR12683167.28.1, skipping.
11-04 21:50 root         DEBUG    No ITS stop or start sites were identified for sequence SRR12683167.31.1, skipping.
11-04 21:50 root         DEBUG    No ITS stop or start sites were identified for sequence SRR12683167.6.1, skipping.
11-04 21:50 root         DEBUG    No ITS stop or start sites were identified for sequence SRR12683167.33.1, skipping.
11-04 21:50 root         DEBUG    No ITS stop or start sites were identified for sequence SRR12683167.19.1, skipping.
11-04 21:50 root         DEBUG    No ITS stop or start sites were identified for sequence SRR12683167.35.1, skipping.
11-04 21:50 root         DEBUG    No ITS stop or start sites were identified for sequence SRR12683167.37.1, skipping.
11-04 21:50 root         DEBUG    No ITS stop or start sites were identified for sequence SRR12683167.38.1, skipping.
11-04 21:50 root         DEBUG    No ITS stop or start sites were identified for sequence SRR12683167.41.1, skipping.
11-04 21:50 root         DEBUG    No ITS stop or start sites were identified for sequence SRR12683167.25.1, skipping.
11-04 21:50 root         DEBUG    No ITS stop or start sites were identified for sequence SRR12683167.43.1, skipping.
11-04 21:50 root         DEBUG    No ITS stop or start sites were identified for sequence SRR12683167.44.1, skipping.
11-04 21:50 root         DEBUG    No ITS stop or start sites were identified for sequence SRR12683167.45.1, skipping.
11-04 21:50 root         DEBUG    No ITS stop or start sites were identified for sequence SRR12683167.46.1, skipping.
11-04 21:50 root         DEBUG    No ITS stop or start sites were identified for sequence SRR12683167.47.1, skipping.
11-04 21:50 root         DEBUG    No ITS stop or start sites were identified for sequence SRR12683167.48.1, skipping.
11-04 21:50 root         DEBUG    No ITS stop or start sites were identified for sequence SRR12683167.49.1, skipping.
11-04 21:50 root         DEBUG    No ITS stop or start sites were identified for sequence SRR12683167.50.1, skipping.
11-04 21:50 root         DEBUG    No ITS stop or start sites were identified for sequence SRR12683167.51.1, skipping.
11-04 21:50 root         DEBUG    No ITS stop or start sites were identified for sequence SRR12683167.53.1, skipping.
11-04 21:50 root         DEBUG    No ITS stop or start sites were identified for sequence SRR12683167.54.1, skipping.
11-04 21:50 root         DEBUG    No ITS stop or start sites were identified for sequence SRR12683167.55.1, skipping.
11-04 21:50 root         DEBUG    No ITS stop or start sites were identified for sequence SRR12683167.56.1, skipping.
11-04 21:50 root         DEBUG    No ITS stop or start sites were identified for sequence SRR12683167.4.1, skipping.
11-04 21:50 root         DEBUG    No ITS stop or start sites were identified for sequence SRR12683167.59.1, skipping.
11-04 21:50 root         DEBUG    No ITS stop or start sites were identified for sequence SRR12683167.61.1, skipping.
11-04 21:50 root         DEBUG    No ITS stop or start sites were identified for sequence SRR12683167.13.1, skipping.
11-04 21:50 root         DEBUG    No ITS stop or start sites were identified for sequence SRR12683167.65.1, skipping.
11-04 21:50 root         DEBUG    No ITS stop or start sites were identified for sequence SRR12683167.66.1, skipping.
11-04 21:50 root         DEBUG    No ITS stop or start sites were identified for sequence SRR12683167.2.1, skipping.
11-04 21:50 root         DEBUG    No ITS stop or start sites were identified for sequence SRR12683167.4.1, skipping.
11-04 21:50 root         DEBUG    No ITS stop or start sites were identified for sequence SRR12683167.25.1, skipping.
11-04 21:50 root         DEBUG    No ITS stop or start sites were identified for sequence SRR12683167.73.1, skipping.
11-04 21:50 root         DEBUG    No ITS stop or start sites were identified for sequence SRR12683167.74.1, skipping.
11-04 21:50 root         DEBUG    No ITS stop or start sites were identified for sequence SRR12683167.75.1, skipping.
11-04 21:50 root         DEBUG    No ITS stop or start sites were identified for sequence SRR12683167.76.1, skipping.
11-04 21:50 root         DEBUG    No ITS stop or start sites were identified for sequence SRR12683167.56.1, skipping.
11-04 21:50 root         DEBUG    No ITS stop or start sites were identified for sequence SRR12683167.4.1, skipping.
11-04 21:50 root         DEBUG    No ITS stop or start sites were identified for sequence SRR12683167.4.1, skipping.
11-04 21:50 root         DEBUG    No ITS stop or start sites were identified for sequence SRR12683167.80.1, skipping.
11-04 21:50 root         DEBUG    No ITS stop or start sites were identified for sequence SRR12683167.22.1, skipping.
11-04 21:50 root         DEBUG    No ITS stop or start sites were identified for sequence SRR12683167.84.1, skipping.
11-04 21:50 root         DEBUG    No ITS stop or start sites were identified for sequence SRR12683167.33.1, skipping.
11-04 21:50 root         DEBUG    No ITS stop or start sites were identified for sequence SRR12683167.88.1, skipping.
11-04 21:50 root         DEBUG    No ITS stop or start sites were identified for sequence SRR12683167.89.1, skipping.
11-04 21:50 root         DEBUG    No ITS stop or start sites were identified for sequence SRR12683167.90.1, skipping.
11-04 21:50 root         DEBUG    No ITS stop or start sites were identified for sequence SRR12683167.91.1, skipping.
11-04 21:50 root         DEBUG    No ITS stop or start sites were identified for sequence SRR12683167.93.1, skipping.
11-04 21:50 root         DEBUG    No ITS stop or start sites were identified for sequence SRR12683167.94.1, skipping.
11-04 21:50 root         DEBUG    No ITS stop or start sites were identified for sequence SRR12683167.95.1, skipping.
11-04 21:50 root         DEBUG    No ITS stop or start sites were identified for sequence SRR12683167.4.1, skipping.
11-04 21:50 root         DEBUG    No ITS stop or start sites were identified for sequence SRR12683167.2.1, skipping.
11-04 21:50 root         DEBUG    No ITS stop or start sites were identified for sequence SRR12683167.19.1, skipping.
11-04 21:50 root         DEBUG    No ITS stop or start sites were identified for sequence SRR12683167.101.1, skipping.
11-04 21:50 root         DEBUG    No ITS stop or start sites were identified for sequence SRR12683167.102.1, skipping.
11-04 21:50 root         DEBUG    No ITS stop or start sites were identified for sequence SRR12683167.104.1, skipping.
11-04 21:50 root         DEBUG    No ITS stop or start sites were identified for sequence SRR12683167.107.1, skipping.
11-04 21:50 root         DEBUG    No ITS stop or start sites were identified for sequence SRR12683167.108.1, skipping.
11-04 21:50 root         DEBUG    No ITS stop or start sites were identified for sequence SRR12683167.109.1, skipping.
11-04 21:50 root         DEBUG    No ITS stop or start sites were identified for sequence SRR12683167.110.1, skipping.
11-04 21:50 root         DEBUG    No ITS stop or start sites were identified for sequence SRR12683167.112.1, skipping.
11-04 21:50 root         DEBUG    No ITS stop or start sites were identified for sequence SRR12683167.115.1, skipping.
11-04 21:50 root         DEBUG    No ITS stop or start sites were identified for sequence SRR12683167.2.1, skipping.
11-04 21:50 root         DEBUG    No ITS stop or start sites were identified for sequence SRR12683167.119.1, skipping.
11-04 21:50 root         DEBUG    No ITS stop or start sites were identified for sequence SRR12683167.2.1, skipping.
11-04 21:50 root         DEBUG    No ITS stop or start sites were identified for sequence SRR12683167.123.1, skipping.
11-04 21:50 root         DEBUG    No ITS stop or start sites were identified for sequence SRR12683167.124.1, skipping.
11-04 21:50 root         DEBUG    No ITS stop or start sites were identified for sequence SRR12683167.25.1, skipping.
11-04 21:50 root         DEBUG    No ITS stop or start sites were identified for sequence SRR12683167.126.1, skipping.
11-04 21:50 root         DEBUG    No ITS stop or start sites were identified for sequence SRR12683167.19.1, skipping.
11-04 21:50 root         DEBUG    No ITS stop or start sites were identified for sequence SRR12683167.129.1, skipping.
11-04 21:50 root         DEBUG    No ITS stop or start sites were identified for sequence SRR12683167.130.1, skipping.
11-04 21:50 root         DEBUG    No ITS stop or start sites were identified for sequence SRR12683167.124.1, skipping.
11-04 21:50 root         DEBUG    No ITS stop or start sites were identified for sequence SRR12683167.133.1, skipping.
11-04 21:50 root         DEBUG    No ITS stop or start sites were identified for sequence SRR12683167.135.1, skipping.
11-04 21:50 root         DEBUG    No ITS stop or start sites were identified for sequence SRR12683167.136.1, skipping.
11-04 21:50 root         DEBUG    No ITS stop or start sites were identified for sequence SRR12683167.137.1, skipping.
11-04 21:50 root         DEBUG    No ITS stop or start sites were identified for sequence SRR12683167.138.1, skipping.
11-04 21:50 root         DEBUG    No ITS stop or start sites were identified for sequence SRR12683167.139.1, skipping.
11-04 21:50 root         DEBUG    No ITS stop or start sites were identified for sequence SRR12683167.140.1, skipping.
11-04 21:50 root         DEBUG    No ITS stop or start sites were identified for sequence SRR12683167.141.1, skipping.
11-04 21:50 root         DEBUG    No ITS stop or start sites were identified for sequence SRR12683167.142.1, skipping.
11-04 21:50 root         DEBUG    No ITS stop or start sites were identified for sequence SRR12683167.143.1, skipping.
11-04 21:50 root         DEBUG    No ITS stop or start sites were identified for sequence SRR12683167.76.1, skipping.
11-04 21:50 root         DEBUG    No ITS stop or start sites were identified for sequence SRR12683167.146.1, skipping.
11-04 21:50 root         DEBUG    No ITS stop or start sites were identified for sequence SRR12683167.147.1, skipping.
11-04 21:50 root         DEBUG    No ITS stop or start sites were identified for sequence SRR12683167.148.1, skipping.
11-04 21:50 root         DEBUG    No ITS stop or start sites were identified for sequence SRR12683167.22.1, skipping.
11-04 21:50 root         DEBUG    No ITS stop or start sites were identified for sequence SRR12683167.150.1, skipping.
11-04 21:50 root         DEBUG    No ITS stop or start sites were identified for sequence SRR12683167.19.1, skipping.
11-04 21:50 root         DEBUG    No ITS stop or start sites were identified for sequence SRR12683167.153.1, skipping.
11-04 21:50 root         DEBUG    No ITS stop or start sites were identified for sequence SRR12683167.154.1, skipping.
11-04 21:50 root         DEBUG    No ITS stop or start sites were identified for sequence SRR12683167.155.1, skipping.
11-04 21:50 root         DEBUG    No ITS stop or start sites were identified for sequence SRR12683167.156.1, skipping.
11-04 21:50 root         DEBUG    No ITS stop or start sites were identified for sequence SRR12683167.157.1, skipping.
11-04 21:50 root         DEBUG    No ITS stop or start sites were identified for sequence SRR12683167.158.1, skipping.
11-04 21:50 root         DEBUG    No ITS stop or start sites were identified for sequence SRR12683167.25.1, skipping.
11-04 21:50 root         DEBUG    No ITS stop or start sites were identified for sequence SRR12683167.108.1, skipping.
11-04 21:50 root         DEBUG    No ITS stop or start sites were identified for sequence SRR12683167.161.1, skipping.
11-04 21:50 root         DEBUG    No ITS stop or start sites were identified for sequence SRR12683167.2.1, skipping.
11-04 21:50 root         DEBUG    No ITS stop or start sites were identified for sequence SRR12683167.4.1, skipping.
11-04 21:50 root         DEBUG    No ITS stop or start sites were identified for sequence SRR12683167.73.1, skipping.
11-04 21:50 root         DEBUG    No ITS stop or start sites were identified for sequence SRR12683167.25.1, skipping.
11-04 21:50 root         DEBUG    No ITS stop or start sites were identified for sequence SRR12683167.167.1, skipping.
11-04 21:50 root         DEBUG    No ITS stop or start sites were identified for sequence SRR12683167.124.1, skipping.
11-04 21:50 root         DEBUG    No ITS stop or start sites were identified for sequence SRR12683167.124.1, skipping.
11-04 21:50 root         DEBUG    No ITS stop or start sites were identified for sequence SRR12683167.19.1, skipping.
11-04 21:50 root         DEBUG    No ITS stop or start sites were identified for sequence SRR12683167.172.1, skipping.
11-04 21:50 root         DEBUG    No ITS stop or start sites were identified for sequence SRR12683167.19.1, skipping.
11-04 21:50 root         DEBUG    No ITS stop or start sites were identified for sequence SRR12683167.174.1, skipping.
11-04 21:50 root         DEBUG    No ITS stop or start sites were identified for sequence SRR12683167.176.1, skipping.
11-04 21:50 root         DEBUG    No ITS stop or start sites were identified for sequence SRR12683167.177.1, skipping.
11-04 21:50 root         DEBUG    No ITS stop or start sites were identified for sequence SRR12683167.25.1, skipping.
11-04 21:50 root         DEBUG    No ITS stop or start sites were identified for sequence SRR12683167.179.1, skipping.
11-04 21:50 root         DEBUG    No ITS stop or start sites were identified for sequence SRR12683167.180.1, skipping.
11-04 21:50 root         DEBUG    No ITS stop or start sites were identified for sequence SRR12683167.181.1, skipping.
11-04 21:50 root         DEBUG    No ITS stop or start sites were identified for sequence SRR12683167.182.1, skipping.
11-04 21:50 root         DEBUG    No ITS stop or start sites were identified for sequence SRR12683167.124.1, skipping.
11-04 21:50 root         DEBUG    No ITS stop or start sites were identified for sequence SRR12683167.185.1, skipping.
11-04 21:50 root         DEBUG    No ITS stop or start sites were identified for sequence SRR12683167.25.1, skipping.
11-04 21:50 root         DEBUG    No ITS stop or start sites were identified for sequence SRR12683167.150.1, skipping.
11-04 21:50 root         DEBUG    No ITS stop or start sites were identified for sequence SRR12683167.188.1, skipping.
11-04 21:50 root         DEBUG    No ITS stop or start sites were identified for sequence SRR12683167.188.1, skipping.
11-04 21:50 root         DEBUG    No ITS stop or start sites were identified for sequence SRR12683167.192.1, skipping.
11-04 21:50 root         DEBUG    No ITS stop or start sites were identified for sequence SRR12683167.112.1, skipping.
11-04 21:50 root         DEBUG    No ITS stop or start sites were identified for sequence SRR12683167.195.1, skipping.
11-04 21:50 root         DEBUG    No ITS stop or start sites were identified for sequence SRR12683167.197.1, skipping.
11-04 21:50 root         DEBUG    No ITS stop or start sites were identified for sequence SRR12683167.199.1, skipping.
11-04 21:50 root         DEBUG    No ITS stop or start sites were identified for sequence SRR12683167.4.1, skipping.
11-04 21:50 root         DEBUG    No ITS stop or start sites were identified for sequence SRR12683167.2.1, skipping.
11-04 21:50 root         DEBUG    No ITS stop or start sites were identified for sequence SRR12683167.203.1, skipping.
11-04 21:50 root         DEBUG    No ITS stop or start sites were identified for sequence SRR12683167.204.1, skipping.
11-04 21:50 root         DEBUG    No ITS stop or start sites were identified for sequence SRR12683167.76.1, skipping.
11-04 21:50 root         DEBUG    No ITS stop or start sites were identified for sequence SRR12683167.206.1, skipping.
11-04 21:50 root         DEBUG    No ITS stop or start sites were identified for sequence SRR12683167.208.1, skipping.
11-04 21:50 root         DEBUG    No ITS stop or start sites were identified for sequence SRR12683167.25.1, skipping.
11-04 21:50 root         DEBUG    No ITS stop or start sites were identified for sequence SRR12683167.210.1, skipping.
11-04 21:50 root         DEBUG    No ITS stop or start sites were identified for sequence SRR12683167.13.1, skipping.
11-04 21:50 root         DEBUG    No ITS stop or start sites were identified for sequence SRR12683167.212.1, skipping.
11-04 21:50 root         DEBUG    No ITS stop or start sites were identified for sequence SRR12683167.214.1, skipping.
11-04 21:50 root         DEBUG    No ITS stop or start sites were identified for sequence SRR12683167.216.1, skipping.
11-04 21:50 root         DEBUG    No ITS stop or start sites were identified for sequence SRR12683167.41.1, skipping.
11-04 21:50 root         DEBUG    No ITS stop or start sites were identified for sequence SRR12683167.220.1, skipping.
11-04 21:50 root         DEBUG    No ITS stop or start sites were identified for sequence SRR12683167.221.1, skipping.
11-04 21:50 root         DEBUG    No ITS stop or start sites were identified for sequence SRR12683167.2.1, skipping.
11-04 21:50 root         DEBUG    No ITS stop or start sites were identified for sequence SRR12683167.41.1, skipping.
11-04 21:50 root         DEBUG    No ITS stop or start sites were identified for sequence SRR12683167.73.1, skipping.
11-04 21:50 root         DEBUG    No ITS stop or start sites were identified for sequence SRR12683167.229.1, skipping.
11-04 21:50 root         DEBUG    No ITS stop or start sites were identified for sequence SRR12683167.2.1, skipping.
11-04 21:50 root         DEBUG    No ITS stop or start sites were identified for sequence SRR12683167.231.1, skipping.
11-04 21:50 root         DEBUG    No ITS stop or start sites were identified for sequence SRR12683167.232.1, skipping.
11-04 21:50 root         DEBUG    No ITS stop or start sites were identified for sequence SRR12683167.233.1, skipping.
11-04 21:50 root         DEBUG    No ITS stop or start sites were identified for sequence SRR12683167.2.1, skipping.
11-04 21:50 root         DEBUG    No ITS stop or start sites were identified for sequence SRR12683167.236.1, skipping.
11-04 21:50 root         DEBUG    No ITS stop or start sites were identified for sequence SRR12683167.25.1, skipping.
11-04 21:50 root         DEBUG    No ITS stop or start sites were identified for sequence SRR12683167.240.1, skipping.
11-04 21:50 root         DEBUG    No ITS stop or start sites were identified for sequence SRR12683167.242.1, skipping.
11-04 21:50 root         DEBUG    No ITS stop or start sites were identified for sequence SRR12683167.244.1, skipping.
11-04 21:50 root         DEBUG    No ITS stop or start sites were identified for sequence SRR12683167.245.1, skipping.
11-04 21:50 root         DEBUG    No ITS stop or start sites were identified for sequence SRR12683167.246.1, skipping.
11-04 21:50 root         DEBUG    No ITS stop or start sites were identified for sequence SRR12683167.2.1, skipping.
11-04 21:50 root         DEBUG    No ITS stop or start sites were identified for sequence SRR12683167.248.1, skipping.
11-04 21:50 root         DEBUG    No ITS stop or start sites were identified for sequence SRR12683167.249.1, skipping.
11-04 21:50 root         DEBUG    No ITS stop or start sites were identified for sequence SRR12683167.250.1, skipping.
11-04 21:50 root         DEBUG    No ITS stop or start sites were identified for sequence SRR12683167.251.1, skipping.
11-04 21:50 root         DEBUG    No ITS stop or start sites were identified for sequence SRR12683167.252.1, skipping.
11-04 21:50 root         DEBUG    No ITS stop or start sites were identified for sequence SRR12683167.253.1, skipping.
11-04 21:50 root         DEBUG    No ITS stop or start sites were identified for sequence SRR12683167.255.1, skipping.
11-04 21:50 root         DEBUG    No ITS stop or start sites were identified for sequence SRR12683167.257.1, skipping.
11-04 21:50 root         DEBUG    No ITS stop or start sites were identified for sequence SRR12683167.259.1, skipping.
11-04 21:50 root         DEBUG    No ITS stop or start sites were identified for sequence SRR12683167.19.1, skipping.
11-04 21:50 root         DEBUG    No ITS stop or start sites were identified for sequence SRR12683167.261.1, skipping.
11-04 21:50 root         DEBUG    No ITS stop or start sites were identified for sequence SRR12683167.262.1, skipping.
11-04 21:50 root         DEBUG    No ITS stop or start sites were identified for sequence SRR12683167.263.1, skipping.
11-04 21:50 root         DEBUG    No ITS stop or start sites were identified for sequence SRR12683167.264.1, skipping.
11-04 21:50 root         DEBUG    No ITS stop or start sites were identified for sequence SRR12683167.265.1, skipping.
11-04 21:50 root         DEBUG    No ITS stop or start sites were identified for sequence SRR12683167.266.1, skipping.
11-04 21:50 root         DEBUG    No ITS stop or start sites were identified for sequence SRR12683167.267.1, skipping.
11-04 21:50 root         DEBUG    No ITS stop or start sites were identified for sequence SRR12683167.262.1, skipping.
11-04 21:50 root         DEBUG    No ITS stop or start sites were identified for sequence SRR12683167.269.1, skipping.
11-04 21:50 root         DEBUG    No ITS stop or start sites were identified for sequence SRR12683167.270.1, skipping.
11-04 21:50 root         DEBUG    No ITS stop or start sites were identified for sequence SRR12683167.271.1, skipping.
11-04 21:50 root         DEBUG    No ITS stop or start sites were identified for sequence SRR12683167.272.1, skipping.
11-04 21:50 root         DEBUG    No ITS stop or start sites were identified for sequence SRR12683167.275.1, skipping.
11-04 21:50 root         DEBUG    No ITS stop or start sites were identified for sequence SRR12683167.276.1, skipping.
11-04 21:50 root         DEBUG    No ITS stop or start sites were identified for sequence SRR12683167.277.1, skipping.
11-04 21:50 root         DEBUG    No ITS stop or start sites were identified for sequence SRR12683167.278.1, skipping.
11-04 21:50 root         DEBUG    No ITS stop or start sites were identified for sequence SRR12683167.279.1, skipping.
11-04 21:50 root         DEBUG    No ITS stop or start sites were identified for sequence SRR12683167.280.1, skipping.
11-04 21:50 root         DEBUG    No ITS stop or start sites were identified for sequence SRR12683167.281.1, skipping.
11-04 21:50 root         DEBUG    No ITS stop or start sites were identified for sequence SRR12683167.282.1, skipping.
11-04 21:50 root         DEBUG    No ITS stop or start sites were identified for sequence SRR12683167.2.1, skipping.
11-04 21:50 root         DEBUG    No ITS stop or start sites were identified for sequence SRR12683167.284.1, skipping.
11-04 21:50 root         DEBUG    No ITS stop or start sites were identified for sequence SRR12683167.286.1, skipping.
11-04 21:50 root         DEBUG    No ITS stop or start sites were identified for sequence SRR12683167.19.1, skipping.
11-04 21:50 root         DEBUG    No ITS stop or start sites were identified for sequence SRR12683167.2.1, skipping.
11-04 21:50 root         DEBUG    No ITS stop or start sites were identified for sequence SRR12683167.296.1, skipping.
11-04 21:50 root         DEBUG    No ITS stop or start sites were identified for sequence SRR12683167.73.1, skipping.
11-04 21:50 root         DEBUG    No ITS stop or start sites were identified for sequence SRR12683167.298.1, skipping.
11-04 21:50 root         DEBUG    No ITS stop or start sites were identified for sequence SRR12683167.233.1, skipping.
11-04 21:50 root         DEBUG    No ITS stop or start sites were identified for sequence SRR12683167.280.1, skipping.
11-04 21:50 root         DEBUG    No ITS stop or start sites were identified for sequence SRR12683167.19.1, skipping.
11-04 21:50 root         DEBUG    No ITS stop or start sites were identified for sequence SRR12683167.4.1, skipping.
11-04 21:50 root         DEBUG    No ITS stop or start sites were identified for sequence SRR12683167.264.1, skipping.
11-04 21:50 root         DEBUG    No ITS stop or start sites were identified for sequence SRR12683167.305.1, skipping.
11-04 21:50 root         DEBUG    No ITS stop or start sites were identified for sequence SRR12683167.306.1, skipping.
11-04 21:50 root         DEBUG    No ITS stop or start sites were identified for sequence SRR12683167.307.1, skipping.
11-04 21:50 root         DEBUG    No ITS stop or start sites were identified for sequence SRR12683167.309.1, skipping.
11-04 21:50 root         DEBUG    No ITS stop or start sites were identified for sequence SRR12683167.310.1, skipping.
11-04 21:50 root         DEBUG    No ITS stop or start sites were identified for sequence SRR12683167.311.1, skipping.
11-04 21:50 root         DEBUG    No ITS stop or start sites were identified for sequence SRR12683167.312.1, skipping.
11-04 21:50 root         DEBUG    No ITS stop or start sites were identified for sequence SRR12683167.73.1, skipping.
11-04 21:50 root         DEBUG    No ITS stop or start sites were identified for sequence SRR12683167.315.1, skipping.
11-04 21:50 root         DEBUG    No ITS stop or start sites were identified for sequence SRR12683167.6.1, skipping.
11-04 21:50 root         DEBUG    No ITS stop or start sites were identified for sequence SRR12683167.317.1, skipping.
11-04 21:50 root         DEBUG    No ITS stop or start sites were identified for sequence SRR12683167.318.1, skipping.
11-04 21:50 root         DEBUG    No ITS stop or start sites were identified for sequence SRR12683167.319.1, skipping.
11-04 21:50 root         DEBUG    No ITS stop or start sites were identified for sequence SRR12683167.320.1, skipping.
11-04 21:50 root         DEBUG    No ITS stop or start sites were identified for sequence SRR12683167.321.1, skipping.
11-04 21:50 root         DEBUG    No ITS stop or start sites were identified for sequence SRR12683167.38.1, skipping.
11-04 21:50 root         DEBUG    No ITS stop or start sites were identified for sequence SRR12683167.2.1, skipping.
11-04 21:50 root         DEBUG    No ITS stop or start sites were identified for sequence SRR12683167.19.1, skipping.
11-04 21:50 root         DEBUG    No ITS stop or start sites were identified for sequence SRR12683167.326.1, skipping.
11-04 21:50 root         DEBUG    No ITS stop or start sites were identified for sequence SRR12683167.327.1, skipping.
11-04 21:50 root         DEBUG    No ITS stop or start sites were identified for sequence SRR12683167.328.1, skipping.
11-04 21:50 root         DEBUG    No ITS stop or start sites were identified for sequence SRR12683167.76.1, skipping.
11-04 21:50 root         DEBUG    No ITS stop or start sites were identified for sequence SRR12683167.19.1, skipping.
11-04 21:50 root         DEBUG    No ITS stop or start sites were identified for sequence SRR12683167.331.1, skipping.
11-04 21:50 root         DEBUG    No ITS stop or start sites were identified for sequence SRR12683167.332.1, skipping.
11-04 21:50 root         DEBUG    No ITS stop or start sites were identified for sequence SRR12683167.2.1, skipping.
11-04 21:50 root         DEBUG    No ITS stop or start sites were identified for sequence SRR12683167.334.1, skipping.
11-04 21:50 root         DEBUG    No ITS stop or start sites were identified for sequence SRR12683167.337.1, skipping.
11-04 21:50 root         DEBUG    No ITS stop or start sites were identified for sequence SRR12683167.339.1, skipping.
11-04 21:50 root         DEBUG    No ITS stop or start sites were identified for sequence SRR12683167.19.1, skipping.
11-04 21:50 root         DEBUG    No ITS stop or start sites were identified for sequence SRR12683167.2.1, skipping.
11-04 21:50 root         DEBUG    No ITS stop or start sites were identified for sequence SRR12683167.2.1, skipping.
11-04 21:50 root         DEBUG    No ITS stop or start sites were identified for sequence SRR12683167.345.1, skipping.
11-04 21:50 root         DEBUG    No ITS stop or start sites were identified for sequence SRR12683167.346.1, skipping.
11-04 21:50 root         DEBUG    No ITS stop or start sites were identified for sequence SRR12683167.347.1, skipping.
11-04 21:50 root         DEBUG    No ITS stop or start sites were identified for sequence SRR12683167.348.1, skipping.
11-04 21:50 root         DEBUG    No ITS stop or start sites were identified for sequence SRR12683167.124.1, skipping.
11-04 21:50 root         DEBUG    No ITS stop or start sites were identified for sequence SRR12683167.352.1, skipping.
11-04 21:50 root         DEBUG    No ITS stop or start sites were identified for sequence SRR12683167.353.1, skipping.
11-04 21:50 root         DEBUG    No ITS stop or start sites were identified for sequence SRR12683167.2.1, skipping.
11-04 21:50 root         DEBUG    No ITS stop or start sites were identified for sequence SRR12683167.4.1, skipping.
11-04 21:50 root         DEBUG    No ITS stop or start sites were identified for sequence SRR12683167.4.1, skipping.
11-04 21:50 root         DEBUG    No ITS stop or start sites were identified for sequence SRR12683167.357.1, skipping.
11-04 21:50 root         DEBUG    No ITS stop or start sites were identified for sequence SRR12683167.4.1, skipping.
11-04 21:50 root         DEBUG    No ITS stop or start sites were identified for sequence SRR12683167.124.1, skipping.
11-04 21:50 root         DEBUG    No ITS stop or start sites were identified for sequence SRR12683167.362.1, skipping.
11-04 21:50 root         DEBUG    No ITS stop or start sites were identified for sequence SRR12683167.365.1, skipping.
11-04 21:50 root         DEBUG    No ITS stop or start sites were identified for sequence SRR12683167.126.1, skipping.
11-04 21:50 root         DEBUG    No ITS stop or start sites were identified for sequence SRR12683167.2.1, skipping.
11-04 21:50 root         DEBUG    No ITS stop or start sites were identified for sequence SRR12683167.272.1, skipping.
11-04 21:50 root         DEBUG    No ITS stop or start sites were identified for sequence SRR12683167.19.1, skipping.
11-04 21:50 root         DEBUG    No ITS stop or start sites were identified for sequence SRR12683167.25.1, skipping.
11-04 21:50 root         DEBUG    No ITS stop or start sites were identified for sequence SRR12683167.2.1, skipping.
11-04 21:50 root         DEBUG    No ITS stop or start sites were identified for sequence SRR12683167.76.1, skipping.
11-04 21:50 root         DEBUG    No ITS stop or start sites were identified for sequence SRR12683167.375.1, skipping.
11-04 21:50 root         DEBUG    No ITS stop or start sites were identified for sequence SRR12683167.376.1, skipping.
11-04 21:50 root         DEBUG    No ITS stop or start sites were identified for sequence SRR12683167.377.1, skipping.
11-04 21:50 root         DEBUG    No ITS stop or start sites were identified for sequence SRR12683167.41.1, skipping.
11-04 21:50 root         DEBUG    No ITS stop or start sites were identified for sequence SRR12683167.381.1, skipping.
11-04 21:50 root         DEBUG    No ITS stop or start sites were identified for sequence SRR12683167.384.1, skipping.
11-04 21:50 root         DEBUG    No ITS stop or start sites were identified for sequence SRR12683167.385.1, skipping.
11-04 21:50 root         DEBUG    No ITS stop or start sites were identified for sequence SRR12683167.386.1, skipping.
11-04 21:50 root         DEBUG    No ITS stop or start sites were identified for sequence SRR12683167.74.1, skipping.
11-04 21:50 root         DEBUG    No ITS stop or start sites were identified for sequence SRR12683167.388.1, skipping.
11-04 21:50 root         DEBUG    No ITS stop or start sites were identified for sequence SRR12683167.167.1, skipping.
11-04 21:50 root         DEBUG    No ITS stop or start sites were identified for sequence SRR12683167.41.1, skipping.
11-04 21:50 root         DEBUG    No ITS stop or start sites were identified for sequence SRR12683167.108.1, skipping.
11-04 21:50 root         DEBUG    No ITS stop or start sites were identified for sequence SRR12683167.393.1, skipping.
11-04 21:50 root         DEBUG    No ITS stop or start sites were identified for sequence SRR12683167.394.1, skipping.
11-04 21:50 root         DEBUG    No ITS stop or start sites were identified for sequence SRR12683167.76.1, skipping.
11-04 21:50 root         DEBUG    No ITS stop or start sites were identified for sequence SRR12683167.399.1, skipping.
11-04 21:50 root         DEBUG    No ITS stop or start sites were identified for sequence SRR12683167.76.1, skipping.
11-04 21:50 root         DEBUG    No ITS stop or start sites were identified for sequence SRR12683167.401.1, skipping.
11-04 21:50 root         DEBUG    No ITS stop or start sites were identified for sequence SRR12683167.402.1, skipping.
11-04 21:50 root         DEBUG    No ITS stop or start sites were identified for sequence SRR12683167.25.1, skipping.
11-04 21:50 root         DEBUG    No ITS stop or start sites were identified for sequence SRR12683167.404.1, skipping.
11-04 21:50 root         DEBUG    No ITS stop or start sites were identified for sequence SRR12683167.405.1, skipping.
11-04 21:50 root         DEBUG    No ITS stop or start sites were identified for sequence SRR12683167.406.1, skipping.
11-04 21:50 root         DEBUG    No ITS stop or start sites were identified for sequence SRR12683167.25.1, skipping.
11-04 21:50 root         DEBUG    No ITS stop or start sites were identified for sequence SRR12683167.2.1, skipping.
11-04 21:50 root         DEBUG    No ITS stop or start sites were identified for sequence SRR12683167.41.1, skipping.
11-04 21:50 root         DEBUG    No ITS stop or start sites were identified for sequence SRR12683167.410.1, skipping.
11-04 21:50 root         DEBUG    No ITS stop or start sites were identified for sequence SRR12683167.417.1, skipping.
11-04 21:50 root         DEBUG    No ITS stop or start sites were identified for sequence SRR12683167.418.1, skipping.
11-04 21:50 root         DEBUG    No ITS stop or start sites were identified for sequence SRR12683167.419.1, skipping.
11-04 21:50 root         DEBUG    No ITS stop or start sites were identified for sequence SRR12683167.280.1, skipping.
11-04 21:50 root         DEBUG    No ITS stop or start sites were identified for sequence SRR12683167.421.1, skipping.
11-04 21:50 root         DEBUG    No ITS stop or start sites were identified for sequence SRR12683167.74.1, skipping.
11-04 21:50 root         DEBUG    No ITS stop or start sites were identified for sequence SRR12683167.305.1, skipping.
11-04 21:50 root         DEBUG    No ITS stop or start sites were identified for sequence SRR12683167.426.1, skipping.
11-04 21:50 root         DEBUG    No ITS stop or start sites were identified for sequence SRR12683167.76.1, skipping.
11-04 21:50 root         DEBUG    No ITS stop or start sites were identified for sequence SRR12683167.428.1, skipping.
11-04 21:50 root         DEBUG    No ITS stop or start sites were identified for sequence SRR12683167.429.1, skipping.
11-04 21:50 root         DEBUG    No ITS stop or start sites were identified for sequence SRR12683167.153.1, skipping.
11-04 21:50 root         DEBUG    No ITS stop or start sites were identified for sequence SRR12683167.19.1, skipping.
11-04 21:50 root         DEBUG    No ITS stop or start sites were identified for sequence SRR12683167.433.1, skipping.
11-04 21:50 root         DEBUG    No ITS stop or start sites were identified for sequence SRR12683167.435.1, skipping.
11-04 21:50 root         DEBUG    No ITS stop or start sites were identified for sequence SRR12683167.2.1, skipping.
11-04 21:50 root         DEBUG    No ITS stop or start sites were identified for sequence SRR12683167.2.1, skipping.
11-04 21:50 root         DEBUG    No ITS stop or start sites were identified for sequence SRR12683167.2.1, skipping.
11-04 21:50 root         DEBUG    No ITS stop or start sites were identified for sequence SRR12683167.439.1, skipping.
11-04 21:50 root         DEBUG    No ITS stop or start sites were identified for sequence SRR12683167.129.1, skipping.
11-04 21:50 root         DEBUG    No ITS stop or start sites were identified for sequence SRR12683167.19.1, skipping.
11-04 21:50 root         DEBUG    No ITS stop or start sites were identified for sequence SRR12683167.4.1, skipping.
11-04 21:50 root         DEBUG    No ITS stop or start sites were identified for sequence SRR12683167.443.1, skipping.
11-04 21:50 root         DEBUG    No ITS stop or start sites were identified for sequence SRR12683167.444.1, skipping.
11-04 21:50 root         DEBUG    No ITS stop or start sites were identified for sequence SRR12683167.19.1, skipping.
11-04 21:50 root         DEBUG    No ITS stop or start sites were identified for sequence SRR12683167.448.1, skipping.
11-04 21:50 root         DEBUG    No ITS stop or start sites were identified for sequence SRR12683167.450.1, skipping.
11-04 21:50 root         DEBUG    No ITS stop or start sites were identified for sequence SRR12683167.451.1, skipping.
11-04 21:50 root         DEBUG    No ITS stop or start sites were identified for sequence SRR12683167.252.1, skipping.
11-04 21:50 root         DEBUG    No ITS stop or start sites were identified for sequence SRR12683167.455.1, skipping.
11-04 21:50 root         DEBUG    No ITS stop or start sites were identified for sequence SRR12683167.129.1, skipping.
11-04 21:50 root         DEBUG    No ITS stop or start sites were identified for sequence SRR12683167.2.1, skipping.
11-04 21:50 root         DEBUG    No ITS stop or start sites were identified for sequence SRR12683167.459.1, skipping.
11-04 21:50 root         DEBUG    No ITS stop or start sites were identified for sequence SRR12683167.56.1, skipping.
11-04 21:50 root         DEBUG    No ITS stop or start sites were identified for sequence SRR12683167.19.1, skipping.
11-04 21:50 root         DEBUG    No ITS stop or start sites were identified for sequence SRR12683167.464.1, skipping.
11-04 21:50 root         DEBUG    No ITS stop or start sites were identified for sequence SRR12683167.465.1, skipping.
11-04 21:50 root         DEBUG    No ITS stop or start sites were identified for sequence SRR12683167.22.1, skipping.
11-04 21:50 root         DEBUG    No ITS stop or start sites were identified for sequence SRR12683167.467.1, skipping.
11-04 21:50 root         DEBUG    No ITS stop or start sites were identified for sequence SRR12683167.468.1, skipping.
11-04 21:50 root         DEBUG    No ITS stop or start sites were identified for sequence SRR12683167.232.1, skipping.
11-04 21:50 root         DEBUG    No ITS stop or start sites were identified for sequence SRR12683167.470.1, skipping.
11-04 21:50 root         DEBUG    No ITS stop or start sites were identified for sequence SRR12683167.6.1, skipping.
11-04 21:50 root         DEBUG    No ITS stop or start sites were identified for sequence SRR12683167.13.1, skipping.
11-04 21:50 root         DEBUG    No ITS stop or start sites were identified for sequence SRR12683167.474.1, skipping.
11-04 21:50 root         DEBUG    No ITS stop or start sites were identified for sequence SRR12683167.475.1, skipping.
11-04 21:50 root         DEBUG    No ITS stop or start sites were identified for sequence SRR12683167.76.1, skipping.
11-04 21:50 root         DEBUG    No ITS stop or start sites were identified for sequence SRR12683167.73.1, skipping.
11-04 21:50 root         DEBUG    No ITS stop or start sites were identified for sequence SRR12683167.76.1, skipping.
11-04 21:50 root         DEBUG    No ITS stop or start sites were identified for sequence SRR12683167.73.1, skipping.
11-04 21:50 root         DEBUG    No ITS stop or start sites were identified for sequence SRR12683167.73.1, skipping.
11-04 21:50 root         DEBUG    No ITS stop or start sites were identified for sequence SRR12683167.482.1, skipping.
11-04 21:50 root         DEBUG    No ITS stop or start sites were identified for sequence SRR12683167.483.1, skipping.
11-04 21:50 root         DEBUG    No ITS stop or start sites were identified for sequence SRR12683167.188.1, skipping.
11-04 21:50 root         DEBUG    No ITS stop or start sites were identified for sequence SRR12683167.486.1, skipping.
11-04 21:50 root         DEBUG    No ITS stop or start sites were identified for sequence SRR12683167.487.1, skipping.
11-04 21:50 root         DEBUG    No ITS stop or start sites were identified for sequence SRR12683167.41.1, skipping.
11-04 21:50 root         DEBUG    No ITS stop or start sites were identified for sequence SRR12683167.279.1, skipping.
11-04 21:50 root         DEBUG    No ITS stop or start sites were identified for sequence SRR12683167.76.1, skipping.
11-04 21:50 root         DEBUG    No ITS stop or start sites were identified for sequence SRR12683167.41.1, skipping.
11-04 21:50 root         DEBUG    No ITS stop or start sites were identified for sequence SRR12683167.4.1, skipping.
11-04 21:50 root         DEBUG    No ITS stop or start sites were identified for sequence SRR12683167.494.1, skipping.
11-04 21:50 root         DEBUG    No ITS stop or start sites were identified for sequence SRR12683167.496.1, skipping.
11-04 21:50 root         DEBUG    No ITS stop or start sites were identified for sequence SRR12683167.90.1, skipping.
11-04 21:50 root         DEBUG    No ITS stop or start sites were identified for sequence SRR12683167.498.1, skipping.
11-04 21:50 root         DEBUG    No ITS stop or start sites were identified for sequence SRR12683167.4.1, skipping.
11-04 21:50 root         DEBUG    No ITS stop or start sites were identified for sequence SRR12683167.76.1, skipping.
11-04 21:50 root         DEBUG    No ITS stop or start sites were identified for sequence SRR12683167.507.1, skipping.
11-04 21:50 root         DEBUG    No ITS stop or start sites were identified for sequence SRR12683167.508.1, skipping.
11-04 21:50 root         DEBUG    No ITS stop or start sites were identified for sequence SRR12683167.279.1, skipping.
11-04 21:50 root         DEBUG    No ITS stop or start sites were identified for sequence SRR12683167.4.1, skipping.
11-04 21:50 root         DEBUG    No ITS stop or start sites were identified for sequence SRR12683167.512.1, skipping.
11-04 21:50 root         DEBUG    No ITS stop or start sites were identified for sequence SRR12683167.513.1, skipping.
11-04 21:50 root         DEBUG    No ITS stop or start sites were identified for sequence SRR12683167.515.1, skipping.
11-04 21:50 root         DEBUG    No ITS stop or start sites were identified for sequence SRR12683167.516.1, skipping.
11-04 21:50 root         DEBUG    No ITS stop or start sites were identified for sequence SRR12683167.517.1, skipping.
11-04 21:50 root         DEBUG    No ITS stop or start sites were identified for sequence SRR12683167.518.1, skipping.
11-04 21:50 root         DEBUG    No ITS stop or start sites were identified for sequence SRR12683167.519.1, skipping.
11-04 21:50 root         DEBUG    No ITS stop or start sites were identified for sequence SRR12683167.2.1, skipping.
11-04 21:50 root         DEBUG    No ITS stop or start sites were identified for sequence SRR12683167.13.1, skipping.
11-04 21:50 root         DEBUG    No ITS stop or start sites were identified for sequence SRR12683167.22.1, skipping.
11-04 21:50 root         DEBUG    No ITS stop or start sites were identified for sequence SRR12683167.523.1, skipping.
11-04 21:50 root         DEBUG    No ITS stop or start sites were identified for sequence SRR12683167.2.1, skipping.
11-04 21:50 root         DEBUG    No ITS stop or start sites were identified for sequence SRR12683167.527.1, skipping.
11-04 21:50 root         DEBUG    No ITS stop or start sites were identified for sequence SRR12683167.22.1, skipping.
11-04 21:50 root         DEBUG    No ITS stop or start sites were identified for sequence SRR12683167.4.1, skipping.
11-04 21:50 root         DEBUG    No ITS stop or start sites were identified for sequence SRR12683167.533.1, skipping.
11-04 21:50 root         DEBUG    No ITS stop or start sites were identified for sequence SRR12683167.2.1, skipping.
11-04 21:50 root         DEBUG    No ITS stop or start sites were identified for sequence SRR12683167.536.1, skipping.
11-04 21:50 root         DEBUG    No ITS stop or start sites were identified for sequence SRR12683167.537.1, skipping.
11-04 21:50 root         DEBUG    No ITS stop or start sites were identified for sequence SRR12683167.459.1, skipping.
11-04 21:50 root         DEBUG    No ITS stop or start sites were identified for sequence SRR12683167.539.1, skipping.
11-04 21:50 root         DEBUG    No ITS stop or start sites were identified for sequence SRR12683167.76.1, skipping.
11-04 21:50 root         DEBUG    No ITS stop or start sites were identified for sequence SRR12683167.19.1, skipping.
11-04 21:50 root         DEBUG    No ITS stop or start sites were identified for sequence SRR12683167.279.1, skipping.
11-04 21:50 root         DEBUG    No ITS stop or start sites were identified for sequence SRR12683167.543.1, skipping.
11-04 21:50 root         DEBUG    No ITS stop or start sites were identified for sequence SRR12683167.4.1, skipping.
11-04 21:50 root         DEBUG    No ITS stop or start sites were identified for sequence SRR12683167.547.1, skipping.
11-04 21:50 root         DEBUG    No ITS stop or start sites were identified for sequence SRR12683167.25.1, skipping.
11-04 21:50 root         DEBUG    No ITS stop or start sites were identified for sequence SRR12683167.129.1, skipping.
11-04 21:50 root         DEBUG    No ITS stop or start sites were identified for sequence SRR12683167.550.1, skipping.
11-04 21:50 root         DEBUG    No ITS stop or start sites were identified for sequence SRR12683167.459.1, skipping.
11-04 21:50 root         DEBUG    No ITS stop or start sites were identified for sequence SRR12683167.22.1, skipping.
11-04 21:50 root         DEBUG    No ITS stop or start sites were identified for sequence SRR12683167.2.1, skipping.
11-04 21:50 root         DEBUG    No ITS stop or start sites were identified for sequence SRR12683167.555.1, skipping.
11-04 21:50 root         DEBUG    No ITS stop or start sites were identified for sequence SRR12683167.556.1, skipping.
11-04 21:50 root         DEBUG    No ITS stop or start sites were identified for sequence SRR12683167.557.1, skipping.
11-04 21:50 root         DEBUG    No ITS stop or start sites were identified for sequence SRR12683167.558.1, skipping.
11-04 21:50 root         DEBUG    No ITS stop or start sites were identified for sequence SRR12683167.153.1, skipping.
11-04 21:50 root         DEBUG    No ITS stop or start sites were identified for sequence SRR12683167.76.1, skipping.
11-04 21:50 root         DEBUG    No ITS stop or start sites were identified for sequence SRR12683167.22.1, skipping.
11-04 21:50 root         DEBUG    No ITS stop or start sites were identified for sequence SRR12683167.56.1, skipping.
11-04 21:50 root         DEBUG    No ITS stop or start sites were identified for sequence SRR12683167.566.1, skipping.
11-04 21:50 root         DEBUG    No ITS stop or start sites were identified for sequence SRR12683167.19.1, skipping.
11-04 21:50 root         DEBUG    No ITS stop or start sites were identified for sequence SRR12683167.568.1, skipping.
11-04 21:50 root         DEBUG    No ITS stop or start sites were identified for sequence SRR12683167.569.1, skipping.
11-04 21:50 root         DEBUG    No ITS stop or start sites were identified for sequence SRR12683167.76.1, skipping.
11-04 21:50 root         DEBUG    No ITS stop or start sites were identified for sequence SRR12683167.76.1, skipping.
11-04 21:50 root         DEBUG    No ITS stop or start sites were identified for sequence SRR12683167.112.1, skipping.
11-04 21:50 root         DEBUG    No ITS stop or start sites were identified for sequence SRR12683167.25.1, skipping.
11-04 21:50 root         DEBUG    No ITS stop or start sites were identified for sequence SRR12683167.575.1, skipping.
11-04 21:50 root         DEBUG    No ITS stop or start sites were identified for sequence SRR12683167.576.1, skipping.
11-04 21:50 root         DEBUG    No ITS stop or start sites were identified for sequence SRR12683167.74.1, skipping.
11-04 21:50 root         DEBUG    No ITS stop or start sites were identified for sequence SRR12683167.580.1, skipping.
11-04 21:50 root         DEBUG    No ITS stop or start sites were identified for sequence SRR12683167.2.1, skipping.
11-04 21:50 root         DEBUG    No ITS stop or start sites were identified for sequence SRR12683167.584.1, skipping.
11-04 21:50 root         DEBUG    No ITS stop or start sites were identified for sequence SRR12683167.588.1, skipping.
11-04 21:50 root         DEBUG    No ITS stop or start sites were identified for sequence SRR12683167.589.1, skipping.
11-04 21:50 root         DEBUG    No ITS stop or start sites were identified for sequence SRR12683167.590.1, skipping.
11-04 21:50 root         DEBUG    No ITS stop or start sites were identified for sequence SRR12683167.19.1, skipping.
11-04 21:50 root         DEBUG    No ITS stop or start sites were identified for sequence SRR12683167.19.1, skipping.
11-04 21:50 root         DEBUG    No ITS stop or start sites were identified for sequence SRR12683167.2.1, skipping.
11-04 21:50 root         DEBUG    No ITS stop or start sites were identified for sequence SRR12683167.595.1, skipping.
11-04 21:50 root         DEBUG    No ITS stop or start sites were identified for sequence SRR12683167.596.1, skipping.
11-04 21:50 root         DEBUG    No ITS stop or start sites were identified for sequence SRR12683167.4.1, skipping.
11-04 21:50 root         DEBUG    No ITS stop or start sites were identified for sequence SRR12683167.2.1, skipping.
11-04 21:50 root         DEBUG    No ITS stop or start sites were identified for sequence SRR12683167.272.1, skipping.
11-04 21:50 root         DEBUG    No ITS stop or start sites were identified for sequence SRR12683167.604.1, skipping.
11-04 21:50 root         DEBUG    No ITS stop or start sites were identified for sequence SRR12683167.339.1, skipping.
11-04 21:50 root         DEBUG    No ITS stop or start sites were identified for sequence SRR12683167.25.1, skipping.
11-04 21:50 root         DEBUG    No ITS stop or start sites were identified for sequence SRR12683167.607.1, skipping.
11-04 21:50 root         DEBUG    No ITS stop or start sites were identified for sequence SRR12683167.19.1, skipping.
11-04 21:50 root         DEBUG    No ITS stop or start sites were identified for sequence SRR12683167.612.1, skipping.
11-04 21:50 root         DEBUG    No ITS stop or start sites were identified for sequence SRR12683167.19.1, skipping.
11-04 21:50 root         DEBUG    No ITS stop or start sites were identified for sequence SRR12683167.616.1, skipping.
11-04 21:50 root         DEBUG    No ITS stop or start sites were identified for sequence SRR12683167.4.1, skipping.
11-04 21:50 root         DEBUG    No ITS stop or start sites were identified for sequence SRR12683167.618.1, skipping.
11-04 21:50 root         DEBUG    No ITS stop or start sites were identified for sequence SRR12683167.124.1, skipping.
11-04 21:50 root         DEBUG    No ITS stop or start sites were identified for sequence SRR12683167.124.1, skipping.
11-04 21:50 root         DEBUG    No ITS stop or start sites were identified for sequence SRR12683167.622.1, skipping.
11-04 21:50 root         DEBUG    No ITS stop or start sites were identified for sequence SRR12683167.623.1, skipping.
11-04 21:50 root         DEBUG    No ITS stop or start sites were identified for sequence SRR12683167.459.1, skipping.
11-04 21:50 root         DEBUG    No ITS stop or start sites were identified for sequence SRR12683167.626.1, skipping.
11-04 21:50 root         DEBUG    No ITS stop or start sites were identified for sequence SRR12683167.627.1, skipping.
11-04 21:50 root         DEBUG    No ITS stop or start sites were identified for sequence SRR12683167.628.1, skipping.
11-04 21:50 root         DEBUG    No ITS stop or start sites were identified for sequence SRR12683167.630.1, skipping.
11-04 21:50 root         DEBUG    No ITS stop or start sites were identified for sequence SRR12683167.631.1, skipping.
11-04 21:50 root         DEBUG    No ITS stop or start sites were identified for sequence SRR12683167.632.1, skipping.
11-04 21:50 root         DEBUG    No ITS stop or start sites were identified for sequence SRR12683167.272.1, skipping.
11-04 21:50 root         DEBUG    No ITS stop or start sites were identified for sequence SRR12683167.636.1, skipping.
11-04 21:50 root         DEBUG    No ITS stop or start sites were identified for sequence SRR12683167.637.1, skipping.
11-04 21:50 root         DEBUG    No ITS stop or start sites were identified for sequence SRR12683167.76.1, skipping.
11-04 21:50 root         DEBUG    No ITS stop or start sites were identified for sequence SRR12683167.381.1, skipping.
11-04 21:50 root         DEBUG    No ITS stop or start sites were identified for sequence SRR12683167.4.1, skipping.
11-04 21:50 root         DEBUG    No ITS stop or start sites were identified for sequence SRR12683167.642.1, skipping.
11-04 21:50 root         DEBUG    No ITS stop or start sites were identified for sequence SRR12683167.645.1, skipping.
11-04 21:50 root         DEBUG    No ITS stop or start sites were identified for sequence SRR12683167.647.1, skipping.
11-04 21:50 root         DEBUG    No ITS stop or start sites were identified for sequence SRR12683167.649.1, skipping.
11-04 21:50 root         DEBUG    No ITS stop or start sites were identified for sequence SRR12683167.650.1, skipping.
11-04 21:50 root         DEBUG    No ITS stop or start sites were identified for sequence SRR12683167.651.1, skipping.
11-04 21:50 root         DEBUG    No ITS stop or start sites were identified for sequence SRR12683167.652.1, skipping.
11-04 21:50 root         DEBUG    No ITS stop or start sites were identified for sequence SRR12683167.649.1, skipping.
11-04 21:50 root         DEBUG    No ITS stop or start sites were identified for sequence SRR12683167.654.1, skipping.
11-04 21:50 root         DEBUG    No ITS stop or start sites were identified for sequence SRR12683167.655.1, skipping.
11-04 21:50 root         DEBUG    No ITS stop or start sites were identified for sequence SRR12683167.656.1, skipping.
11-04 21:50 root         DEBUG    No ITS stop or start sites were identified for sequence SRR12683167.660.1, skipping.
11-04 21:50 root         DEBUG    No ITS stop or start sites were identified for sequence SRR12683167.661.1, skipping.
11-04 21:50 root         DEBUG    No ITS stop or start sites were identified for sequence SRR12683167.665.1, skipping.
11-04 21:50 root         DEBUG    No ITS stop or start sites were identified for sequence SRR12683167.649.1, skipping.
11-04 21:50 root         DEBUG    No ITS stop or start sites were identified for sequence SRR12683167.667.1, skipping.
11-04 21:50 root         DEBUG    No ITS stop or start sites were identified for sequence SRR12683167.74.1, skipping.
11-04 21:50 root         DEBUG    No ITS stop or start sites were identified for sequence SRR12683167.670.1, skipping.
11-04 21:50 root         DEBUG    No ITS stop or start sites were identified for sequence SRR12683167.671.1, skipping.
11-04 21:50 root         DEBUG    No ITS stop or start sites were identified for sequence SRR12683167.675.1, skipping.
11-04 21:50 root         DEBUG    No ITS stop or start sites were identified for sequence SRR12683167.676.1, skipping.
11-04 21:50 root         DEBUG    No ITS stop or start sites were identified for sequence SRR12683167.677.1, skipping.
11-04 21:50 root         DEBUG    No ITS stop or start sites were identified for sequence SRR12683167.679.1, skipping.
11-04 21:50 root         DEBUG    No ITS stop or start sites were identified for sequence SRR12683167.680.1, skipping.
11-04 21:50 root         DEBUG    No ITS stop or start sites were identified for sequence SRR12683167.681.1, skipping.
11-04 21:50 root         DEBUG    No ITS stop or start sites were identified for sequence SRR12683167.2.1, skipping.
11-04 21:50 root         DEBUG    No ITS stop or start sites were identified for sequence SRR12683167.684.1, skipping.
11-04 21:50 root         DEBUG    No ITS stop or start sites were identified for sequence SRR12683167.686.1, skipping.
11-04 21:50 root         DEBUG    No ITS stop or start sites were identified for sequence SRR12683167.687.1, skipping.
11-04 21:50 root         DEBUG    No ITS stop or start sites were identified for sequence SRR12683167.689.1, skipping.
11-04 21:50 root         DEBUG    No ITS stop or start sites were identified for sequence SRR12683167.692.1, skipping.
11-04 21:50 root         DEBUG    No ITS stop or start sites were identified for sequence SRR12683167.210.1, skipping.
11-04 21:50 root         DEBUG    No ITS stop or start sites were identified for sequence SRR12683167.694.1, skipping.
11-04 21:50 root         DEBUG    No ITS stop or start sites were identified for sequence SRR12683167.695.1, skipping.
11-04 21:50 root         DEBUG    No ITS stop or start sites were identified for sequence SRR12683167.698.1, skipping.
11-04 21:50 root         DEBUG    No ITS stop or start sites were identified for sequence SRR12683167.124.1, skipping.
11-04 21:50 root         DEBUG    No ITS stop or start sites were identified for sequence SRR12683167.700.1, skipping.
11-04 21:50 root         DEBUG    No ITS stop or start sites were identified for sequence SRR12683167.702.1, skipping.
11-04 21:50 root         DEBUG    No ITS stop or start sites were identified for sequence SRR12683167.703.1, skipping.
11-04 21:50 root         DEBUG    No ITS stop or start sites were identified for sequence SRR12683167.76.1, skipping.
11-04 21:50 root         DEBUG    No ITS stop or start sites were identified for sequence SRR12683167.35.1, skipping.
11-04 21:50 root         DEBUG    No ITS stop or start sites were identified for sequence SRR12683167.2.1, skipping.
11-04 21:50 root         DEBUG    No ITS stop or start sites were identified for sequence SRR12683167.13.1, skipping.
11-04 21:50 root         DEBUG    No ITS stop or start sites were identified for sequence SRR12683167.708.1, skipping.
11-04 21:50 root         DEBUG    No ITS stop or start sites were identified for sequence SRR12683167.709.1, skipping.
11-04 21:50 root         DEBUG    No ITS stop or start sites were identified for sequence SRR12683167.711.1, skipping.
11-04 21:50 root         DEBUG    No ITS stop or start sites were identified for sequence SRR12683167.4.1, skipping.
11-04 21:50 root         DEBUG    No ITS stop or start sites were identified for sequence SRR12683167.717.1, skipping.
11-04 21:50 root         DEBUG    No ITS stop or start sites were identified for sequence SRR12683167.22.1, skipping.
11-04 21:50 root         DEBUG    No ITS stop or start sites were identified for sequence SRR12683167.720.1, skipping.
11-04 21:50 root         DEBUG    No ITS stop or start sites were identified for sequence SRR12683167.73.1, skipping.
11-04 21:50 root         DEBUG    No ITS stop or start sites were identified for sequence SRR12683167.153.1, skipping.
11-04 21:50 root         DEBUG    No ITS stop or start sites were identified for sequence SRR12683167.723.1, skipping.
11-04 21:50 root         DEBUG    No ITS stop or start sites were identified for sequence SRR12683167.41.1, skipping.
11-04 21:50 root         DEBUG    No ITS stop or start sites were identified for sequence SRR12683167.2.1, skipping.
11-04 21:50 root         DEBUG    No ITS stop or start sites were identified for sequence SRR12683167.22.1, skipping.
11-04 21:50 root         DEBUG    No ITS stop or start sites were identified for sequence SRR12683167.2.1, skipping.
11-04 21:50 root         DEBUG    No ITS stop or start sites were identified for sequence SRR12683167.732.1, skipping.
11-04 21:50 root         DEBUG    No ITS stop or start sites were identified for sequence SRR12683167.76.1, skipping.
11-04 21:50 root         DEBUG    No ITS stop or start sites were identified for sequence SRR12683167.188.1, skipping.
11-04 21:50 root         DEBUG    No ITS stop or start sites were identified for sequence SRR12683167.737.1, skipping.
11-04 21:50 root         DEBUG    No ITS stop or start sites were identified for sequence SRR12683167.2.1, skipping.
11-04 21:50 root         DEBUG    No ITS stop or start sites were identified for sequence SRR12683167.306.1, skipping.
11-04 21:50 root         DEBUG    No ITS stop or start sites were identified for sequence SRR12683167.743.1, skipping.
11-04 21:50 root         DEBUG    No ITS stop or start sites were identified for sequence SRR12683167.76.1, skipping.
11-04 21:50 root         DEBUG    No ITS stop or start sites were identified for sequence SRR12683167.2.1, skipping.
11-04 21:50 root         DEBUG    No ITS stop or start sites were identified for sequence SRR12683167.2.1, skipping.
11-04 21:50 root         DEBUG    No ITS stop or start sites were identified for sequence SRR12683167.25.1, skipping.
11-04 21:50 root         DEBUG    No ITS stop or start sites were identified for sequence SRR12683167.76.1, skipping.
11-04 21:50 root         DEBUG    No ITS stop or start sites were identified for sequence SRR12683167.750.1, skipping.
11-04 21:50 root         DEBUG    No ITS stop or start sites were identified for sequence SRR12683167.4.1, skipping.
11-04 21:50 root         DEBUG    No ITS stop or start sites were identified for sequence SRR12683167.150.1, skipping.
11-04 21:50 root         DEBUG    No ITS stop or start sites were identified for sequence SRR12683167.753.1, skipping.
11-04 21:50 root         DEBUG    No ITS stop or start sites were identified for sequence SRR12683167.754.1, skipping.
11-04 21:50 root         DEBUG    No ITS stop or start sites were identified for sequence SRR12683167.2.1, skipping.
11-04 21:50 root         DEBUG    No ITS stop or start sites were identified for sequence SRR12683167.756.1, skipping.
11-04 21:50 root         DEBUG    No ITS stop or start sites were identified for sequence SRR12683167.757.1, skipping.
11-04 21:50 root         DEBUG    No ITS stop or start sites were identified for sequence SRR12683167.758.1, skipping.
11-04 21:50 root         DEBUG    No ITS stop or start sites were identified for sequence SRR12683167.759.1, skipping.
11-04 21:50 root         DEBUG    No ITS stop or start sites were identified for sequence SRR12683167.760.1, skipping.
11-04 21:50 root         DEBUG    No ITS stop or start sites were identified for sequence SRR12683167.4.1, skipping.
11-04 21:50 root         DEBUG    No ITS stop or start sites were identified for sequence SRR12683167.763.1, skipping.
11-04 21:50 root         DEBUG    No ITS stop or start sites were identified for sequence SRR12683167.19.1, skipping.
11-04 21:50 root         DEBUG    No ITS stop or start sites were identified for sequence SRR12683167.195.1, skipping.
11-04 21:50 root         DEBUG    No ITS stop or start sites were identified for sequence SRR12683167.279.1, skipping.
11-04 21:50 root         DEBUG    No ITS stop or start sites were identified for sequence SRR12683167.2.1, skipping.
11-04 21:50 root         DEBUG    No ITS stop or start sites were identified for sequence SRR12683167.19.1, skipping.
11-04 21:50 root         DEBUG    No ITS stop or start sites were identified for sequence SRR12683167.2.1, skipping.
11-04 21:50 root         DEBUG    No ITS stop or start sites were identified for sequence SRR12683167.19.1, skipping.
11-04 21:50 root         DEBUG    No ITS stop or start sites were identified for sequence SRR12683167.778.1, skipping.
11-04 21:50 root         DEBUG    No ITS stop or start sites were identified for sequence SRR12683167.38.1, skipping.
11-04 21:50 root         DEBUG    No ITS stop or start sites were identified for sequence SRR12683167.4.1, skipping.
11-04 21:50 root         DEBUG    No ITS stop or start sites were identified for sequence SRR12683167.381.1, skipping.
11-04 21:50 root         DEBUG    No ITS stop or start sites were identified for sequence SRR12683167.381.1, skipping.
11-04 21:50 root         DEBUG    No ITS stop or start sites were identified for sequence SRR12683167.783.1, skipping.
11-04 21:50 root         DEBUG    No ITS stop or start sites were identified for sequence SRR12683167.345.1, skipping.
11-04 21:50 root         DEBUG    No ITS stop or start sites were identified for sequence SRR12683167.2.1, skipping.
11-04 21:50 root         DEBUG    No ITS stop or start sites were identified for sequence SRR12683167.4.1, skipping.
11-04 21:50 root         DEBUG    No ITS stop or start sites were identified for sequence SRR12683167.790.1, skipping.
11-04 21:50 root         DEBUG    No ITS stop or start sites were identified for sequence SRR12683167.108.1, skipping.
11-04 21:50 root         DEBUG    No ITS stop or start sites were identified for sequence SRR12683167.792.1, skipping.
11-04 21:50 root         DEBUG    No ITS stop or start sites were identified for sequence SRR12683167.41.1, skipping.
11-04 21:50 root         DEBUG    No ITS stop or start sites were identified for sequence SRR12683167.2.1, skipping.
11-04 21:50 root         DEBUG    No ITS stop or start sites were identified for sequence SRR12683167.797.1, skipping.
11-04 21:50 root         DEBUG    No ITS stop or start sites were identified for sequence SRR12683167.566.1, skipping.
11-04 21:50 root         DEBUG    No ITS stop or start sites were identified for sequence SRR12683167.800.1, skipping.
11-04 21:50 root         DEBUG    No ITS stop or start sites were identified for sequence SRR12683167.802.1, skipping.
11-04 21:50 root         DEBUG    No ITS stop or start sites were identified for sequence SRR12683167.803.1, skipping.
11-04 21:50 root         DEBUG    No ITS stop or start sites were identified for sequence SRR12683167.76.1, skipping.
11-04 21:50 root         DEBUG    No ITS stop or start sites were identified for sequence SRR12683167.76.1, skipping.
11-04 21:50 root         DEBUG    No ITS stop or start sites were identified for sequence SRR12683167.807.1, skipping.
11-04 21:50 root         DEBUG    No ITS stop or start sites were identified for sequence SRR12683167.808.1, skipping.
11-04 21:50 root         DEBUG    No ITS stop or start sites were identified for sequence SRR12683167.810.1, skipping.
11-04 21:50 root         DEBUG    No ITS stop or start sites were identified for sequence SRR12683167.811.1, skipping.
11-04 21:50 root         DEBUG    No ITS stop or start sites were identified for sequence SRR12683167.812.1, skipping.
11-04 21:50 root         DEBUG    No ITS stop or start sites were identified for sequence SRR12683167.13.1, skipping.
11-04 21:50 root         DEBUG    No ITS stop or start sites were identified for sequence SRR12683167.815.1, skipping.
11-04 21:50 root         DEBUG    No ITS stop or start sites were identified for sequence SRR12683167.816.1, skipping.
11-04 21:50 root         DEBUG    No ITS stop or start sites were identified for sequence SRR12683167.2.1, skipping.
11-04 21:50 root         DEBUG    No ITS stop or start sites were identified for sequence SRR12683167.819.1, skipping.
11-04 21:50 root         DEBUG    No ITS stop or start sites were identified for sequence SRR12683167.820.1, skipping.
11-04 21:50 root         DEBUG    No ITS stop or start sites were identified for sequence SRR12683167.821.1, skipping.
11-04 21:50 root         DEBUG    No ITS stop or start sites were identified for sequence SRR12683167.2.1, skipping.
11-04 21:50 root         DEBUG    No ITS stop or start sites were identified for sequence SRR12683167.825.1, skipping.
11-04 21:50 root         DEBUG    No ITS stop or start sites were identified for sequence SRR12683167.41.1, skipping.
11-04 21:50 root         DEBUG    No ITS stop or start sites were identified for sequence SRR12683167.25.1, skipping.
11-04 21:50 root         DEBUG    No ITS stop or start sites were identified for sequence SRR12683167.829.1, skipping.
11-04 21:50 root         DEBUG    No ITS stop or start sites were identified for sequence SRR12683167.832.1, skipping.
11-04 21:50 root         DEBUG    No ITS stop or start sites were identified for sequence SRR12683167.837.1, skipping.
11-04 21:50 root         DEBUG    No ITS stop or start sites were identified for sequence SRR12683167.837.1, skipping.
11-04 21:50 root         DEBUG    No ITS stop or start sites were identified for sequence SRR12683167.840.1, skipping.
11-04 21:50 root         DEBUG    No ITS stop or start sites were identified for sequence SRR12683167.842.1, skipping.
11-04 21:50 root         DEBUG    No ITS stop or start sites were identified for sequence SRR12683167.2.1, skipping.
11-04 21:50 root         DEBUG    No ITS stop or start sites were identified for sequence SRR12683167.19.1, skipping.
11-04 21:50 root         DEBUG    No ITS stop or start sites were identified for sequence SRR12683167.2.1, skipping.
11-04 21:50 root         DEBUG    No ITS stop or start sites were identified for sequence SRR12683167.846.1, skipping.
11-04 21:50 root         DEBUG    No ITS stop or start sites were identified for sequence SRR12683167.847.1, skipping.
11-04 21:50 root         DEBUG    No ITS stop or start sites were identified for sequence SRR12683167.849.1, skipping.
11-04 21:50 root         DEBUG    No ITS stop or start sites were identified for sequence SRR12683167.850.1, skipping.
11-04 21:50 root         DEBUG    No ITS stop or start sites were identified for sequence SRR12683167.851.1, skipping.
11-04 21:50 root         DEBUG    No ITS stop or start sites were identified for sequence SRR12683167.569.1, skipping.
11-04 21:50 root         DEBUG    No ITS stop or start sites were identified for sequence SRR12683167.854.1, skipping.
11-04 21:50 root         DEBUG    No ITS stop or start sites were identified for sequence SRR12683167.855.1, skipping.
11-04 21:50 root         DEBUG    No ITS stop or start sites were identified for sequence SRR12683167.856.1, skipping.
11-04 21:50 root         DEBUG    No ITS stop or start sites were identified for sequence SRR12683167.857.1, skipping.
11-04 21:50 root         DEBUG    No ITS stop or start sites were identified for sequence SRR12683167.859.1, skipping.
11-04 21:50 root         DEBUG    No ITS stop or start sites were identified for sequence SRR12683167.862.1, skipping.
11-04 21:50 root         DEBUG    No ITS stop or start sites were identified for sequence SRR12683167.864.1, skipping.
11-04 21:50 root         DEBUG    No ITS stop or start sites were identified for sequence SRR12683167.865.1, skipping.
11-04 21:50 root         DEBUG    No ITS stop or start sites were identified for sequence SRR12683167.867.1, skipping.
11-04 21:50 root         DEBUG    No ITS stop or start sites were identified for sequence SRR12683167.2.1, skipping.
11-04 21:50 root         DEBUG    No ITS stop or start sites were identified for sequence SRR12683167.2.1, skipping.
11-04 21:50 root         DEBUG    No ITS stop or start sites were identified for sequence SRR12683167.871.1, skipping.
11-04 21:50 root         DEBUG    No ITS stop or start sites were identified for sequence SRR12683167.872.1, skipping.
11-04 21:50 root         DEBUG    No ITS stop or start sites were identified for sequence SRR12683167.305.1, skipping.
11-04 21:50 root         DEBUG    No ITS stop or start sites were identified for sequence SRR12683167.2.1, skipping.
11-04 21:50 root         DEBUG    No ITS stop or start sites were identified for sequence SRR12683167.4.1, skipping.
11-04 21:50 root         DEBUG    No ITS stop or start sites were identified for sequence SRR12683167.877.1, skipping.
11-04 21:50 root         DEBUG    No ITS stop or start sites were identified for sequence SRR12683167.22.1, skipping.
11-04 21:50 root         DEBUG    No ITS stop or start sites were identified for sequence SRR12683167.279.1, skipping.
11-04 21:50 root         DEBUG    No ITS stop or start sites were identified for sequence SRR12683167.884.1, skipping.
11-04 21:50 root         DEBUG    No ITS stop or start sites were identified for sequence SRR12683167.4.1, skipping.
11-04 21:50 root         DEBUG    No ITS stop or start sites were identified for sequence SRR12683167.807.1, skipping.
11-04 21:50 root         DEBUG    No ITS stop or start sites were identified for sequence SRR12683167.890.1, skipping.
11-04 21:50 root         DEBUG    No ITS stop or start sites were identified for sequence SRR12683167.891.1, skipping.
11-04 21:50 root         DEBUG    No ITS stop or start sites were identified for sequence SRR12683167.305.1, skipping.
11-04 21:50 root         DEBUG    No ITS stop or start sites were identified for sequence SRR12683167.108.1, skipping.
11-04 21:50 root         DEBUG    No ITS stop or start sites were identified for sequence SRR12683167.25.1, skipping.
11-04 21:50 root         DEBUG    No ITS stop or start sites were identified for sequence SRR12683167.2.1, skipping.
11-04 21:50 root         DEBUG    No ITS stop or start sites were identified for sequence SRR12683167.897.1, skipping.
11-04 21:50 root         DEBUG    No ITS stop or start sites were identified for sequence SRR12683167.4.1, skipping.
11-04 21:50 root         DEBUG    No ITS stop or start sites were identified for sequence SRR12683167.899.1, skipping.
11-04 21:50 root         DEBUG    No ITS stop or start sites were identified for sequence SRR12683167.899.1, skipping.
11-04 21:50 root         DEBUG    No ITS stop or start sites were identified for sequence SRR12683167.73.1, skipping.
11-04 21:50 root         DEBUG    No ITS stop or start sites were identified for sequence SRR12683167.74.1, skipping.
11-04 21:50 root         DEBUG    No ITS stop or start sites were identified for sequence SRR12683167.25.1, skipping.
11-04 21:50 root         DEBUG    No ITS stop or start sites were identified for sequence SRR12683167.279.1, skipping.
11-04 21:50 root         DEBUG    No ITS stop or start sites were identified for sequence SRR12683167.905.1, skipping.
11-04 21:50 root         DEBUG    No ITS stop or start sites were identified for sequence SRR12683167.906.1, skipping.
11-04 21:50 root         DEBUG    No ITS stop or start sites were identified for sequence SRR12683167.2.1, skipping.
11-04 21:50 root         DEBUG    No ITS stop or start sites were identified for sequence SRR12683167.2.1, skipping.
11-04 21:50 root         DEBUG    No ITS stop or start sites were identified for sequence SRR12683167.4.1, skipping.
11-04 21:50 root         DEBUG    No ITS stop or start sites were identified for sequence SRR12683167.910.1, skipping.
11-04 21:50 root         DEBUG    No ITS stop or start sites were identified for sequence SRR12683167.25.1, skipping.
11-04 21:50 root         DEBUG    No ITS stop or start sites were identified for sequence SRR12683167.913.1, skipping.
11-04 21:50 root         DEBUG    No ITS stop or start sites were identified for sequence SRR12683167.41.1, skipping.
11-04 21:50 root         DEBUG    No ITS stop or start sites were identified for sequence SRR12683167.22.1, skipping.
11-04 21:50 root         DEBUG    No ITS stop or start sites were identified for sequence SRR12683167.919.1, skipping.
11-04 21:50 root         DEBUG    No ITS stop or start sites were identified for sequence SRR12683167.921.1, skipping.
11-04 21:50 root         DEBUG    No ITS stop or start sites were identified for sequence SRR12683167.74.1, skipping.
11-04 21:50 root         DEBUG    No ITS stop or start sites were identified for sequence SRR12683167.588.1, skipping.
11-04 21:50 root         DEBUG    No ITS stop or start sites were identified for sequence SRR12683167.925.1, skipping.
11-04 21:50 root         DEBUG    No ITS stop or start sites were identified for sequence SRR12683167.926.1, skipping.
11-04 21:50 root         INFO     ITSxpress ran in 00:00:05
