11-04 21:51 root         INFO     Verifying the input sequences.
11-04 21:51 root         INFO     Sequences are assumed to be single-end.
11-04 21:51 root         INFO     Temporary directory is: /tmp/itsxpress_whvo2j63
11-04 21:51 root         INFO     Unique sequences are being written to a temporary FASTA file with Vsearch.
11-04 21:51 root         INFO     vsearch v2.7.1_linux_x86_64, 15.6GB RAM, 4 cores
https://github.com/torognes/vsearch

Reading file SRR12683172_pass_1.fastq.gz 100%
814642 nt in 2810 seqs, min 35, max 301, avg 290
Dereplicating 100%
Sorting 100%
2019 unique sequences, avg cluster 1.4, median 1, max 280
Writing output file 100%
Writing uc file, first part 100%
Writing uc file, second part 100%

11-04 21:51 root         INFO     Searching for ITS start and stop sites using HMMSearch. This step takes a while.
11-04 21:51 root         INFO     Parsing HMM results.
11-04 21:51 root         INFO     Writing out sequences
11-04 21:51 root         DEBUG    No ITS stop or start sites were identified for sequence SRR12683172.3.1, skipping.
11-04 21:51 root         DEBUG    No ITS stop or start sites were identified for sequence SRR12683172.4.1, skipping.
11-04 21:51 root         DEBUG    No ITS stop or start sites were identified for sequence SRR12683172.8.1, skipping.
11-04 21:51 root         DEBUG    No ITS stop or start sites were identified for sequence SRR12683172.9.1, skipping.
11-04 21:51 root         DEBUG    No ITS stop or start sites were identified for sequence SRR12683172.10.1, skipping.
11-04 21:51 root         DEBUG    No ITS stop or start sites were identified for sequence SRR12683172.11.1, skipping.
11-04 21:51 root         DEBUG    No ITS stop or start sites were identified for sequence SRR12683172.12.1, skipping.
11-04 21:51 root         DEBUG    No ITS stop or start sites were identified for sequence SRR12683172.13.1, skipping.
11-04 21:51 root         DEBUG    No ITS stop or start sites were identified for sequence SRR12683172.20.1, skipping.
11-04 21:51 root         DEBUG    No ITS stop or start sites were identified for sequence SRR12683172.21.1, skipping.
11-04 21:51 root         DEBUG    No ITS stop or start sites were identified for sequence SRR12683172.36.1, skipping.
11-04 21:51 root         DEBUG    No ITS stop or start sites were identified for sequence SRR12683172.21.1, skipping.
11-04 21:51 root         DEBUG    No ITS stop or start sites were identified for sequence SRR12683172.39.1, skipping.
11-04 21:51 root         DEBUG    No ITS stop or start sites were identified for sequence SRR12683172.46.1, skipping.
11-04 21:51 root         DEBUG    No ITS stop or start sites were identified for sequence SRR12683172.52.1, skipping.
11-04 21:51 root         DEBUG    No ITS stop or start sites were identified for sequence SRR12683172.21.1, skipping.
11-04 21:51 root         DEBUG    No ITS stop or start sites were identified for sequence SRR12683172.54.1, skipping.
11-04 21:51 root         DEBUG    No ITS stop or start sites were identified for sequence SRR12683172.61.1, skipping.
11-04 21:51 root         DEBUG    No ITS stop or start sites were identified for sequence SRR12683172.62.1, skipping.
11-04 21:51 root         DEBUG    No ITS stop or start sites were identified for sequence SRR12683172.63.1, skipping.
11-04 21:51 root         DEBUG    No ITS stop or start sites were identified for sequence SRR12683172.66.1, skipping.
11-04 21:51 root         DEBUG    No ITS stop or start sites were identified for sequence SRR12683172.52.1, skipping.
11-04 21:51 root         DEBUG    No ITS stop or start sites were identified for sequence SRR12683172.52.1, skipping.
11-04 21:51 root         DEBUG    No ITS stop or start sites were identified for sequence SRR12683172.76.1, skipping.
11-04 21:51 root         DEBUG    No ITS stop or start sites were identified for sequence SRR12683172.77.1, skipping.
11-04 21:51 root         DEBUG    No ITS stop or start sites were identified for sequence SRR12683172.83.1, skipping.
11-04 21:51 root         DEBUG    No ITS stop or start sites were identified for sequence SRR12683172.21.1, skipping.
11-04 21:51 root         DEBUG    No ITS stop or start sites were identified for sequence SRR12683172.93.1, skipping.
11-04 21:51 root         DEBUG    No ITS stop or start sites were identified for sequence SRR12683172.97.1, skipping.
11-04 21:51 root         DEBUG    No ITS stop or start sites were identified for sequence SRR12683172.52.1, skipping.
11-04 21:51 root         DEBUG    No ITS stop or start sites were identified for sequence SRR12683172.112.1, skipping.
11-04 21:51 root         DEBUG    No ITS stop or start sites were identified for sequence SRR12683172.119.1, skipping.
11-04 21:51 root         DEBUG    No ITS stop or start sites were identified for sequence SRR12683172.52.1, skipping.
11-04 21:51 root         DEBUG    No ITS stop or start sites were identified for sequence SRR12683172.124.1, skipping.
11-04 21:51 root         DEBUG    No ITS stop or start sites were identified for sequence SRR12683172.126.1, skipping.
11-04 21:51 root         DEBUG    No ITS stop or start sites were identified for sequence SRR12683172.133.1, skipping.
11-04 21:51 root         DEBUG    No ITS stop or start sites were identified for sequence SRR12683172.146.1, skipping.
11-04 21:51 root         DEBUG    No ITS stop or start sites were identified for sequence SRR12683172.147.1, skipping.
11-04 21:51 root         DEBUG    No ITS stop or start sites were identified for sequence SRR12683172.149.1, skipping.
11-04 21:51 root         DEBUG    No ITS stop or start sites were identified for sequence SRR12683172.158.1, skipping.
11-04 21:51 root         DEBUG    No ITS stop or start sites were identified for sequence SRR12683172.160.1, skipping.
11-04 21:51 root         DEBUG    No ITS stop or start sites were identified for sequence SRR12683172.161.1, skipping.
11-04 21:51 root         DEBUG    No ITS stop or start sites were identified for sequence SRR12683172.163.1, skipping.
11-04 21:51 root         DEBUG    No ITS stop or start sites were identified for sequence SRR12683172.166.1, skipping.
11-04 21:51 root         DEBUG    No ITS stop or start sites were identified for sequence SRR12683172.169.1, skipping.
11-04 21:51 root         DEBUG    No ITS stop or start sites were identified for sequence SRR12683172.21.1, skipping.
11-04 21:51 root         DEBUG    No ITS stop or start sites were identified for sequence SRR12683172.172.1, skipping.
11-04 21:51 root         DEBUG    No ITS stop or start sites were identified for sequence SRR12683172.173.1, skipping.
11-04 21:51 root         DEBUG    No ITS stop or start sites were identified for sequence SRR12683172.21.1, skipping.
11-04 21:51 root         DEBUG    No ITS stop or start sites were identified for sequence SRR12683172.61.1, skipping.
11-04 21:51 root         DEBUG    No ITS stop or start sites were identified for sequence SRR12683172.179.1, skipping.
11-04 21:51 root         DEBUG    No ITS stop or start sites were identified for sequence SRR12683172.183.1, skipping.
11-04 21:51 root         DEBUG    No ITS stop or start sites were identified for sequence SRR12683172.186.1, skipping.
11-04 21:51 root         DEBUG    No ITS stop or start sites were identified for sequence SRR12683172.187.1, skipping.
11-04 21:51 root         DEBUG    No ITS stop or start sites were identified for sequence SRR12683172.52.1, skipping.
11-04 21:51 root         DEBUG    No ITS stop or start sites were identified for sequence SRR12683172.52.1, skipping.
11-04 21:51 root         DEBUG    No ITS stop or start sites were identified for sequence SRR12683172.52.1, skipping.
11-04 21:51 root         DEBUG    No ITS stop or start sites were identified for sequence SRR12683172.21.1, skipping.
11-04 21:51 root         DEBUG    No ITS stop or start sites were identified for sequence SRR12683172.194.1, skipping.
11-04 21:51 root         DEBUG    No ITS stop or start sites were identified for sequence SRR12683172.198.1, skipping.
11-04 21:51 root         DEBUG    No ITS stop or start sites were identified for sequence SRR12683172.21.1, skipping.
11-04 21:51 root         DEBUG    No ITS stop or start sites were identified for sequence SRR12683172.203.1, skipping.
11-04 21:51 root         DEBUG    No ITS stop or start sites were identified for sequence SRR12683172.208.1, skipping.
11-04 21:51 root         DEBUG    No ITS stop or start sites were identified for sequence SRR12683172.21.1, skipping.
11-04 21:51 root         DEBUG    No ITS stop or start sites were identified for sequence SRR12683172.212.1, skipping.
11-04 21:51 root         DEBUG    No ITS stop or start sites were identified for sequence SRR12683172.217.1, skipping.
11-04 21:51 root         DEBUG    No ITS stop or start sites were identified for sequence SRR12683172.39.1, skipping.
11-04 21:51 root         DEBUG    No ITS stop or start sites were identified for sequence SRR12683172.221.1, skipping.
11-04 21:51 root         DEBUG    No ITS stop or start sites were identified for sequence SRR12683172.222.1, skipping.
11-04 21:51 root         DEBUG    No ITS stop or start sites were identified for sequence SRR12683172.227.1, skipping.
11-04 21:51 root         DEBUG    No ITS stop or start sites were identified for sequence SRR12683172.232.1, skipping.
11-04 21:51 root         DEBUG    No ITS stop or start sites were identified for sequence SRR12683172.235.1, skipping.
11-04 21:51 root         DEBUG    No ITS stop or start sites were identified for sequence SRR12683172.242.1, skipping.
11-04 21:51 root         DEBUG    No ITS stop or start sites were identified for sequence SRR12683172.61.1, skipping.
11-04 21:51 root         DEBUG    No ITS stop or start sites were identified for sequence SRR12683172.163.1, skipping.
11-04 21:51 root         DEBUG    No ITS stop or start sites were identified for sequence SRR12683172.253.1, skipping.
11-04 21:51 root         DEBUG    No ITS stop or start sites were identified for sequence SRR12683172.272.1, skipping.
11-04 21:51 root         DEBUG    No ITS stop or start sites were identified for sequence SRR12683172.273.1, skipping.
11-04 21:51 root         DEBUG    No ITS stop or start sites were identified for sequence SRR12683172.275.1, skipping.
11-04 21:51 root         DEBUG    No ITS stop or start sites were identified for sequence SRR12683172.277.1, skipping.
11-04 21:51 root         DEBUG    No ITS stop or start sites were identified for sequence SRR12683172.279.1, skipping.
11-04 21:51 root         DEBUG    No ITS stop or start sites were identified for sequence SRR12683172.282.1, skipping.
11-04 21:51 root         DEBUG    No ITS stop or start sites were identified for sequence SRR12683172.283.1, skipping.
11-04 21:51 root         DEBUG    No ITS stop or start sites were identified for sequence SRR12683172.275.1, skipping.
11-04 21:51 root         DEBUG    No ITS stop or start sites were identified for sequence SRR12683172.285.1, skipping.
11-04 21:51 root         DEBUG    No ITS stop or start sites were identified for sequence SRR12683172.21.1, skipping.
11-04 21:51 root         DEBUG    No ITS stop or start sites were identified for sequence SRR12683172.293.1, skipping.
11-04 21:51 root         DEBUG    No ITS stop or start sites were identified for sequence SRR12683172.179.1, skipping.
11-04 21:51 root         DEBUG    No ITS stop or start sites were identified for sequence SRR12683172.301.1, skipping.
11-04 21:51 root         DEBUG    No ITS stop or start sites were identified for sequence SRR12683172.275.1, skipping.
11-04 21:51 root         DEBUG    No ITS stop or start sites were identified for sequence SRR12683172.52.1, skipping.
11-04 21:51 root         DEBUG    No ITS stop or start sites were identified for sequence SRR12683172.61.1, skipping.
11-04 21:51 root         DEBUG    No ITS stop or start sites were identified for sequence SRR12683172.317.1, skipping.
11-04 21:51 root         DEBUG    No ITS stop or start sites were identified for sequence SRR12683172.318.1, skipping.
11-04 21:51 root         DEBUG    No ITS stop or start sites were identified for sequence SRR12683172.322.1, skipping.
11-04 21:51 root         DEBUG    No ITS stop or start sites were identified for sequence SRR12683172.331.1, skipping.
11-04 21:51 root         DEBUG    No ITS stop or start sites were identified for sequence SRR12683172.333.1, skipping.
11-04 21:51 root         DEBUG    No ITS stop or start sites were identified for sequence SRR12683172.335.1, skipping.
11-04 21:51 root         DEBUG    No ITS stop or start sites were identified for sequence SRR12683172.342.1, skipping.
11-04 21:51 root         DEBUG    No ITS stop or start sites were identified for sequence SRR12683172.344.1, skipping.
11-04 21:51 root         DEBUG    No ITS stop or start sites were identified for sequence SRR12683172.52.1, skipping.
11-04 21:51 root         DEBUG    No ITS stop or start sites were identified for sequence SRR12683172.52.1, skipping.
11-04 21:51 root         DEBUG    No ITS stop or start sites were identified for sequence SRR12683172.61.1, skipping.
11-04 21:51 root         DEBUG    No ITS stop or start sites were identified for sequence SRR12683172.349.1, skipping.
11-04 21:51 root         DEBUG    No ITS stop or start sites were identified for sequence SRR12683172.350.1, skipping.
11-04 21:51 root         DEBUG    No ITS stop or start sites were identified for sequence SRR12683172.61.1, skipping.
11-04 21:51 root         DEBUG    No ITS stop or start sites were identified for sequence SRR12683172.358.1, skipping.
11-04 21:51 root         DEBUG    No ITS stop or start sites were identified for sequence SRR12683172.359.1, skipping.
11-04 21:51 root         DEBUG    No ITS stop or start sites were identified for sequence SRR12683172.360.1, skipping.
11-04 21:51 root         DEBUG    No ITS stop or start sites were identified for sequence SRR12683172.361.1, skipping.
11-04 21:51 root         DEBUG    No ITS stop or start sites were identified for sequence SRR12683172.362.1, skipping.
11-04 21:51 root         DEBUG    No ITS stop or start sites were identified for sequence SRR12683172.364.1, skipping.
11-04 21:51 root         DEBUG    No ITS stop or start sites were identified for sequence SRR12683172.365.1, skipping.
11-04 21:51 root         DEBUG    No ITS stop or start sites were identified for sequence SRR12683172.369.1, skipping.
11-04 21:51 root         DEBUG    No ITS stop or start sites were identified for sequence SRR12683172.371.1, skipping.
11-04 21:51 root         DEBUG    No ITS stop or start sites were identified for sequence SRR12683172.374.1, skipping.
11-04 21:51 root         DEBUG    No ITS stop or start sites were identified for sequence SRR12683172.179.1, skipping.
11-04 21:51 root         DEBUG    No ITS stop or start sites were identified for sequence SRR12683172.376.1, skipping.
11-04 21:51 root         DEBUG    No ITS stop or start sites were identified for sequence SRR12683172.378.1, skipping.
11-04 21:51 root         DEBUG    No ITS stop or start sites were identified for sequence SRR12683172.382.1, skipping.
11-04 21:51 root         DEBUG    No ITS stop or start sites were identified for sequence SRR12683172.386.1, skipping.
11-04 21:51 root         DEBUG    No ITS stop or start sites were identified for sequence SRR12683172.392.1, skipping.
11-04 21:51 root         DEBUG    No ITS stop or start sites were identified for sequence SRR12683172.399.1, skipping.
11-04 21:51 root         DEBUG    No ITS stop or start sites were identified for sequence SRR12683172.400.1, skipping.
11-04 21:51 root         DEBUG    No ITS stop or start sites were identified for sequence SRR12683172.401.1, skipping.
11-04 21:51 root         DEBUG    No ITS stop or start sites were identified for sequence SRR12683172.402.1, skipping.
11-04 21:51 root         DEBUG    No ITS stop or start sites were identified for sequence SRR12683172.403.1, skipping.
11-04 21:51 root         DEBUG    No ITS stop or start sites were identified for sequence SRR12683172.404.1, skipping.
11-04 21:51 root         DEBUG    No ITS stop or start sites were identified for sequence SRR12683172.406.1, skipping.
11-04 21:51 root         DEBUG    No ITS stop or start sites were identified for sequence SRR12683172.408.1, skipping.
11-04 21:51 root         DEBUG    No ITS stop or start sites were identified for sequence SRR12683172.409.1, skipping.
11-04 21:51 root         DEBUG    No ITS stop or start sites were identified for sequence SRR12683172.416.1, skipping.
11-04 21:51 root         DEBUG    No ITS stop or start sites were identified for sequence SRR12683172.360.1, skipping.
11-04 21:51 root         DEBUG    No ITS stop or start sites were identified for sequence SRR12683172.21.1, skipping.
11-04 21:51 root         DEBUG    No ITS stop or start sites were identified for sequence SRR12683172.426.1, skipping.
11-04 21:51 root         DEBUG    No ITS stop or start sites were identified for sequence SRR12683172.21.1, skipping.
11-04 21:51 root         DEBUG    No ITS stop or start sites were identified for sequence SRR12683172.61.1, skipping.
11-04 21:51 root         DEBUG    No ITS stop or start sites were identified for sequence SRR12683172.432.1, skipping.
11-04 21:51 root         DEBUG    No ITS stop or start sites were identified for sequence SRR12683172.52.1, skipping.
11-04 21:51 root         DEBUG    No ITS stop or start sites were identified for sequence SRR12683172.333.1, skipping.
11-04 21:51 root         DEBUG    No ITS stop or start sites were identified for sequence SRR12683172.444.1, skipping.
11-04 21:51 root         DEBUG    No ITS stop or start sites were identified for sequence SRR12683172.52.1, skipping.
11-04 21:51 root         DEBUG    No ITS stop or start sites were identified for sequence SRR12683172.455.1, skipping.
11-04 21:51 root         DEBUG    No ITS stop or start sites were identified for sequence SRR12683172.456.1, skipping.
11-04 21:51 root         DEBUG    No ITS stop or start sites were identified for sequence SRR12683172.61.1, skipping.
11-04 21:51 root         DEBUG    No ITS stop or start sites were identified for sequence SRR12683172.473.1, skipping.
11-04 21:51 root         DEBUG    No ITS stop or start sites were identified for sequence SRR12683172.52.1, skipping.
11-04 21:51 root         DEBUG    No ITS stop or start sites were identified for sequence SRR12683172.333.1, skipping.
11-04 21:51 root         DEBUG    No ITS stop or start sites were identified for sequence SRR12683172.333.1, skipping.
11-04 21:51 root         DEBUG    No ITS stop or start sites were identified for sequence SRR12683172.494.1, skipping.
11-04 21:51 root         DEBUG    No ITS stop or start sites were identified for sequence SRR12683172.495.1, skipping.
11-04 21:51 root         DEBUG    No ITS stop or start sites were identified for sequence SRR12683172.61.1, skipping.
11-04 21:51 root         DEBUG    No ITS stop or start sites were identified for sequence SRR12683172.497.1, skipping.
11-04 21:51 root         DEBUG    No ITS stop or start sites were identified for sequence SRR12683172.21.1, skipping.
11-04 21:51 root         DEBUG    No ITS stop or start sites were identified for sequence SRR12683172.21.1, skipping.
11-04 21:51 root         DEBUG    No ITS stop or start sites were identified for sequence SRR12683172.505.1, skipping.
11-04 21:51 root         DEBUG    No ITS stop or start sites were identified for sequence SRR12683172.21.1, skipping.
11-04 21:51 root         DEBUG    No ITS stop or start sites were identified for sequence SRR12683172.508.1, skipping.
11-04 21:51 root         DEBUG    No ITS stop or start sites were identified for sequence SRR12683172.52.1, skipping.
11-04 21:51 root         DEBUG    No ITS stop or start sites were identified for sequence SRR12683172.61.1, skipping.
11-04 21:51 root         DEBUG    No ITS stop or start sites were identified for sequence SRR12683172.349.1, skipping.
11-04 21:51 root         DEBUG    No ITS stop or start sites were identified for sequence SRR12683172.21.1, skipping.
11-04 21:51 root         DEBUG    No ITS stop or start sites were identified for sequence SRR12683172.39.1, skipping.
11-04 21:51 root         DEBUG    No ITS stop or start sites were identified for sequence SRR12683172.520.1, skipping.
11-04 21:51 root         DEBUG    No ITS stop or start sites were identified for sequence SRR12683172.524.1, skipping.
11-04 21:51 root         DEBUG    No ITS stop or start sites were identified for sequence SRR12683172.528.1, skipping.
11-04 21:51 root         DEBUG    No ITS stop or start sites were identified for sequence SRR12683172.529.1, skipping.
11-04 21:51 root         DEBUG    No ITS stop or start sites were identified for sequence SRR12683172.531.1, skipping.
11-04 21:51 root         DEBUG    No ITS stop or start sites were identified for sequence SRR12683172.533.1, skipping.
11-04 21:51 root         DEBUG    No ITS stop or start sites were identified for sequence SRR12683172.163.1, skipping.
11-04 21:51 root         DEBUG    No ITS stop or start sites were identified for sequence SRR12683172.539.1, skipping.
11-04 21:51 root         DEBUG    No ITS stop or start sites were identified for sequence SRR12683172.540.1, skipping.
11-04 21:51 root         DEBUG    No ITS stop or start sites were identified for sequence SRR12683172.21.1, skipping.
11-04 21:51 root         DEBUG    No ITS stop or start sites were identified for sequence SRR12683172.551.1, skipping.
11-04 21:51 root         DEBUG    No ITS stop or start sites were identified for sequence SRR12683172.163.1, skipping.
11-04 21:51 root         DEBUG    No ITS stop or start sites were identified for sequence SRR12683172.559.1, skipping.
11-04 21:51 root         DEBUG    No ITS stop or start sites were identified for sequence SRR12683172.52.1, skipping.
11-04 21:51 root         DEBUG    No ITS stop or start sites were identified for sequence SRR12683172.561.1, skipping.
11-04 21:51 root         DEBUG    No ITS stop or start sites were identified for sequence SRR12683172.563.1, skipping.
11-04 21:51 root         DEBUG    No ITS stop or start sites were identified for sequence SRR12683172.567.1, skipping.
11-04 21:51 root         DEBUG    No ITS stop or start sites were identified for sequence SRR12683172.570.1, skipping.
11-04 21:51 root         DEBUG    No ITS stop or start sites were identified for sequence SRR12683172.575.1, skipping.
11-04 21:51 root         DEBUG    No ITS stop or start sites were identified for sequence SRR12683172.580.1, skipping.
11-04 21:51 root         DEBUG    No ITS stop or start sites were identified for sequence SRR12683172.61.1, skipping.
11-04 21:51 root         DEBUG    No ITS stop or start sites were identified for sequence SRR12683172.301.1, skipping.
11-04 21:51 root         DEBUG    No ITS stop or start sites were identified for sequence SRR12683172.601.1, skipping.
11-04 21:51 root         DEBUG    No ITS stop or start sites were identified for sequence SRR12683172.604.1, skipping.
11-04 21:51 root         DEBUG    No ITS stop or start sites were identified for sequence SRR12683172.610.1, skipping.
11-04 21:51 root         DEBUG    No ITS stop or start sites were identified for sequence SRR12683172.617.1, skipping.
11-04 21:51 root         DEBUG    No ITS stop or start sites were identified for sequence SRR12683172.620.1, skipping.
11-04 21:51 root         DEBUG    No ITS stop or start sites were identified for sequence SRR12683172.21.1, skipping.
11-04 21:51 root         DEBUG    No ITS stop or start sites were identified for sequence SRR12683172.631.1, skipping.
11-04 21:51 root         DEBUG    No ITS stop or start sites were identified for sequence SRR12683172.275.1, skipping.
11-04 21:51 root         DEBUG    No ITS stop or start sites were identified for sequence SRR12683172.61.1, skipping.
11-04 21:51 root         DEBUG    No ITS stop or start sites were identified for sequence SRR12683172.61.1, skipping.
11-04 21:51 root         DEBUG    No ITS stop or start sites were identified for sequence SRR12683172.21.1, skipping.
11-04 21:51 root         DEBUG    No ITS stop or start sites were identified for sequence SRR12683172.349.1, skipping.
11-04 21:51 root         DEBUG    No ITS stop or start sites were identified for sequence SRR12683172.643.1, skipping.
11-04 21:51 root         DEBUG    No ITS stop or start sites were identified for sequence SRR12683172.648.1, skipping.
11-04 21:51 root         DEBUG    No ITS stop or start sites were identified for sequence SRR12683172.649.1, skipping.
11-04 21:51 root         DEBUG    No ITS stop or start sites were identified for sequence SRR12683172.651.1, skipping.
11-04 21:51 root         DEBUG    No ITS stop or start sites were identified for sequence SRR12683172.655.1, skipping.
11-04 21:51 root         DEBUG    No ITS stop or start sites were identified for sequence SRR12683172.656.1, skipping.
11-04 21:51 root         DEBUG    No ITS stop or start sites were identified for sequence SRR12683172.61.1, skipping.
11-04 21:51 root         DEBUG    No ITS stop or start sites were identified for sequence SRR12683172.658.1, skipping.
11-04 21:51 root         DEBUG    No ITS stop or start sites were identified for sequence SRR12683172.659.1, skipping.
11-04 21:51 root         DEBUG    No ITS stop or start sites were identified for sequence SRR12683172.660.1, skipping.
11-04 21:51 root         DEBUG    No ITS stop or start sites were identified for sequence SRR12683172.661.1, skipping.
11-04 21:51 root         DEBUG    No ITS stop or start sites were identified for sequence SRR12683172.663.1, skipping.
11-04 21:51 root         DEBUG    No ITS stop or start sites were identified for sequence SRR12683172.665.1, skipping.
11-04 21:51 root         DEBUG    No ITS stop or start sites were identified for sequence SRR12683172.667.1, skipping.
11-04 21:51 root         DEBUG    No ITS stop or start sites were identified for sequence SRR12683172.668.1, skipping.
11-04 21:51 root         DEBUG    No ITS stop or start sites were identified for sequence SRR12683172.669.1, skipping.
11-04 21:51 root         DEBUG    No ITS stop or start sites were identified for sequence SRR12683172.672.1, skipping.
11-04 21:51 root         DEBUG    No ITS stop or start sites were identified for sequence SRR12683172.673.1, skipping.
11-04 21:51 root         DEBUG    No ITS stop or start sites were identified for sequence SRR12683172.674.1, skipping.
11-04 21:51 root         DEBUG    No ITS stop or start sites were identified for sequence SRR12683172.681.1, skipping.
11-04 21:51 root         DEBUG    No ITS stop or start sites were identified for sequence SRR12683172.688.1, skipping.
11-04 21:51 root         DEBUG    No ITS stop or start sites were identified for sequence SRR12683172.693.1, skipping.
11-04 21:51 root         DEBUG    No ITS stop or start sites were identified for sequence SRR12683172.701.1, skipping.
11-04 21:51 root         DEBUG    No ITS stop or start sites were identified for sequence SRR12683172.708.1, skipping.
11-04 21:51 root         DEBUG    No ITS stop or start sites were identified for sequence SRR12683172.711.1, skipping.
11-04 21:51 root         DEBUG    No ITS stop or start sites were identified for sequence SRR12683172.713.1, skipping.
11-04 21:51 root         DEBUG    No ITS stop or start sites were identified for sequence SRR12683172.716.1, skipping.
11-04 21:51 root         DEBUG    No ITS stop or start sites were identified for sequence SRR12683172.718.1, skipping.
11-04 21:51 root         DEBUG    No ITS stop or start sites were identified for sequence SRR12683172.720.1, skipping.
11-04 21:51 root         DEBUG    No ITS stop or start sites were identified for sequence SRR12683172.727.1, skipping.
11-04 21:51 root         DEBUG    No ITS stop or start sites were identified for sequence SRR12683172.729.1, skipping.
11-04 21:51 root         DEBUG    No ITS stop or start sites were identified for sequence SRR12683172.730.1, skipping.
11-04 21:51 root         DEBUG    No ITS stop or start sites were identified for sequence SRR12683172.733.1, skipping.
11-04 21:51 root         DEBUG    No ITS stop or start sites were identified for sequence SRR12683172.734.1, skipping.
11-04 21:51 root         DEBUG    No ITS stop or start sites were identified for sequence SRR12683172.736.1, skipping.
11-04 21:51 root         DEBUG    No ITS stop or start sites were identified for sequence SRR12683172.737.1, skipping.
11-04 21:51 root         DEBUG    No ITS stop or start sites were identified for sequence SRR12683172.52.1, skipping.
11-04 21:51 root         DEBUG    No ITS stop or start sites were identified for sequence SRR12683172.748.1, skipping.
11-04 21:51 root         DEBUG    No ITS stop or start sites were identified for sequence SRR12683172.749.1, skipping.
11-04 21:51 root         DEBUG    No ITS stop or start sites were identified for sequence SRR12683172.360.1, skipping.
11-04 21:51 root         DEBUG    No ITS stop or start sites were identified for sequence SRR12683172.752.1, skipping.
11-04 21:51 root         DEBUG    No ITS stop or start sites were identified for sequence SRR12683172.753.1, skipping.
11-04 21:51 root         DEBUG    No ITS stop or start sites were identified for sequence SRR12683172.755.1, skipping.
11-04 21:51 root         DEBUG    No ITS stop or start sites were identified for sequence SRR12683172.763.1, skipping.
11-04 21:51 root         DEBUG    No ITS stop or start sites were identified for sequence SRR12683172.765.1, skipping.
11-04 21:51 root         DEBUG    No ITS stop or start sites were identified for sequence SRR12683172.767.1, skipping.
11-04 21:51 root         DEBUG    No ITS stop or start sites were identified for sequence SRR12683172.349.1, skipping.
11-04 21:51 root         DEBUG    No ITS stop or start sites were identified for sequence SRR12683172.776.1, skipping.
11-04 21:51 root         DEBUG    No ITS stop or start sites were identified for sequence SRR12683172.778.1, skipping.
11-04 21:51 root         DEBUG    No ITS stop or start sites were identified for sequence SRR12683172.791.1, skipping.
11-04 21:51 root         DEBUG    No ITS stop or start sites were identified for sequence SRR12683172.795.1, skipping.
11-04 21:51 root         DEBUG    No ITS stop or start sites were identified for sequence SRR12683172.797.1, skipping.
11-04 21:51 root         DEBUG    No ITS stop or start sites were identified for sequence SRR12683172.798.1, skipping.
11-04 21:51 root         DEBUG    No ITS stop or start sites were identified for sequence SRR12683172.799.1, skipping.
11-04 21:51 root         DEBUG    No ITS stop or start sites were identified for sequence SRR12683172.660.1, skipping.
11-04 21:51 root         DEBUG    No ITS stop or start sites were identified for sequence SRR12683172.803.1, skipping.
11-04 21:51 root         DEBUG    No ITS stop or start sites were identified for sequence SRR12683172.807.1, skipping.
11-04 21:51 root         DEBUG    No ITS stop or start sites were identified for sequence SRR12683172.808.1, skipping.
11-04 21:51 root         DEBUG    No ITS stop or start sites were identified for sequence SRR12683172.812.1, skipping.
11-04 21:51 root         DEBUG    No ITS stop or start sites were identified for sequence SRR12683172.816.1, skipping.
11-04 21:51 root         DEBUG    No ITS stop or start sites were identified for sequence SRR12683172.817.1, skipping.
11-04 21:51 root         DEBUG    No ITS stop or start sites were identified for sequence SRR12683172.824.1, skipping.
11-04 21:51 root         DEBUG    No ITS stop or start sites were identified for sequence SRR12683172.826.1, skipping.
11-04 21:51 root         DEBUG    No ITS stop or start sites were identified for sequence SRR12683172.827.1, skipping.
11-04 21:51 root         DEBUG    No ITS stop or start sites were identified for sequence SRR12683172.831.1, skipping.
11-04 21:51 root         DEBUG    No ITS stop or start sites were identified for sequence SRR12683172.832.1, skipping.
11-04 21:51 root         DEBUG    No ITS stop or start sites were identified for sequence SRR12683172.833.1, skipping.
11-04 21:51 root         DEBUG    No ITS stop or start sites were identified for sequence SRR12683172.21.1, skipping.
11-04 21:51 root         DEBUG    No ITS stop or start sites were identified for sequence SRR12683172.842.1, skipping.
11-04 21:51 root         DEBUG    No ITS stop or start sites were identified for sequence SRR12683172.253.1, skipping.
11-04 21:51 root         DEBUG    No ITS stop or start sites were identified for sequence SRR12683172.857.1, skipping.
11-04 21:51 root         DEBUG    No ITS stop or start sites were identified for sequence SRR12683172.864.1, skipping.
11-04 21:51 root         DEBUG    No ITS stop or start sites were identified for sequence SRR12683172.208.1, skipping.
11-04 21:51 root         DEBUG    No ITS stop or start sites were identified for sequence SRR12683172.21.1, skipping.
11-04 21:51 root         DEBUG    No ITS stop or start sites were identified for sequence SRR12683172.896.1, skipping.
11-04 21:51 root         DEBUG    No ITS stop or start sites were identified for sequence SRR12683172.904.1, skipping.
11-04 21:51 root         DEBUG    No ITS stop or start sites were identified for sequence SRR12683172.21.1, skipping.
11-04 21:51 root         DEBUG    No ITS stop or start sites were identified for sequence SRR12683172.911.1, skipping.
11-04 21:51 root         DEBUG    No ITS stop or start sites were identified for sequence SRR12683172.912.1, skipping.
11-04 21:51 root         DEBUG    No ITS stop or start sites were identified for sequence SRR12683172.935.1, skipping.
11-04 21:51 root         DEBUG    No ITS stop or start sites were identified for sequence SRR12683172.896.1, skipping.
11-04 21:51 root         DEBUG    No ITS stop or start sites were identified for sequence SRR12683172.938.1, skipping.
11-04 21:51 root         DEBUG    No ITS stop or start sites were identified for sequence SRR12683172.939.1, skipping.
11-04 21:51 root         DEBUG    No ITS stop or start sites were identified for sequence SRR12683172.52.1, skipping.
11-04 21:51 root         DEBUG    No ITS stop or start sites were identified for sequence SRR12683172.21.1, skipping.
11-04 21:51 root         DEBUG    No ITS stop or start sites were identified for sequence SRR12683172.952.1, skipping.
11-04 21:51 root         DEBUG    No ITS stop or start sites were identified for sequence SRR12683172.21.1, skipping.
11-04 21:51 root         DEBUG    No ITS stop or start sites were identified for sequence SRR12683172.955.1, skipping.
11-04 21:51 root         DEBUG    No ITS stop or start sites were identified for sequence SRR12683172.956.1, skipping.
11-04 21:51 root         DEBUG    No ITS stop or start sites were identified for sequence SRR12683172.959.1, skipping.
11-04 21:51 root         DEBUG    No ITS stop or start sites were identified for sequence SRR12683172.349.1, skipping.
11-04 21:51 root         DEBUG    No ITS stop or start sites were identified for sequence SRR12683172.21.1, skipping.
11-04 21:51 root         DEBUG    No ITS stop or start sites were identified for sequence SRR12683172.972.1, skipping.
11-04 21:51 root         DEBUG    No ITS stop or start sites were identified for sequence SRR12683172.979.1, skipping.
11-04 21:51 root         DEBUG    No ITS stop or start sites were identified for sequence SRR12683172.982.1, skipping.
11-04 21:51 root         DEBUG    No ITS stop or start sites were identified for sequence SRR12683172.986.1, skipping.
11-04 21:51 root         DEBUG    No ITS stop or start sites were identified for sequence SRR12683172.989.1, skipping.
11-04 21:51 root         DEBUG    No ITS stop or start sites were identified for sequence SRR12683172.52.1, skipping.
11-04 21:51 root         DEBUG    No ITS stop or start sites were identified for sequence SRR12683172.992.1, skipping.
11-04 21:51 root         DEBUG    No ITS stop or start sites were identified for sequence SRR12683172.444.1, skipping.
11-04 21:51 root         DEBUG    No ITS stop or start sites were identified for sequence SRR12683172.997.1, skipping.
11-04 21:51 root         DEBUG    No ITS stop or start sites were identified for sequence SRR12683172.1000.1, skipping.
11-04 21:51 root         DEBUG    No ITS stop or start sites were identified for sequence SRR12683172.1001.1, skipping.
11-04 21:51 root         DEBUG    No ITS stop or start sites were identified for sequence SRR12683172.1006.1, skipping.
11-04 21:51 root         DEBUG    No ITS stop or start sites were identified for sequence SRR12683172.1007.1, skipping.
11-04 21:51 root         DEBUG    No ITS stop or start sites were identified for sequence SRR12683172.275.1, skipping.
11-04 21:51 root         DEBUG    No ITS stop or start sites were identified for sequence SRR12683172.1015.1, skipping.
11-04 21:51 root         DEBUG    No ITS stop or start sites were identified for sequence SRR12683172.52.1, skipping.
11-04 21:51 root         DEBUG    No ITS stop or start sites were identified for sequence SRR12683172.1017.1, skipping.
11-04 21:51 root         DEBUG    No ITS stop or start sites were identified for sequence SRR12683172.21.1, skipping.
11-04 21:51 root         DEBUG    No ITS stop or start sites were identified for sequence SRR12683172.1021.1, skipping.
11-04 21:51 root         DEBUG    No ITS stop or start sites were identified for sequence SRR12683172.1024.1, skipping.
11-04 21:51 root         DEBUG    No ITS stop or start sites were identified for sequence SRR12683172.1025.1, skipping.
11-04 21:51 root         DEBUG    No ITS stop or start sites were identified for sequence SRR12683172.1039.1, skipping.
11-04 21:51 root         DEBUG    No ITS stop or start sites were identified for sequence SRR12683172.52.1, skipping.
11-04 21:51 root         DEBUG    No ITS stop or start sites were identified for sequence SRR12683172.39.1, skipping.
11-04 21:51 root         DEBUG    No ITS stop or start sites were identified for sequence SRR12683172.1055.1, skipping.
11-04 21:51 root         DEBUG    No ITS stop or start sites were identified for sequence SRR12683172.1058.1, skipping.
11-04 21:51 root         DEBUG    No ITS stop or start sites were identified for sequence SRR12683172.61.1, skipping.
11-04 21:51 root         DEBUG    No ITS stop or start sites were identified for sequence SRR12683172.1066.1, skipping.
11-04 21:51 root         DEBUG    No ITS stop or start sites were identified for sequence SRR12683172.1067.1, skipping.
11-04 21:51 root         DEBUG    No ITS stop or start sites were identified for sequence SRR12683172.61.1, skipping.
11-04 21:51 root         DEBUG    No ITS stop or start sites were identified for sequence SRR12683172.1072.1, skipping.
11-04 21:51 root         DEBUG    No ITS stop or start sites were identified for sequence SRR12683172.561.1, skipping.
11-04 21:51 root         DEBUG    No ITS stop or start sites were identified for sequence SRR12683172.61.1, skipping.
11-04 21:51 root         DEBUG    No ITS stop or start sites were identified for sequence SRR12683172.444.1, skipping.
11-04 21:51 root         DEBUG    No ITS stop or start sites were identified for sequence SRR12683172.1084.1, skipping.
11-04 21:51 root         DEBUG    No ITS stop or start sites were identified for sequence SRR12683172.1086.1, skipping.
11-04 21:51 root         DEBUG    No ITS stop or start sites were identified for sequence SRR12683172.1088.1, skipping.
11-04 21:51 root         DEBUG    No ITS stop or start sites were identified for sequence SRR12683172.21.1, skipping.
11-04 21:51 root         DEBUG    No ITS stop or start sites were identified for sequence SRR12683172.52.1, skipping.
11-04 21:51 root         DEBUG    No ITS stop or start sites were identified for sequence SRR12683172.1094.1, skipping.
11-04 21:51 root         DEBUG    No ITS stop or start sites were identified for sequence SRR12683172.1095.1, skipping.
11-04 21:51 root         DEBUG    No ITS stop or start sites were identified for sequence SRR12683172.1100.1, skipping.
11-04 21:51 root         DEBUG    No ITS stop or start sites were identified for sequence SRR12683172.1101.1, skipping.
11-04 21:51 root         DEBUG    No ITS stop or start sites were identified for sequence SRR12683172.1102.1, skipping.
11-04 21:51 root         DEBUG    No ITS stop or start sites were identified for sequence SRR12683172.1103.1, skipping.
11-04 21:51 root         DEBUG    No ITS stop or start sites were identified for sequence SRR12683172.1114.1, skipping.
11-04 21:51 root         DEBUG    No ITS stop or start sites were identified for sequence SRR12683172.1117.1, skipping.
11-04 21:51 root         DEBUG    No ITS stop or start sites were identified for sequence SRR12683172.1121.1, skipping.
11-04 21:51 root         DEBUG    No ITS stop or start sites were identified for sequence SRR12683172.1123.1, skipping.
11-04 21:51 root         DEBUG    No ITS stop or start sites were identified for sequence SRR12683172.505.1, skipping.
11-04 21:51 root         DEBUG    No ITS stop or start sites were identified for sequence SRR12683172.61.1, skipping.
11-04 21:51 root         DEBUG    No ITS stop or start sites were identified for sequence SRR12683172.1129.1, skipping.
11-04 21:51 root         DEBUG    No ITS stop or start sites were identified for sequence SRR12683172.1130.1, skipping.
11-04 21:51 root         DEBUG    No ITS stop or start sites were identified for sequence SRR12683172.1134.1, skipping.
11-04 21:51 root         DEBUG    No ITS stop or start sites were identified for sequence SRR12683172.52.1, skipping.
11-04 21:51 root         DEBUG    No ITS stop or start sites were identified for sequence SRR12683172.194.1, skipping.
11-04 21:51 root         DEBUG    No ITS stop or start sites were identified for sequence SRR12683172.561.1, skipping.
11-04 21:51 root         DEBUG    No ITS stop or start sites were identified for sequence SRR12683172.1152.1, skipping.
11-04 21:51 root         DEBUG    No ITS stop or start sites were identified for sequence SRR12683172.61.1, skipping.
11-04 21:51 root         DEBUG    No ITS stop or start sites were identified for sequence SRR12683172.1039.1, skipping.
11-04 21:51 root         DEBUG    No ITS stop or start sites were identified for sequence SRR12683172.194.1, skipping.
11-04 21:51 root         DEBUG    No ITS stop or start sites were identified for sequence SRR12683172.1164.1, skipping.
11-04 21:51 root         DEBUG    No ITS stop or start sites were identified for sequence SRR12683172.1167.1, skipping.
11-04 21:51 root         DEBUG    No ITS stop or start sites were identified for sequence SRR12683172.360.1, skipping.
11-04 21:51 root         DEBUG    No ITS stop or start sites were identified for sequence SRR12683172.495.1, skipping.
11-04 21:51 root         DEBUG    No ITS stop or start sites were identified for sequence SRR12683172.21.1, skipping.
11-04 21:51 root         DEBUG    No ITS stop or start sites were identified for sequence SRR12683172.1180.1, skipping.
11-04 21:51 root         DEBUG    No ITS stop or start sites were identified for sequence SRR12683172.1181.1, skipping.
11-04 21:51 root         DEBUG    No ITS stop or start sites were identified for sequence SRR12683172.1182.1, skipping.
11-04 21:51 root         DEBUG    No ITS stop or start sites were identified for sequence SRR12683172.61.1, skipping.
11-04 21:51 root         DEBUG    No ITS stop or start sites were identified for sequence SRR12683172.349.1, skipping.
11-04 21:51 root         DEBUG    No ITS stop or start sites were identified for sequence SRR12683172.1203.1, skipping.
11-04 21:51 root         DEBUG    No ITS stop or start sites were identified for sequence SRR12683172.1204.1, skipping.
11-04 21:51 root         DEBUG    No ITS stop or start sites were identified for sequence SRR12683172.1205.1, skipping.
11-04 21:51 root         DEBUG    No ITS stop or start sites were identified for sequence SRR12683172.1209.1, skipping.
11-04 21:51 root         DEBUG    No ITS stop or start sites were identified for sequence SRR12683172.1214.1, skipping.
11-04 21:51 root         DEBUG    No ITS stop or start sites were identified for sequence SRR12683172.39.1, skipping.
11-04 21:51 root         DEBUG    No ITS stop or start sites were identified for sequence SRR12683172.1218.1, skipping.
11-04 21:51 root         DEBUG    No ITS stop or start sites were identified for sequence SRR12683172.52.1, skipping.
11-04 21:51 root         DEBUG    No ITS stop or start sites were identified for sequence SRR12683172.1220.1, skipping.
11-04 21:51 root         DEBUG    No ITS stop or start sites were identified for sequence SRR12683172.1226.1, skipping.
11-04 21:51 root         DEBUG    No ITS stop or start sites were identified for sequence SRR12683172.1232.1, skipping.
11-04 21:51 root         DEBUG    No ITS stop or start sites were identified for sequence SRR12683172.1233.1, skipping.
11-04 21:51 root         DEBUG    No ITS stop or start sites were identified for sequence SRR12683172.21.1, skipping.
11-04 21:51 root         DEBUG    No ITS stop or start sites were identified for sequence SRR12683172.1238.1, skipping.
11-04 21:51 root         DEBUG    No ITS stop or start sites were identified for sequence SRR12683172.1242.1, skipping.
11-04 21:51 root         DEBUG    No ITS stop or start sites were identified for sequence SRR12683172.1248.1, skipping.
11-04 21:51 root         DEBUG    No ITS stop or start sites were identified for sequence SRR12683172.1250.1, skipping.
11-04 21:51 root         DEBUG    No ITS stop or start sites were identified for sequence SRR12683172.1258.1, skipping.
11-04 21:51 root         DEBUG    No ITS stop or start sites were identified for sequence SRR12683172.1262.1, skipping.
11-04 21:51 root         DEBUG    No ITS stop or start sites were identified for sequence SRR12683172.349.1, skipping.
11-04 21:51 root         DEBUG    No ITS stop or start sites were identified for sequence SRR12683172.349.1, skipping.
11-04 21:51 root         DEBUG    No ITS stop or start sites were identified for sequence SRR12683172.1285.1, skipping.
11-04 21:51 root         DEBUG    No ITS stop or start sites were identified for sequence SRR12683172.21.1, skipping.
11-04 21:51 root         DEBUG    No ITS stop or start sites were identified for sequence SRR12683172.1290.1, skipping.
11-04 21:51 root         DEBUG    No ITS stop or start sites were identified for sequence SRR12683172.1294.1, skipping.
11-04 21:51 root         DEBUG    No ITS stop or start sites were identified for sequence SRR12683172.1300.1, skipping.
11-04 21:51 root         DEBUG    No ITS stop or start sites were identified for sequence SRR12683172.1302.1, skipping.
11-04 21:51 root         DEBUG    No ITS stop or start sites were identified for sequence SRR12683172.1324.1, skipping.
11-04 21:51 root         DEBUG    No ITS stop or start sites were identified for sequence SRR12683172.1325.1, skipping.
11-04 21:51 root         DEBUG    No ITS stop or start sites were identified for sequence SRR12683172.61.1, skipping.
11-04 21:51 root         DEBUG    No ITS stop or start sites were identified for sequence SRR12683172.1333.1, skipping.
11-04 21:51 root         DEBUG    No ITS stop or start sites were identified for sequence SRR12683172.21.1, skipping.
11-04 21:51 root         DEBUG    No ITS stop or start sites were identified for sequence SRR12683172.1348.1, skipping.
11-04 21:51 root         DEBUG    No ITS stop or start sites were identified for sequence SRR12683172.1357.1, skipping.
11-04 21:51 root         DEBUG    No ITS stop or start sites were identified for sequence SRR12683172.1361.1, skipping.
11-04 21:51 root         DEBUG    No ITS stop or start sites were identified for sequence SRR12683172.21.1, skipping.
11-04 21:51 root         DEBUG    No ITS stop or start sites were identified for sequence SRR12683172.1364.1, skipping.
11-04 21:51 root         DEBUG    No ITS stop or start sites were identified for sequence SRR12683172.1365.1, skipping.
11-04 21:51 root         DEBUG    No ITS stop or start sites were identified for sequence SRR12683172.1366.1, skipping.
11-04 21:51 root         DEBUG    No ITS stop or start sites were identified for sequence SRR12683172.1367.1, skipping.
11-04 21:51 root         DEBUG    No ITS stop or start sites were identified for sequence SRR12683172.1371.1, skipping.
11-04 21:51 root         DEBUG    No ITS stop or start sites were identified for sequence SRR12683172.1373.1, skipping.
11-04 21:51 root         DEBUG    No ITS stop or start sites were identified for sequence SRR12683172.179.1, skipping.
11-04 21:51 root         DEBUG    No ITS stop or start sites were identified for sequence SRR12683172.1379.1, skipping.
11-04 21:51 root         DEBUG    No ITS stop or start sites were identified for sequence SRR12683172.39.1, skipping.
11-04 21:51 root         DEBUG    No ITS stop or start sites were identified for sequence SRR12683172.1390.1, skipping.
11-04 21:51 root         DEBUG    No ITS stop or start sites were identified for sequence SRR12683172.61.1, skipping.
11-04 21:51 root         DEBUG    No ITS stop or start sites were identified for sequence SRR12683172.166.1, skipping.
11-04 21:51 root         DEBUG    No ITS stop or start sites were identified for sequence SRR12683172.52.1, skipping.
11-04 21:51 root         DEBUG    No ITS stop or start sites were identified for sequence SRR12683172.1401.1, skipping.
11-04 21:51 root         DEBUG    No ITS stop or start sites were identified for sequence SRR12683172.1402.1, skipping.
11-04 21:51 root         DEBUG    No ITS stop or start sites were identified for sequence SRR12683172.52.1, skipping.
11-04 21:51 root         DEBUG    No ITS stop or start sites were identified for sequence SRR12683172.1406.1, skipping.
11-04 21:51 root         DEBUG    No ITS stop or start sites were identified for sequence SRR12683172.21.1, skipping.
11-04 21:51 root         DEBUG    No ITS stop or start sites were identified for sequence SRR12683172.1415.1, skipping.
11-04 21:51 root         DEBUG    No ITS stop or start sites were identified for sequence SRR12683172.21.1, skipping.
11-04 21:51 root         DEBUG    No ITS stop or start sites were identified for sequence SRR12683172.52.1, skipping.
11-04 21:51 root         DEBUG    No ITS stop or start sites were identified for sequence SRR12683172.194.1, skipping.
11-04 21:51 root         DEBUG    No ITS stop or start sites were identified for sequence SRR12683172.1440.1, skipping.
11-04 21:51 root         DEBUG    No ITS stop or start sites were identified for sequence SRR12683172.1443.1, skipping.
11-04 21:51 root         DEBUG    No ITS stop or start sites were identified for sequence SRR12683172.61.1, skipping.
11-04 21:51 root         DEBUG    No ITS stop or start sites were identified for sequence SRR12683172.1450.1, skipping.
11-04 21:51 root         DEBUG    No ITS stop or start sites were identified for sequence SRR12683172.1452.1, skipping.
11-04 21:51 root         DEBUG    No ITS stop or start sites were identified for sequence SRR12683172.1459.1, skipping.
11-04 21:51 root         DEBUG    No ITS stop or start sites were identified for sequence SRR12683172.1460.1, skipping.
11-04 21:51 root         DEBUG    No ITS stop or start sites were identified for sequence SRR12683172.1461.1, skipping.
11-04 21:51 root         DEBUG    No ITS stop or start sites were identified for sequence SRR12683172.1463.1, skipping.
11-04 21:51 root         DEBUG    No ITS stop or start sites were identified for sequence SRR12683172.1464.1, skipping.
11-04 21:51 root         DEBUG    No ITS stop or start sites were identified for sequence SRR12683172.444.1, skipping.
11-04 21:51 root         DEBUG    No ITS stop or start sites were identified for sequence SRR12683172.179.1, skipping.
11-04 21:51 root         DEBUG    No ITS stop or start sites were identified for sequence SRR12683172.1471.1, skipping.
11-04 21:51 root         DEBUG    No ITS stop or start sites were identified for sequence SRR12683172.896.1, skipping.
11-04 21:51 root         DEBUG    No ITS stop or start sites were identified for sequence SRR12683172.1475.1, skipping.
11-04 21:51 root         DEBUG    No ITS stop or start sites were identified for sequence SRR12683172.1484.1, skipping.
11-04 21:51 root         DEBUG    No ITS stop or start sites were identified for sequence SRR12683172.1487.1, skipping.
11-04 21:51 root         DEBUG    No ITS stop or start sites were identified for sequence SRR12683172.1497.1, skipping.
11-04 21:51 root         DEBUG    No ITS stop or start sites were identified for sequence SRR12683172.495.1, skipping.
11-04 21:51 root         DEBUG    No ITS stop or start sites were identified for sequence SRR12683172.1503.1, skipping.
11-04 21:51 root         DEBUG    No ITS stop or start sites were identified for sequence SRR12683172.1511.1, skipping.
11-04 21:51 root         DEBUG    No ITS stop or start sites were identified for sequence SRR12683172.1518.1, skipping.
11-04 21:51 root         DEBUG    No ITS stop or start sites were identified for sequence SRR12683172.729.1, skipping.
11-04 21:51 root         DEBUG    No ITS stop or start sites were identified for sequence SRR12683172.1406.1, skipping.
11-04 21:51 root         DEBUG    No ITS stop or start sites were identified for sequence SRR12683172.1530.1, skipping.
11-04 21:51 root         DEBUG    No ITS stop or start sites were identified for sequence SRR12683172.1537.1, skipping.
11-04 21:51 root         DEBUG    No ITS stop or start sites were identified for sequence SRR12683172.1545.1, skipping.
11-04 21:51 root         DEBUG    No ITS stop or start sites were identified for sequence SRR12683172.1551.1, skipping.
11-04 21:51 root         DEBUG    No ITS stop or start sites were identified for sequence SRR12683172.21.1, skipping.
11-04 21:51 root         DEBUG    No ITS stop or start sites were identified for sequence SRR12683172.21.1, skipping.
11-04 21:51 root         DEBUG    No ITS stop or start sites were identified for sequence SRR12683172.1556.1, skipping.
11-04 21:51 root         DEBUG    No ITS stop or start sites were identified for sequence SRR12683172.1558.1, skipping.
11-04 21:51 root         DEBUG    No ITS stop or start sites were identified for sequence SRR12683172.21.1, skipping.
11-04 21:51 root         DEBUG    No ITS stop or start sites were identified for sequence SRR12683172.1564.1, skipping.
11-04 21:51 root         DEBUG    No ITS stop or start sites were identified for sequence SRR12683172.1567.1, skipping.
11-04 21:51 root         DEBUG    No ITS stop or start sites were identified for sequence SRR12683172.1568.1, skipping.
11-04 21:51 root         DEBUG    No ITS stop or start sites were identified for sequence SRR12683172.1570.1, skipping.
11-04 21:51 root         DEBUG    No ITS stop or start sites were identified for sequence SRR12683172.179.1, skipping.
11-04 21:51 root         DEBUG    No ITS stop or start sites were identified for sequence SRR12683172.1584.1, skipping.
11-04 21:51 root         DEBUG    No ITS stop or start sites were identified for sequence SRR12683172.1590.1, skipping.
11-04 21:51 root         DEBUG    No ITS stop or start sites were identified for sequence SRR12683172.1594.1, skipping.
11-04 21:51 root         DEBUG    No ITS stop or start sites were identified for sequence SRR12683172.1595.1, skipping.
11-04 21:51 root         DEBUG    No ITS stop or start sites were identified for sequence SRR12683172.163.1, skipping.
11-04 21:51 root         DEBUG    No ITS stop or start sites were identified for sequence SRR12683172.1597.1, skipping.
11-04 21:51 root         DEBUG    No ITS stop or start sites were identified for sequence SRR12683172.1602.1, skipping.
11-04 21:51 root         DEBUG    No ITS stop or start sites were identified for sequence SRR12683172.179.1, skipping.
11-04 21:51 root         DEBUG    No ITS stop or start sites were identified for sequence SRR12683172.1609.1, skipping.
11-04 21:51 root         DEBUG    No ITS stop or start sites were identified for sequence SRR12683172.1610.1, skipping.
11-04 21:51 root         DEBUG    No ITS stop or start sites were identified for sequence SRR12683172.1612.1, skipping.
11-04 21:51 root         DEBUG    No ITS stop or start sites were identified for sequence SRR12683172.52.1, skipping.
11-04 21:51 root         DEBUG    No ITS stop or start sites were identified for sequence SRR12683172.1617.1, skipping.
11-04 21:51 root         DEBUG    No ITS stop or start sites were identified for sequence SRR12683172.1618.1, skipping.
11-04 21:51 root         DEBUG    No ITS stop or start sites were identified for sequence SRR12683172.1620.1, skipping.
11-04 21:51 root         DEBUG    No ITS stop or start sites were identified for sequence SRR12683172.333.1, skipping.
11-04 21:51 root         DEBUG    No ITS stop or start sites were identified for sequence SRR12683172.1634.1, skipping.
11-04 21:51 root         DEBUG    No ITS stop or start sites were identified for sequence SRR12683172.1636.1, skipping.
11-04 21:51 root         DEBUG    No ITS stop or start sites were identified for sequence SRR12683172.1640.1, skipping.
11-04 21:51 root         DEBUG    No ITS stop or start sites were identified for sequence SRR12683172.1644.1, skipping.
11-04 21:51 root         DEBUG    No ITS stop or start sites were identified for sequence SRR12683172.1656.1, skipping.
11-04 21:51 root         DEBUG    No ITS stop or start sites were identified for sequence SRR12683172.1657.1, skipping.
11-04 21:51 root         DEBUG    No ITS stop or start sites were identified for sequence SRR12683172.21.1, skipping.
11-04 21:51 root         DEBUG    No ITS stop or start sites were identified for sequence SRR12683172.1664.1, skipping.
11-04 21:51 root         DEBUG    No ITS stop or start sites were identified for sequence SRR12683172.1667.1, skipping.
11-04 21:51 root         DEBUG    No ITS stop or start sites were identified for sequence SRR12683172.1670.1, skipping.
11-04 21:51 root         DEBUG    No ITS stop or start sites were identified for sequence SRR12683172.1676.1, skipping.
11-04 21:51 root         DEBUG    No ITS stop or start sites were identified for sequence SRR12683172.1678.1, skipping.
11-04 21:51 root         DEBUG    No ITS stop or start sites were identified for sequence SRR12683172.1680.1, skipping.
11-04 21:51 root         DEBUG    No ITS stop or start sites were identified for sequence SRR12683172.1682.1, skipping.
11-04 21:51 root         DEBUG    No ITS stop or start sites were identified for sequence SRR12683172.21.1, skipping.
11-04 21:51 root         DEBUG    No ITS stop or start sites were identified for sequence SRR12683172.21.1, skipping.
11-04 21:51 root         DEBUG    No ITS stop or start sites were identified for sequence SRR12683172.1687.1, skipping.
11-04 21:51 root         DEBUG    No ITS stop or start sites were identified for sequence SRR12683172.360.1, skipping.
11-04 21:51 root         DEBUG    No ITS stop or start sites were identified for sequence SRR12683172.61.1, skipping.
11-04 21:51 root         DEBUG    No ITS stop or start sites were identified for sequence SRR12683172.61.1, skipping.
11-04 21:51 root         DEBUG    No ITS stop or start sites were identified for sequence SRR12683172.1716.1, skipping.
11-04 21:51 root         DEBUG    No ITS stop or start sites were identified for sequence SRR12683172.208.1, skipping.
11-04 21:51 root         DEBUG    No ITS stop or start sites were identified for sequence SRR12683172.1718.1, skipping.
11-04 21:51 root         DEBUG    No ITS stop or start sites were identified for sequence SRR12683172.1721.1, skipping.
11-04 21:51 root         DEBUG    No ITS stop or start sites were identified for sequence SRR12683172.1722.1, skipping.
11-04 21:51 root         DEBUG    No ITS stop or start sites were identified for sequence SRR12683172.1723.1, skipping.
11-04 21:51 root         DEBUG    No ITS stop or start sites were identified for sequence SRR12683172.1726.1, skipping.
11-04 21:51 root         DEBUG    No ITS stop or start sites were identified for sequence SRR12683172.1731.1, skipping.
11-04 21:51 root         DEBUG    No ITS stop or start sites were identified for sequence SRR12683172.1740.1, skipping.
11-04 21:51 root         DEBUG    No ITS stop or start sites were identified for sequence SRR12683172.21.1, skipping.
11-04 21:51 root         DEBUG    No ITS stop or start sites were identified for sequence SRR12683172.360.1, skipping.
11-04 21:51 root         DEBUG    No ITS stop or start sites were identified for sequence SRR12683172.1745.1, skipping.
11-04 21:51 root         DEBUG    No ITS stop or start sites were identified for sequence SRR12683172.1747.1, skipping.
11-04 21:51 root         DEBUG    No ITS stop or start sites were identified for sequence SRR12683172.21.1, skipping.
11-04 21:51 root         DEBUG    No ITS stop or start sites were identified for sequence SRR12683172.1752.1, skipping.
11-04 21:51 root         DEBUG    No ITS stop or start sites were identified for sequence SRR12683172.62.1, skipping.
11-04 21:51 root         DEBUG    No ITS stop or start sites were identified for sequence SRR12683172.61.1, skipping.
11-04 21:51 root         DEBUG    No ITS stop or start sites were identified for sequence SRR12683172.1757.1, skipping.
11-04 21:51 root         DEBUG    No ITS stop or start sites were identified for sequence SRR12683172.1758.1, skipping.
11-04 21:51 root         DEBUG    No ITS stop or start sites were identified for sequence SRR12683172.1760.1, skipping.
11-04 21:51 root         DEBUG    No ITS stop or start sites were identified for sequence SRR12683172.1761.1, skipping.
11-04 21:51 root         DEBUG    No ITS stop or start sites were identified for sequence SRR12683172.360.1, skipping.
11-04 21:51 root         DEBUG    No ITS stop or start sites were identified for sequence SRR12683172.360.1, skipping.
11-04 21:51 root         DEBUG    No ITS stop or start sites were identified for sequence SRR12683172.52.1, skipping.
11-04 21:51 root         DEBUG    No ITS stop or start sites were identified for sequence SRR12683172.1770.1, skipping.
11-04 21:51 root         DEBUG    No ITS stop or start sites were identified for sequence SRR12683172.61.1, skipping.
11-04 21:51 root         DEBUG    No ITS stop or start sites were identified for sequence SRR12683172.21.1, skipping.
11-04 21:51 root         DEBUG    No ITS stop or start sites were identified for sequence SRR12683172.1789.1, skipping.
11-04 21:51 root         DEBUG    No ITS stop or start sites were identified for sequence SRR12683172.21.1, skipping.
11-04 21:51 root         DEBUG    No ITS stop or start sites were identified for sequence SRR12683172.1796.1, skipping.
11-04 21:51 root         DEBUG    No ITS stop or start sites were identified for sequence SRR12683172.21.1, skipping.
11-04 21:51 root         DEBUG    No ITS stop or start sites were identified for sequence SRR12683172.1812.1, skipping.
11-04 21:51 root         DEBUG    No ITS stop or start sites were identified for sequence SRR12683172.1821.1, skipping.
11-04 21:51 root         DEBUG    No ITS stop or start sites were identified for sequence SRR12683172.166.1, skipping.
11-04 21:51 root         DEBUG    No ITS stop or start sites were identified for sequence SRR12683172.1826.1, skipping.
11-04 21:51 root         DEBUG    No ITS stop or start sites were identified for sequence SRR12683172.1828.1, skipping.
11-04 21:51 root         DEBUG    No ITS stop or start sites were identified for sequence SRR12683172.1830.1, skipping.
11-04 21:51 root         DEBUG    No ITS stop or start sites were identified for sequence SRR12683172.1831.1, skipping.
11-04 21:51 root         DEBUG    No ITS stop or start sites were identified for sequence SRR12683172.1832.1, skipping.
11-04 21:51 root         DEBUG    No ITS stop or start sites were identified for sequence SRR12683172.360.1, skipping.
11-04 21:51 root         DEBUG    No ITS stop or start sites were identified for sequence SRR12683172.21.1, skipping.
11-04 21:51 root         DEBUG    No ITS stop or start sites were identified for sequence SRR12683172.61.1, skipping.
11-04 21:51 root         DEBUG    No ITS stop or start sites were identified for sequence SRR12683172.1847.1, skipping.
11-04 21:51 root         DEBUG    No ITS stop or start sites were identified for sequence SRR12683172.52.1, skipping.
11-04 21:51 root         DEBUG    No ITS stop or start sites were identified for sequence SRR12683172.1857.1, skipping.
11-04 21:51 root         DEBUG    No ITS stop or start sites were identified for sequence SRR12683172.1858.1, skipping.
11-04 21:51 root         DEBUG    No ITS stop or start sites were identified for sequence SRR12683172.1859.1, skipping.
11-04 21:51 root         DEBUG    No ITS stop or start sites were identified for sequence SRR12683172.1657.1, skipping.
11-04 21:51 root         DEBUG    No ITS stop or start sites were identified for sequence SRR12683172.1866.1, skipping.
11-04 21:51 root         DEBUG    No ITS stop or start sites were identified for sequence SRR12683172.1868.1, skipping.
11-04 21:51 root         DEBUG    No ITS stop or start sites were identified for sequence SRR12683172.1869.1, skipping.
11-04 21:51 root         DEBUG    No ITS stop or start sites were identified for sequence SRR12683172.1873.1, skipping.
11-04 21:51 root         DEBUG    No ITS stop or start sites were identified for sequence SRR12683172.1875.1, skipping.
11-04 21:51 root         DEBUG    No ITS stop or start sites were identified for sequence SRR12683172.1878.1, skipping.
11-04 21:51 root         DEBUG    No ITS stop or start sites were identified for sequence SRR12683172.1879.1, skipping.
11-04 21:51 root         DEBUG    No ITS stop or start sites were identified for sequence SRR12683172.1889.1, skipping.
11-04 21:51 root         DEBUG    No ITS stop or start sites were identified for sequence SRR12683172.444.1, skipping.
11-04 21:51 root         DEBUG    No ITS stop or start sites were identified for sequence SRR12683172.21.1, skipping.
11-04 21:51 root         DEBUG    No ITS stop or start sites were identified for sequence SRR12683172.1896.1, skipping.
11-04 21:51 root         DEBUG    No ITS stop or start sites were identified for sequence SRR12683172.21.1, skipping.
11-04 21:51 root         DEBUG    No ITS stop or start sites were identified for sequence SRR12683172.1904.1, skipping.
11-04 21:51 root         DEBUG    No ITS stop or start sites were identified for sequence SRR12683172.1907.1, skipping.
11-04 21:51 root         DEBUG    No ITS stop or start sites were identified for sequence SRR12683172.1912.1, skipping.
11-04 21:51 root         DEBUG    No ITS stop or start sites were identified for sequence SRR12683172.1918.1, skipping.
11-04 21:51 root         DEBUG    No ITS stop or start sites were identified for sequence SRR12683172.39.1, skipping.
11-04 21:51 root         DEBUG    No ITS stop or start sites were identified for sequence SRR12683172.1922.1, skipping.
11-04 21:51 root         DEBUG    No ITS stop or start sites were identified for sequence SRR12683172.1859.1, skipping.
11-04 21:51 root         DEBUG    No ITS stop or start sites were identified for sequence SRR12683172.1924.1, skipping.
11-04 21:51 root         DEBUG    No ITS stop or start sites were identified for sequence SRR12683172.896.1, skipping.
11-04 21:51 root         DEBUG    No ITS stop or start sites were identified for sequence SRR12683172.444.1, skipping.
11-04 21:51 root         DEBUG    No ITS stop or start sites were identified for sequence SRR12683172.1939.1, skipping.
11-04 21:51 root         DEBUG    No ITS stop or start sites were identified for sequence SRR12683172.52.1, skipping.
11-04 21:51 root         DEBUG    No ITS stop or start sites were identified for sequence SRR12683172.1956.1, skipping.
11-04 21:51 root         DEBUG    No ITS stop or start sites were identified for sequence SRR12683172.1960.1, skipping.
11-04 21:51 root         DEBUG    No ITS stop or start sites were identified for sequence SRR12683172.1970.1, skipping.
11-04 21:51 root         DEBUG    No ITS stop or start sites were identified for sequence SRR12683172.1976.1, skipping.
11-04 21:51 root         DEBUG    No ITS stop or start sites were identified for sequence SRR12683172.1978.1, skipping.
11-04 21:51 root         DEBUG    No ITS stop or start sites were identified for sequence SRR12683172.1979.1, skipping.
11-04 21:51 root         DEBUG    No ITS stop or start sites were identified for sequence SRR12683172.1984.1, skipping.
11-04 21:51 root         DEBUG    No ITS stop or start sites were identified for sequence SRR12683172.1988.1, skipping.
11-04 21:51 root         DEBUG    No ITS stop or start sites were identified for sequence SRR12683172.1993.1, skipping.
11-04 21:51 root         DEBUG    No ITS stop or start sites were identified for sequence SRR12683172.1998.1, skipping.
11-04 21:51 root         DEBUG    No ITS stop or start sites were identified for sequence SRR12683172.1999.1, skipping.
11-04 21:51 root         DEBUG    No ITS stop or start sites were identified for sequence SRR12683172.52.1, skipping.
11-04 21:51 root         DEBUG    No ITS stop or start sites were identified for sequence SRR12683172.2012.1, skipping.
11-04 21:51 root         DEBUG    No ITS stop or start sites were identified for sequence SRR12683172.2017.1, skipping.
11-04 21:51 root         DEBUG    No ITS stop or start sites were identified for sequence SRR12683172.2019.1, skipping.
11-04 21:51 root         DEBUG    No ITS stop or start sites were identified for sequence SRR12683172.2021.1, skipping.
11-04 21:51 root         DEBUG    No ITS stop or start sites were identified for sequence SRR12683172.2022.1, skipping.
11-04 21:51 root         DEBUG    No ITS stop or start sites were identified for sequence SRR12683172.2025.1, skipping.
11-04 21:51 root         DEBUG    No ITS stop or start sites were identified for sequence SRR12683172.2027.1, skipping.
11-04 21:51 root         DEBUG    No ITS stop or start sites were identified for sequence SRR12683172.2028.1, skipping.
11-04 21:51 root         DEBUG    No ITS stop or start sites were identified for sequence SRR12683172.2037.1, skipping.
11-04 21:51 root         DEBUG    No ITS stop or start sites were identified for sequence SRR12683172.2038.1, skipping.
11-04 21:51 root         DEBUG    No ITS stop or start sites were identified for sequence SRR12683172.2047.1, skipping.
11-04 21:51 root         DEBUG    No ITS stop or start sites were identified for sequence SRR12683172.2048.1, skipping.
11-04 21:51 root         DEBUG    No ITS stop or start sites were identified for sequence SRR12683172.2049.1, skipping.
11-04 21:51 root         DEBUG    No ITS stop or start sites were identified for sequence SRR12683172.2056.1, skipping.
11-04 21:51 root         DEBUG    No ITS stop or start sites were identified for sequence SRR12683172.2057.1, skipping.
11-04 21:51 root         DEBUG    No ITS stop or start sites were identified for sequence SRR12683172.2058.1, skipping.
11-04 21:51 root         DEBUG    No ITS stop or start sites were identified for sequence SRR12683172.2059.1, skipping.
11-04 21:51 root         DEBUG    No ITS stop or start sites were identified for sequence SRR12683172.2062.1, skipping.
11-04 21:51 root         DEBUG    No ITS stop or start sites were identified for sequence SRR12683172.2064.1, skipping.
11-04 21:51 root         DEBUG    No ITS stop or start sites were identified for sequence SRR12683172.2065.1, skipping.
11-04 21:51 root         DEBUG    No ITS stop or start sites were identified for sequence SRR12683172.2069.1, skipping.
11-04 21:51 root         DEBUG    No ITS stop or start sites were identified for sequence SRR12683172.2071.1, skipping.
11-04 21:51 root         DEBUG    No ITS stop or start sites were identified for sequence SRR12683172.2072.1, skipping.
11-04 21:51 root         DEBUG    No ITS stop or start sites were identified for sequence SRR12683172.2073.1, skipping.
11-04 21:51 root         DEBUG    No ITS stop or start sites were identified for sequence SRR12683172.2077.1, skipping.
11-04 21:51 root         DEBUG    No ITS stop or start sites were identified for sequence SRR12683172.2079.1, skipping.
11-04 21:51 root         DEBUG    No ITS stop or start sites were identified for sequence SRR12683172.2084.1, skipping.
11-04 21:51 root         DEBUG    No ITS stop or start sites were identified for sequence SRR12683172.2087.1, skipping.
11-04 21:51 root         DEBUG    No ITS stop or start sites were identified for sequence SRR12683172.2095.1, skipping.
11-04 21:51 root         DEBUG    No ITS stop or start sites were identified for sequence SRR12683172.2097.1, skipping.
11-04 21:51 root         DEBUG    No ITS stop or start sites were identified for sequence SRR12683172.2099.1, skipping.
11-04 21:51 root         DEBUG    No ITS stop or start sites were identified for sequence SRR12683172.2107.1, skipping.
11-04 21:51 root         DEBUG    No ITS stop or start sites were identified for sequence SRR12683172.2109.1, skipping.
11-04 21:51 root         DEBUG    No ITS stop or start sites were identified for sequence SRR12683172.2112.1, skipping.
11-04 21:51 root         DEBUG    No ITS stop or start sites were identified for sequence SRR12683172.2117.1, skipping.
11-04 21:51 root         DEBUG    No ITS stop or start sites were identified for sequence SRR12683172.2123.1, skipping.
11-04 21:51 root         DEBUG    No ITS stop or start sites were identified for sequence SRR12683172.2125.1, skipping.
11-04 21:51 root         DEBUG    No ITS stop or start sites were identified for sequence SRR12683172.2127.1, skipping.
11-04 21:51 root         DEBUG    No ITS stop or start sites were identified for sequence SRR12683172.2128.1, skipping.
11-04 21:51 root         DEBUG    No ITS stop or start sites were identified for sequence SRR12683172.183.1, skipping.
11-04 21:51 root         DEBUG    No ITS stop or start sites were identified for sequence SRR12683172.183.1, skipping.
11-04 21:51 root         DEBUG    No ITS stop or start sites were identified for sequence SRR12683172.2131.1, skipping.
11-04 21:51 root         DEBUG    No ITS stop or start sites were identified for sequence SRR12683172.2132.1, skipping.
11-04 21:51 root         DEBUG    No ITS stop or start sites were identified for sequence SRR12683172.2136.1, skipping.
11-04 21:51 root         DEBUG    No ITS stop or start sites were identified for sequence SRR12683172.2140.1, skipping.
11-04 21:51 root         DEBUG    No ITS stop or start sites were identified for sequence SRR12683172.2142.1, skipping.
11-04 21:51 root         DEBUG    No ITS stop or start sites were identified for sequence SRR12683172.2147.1, skipping.
11-04 21:51 root         DEBUG    No ITS stop or start sites were identified for sequence SRR12683172.2148.1, skipping.
11-04 21:51 root         DEBUG    No ITS stop or start sites were identified for sequence SRR12683172.2151.1, skipping.
11-04 21:51 root         DEBUG    No ITS stop or start sites were identified for sequence SRR12683172.2153.1, skipping.
11-04 21:51 root         DEBUG    No ITS stop or start sites were identified for sequence SRR12683172.21.1, skipping.
11-04 21:51 root         DEBUG    No ITS stop or start sites were identified for sequence SRR12683172.2160.1, skipping.
11-04 21:51 root         DEBUG    No ITS stop or start sites were identified for sequence SRR12683172.2162.1, skipping.
11-04 21:51 root         DEBUG    No ITS stop or start sites were identified for sequence SRR12683172.2163.1, skipping.
11-04 21:51 root         DEBUG    No ITS stop or start sites were identified for sequence SRR12683172.2171.1, skipping.
11-04 21:51 root         DEBUG    No ITS stop or start sites were identified for sequence SRR12683172.2172.1, skipping.
11-04 21:51 root         DEBUG    No ITS stop or start sites were identified for sequence SRR12683172.2175.1, skipping.
11-04 21:51 root         DEBUG    No ITS stop or start sites were identified for sequence SRR12683172.1664.1, skipping.
11-04 21:51 root         DEBUG    No ITS stop or start sites were identified for sequence SRR12683172.2178.1, skipping.
11-04 21:51 root         DEBUG    No ITS stop or start sites were identified for sequence SRR12683172.2180.1, skipping.
11-04 21:51 root         DEBUG    No ITS stop or start sites were identified for sequence SRR12683172.2183.1, skipping.
11-04 21:51 root         DEBUG    No ITS stop or start sites were identified for sequence SRR12683172.2186.1, skipping.
11-04 21:51 root         DEBUG    No ITS stop or start sites were identified for sequence SRR12683172.2192.1, skipping.
11-04 21:51 root         DEBUG    No ITS stop or start sites were identified for sequence SRR12683172.52.1, skipping.
11-04 21:51 root         DEBUG    No ITS stop or start sites were identified for sequence SRR12683172.2203.1, skipping.
11-04 21:51 root         DEBUG    No ITS stop or start sites were identified for sequence SRR12683172.61.1, skipping.
11-04 21:51 root         DEBUG    No ITS stop or start sites were identified for sequence SRR12683172.2211.1, skipping.
11-04 21:51 root         DEBUG    No ITS stop or start sites were identified for sequence SRR12683172.21.1, skipping.
11-04 21:51 root         DEBUG    No ITS stop or start sites were identified for sequence SRR12683172.21.1, skipping.
11-04 21:51 root         DEBUG    No ITS stop or start sites were identified for sequence SRR12683172.61.1, skipping.
11-04 21:51 root         DEBUG    No ITS stop or start sites were identified for sequence SRR12683172.39.1, skipping.
11-04 21:51 root         DEBUG    No ITS stop or start sites were identified for sequence SRR12683172.2222.1, skipping.
11-04 21:51 root         DEBUG    No ITS stop or start sites were identified for sequence SRR12683172.333.1, skipping.
11-04 21:51 root         DEBUG    No ITS stop or start sites were identified for sequence SRR12683172.2228.1, skipping.
11-04 21:51 root         DEBUG    No ITS stop or start sites were identified for sequence SRR12683172.2237.1, skipping.
11-04 21:51 root         DEBUG    No ITS stop or start sites were identified for sequence SRR12683172.2243.1, skipping.
11-04 21:51 root         DEBUG    No ITS stop or start sites were identified for sequence SRR12683172.2245.1, skipping.
11-04 21:51 root         DEBUG    No ITS stop or start sites were identified for sequence SRR12683172.2246.1, skipping.
11-04 21:51 root         DEBUG    No ITS stop or start sites were identified for sequence SRR12683172.333.1, skipping.
11-04 21:51 root         DEBUG    No ITS stop or start sites were identified for sequence SRR12683172.2249.1, skipping.
11-04 21:51 root         DEBUG    No ITS stop or start sites were identified for sequence SRR12683172.2252.1, skipping.
11-04 21:51 root         DEBUG    No ITS stop or start sites were identified for sequence SRR12683172.21.1, skipping.
11-04 21:51 root         DEBUG    No ITS stop or start sites were identified for sequence SRR12683172.333.1, skipping.
11-04 21:51 root         DEBUG    No ITS stop or start sites were identified for sequence SRR12683172.2262.1, skipping.
11-04 21:51 root         DEBUG    No ITS stop or start sites were identified for sequence SRR12683172.2266.1, skipping.
11-04 21:51 root         DEBUG    No ITS stop or start sites were identified for sequence SRR12683172.2269.1, skipping.
11-04 21:51 root         DEBUG    No ITS stop or start sites were identified for sequence SRR12683172.2270.1, skipping.
11-04 21:51 root         DEBUG    No ITS stop or start sites were identified for sequence SRR12683172.2274.1, skipping.
11-04 21:51 root         DEBUG    No ITS stop or start sites were identified for sequence SRR12683172.2277.1, skipping.
11-04 21:51 root         DEBUG    No ITS stop or start sites were identified for sequence SRR12683172.112.1, skipping.
11-04 21:51 root         DEBUG    No ITS stop or start sites were identified for sequence SRR12683172.2289.1, skipping.
11-04 21:51 root         DEBUG    No ITS stop or start sites were identified for sequence SRR12683172.62.1, skipping.
11-04 21:51 root         DEBUG    No ITS stop or start sites were identified for sequence SRR12683172.2295.1, skipping.
11-04 21:51 root         DEBUG    No ITS stop or start sites were identified for sequence SRR12683172.2296.1, skipping.
11-04 21:51 root         DEBUG    No ITS stop or start sites were identified for sequence SRR12683172.2302.1, skipping.
11-04 21:51 root         DEBUG    No ITS stop or start sites were identified for sequence SRR12683172.2148.1, skipping.
11-04 21:51 root         DEBUG    No ITS stop or start sites were identified for sequence SRR12683172.318.1, skipping.
11-04 21:51 root         DEBUG    No ITS stop or start sites were identified for sequence SRR12683172.21.1, skipping.
11-04 21:51 root         DEBUG    No ITS stop or start sites were identified for sequence SRR12683172.2307.1, skipping.
11-04 21:51 root         DEBUG    No ITS stop or start sites were identified for sequence SRR12683172.21.1, skipping.
11-04 21:51 root         DEBUG    No ITS stop or start sites were identified for sequence SRR12683172.2310.1, skipping.
11-04 21:51 root         DEBUG    No ITS stop or start sites were identified for sequence SRR12683172.2322.1, skipping.
11-04 21:51 root         DEBUG    No ITS stop or start sites were identified for sequence SRR12683172.2332.1, skipping.
11-04 21:51 root         DEBUG    No ITS stop or start sites were identified for sequence SRR12683172.2335.1, skipping.
11-04 21:51 root         DEBUG    No ITS stop or start sites were identified for sequence SRR12683172.349.1, skipping.
11-04 21:51 root         DEBUG    No ITS stop or start sites were identified for sequence SRR12683172.2345.1, skipping.
11-04 21:51 root         DEBUG    No ITS stop or start sites were identified for sequence SRR12683172.61.1, skipping.
11-04 21:51 root         DEBUG    No ITS stop or start sites were identified for sequence SRR12683172.2353.1, skipping.
11-04 21:51 root         DEBUG    No ITS stop or start sites were identified for sequence SRR12683172.54.1, skipping.
11-04 21:51 root         DEBUG    No ITS stop or start sites were identified for sequence SRR12683172.2358.1, skipping.
11-04 21:51 root         DEBUG    No ITS stop or start sites were identified for sequence SRR12683172.360.1, skipping.
11-04 21:51 root         DEBUG    No ITS stop or start sites were identified for sequence SRR12683172.444.1, skipping.
11-04 21:51 root         DEBUG    No ITS stop or start sites were identified for sequence SRR12683172.126.1, skipping.
11-04 21:51 root         DEBUG    No ITS stop or start sites were identified for sequence SRR12683172.21.1, skipping.
11-04 21:51 root         DEBUG    No ITS stop or start sites were identified for sequence SRR12683172.2382.1, skipping.
11-04 21:51 root         DEBUG    No ITS stop or start sites were identified for sequence SRR12683172.21.1, skipping.
11-04 21:51 root         DEBUG    No ITS stop or start sites were identified for sequence SRR12683172.194.1, skipping.
11-04 21:51 root         DEBUG    No ITS stop or start sites were identified for sequence SRR12683172.2392.1, skipping.
11-04 21:51 root         DEBUG    No ITS stop or start sites were identified for sequence SRR12683172.21.1, skipping.
11-04 21:51 root         DEBUG    No ITS stop or start sites were identified for sequence SRR12683172.21.1, skipping.
11-04 21:51 root         DEBUG    No ITS stop or start sites were identified for sequence SRR12683172.494.1, skipping.
11-04 21:51 root         DEBUG    No ITS stop or start sites were identified for sequence SRR12683172.2402.1, skipping.
11-04 21:51 root         DEBUG    No ITS stop or start sites were identified for sequence SRR12683172.2408.1, skipping.
11-04 21:51 root         DEBUG    No ITS stop or start sites were identified for sequence SRR12683172.2411.1, skipping.
11-04 21:51 root         DEBUG    No ITS stop or start sites were identified for sequence SRR12683172.61.1, skipping.
11-04 21:51 root         DEBUG    No ITS stop or start sites were identified for sequence SRR12683172.2428.1, skipping.
11-04 21:51 root         DEBUG    No ITS stop or start sites were identified for sequence SRR12683172.358.1, skipping.
11-04 21:51 root         DEBUG    No ITS stop or start sites were identified for sequence SRR12683172.21.1, skipping.
11-04 21:51 root         DEBUG    No ITS stop or start sites were identified for sequence SRR12683172.2433.1, skipping.
11-04 21:51 root         DEBUG    No ITS stop or start sites were identified for sequence SRR12683172.2437.1, skipping.
11-04 21:51 root         DEBUG    No ITS stop or start sites were identified for sequence SRR12683172.2446.1, skipping.
11-04 21:51 root         DEBUG    No ITS stop or start sites were identified for sequence SRR12683172.2452.1, skipping.
11-04 21:51 root         DEBUG    No ITS stop or start sites were identified for sequence SRR12683172.2459.1, skipping.
11-04 21:51 root         DEBUG    No ITS stop or start sites were identified for sequence SRR12683172.39.1, skipping.
11-04 21:51 root         DEBUG    No ITS stop or start sites were identified for sequence SRR12683172.2483.1, skipping.
11-04 21:51 root         DEBUG    No ITS stop or start sites were identified for sequence SRR12683172.2486.1, skipping.
11-04 21:51 root         DEBUG    No ITS stop or start sites were identified for sequence SRR12683172.2487.1, skipping.
11-04 21:51 root         DEBUG    No ITS stop or start sites were identified for sequence SRR12683172.2488.1, skipping.
11-04 21:51 root         DEBUG    No ITS stop or start sites were identified for sequence SRR12683172.2489.1, skipping.
11-04 21:51 root         DEBUG    No ITS stop or start sites were identified for sequence SRR12683172.2495.1, skipping.
11-04 21:51 root         DEBUG    No ITS stop or start sites were identified for sequence SRR12683172.21.1, skipping.
11-04 21:51 root         DEBUG    No ITS stop or start sites were identified for sequence SRR12683172.2502.1, skipping.
11-04 21:51 root         DEBUG    No ITS stop or start sites were identified for sequence SRR12683172.444.1, skipping.
11-04 21:51 root         DEBUG    No ITS stop or start sites were identified for sequence SRR12683172.2508.1, skipping.
11-04 21:51 root         DEBUG    No ITS stop or start sites were identified for sequence SRR12683172.21.1, skipping.
11-04 21:51 root         DEBUG    No ITS stop or start sites were identified for sequence SRR12683172.729.1, skipping.
11-04 21:51 root         DEBUG    No ITS stop or start sites were identified for sequence SRR12683172.163.1, skipping.
11-04 21:51 root         DEBUG    No ITS stop or start sites were identified for sequence SRR12683172.344.1, skipping.
11-04 21:51 root         DEBUG    No ITS stop or start sites were identified for sequence SRR12683172.2546.1, skipping.
11-04 21:51 root         DEBUG    No ITS stop or start sites were identified for sequence SRR12683172.2549.1, skipping.
11-04 21:51 root         DEBUG    No ITS stop or start sites were identified for sequence SRR12683172.2550.1, skipping.
11-04 21:51 root         DEBUG    No ITS stop or start sites were identified for sequence SRR12683172.2552.1, skipping.
11-04 21:51 root         DEBUG    No ITS stop or start sites were identified for sequence SRR12683172.2556.1, skipping.
11-04 21:51 root         DEBUG    No ITS stop or start sites were identified for sequence SRR12683172.2560.1, skipping.
11-04 21:51 root         DEBUG    No ITS stop or start sites were identified for sequence SRR12683172.2563.1, skipping.
11-04 21:51 root         DEBUG    No ITS stop or start sites were identified for sequence SRR12683172.2575.1, skipping.
11-04 21:51 root         DEBUG    No ITS stop or start sites were identified for sequence SRR12683172.2577.1, skipping.
11-04 21:51 root         DEBUG    No ITS stop or start sites were identified for sequence SRR12683172.2408.1, skipping.
11-04 21:51 root         DEBUG    No ITS stop or start sites were identified for sequence SRR12683172.2586.1, skipping.
11-04 21:51 root         DEBUG    No ITS stop or start sites were identified for sequence SRR12683172.52.1, skipping.
11-04 21:51 root         DEBUG    No ITS stop or start sites were identified for sequence SRR12683172.2605.1, skipping.
11-04 21:51 root         DEBUG    No ITS stop or start sites were identified for sequence SRR12683172.52.1, skipping.
11-04 21:51 root         DEBUG    No ITS stop or start sites were identified for sequence SRR12683172.2607.1, skipping.
11-04 21:51 root         DEBUG    No ITS stop or start sites were identified for sequence SRR12683172.61.1, skipping.
11-04 21:51 root         DEBUG    No ITS stop or start sites were identified for sequence SRR12683172.2617.1, skipping.
11-04 21:51 root         DEBUG    No ITS stop or start sites were identified for sequence SRR12683172.2623.1, skipping.
11-04 21:51 root         DEBUG    No ITS stop or start sites were identified for sequence SRR12683172.2625.1, skipping.
11-04 21:51 root         DEBUG    No ITS stop or start sites were identified for sequence SRR12683172.2627.1, skipping.
11-04 21:51 root         DEBUG    No ITS stop or start sites were identified for sequence SRR12683172.826.1, skipping.
11-04 21:51 root         DEBUG    No ITS stop or start sites were identified for sequence SRR12683172.2631.1, skipping.
11-04 21:51 root         DEBUG    No ITS stop or start sites were identified for sequence SRR12683172.2648.1, skipping.
11-04 21:51 root         DEBUG    No ITS stop or start sites were identified for sequence SRR12683172.2408.1, skipping.
11-04 21:51 root         DEBUG    No ITS stop or start sites were identified for sequence SRR12683172.1570.1, skipping.
11-04 21:51 root         DEBUG    No ITS stop or start sites were identified for sequence SRR12683172.2652.1, skipping.
11-04 21:51 root         DEBUG    No ITS stop or start sites were identified for sequence SRR12683172.2658.1, skipping.
11-04 21:51 root         DEBUG    No ITS stop or start sites were identified for sequence SRR12683172.39.1, skipping.
11-04 21:51 root         DEBUG    No ITS stop or start sites were identified for sequence SRR12683172.2665.1, skipping.
11-04 21:51 root         DEBUG    No ITS stop or start sites were identified for sequence SRR12683172.2666.1, skipping.
11-04 21:51 root         DEBUG    No ITS stop or start sites were identified for sequence SRR12683172.2667.1, skipping.
11-04 21:51 root         DEBUG    No ITS stop or start sites were identified for sequence SRR12683172.2671.1, skipping.
11-04 21:51 root         DEBUG    No ITS stop or start sites were identified for sequence SRR12683172.2672.1, skipping.
11-04 21:51 root         DEBUG    No ITS stop or start sites were identified for sequence SRR12683172.61.1, skipping.
11-04 21:51 root         DEBUG    No ITS stop or start sites were identified for sequence SRR12683172.2678.1, skipping.
11-04 21:51 root         DEBUG    No ITS stop or start sites were identified for sequence SRR12683172.194.1, skipping.
11-04 21:51 root         DEBUG    No ITS stop or start sites were identified for sequence SRR12683172.275.1, skipping.
11-04 21:51 root         DEBUG    No ITS stop or start sites were identified for sequence SRR12683172.61.1, skipping.
11-04 21:51 root         DEBUG    No ITS stop or start sites were identified for sequence SRR12683172.2689.1, skipping.
11-04 21:51 root         DEBUG    No ITS stop or start sites were identified for sequence SRR12683172.126.1, skipping.
11-04 21:51 root         DEBUG    No ITS stop or start sites were identified for sequence SRR12683172.279.1, skipping.
11-04 21:51 root         DEBUG    No ITS stop or start sites were identified for sequence SRR12683172.2696.1, skipping.
11-04 21:51 root         DEBUG    No ITS stop or start sites were identified for sequence SRR12683172.2698.1, skipping.
11-04 21:51 root         DEBUG    No ITS stop or start sites were identified for sequence SRR12683172.2699.1, skipping.
11-04 21:51 root         DEBUG    No ITS stop or start sites were identified for sequence SRR12683172.2705.1, skipping.
11-04 21:51 root         DEBUG    No ITS stop or start sites were identified for sequence SRR12683172.2707.1, skipping.
11-04 21:51 root         DEBUG    No ITS stop or start sites were identified for sequence SRR12683172.561.1, skipping.
11-04 21:51 root         DEBUG    No ITS stop or start sites were identified for sequence SRR12683172.2714.1, skipping.
11-04 21:51 root         DEBUG    No ITS stop or start sites were identified for sequence SRR12683172.2716.1, skipping.
11-04 21:51 root         DEBUG    No ITS stop or start sites were identified for sequence SRR12683172.2717.1, skipping.
11-04 21:51 root         DEBUG    No ITS stop or start sites were identified for sequence SRR12683172.2718.1, skipping.
11-04 21:51 root         DEBUG    No ITS stop or start sites were identified for sequence SRR12683172.2727.1, skipping.
11-04 21:51 root         DEBUG    No ITS stop or start sites were identified for sequence SRR12683172.1180.1, skipping.
11-04 21:51 root         DEBUG    No ITS stop or start sites were identified for sequence SRR12683172.2730.1, skipping.
11-04 21:51 root         DEBUG    No ITS stop or start sites were identified for sequence SRR12683172.2736.1, skipping.
11-04 21:51 root         DEBUG    No ITS stop or start sites were identified for sequence SRR12683172.2737.1, skipping.
11-04 21:51 root         DEBUG    No ITS stop or start sites were identified for sequence SRR12683172.2741.1, skipping.
11-04 21:51 root         DEBUG    No ITS stop or start sites were identified for sequence SRR12683172.2743.1, skipping.
11-04 21:51 root         DEBUG    No ITS stop or start sites were identified for sequence SRR12683172.21.1, skipping.
11-04 21:51 root         DEBUG    No ITS stop or start sites were identified for sequence SRR12683172.2746.1, skipping.
11-04 21:51 root         DEBUG    No ITS stop or start sites were identified for sequence SRR12683172.505.1, skipping.
11-04 21:51 root         DEBUG    No ITS stop or start sites were identified for sequence SRR12683172.2749.1, skipping.
11-04 21:51 root         DEBUG    No ITS stop or start sites were identified for sequence SRR12683172.2750.1, skipping.
11-04 21:51 root         DEBUG    No ITS stop or start sites were identified for sequence SRR12683172.2763.1, skipping.
11-04 21:51 root         DEBUG    No ITS stop or start sites were identified for sequence SRR12683172.2764.1, skipping.
11-04 21:51 root         DEBUG    No ITS stop or start sites were identified for sequence SRR12683172.333.1, skipping.
11-04 21:51 root         DEBUG    No ITS stop or start sites were identified for sequence SRR12683172.2716.1, skipping.
11-04 21:51 root         DEBUG    No ITS stop or start sites were identified for sequence SRR12683172.52.1, skipping.
11-04 21:51 root         DEBUG    No ITS stop or start sites were identified for sequence SRR12683172.61.1, skipping.
11-04 21:51 root         DEBUG    No ITS stop or start sites were identified for sequence SRR12683172.2783.1, skipping.
11-04 21:51 root         DEBUG    No ITS stop or start sites were identified for sequence SRR12683172.673.1, skipping.
11-04 21:51 root         DEBUG    No ITS stop or start sites were identified for sequence SRR12683172.2790.1, skipping.
11-04 21:51 root         DEBUG    No ITS stop or start sites were identified for sequence SRR12683172.2794.1, skipping.
11-04 21:51 root         DEBUG    No ITS stop or start sites were identified for sequence SRR12683172.2801.1, skipping.
11-04 21:51 root         DEBUG    No ITS stop or start sites were identified for sequence SRR12683172.2805.1, skipping.
11-04 21:51 root         DEBUG    No ITS stop or start sites were identified for sequence SRR12683172.2807.1, skipping.
11-04 21:51 root         INFO     ITSxpress ran in 00:00:23
