11-04 21:39 root         INFO     Verifying the input sequences.
11-04 21:39 root         INFO     Sequences are assumed to be single-end.
11-04 21:39 root         INFO     Temporary directory is: /tmp/itsxpress_3wqh317x
11-04 21:39 root         INFO     Unique sequences are being written to a temporary FASTA file with Vsearch.
11-04 21:39 root         INFO     vsearch v2.7.1_linux_x86_64, 15.6GB RAM, 4 cores
https://github.com/torognes/vsearch

Reading file SRR12683149_pass_1.fastq.gz 100%
43023 nt in 221 seqs, min 35, max 301, avg 195
Dereplicating 100%
Sorting 100%
100 unique sequences, avg cluster 2.2, median 1, max 58
Writing output file 100%
Writing uc file, first part 100%
Writing uc file, second part 100%

11-04 21:39 root         INFO     Searching for ITS start and stop sites using HMMSearch. This step takes a while.
11-04 21:39 root         INFO     Parsing HMM results.
11-04 21:39 root         INFO     Writing out sequences
11-04 21:39 root         DEBUG    No ITS stop or start sites were identified for sequence SRR12683149.5.1, skipping.
11-04 21:39 root         DEBUG    No ITS stop or start sites were identified for sequence SRR12683149.6.1, skipping.
11-04 21:39 root         DEBUG    No ITS stop or start sites were identified for sequence SRR12683149.7.1, skipping.
11-04 21:39 root         DEBUG    No ITS stop or start sites were identified for sequence SRR12683149.8.1, skipping.
11-04 21:39 root         DEBUG    No ITS stop or start sites were identified for sequence SRR12683149.11.1, skipping.
11-04 21:39 root         DEBUG    No ITS stop or start sites were identified for sequence SRR12683149.12.1, skipping.
11-04 21:39 root         DEBUG    No ITS stop or start sites were identified for sequence SRR12683149.13.1, skipping.
11-04 21:39 root         DEBUG    No ITS stop or start sites were identified for sequence SRR12683149.14.1, skipping.
11-04 21:39 root         DEBUG    No ITS stop or start sites were identified for sequence SRR12683149.15.1, skipping.
11-04 21:39 root         DEBUG    No ITS stop or start sites were identified for sequence SRR12683149.17.1, skipping.
11-04 21:39 root         DEBUG    No ITS stop or start sites were identified for sequence SRR12683149.8.1, skipping.
11-04 21:39 root         DEBUG    No ITS stop or start sites were identified for sequence SRR12683149.19.1, skipping.
11-04 21:39 root         DEBUG    No ITS stop or start sites were identified for sequence SRR12683149.21.1, skipping.
11-04 21:39 root         DEBUG    No ITS stop or start sites were identified for sequence SRR12683149.12.1, skipping.
11-04 21:39 root         DEBUG    No ITS stop or start sites were identified for sequence SRR12683149.13.1, skipping.
11-04 21:39 root         DEBUG    No ITS stop or start sites were identified for sequence SRR12683149.12.1, skipping.
11-04 21:39 root         DEBUG    No ITS stop or start sites were identified for sequence SRR12683149.33.1, skipping.
11-04 21:39 root         DEBUG    No ITS stop or start sites were identified for sequence SRR12683149.13.1, skipping.
11-04 21:39 root         DEBUG    No ITS stop or start sites were identified for sequence SRR12683149.12.1, skipping.
11-04 21:39 root         DEBUG    No ITS stop or start sites were identified for sequence SRR12683149.13.1, skipping.
11-04 21:39 root         DEBUG    No ITS stop or start sites were identified for sequence SRR12683149.12.1, skipping.
11-04 21:39 root         DEBUG    No ITS stop or start sites were identified for sequence SRR12683149.47.1, skipping.
11-04 21:39 root         DEBUG    No ITS stop or start sites were identified for sequence SRR12683149.8.1, skipping.
11-04 21:39 root         DEBUG    No ITS stop or start sites were identified for sequence SRR12683149.52.1, skipping.
11-04 21:39 root         DEBUG    No ITS stop or start sites were identified for sequence SRR12683149.53.1, skipping.
11-04 21:39 root         DEBUG    No ITS stop or start sites were identified for sequence SRR12683149.6.1, skipping.
11-04 21:39 root         DEBUG    No ITS stop or start sites were identified for sequence SRR12683149.55.1, skipping.
11-04 21:39 root         DEBUG    No ITS stop or start sites were identified for sequence SRR12683149.57.1, skipping.
11-04 21:39 root         DEBUG    No ITS stop or start sites were identified for sequence SRR12683149.60.1, skipping.
11-04 21:39 root         DEBUG    No ITS stop or start sites were identified for sequence SRR12683149.63.1, skipping.
11-04 21:39 root         DEBUG    No ITS stop or start sites were identified for sequence SRR12683149.21.1, skipping.
11-04 21:39 root         DEBUG    No ITS stop or start sites were identified for sequence SRR12683149.69.1, skipping.
11-04 21:39 root         DEBUG    No ITS stop or start sites were identified for sequence SRR12683149.13.1, skipping.
11-04 21:39 root         DEBUG    No ITS stop or start sites were identified for sequence SRR12683149.74.1, skipping.
11-04 21:39 root         DEBUG    No ITS stop or start sites were identified for sequence SRR12683149.77.1, skipping.
11-04 21:39 root         DEBUG    No ITS stop or start sites were identified for sequence SRR12683149.6.1, skipping.
11-04 21:39 root         DEBUG    No ITS stop or start sites were identified for sequence SRR12683149.8.1, skipping.
11-04 21:39 root         DEBUG    No ITS stop or start sites were identified for sequence SRR12683149.11.1, skipping.
11-04 21:39 root         DEBUG    No ITS stop or start sites were identified for sequence SRR12683149.6.1, skipping.
11-04 21:39 root         DEBUG    No ITS stop or start sites were identified for sequence SRR12683149.13.1, skipping.
11-04 21:39 root         DEBUG    No ITS stop or start sites were identified for sequence SRR12683149.8.1, skipping.
11-04 21:39 root         DEBUG    No ITS stop or start sites were identified for sequence SRR12683149.13.1, skipping.
11-04 21:39 root         DEBUG    No ITS stop or start sites were identified for sequence SRR12683149.96.1, skipping.
11-04 21:39 root         DEBUG    No ITS stop or start sites were identified for sequence SRR12683149.97.1, skipping.
11-04 21:39 root         DEBUG    No ITS stop or start sites were identified for sequence SRR12683149.69.1, skipping.
11-04 21:39 root         DEBUG    No ITS stop or start sites were identified for sequence SRR12683149.100.1, skipping.
11-04 21:39 root         DEBUG    No ITS stop or start sites were identified for sequence SRR12683149.101.1, skipping.
11-04 21:39 root         DEBUG    No ITS stop or start sites were identified for sequence SRR12683149.7.1, skipping.
11-04 21:39 root         DEBUG    No ITS stop or start sites were identified for sequence SRR12683149.101.1, skipping.
11-04 21:39 root         DEBUG    No ITS stop or start sites were identified for sequence SRR12683149.69.1, skipping.
11-04 21:39 root         DEBUG    No ITS stop or start sites were identified for sequence SRR12683149.107.1, skipping.
11-04 21:39 root         DEBUG    No ITS stop or start sites were identified for sequence SRR12683149.108.1, skipping.
11-04 21:39 root         DEBUG    No ITS stop or start sites were identified for sequence SRR12683149.109.1, skipping.
11-04 21:39 root         DEBUG    No ITS stop or start sites were identified for sequence SRR12683149.6.1, skipping.
11-04 21:39 root         DEBUG    No ITS stop or start sites were identified for sequence SRR12683149.7.1, skipping.
11-04 21:39 root         DEBUG    No ITS stop or start sites were identified for sequence SRR12683149.8.1, skipping.
11-04 21:39 root         DEBUG    No ITS stop or start sites were identified for sequence SRR12683149.108.1, skipping.
11-04 21:39 root         DEBUG    No ITS stop or start sites were identified for sequence SRR12683149.117.1, skipping.
11-04 21:39 root         DEBUG    No ITS stop or start sites were identified for sequence SRR12683149.69.1, skipping.
11-04 21:39 root         DEBUG    No ITS stop or start sites were identified for sequence SRR12683149.13.1, skipping.
11-04 21:39 root         DEBUG    No ITS stop or start sites were identified for sequence SRR12683149.7.1, skipping.
11-04 21:39 root         DEBUG    No ITS stop or start sites were identified for sequence SRR12683149.125.1, skipping.
11-04 21:39 root         DEBUG    No ITS stop or start sites were identified for sequence SRR12683149.13.1, skipping.
11-04 21:39 root         DEBUG    No ITS stop or start sites were identified for sequence SRR12683149.8.1, skipping.
11-04 21:39 root         DEBUG    No ITS stop or start sites were identified for sequence SRR12683149.21.1, skipping.
11-04 21:39 root         DEBUG    No ITS stop or start sites were identified for sequence SRR12683149.6.1, skipping.
11-04 21:39 root         DEBUG    No ITS stop or start sites were identified for sequence SRR12683149.63.1, skipping.
11-04 21:39 root         DEBUG    No ITS stop or start sites were identified for sequence SRR12683149.21.1, skipping.
11-04 21:39 root         DEBUG    No ITS stop or start sites were identified for sequence SRR12683149.140.1, skipping.
11-04 21:39 root         DEBUG    No ITS stop or start sites were identified for sequence SRR12683149.13.1, skipping.
11-04 21:39 root         DEBUG    No ITS stop or start sites were identified for sequence SRR12683149.13.1, skipping.
11-04 21:39 root         DEBUG    No ITS stop or start sites were identified for sequence SRR12683149.21.1, skipping.
11-04 21:39 root         DEBUG    No ITS stop or start sites were identified for sequence SRR12683149.13.1, skipping.
11-04 21:39 root         DEBUG    No ITS stop or start sites were identified for sequence SRR12683149.6.1, skipping.
11-04 21:39 root         DEBUG    No ITS stop or start sites were identified for sequence SRR12683149.6.1, skipping.
11-04 21:39 root         DEBUG    No ITS stop or start sites were identified for sequence SRR12683149.155.1, skipping.
11-04 21:39 root         DEBUG    No ITS stop or start sites were identified for sequence SRR12683149.156.1, skipping.
11-04 21:39 root         DEBUG    No ITS stop or start sites were identified for sequence SRR12683149.159.1, skipping.
11-04 21:39 root         DEBUG    No ITS stop or start sites were identified for sequence SRR12683149.63.1, skipping.
11-04 21:39 root         DEBUG    No ITS stop or start sites were identified for sequence SRR12683149.13.1, skipping.
11-04 21:39 root         DEBUG    No ITS stop or start sites were identified for sequence SRR12683149.166.1, skipping.
11-04 21:39 root         DEBUG    No ITS stop or start sites were identified for sequence SRR12683149.178.1, skipping.
11-04 21:39 root         DEBUG    No ITS stop or start sites were identified for sequence SRR12683149.8.1, skipping.
11-04 21:39 root         DEBUG    No ITS stop or start sites were identified for sequence SRR12683149.69.1, skipping.
11-04 21:39 root         DEBUG    No ITS stop or start sites were identified for sequence SRR12683149.193.1, skipping.
11-04 21:39 root         DEBUG    No ITS stop or start sites were identified for sequence SRR12683149.198.1, skipping.
11-04 21:39 root         DEBUG    No ITS stop or start sites were identified for sequence SRR12683149.21.1, skipping.
11-04 21:39 root         DEBUG    No ITS stop or start sites were identified for sequence SRR12683149.13.1, skipping.
11-04 21:39 root         DEBUG    No ITS stop or start sites were identified for sequence SRR12683149.21.1, skipping.
11-04 21:39 root         DEBUG    No ITS stop or start sites were identified for sequence SRR12683149.210.1, skipping.
11-04 21:39 root         DEBUG    No ITS stop or start sites were identified for sequence SRR12683149.212.1, skipping.
11-04 21:39 root         DEBUG    No ITS stop or start sites were identified for sequence SRR12683149.21.1, skipping.
11-04 21:39 root         DEBUG    No ITS stop or start sites were identified for sequence SRR12683149.8.1, skipping.
11-04 21:39 root         DEBUG    No ITS stop or start sites were identified for sequence SRR12683149.12.1, skipping.
11-04 21:39 root         DEBUG    No ITS stop or start sites were identified for sequence SRR12683149.6.1, skipping.
11-04 21:39 root         DEBUG    No ITS stop or start sites were identified for sequence SRR12683149.8.1, skipping.
11-04 21:39 root         INFO     ITSxpress ran in 00:00:01
