11-05 13:15 root         INFO     Verifying the input sequences.
11-05 13:15 root         INFO     Sequences are assumed to be single-end.
11-05 13:15 root         INFO     Temporary directory is: /tmp/itsxpress_pfx8rvt_
11-05 13:15 root         INFO     Unique sequences are being written to a temporary FASTA file with Vsearch.
11-05 13:15 root         INFO     vsearch v2.7.1_linux_x86_64, 15.6GB RAM, 4 cores
https://github.com/torognes/vsearch

Reading file SRR12683235_pass_1.fastq.gz 100%
127378 nt in 605 seqs, min 35, max 301, avg 211
Dereplicating 100%
Sorting 100%
365 unique sequences, avg cluster 1.7, median 1, max 62
Writing output file 100%
Writing uc file, first part 100%
Writing uc file, second part 100%

11-05 13:15 root         INFO     Searching for ITS start and stop sites using HMMSearch. This step takes a while.
11-05 13:15 root         INFO     Parsing HMM results.
11-05 13:15 root         INFO     Writing out sequences
11-05 13:15 root         DEBUG    No ITS stop or start sites were identified for sequence SRR12683235.1.1, skipping.
11-05 13:15 root         DEBUG    No ITS stop or start sites were identified for sequence SRR12683235.2.1, skipping.
11-05 13:15 root         DEBUG    No ITS stop or start sites were identified for sequence SRR12683235.3.1, skipping.
11-05 13:15 root         DEBUG    No ITS stop or start sites were identified for sequence SRR12683235.4.1, skipping.
11-05 13:15 root         DEBUG    No ITS stop or start sites were identified for sequence SRR12683235.5.1, skipping.
11-05 13:15 root         DEBUG    No ITS stop or start sites were identified for sequence SRR12683235.6.1, skipping.
11-05 13:15 root         DEBUG    No ITS stop or start sites were identified for sequence SRR12683235.7.1, skipping.
11-05 13:15 root         DEBUG    No ITS stop or start sites were identified for sequence SRR12683235.7.1, skipping.
11-05 13:15 root         DEBUG    No ITS stop or start sites were identified for sequence SRR12683235.9.1, skipping.
11-05 13:15 root         DEBUG    No ITS stop or start sites were identified for sequence SRR12683235.10.1, skipping.
11-05 13:15 root         DEBUG    No ITS stop or start sites were identified for sequence SRR12683235.7.1, skipping.
11-05 13:15 root         DEBUG    No ITS stop or start sites were identified for sequence SRR12683235.12.1, skipping.
11-05 13:15 root         DEBUG    No ITS stop or start sites were identified for sequence SRR12683235.14.1, skipping.
11-05 13:15 root         DEBUG    No ITS stop or start sites were identified for sequence SRR12683235.7.1, skipping.
11-05 13:15 root         DEBUG    No ITS stop or start sites were identified for sequence SRR12683235.17.1, skipping.
11-05 13:15 root         DEBUG    No ITS stop or start sites were identified for sequence SRR12683235.18.1, skipping.
11-05 13:15 root         DEBUG    No ITS stop or start sites were identified for sequence SRR12683235.10.1, skipping.
11-05 13:15 root         DEBUG    No ITS stop or start sites were identified for sequence SRR12683235.20.1, skipping.
11-05 13:15 root         DEBUG    No ITS stop or start sites were identified for sequence SRR12683235.18.1, skipping.
11-05 13:15 root         DEBUG    No ITS stop or start sites were identified for sequence SRR12683235.22.1, skipping.
11-05 13:15 root         DEBUG    No ITS stop or start sites were identified for sequence SRR12683235.10.1, skipping.
11-05 13:15 root         DEBUG    No ITS stop or start sites were identified for sequence SRR12683235.24.1, skipping.
11-05 13:15 root         DEBUG    No ITS stop or start sites were identified for sequence SRR12683235.25.1, skipping.
11-05 13:15 root         DEBUG    No ITS stop or start sites were identified for sequence SRR12683235.26.1, skipping.
11-05 13:15 root         DEBUG    No ITS stop or start sites were identified for sequence SRR12683235.18.1, skipping.
11-05 13:15 root         DEBUG    No ITS stop or start sites were identified for sequence SRR12683235.28.1, skipping.
11-05 13:15 root         DEBUG    No ITS stop or start sites were identified for sequence SRR12683235.29.1, skipping.
11-05 13:15 root         DEBUG    No ITS stop or start sites were identified for sequence SRR12683235.30.1, skipping.
11-05 13:15 root         DEBUG    No ITS stop or start sites were identified for sequence SRR12683235.31.1, skipping.
11-05 13:15 root         DEBUG    No ITS stop or start sites were identified for sequence SRR12683235.6.1, skipping.
11-05 13:15 root         DEBUG    No ITS stop or start sites were identified for sequence SRR12683235.6.1, skipping.
11-05 13:15 root         DEBUG    No ITS stop or start sites were identified for sequence SRR12683235.7.1, skipping.
11-05 13:15 root         DEBUG    No ITS stop or start sites were identified for sequence SRR12683235.17.1, skipping.
11-05 13:15 root         DEBUG    No ITS stop or start sites were identified for sequence SRR12683235.37.1, skipping.
11-05 13:15 root         DEBUG    No ITS stop or start sites were identified for sequence SRR12683235.25.1, skipping.
11-05 13:15 root         DEBUG    No ITS stop or start sites were identified for sequence SRR12683235.39.1, skipping.
11-05 13:15 root         DEBUG    No ITS stop or start sites were identified for sequence SRR12683235.40.1, skipping.
11-05 13:15 root         DEBUG    No ITS stop or start sites were identified for sequence SRR12683235.41.1, skipping.
11-05 13:15 root         DEBUG    No ITS stop or start sites were identified for sequence SRR12683235.42.1, skipping.
11-05 13:15 root         DEBUG    No ITS stop or start sites were identified for sequence SRR12683235.10.1, skipping.
11-05 13:15 root         DEBUG    No ITS stop or start sites were identified for sequence SRR12683235.18.1, skipping.
11-05 13:15 root         DEBUG    No ITS stop or start sites were identified for sequence SRR12683235.45.1, skipping.
11-05 13:15 root         DEBUG    No ITS stop or start sites were identified for sequence SRR12683235.46.1, skipping.
11-05 13:15 root         DEBUG    No ITS stop or start sites were identified for sequence SRR12683235.47.1, skipping.
11-05 13:15 root         DEBUG    No ITS stop or start sites were identified for sequence SRR12683235.6.1, skipping.
11-05 13:15 root         DEBUG    No ITS stop or start sites were identified for sequence SRR12683235.49.1, skipping.
11-05 13:15 root         DEBUG    No ITS stop or start sites were identified for sequence SRR12683235.50.1, skipping.
11-05 13:15 root         DEBUG    No ITS stop or start sites were identified for sequence SRR12683235.51.1, skipping.
11-05 13:15 root         DEBUG    No ITS stop or start sites were identified for sequence SRR12683235.6.1, skipping.
11-05 13:15 root         DEBUG    No ITS stop or start sites were identified for sequence SRR12683235.53.1, skipping.
11-05 13:15 root         DEBUG    No ITS stop or start sites were identified for sequence SRR12683235.6.1, skipping.
11-05 13:15 root         DEBUG    No ITS stop or start sites were identified for sequence SRR12683235.55.1, skipping.
11-05 13:15 root         DEBUG    No ITS stop or start sites were identified for sequence SRR12683235.56.1, skipping.
11-05 13:15 root         DEBUG    No ITS stop or start sites were identified for sequence SRR12683235.10.1, skipping.
11-05 13:15 root         DEBUG    No ITS stop or start sites were identified for sequence SRR12683235.58.1, skipping.
11-05 13:15 root         DEBUG    No ITS stop or start sites were identified for sequence SRR12683235.10.1, skipping.
11-05 13:15 root         DEBUG    No ITS stop or start sites were identified for sequence SRR12683235.60.1, skipping.
11-05 13:15 root         DEBUG    No ITS stop or start sites were identified for sequence SRR12683235.6.1, skipping.
11-05 13:15 root         DEBUG    No ITS stop or start sites were identified for sequence SRR12683235.10.1, skipping.
11-05 13:15 root         DEBUG    No ITS stop or start sites were identified for sequence SRR12683235.6.1, skipping.
11-05 13:15 root         DEBUG    No ITS stop or start sites were identified for sequence SRR12683235.64.1, skipping.
11-05 13:15 root         DEBUG    No ITS stop or start sites were identified for sequence SRR12683235.6.1, skipping.
11-05 13:15 root         DEBUG    No ITS stop or start sites were identified for sequence SRR12683235.66.1, skipping.
11-05 13:15 root         DEBUG    No ITS stop or start sites were identified for sequence SRR12683235.67.1, skipping.
11-05 13:15 root         DEBUG    No ITS stop or start sites were identified for sequence SRR12683235.68.1, skipping.
11-05 13:15 root         DEBUG    No ITS stop or start sites were identified for sequence SRR12683235.69.1, skipping.
11-05 13:15 root         DEBUG    No ITS stop or start sites were identified for sequence SRR12683235.71.1, skipping.
11-05 13:15 root         DEBUG    No ITS stop or start sites were identified for sequence SRR12683235.72.1, skipping.
11-05 13:15 root         DEBUG    No ITS stop or start sites were identified for sequence SRR12683235.10.1, skipping.
11-05 13:15 root         DEBUG    No ITS stop or start sites were identified for sequence SRR12683235.6.1, skipping.
11-05 13:15 root         DEBUG    No ITS stop or start sites were identified for sequence SRR12683235.72.1, skipping.
11-05 13:15 root         DEBUG    No ITS stop or start sites were identified for sequence SRR12683235.6.1, skipping.
11-05 13:15 root         DEBUG    No ITS stop or start sites were identified for sequence SRR12683235.77.1, skipping.
11-05 13:15 root         DEBUG    No ITS stop or start sites were identified for sequence SRR12683235.78.1, skipping.
11-05 13:15 root         DEBUG    No ITS stop or start sites were identified for sequence SRR12683235.10.1, skipping.
11-05 13:15 root         DEBUG    No ITS stop or start sites were identified for sequence SRR12683235.6.1, skipping.
11-05 13:15 root         DEBUG    No ITS stop or start sites were identified for sequence SRR12683235.49.1, skipping.
11-05 13:15 root         DEBUG    No ITS stop or start sites were identified for sequence SRR12683235.10.1, skipping.
11-05 13:15 root         DEBUG    No ITS stop or start sites were identified for sequence SRR12683235.10.1, skipping.
11-05 13:15 root         DEBUG    No ITS stop or start sites were identified for sequence SRR12683235.88.1, skipping.
11-05 13:15 root         DEBUG    No ITS stop or start sites were identified for sequence SRR12683235.72.1, skipping.
11-05 13:15 root         DEBUG    No ITS stop or start sites were identified for sequence SRR12683235.90.1, skipping.
11-05 13:15 root         DEBUG    No ITS stop or start sites were identified for sequence SRR12683235.10.1, skipping.
11-05 13:15 root         DEBUG    No ITS stop or start sites were identified for sequence SRR12683235.92.1, skipping.
11-05 13:15 root         DEBUG    No ITS stop or start sites were identified for sequence SRR12683235.93.1, skipping.
11-05 13:15 root         DEBUG    No ITS stop or start sites were identified for sequence SRR12683235.7.1, skipping.
11-05 13:15 root         DEBUG    No ITS stop or start sites were identified for sequence SRR12683235.10.1, skipping.
11-05 13:15 root         DEBUG    No ITS stop or start sites were identified for sequence SRR12683235.6.1, skipping.
11-05 13:15 root         DEBUG    No ITS stop or start sites were identified for sequence SRR12683235.7.1, skipping.
11-05 13:15 root         DEBUG    No ITS stop or start sites were identified for sequence SRR12683235.98.1, skipping.
11-05 13:15 root         DEBUG    No ITS stop or start sites were identified for sequence SRR12683235.100.1, skipping.
11-05 13:15 root         DEBUG    No ITS stop or start sites were identified for sequence SRR12683235.101.1, skipping.
11-05 13:15 root         DEBUG    No ITS stop or start sites were identified for sequence SRR12683235.102.1, skipping.
11-05 13:15 root         DEBUG    No ITS stop or start sites were identified for sequence SRR12683235.103.1, skipping.
11-05 13:15 root         DEBUG    No ITS stop or start sites were identified for sequence SRR12683235.104.1, skipping.
11-05 13:15 root         DEBUG    No ITS stop or start sites were identified for sequence SRR12683235.105.1, skipping.
11-05 13:15 root         DEBUG    No ITS stop or start sites were identified for sequence SRR12683235.106.1, skipping.
11-05 13:15 root         DEBUG    No ITS stop or start sites were identified for sequence SRR12683235.6.1, skipping.
11-05 13:15 root         DEBUG    No ITS stop or start sites were identified for sequence SRR12683235.6.1, skipping.
11-05 13:15 root         DEBUG    No ITS stop or start sites were identified for sequence SRR12683235.111.1, skipping.
11-05 13:15 root         DEBUG    No ITS stop or start sites were identified for sequence SRR12683235.112.1, skipping.
11-05 13:15 root         DEBUG    No ITS stop or start sites were identified for sequence SRR12683235.113.1, skipping.
11-05 13:15 root         DEBUG    No ITS stop or start sites were identified for sequence SRR12683235.114.1, skipping.
11-05 13:15 root         DEBUG    No ITS stop or start sites were identified for sequence SRR12683235.115.1, skipping.
11-05 13:15 root         DEBUG    No ITS stop or start sites were identified for sequence SRR12683235.113.1, skipping.
11-05 13:15 root         DEBUG    No ITS stop or start sites were identified for sequence SRR12683235.118.1, skipping.
11-05 13:15 root         DEBUG    No ITS stop or start sites were identified for sequence SRR12683235.119.1, skipping.
11-05 13:15 root         DEBUG    No ITS stop or start sites were identified for sequence SRR12683235.120.1, skipping.
11-05 13:15 root         DEBUG    No ITS stop or start sites were identified for sequence SRR12683235.121.1, skipping.
11-05 13:15 root         DEBUG    No ITS stop or start sites were identified for sequence SRR12683235.7.1, skipping.
11-05 13:15 root         DEBUG    No ITS stop or start sites were identified for sequence SRR12683235.124.1, skipping.
11-05 13:15 root         DEBUG    No ITS stop or start sites were identified for sequence SRR12683235.18.1, skipping.
11-05 13:15 root         DEBUG    No ITS stop or start sites were identified for sequence SRR12683235.126.1, skipping.
11-05 13:15 root         DEBUG    No ITS stop or start sites were identified for sequence SRR12683235.14.1, skipping.
11-05 13:15 root         DEBUG    No ITS stop or start sites were identified for sequence SRR12683235.128.1, skipping.
11-05 13:15 root         DEBUG    No ITS stop or start sites were identified for sequence SRR12683235.129.1, skipping.
11-05 13:15 root         DEBUG    No ITS stop or start sites were identified for sequence SRR12683235.130.1, skipping.
11-05 13:15 root         DEBUG    No ITS stop or start sites were identified for sequence SRR12683235.131.1, skipping.
11-05 13:15 root         DEBUG    No ITS stop or start sites were identified for sequence SRR12683235.132.1, skipping.
11-05 13:15 root         DEBUG    No ITS stop or start sites were identified for sequence SRR12683235.133.1, skipping.
11-05 13:15 root         DEBUG    No ITS stop or start sites were identified for sequence SRR12683235.134.1, skipping.
11-05 13:15 root         DEBUG    No ITS stop or start sites were identified for sequence SRR12683235.135.1, skipping.
11-05 13:15 root         DEBUG    No ITS stop or start sites were identified for sequence SRR12683235.6.1, skipping.
11-05 13:15 root         DEBUG    No ITS stop or start sites were identified for sequence SRR12683235.137.1, skipping.
11-05 13:15 root         DEBUG    No ITS stop or start sites were identified for sequence SRR12683235.139.1, skipping.
11-05 13:15 root         DEBUG    No ITS stop or start sites were identified for sequence SRR12683235.113.1, skipping.
11-05 13:15 root         DEBUG    No ITS stop or start sites were identified for sequence SRR12683235.6.1, skipping.
11-05 13:15 root         DEBUG    No ITS stop or start sites were identified for sequence SRR12683235.142.1, skipping.
11-05 13:15 root         DEBUG    No ITS stop or start sites were identified for sequence SRR12683235.10.1, skipping.
11-05 13:15 root         DEBUG    No ITS stop or start sites were identified for sequence SRR12683235.18.1, skipping.
11-05 13:15 root         DEBUG    No ITS stop or start sites were identified for sequence SRR12683235.145.1, skipping.
11-05 13:15 root         DEBUG    No ITS stop or start sites were identified for sequence SRR12683235.147.1, skipping.
11-05 13:15 root         DEBUG    No ITS stop or start sites were identified for sequence SRR12683235.148.1, skipping.
11-05 13:15 root         DEBUG    No ITS stop or start sites were identified for sequence SRR12683235.6.1, skipping.
11-05 13:15 root         DEBUG    No ITS stop or start sites were identified for sequence SRR12683235.150.1, skipping.
11-05 13:15 root         DEBUG    No ITS stop or start sites were identified for sequence SRR12683235.151.1, skipping.
11-05 13:15 root         DEBUG    No ITS stop or start sites were identified for sequence SRR12683235.152.1, skipping.
11-05 13:15 root         DEBUG    No ITS stop or start sites were identified for sequence SRR12683235.153.1, skipping.
11-05 13:15 root         DEBUG    No ITS stop or start sites were identified for sequence SRR12683235.154.1, skipping.
11-05 13:15 root         DEBUG    No ITS stop or start sites were identified for sequence SRR12683235.156.1, skipping.
11-05 13:15 root         DEBUG    No ITS stop or start sites were identified for sequence SRR12683235.157.1, skipping.
11-05 13:15 root         DEBUG    No ITS stop or start sites were identified for sequence SRR12683235.158.1, skipping.
11-05 13:15 root         DEBUG    No ITS stop or start sites were identified for sequence SRR12683235.10.1, skipping.
11-05 13:15 root         DEBUG    No ITS stop or start sites were identified for sequence SRR12683235.160.1, skipping.
11-05 13:15 root         DEBUG    No ITS stop or start sites were identified for sequence SRR12683235.7.1, skipping.
11-05 13:15 root         DEBUG    No ITS stop or start sites were identified for sequence SRR12683235.163.1, skipping.
11-05 13:15 root         DEBUG    No ITS stop or start sites were identified for sequence SRR12683235.164.1, skipping.
11-05 13:15 root         DEBUG    No ITS stop or start sites were identified for sequence SRR12683235.14.1, skipping.
11-05 13:15 root         DEBUG    No ITS stop or start sites were identified for sequence SRR12683235.166.1, skipping.
11-05 13:15 root         DEBUG    No ITS stop or start sites were identified for sequence SRR12683235.39.1, skipping.
11-05 13:15 root         DEBUG    No ITS stop or start sites were identified for sequence SRR12683235.168.1, skipping.
11-05 13:15 root         DEBUG    No ITS stop or start sites were identified for sequence SRR12683235.142.1, skipping.
11-05 13:15 root         DEBUG    No ITS stop or start sites were identified for sequence SRR12683235.6.1, skipping.
11-05 13:15 root         DEBUG    No ITS stop or start sites were identified for sequence SRR12683235.171.1, skipping.
11-05 13:15 root         DEBUG    No ITS stop or start sites were identified for sequence SRR12683235.10.1, skipping.
11-05 13:15 root         DEBUG    No ITS stop or start sites were identified for sequence SRR12683235.174.1, skipping.
11-05 13:15 root         DEBUG    No ITS stop or start sites were identified for sequence SRR12683235.175.1, skipping.
11-05 13:15 root         DEBUG    No ITS stop or start sites were identified for sequence SRR12683235.176.1, skipping.
11-05 13:15 root         DEBUG    No ITS stop or start sites were identified for sequence SRR12683235.177.1, skipping.
11-05 13:15 root         DEBUG    No ITS stop or start sites were identified for sequence SRR12683235.178.1, skipping.
11-05 13:15 root         DEBUG    No ITS stop or start sites were identified for sequence SRR12683235.179.1, skipping.
11-05 13:15 root         DEBUG    No ITS stop or start sites were identified for sequence SRR12683235.10.1, skipping.
11-05 13:15 root         DEBUG    No ITS stop or start sites were identified for sequence SRR12683235.183.1, skipping.
11-05 13:15 root         DEBUG    No ITS stop or start sites were identified for sequence SRR12683235.185.1, skipping.
11-05 13:15 root         DEBUG    No ITS stop or start sites were identified for sequence SRR12683235.186.1, skipping.
11-05 13:15 root         DEBUG    No ITS stop or start sites were identified for sequence SRR12683235.187.1, skipping.
11-05 13:15 root         DEBUG    No ITS stop or start sites were identified for sequence SRR12683235.188.1, skipping.
11-05 13:15 root         DEBUG    No ITS stop or start sites were identified for sequence SRR12683235.6.1, skipping.
11-05 13:15 root         DEBUG    No ITS stop or start sites were identified for sequence SRR12683235.191.1, skipping.
11-05 13:15 root         DEBUG    No ITS stop or start sites were identified for sequence SRR12683235.192.1, skipping.
11-05 13:15 root         DEBUG    No ITS stop or start sites were identified for sequence SRR12683235.193.1, skipping.
11-05 13:15 root         DEBUG    No ITS stop or start sites were identified for sequence SRR12683235.7.1, skipping.
11-05 13:15 root         DEBUG    No ITS stop or start sites were identified for sequence SRR12683235.195.1, skipping.
11-05 13:15 root         DEBUG    No ITS stop or start sites were identified for sequence SRR12683235.198.1, skipping.
11-05 13:15 root         DEBUG    No ITS stop or start sites were identified for sequence SRR12683235.200.1, skipping.
11-05 13:15 root         DEBUG    No ITS stop or start sites were identified for sequence SRR12683235.201.1, skipping.
11-05 13:15 root         DEBUG    No ITS stop or start sites were identified for sequence SRR12683235.202.1, skipping.
11-05 13:15 root         DEBUG    No ITS stop or start sites were identified for sequence SRR12683235.203.1, skipping.
11-05 13:15 root         DEBUG    No ITS stop or start sites were identified for sequence SRR12683235.204.1, skipping.
11-05 13:15 root         DEBUG    No ITS stop or start sites were identified for sequence SRR12683235.205.1, skipping.
11-05 13:15 root         DEBUG    No ITS stop or start sites were identified for sequence SRR12683235.206.1, skipping.
11-05 13:15 root         DEBUG    No ITS stop or start sites were identified for sequence SRR12683235.207.1, skipping.
11-05 13:15 root         DEBUG    No ITS stop or start sites were identified for sequence SRR12683235.45.1, skipping.
11-05 13:15 root         DEBUG    No ITS stop or start sites were identified for sequence SRR12683235.209.1, skipping.
11-05 13:15 root         DEBUG    No ITS stop or start sites were identified for sequence SRR12683235.210.1, skipping.
11-05 13:15 root         DEBUG    No ITS stop or start sites were identified for sequence SRR12683235.6.1, skipping.
11-05 13:15 root         DEBUG    No ITS stop or start sites were identified for sequence SRR12683235.10.1, skipping.
11-05 13:15 root         DEBUG    No ITS stop or start sites were identified for sequence SRR12683235.213.1, skipping.
11-05 13:15 root         DEBUG    No ITS stop or start sites were identified for sequence SRR12683235.214.1, skipping.
11-05 13:15 root         DEBUG    No ITS stop or start sites were identified for sequence SRR12683235.10.1, skipping.
11-05 13:15 root         DEBUG    No ITS stop or start sites were identified for sequence SRR12683235.216.1, skipping.
11-05 13:15 root         DEBUG    No ITS stop or start sites were identified for sequence SRR12683235.217.1, skipping.
11-05 13:15 root         DEBUG    No ITS stop or start sites were identified for sequence SRR12683235.6.1, skipping.
11-05 13:15 root         DEBUG    No ITS stop or start sites were identified for sequence SRR12683235.17.1, skipping.
11-05 13:15 root         DEBUG    No ITS stop or start sites were identified for sequence SRR12683235.220.1, skipping.
11-05 13:15 root         DEBUG    No ITS stop or start sites were identified for sequence SRR12683235.222.1, skipping.
11-05 13:15 root         DEBUG    No ITS stop or start sites were identified for sequence SRR12683235.18.1, skipping.
11-05 13:15 root         DEBUG    No ITS stop or start sites were identified for sequence SRR12683235.56.1, skipping.
11-05 13:15 root         DEBUG    No ITS stop or start sites were identified for sequence SRR12683235.10.1, skipping.
11-05 13:15 root         DEBUG    No ITS stop or start sites were identified for sequence SRR12683235.6.1, skipping.
11-05 13:15 root         DEBUG    No ITS stop or start sites were identified for sequence SRR12683235.227.1, skipping.
11-05 13:15 root         DEBUG    No ITS stop or start sites were identified for sequence SRR12683235.18.1, skipping.
11-05 13:15 root         DEBUG    No ITS stop or start sites were identified for sequence SRR12683235.6.1, skipping.
11-05 13:15 root         DEBUG    No ITS stop or start sites were identified for sequence SRR12683235.210.1, skipping.
11-05 13:15 root         DEBUG    No ITS stop or start sites were identified for sequence SRR12683235.232.1, skipping.
11-05 13:15 root         DEBUG    No ITS stop or start sites were identified for sequence SRR12683235.233.1, skipping.
11-05 13:15 root         DEBUG    No ITS stop or start sites were identified for sequence SRR12683235.6.1, skipping.
11-05 13:15 root         DEBUG    No ITS stop or start sites were identified for sequence SRR12683235.39.1, skipping.
11-05 13:15 root         DEBUG    No ITS stop or start sites were identified for sequence SRR12683235.6.1, skipping.
11-05 13:15 root         DEBUG    No ITS stop or start sites were identified for sequence SRR12683235.237.1, skipping.
11-05 13:15 root         DEBUG    No ITS stop or start sites were identified for sequence SRR12683235.10.1, skipping.
11-05 13:15 root         DEBUG    No ITS stop or start sites were identified for sequence SRR12683235.39.1, skipping.
11-05 13:15 root         DEBUG    No ITS stop or start sites were identified for sequence SRR12683235.240.1, skipping.
11-05 13:15 root         DEBUG    No ITS stop or start sites were identified for sequence SRR12683235.241.1, skipping.
11-05 13:15 root         DEBUG    No ITS stop or start sites were identified for sequence SRR12683235.242.1, skipping.
11-05 13:15 root         DEBUG    No ITS stop or start sites were identified for sequence SRR12683235.243.1, skipping.
11-05 13:15 root         DEBUG    No ITS stop or start sites were identified for sequence SRR12683235.244.1, skipping.
11-05 13:15 root         DEBUG    No ITS stop or start sites were identified for sequence SRR12683235.111.1, skipping.
11-05 13:15 root         DEBUG    No ITS stop or start sites were identified for sequence SRR12683235.246.1, skipping.
11-05 13:15 root         DEBUG    No ITS stop or start sites were identified for sequence SRR12683235.14.1, skipping.
11-05 13:15 root         DEBUG    No ITS stop or start sites were identified for sequence SRR12683235.10.1, skipping.
11-05 13:15 root         DEBUG    No ITS stop or start sites were identified for sequence SRR12683235.10.1, skipping.
11-05 13:15 root         DEBUG    No ITS stop or start sites were identified for sequence SRR12683235.14.1, skipping.
11-05 13:15 root         DEBUG    No ITS stop or start sites were identified for sequence SRR12683235.6.1, skipping.
11-05 13:15 root         DEBUG    No ITS stop or start sites were identified for sequence SRR12683235.6.1, skipping.
11-05 13:15 root         DEBUG    No ITS stop or start sites were identified for sequence SRR12683235.6.1, skipping.
11-05 13:15 root         DEBUG    No ITS stop or start sites were identified for sequence SRR12683235.254.1, skipping.
11-05 13:15 root         DEBUG    No ITS stop or start sites were identified for sequence SRR12683235.256.1, skipping.
11-05 13:15 root         DEBUG    No ITS stop or start sites were identified for sequence SRR12683235.6.1, skipping.
11-05 13:15 root         DEBUG    No ITS stop or start sites were identified for sequence SRR12683235.259.1, skipping.
11-05 13:15 root         DEBUG    No ITS stop or start sites were identified for sequence SRR12683235.39.1, skipping.
11-05 13:15 root         DEBUG    No ITS stop or start sites were identified for sequence SRR12683235.261.1, skipping.
11-05 13:15 root         DEBUG    No ITS stop or start sites were identified for sequence SRR12683235.262.1, skipping.
11-05 13:15 root         DEBUG    No ITS stop or start sites were identified for sequence SRR12683235.263.1, skipping.
11-05 13:15 root         DEBUG    No ITS stop or start sites were identified for sequence SRR12683235.264.1, skipping.
11-05 13:15 root         DEBUG    No ITS stop or start sites were identified for sequence SRR12683235.265.1, skipping.
11-05 13:15 root         DEBUG    No ITS stop or start sites were identified for sequence SRR12683235.266.1, skipping.
11-05 13:15 root         DEBUG    No ITS stop or start sites were identified for sequence SRR12683235.267.1, skipping.
11-05 13:15 root         DEBUG    No ITS stop or start sites were identified for sequence SRR12683235.268.1, skipping.
11-05 13:15 root         DEBUG    No ITS stop or start sites were identified for sequence SRR12683235.6.1, skipping.
11-05 13:15 root         DEBUG    No ITS stop or start sites were identified for sequence SRR12683235.18.1, skipping.
11-05 13:15 root         DEBUG    No ITS stop or start sites were identified for sequence SRR12683235.49.1, skipping.
11-05 13:15 root         DEBUG    No ITS stop or start sites were identified for sequence SRR12683235.273.1, skipping.
11-05 13:15 root         DEBUG    No ITS stop or start sites were identified for sequence SRR12683235.274.1, skipping.
11-05 13:15 root         DEBUG    No ITS stop or start sites were identified for sequence SRR12683235.275.1, skipping.
11-05 13:15 root         DEBUG    No ITS stop or start sites were identified for sequence SRR12683235.7.1, skipping.
11-05 13:15 root         DEBUG    No ITS stop or start sites were identified for sequence SRR12683235.24.1, skipping.
11-05 13:15 root         DEBUG    No ITS stop or start sites were identified for sequence SRR12683235.6.1, skipping.
11-05 13:15 root         DEBUG    No ITS stop or start sites were identified for sequence SRR12683235.279.1, skipping.
11-05 13:15 root         DEBUG    No ITS stop or start sites were identified for sequence SRR12683235.6.1, skipping.
11-05 13:15 root         DEBUG    No ITS stop or start sites were identified for sequence SRR12683235.10.1, skipping.
11-05 13:15 root         DEBUG    No ITS stop or start sites were identified for sequence SRR12683235.282.1, skipping.
11-05 13:15 root         DEBUG    No ITS stop or start sites were identified for sequence SRR12683235.6.1, skipping.
11-05 13:15 root         DEBUG    No ITS stop or start sites were identified for sequence SRR12683235.7.1, skipping.
11-05 13:15 root         DEBUG    No ITS stop or start sites were identified for sequence SRR12683235.6.1, skipping.
11-05 13:15 root         DEBUG    No ITS stop or start sites were identified for sequence SRR12683235.287.1, skipping.
11-05 13:15 root         DEBUG    No ITS stop or start sites were identified for sequence SRR12683235.288.1, skipping.
11-05 13:15 root         DEBUG    No ITS stop or start sites were identified for sequence SRR12683235.10.1, skipping.
11-05 13:15 root         DEBUG    No ITS stop or start sites were identified for sequence SRR12683235.6.1, skipping.
11-05 13:15 root         DEBUG    No ITS stop or start sites were identified for sequence SRR12683235.18.1, skipping.
11-05 13:15 root         DEBUG    No ITS stop or start sites were identified for sequence SRR12683235.292.1, skipping.
11-05 13:15 root         DEBUG    No ITS stop or start sites were identified for sequence SRR12683235.293.1, skipping.
11-05 13:15 root         DEBUG    No ITS stop or start sites were identified for sequence SRR12683235.294.1, skipping.
11-05 13:15 root         DEBUG    No ITS stop or start sites were identified for sequence SRR12683235.10.1, skipping.
11-05 13:15 root         DEBUG    No ITS stop or start sites were identified for sequence SRR12683235.45.1, skipping.
11-05 13:15 root         DEBUG    No ITS stop or start sites were identified for sequence SRR12683235.299.1, skipping.
11-05 13:15 root         DEBUG    No ITS stop or start sites were identified for sequence SRR12683235.10.1, skipping.
11-05 13:15 root         DEBUG    No ITS stop or start sites were identified for sequence SRR12683235.301.1, skipping.
11-05 13:15 root         DEBUG    No ITS stop or start sites were identified for sequence SRR12683235.302.1, skipping.
11-05 13:15 root         DEBUG    No ITS stop or start sites were identified for sequence SRR12683235.303.1, skipping.
11-05 13:15 root         DEBUG    No ITS stop or start sites were identified for sequence SRR12683235.304.1, skipping.
11-05 13:15 root         DEBUG    No ITS stop or start sites were identified for sequence SRR12683235.305.1, skipping.
11-05 13:15 root         DEBUG    No ITS stop or start sites were identified for sequence SRR12683235.306.1, skipping.
11-05 13:15 root         DEBUG    No ITS stop or start sites were identified for sequence SRR12683235.6.1, skipping.
11-05 13:15 root         DEBUG    No ITS stop or start sites were identified for sequence SRR12683235.10.1, skipping.
11-05 13:15 root         DEBUG    No ITS stop or start sites were identified for sequence SRR12683235.309.1, skipping.
11-05 13:15 root         DEBUG    No ITS stop or start sites were identified for sequence SRR12683235.7.1, skipping.
11-05 13:15 root         DEBUG    No ITS stop or start sites were identified for sequence SRR12683235.303.1, skipping.
11-05 13:15 root         DEBUG    No ITS stop or start sites were identified for sequence SRR12683235.313.1, skipping.
11-05 13:15 root         DEBUG    No ITS stop or start sites were identified for sequence SRR12683235.316.1, skipping.
11-05 13:15 root         DEBUG    No ITS stop or start sites were identified for sequence SRR12683235.317.1, skipping.
11-05 13:15 root         DEBUG    No ITS stop or start sites were identified for sequence SRR12683235.318.1, skipping.
11-05 13:15 root         DEBUG    No ITS stop or start sites were identified for sequence SRR12683235.319.1, skipping.
11-05 13:15 root         DEBUG    No ITS stop or start sites were identified for sequence SRR12683235.320.1, skipping.
11-05 13:15 root         DEBUG    No ITS stop or start sites were identified for sequence SRR12683235.10.1, skipping.
11-05 13:15 root         DEBUG    No ITS stop or start sites were identified for sequence SRR12683235.323.1, skipping.
11-05 13:15 root         DEBUG    No ITS stop or start sites were identified for sequence SRR12683235.325.1, skipping.
11-05 13:15 root         DEBUG    No ITS stop or start sites were identified for sequence SRR12683235.326.1, skipping.
11-05 13:15 root         DEBUG    No ITS stop or start sites were identified for sequence SRR12683235.113.1, skipping.
11-05 13:15 root         DEBUG    No ITS stop or start sites were identified for sequence SRR12683235.10.1, skipping.
11-05 13:15 root         DEBUG    No ITS stop or start sites were identified for sequence SRR12683235.329.1, skipping.
11-05 13:15 root         DEBUG    No ITS stop or start sites were identified for sequence SRR12683235.331.1, skipping.
11-05 13:15 root         DEBUG    No ITS stop or start sites were identified for sequence SRR12683235.18.1, skipping.
11-05 13:15 root         DEBUG    No ITS stop or start sites were identified for sequence SRR12683235.6.1, skipping.
11-05 13:15 root         DEBUG    No ITS stop or start sites were identified for sequence SRR12683235.334.1, skipping.
11-05 13:15 root         DEBUG    No ITS stop or start sites were identified for sequence SRR12683235.10.1, skipping.
11-05 13:15 root         DEBUG    No ITS stop or start sites were identified for sequence SRR12683235.6.1, skipping.
11-05 13:15 root         DEBUG    No ITS stop or start sites were identified for sequence SRR12683235.339.1, skipping.
11-05 13:15 root         DEBUG    No ITS stop or start sites were identified for sequence SRR12683235.340.1, skipping.
11-05 13:15 root         DEBUG    No ITS stop or start sites were identified for sequence SRR12683235.341.1, skipping.
11-05 13:15 root         DEBUG    No ITS stop or start sites were identified for sequence SRR12683235.22.1, skipping.
11-05 13:15 root         DEBUG    No ITS stop or start sites were identified for sequence SRR12683235.343.1, skipping.
11-05 13:15 root         DEBUG    No ITS stop or start sites were identified for sequence SRR12683235.10.1, skipping.
11-05 13:15 root         DEBUG    No ITS stop or start sites were identified for sequence SRR12683235.6.1, skipping.
11-05 13:15 root         DEBUG    No ITS stop or start sites were identified for sequence SRR12683235.346.1, skipping.
11-05 13:15 root         DEBUG    No ITS stop or start sites were identified for sequence SRR12683235.347.1, skipping.
11-05 13:15 root         DEBUG    No ITS stop or start sites were identified for sequence SRR12683235.10.1, skipping.
11-05 13:15 root         DEBUG    No ITS stop or start sites were identified for sequence SRR12683235.7.1, skipping.
11-05 13:15 root         DEBUG    No ITS stop or start sites were identified for sequence SRR12683235.10.1, skipping.
11-05 13:15 root         DEBUG    No ITS stop or start sites were identified for sequence SRR12683235.351.1, skipping.
11-05 13:15 root         DEBUG    No ITS stop or start sites were identified for sequence SRR12683235.352.1, skipping.
11-05 13:15 root         DEBUG    No ITS stop or start sites were identified for sequence SRR12683235.6.1, skipping.
11-05 13:15 root         DEBUG    No ITS stop or start sites were identified for sequence SRR12683235.18.1, skipping.
11-05 13:15 root         DEBUG    No ITS stop or start sites were identified for sequence SRR12683235.14.1, skipping.
11-05 13:15 root         DEBUG    No ITS stop or start sites were identified for sequence SRR12683235.6.1, skipping.
11-05 13:15 root         DEBUG    No ITS stop or start sites were identified for sequence SRR12683235.10.1, skipping.
11-05 13:15 root         DEBUG    No ITS stop or start sites were identified for sequence SRR12683235.6.1, skipping.
11-05 13:15 root         DEBUG    No ITS stop or start sites were identified for sequence SRR12683235.360.1, skipping.
11-05 13:15 root         DEBUG    No ITS stop or start sites were identified for sequence SRR12683235.361.1, skipping.
11-05 13:15 root         DEBUG    No ITS stop or start sites were identified for sequence SRR12683235.39.1, skipping.
11-05 13:15 root         DEBUG    No ITS stop or start sites were identified for sequence SRR12683235.363.1, skipping.
11-05 13:15 root         DEBUG    No ITS stop or start sites were identified for sequence SRR12683235.14.1, skipping.
11-05 13:15 root         DEBUG    No ITS stop or start sites were identified for sequence SRR12683235.365.1, skipping.
11-05 13:15 root         DEBUG    No ITS stop or start sites were identified for sequence SRR12683235.10.1, skipping.
11-05 13:15 root         DEBUG    No ITS stop or start sites were identified for sequence SRR12683235.10.1, skipping.
11-05 13:15 root         DEBUG    No ITS stop or start sites were identified for sequence SRR12683235.6.1, skipping.
11-05 13:15 root         DEBUG    No ITS stop or start sites were identified for sequence SRR12683235.370.1, skipping.
11-05 13:15 root         DEBUG    No ITS stop or start sites were identified for sequence SRR12683235.299.1, skipping.
11-05 13:15 root         DEBUG    No ITS stop or start sites were identified for sequence SRR12683235.373.1, skipping.
11-05 13:15 root         DEBUG    No ITS stop or start sites were identified for sequence SRR12683235.14.1, skipping.
11-05 13:15 root         DEBUG    No ITS stop or start sites were identified for sequence SRR12683235.49.1, skipping.
11-05 13:15 root         DEBUG    No ITS stop or start sites were identified for sequence SRR12683235.376.1, skipping.
11-05 13:15 root         DEBUG    No ITS stop or start sites were identified for sequence SRR12683235.346.1, skipping.
11-05 13:15 root         DEBUG    No ITS stop or start sites were identified for sequence SRR12683235.6.1, skipping.
11-05 13:15 root         DEBUG    No ITS stop or start sites were identified for sequence SRR12683235.380.1, skipping.
11-05 13:15 root         DEBUG    No ITS stop or start sites were identified for sequence SRR12683235.25.1, skipping.
11-05 13:15 root         DEBUG    No ITS stop or start sites were identified for sequence SRR12683235.383.1, skipping.
11-05 13:15 root         DEBUG    No ITS stop or start sites were identified for sequence SRR12683235.384.1, skipping.
11-05 13:15 root         DEBUG    No ITS stop or start sites were identified for sequence SRR12683235.10.1, skipping.
11-05 13:15 root         DEBUG    No ITS stop or start sites were identified for sequence SRR12683235.386.1, skipping.
11-05 13:15 root         DEBUG    No ITS stop or start sites were identified for sequence SRR12683235.6.1, skipping.
11-05 13:15 root         DEBUG    No ITS stop or start sites were identified for sequence SRR12683235.388.1, skipping.
11-05 13:15 root         DEBUG    No ITS stop or start sites were identified for sequence SRR12683235.6.1, skipping.
11-05 13:15 root         DEBUG    No ITS stop or start sites were identified for sequence SRR12683235.10.1, skipping.
11-05 13:15 root         DEBUG    No ITS stop or start sites were identified for sequence SRR12683235.7.1, skipping.
11-05 13:15 root         DEBUG    No ITS stop or start sites were identified for sequence SRR12683235.392.1, skipping.
11-05 13:15 root         DEBUG    No ITS stop or start sites were identified for sequence SRR12683235.10.1, skipping.
11-05 13:15 root         DEBUG    No ITS stop or start sites were identified for sequence SRR12683235.111.1, skipping.
11-05 13:15 root         DEBUG    No ITS stop or start sites were identified for sequence SRR12683235.6.1, skipping.
11-05 13:15 root         DEBUG    No ITS stop or start sites were identified for sequence SRR12683235.398.1, skipping.
11-05 13:15 root         DEBUG    No ITS stop or start sites were identified for sequence SRR12683235.399.1, skipping.
11-05 13:15 root         DEBUG    No ITS stop or start sites were identified for sequence SRR12683235.10.1, skipping.
11-05 13:15 root         DEBUG    No ITS stop or start sites were identified for sequence SRR12683235.142.1, skipping.
11-05 13:15 root         DEBUG    No ITS stop or start sites were identified for sequence SRR12683235.402.1, skipping.
11-05 13:15 root         DEBUG    No ITS stop or start sites were identified for sequence SRR12683235.18.1, skipping.
11-05 13:15 root         DEBUG    No ITS stop or start sites were identified for sequence SRR12683235.404.1, skipping.
11-05 13:15 root         DEBUG    No ITS stop or start sites were identified for sequence SRR12683235.405.1, skipping.
11-05 13:15 root         DEBUG    No ITS stop or start sites were identified for sequence SRR12683235.406.1, skipping.
11-05 13:15 root         DEBUG    No ITS stop or start sites were identified for sequence SRR12683235.18.1, skipping.
11-05 13:15 root         DEBUG    No ITS stop or start sites were identified for sequence SRR12683235.77.1, skipping.
11-05 13:15 root         DEBUG    No ITS stop or start sites were identified for sequence SRR12683235.409.1, skipping.
11-05 13:15 root         DEBUG    No ITS stop or start sites were identified for sequence SRR12683235.7.1, skipping.
11-05 13:15 root         DEBUG    No ITS stop or start sites were identified for sequence SRR12683235.14.1, skipping.
11-05 13:15 root         DEBUG    No ITS stop or start sites were identified for sequence SRR12683235.413.1, skipping.
11-05 13:15 root         DEBUG    No ITS stop or start sites were identified for sequence SRR12683235.414.1, skipping.
11-05 13:15 root         DEBUG    No ITS stop or start sites were identified for sequence SRR12683235.415.1, skipping.
11-05 13:15 root         DEBUG    No ITS stop or start sites were identified for sequence SRR12683235.416.1, skipping.
11-05 13:15 root         DEBUG    No ITS stop or start sites were identified for sequence SRR12683235.417.1, skipping.
11-05 13:15 root         DEBUG    No ITS stop or start sites were identified for sequence SRR12683235.418.1, skipping.
11-05 13:15 root         DEBUG    No ITS stop or start sites were identified for sequence SRR12683235.419.1, skipping.
11-05 13:15 root         DEBUG    No ITS stop or start sites were identified for sequence SRR12683235.18.1, skipping.
11-05 13:15 root         DEBUG    No ITS stop or start sites were identified for sequence SRR12683235.421.1, skipping.
11-05 13:15 root         DEBUG    No ITS stop or start sites were identified for sequence SRR12683235.18.1, skipping.
11-05 13:15 root         DEBUG    No ITS stop or start sites were identified for sequence SRR12683235.424.1, skipping.
11-05 13:15 root         DEBUG    No ITS stop or start sites were identified for sequence SRR12683235.425.1, skipping.
11-05 13:15 root         DEBUG    No ITS stop or start sites were identified for sequence SRR12683235.426.1, skipping.
11-05 13:15 root         DEBUG    No ITS stop or start sites were identified for sequence SRR12683235.6.1, skipping.
11-05 13:15 root         DEBUG    No ITS stop or start sites were identified for sequence SRR12683235.429.1, skipping.
11-05 13:15 root         DEBUG    No ITS stop or start sites were identified for sequence SRR12683235.430.1, skipping.
11-05 13:15 root         DEBUG    No ITS stop or start sites were identified for sequence SRR12683235.432.1, skipping.
11-05 13:15 root         DEBUG    No ITS stop or start sites were identified for sequence SRR12683235.433.1, skipping.
11-05 13:15 root         DEBUG    No ITS stop or start sites were identified for sequence SRR12683235.434.1, skipping.
11-05 13:15 root         DEBUG    No ITS stop or start sites were identified for sequence SRR12683235.10.1, skipping.
11-05 13:15 root         DEBUG    No ITS stop or start sites were identified for sequence SRR12683235.361.1, skipping.
11-05 13:15 root         DEBUG    No ITS stop or start sites were identified for sequence SRR12683235.49.1, skipping.
11-05 13:15 root         DEBUG    No ITS stop or start sites were identified for sequence SRR12683235.361.1, skipping.
11-05 13:15 root         DEBUG    No ITS stop or start sites were identified for sequence SRR12683235.10.1, skipping.
11-05 13:15 root         DEBUG    No ITS stop or start sites were identified for sequence SRR12683235.442.1, skipping.
11-05 13:15 root         DEBUG    No ITS stop or start sites were identified for sequence SRR12683235.443.1, skipping.
11-05 13:15 root         DEBUG    No ITS stop or start sites were identified for sequence SRR12683235.444.1, skipping.
11-05 13:15 root         DEBUG    No ITS stop or start sites were identified for sequence SRR12683235.446.1, skipping.
11-05 13:15 root         DEBUG    No ITS stop or start sites were identified for sequence SRR12683235.447.1, skipping.
11-05 13:15 root         DEBUG    No ITS stop or start sites were identified for sequence SRR12683235.448.1, skipping.
11-05 13:15 root         DEBUG    No ITS stop or start sites were identified for sequence SRR12683235.10.1, skipping.
11-05 13:15 root         DEBUG    No ITS stop or start sites were identified for sequence SRR12683235.450.1, skipping.
11-05 13:15 root         DEBUG    No ITS stop or start sites were identified for sequence SRR12683235.451.1, skipping.
11-05 13:15 root         DEBUG    No ITS stop or start sites were identified for sequence SRR12683235.452.1, skipping.
11-05 13:15 root         DEBUG    No ITS stop or start sites were identified for sequence SRR12683235.453.1, skipping.
11-05 13:15 root         DEBUG    No ITS stop or start sites were identified for sequence SRR12683235.454.1, skipping.
11-05 13:15 root         DEBUG    No ITS stop or start sites were identified for sequence SRR12683235.456.1, skipping.
11-05 13:15 root         DEBUG    No ITS stop or start sites were identified for sequence SRR12683235.458.1, skipping.
11-05 13:15 root         DEBUG    No ITS stop or start sites were identified for sequence SRR12683235.459.1, skipping.
11-05 13:15 root         DEBUG    No ITS stop or start sites were identified for sequence SRR12683235.460.1, skipping.
11-05 13:15 root         DEBUG    No ITS stop or start sites were identified for sequence SRR12683235.461.1, skipping.
11-05 13:15 root         DEBUG    No ITS stop or start sites were identified for sequence SRR12683235.463.1, skipping.
11-05 13:15 root         DEBUG    No ITS stop or start sites were identified for sequence SRR12683235.465.1, skipping.
11-05 13:15 root         DEBUG    No ITS stop or start sites were identified for sequence SRR12683235.466.1, skipping.
11-05 13:15 root         DEBUG    No ITS stop or start sites were identified for sequence SRR12683235.18.1, skipping.
11-05 13:15 root         DEBUG    No ITS stop or start sites were identified for sequence SRR12683235.469.1, skipping.
11-05 13:15 root         DEBUG    No ITS stop or start sites were identified for sequence SRR12683235.470.1, skipping.
11-05 13:15 root         DEBUG    No ITS stop or start sites were identified for sequence SRR12683235.201.1, skipping.
11-05 13:15 root         DEBUG    No ITS stop or start sites were identified for sequence SRR12683235.472.1, skipping.
11-05 13:15 root         DEBUG    No ITS stop or start sites were identified for sequence SRR12683235.473.1, skipping.
11-05 13:15 root         DEBUG    No ITS stop or start sites were identified for sequence SRR12683235.18.1, skipping.
11-05 13:15 root         DEBUG    No ITS stop or start sites were identified for sequence SRR12683235.476.1, skipping.
11-05 13:15 root         DEBUG    No ITS stop or start sites were identified for sequence SRR12683235.10.1, skipping.
11-05 13:15 root         DEBUG    No ITS stop or start sites were identified for sequence SRR12683235.478.1, skipping.
11-05 13:15 root         DEBUG    No ITS stop or start sites were identified for sequence SRR12683235.480.1, skipping.
11-05 13:15 root         DEBUG    No ITS stop or start sites were identified for sequence SRR12683235.58.1, skipping.
11-05 13:15 root         DEBUG    No ITS stop or start sites were identified for sequence SRR12683235.10.1, skipping.
11-05 13:15 root         DEBUG    No ITS stop or start sites were identified for sequence SRR12683235.483.1, skipping.
11-05 13:15 root         DEBUG    No ITS stop or start sites were identified for sequence SRR12683235.484.1, skipping.
11-05 13:15 root         DEBUG    No ITS stop or start sites were identified for sequence SRR12683235.18.1, skipping.
11-05 13:15 root         DEBUG    No ITS stop or start sites were identified for sequence SRR12683235.10.1, skipping.
11-05 13:15 root         DEBUG    No ITS stop or start sites were identified for sequence SRR12683235.487.1, skipping.
11-05 13:15 root         DEBUG    No ITS stop or start sites were identified for sequence SRR12683235.488.1, skipping.
11-05 13:15 root         DEBUG    No ITS stop or start sites were identified for sequence SRR12683235.10.1, skipping.
11-05 13:15 root         DEBUG    No ITS stop or start sites were identified for sequence SRR12683235.53.1, skipping.
11-05 13:15 root         DEBUG    No ITS stop or start sites were identified for sequence SRR12683235.10.1, skipping.
11-05 13:15 root         DEBUG    No ITS stop or start sites were identified for sequence SRR12683235.6.1, skipping.
11-05 13:15 root         DEBUG    No ITS stop or start sites were identified for sequence SRR12683235.18.1, skipping.
11-05 13:15 root         DEBUG    No ITS stop or start sites were identified for sequence SRR12683235.213.1, skipping.
11-05 13:15 root         DEBUG    No ITS stop or start sites were identified for sequence SRR12683235.10.1, skipping.
11-05 13:15 root         DEBUG    No ITS stop or start sites were identified for sequence SRR12683235.56.1, skipping.
11-05 13:15 root         DEBUG    No ITS stop or start sites were identified for sequence SRR12683235.7.1, skipping.
11-05 13:15 root         DEBUG    No ITS stop or start sites were identified for sequence SRR12683235.10.1, skipping.
11-05 13:15 root         DEBUG    No ITS stop or start sites were identified for sequence SRR12683235.6.1, skipping.
11-05 13:15 root         DEBUG    No ITS stop or start sites were identified for sequence SRR12683235.500.1, skipping.
11-05 13:15 root         DEBUG    No ITS stop or start sites were identified for sequence SRR12683235.501.1, skipping.
11-05 13:15 root         DEBUG    No ITS stop or start sites were identified for sequence SRR12683235.502.1, skipping.
11-05 13:15 root         DEBUG    No ITS stop or start sites were identified for sequence SRR12683235.6.1, skipping.
11-05 13:15 root         DEBUG    No ITS stop or start sites were identified for sequence SRR12683235.504.1, skipping.
11-05 13:15 root         DEBUG    No ITS stop or start sites were identified for sequence SRR12683235.7.1, skipping.
11-05 13:15 root         DEBUG    No ITS stop or start sites were identified for sequence SRR12683235.506.1, skipping.
11-05 13:15 root         DEBUG    No ITS stop or start sites were identified for sequence SRR12683235.507.1, skipping.
11-05 13:15 root         DEBUG    No ITS stop or start sites were identified for sequence SRR12683235.6.1, skipping.
11-05 13:15 root         DEBUG    No ITS stop or start sites were identified for sequence SRR12683235.509.1, skipping.
11-05 13:15 root         DEBUG    No ITS stop or start sites were identified for sequence SRR12683235.510.1, skipping.
11-05 13:15 root         DEBUG    No ITS stop or start sites were identified for sequence SRR12683235.511.1, skipping.
11-05 13:15 root         DEBUG    No ITS stop or start sites were identified for sequence SRR12683235.512.1, skipping.
11-05 13:15 root         DEBUG    No ITS stop or start sites were identified for sequence SRR12683235.513.1, skipping.
11-05 13:15 root         DEBUG    No ITS stop or start sites were identified for sequence SRR12683235.514.1, skipping.
11-05 13:15 root         DEBUG    No ITS stop or start sites were identified for sequence SRR12683235.515.1, skipping.
11-05 13:15 root         DEBUG    No ITS stop or start sites were identified for sequence SRR12683235.516.1, skipping.
11-05 13:15 root         DEBUG    No ITS stop or start sites were identified for sequence SRR12683235.7.1, skipping.
11-05 13:15 root         DEBUG    No ITS stop or start sites were identified for sequence SRR12683235.518.1, skipping.
11-05 13:15 root         DEBUG    No ITS stop or start sites were identified for sequence SRR12683235.6.1, skipping.
11-05 13:15 root         DEBUG    No ITS stop or start sites were identified for sequence SRR12683235.10.1, skipping.
11-05 13:15 root         DEBUG    No ITS stop or start sites were identified for sequence SRR12683235.18.1, skipping.
11-05 13:15 root         DEBUG    No ITS stop or start sites were identified for sequence SRR12683235.522.1, skipping.
11-05 13:15 root         DEBUG    No ITS stop or start sites were identified for sequence SRR12683235.523.1, skipping.
11-05 13:15 root         DEBUG    No ITS stop or start sites were identified for sequence SRR12683235.524.1, skipping.
11-05 13:15 root         DEBUG    No ITS stop or start sites were identified for sequence SRR12683235.525.1, skipping.
11-05 13:15 root         DEBUG    No ITS stop or start sites were identified for sequence SRR12683235.526.1, skipping.
11-05 13:15 root         DEBUG    No ITS stop or start sites were identified for sequence SRR12683235.527.1, skipping.
11-05 13:15 root         DEBUG    No ITS stop or start sites were identified for sequence SRR12683235.528.1, skipping.
11-05 13:15 root         DEBUG    No ITS stop or start sites were identified for sequence SRR12683235.529.1, skipping.
11-05 13:15 root         DEBUG    No ITS stop or start sites were identified for sequence SRR12683235.6.1, skipping.
11-05 13:15 root         DEBUG    No ITS stop or start sites were identified for sequence SRR12683235.373.1, skipping.
11-05 13:15 root         DEBUG    No ITS stop or start sites were identified for sequence SRR12683235.10.1, skipping.
11-05 13:15 root         DEBUG    No ITS stop or start sites were identified for sequence SRR12683235.10.1, skipping.
11-05 13:15 root         DEBUG    No ITS stop or start sites were identified for sequence SRR12683235.536.1, skipping.
11-05 13:15 root         DEBUG    No ITS stop or start sites were identified for sequence SRR12683235.10.1, skipping.
11-05 13:15 root         DEBUG    No ITS stop or start sites were identified for sequence SRR12683235.469.1, skipping.
11-05 13:15 root         DEBUG    No ITS stop or start sites were identified for sequence SRR12683235.10.1, skipping.
11-05 13:15 root         DEBUG    No ITS stop or start sites were identified for sequence SRR12683235.7.1, skipping.
11-05 13:15 root         DEBUG    No ITS stop or start sites were identified for sequence SRR12683235.10.1, skipping.
11-05 13:15 root         DEBUG    No ITS stop or start sites were identified for sequence SRR12683235.41.1, skipping.
11-05 13:15 root         DEBUG    No ITS stop or start sites were identified for sequence SRR12683235.56.1, skipping.
11-05 13:15 root         DEBUG    No ITS stop or start sites were identified for sequence SRR12683235.25.1, skipping.
11-05 13:15 root         DEBUG    No ITS stop or start sites were identified for sequence SRR12683235.39.1, skipping.
11-05 13:15 root         DEBUG    No ITS stop or start sites were identified for sequence SRR12683235.547.1, skipping.
11-05 13:15 root         DEBUG    No ITS stop or start sites were identified for sequence SRR12683235.425.1, skipping.
11-05 13:15 root         DEBUG    No ITS stop or start sites were identified for sequence SRR12683235.24.1, skipping.
11-05 13:15 root         DEBUG    No ITS stop or start sites were identified for sequence SRR12683235.551.1, skipping.
11-05 13:15 root         DEBUG    No ITS stop or start sites were identified for sequence SRR12683235.552.1, skipping.
11-05 13:15 root         DEBUG    No ITS stop or start sites were identified for sequence SRR12683235.553.1, skipping.
11-05 13:15 root         DEBUG    No ITS stop or start sites were identified for sequence SRR12683235.18.1, skipping.
11-05 13:15 root         DEBUG    No ITS stop or start sites were identified for sequence SRR12683235.555.1, skipping.
11-05 13:15 root         DEBUG    No ITS stop or start sites were identified for sequence SRR12683235.556.1, skipping.
11-05 13:15 root         DEBUG    No ITS stop or start sites were identified for sequence SRR12683235.448.1, skipping.
11-05 13:15 root         DEBUG    No ITS stop or start sites were identified for sequence SRR12683235.558.1, skipping.
11-05 13:15 root         DEBUG    No ITS stop or start sites were identified for sequence SRR12683235.14.1, skipping.
11-05 13:15 root         DEBUG    No ITS stop or start sites were identified for sequence SRR12683235.560.1, skipping.
11-05 13:15 root         DEBUG    No ITS stop or start sites were identified for sequence SRR12683235.10.1, skipping.
11-05 13:15 root         DEBUG    No ITS stop or start sites were identified for sequence SRR12683235.562.1, skipping.
11-05 13:15 root         DEBUG    No ITS stop or start sites were identified for sequence SRR12683235.6.1, skipping.
11-05 13:15 root         DEBUG    No ITS stop or start sites were identified for sequence SRR12683235.6.1, skipping.
11-05 13:15 root         DEBUG    No ITS stop or start sites were identified for sequence SRR12683235.565.1, skipping.
11-05 13:15 root         DEBUG    No ITS stop or start sites were identified for sequence SRR12683235.566.1, skipping.
11-05 13:15 root         DEBUG    No ITS stop or start sites were identified for sequence SRR12683235.14.1, skipping.
11-05 13:15 root         DEBUG    No ITS stop or start sites were identified for sequence SRR12683235.569.1, skipping.
11-05 13:15 root         DEBUG    No ITS stop or start sites were identified for sequence SRR12683235.570.1, skipping.
11-05 13:15 root         DEBUG    No ITS stop or start sites were identified for sequence SRR12683235.24.1, skipping.
11-05 13:15 root         DEBUG    No ITS stop or start sites were identified for sequence SRR12683235.572.1, skipping.
11-05 13:15 root         DEBUG    No ITS stop or start sites were identified for sequence SRR12683235.573.1, skipping.
11-05 13:15 root         DEBUG    No ITS stop or start sites were identified for sequence SRR12683235.574.1, skipping.
11-05 13:15 root         DEBUG    No ITS stop or start sites were identified for sequence SRR12683235.575.1, skipping.
11-05 13:15 root         DEBUG    No ITS stop or start sites were identified for sequence SRR12683235.10.1, skipping.
11-05 13:15 root         DEBUG    No ITS stop or start sites were identified for sequence SRR12683235.10.1, skipping.
11-05 13:15 root         DEBUG    No ITS stop or start sites were identified for sequence SRR12683235.581.1, skipping.
11-05 13:15 root         DEBUG    No ITS stop or start sites were identified for sequence SRR12683235.582.1, skipping.
11-05 13:15 root         DEBUG    No ITS stop or start sites were identified for sequence SRR12683235.584.1, skipping.
11-05 13:15 root         DEBUG    No ITS stop or start sites were identified for sequence SRR12683235.585.1, skipping.
11-05 13:15 root         DEBUG    No ITS stop or start sites were identified for sequence SRR12683235.72.1, skipping.
11-05 13:15 root         DEBUG    No ITS stop or start sites were identified for sequence SRR12683235.587.1, skipping.
11-05 13:15 root         DEBUG    No ITS stop or start sites were identified for sequence SRR12683235.25.1, skipping.
11-05 13:15 root         DEBUG    No ITS stop or start sites were identified for sequence SRR12683235.589.1, skipping.
11-05 13:15 root         DEBUG    No ITS stop or start sites were identified for sequence SRR12683235.560.1, skipping.
11-05 13:15 root         DEBUG    No ITS stop or start sites were identified for sequence SRR12683235.6.1, skipping.
11-05 13:15 root         DEBUG    No ITS stop or start sites were identified for sequence SRR12683235.593.1, skipping.
11-05 13:15 root         DEBUG    No ITS stop or start sites were identified for sequence SRR12683235.6.1, skipping.
11-05 13:15 root         DEBUG    No ITS stop or start sites were identified for sequence SRR12683235.595.1, skipping.
11-05 13:15 root         DEBUG    No ITS stop or start sites were identified for sequence SRR12683235.18.1, skipping.
11-05 13:15 root         DEBUG    No ITS stop or start sites were identified for sequence SRR12683235.10.1, skipping.
11-05 13:15 root         DEBUG    No ITS stop or start sites were identified for sequence SRR12683235.598.1, skipping.
11-05 13:15 root         DEBUG    No ITS stop or start sites were identified for sequence SRR12683235.10.1, skipping.
11-05 13:15 root         DEBUG    No ITS stop or start sites were identified for sequence SRR12683235.600.1, skipping.
11-05 13:15 root         DEBUG    No ITS stop or start sites were identified for sequence SRR12683235.602.1, skipping.
11-05 13:15 root         DEBUG    No ITS stop or start sites were identified for sequence SRR12683235.603.1, skipping.
11-05 13:15 root         DEBUG    No ITS stop or start sites were identified for sequence SRR12683235.58.1, skipping.
11-05 13:15 root         DEBUG    No ITS stop or start sites were identified for sequence SRR12683235.605.1, skipping.
11-05 13:15 root         INFO     ITSxpress ran in 00:00:01
