11-04 21:37 root         INFO     Verifying the input sequences.
11-04 21:37 root         INFO     Sequences are assumed to be single-end.
11-04 21:37 root         INFO     Temporary directory is: /tmp/itsxpress_hupwta5o
11-04 21:37 root         INFO     Unique sequences are being written to a temporary FASTA file with Vsearch.
11-04 21:37 root         INFO     vsearch v2.7.1_linux_x86_64, 15.6GB RAM, 4 cores
https://github.com/torognes/vsearch

Reading file SRR12683139_pass_1.fastq.gz 100%
85592 nt in 289 seqs, min 35, max 301, avg 296
Dereplicating 100%
Sorting 100%
180 unique sequences, avg cluster 1.6, median 1, max 12
Writing output file 100%
Writing uc file, first part 100%
Writing uc file, second part 100%

11-04 21:37 root         INFO     Searching for ITS start and stop sites using HMMSearch. This step takes a while.
11-04 21:37 root         INFO     Parsing HMM results.
11-04 21:37 root         INFO     Writing out sequences
11-04 21:37 root         DEBUG    No ITS stop or start sites were identified for sequence SRR12683139.1.1, skipping.
11-04 21:37 root         DEBUG    No ITS stop or start sites were identified for sequence SRR12683139.2.1, skipping.
11-04 21:37 root         DEBUG    No ITS stop or start sites were identified for sequence SRR12683139.3.1, skipping.
11-04 21:37 root         DEBUG    No ITS stop or start sites were identified for sequence SRR12683139.4.1, skipping.
11-04 21:37 root         DEBUG    No ITS stop or start sites were identified for sequence SRR12683139.7.1, skipping.
11-04 21:37 root         DEBUG    No ITS stop or start sites were identified for sequence SRR12683139.8.1, skipping.
11-04 21:37 root         DEBUG    No ITS stop or start sites were identified for sequence SRR12683139.16.1, skipping.
11-04 21:37 root         DEBUG    No ITS stop or start sites were identified for sequence SRR12683139.17.1, skipping.
11-04 21:37 root         DEBUG    No ITS stop or start sites were identified for sequence SRR12683139.18.1, skipping.
11-04 21:37 root         DEBUG    No ITS stop or start sites were identified for sequence SRR12683139.19.1, skipping.
11-04 21:37 root         DEBUG    No ITS stop or start sites were identified for sequence SRR12683139.20.1, skipping.
11-04 21:37 root         DEBUG    No ITS stop or start sites were identified for sequence SRR12683139.21.1, skipping.
11-04 21:37 root         DEBUG    No ITS stop or start sites were identified for sequence SRR12683139.22.1, skipping.
11-04 21:37 root         DEBUG    No ITS stop or start sites were identified for sequence SRR12683139.25.1, skipping.
11-04 21:37 root         DEBUG    No ITS stop or start sites were identified for sequence SRR12683139.26.1, skipping.
11-04 21:37 root         DEBUG    No ITS stop or start sites were identified for sequence SRR12683139.3.1, skipping.
11-04 21:37 root         DEBUG    No ITS stop or start sites were identified for sequence SRR12683139.41.1, skipping.
11-04 21:37 root         DEBUG    No ITS stop or start sites were identified for sequence SRR12683139.1.1, skipping.
11-04 21:37 root         DEBUG    No ITS stop or start sites were identified for sequence SRR12683139.44.1, skipping.
11-04 21:37 root         DEBUG    No ITS stop or start sites were identified for sequence SRR12683139.44.1, skipping.
11-04 21:37 root         DEBUG    No ITS stop or start sites were identified for sequence SRR12683139.47.1, skipping.
11-04 21:37 root         DEBUG    No ITS stop or start sites were identified for sequence SRR12683139.48.1, skipping.
11-04 21:37 root         DEBUG    No ITS stop or start sites were identified for sequence SRR12683139.1.1, skipping.
11-04 21:37 root         DEBUG    No ITS stop or start sites were identified for sequence SRR12683139.52.1, skipping.
11-04 21:37 root         DEBUG    No ITS stop or start sites were identified for sequence SRR12683139.53.1, skipping.
11-04 21:37 root         DEBUG    No ITS stop or start sites were identified for sequence SRR12683139.16.1, skipping.
11-04 21:37 root         DEBUG    No ITS stop or start sites were identified for sequence SRR12683139.56.1, skipping.
11-04 21:37 root         DEBUG    No ITS stop or start sites were identified for sequence SRR12683139.22.1, skipping.
11-04 21:37 root         DEBUG    No ITS stop or start sites were identified for sequence SRR12683139.58.1, skipping.
11-04 21:37 root         DEBUG    No ITS stop or start sites were identified for sequence SRR12683139.61.1, skipping.
11-04 21:37 root         DEBUG    No ITS stop or start sites were identified for sequence SRR12683139.62.1, skipping.
11-04 21:37 root         DEBUG    No ITS stop or start sites were identified for sequence SRR12683139.63.1, skipping.
11-04 21:37 root         DEBUG    No ITS stop or start sites were identified for sequence SRR12683139.63.1, skipping.
11-04 21:37 root         DEBUG    No ITS stop or start sites were identified for sequence SRR12683139.68.1, skipping.
11-04 21:37 root         DEBUG    No ITS stop or start sites were identified for sequence SRR12683139.69.1, skipping.
11-04 21:37 root         DEBUG    No ITS stop or start sites were identified for sequence SRR12683139.1.1, skipping.
11-04 21:37 root         DEBUG    No ITS stop or start sites were identified for sequence SRR12683139.22.1, skipping.
11-04 21:37 root         DEBUG    No ITS stop or start sites were identified for sequence SRR12683139.61.1, skipping.
11-04 21:37 root         DEBUG    No ITS stop or start sites were identified for sequence SRR12683139.102.1, skipping.
11-04 21:37 root         DEBUG    No ITS stop or start sites were identified for sequence SRR12683139.103.1, skipping.
11-04 21:37 root         DEBUG    No ITS stop or start sites were identified for sequence SRR12683139.104.1, skipping.
11-04 21:37 root         DEBUG    No ITS stop or start sites were identified for sequence SRR12683139.105.1, skipping.
11-04 21:37 root         DEBUG    No ITS stop or start sites were identified for sequence SRR12683139.106.1, skipping.
11-04 21:37 root         DEBUG    No ITS stop or start sites were identified for sequence SRR12683139.48.1, skipping.
11-04 21:37 root         DEBUG    No ITS stop or start sites were identified for sequence SRR12683139.109.1, skipping.
11-04 21:37 root         DEBUG    No ITS stop or start sites were identified for sequence SRR12683139.68.1, skipping.
11-04 21:37 root         DEBUG    No ITS stop or start sites were identified for sequence SRR12683139.113.1, skipping.
11-04 21:37 root         DEBUG    No ITS stop or start sites were identified for sequence SRR12683139.114.1, skipping.
11-04 21:37 root         DEBUG    No ITS stop or start sites were identified for sequence SRR12683139.115.1, skipping.
11-04 21:37 root         DEBUG    No ITS stop or start sites were identified for sequence SRR12683139.116.1, skipping.
11-04 21:37 root         DEBUG    No ITS stop or start sites were identified for sequence SRR12683139.116.1, skipping.
11-04 21:37 root         DEBUG    No ITS stop or start sites were identified for sequence SRR12683139.118.1, skipping.
11-04 21:37 root         DEBUG    No ITS stop or start sites were identified for sequence SRR12683139.119.1, skipping.
11-04 21:37 root         DEBUG    No ITS stop or start sites were identified for sequence SRR12683139.121.1, skipping.
11-04 21:37 root         DEBUG    No ITS stop or start sites were identified for sequence SRR12683139.125.1, skipping.
11-04 21:37 root         DEBUG    No ITS stop or start sites were identified for sequence SRR12683139.22.1, skipping.
11-04 21:37 root         DEBUG    No ITS stop or start sites were identified for sequence SRR12683139.61.1, skipping.
11-04 21:37 root         DEBUG    No ITS stop or start sites were identified for sequence SRR12683139.128.1, skipping.
11-04 21:37 root         DEBUG    No ITS stop or start sites were identified for sequence SRR12683139.129.1, skipping.
11-04 21:37 root         DEBUG    No ITS stop or start sites were identified for sequence SRR12683139.22.1, skipping.
11-04 21:37 root         DEBUG    No ITS stop or start sites were identified for sequence SRR12683139.132.1, skipping.
11-04 21:37 root         DEBUG    No ITS stop or start sites were identified for sequence SRR12683139.1.1, skipping.
11-04 21:37 root         DEBUG    No ITS stop or start sites were identified for sequence SRR12683139.140.1, skipping.
11-04 21:37 root         DEBUG    No ITS stop or start sites were identified for sequence SRR12683139.145.1, skipping.
11-04 21:37 root         DEBUG    No ITS stop or start sites were identified for sequence SRR12683139.146.1, skipping.
11-04 21:37 root         DEBUG    No ITS stop or start sites were identified for sequence SRR12683139.147.1, skipping.
11-04 21:37 root         DEBUG    No ITS stop or start sites were identified for sequence SRR12683139.153.1, skipping.
11-04 21:37 root         DEBUG    No ITS stop or start sites were identified for sequence SRR12683139.22.1, skipping.
11-04 21:37 root         DEBUG    No ITS stop or start sites were identified for sequence SRR12683139.61.1, skipping.
11-04 21:37 root         DEBUG    No ITS stop or start sites were identified for sequence SRR12683139.156.1, skipping.
11-04 21:37 root         DEBUG    No ITS stop or start sites were identified for sequence SRR12683139.157.1, skipping.
11-04 21:37 root         DEBUG    No ITS stop or start sites were identified for sequence SRR12683139.158.1, skipping.
11-04 21:37 root         DEBUG    No ITS stop or start sites were identified for sequence SRR12683139.164.1, skipping.
11-04 21:37 root         DEBUG    No ITS stop or start sites were identified for sequence SRR12683139.22.1, skipping.
11-04 21:37 root         DEBUG    No ITS stop or start sites were identified for sequence SRR12683139.166.1, skipping.
11-04 21:37 root         DEBUG    No ITS stop or start sites were identified for sequence SRR12683139.167.1, skipping.
11-04 21:37 root         DEBUG    No ITS stop or start sites were identified for sequence SRR12683139.168.1, skipping.
11-04 21:37 root         DEBUG    No ITS stop or start sites were identified for sequence SRR12683139.173.1, skipping.
11-04 21:37 root         DEBUG    No ITS stop or start sites were identified for sequence SRR12683139.176.1, skipping.
11-04 21:37 root         DEBUG    No ITS stop or start sites were identified for sequence SRR12683139.177.1, skipping.
11-04 21:37 root         DEBUG    No ITS stop or start sites were identified for sequence SRR12683139.1.1, skipping.
11-04 21:37 root         DEBUG    No ITS stop or start sites were identified for sequence SRR12683139.189.1, skipping.
11-04 21:37 root         DEBUG    No ITS stop or start sites were identified for sequence SRR12683139.61.1, skipping.
11-04 21:37 root         DEBUG    No ITS stop or start sites were identified for sequence SRR12683139.189.1, skipping.
11-04 21:37 root         DEBUG    No ITS stop or start sites were identified for sequence SRR12683139.194.1, skipping.
11-04 21:37 root         DEBUG    No ITS stop or start sites were identified for sequence SRR12683139.195.1, skipping.
11-04 21:37 root         DEBUG    No ITS stop or start sites were identified for sequence SRR12683139.22.1, skipping.
11-04 21:37 root         DEBUG    No ITS stop or start sites were identified for sequence SRR12683139.61.1, skipping.
11-04 21:37 root         DEBUG    No ITS stop or start sites were identified for sequence SRR12683139.208.1, skipping.
11-04 21:37 root         DEBUG    No ITS stop or start sites were identified for sequence SRR12683139.61.1, skipping.
11-04 21:37 root         DEBUG    No ITS stop or start sites were identified for sequence SRR12683139.61.1, skipping.
11-04 21:37 root         DEBUG    No ITS stop or start sites were identified for sequence SRR12683139.217.1, skipping.
11-04 21:37 root         DEBUG    No ITS stop or start sites were identified for sequence SRR12683139.219.1, skipping.
11-04 21:37 root         DEBUG    No ITS stop or start sites were identified for sequence SRR12683139.220.1, skipping.
11-04 21:37 root         DEBUG    No ITS stop or start sites were identified for sequence SRR12683139.221.1, skipping.
11-04 21:37 root         DEBUG    No ITS stop or start sites were identified for sequence SRR12683139.1.1, skipping.
11-04 21:37 root         DEBUG    No ITS stop or start sites were identified for sequence SRR12683139.48.1, skipping.
11-04 21:37 root         DEBUG    No ITS stop or start sites were identified for sequence SRR12683139.237.1, skipping.
11-04 21:37 root         DEBUG    No ITS stop or start sites were identified for sequence SRR12683139.238.1, skipping.
11-04 21:37 root         DEBUG    No ITS stop or start sites were identified for sequence SRR12683139.239.1, skipping.
11-04 21:37 root         DEBUG    No ITS stop or start sites were identified for sequence SRR12683139.240.1, skipping.
11-04 21:37 root         DEBUG    No ITS stop or start sites were identified for sequence SRR12683139.241.1, skipping.
11-04 21:37 root         DEBUG    No ITS stop or start sites were identified for sequence SRR12683139.247.1, skipping.
11-04 21:37 root         DEBUG    No ITS stop or start sites were identified for sequence SRR12683139.248.1, skipping.
11-04 21:37 root         DEBUG    No ITS stop or start sites were identified for sequence SRR12683139.61.1, skipping.
11-04 21:37 root         DEBUG    No ITS stop or start sites were identified for sequence SRR12683139.253.1, skipping.
11-04 21:37 root         DEBUG    No ITS stop or start sites were identified for sequence SRR12683139.255.1, skipping.
11-04 21:37 root         DEBUG    No ITS stop or start sites were identified for sequence SRR12683139.256.1, skipping.
11-04 21:37 root         DEBUG    No ITS stop or start sites were identified for sequence SRR12683139.257.1, skipping.
11-04 21:37 root         DEBUG    No ITS stop or start sites were identified for sequence SRR12683139.258.1, skipping.
11-04 21:37 root         DEBUG    No ITS stop or start sites were identified for sequence SRR12683139.259.1, skipping.
11-04 21:37 root         DEBUG    No ITS stop or start sites were identified for sequence SRR12683139.61.1, skipping.
11-04 21:37 root         DEBUG    No ITS stop or start sites were identified for sequence SRR12683139.22.1, skipping.
11-04 21:37 root         DEBUG    No ITS stop or start sites were identified for sequence SRR12683139.61.1, skipping.
11-04 21:37 root         DEBUG    No ITS stop or start sites were identified for sequence SRR12683139.267.1, skipping.
11-04 21:37 root         DEBUG    No ITS stop or start sites were identified for sequence SRR12683139.268.1, skipping.
11-04 21:37 root         DEBUG    No ITS stop or start sites were identified for sequence SRR12683139.269.1, skipping.
11-04 21:37 root         DEBUG    No ITS stop or start sites were identified for sequence SRR12683139.61.1, skipping.
11-04 21:37 root         DEBUG    No ITS stop or start sites were identified for sequence SRR12683139.271.1, skipping.
11-04 21:37 root         DEBUG    No ITS stop or start sites were identified for sequence SRR12683139.272.1, skipping.
11-04 21:37 root         DEBUG    No ITS stop or start sites were identified for sequence SRR12683139.273.1, skipping.
11-04 21:37 root         DEBUG    No ITS stop or start sites were identified for sequence SRR12683139.274.1, skipping.
11-04 21:37 root         DEBUG    No ITS stop or start sites were identified for sequence SRR12683139.275.1, skipping.
11-04 21:37 root         DEBUG    No ITS stop or start sites were identified for sequence SRR12683139.279.1, skipping.
11-04 21:37 root         DEBUG    No ITS stop or start sites were identified for sequence SRR12683139.48.1, skipping.
11-04 21:37 root         DEBUG    No ITS stop or start sites were identified for sequence SRR12683139.281.1, skipping.
11-04 21:37 root         DEBUG    No ITS stop or start sites were identified for sequence SRR12683139.282.1, skipping.
11-04 21:37 root         DEBUG    No ITS stop or start sites were identified for sequence SRR12683139.16.1, skipping.
11-04 21:37 root         DEBUG    No ITS stop or start sites were identified for sequence SRR12683139.16.1, skipping.
11-04 21:37 root         DEBUG    No ITS stop or start sites were identified for sequence SRR12683139.1.1, skipping.
11-04 21:37 root         DEBUG    No ITS stop or start sites were identified for sequence SRR12683139.288.1, skipping.
11-04 21:37 root         DEBUG    No ITS stop or start sites were identified for sequence SRR12683139.48.1, skipping.
11-04 21:37 root         INFO     ITSxpress ran in 00:00:02
