11-04 21:57 root         INFO     Verifying the input sequences.
11-04 21:57 root         INFO     Sequences are assumed to be single-end.
11-04 21:57 root         INFO     Temporary directory is: /tmp/itsxpress_f24esc0y
11-04 21:57 root         INFO     Unique sequences are being written to a temporary FASTA file with Vsearch.
11-04 21:57 root         INFO     vsearch v2.7.1_linux_x86_64, 15.6GB RAM, 4 cores
https://github.com/torognes/vsearch

Reading file SRR12683192_pass_1.fastq.gz 100%
352147 nt in 1213 seqs, min 35, max 301, avg 290
Dereplicating 100%
Sorting 100%
942 unique sequences, avg cluster 1.3, median 1, max 165
Writing output file 100%
Writing uc file, first part 100%
Writing uc file, second part 100%

11-04 21:57 root         INFO     Searching for ITS start and stop sites using HMMSearch. This step takes a while.
11-04 21:57 root         INFO     Parsing HMM results.
11-04 21:57 root         INFO     Writing out sequences
11-04 21:57 root         DEBUG    No ITS stop or start sites were identified for sequence SRR12683192.6.1, skipping.
11-04 21:57 root         DEBUG    No ITS stop or start sites were identified for sequence SRR12683192.83.1, skipping.
11-04 21:57 root         DEBUG    No ITS stop or start sites were identified for sequence SRR12683192.92.1, skipping.
11-04 21:57 root         DEBUG    No ITS stop or start sites were identified for sequence SRR12683192.147.1, skipping.
11-04 21:57 root         DEBUG    No ITS stop or start sites were identified for sequence SRR12683192.160.1, skipping.
11-04 21:57 root         DEBUG    No ITS stop or start sites were identified for sequence SRR12683192.170.1, skipping.
11-04 21:57 root         DEBUG    No ITS stop or start sites were identified for sequence SRR12683192.171.1, skipping.
11-04 21:57 root         DEBUG    No ITS stop or start sites were identified for sequence SRR12683192.172.1, skipping.
11-04 21:57 root         DEBUG    No ITS stop or start sites were identified for sequence SRR12683192.92.1, skipping.
11-04 21:57 root         DEBUG    No ITS stop or start sites were identified for sequence SRR12683192.92.1, skipping.
11-04 21:57 root         DEBUG    No ITS stop or start sites were identified for sequence SRR12683192.226.1, skipping.
11-04 21:57 root         DEBUG    No ITS stop or start sites were identified for sequence SRR12683192.92.1, skipping.
11-04 21:57 root         DEBUG    No ITS stop or start sites were identified for sequence SRR12683192.242.1, skipping.
11-04 21:57 root         DEBUG    No ITS stop or start sites were identified for sequence SRR12683192.252.1, skipping.
11-04 21:57 root         DEBUG    No ITS stop or start sites were identified for sequence SRR12683192.266.1, skipping.
11-04 21:57 root         DEBUG    No ITS stop or start sites were identified for sequence SRR12683192.271.1, skipping.
11-04 21:57 root         DEBUG    No ITS stop or start sites were identified for sequence SRR12683192.276.1, skipping.
11-04 21:57 root         DEBUG    No ITS stop or start sites were identified for sequence SRR12683192.277.1, skipping.
11-04 21:57 root         DEBUG    No ITS stop or start sites were identified for sequence SRR12683192.279.1, skipping.
11-04 21:57 root         DEBUG    No ITS stop or start sites were identified for sequence SRR12683192.285.1, skipping.
11-04 21:57 root         DEBUG    No ITS stop or start sites were identified for sequence SRR12683192.293.1, skipping.
11-04 21:57 root         DEBUG    No ITS stop or start sites were identified for sequence SRR12683192.307.1, skipping.
11-04 21:57 root         DEBUG    No ITS stop or start sites were identified for sequence SRR12683192.310.1, skipping.
11-04 21:57 root         DEBUG    No ITS stop or start sites were identified for sequence SRR12683192.327.1, skipping.
11-04 21:57 root         DEBUG    No ITS stop or start sites were identified for sequence SRR12683192.353.1, skipping.
11-04 21:57 root         DEBUG    No ITS stop or start sites were identified for sequence SRR12683192.362.1, skipping.
11-04 21:57 root         DEBUG    No ITS stop or start sites were identified for sequence SRR12683192.370.1, skipping.
11-04 21:57 root         DEBUG    No ITS stop or start sites were identified for sequence SRR12683192.379.1, skipping.
11-04 21:57 root         DEBUG    No ITS stop or start sites were identified for sequence SRR12683192.396.1, skipping.
11-04 21:57 root         DEBUG    No ITS stop or start sites were identified for sequence SRR12683192.412.1, skipping.
11-04 21:57 root         DEBUG    No ITS stop or start sites were identified for sequence SRR12683192.417.1, skipping.
11-04 21:57 root         DEBUG    No ITS stop or start sites were identified for sequence SRR12683192.92.1, skipping.
11-04 21:57 root         DEBUG    No ITS stop or start sites were identified for sequence SRR12683192.92.1, skipping.
11-04 21:57 root         DEBUG    No ITS stop or start sites were identified for sequence SRR12683192.147.1, skipping.
11-04 21:57 root         DEBUG    No ITS stop or start sites were identified for sequence SRR12683192.466.1, skipping.
11-04 21:57 root         DEBUG    No ITS stop or start sites were identified for sequence SRR12683192.470.1, skipping.
11-04 21:57 root         DEBUG    No ITS stop or start sites were identified for sequence SRR12683192.494.1, skipping.
11-04 21:57 root         DEBUG    No ITS stop or start sites were identified for sequence SRR12683192.496.1, skipping.
11-04 21:57 root         DEBUG    No ITS stop or start sites were identified for sequence SRR12683192.503.1, skipping.
11-04 21:57 root         DEBUG    No ITS stop or start sites were identified for sequence SRR12683192.552.1, skipping.
11-04 21:57 root         DEBUG    No ITS stop or start sites were identified for sequence SRR12683192.563.1, skipping.
11-04 21:57 root         DEBUG    No ITS stop or start sites were identified for sequence SRR12683192.570.1, skipping.
11-04 21:57 root         DEBUG    No ITS stop or start sites were identified for sequence SRR12683192.92.1, skipping.
11-04 21:57 root         DEBUG    No ITS stop or start sites were identified for sequence SRR12683192.594.1, skipping.
11-04 21:57 root         DEBUG    No ITS stop or start sites were identified for sequence SRR12683192.601.1, skipping.
11-04 21:57 root         DEBUG    No ITS stop or start sites were identified for sequence SRR12683192.6.1, skipping.
11-04 21:57 root         DEBUG    No ITS stop or start sites were identified for sequence SRR12683192.619.1, skipping.
11-04 21:57 root         DEBUG    No ITS stop or start sites were identified for sequence SRR12683192.630.1, skipping.
11-04 21:57 root         DEBUG    No ITS stop or start sites were identified for sequence SRR12683192.503.1, skipping.
11-04 21:57 root         DEBUG    No ITS stop or start sites were identified for sequence SRR12683192.642.1, skipping.
11-04 21:57 root         DEBUG    No ITS stop or start sites were identified for sequence SRR12683192.650.1, skipping.
11-04 21:57 root         DEBUG    No ITS stop or start sites were identified for sequence SRR12683192.654.1, skipping.
11-04 21:57 root         DEBUG    No ITS stop or start sites were identified for sequence SRR12683192.657.1, skipping.
11-04 21:57 root         DEBUG    No ITS stop or start sites were identified for sequence SRR12683192.92.1, skipping.
11-04 21:57 root         DEBUG    No ITS stop or start sites were identified for sequence SRR12683192.691.1, skipping.
11-04 21:57 root         DEBUG    No ITS stop or start sites were identified for sequence SRR12683192.705.1, skipping.
11-04 21:57 root         DEBUG    No ITS stop or start sites were identified for sequence SRR12683192.716.1, skipping.
11-04 21:57 root         DEBUG    No ITS stop or start sites were identified for sequence SRR12683192.717.1, skipping.
11-04 21:57 root         DEBUG    No ITS stop or start sites were identified for sequence SRR12683192.724.1, skipping.
11-04 21:57 root         DEBUG    No ITS stop or start sites were identified for sequence SRR12683192.730.1, skipping.
11-04 21:57 root         DEBUG    No ITS stop or start sites were identified for sequence SRR12683192.766.1, skipping.
11-04 21:57 root         DEBUG    No ITS stop or start sites were identified for sequence SRR12683192.790.1, skipping.
11-04 21:57 root         DEBUG    No ITS stop or start sites were identified for sequence SRR12683192.804.1, skipping.
11-04 21:57 root         DEBUG    No ITS stop or start sites were identified for sequence SRR12683192.808.1, skipping.
11-04 21:57 root         DEBUG    No ITS stop or start sites were identified for sequence SRR12683192.818.1, skipping.
11-04 21:57 root         DEBUG    No ITS stop or start sites were identified for sequence SRR12683192.829.1, skipping.
11-04 21:57 root         DEBUG    No ITS stop or start sites were identified for sequence SRR12683192.840.1, skipping.
11-04 21:57 root         DEBUG    No ITS stop or start sites were identified for sequence SRR12683192.847.1, skipping.
11-04 21:57 root         DEBUG    No ITS stop or start sites were identified for sequence SRR12683192.851.1, skipping.
11-04 21:57 root         DEBUG    No ITS stop or start sites were identified for sequence SRR12683192.852.1, skipping.
11-04 21:57 root         DEBUG    No ITS stop or start sites were identified for sequence SRR12683192.858.1, skipping.
11-04 21:57 root         DEBUG    No ITS stop or start sites were identified for sequence SRR12683192.865.1, skipping.
11-04 21:57 root         DEBUG    No ITS stop or start sites were identified for sequence SRR12683192.880.1, skipping.
11-04 21:57 root         DEBUG    No ITS stop or start sites were identified for sequence SRR12683192.910.1, skipping.
11-04 21:57 root         DEBUG    No ITS stop or start sites were identified for sequence SRR12683192.914.1, skipping.
11-04 21:57 root         DEBUG    No ITS stop or start sites were identified for sequence SRR12683192.917.1, skipping.
11-04 21:57 root         DEBUG    No ITS stop or start sites were identified for sequence SRR12683192.92.1, skipping.
11-04 21:57 root         DEBUG    No ITS stop or start sites were identified for sequence SRR12683192.954.1, skipping.
11-04 21:57 root         DEBUG    No ITS stop or start sites were identified for sequence SRR12683192.960.1, skipping.
11-04 21:57 root         DEBUG    No ITS stop or start sites were identified for sequence SRR12683192.990.1, skipping.
11-04 21:57 root         DEBUG    No ITS stop or start sites were identified for sequence SRR12683192.503.1, skipping.
11-04 21:57 root         DEBUG    No ITS stop or start sites were identified for sequence SRR12683192.1014.1, skipping.
11-04 21:57 root         DEBUG    No ITS stop or start sites were identified for sequence SRR12683192.1021.1, skipping.
11-04 21:57 root         DEBUG    No ITS stop or start sites were identified for sequence SRR12683192.1028.1, skipping.
11-04 21:57 root         DEBUG    No ITS stop or start sites were identified for sequence SRR12683192.396.1, skipping.
11-04 21:57 root         DEBUG    No ITS stop or start sites were identified for sequence SRR12683192.1048.1, skipping.
11-04 21:57 root         DEBUG    No ITS stop or start sites were identified for sequence SRR12683192.1057.1, skipping.
11-04 21:57 root         DEBUG    No ITS stop or start sites were identified for sequence SRR12683192.1058.1, skipping.
11-04 21:57 root         DEBUG    No ITS stop or start sites were identified for sequence SRR12683192.1098.1, skipping.
11-04 21:57 root         DEBUG    No ITS stop or start sites were identified for sequence SRR12683192.1122.1, skipping.
11-04 21:57 root         DEBUG    No ITS stop or start sites were identified for sequence SRR12683192.1165.1, skipping.
11-04 21:57 root         DEBUG    No ITS stop or start sites were identified for sequence SRR12683192.1170.1, skipping.
11-04 21:57 root         DEBUG    No ITS stop or start sites were identified for sequence SRR12683192.92.1, skipping.
11-04 21:57 root         DEBUG    No ITS stop or start sites were identified for sequence SRR12683192.1179.1, skipping.
11-04 21:57 root         DEBUG    No ITS stop or start sites were identified for sequence SRR12683192.1197.1, skipping.
11-04 21:57 root         DEBUG    No ITS stop or start sites were identified for sequence SRR12683192.1205.1, skipping.
11-04 21:57 root         INFO     ITSxpress ran in 00:00:18
