11-04 21:33 root         INFO     Verifying the input sequences.
11-04 21:33 root         INFO     Sequences are assumed to be single-end.
11-04 21:33 root         INFO     Temporary directory is: /tmp/itsxpress_ckuxn_6l
11-04 21:33 root         INFO     Unique sequences are being written to a temporary FASTA file with Vsearch.
11-04 21:33 root         INFO     vsearch v2.7.1_linux_x86_64, 15.6GB RAM, 4 cores
https://github.com/torognes/vsearch

Reading file SRR12683116_pass_1.fastq.gz 100%
35896 nt in 123 seqs, min 232, max 301, avg 292
Dereplicating 100%
Sorting 100%
66 unique sequences, avg cluster 1.9, median 1, max 20
Writing output file 100%
Writing uc file, first part 100%
Writing uc file, second part 100%

11-04 21:33 root         INFO     Searching for ITS start and stop sites using HMMSearch. This step takes a while.
11-04 21:33 root         INFO     Parsing HMM results.
11-04 21:33 root         INFO     Writing out sequences
11-04 21:33 root         DEBUG    No ITS stop or start sites were identified for sequence SRR12683116.23.1, skipping.
11-04 21:33 root         DEBUG    No ITS stop or start sites were identified for sequence SRR12683116.52.1, skipping.
11-04 21:33 root         DEBUG    No ITS stop or start sites were identified for sequence SRR12683116.55.1, skipping.
11-04 21:33 root         DEBUG    No ITS stop or start sites were identified for sequence SRR12683116.58.1, skipping.
11-04 21:33 root         DEBUG    No ITS stop or start sites were identified for sequence SRR12683116.59.1, skipping.
11-04 21:33 root         DEBUG    No ITS stop or start sites were identified for sequence SRR12683116.64.1, skipping.
11-04 21:33 root         DEBUG    No ITS stop or start sites were identified for sequence SRR12683116.64.1, skipping.
11-04 21:33 root         DEBUG    No ITS stop or start sites were identified for sequence SRR12683116.74.1, skipping.
11-04 21:33 root         DEBUG    No ITS stop or start sites were identified for sequence SRR12683116.75.1, skipping.
11-04 21:33 root         DEBUG    No ITS stop or start sites were identified for sequence SRR12683116.89.1, skipping.
11-04 21:33 root         DEBUG    No ITS stop or start sites were identified for sequence SRR12683116.95.1, skipping.
11-04 21:33 root         DEBUG    No ITS stop or start sites were identified for sequence SRR12683116.102.1, skipping.
11-04 21:33 root         DEBUG    No ITS stop or start sites were identified for sequence SRR12683116.112.1, skipping.
11-04 21:33 root         DEBUG    No ITS stop or start sites were identified for sequence SRR12683116.116.1, skipping.
11-04 21:33 root         INFO     ITSxpress ran in 00:00:01
