11-04 21:36 root         INFO     Verifying the input sequences.
11-04 21:36 root         INFO     Sequences are assumed to be single-end.
11-04 21:36 root         INFO     Temporary directory is: /tmp/itsxpress_64j1uplw
11-04 21:36 root         INFO     Unique sequences are being written to a temporary FASTA file with Vsearch.
11-04 21:36 root         INFO     vsearch v2.7.1_linux_x86_64, 15.6GB RAM, 4 cores
https://github.com/torognes/vsearch

Reading file SRR12683130_pass_1.fastq.gz 100%
39584 nt in 157 seqs, min 35, max 301, avg 252
Dereplicating 100%
Sorting 100%
109 unique sequences, avg cluster 1.4, median 1, max 11
Writing output file 100%
Writing uc file, first part 100%
Writing uc file, second part 100%

11-04 21:36 root         INFO     Searching for ITS start and stop sites using HMMSearch. This step takes a while.
11-04 21:36 root         INFO     Parsing HMM results.
11-04 21:36 root         INFO     Writing out sequences
11-04 21:36 root         DEBUG    No ITS stop or start sites were identified for sequence SRR12683130.1.1, skipping.
11-04 21:36 root         DEBUG    No ITS stop or start sites were identified for sequence SRR12683130.2.1, skipping.
11-04 21:36 root         DEBUG    No ITS stop or start sites were identified for sequence SRR12683130.3.1, skipping.
11-04 21:36 root         DEBUG    No ITS stop or start sites were identified for sequence SRR12683130.4.1, skipping.
11-04 21:36 root         DEBUG    No ITS stop or start sites were identified for sequence SRR12683130.7.1, skipping.
11-04 21:36 root         DEBUG    No ITS stop or start sites were identified for sequence SRR12683130.8.1, skipping.
11-04 21:36 root         DEBUG    No ITS stop or start sites were identified for sequence SRR12683130.13.1, skipping.
11-04 21:36 root         DEBUG    No ITS stop or start sites were identified for sequence SRR12683130.14.1, skipping.
11-04 21:36 root         DEBUG    No ITS stop or start sites were identified for sequence SRR12683130.16.1, skipping.
11-04 21:36 root         DEBUG    No ITS stop or start sites were identified for sequence SRR12683130.17.1, skipping.
11-04 21:36 root         DEBUG    No ITS stop or start sites were identified for sequence SRR12683130.18.1, skipping.
11-04 21:36 root         DEBUG    No ITS stop or start sites were identified for sequence SRR12683130.16.1, skipping.
11-04 21:36 root         DEBUG    No ITS stop or start sites were identified for sequence SRR12683130.20.1, skipping.
11-04 21:36 root         DEBUG    No ITS stop or start sites were identified for sequence SRR12683130.22.1, skipping.
11-04 21:36 root         DEBUG    No ITS stop or start sites were identified for sequence SRR12683130.23.1, skipping.
11-04 21:36 root         DEBUG    No ITS stop or start sites were identified for sequence SRR12683130.24.1, skipping.
11-04 21:36 root         DEBUG    No ITS stop or start sites were identified for sequence SRR12683130.2.1, skipping.
11-04 21:36 root         DEBUG    No ITS stop or start sites were identified for sequence SRR12683130.3.1, skipping.
11-04 21:36 root         DEBUG    No ITS stop or start sites were identified for sequence SRR12683130.27.1, skipping.
11-04 21:36 root         DEBUG    No ITS stop or start sites were identified for sequence SRR12683130.28.1, skipping.
11-04 21:36 root         DEBUG    No ITS stop or start sites were identified for sequence SRR12683130.29.1, skipping.
11-04 21:36 root         DEBUG    No ITS stop or start sites were identified for sequence SRR12683130.30.1, skipping.
11-04 21:36 root         DEBUG    No ITS stop or start sites were identified for sequence SRR12683130.31.1, skipping.
11-04 21:36 root         DEBUG    No ITS stop or start sites were identified for sequence SRR12683130.32.1, skipping.
11-04 21:36 root         DEBUG    No ITS stop or start sites were identified for sequence SRR12683130.35.1, skipping.
11-04 21:36 root         DEBUG    No ITS stop or start sites were identified for sequence SRR12683130.36.1, skipping.
11-04 21:36 root         DEBUG    No ITS stop or start sites were identified for sequence SRR12683130.37.1, skipping.
11-04 21:36 root         DEBUG    No ITS stop or start sites were identified for sequence SRR12683130.38.1, skipping.
11-04 21:36 root         DEBUG    No ITS stop or start sites were identified for sequence SRR12683130.40.1, skipping.
11-04 21:36 root         DEBUG    No ITS stop or start sites were identified for sequence SRR12683130.41.1, skipping.
11-04 21:36 root         DEBUG    No ITS stop or start sites were identified for sequence SRR12683130.42.1, skipping.
11-04 21:36 root         DEBUG    No ITS stop or start sites were identified for sequence SRR12683130.43.1, skipping.
11-04 21:36 root         DEBUG    No ITS stop or start sites were identified for sequence SRR12683130.44.1, skipping.
11-04 21:36 root         DEBUG    No ITS stop or start sites were identified for sequence SRR12683130.45.1, skipping.
11-04 21:36 root         DEBUG    No ITS stop or start sites were identified for sequence SRR12683130.7.1, skipping.
11-04 21:36 root         DEBUG    No ITS stop or start sites were identified for sequence SRR12683130.48.1, skipping.
11-04 21:36 root         DEBUG    No ITS stop or start sites were identified for sequence SRR12683130.49.1, skipping.
11-04 21:36 root         DEBUG    No ITS stop or start sites were identified for sequence SRR12683130.51.1, skipping.
11-04 21:36 root         DEBUG    No ITS stop or start sites were identified for sequence SRR12683130.52.1, skipping.
11-04 21:36 root         DEBUG    No ITS stop or start sites were identified for sequence SRR12683130.53.1, skipping.
11-04 21:36 root         DEBUG    No ITS stop or start sites were identified for sequence SRR12683130.54.1, skipping.
11-04 21:36 root         DEBUG    No ITS stop or start sites were identified for sequence SRR12683130.2.1, skipping.
11-04 21:36 root         DEBUG    No ITS stop or start sites were identified for sequence SRR12683130.57.1, skipping.
11-04 21:36 root         DEBUG    No ITS stop or start sites were identified for sequence SRR12683130.17.1, skipping.
11-04 21:36 root         DEBUG    No ITS stop or start sites were identified for sequence SRR12683130.44.1, skipping.
11-04 21:36 root         DEBUG    No ITS stop or start sites were identified for sequence SRR12683130.7.1, skipping.
11-04 21:36 root         DEBUG    No ITS stop or start sites were identified for sequence SRR12683130.62.1, skipping.
11-04 21:36 root         DEBUG    No ITS stop or start sites were identified for sequence SRR12683130.63.1, skipping.
11-04 21:36 root         DEBUG    No ITS stop or start sites were identified for sequence SRR12683130.3.1, skipping.
11-04 21:36 root         DEBUG    No ITS stop or start sites were identified for sequence SRR12683130.65.1, skipping.
11-04 21:36 root         DEBUG    No ITS stop or start sites were identified for sequence SRR12683130.68.1, skipping.
11-04 21:36 root         DEBUG    No ITS stop or start sites were identified for sequence SRR12683130.3.1, skipping.
11-04 21:36 root         DEBUG    No ITS stop or start sites were identified for sequence SRR12683130.71.1, skipping.
11-04 21:36 root         DEBUG    No ITS stop or start sites were identified for sequence SRR12683130.44.1, skipping.
11-04 21:36 root         DEBUG    No ITS stop or start sites were identified for sequence SRR12683130.73.1, skipping.
11-04 21:36 root         DEBUG    No ITS stop or start sites were identified for sequence SRR12683130.75.1, skipping.
11-04 21:36 root         DEBUG    No ITS stop or start sites were identified for sequence SRR12683130.77.1, skipping.
11-04 21:36 root         DEBUG    No ITS stop or start sites were identified for sequence SRR12683130.3.1, skipping.
11-04 21:36 root         DEBUG    No ITS stop or start sites were identified for sequence SRR12683130.3.1, skipping.
11-04 21:36 root         DEBUG    No ITS stop or start sites were identified for sequence SRR12683130.80.1, skipping.
11-04 21:36 root         DEBUG    No ITS stop or start sites were identified for sequence SRR12683130.81.1, skipping.
11-04 21:36 root         DEBUG    No ITS stop or start sites were identified for sequence SRR12683130.83.1, skipping.
11-04 21:36 root         DEBUG    No ITS stop or start sites were identified for sequence SRR12683130.53.1, skipping.
11-04 21:36 root         DEBUG    No ITS stop or start sites were identified for sequence SRR12683130.44.1, skipping.
11-04 21:36 root         DEBUG    No ITS stop or start sites were identified for sequence SRR12683130.86.1, skipping.
11-04 21:36 root         DEBUG    No ITS stop or start sites were identified for sequence SRR12683130.87.1, skipping.
11-04 21:36 root         DEBUG    No ITS stop or start sites were identified for sequence SRR12683130.2.1, skipping.
11-04 21:36 root         DEBUG    No ITS stop or start sites were identified for sequence SRR12683130.3.1, skipping.
11-04 21:36 root         DEBUG    No ITS stop or start sites were identified for sequence SRR12683130.91.1, skipping.
11-04 21:36 root         DEBUG    No ITS stop or start sites were identified for sequence SRR12683130.16.1, skipping.
11-04 21:36 root         DEBUG    No ITS stop or start sites were identified for sequence SRR12683130.2.1, skipping.
11-04 21:36 root         DEBUG    No ITS stop or start sites were identified for sequence SRR12683130.2.1, skipping.
11-04 21:36 root         DEBUG    No ITS stop or start sites were identified for sequence SRR12683130.16.1, skipping.
11-04 21:36 root         DEBUG    No ITS stop or start sites were identified for sequence SRR12683130.97.1, skipping.
11-04 21:36 root         DEBUG    No ITS stop or start sites were identified for sequence SRR12683130.98.1, skipping.
11-04 21:36 root         DEBUG    No ITS stop or start sites were identified for sequence SRR12683130.77.1, skipping.
11-04 21:36 root         DEBUG    No ITS stop or start sites were identified for sequence SRR12683130.44.1, skipping.
11-04 21:36 root         DEBUG    No ITS stop or start sites were identified for sequence SRR12683130.16.1, skipping.
11-04 21:36 root         DEBUG    No ITS stop or start sites were identified for sequence SRR12683130.104.1, skipping.
11-04 21:36 root         DEBUG    No ITS stop or start sites were identified for sequence SRR12683130.105.1, skipping.
11-04 21:36 root         DEBUG    No ITS stop or start sites were identified for sequence SRR12683130.17.1, skipping.
11-04 21:36 root         DEBUG    No ITS stop or start sites were identified for sequence SRR12683130.7.1, skipping.
11-04 21:36 root         DEBUG    No ITS stop or start sites were identified for sequence SRR12683130.53.1, skipping.
11-04 21:36 root         DEBUG    No ITS stop or start sites were identified for sequence SRR12683130.109.1, skipping.
11-04 21:36 root         DEBUG    No ITS stop or start sites were identified for sequence SRR12683130.44.1, skipping.
11-04 21:36 root         DEBUG    No ITS stop or start sites were identified for sequence SRR12683130.111.1, skipping.
11-04 21:36 root         DEBUG    No ITS stop or start sites were identified for sequence SRR12683130.112.1, skipping.
11-04 21:36 root         DEBUG    No ITS stop or start sites were identified for sequence SRR12683130.113.1, skipping.
11-04 21:36 root         DEBUG    No ITS stop or start sites were identified for sequence SRR12683130.114.1, skipping.
11-04 21:36 root         DEBUG    No ITS stop or start sites were identified for sequence SRR12683130.115.1, skipping.
11-04 21:36 root         DEBUG    No ITS stop or start sites were identified for sequence SRR12683130.117.1, skipping.
11-04 21:36 root         DEBUG    No ITS stop or start sites were identified for sequence SRR12683130.118.1, skipping.
11-04 21:36 root         DEBUG    No ITS stop or start sites were identified for sequence SRR12683130.119.1, skipping.
11-04 21:36 root         DEBUG    No ITS stop or start sites were identified for sequence SRR12683130.120.1, skipping.
11-04 21:36 root         DEBUG    No ITS stop or start sites were identified for sequence SRR12683130.121.1, skipping.
11-04 21:36 root         DEBUG    No ITS stop or start sites were identified for sequence SRR12683130.122.1, skipping.
11-04 21:36 root         DEBUG    No ITS stop or start sites were identified for sequence SRR12683130.123.1, skipping.
11-04 21:36 root         DEBUG    No ITS stop or start sites were identified for sequence SRR12683130.124.1, skipping.
11-04 21:36 root         DEBUG    No ITS stop or start sites were identified for sequence SRR12683130.125.1, skipping.
11-04 21:36 root         DEBUG    No ITS stop or start sites were identified for sequence SRR12683130.126.1, skipping.
11-04 21:36 root         DEBUG    No ITS stop or start sites were identified for sequence SRR12683130.127.1, skipping.
11-04 21:36 root         DEBUG    No ITS stop or start sites were identified for sequence SRR12683130.128.1, skipping.
11-04 21:36 root         DEBUG    No ITS stop or start sites were identified for sequence SRR12683130.2.1, skipping.
11-04 21:36 root         DEBUG    No ITS stop or start sites were identified for sequence SRR12683130.130.1, skipping.
11-04 21:36 root         DEBUG    No ITS stop or start sites were identified for sequence SRR12683130.132.1, skipping.
11-04 21:36 root         DEBUG    No ITS stop or start sites were identified for sequence SRR12683130.134.1, skipping.
11-04 21:36 root         DEBUG    No ITS stop or start sites were identified for sequence SRR12683130.135.1, skipping.
11-04 21:36 root         DEBUG    No ITS stop or start sites were identified for sequence SRR12683130.136.1, skipping.
11-04 21:36 root         DEBUG    No ITS stop or start sites were identified for sequence SRR12683130.137.1, skipping.
11-04 21:36 root         DEBUG    No ITS stop or start sites were identified for sequence SRR12683130.138.1, skipping.
11-04 21:36 root         DEBUG    No ITS stop or start sites were identified for sequence SRR12683130.53.1, skipping.
11-04 21:36 root         DEBUG    No ITS stop or start sites were identified for sequence SRR12683130.140.1, skipping.
11-04 21:36 root         DEBUG    No ITS stop or start sites were identified for sequence SRR12683130.3.1, skipping.
11-04 21:36 root         DEBUG    No ITS stop or start sites were identified for sequence SRR12683130.44.1, skipping.
11-04 21:36 root         DEBUG    No ITS stop or start sites were identified for sequence SRR12683130.7.1, skipping.
11-04 21:36 root         DEBUG    No ITS stop or start sites were identified for sequence SRR12683130.144.1, skipping.
11-04 21:36 root         DEBUG    No ITS stop or start sites were identified for sequence SRR12683130.3.1, skipping.
11-04 21:36 root         DEBUG    No ITS stop or start sites were identified for sequence SRR12683130.147.1, skipping.
11-04 21:36 root         DEBUG    No ITS stop or start sites were identified for sequence SRR12683130.53.1, skipping.
11-04 21:36 root         DEBUG    No ITS stop or start sites were identified for sequence SRR12683130.3.1, skipping.
11-04 21:36 root         DEBUG    No ITS stop or start sites were identified for sequence SRR12683130.7.1, skipping.
11-04 21:36 root         DEBUG    No ITS stop or start sites were identified for sequence SRR12683130.151.1, skipping.
11-04 21:36 root         DEBUG    No ITS stop or start sites were identified for sequence SRR12683130.53.1, skipping.
11-04 21:36 root         DEBUG    No ITS stop or start sites were identified for sequence SRR12683130.49.1, skipping.
11-04 21:36 root         DEBUG    No ITS stop or start sites were identified for sequence SRR12683130.44.1, skipping.
11-04 21:36 root         DEBUG    No ITS stop or start sites were identified for sequence SRR12683130.7.1, skipping.
11-04 21:36 root         DEBUG    No ITS stop or start sites were identified for sequence SRR12683130.3.1, skipping.
11-04 21:36 root         DEBUG    No ITS stop or start sites were identified for sequence SRR12683130.157.1, skipping.
11-04 21:36 root         INFO     ITSxpress ran in 00:00:01
