11-04 21:40 root         INFO     Verifying the input sequences.
11-04 21:40 root         INFO     Sequences are assumed to be single-end.
11-04 21:40 root         INFO     Temporary directory is: /tmp/itsxpress_bdt8ui_q
11-04 21:40 root         INFO     Unique sequences are being written to a temporary FASTA file with Vsearch.
11-04 21:40 root         INFO     vsearch v2.7.1_linux_x86_64, 15.6GB RAM, 4 cores
https://github.com/torognes/vsearch

Reading file SRR12683152_pass_1.fastq.gz 100%
67220 nt in 226 seqs, min 35, max 301, avg 297
Dereplicating 100%
Sorting 100%
116 unique sequences, avg cluster 1.9, median 1, max 54
Writing output file 100%
Writing uc file, first part 100%
Writing uc file, second part 100%

11-04 21:40 root         INFO     Searching for ITS start and stop sites using HMMSearch. This step takes a while.
11-04 21:40 root         INFO     Parsing HMM results.
11-04 21:40 root         INFO     Writing out sequences
11-04 21:40 root         DEBUG    No ITS stop or start sites were identified for sequence SRR12683152.5.1, skipping.
11-04 21:40 root         DEBUG    No ITS stop or start sites were identified for sequence SRR12683152.16.1, skipping.
11-04 21:40 root         DEBUG    No ITS stop or start sites were identified for sequence SRR12683152.23.1, skipping.
11-04 21:40 root         DEBUG    No ITS stop or start sites were identified for sequence SRR12683152.28.1, skipping.
11-04 21:40 root         DEBUG    No ITS stop or start sites were identified for sequence SRR12683152.57.1, skipping.
11-04 21:40 root         DEBUG    No ITS stop or start sites were identified for sequence SRR12683152.16.1, skipping.
11-04 21:40 root         DEBUG    No ITS stop or start sites were identified for sequence SRR12683152.16.1, skipping.
11-04 21:40 root         DEBUG    No ITS stop or start sites were identified for sequence SRR12683152.72.1, skipping.
11-04 21:40 root         DEBUG    No ITS stop or start sites were identified for sequence SRR12683152.72.1, skipping.
11-04 21:40 root         DEBUG    No ITS stop or start sites were identified for sequence SRR12683152.78.1, skipping.
11-04 21:40 root         DEBUG    No ITS stop or start sites were identified for sequence SRR12683152.92.1, skipping.
11-04 21:40 root         DEBUG    No ITS stop or start sites were identified for sequence SRR12683152.98.1, skipping.
11-04 21:40 root         DEBUG    No ITS stop or start sites were identified for sequence SRR12683152.99.1, skipping.
11-04 21:40 root         DEBUG    No ITS stop or start sites were identified for sequence SRR12683152.118.1, skipping.
11-04 21:40 root         DEBUG    No ITS stop or start sites were identified for sequence SRR12683152.131.1, skipping.
11-04 21:40 root         DEBUG    No ITS stop or start sites were identified for sequence SRR12683152.143.1, skipping.
11-04 21:40 root         DEBUG    No ITS stop or start sites were identified for sequence SRR12683152.145.1, skipping.
11-04 21:40 root         DEBUG    No ITS stop or start sites were identified for sequence SRR12683152.155.1, skipping.
11-04 21:40 root         DEBUG    No ITS stop or start sites were identified for sequence SRR12683152.169.1, skipping.
11-04 21:40 root         DEBUG    No ITS stop or start sites were identified for sequence SRR12683152.179.1, skipping.
11-04 21:40 root         DEBUG    No ITS stop or start sites were identified for sequence SRR12683152.180.1, skipping.
11-04 21:40 root         DEBUG    No ITS stop or start sites were identified for sequence SRR12683152.209.1, skipping.
11-04 21:40 root         DEBUG    No ITS stop or start sites were identified for sequence SRR12683152.220.1, skipping.
11-04 21:40 root         DEBUG    No ITS stop or start sites were identified for sequence SRR12683152.221.1, skipping.
11-04 21:40 root         INFO     ITSxpress ran in 00:00:02
