11-04 21:36 root         INFO     Verifying the input sequences.
11-04 21:36 root         INFO     Sequences are assumed to be single-end.
11-04 21:36 root         INFO     Temporary directory is: /tmp/itsxpress_7lyfbknw
11-04 21:36 root         INFO     Unique sequences are being written to a temporary FASTA file with Vsearch.
11-04 21:36 root         INFO     vsearch v2.7.1_linux_x86_64, 15.6GB RAM, 4 cores
https://github.com/torognes/vsearch

Reading file SRR12683134_pass_1.fastq.gz 100%
1634200 nt in 5654 seqs, min 35, max 301, avg 289
Dereplicating 100%
Sorting 100%
3047 unique sequences, avg cluster 1.9, median 1, max 167
Writing output file 100%
Writing uc file, first part 100%
Writing uc file, second part 100%

11-04 21:36 root         INFO     Searching for ITS start and stop sites using HMMSearch. This step takes a while.
11-04 21:37 root         INFO     Parsing HMM results.
11-04 21:37 root         INFO     Writing out sequences
11-04 21:37 root         DEBUG    No ITS stop or start sites were identified for sequence SRR12683134.14.1, skipping.
11-04 21:37 root         DEBUG    No ITS stop or start sites were identified for sequence SRR12683134.36.1, skipping.
11-04 21:37 root         DEBUG    No ITS stop or start sites were identified for sequence SRR12683134.72.1, skipping.
11-04 21:37 root         DEBUG    No ITS stop or start sites were identified for sequence SRR12683134.73.1, skipping.
11-04 21:37 root         DEBUG    No ITS stop or start sites were identified for sequence SRR12683134.89.1, skipping.
11-04 21:37 root         DEBUG    No ITS stop or start sites were identified for sequence SRR12683134.90.1, skipping.
11-04 21:37 root         DEBUG    No ITS stop or start sites were identified for sequence SRR12683134.91.1, skipping.
11-04 21:37 root         DEBUG    No ITS stop or start sites were identified for sequence SRR12683134.97.1, skipping.
11-04 21:37 root         DEBUG    No ITS stop or start sites were identified for sequence SRR12683134.98.1, skipping.
11-04 21:37 root         DEBUG    No ITS stop or start sites were identified for sequence SRR12683134.165.1, skipping.
11-04 21:37 root         DEBUG    No ITS stop or start sites were identified for sequence SRR12683134.203.1, skipping.
11-04 21:37 root         DEBUG    No ITS stop or start sites were identified for sequence SRR12683134.220.1, skipping.
11-04 21:37 root         DEBUG    No ITS stop or start sites were identified for sequence SRR12683134.297.1, skipping.
11-04 21:37 root         DEBUG    No ITS stop or start sites were identified for sequence SRR12683134.298.1, skipping.
11-04 21:37 root         DEBUG    No ITS stop or start sites were identified for sequence SRR12683134.299.1, skipping.
11-04 21:37 root         DEBUG    No ITS stop or start sites were identified for sequence SRR12683134.97.1, skipping.
11-04 21:37 root         DEBUG    No ITS stop or start sites were identified for sequence SRR12683134.319.1, skipping.
11-04 21:37 root         DEBUG    No ITS stop or start sites were identified for sequence SRR12683134.322.1, skipping.
11-04 21:37 root         DEBUG    No ITS stop or start sites were identified for sequence SRR12683134.341.1, skipping.
11-04 21:37 root         DEBUG    No ITS stop or start sites were identified for sequence SRR12683134.342.1, skipping.
11-04 21:37 root         DEBUG    No ITS stop or start sites were identified for sequence SRR12683134.14.1, skipping.
11-04 21:37 root         DEBUG    No ITS stop or start sites were identified for sequence SRR12683134.370.1, skipping.
11-04 21:37 root         DEBUG    No ITS stop or start sites were identified for sequence SRR12683134.371.1, skipping.
11-04 21:37 root         DEBUG    No ITS stop or start sites were identified for sequence SRR12683134.387.1, skipping.
11-04 21:37 root         DEBUG    No ITS stop or start sites were identified for sequence SRR12683134.397.1, skipping.
11-04 21:37 root         DEBUG    No ITS stop or start sites were identified for sequence SRR12683134.407.1, skipping.
11-04 21:37 root         DEBUG    No ITS stop or start sites were identified for sequence SRR12683134.408.1, skipping.
11-04 21:37 root         DEBUG    No ITS stop or start sites were identified for sequence SRR12683134.409.1, skipping.
11-04 21:37 root         DEBUG    No ITS stop or start sites were identified for sequence SRR12683134.416.1, skipping.
11-04 21:37 root         DEBUG    No ITS stop or start sites were identified for sequence SRR12683134.417.1, skipping.
11-04 21:37 root         DEBUG    No ITS stop or start sites were identified for sequence SRR12683134.427.1, skipping.
11-04 21:37 root         DEBUG    No ITS stop or start sites were identified for sequence SRR12683134.460.1, skipping.
11-04 21:37 root         DEBUG    No ITS stop or start sites were identified for sequence SRR12683134.476.1, skipping.
11-04 21:37 root         DEBUG    No ITS stop or start sites were identified for sequence SRR12683134.496.1, skipping.
11-04 21:37 root         DEBUG    No ITS stop or start sites were identified for sequence SRR12683134.497.1, skipping.
11-04 21:37 root         DEBUG    No ITS stop or start sites were identified for sequence SRR12683134.498.1, skipping.
11-04 21:37 root         DEBUG    No ITS stop or start sites were identified for sequence SRR12683134.73.1, skipping.
11-04 21:37 root         DEBUG    No ITS stop or start sites were identified for sequence SRR12683134.518.1, skipping.
11-04 21:37 root         DEBUG    No ITS stop or start sites were identified for sequence SRR12683134.520.1, skipping.
11-04 21:37 root         DEBUG    No ITS stop or start sites were identified for sequence SRR12683134.528.1, skipping.
11-04 21:37 root         DEBUG    No ITS stop or start sites were identified for sequence SRR12683134.578.1, skipping.
11-04 21:37 root         DEBUG    No ITS stop or start sites were identified for sequence SRR12683134.579.1, skipping.
11-04 21:37 root         DEBUG    No ITS stop or start sites were identified for sequence SRR12683134.370.1, skipping.
11-04 21:37 root         DEBUG    No ITS stop or start sites were identified for sequence SRR12683134.696.1, skipping.
11-04 21:37 root         DEBUG    No ITS stop or start sites were identified for sequence SRR12683134.697.1, skipping.
11-04 21:37 root         DEBUG    No ITS stop or start sites were identified for sequence SRR12683134.767.1, skipping.
11-04 21:37 root         DEBUG    No ITS stop or start sites were identified for sequence SRR12683134.770.1, skipping.
11-04 21:37 root         DEBUG    No ITS stop or start sites were identified for sequence SRR12683134.370.1, skipping.
11-04 21:37 root         DEBUG    No ITS stop or start sites were identified for sequence SRR12683134.772.1, skipping.
11-04 21:37 root         DEBUG    No ITS stop or start sites were identified for sequence SRR12683134.778.1, skipping.
11-04 21:37 root         DEBUG    No ITS stop or start sites were identified for sequence SRR12683134.220.1, skipping.
11-04 21:37 root         DEBUG    No ITS stop or start sites were identified for sequence SRR12683134.804.1, skipping.
11-04 21:37 root         DEBUG    No ITS stop or start sites were identified for sequence SRR12683134.370.1, skipping.
11-04 21:37 root         DEBUG    No ITS stop or start sites were identified for sequence SRR12683134.868.1, skipping.
11-04 21:37 root         DEBUG    No ITS stop or start sites were identified for sequence SRR12683134.883.1, skipping.
11-04 21:37 root         DEBUG    No ITS stop or start sites were identified for sequence SRR12683134.896.1, skipping.
11-04 21:37 root         DEBUG    No ITS stop or start sites were identified for sequence SRR12683134.918.1, skipping.
11-04 21:37 root         DEBUG    No ITS stop or start sites were identified for sequence SRR12683134.919.1, skipping.
11-04 21:37 root         DEBUG    No ITS stop or start sites were identified for sequence SRR12683134.920.1, skipping.
11-04 21:37 root         DEBUG    No ITS stop or start sites were identified for sequence SRR12683134.319.1, skipping.
11-04 21:37 root         DEBUG    No ITS stop or start sites were identified for sequence SRR12683134.319.1, skipping.
11-04 21:37 root         DEBUG    No ITS stop or start sites were identified for sequence SRR12683134.987.1, skipping.
11-04 21:37 root         DEBUG    No ITS stop or start sites were identified for sequence SRR12683134.804.1, skipping.
11-04 21:37 root         DEBUG    No ITS stop or start sites were identified for sequence SRR12683134.1010.1, skipping.
11-04 21:37 root         DEBUG    No ITS stop or start sites were identified for sequence SRR12683134.416.1, skipping.
11-04 21:37 root         DEBUG    No ITS stop or start sites were identified for sequence SRR12683134.73.1, skipping.
11-04 21:37 root         DEBUG    No ITS stop or start sites were identified for sequence SRR12683134.804.1, skipping.
11-04 21:37 root         DEBUG    No ITS stop or start sites were identified for sequence SRR12683134.1130.1, skipping.
11-04 21:37 root         DEBUG    No ITS stop or start sites were identified for sequence SRR12683134.804.1, skipping.
11-04 21:37 root         DEBUG    No ITS stop or start sites were identified for sequence SRR12683134.1152.1, skipping.
11-04 21:37 root         DEBUG    No ITS stop or start sites were identified for sequence SRR12683134.1153.1, skipping.
11-04 21:37 root         DEBUG    No ITS stop or start sites were identified for sequence SRR12683134.1184.1, skipping.
11-04 21:37 root         DEBUG    No ITS stop or start sites were identified for sequence SRR12683134.1184.1, skipping.
11-04 21:37 root         DEBUG    No ITS stop or start sites were identified for sequence SRR12683134.1188.1, skipping.
11-04 21:37 root         DEBUG    No ITS stop or start sites were identified for sequence SRR12683134.697.1, skipping.
11-04 21:37 root         DEBUG    No ITS stop or start sites were identified for sequence SRR12683134.1217.1, skipping.
11-04 21:37 root         DEBUG    No ITS stop or start sites were identified for sequence SRR12683134.370.1, skipping.
11-04 21:37 root         DEBUG    No ITS stop or start sites were identified for sequence SRR12683134.1271.1, skipping.
11-04 21:37 root         DEBUG    No ITS stop or start sites were identified for sequence SRR12683134.1324.1, skipping.
11-04 21:37 root         DEBUG    No ITS stop or start sites were identified for sequence SRR12683134.1354.1, skipping.
11-04 21:37 root         DEBUG    No ITS stop or start sites were identified for sequence SRR12683134.1373.1, skipping.
11-04 21:37 root         DEBUG    No ITS stop or start sites were identified for sequence SRR12683134.1406.1, skipping.
11-04 21:37 root         DEBUG    No ITS stop or start sites were identified for sequence SRR12683134.1414.1, skipping.
11-04 21:37 root         DEBUG    No ITS stop or start sites were identified for sequence SRR12683134.1422.1, skipping.
11-04 21:37 root         DEBUG    No ITS stop or start sites were identified for sequence SRR12683134.319.1, skipping.
11-04 21:37 root         DEBUG    No ITS stop or start sites were identified for sequence SRR12683134.97.1, skipping.
11-04 21:37 root         DEBUG    No ITS stop or start sites were identified for sequence SRR12683134.1441.1, skipping.
11-04 21:37 root         DEBUG    No ITS stop or start sites were identified for sequence SRR12683134.804.1, skipping.
11-04 21:37 root         DEBUG    No ITS stop or start sites were identified for sequence SRR12683134.1466.1, skipping.
11-04 21:37 root         DEBUG    No ITS stop or start sites were identified for sequence SRR12683134.319.1, skipping.
11-04 21:37 root         DEBUG    No ITS stop or start sites were identified for sequence SRR12683134.1482.1, skipping.
11-04 21:37 root         DEBUG    No ITS stop or start sites were identified for sequence SRR12683134.1483.1, skipping.
11-04 21:37 root         DEBUG    No ITS stop or start sites were identified for sequence SRR12683134.1494.1, skipping.
11-04 21:37 root         DEBUG    No ITS stop or start sites were identified for sequence SRR12683134.1503.1, skipping.
11-04 21:37 root         DEBUG    No ITS stop or start sites were identified for sequence SRR12683134.1504.1, skipping.
11-04 21:37 root         DEBUG    No ITS stop or start sites were identified for sequence SRR12683134.1540.1, skipping.
11-04 21:37 root         DEBUG    No ITS stop or start sites were identified for sequence SRR12683134.1547.1, skipping.
11-04 21:37 root         DEBUG    No ITS stop or start sites were identified for sequence SRR12683134.1548.1, skipping.
11-04 21:37 root         DEBUG    No ITS stop or start sites were identified for sequence SRR12683134.370.1, skipping.
11-04 21:37 root         DEBUG    No ITS stop or start sites were identified for sequence SRR12683134.1558.1, skipping.
11-04 21:37 root         DEBUG    No ITS stop or start sites were identified for sequence SRR12683134.1572.1, skipping.
11-04 21:37 root         DEBUG    No ITS stop or start sites were identified for sequence SRR12683134.1596.1, skipping.
11-04 21:37 root         DEBUG    No ITS stop or start sites were identified for sequence SRR12683134.1630.1, skipping.
11-04 21:37 root         DEBUG    No ITS stop or start sites were identified for sequence SRR12683134.1648.1, skipping.
11-04 21:37 root         DEBUG    No ITS stop or start sites were identified for sequence SRR12683134.1710.1, skipping.
11-04 21:37 root         DEBUG    No ITS stop or start sites were identified for sequence SRR12683134.1711.1, skipping.
11-04 21:37 root         DEBUG    No ITS stop or start sites were identified for sequence SRR12683134.14.1, skipping.
11-04 21:37 root         DEBUG    No ITS stop or start sites were identified for sequence SRR12683134.319.1, skipping.
11-04 21:37 root         DEBUG    No ITS stop or start sites were identified for sequence SRR12683134.1787.1, skipping.
11-04 21:37 root         DEBUG    No ITS stop or start sites were identified for sequence SRR12683134.1812.1, skipping.
11-04 21:37 root         DEBUG    No ITS stop or start sites were identified for sequence SRR12683134.73.1, skipping.
11-04 21:37 root         DEBUG    No ITS stop or start sites were identified for sequence SRR12683134.1823.1, skipping.
11-04 21:37 root         DEBUG    No ITS stop or start sites were identified for sequence SRR12683134.1828.1, skipping.
11-04 21:37 root         DEBUG    No ITS stop or start sites were identified for sequence SRR12683134.1829.1, skipping.
11-04 21:37 root         DEBUG    No ITS stop or start sites were identified for sequence SRR12683134.1839.1, skipping.
11-04 21:37 root         DEBUG    No ITS stop or start sites were identified for sequence SRR12683134.1861.1, skipping.
11-04 21:37 root         DEBUG    No ITS stop or start sites were identified for sequence SRR12683134.1967.1, skipping.
11-04 21:37 root         DEBUG    No ITS stop or start sites were identified for sequence SRR12683134.1968.1, skipping.
11-04 21:37 root         DEBUG    No ITS stop or start sites were identified for sequence SRR12683134.1969.1, skipping.
11-04 21:37 root         DEBUG    No ITS stop or start sites were identified for sequence SRR12683134.1981.1, skipping.
11-04 21:37 root         DEBUG    No ITS stop or start sites were identified for sequence SRR12683134.1982.1, skipping.
11-04 21:37 root         DEBUG    No ITS stop or start sites were identified for sequence SRR12683134.1995.1, skipping.
11-04 21:37 root         DEBUG    No ITS stop or start sites were identified for sequence SRR12683134.370.1, skipping.
11-04 21:37 root         DEBUG    No ITS stop or start sites were identified for sequence SRR12683134.2003.1, skipping.
11-04 21:37 root         DEBUG    No ITS stop or start sites were identified for sequence SRR12683134.416.1, skipping.
11-04 21:37 root         DEBUG    No ITS stop or start sites were identified for sequence SRR12683134.2111.1, skipping.
11-04 21:37 root         DEBUG    No ITS stop or start sites were identified for sequence SRR12683134.2121.1, skipping.
11-04 21:37 root         DEBUG    No ITS stop or start sites were identified for sequence SRR12683134.2121.1, skipping.
11-04 21:37 root         DEBUG    No ITS stop or start sites were identified for sequence SRR12683134.370.1, skipping.
11-04 21:37 root         DEBUG    No ITS stop or start sites were identified for sequence SRR12683134.370.1, skipping.
11-04 21:37 root         DEBUG    No ITS stop or start sites were identified for sequence SRR12683134.370.1, skipping.
11-04 21:37 root         DEBUG    No ITS stop or start sites were identified for sequence SRR12683134.1995.1, skipping.
11-04 21:37 root         DEBUG    No ITS stop or start sites were identified for sequence SRR12683134.370.1, skipping.
11-04 21:37 root         DEBUG    No ITS stop or start sites were identified for sequence SRR12683134.370.1, skipping.
11-04 21:37 root         DEBUG    No ITS stop or start sites were identified for sequence SRR12683134.2253.1, skipping.
11-04 21:37 root         DEBUG    No ITS stop or start sites were identified for sequence SRR12683134.2254.1, skipping.
11-04 21:37 root         DEBUG    No ITS stop or start sites were identified for sequence SRR12683134.2268.1, skipping.
11-04 21:37 root         DEBUG    No ITS stop or start sites were identified for sequence SRR12683134.2269.1, skipping.
11-04 21:37 root         DEBUG    No ITS stop or start sites were identified for sequence SRR12683134.2281.1, skipping.
11-04 21:37 root         DEBUG    No ITS stop or start sites were identified for sequence SRR12683134.2282.1, skipping.
11-04 21:37 root         DEBUG    No ITS stop or start sites were identified for sequence SRR12683134.416.1, skipping.
11-04 21:37 root         DEBUG    No ITS stop or start sites were identified for sequence SRR12683134.2337.1, skipping.
11-04 21:37 root         DEBUG    No ITS stop or start sites were identified for sequence SRR12683134.2371.1, skipping.
11-04 21:37 root         DEBUG    No ITS stop or start sites were identified for sequence SRR12683134.416.1, skipping.
11-04 21:37 root         DEBUG    No ITS stop or start sites were identified for sequence SRR12683134.2413.1, skipping.
11-04 21:37 root         DEBUG    No ITS stop or start sites were identified for sequence SRR12683134.370.1, skipping.
11-04 21:37 root         DEBUG    No ITS stop or start sites were identified for sequence SRR12683134.14.1, skipping.
11-04 21:37 root         DEBUG    No ITS stop or start sites were identified for sequence SRR12683134.2499.1, skipping.
11-04 21:37 root         DEBUG    No ITS stop or start sites were identified for sequence SRR12683134.2512.1, skipping.
11-04 21:37 root         DEBUG    No ITS stop or start sites were identified for sequence SRR12683134.2513.1, skipping.
11-04 21:37 root         DEBUG    No ITS stop or start sites were identified for sequence SRR12683134.2518.1, skipping.
11-04 21:37 root         DEBUG    No ITS stop or start sites were identified for sequence SRR12683134.2547.1, skipping.
11-04 21:37 root         DEBUG    No ITS stop or start sites were identified for sequence SRR12683134.2557.1, skipping.
11-04 21:37 root         DEBUG    No ITS stop or start sites were identified for sequence SRR12683134.2600.1, skipping.
11-04 21:37 root         DEBUG    No ITS stop or start sites were identified for sequence SRR12683134.14.1, skipping.
11-04 21:37 root         DEBUG    No ITS stop or start sites were identified for sequence SRR12683134.2612.1, skipping.
11-04 21:37 root         DEBUG    No ITS stop or start sites were identified for sequence SRR12683134.2254.1, skipping.
11-04 21:37 root         DEBUG    No ITS stop or start sites were identified for sequence SRR12683134.2717.1, skipping.
11-04 21:37 root         DEBUG    No ITS stop or start sites were identified for sequence SRR12683134.2718.1, skipping.
11-04 21:37 root         DEBUG    No ITS stop or start sites were identified for sequence SRR12683134.2719.1, skipping.
11-04 21:37 root         DEBUG    No ITS stop or start sites were identified for sequence SRR12683134.2720.1, skipping.
11-04 21:37 root         DEBUG    No ITS stop or start sites were identified for sequence SRR12683134.2815.1, skipping.
11-04 21:37 root         DEBUG    No ITS stop or start sites were identified for sequence SRR12683134.416.1, skipping.
11-04 21:37 root         DEBUG    No ITS stop or start sites were identified for sequence SRR12683134.2817.1, skipping.
11-04 21:37 root         DEBUG    No ITS stop or start sites were identified for sequence SRR12683134.1441.1, skipping.
11-04 21:37 root         DEBUG    No ITS stop or start sites were identified for sequence SRR12683134.804.1, skipping.
11-04 21:37 root         DEBUG    No ITS stop or start sites were identified for sequence SRR12683134.804.1, skipping.
11-04 21:37 root         DEBUG    No ITS stop or start sites were identified for sequence SRR12683134.804.1, skipping.
11-04 21:37 root         DEBUG    No ITS stop or start sites were identified for sequence SRR12683134.2898.1, skipping.
11-04 21:37 root         DEBUG    No ITS stop or start sites were identified for sequence SRR12683134.416.1, skipping.
11-04 21:37 root         DEBUG    No ITS stop or start sites were identified for sequence SRR12683134.416.1, skipping.
11-04 21:37 root         DEBUG    No ITS stop or start sites were identified for sequence SRR12683134.73.1, skipping.
11-04 21:37 root         DEBUG    No ITS stop or start sites were identified for sequence SRR12683134.2967.1, skipping.
11-04 21:37 root         DEBUG    No ITS stop or start sites were identified for sequence SRR12683134.3032.1, skipping.
11-04 21:37 root         DEBUG    No ITS stop or start sites were identified for sequence SRR12683134.73.1, skipping.
11-04 21:37 root         DEBUG    No ITS stop or start sites were identified for sequence SRR12683134.3035.1, skipping.
11-04 21:37 root         DEBUG    No ITS stop or start sites were identified for sequence SRR12683134.97.1, skipping.
11-04 21:37 root         DEBUG    No ITS stop or start sites were identified for sequence SRR12683134.3078.1, skipping.
11-04 21:37 root         DEBUG    No ITS stop or start sites were identified for sequence SRR12683134.3110.1, skipping.
11-04 21:37 root         DEBUG    No ITS stop or start sites were identified for sequence SRR12683134.3111.1, skipping.
11-04 21:37 root         DEBUG    No ITS stop or start sites were identified for sequence SRR12683134.1441.1, skipping.
11-04 21:37 root         DEBUG    No ITS stop or start sites were identified for sequence SRR12683134.1441.1, skipping.
11-04 21:37 root         DEBUG    No ITS stop or start sites were identified for sequence SRR12683134.3117.1, skipping.
11-04 21:37 root         DEBUG    No ITS stop or start sites were identified for sequence SRR12683134.3123.1, skipping.
11-04 21:37 root         DEBUG    No ITS stop or start sites were identified for sequence SRR12683134.1441.1, skipping.
11-04 21:37 root         DEBUG    No ITS stop or start sites were identified for sequence SRR12683134.370.1, skipping.
11-04 21:37 root         DEBUG    No ITS stop or start sites were identified for sequence SRR12683134.3220.1, skipping.
11-04 21:37 root         DEBUG    No ITS stop or start sites were identified for sequence SRR12683134.3220.1, skipping.
11-04 21:37 root         DEBUG    No ITS stop or start sites were identified for sequence SRR12683134.804.1, skipping.
11-04 21:37 root         DEBUG    No ITS stop or start sites were identified for sequence SRR12683134.3320.1, skipping.
11-04 21:37 root         DEBUG    No ITS stop or start sites were identified for sequence SRR12683134.73.1, skipping.
11-04 21:37 root         DEBUG    No ITS stop or start sites were identified for sequence SRR12683134.14.1, skipping.
11-04 21:37 root         DEBUG    No ITS stop or start sites were identified for sequence SRR12683134.14.1, skipping.
11-04 21:37 root         DEBUG    No ITS stop or start sites were identified for sequence SRR12683134.3341.1, skipping.
11-04 21:37 root         DEBUG    No ITS stop or start sites were identified for sequence SRR12683134.3399.1, skipping.
11-04 21:37 root         DEBUG    No ITS stop or start sites were identified for sequence SRR12683134.3399.1, skipping.
11-04 21:37 root         DEBUG    No ITS stop or start sites were identified for sequence SRR12683134.3419.1, skipping.
11-04 21:37 root         DEBUG    No ITS stop or start sites were identified for sequence SRR12683134.14.1, skipping.
11-04 21:37 root         DEBUG    No ITS stop or start sites were identified for sequence SRR12683134.3484.1, skipping.
11-04 21:37 root         DEBUG    No ITS stop or start sites were identified for sequence SRR12683134.3507.1, skipping.
11-04 21:37 root         DEBUG    No ITS stop or start sites were identified for sequence SRR12683134.3562.1, skipping.
11-04 21:37 root         DEBUG    No ITS stop or start sites were identified for sequence SRR12683134.3609.1, skipping.
11-04 21:37 root         DEBUG    No ITS stop or start sites were identified for sequence SRR12683134.3609.1, skipping.
11-04 21:37 root         DEBUG    No ITS stop or start sites were identified for sequence SRR12683134.3612.1, skipping.
11-04 21:37 root         DEBUG    No ITS stop or start sites were identified for sequence SRR12683134.3612.1, skipping.
11-04 21:37 root         DEBUG    No ITS stop or start sites were identified for sequence SRR12683134.319.1, skipping.
11-04 21:37 root         DEBUG    No ITS stop or start sites were identified for sequence SRR12683134.416.1, skipping.
11-04 21:37 root         DEBUG    No ITS stop or start sites were identified for sequence SRR12683134.370.1, skipping.
11-04 21:37 root         DEBUG    No ITS stop or start sites were identified for sequence SRR12683134.416.1, skipping.
11-04 21:37 root         DEBUG    No ITS stop or start sites were identified for sequence SRR12683134.804.1, skipping.
11-04 21:37 root         DEBUG    No ITS stop or start sites were identified for sequence SRR12683134.3729.1, skipping.
11-04 21:37 root         DEBUG    No ITS stop or start sites were identified for sequence SRR12683134.3730.1, skipping.
11-04 21:37 root         DEBUG    No ITS stop or start sites were identified for sequence SRR12683134.370.1, skipping.
11-04 21:37 root         DEBUG    No ITS stop or start sites were identified for sequence SRR12683134.3814.1, skipping.
11-04 21:37 root         DEBUG    No ITS stop or start sites were identified for sequence SRR12683134.370.1, skipping.
11-04 21:37 root         DEBUG    No ITS stop or start sites were identified for sequence SRR12683134.416.1, skipping.
11-04 21:37 root         DEBUG    No ITS stop or start sites were identified for sequence SRR12683134.3843.1, skipping.
11-04 21:37 root         DEBUG    No ITS stop or start sites were identified for sequence SRR12683134.1482.1, skipping.
11-04 21:37 root         DEBUG    No ITS stop or start sites were identified for sequence SRR12683134.3220.1, skipping.
11-04 21:37 root         DEBUG    No ITS stop or start sites were identified for sequence SRR12683134.3879.1, skipping.
11-04 21:37 root         DEBUG    No ITS stop or start sites were identified for sequence SRR12683134.370.1, skipping.
11-04 21:37 root         DEBUG    No ITS stop or start sites were identified for sequence SRR12683134.3923.1, skipping.
11-04 21:37 root         DEBUG    No ITS stop or start sites were identified for sequence SRR12683134.4024.1, skipping.
11-04 21:37 root         DEBUG    No ITS stop or start sites were identified for sequence SRR12683134.804.1, skipping.
11-04 21:37 root         DEBUG    No ITS stop or start sites were identified for sequence SRR12683134.804.1, skipping.
11-04 21:37 root         DEBUG    No ITS stop or start sites were identified for sequence SRR12683134.804.1, skipping.
11-04 21:37 root         DEBUG    No ITS stop or start sites were identified for sequence SRR12683134.4095.1, skipping.
11-04 21:37 root         DEBUG    No ITS stop or start sites were identified for sequence SRR12683134.4110.1, skipping.
11-04 21:37 root         DEBUG    No ITS stop or start sites were identified for sequence SRR12683134.4111.1, skipping.
11-04 21:37 root         DEBUG    No ITS stop or start sites were identified for sequence SRR12683134.4112.1, skipping.
11-04 21:37 root         DEBUG    No ITS stop or start sites were identified for sequence SRR12683134.4115.1, skipping.
11-04 21:37 root         DEBUG    No ITS stop or start sites were identified for sequence SRR12683134.1441.1, skipping.
11-04 21:37 root         DEBUG    No ITS stop or start sites were identified for sequence SRR12683134.4117.1, skipping.
11-04 21:37 root         DEBUG    No ITS stop or start sites were identified for sequence SRR12683134.4168.1, skipping.
11-04 21:37 root         DEBUG    No ITS stop or start sites were identified for sequence SRR12683134.4169.1, skipping.
11-04 21:37 root         DEBUG    No ITS stop or start sites were identified for sequence SRR12683134.4170.1, skipping.
11-04 21:37 root         DEBUG    No ITS stop or start sites were identified for sequence SRR12683134.4178.1, skipping.
11-04 21:37 root         DEBUG    No ITS stop or start sites were identified for sequence SRR12683134.370.1, skipping.
11-04 21:37 root         DEBUG    No ITS stop or start sites were identified for sequence SRR12683134.4189.1, skipping.
11-04 21:37 root         DEBUG    No ITS stop or start sites were identified for sequence SRR12683134.4197.1, skipping.
11-04 21:37 root         DEBUG    No ITS stop or start sites were identified for sequence SRR12683134.4198.1, skipping.
11-04 21:37 root         DEBUG    No ITS stop or start sites were identified for sequence SRR12683134.4199.1, skipping.
11-04 21:37 root         DEBUG    No ITS stop or start sites were identified for sequence SRR12683134.4216.1, skipping.
11-04 21:37 root         DEBUG    No ITS stop or start sites were identified for sequence SRR12683134.97.1, skipping.
11-04 21:37 root         DEBUG    No ITS stop or start sites were identified for sequence SRR12683134.4218.1, skipping.
11-04 21:37 root         DEBUG    No ITS stop or start sites were identified for sequence SRR12683134.14.1, skipping.
11-04 21:37 root         DEBUG    No ITS stop or start sites were identified for sequence SRR12683134.1648.1, skipping.
11-04 21:37 root         DEBUG    No ITS stop or start sites were identified for sequence SRR12683134.4308.1, skipping.
11-04 21:37 root         DEBUG    No ITS stop or start sites were identified for sequence SRR12683134.4350.1, skipping.
11-04 21:37 root         DEBUG    No ITS stop or start sites were identified for sequence SRR12683134.4432.1, skipping.
11-04 21:37 root         DEBUG    No ITS stop or start sites were identified for sequence SRR12683134.4433.1, skipping.
11-04 21:37 root         DEBUG    No ITS stop or start sites were identified for sequence SRR12683134.4452.1, skipping.
11-04 21:37 root         DEBUG    No ITS stop or start sites were identified for sequence SRR12683134.319.1, skipping.
11-04 21:37 root         DEBUG    No ITS stop or start sites were identified for sequence SRR12683134.4495.1, skipping.
11-04 21:37 root         DEBUG    No ITS stop or start sites were identified for sequence SRR12683134.4496.1, skipping.
11-04 21:37 root         DEBUG    No ITS stop or start sites were identified for sequence SRR12683134.4497.1, skipping.
11-04 21:37 root         DEBUG    No ITS stop or start sites were identified for sequence SRR12683134.370.1, skipping.
11-04 21:37 root         DEBUG    No ITS stop or start sites were identified for sequence SRR12683134.4577.1, skipping.
11-04 21:37 root         DEBUG    No ITS stop or start sites were identified for sequence SRR12683134.4589.1, skipping.
11-04 21:37 root         DEBUG    No ITS stop or start sites were identified for sequence SRR12683134.416.1, skipping.
11-04 21:37 root         DEBUG    No ITS stop or start sites were identified for sequence SRR12683134.4705.1, skipping.
11-04 21:37 root         DEBUG    No ITS stop or start sites were identified for sequence SRR12683134.4705.1, skipping.
11-04 21:37 root         DEBUG    No ITS stop or start sites were identified for sequence SRR12683134.1441.1, skipping.
11-04 21:37 root         DEBUG    No ITS stop or start sites were identified for sequence SRR12683134.1441.1, skipping.
11-04 21:37 root         DEBUG    No ITS stop or start sites were identified for sequence SRR12683134.804.1, skipping.
11-04 21:37 root         DEBUG    No ITS stop or start sites were identified for sequence SRR12683134.1482.1, skipping.
11-04 21:37 root         DEBUG    No ITS stop or start sites were identified for sequence SRR12683134.97.1, skipping.
11-04 21:37 root         DEBUG    No ITS stop or start sites were identified for sequence SRR12683134.4861.1, skipping.
11-04 21:37 root         DEBUG    No ITS stop or start sites were identified for sequence SRR12683134.4903.1, skipping.
11-04 21:37 root         DEBUG    No ITS stop or start sites were identified for sequence SRR12683134.4904.1, skipping.
11-04 21:37 root         DEBUG    No ITS stop or start sites were identified for sequence SRR12683134.4905.1, skipping.
11-04 21:37 root         DEBUG    No ITS stop or start sites were identified for sequence SRR12683134.4906.1, skipping.
11-04 21:37 root         DEBUG    No ITS stop or start sites were identified for sequence SRR12683134.4907.1, skipping.
11-04 21:37 root         DEBUG    No ITS stop or start sites were identified for sequence SRR12683134.4929.1, skipping.
11-04 21:37 root         DEBUG    No ITS stop or start sites were identified for sequence SRR12683134.4930.1, skipping.
11-04 21:37 root         DEBUG    No ITS stop or start sites were identified for sequence SRR12683134.4941.1, skipping.
11-04 21:37 root         DEBUG    No ITS stop or start sites were identified for sequence SRR12683134.416.1, skipping.
11-04 21:37 root         DEBUG    No ITS stop or start sites were identified for sequence SRR12683134.4953.1, skipping.
11-04 21:37 root         DEBUG    No ITS stop or start sites were identified for sequence SRR12683134.4962.1, skipping.
11-04 21:37 root         DEBUG    No ITS stop or start sites were identified for sequence SRR12683134.1441.1, skipping.
11-04 21:37 root         DEBUG    No ITS stop or start sites were identified for sequence SRR12683134.4964.1, skipping.
11-04 21:37 root         DEBUG    No ITS stop or start sites were identified for sequence SRR12683134.416.1, skipping.
11-04 21:37 root         DEBUG    No ITS stop or start sites were identified for sequence SRR12683134.4995.1, skipping.
11-04 21:37 root         DEBUG    No ITS stop or start sites were identified for sequence SRR12683134.3110.1, skipping.
11-04 21:37 root         DEBUG    No ITS stop or start sites were identified for sequence SRR12683134.2121.1, skipping.
11-04 21:37 root         DEBUG    No ITS stop or start sites were identified for sequence SRR12683134.97.1, skipping.
11-04 21:37 root         DEBUG    No ITS stop or start sites were identified for sequence SRR12683134.5125.1, skipping.
11-04 21:37 root         DEBUG    No ITS stop or start sites were identified for sequence SRR12683134.319.1, skipping.
11-04 21:37 root         DEBUG    No ITS stop or start sites were identified for sequence SRR12683134.5137.1, skipping.
11-04 21:37 root         DEBUG    No ITS stop or start sites were identified for sequence SRR12683134.5138.1, skipping.
11-04 21:37 root         DEBUG    No ITS stop or start sites were identified for sequence SRR12683134.5175.1, skipping.
11-04 21:37 root         DEBUG    No ITS stop or start sites were identified for sequence SRR12683134.97.1, skipping.
11-04 21:37 root         DEBUG    No ITS stop or start sites were identified for sequence SRR12683134.319.1, skipping.
11-04 21:37 root         DEBUG    No ITS stop or start sites were identified for sequence SRR12683134.5193.1, skipping.
11-04 21:37 root         DEBUG    No ITS stop or start sites were identified for sequence SRR12683134.5301.1, skipping.
11-04 21:37 root         DEBUG    No ITS stop or start sites were identified for sequence SRR12683134.73.1, skipping.
11-04 21:37 root         DEBUG    No ITS stop or start sites were identified for sequence SRR12683134.2121.1, skipping.
11-04 21:37 root         DEBUG    No ITS stop or start sites were identified for sequence SRR12683134.5327.1, skipping.
11-04 21:37 root         DEBUG    No ITS stop or start sites were identified for sequence SRR12683134.5328.1, skipping.
11-04 21:37 root         DEBUG    No ITS stop or start sites were identified for sequence SRR12683134.5329.1, skipping.
11-04 21:37 root         DEBUG    No ITS stop or start sites were identified for sequence SRR12683134.5350.1, skipping.
11-04 21:37 root         DEBUG    No ITS stop or start sites were identified for sequence SRR12683134.1324.1, skipping.
11-04 21:37 root         DEBUG    No ITS stop or start sites were identified for sequence SRR12683134.97.1, skipping.
11-04 21:37 root         DEBUG    No ITS stop or start sites were identified for sequence SRR12683134.370.1, skipping.
11-04 21:37 root         DEBUG    No ITS stop or start sites were identified for sequence SRR12683134.97.1, skipping.
11-04 21:37 root         DEBUG    No ITS stop or start sites were identified for sequence SRR12683134.5461.1, skipping.
11-04 21:37 root         DEBUG    No ITS stop or start sites were identified for sequence SRR12683134.5492.1, skipping.
11-04 21:37 root         DEBUG    No ITS stop or start sites were identified for sequence SRR12683134.5493.1, skipping.
11-04 21:37 root         DEBUG    No ITS stop or start sites were identified for sequence SRR12683134.5494.1, skipping.
11-04 21:37 root         DEBUG    No ITS stop or start sites were identified for sequence SRR12683134.1441.1, skipping.
11-04 21:37 root         DEBUG    No ITS stop or start sites were identified for sequence SRR12683134.5515.1, skipping.
11-04 21:37 root         DEBUG    No ITS stop or start sites were identified for sequence SRR12683134.5515.1, skipping.
11-04 21:37 root         DEBUG    No ITS stop or start sites were identified for sequence SRR12683134.5522.1, skipping.
11-04 21:37 root         DEBUG    No ITS stop or start sites were identified for sequence SRR12683134.5494.1, skipping.
11-04 21:37 root         DEBUG    No ITS stop or start sites were identified for sequence SRR12683134.5607.1, skipping.
11-04 21:37 root         DEBUG    No ITS stop or start sites were identified for sequence SRR12683134.5607.1, skipping.
11-04 21:37 root         DEBUG    No ITS stop or start sites were identified for sequence SRR12683134.5627.1, skipping.
11-04 21:37 root         INFO     ITSxpress ran in 00:00:47
