11-04 21:35 root         INFO     Verifying the input sequences.
11-04 21:35 root         INFO     Sequences are assumed to be single-end.
11-04 21:35 root         INFO     Temporary directory is: /tmp/itsxpress_glau4kw1
11-04 21:35 root         INFO     Unique sequences are being written to a temporary FASTA file with Vsearch.
11-04 21:35 root         INFO     vsearch v2.7.1_linux_x86_64, 15.6GB RAM, 4 cores
https://github.com/torognes/vsearch

Reading file SRR12683126_pass_1.fastq.gz 100%
105942 nt in 353 seqs, min 35, max 301, avg 300
Dereplicating 100%
Sorting 100%
169 unique sequences, avg cluster 2.1, median 1, max 119
Writing output file 100%
Writing uc file, first part 100%
Writing uc file, second part 100%

11-04 21:35 root         INFO     Searching for ITS start and stop sites using HMMSearch. This step takes a while.
11-04 21:35 root         INFO     Parsing HMM results.
11-04 21:35 root         INFO     Writing out sequences
11-04 21:35 root         DEBUG    No ITS stop or start sites were identified for sequence SRR12683126.6.1, skipping.
11-04 21:35 root         DEBUG    No ITS stop or start sites were identified for sequence SRR12683126.6.1, skipping.
11-04 21:35 root         DEBUG    No ITS stop or start sites were identified for sequence SRR12683126.34.1, skipping.
11-04 21:35 root         DEBUG    No ITS stop or start sites were identified for sequence SRR12683126.55.1, skipping.
11-04 21:35 root         DEBUG    No ITS stop or start sites were identified for sequence SRR12683126.59.1, skipping.
11-04 21:35 root         DEBUG    No ITS stop or start sites were identified for sequence SRR12683126.102.1, skipping.
11-04 21:35 root         DEBUG    No ITS stop or start sites were identified for sequence SRR12683126.104.1, skipping.
11-04 21:35 root         DEBUG    No ITS stop or start sites were identified for sequence SRR12683126.105.1, skipping.
11-04 21:35 root         DEBUG    No ITS stop or start sites were identified for sequence SRR12683126.105.1, skipping.
11-04 21:35 root         DEBUG    No ITS stop or start sites were identified for sequence SRR12683126.119.1, skipping.
11-04 21:35 root         DEBUG    No ITS stop or start sites were identified for sequence SRR12683126.120.1, skipping.
11-04 21:35 root         DEBUG    No ITS stop or start sites were identified for sequence SRR12683126.127.1, skipping.
11-04 21:35 root         DEBUG    No ITS stop or start sites were identified for sequence SRR12683126.132.1, skipping.
11-04 21:35 root         DEBUG    No ITS stop or start sites were identified for sequence SRR12683126.139.1, skipping.
11-04 21:35 root         DEBUG    No ITS stop or start sites were identified for sequence SRR12683126.150.1, skipping.
11-04 21:35 root         DEBUG    No ITS stop or start sites were identified for sequence SRR12683126.173.1, skipping.
11-04 21:35 root         DEBUG    No ITS stop or start sites were identified for sequence SRR12683126.200.1, skipping.
11-04 21:35 root         DEBUG    No ITS stop or start sites were identified for sequence SRR12683126.201.1, skipping.
11-04 21:35 root         DEBUG    No ITS stop or start sites were identified for sequence SRR12683126.231.1, skipping.
11-04 21:35 root         DEBUG    No ITS stop or start sites were identified for sequence SRR12683126.259.1, skipping.
11-04 21:35 root         DEBUG    No ITS stop or start sites were identified for sequence SRR12683126.274.1, skipping.
11-04 21:35 root         DEBUG    No ITS stop or start sites were identified for sequence SRR12683126.278.1, skipping.
11-04 21:35 root         DEBUG    No ITS stop or start sites were identified for sequence SRR12683126.321.1, skipping.
11-04 21:35 root         DEBUG    No ITS stop or start sites were identified for sequence SRR12683126.353.1, skipping.
11-04 21:35 root         INFO     ITSxpress ran in 00:00:03
