11-05 13:15 root         INFO     Verifying the input sequences.
11-05 13:15 root         INFO     Sequences are assumed to be single-end.
11-05 13:15 root         INFO     Temporary directory is: /tmp/itsxpress_s2qi2el1
11-05 13:15 root         INFO     Unique sequences are being written to a temporary FASTA file with Vsearch.
11-05 13:15 root         INFO     vsearch v2.7.1_linux_x86_64, 15.6GB RAM, 4 cores
https://github.com/torognes/vsearch

Reading file SRR12683234_pass_1.fastq.gz 100%
23187 nt in 79 seqs, min 35, max 301, avg 294
Dereplicating 100%
Sorting 100%
52 unique sequences, avg cluster 1.5, median 1, max 14
Writing output file 100%
Writing uc file, first part 100%
Writing uc file, second part 100%

11-05 13:15 root         INFO     Searching for ITS start and stop sites using HMMSearch. This step takes a while.
11-05 13:15 root         INFO     Parsing HMM results.
11-05 13:15 root         INFO     Writing out sequences
11-05 13:15 root         DEBUG    No ITS stop or start sites were identified for sequence SRR12683234.2.1, skipping.
11-05 13:15 root         DEBUG    No ITS stop or start sites were identified for sequence SRR12683234.8.1, skipping.
11-05 13:15 root         DEBUG    No ITS stop or start sites were identified for sequence SRR12683234.12.1, skipping.
11-05 13:15 root         DEBUG    No ITS stop or start sites were identified for sequence SRR12683234.21.1, skipping.
11-05 13:15 root         DEBUG    No ITS stop or start sites were identified for sequence SRR12683234.22.1, skipping.
11-05 13:15 root         DEBUG    No ITS stop or start sites were identified for sequence SRR12683234.24.1, skipping.
11-05 13:15 root         DEBUG    No ITS stop or start sites were identified for sequence SRR12683234.25.1, skipping.
11-05 13:15 root         DEBUG    No ITS stop or start sites were identified for sequence SRR12683234.34.1, skipping.
11-05 13:15 root         DEBUG    No ITS stop or start sites were identified for sequence SRR12683234.67.1, skipping.
11-05 13:15 root         DEBUG    No ITS stop or start sites were identified for sequence SRR12683234.73.1, skipping.
11-05 13:15 root         DEBUG    No ITS stop or start sites were identified for sequence SRR12683234.79.1, skipping.
11-05 13:15 root         INFO     ITSxpress ran in 00:00:01
