11-04 21:30 root         INFO     Verifying the input sequences.
11-04 21:30 root         INFO     Sequences are assumed to be single-end.
11-04 21:30 root         INFO     Temporary directory is: /tmp/itsxpress_9plky_5r
11-04 21:30 root         INFO     Unique sequences are being written to a temporary FASTA file with Vsearch.
11-04 21:30 root         INFO     vsearch v2.7.1_linux_x86_64, 15.6GB RAM, 4 cores
https://github.com/torognes/vsearch

Reading file SRR12683109_pass_1.fastq.gz 100%
108253 nt in 399 seqs, min 35, max 301, avg 271
Dereplicating 100%
Sorting 100%
223 unique sequences, avg cluster 1.8, median 1, max 92
Writing output file 100%
Writing uc file, first part 100%
Writing uc file, second part 100%

11-04 21:30 root         INFO     Searching for ITS start and stop sites using HMMSearch. This step takes a while.
11-04 21:30 root         INFO     Parsing HMM results.
11-04 21:30 root         INFO     Writing out sequences
11-04 21:30 root         DEBUG    No ITS stop or start sites were identified for sequence SRR12683109.7.1, skipping.
11-04 21:30 root         DEBUG    No ITS stop or start sites were identified for sequence SRR12683109.9.1, skipping.
11-04 21:30 root         DEBUG    No ITS stop or start sites were identified for sequence SRR12683109.12.1, skipping.
11-04 21:30 root         DEBUG    No ITS stop or start sites were identified for sequence SRR12683109.13.1, skipping.
11-04 21:30 root         DEBUG    No ITS stop or start sites were identified for sequence SRR12683109.9.1, skipping.
11-04 21:30 root         DEBUG    No ITS stop or start sites were identified for sequence SRR12683109.17.1, skipping.
11-04 21:30 root         DEBUG    No ITS stop or start sites were identified for sequence SRR12683109.20.1, skipping.
11-04 21:30 root         DEBUG    No ITS stop or start sites were identified for sequence SRR12683109.27.1, skipping.
11-04 21:30 root         DEBUG    No ITS stop or start sites were identified for sequence SRR12683109.28.1, skipping.
11-04 21:30 root         DEBUG    No ITS stop or start sites were identified for sequence SRR12683109.31.1, skipping.
11-04 21:30 root         DEBUG    No ITS stop or start sites were identified for sequence SRR12683109.32.1, skipping.
11-04 21:30 root         DEBUG    No ITS stop or start sites were identified for sequence SRR12683109.35.1, skipping.
11-04 21:30 root         DEBUG    No ITS stop or start sites were identified for sequence SRR12683109.45.1, skipping.
11-04 21:30 root         DEBUG    No ITS stop or start sites were identified for sequence SRR12683109.49.1, skipping.
11-04 21:30 root         DEBUG    No ITS stop or start sites were identified for sequence SRR12683109.52.1, skipping.
11-04 21:30 root         DEBUG    No ITS stop or start sites were identified for sequence SRR12683109.49.1, skipping.
11-04 21:30 root         DEBUG    No ITS stop or start sites were identified for sequence SRR12683109.64.1, skipping.
11-04 21:30 root         DEBUG    No ITS stop or start sites were identified for sequence SRR12683109.68.1, skipping.
11-04 21:30 root         DEBUG    No ITS stop or start sites were identified for sequence SRR12683109.69.1, skipping.
11-04 21:30 root         DEBUG    No ITS stop or start sites were identified for sequence SRR12683109.12.1, skipping.
11-04 21:30 root         DEBUG    No ITS stop or start sites were identified for sequence SRR12683109.71.1, skipping.
11-04 21:30 root         DEBUG    No ITS stop or start sites were identified for sequence SRR12683109.12.1, skipping.
11-04 21:30 root         DEBUG    No ITS stop or start sites were identified for sequence SRR12683109.9.1, skipping.
11-04 21:30 root         DEBUG    No ITS stop or start sites were identified for sequence SRR12683109.35.1, skipping.
11-04 21:30 root         DEBUG    No ITS stop or start sites were identified for sequence SRR12683109.7.1, skipping.
11-04 21:30 root         DEBUG    No ITS stop or start sites were identified for sequence SRR12683109.89.1, skipping.
11-04 21:30 root         DEBUG    No ITS stop or start sites were identified for sequence SRR12683109.12.1, skipping.
11-04 21:30 root         DEBUG    No ITS stop or start sites were identified for sequence SRR12683109.104.1, skipping.
11-04 21:30 root         DEBUG    No ITS stop or start sites were identified for sequence SRR12683109.109.1, skipping.
11-04 21:30 root         DEBUG    No ITS stop or start sites were identified for sequence SRR12683109.9.1, skipping.
11-04 21:30 root         DEBUG    No ITS stop or start sites were identified for sequence SRR12683109.20.1, skipping.
11-04 21:30 root         DEBUG    No ITS stop or start sites were identified for sequence SRR12683109.49.1, skipping.
11-04 21:30 root         DEBUG    No ITS stop or start sites were identified for sequence SRR12683109.123.1, skipping.
11-04 21:30 root         DEBUG    No ITS stop or start sites were identified for sequence SRR12683109.124.1, skipping.
11-04 21:30 root         DEBUG    No ITS stop or start sites were identified for sequence SRR12683109.125.1, skipping.
11-04 21:30 root         DEBUG    No ITS stop or start sites were identified for sequence SRR12683109.12.1, skipping.
11-04 21:30 root         DEBUG    No ITS stop or start sites were identified for sequence SRR12683109.132.1, skipping.
11-04 21:30 root         DEBUG    No ITS stop or start sites were identified for sequence SRR12683109.35.1, skipping.
11-04 21:30 root         DEBUG    No ITS stop or start sites were identified for sequence SRR12683109.20.1, skipping.
11-04 21:30 root         DEBUG    No ITS stop or start sites were identified for sequence SRR12683109.149.1, skipping.
11-04 21:30 root         DEBUG    No ITS stop or start sites were identified for sequence SRR12683109.152.1, skipping.
11-04 21:30 root         DEBUG    No ITS stop or start sites were identified for sequence SRR12683109.160.1, skipping.
11-04 21:30 root         DEBUG    No ITS stop or start sites were identified for sequence SRR12683109.161.1, skipping.
11-04 21:30 root         DEBUG    No ITS stop or start sites were identified for sequence SRR12683109.7.1, skipping.
11-04 21:30 root         DEBUG    No ITS stop or start sites were identified for sequence SRR12683109.49.1, skipping.
11-04 21:30 root         DEBUG    No ITS stop or start sites were identified for sequence SRR12683109.169.1, skipping.
11-04 21:30 root         DEBUG    No ITS stop or start sites were identified for sequence SRR12683109.9.1, skipping.
11-04 21:30 root         DEBUG    No ITS stop or start sites were identified for sequence SRR12683109.181.1, skipping.
11-04 21:30 root         DEBUG    No ITS stop or start sites were identified for sequence SRR12683109.49.1, skipping.
11-04 21:30 root         DEBUG    No ITS stop or start sites were identified for sequence SRR12683109.196.1, skipping.
11-04 21:30 root         DEBUG    No ITS stop or start sites were identified for sequence SRR12683109.197.1, skipping.
11-04 21:30 root         DEBUG    No ITS stop or start sites were identified for sequence SRR12683109.9.1, skipping.
11-04 21:30 root         DEBUG    No ITS stop or start sites were identified for sequence SRR12683109.49.1, skipping.
11-04 21:30 root         DEBUG    No ITS stop or start sites were identified for sequence SRR12683109.208.1, skipping.
11-04 21:30 root         DEBUG    No ITS stop or start sites were identified for sequence SRR12683109.49.1, skipping.
11-04 21:30 root         DEBUG    No ITS stop or start sites were identified for sequence SRR12683109.49.1, skipping.
11-04 21:30 root         DEBUG    No ITS stop or start sites were identified for sequence SRR12683109.218.1, skipping.
11-04 21:30 root         DEBUG    No ITS stop or start sites were identified for sequence SRR12683109.7.1, skipping.
11-04 21:30 root         DEBUG    No ITS stop or start sites were identified for sequence SRR12683109.224.1, skipping.
11-04 21:30 root         DEBUG    No ITS stop or start sites were identified for sequence SRR12683109.12.1, skipping.
11-04 21:30 root         DEBUG    No ITS stop or start sites were identified for sequence SRR12683109.228.1, skipping.
11-04 21:30 root         DEBUG    No ITS stop or start sites were identified for sequence SRR12683109.20.1, skipping.
11-04 21:30 root         DEBUG    No ITS stop or start sites were identified for sequence SRR12683109.236.1, skipping.
11-04 21:30 root         DEBUG    No ITS stop or start sites were identified for sequence SRR12683109.237.1, skipping.
11-04 21:30 root         DEBUG    No ITS stop or start sites were identified for sequence SRR12683109.242.1, skipping.
11-04 21:30 root         DEBUG    No ITS stop or start sites were identified for sequence SRR12683109.49.1, skipping.
11-04 21:30 root         DEBUG    No ITS stop or start sites were identified for sequence SRR12683109.246.1, skipping.
11-04 21:30 root         DEBUG    No ITS stop or start sites were identified for sequence SRR12683109.247.1, skipping.
11-04 21:30 root         DEBUG    No ITS stop or start sites were identified for sequence SRR12683109.20.1, skipping.
11-04 21:30 root         DEBUG    No ITS stop or start sites were identified for sequence SRR12683109.49.1, skipping.
11-04 21:30 root         DEBUG    No ITS stop or start sites were identified for sequence SRR12683109.256.1, skipping.
11-04 21:30 root         DEBUG    No ITS stop or start sites were identified for sequence SRR12683109.259.1, skipping.
11-04 21:30 root         DEBUG    No ITS stop or start sites were identified for sequence SRR12683109.263.1, skipping.
11-04 21:30 root         DEBUG    No ITS stop or start sites were identified for sequence SRR12683109.269.1, skipping.
11-04 21:30 root         DEBUG    No ITS stop or start sites were identified for sequence SRR12683109.276.1, skipping.
11-04 21:30 root         DEBUG    No ITS stop or start sites were identified for sequence SRR12683109.280.1, skipping.
11-04 21:30 root         DEBUG    No ITS stop or start sites were identified for sequence SRR12683109.283.1, skipping.
11-04 21:30 root         DEBUG    No ITS stop or start sites were identified for sequence SRR12683109.285.1, skipping.
11-04 21:30 root         DEBUG    No ITS stop or start sites were identified for sequence SRR12683109.288.1, skipping.
11-04 21:30 root         DEBUG    No ITS stop or start sites were identified for sequence SRR12683109.289.1, skipping.
11-04 21:30 root         DEBUG    No ITS stop or start sites were identified for sequence SRR12683109.296.1, skipping.
11-04 21:30 root         DEBUG    No ITS stop or start sites were identified for sequence SRR12683109.298.1, skipping.
11-04 21:30 root         DEBUG    No ITS stop or start sites were identified for sequence SRR12683109.299.1, skipping.
11-04 21:30 root         DEBUG    No ITS stop or start sites were identified for sequence SRR12683109.302.1, skipping.
11-04 21:30 root         DEBUG    No ITS stop or start sites were identified for sequence SRR12683109.314.1, skipping.
11-04 21:30 root         DEBUG    No ITS stop or start sites were identified for sequence SRR12683109.20.1, skipping.
11-04 21:30 root         DEBUG    No ITS stop or start sites were identified for sequence SRR12683109.49.1, skipping.
11-04 21:30 root         DEBUG    No ITS stop or start sites were identified for sequence SRR12683109.325.1, skipping.
11-04 21:30 root         DEBUG    No ITS stop or start sites were identified for sequence SRR12683109.326.1, skipping.
11-04 21:30 root         DEBUG    No ITS stop or start sites were identified for sequence SRR12683109.7.1, skipping.
11-04 21:30 root         DEBUG    No ITS stop or start sites were identified for sequence SRR12683109.49.1, skipping.
11-04 21:30 root         DEBUG    No ITS stop or start sites were identified for sequence SRR12683109.12.1, skipping.
11-04 21:30 root         DEBUG    No ITS stop or start sites were identified for sequence SRR12683109.347.1, skipping.
11-04 21:30 root         DEBUG    No ITS stop or start sites were identified for sequence SRR12683109.354.1, skipping.
11-04 21:30 root         DEBUG    No ITS stop or start sites were identified for sequence SRR12683109.12.1, skipping.
11-04 21:30 root         DEBUG    No ITS stop or start sites were identified for sequence SRR12683109.366.1, skipping.
11-04 21:30 root         DEBUG    No ITS stop or start sites were identified for sequence SRR12683109.373.1, skipping.
11-04 21:30 root         DEBUG    No ITS stop or start sites were identified for sequence SRR12683109.246.1, skipping.
11-04 21:30 root         DEBUG    No ITS stop or start sites were identified for sequence SRR12683109.380.1, skipping.
11-04 21:30 root         DEBUG    No ITS stop or start sites were identified for sequence SRR12683109.381.1, skipping.
11-04 21:30 root         DEBUG    No ITS stop or start sites were identified for sequence SRR12683109.382.1, skipping.
11-04 21:30 root         DEBUG    No ITS stop or start sites were identified for sequence SRR12683109.246.1, skipping.
11-04 21:30 root         DEBUG    No ITS stop or start sites were identified for sequence SRR12683109.20.1, skipping.
11-04 21:30 root         INFO     ITSxpress ran in 00:00:03
