11-05 13:11 root         INFO     Verifying the input sequences.
11-05 13:11 root         INFO     Sequences are assumed to be single-end.
11-05 13:11 root         INFO     Temporary directory is: /tmp/itsxpress_6ihyilyq
11-05 13:11 root         INFO     Unique sequences are being written to a temporary FASTA file with Vsearch.
11-05 13:11 root         INFO     vsearch v2.7.1_linux_x86_64, 15.6GB RAM, 4 cores
https://github.com/torognes/vsearch

Reading file SRR12683222_pass_1.fastq.gz 100%
238133 nt in 805 seqs, min 282, max 301, avg 296
Dereplicating 100%
Sorting 100%
399 unique sequences, avg cluster 2.0, median 1, max 201
Writing output file 100%
Writing uc file, first part 100%
Writing uc file, second part 100%

11-05 13:11 root         INFO     Searching for ITS start and stop sites using HMMSearch. This step takes a while.
11-05 13:12 root         INFO     Parsing HMM results.
11-05 13:12 root         INFO     Writing out sequences
11-05 13:12 root         DEBUG    No ITS stop or start sites were identified for sequence SRR12683222.1.1, skipping.
11-05 13:12 root         DEBUG    No ITS stop or start sites were identified for sequence SRR12683222.2.1, skipping.
11-05 13:12 root         DEBUG    No ITS stop or start sites were identified for sequence SRR12683222.3.1, skipping.
11-05 13:12 root         DEBUG    No ITS stop or start sites were identified for sequence SRR12683222.4.1, skipping.
11-05 13:12 root         DEBUG    No ITS stop or start sites were identified for sequence SRR12683222.5.1, skipping.
11-05 13:12 root         DEBUG    No ITS stop or start sites were identified for sequence SRR12683222.6.1, skipping.
11-05 13:12 root         DEBUG    No ITS stop or start sites were identified for sequence SRR12683222.13.1, skipping.
11-05 13:12 root         DEBUG    No ITS stop or start sites were identified for sequence SRR12683222.14.1, skipping.
11-05 13:12 root         DEBUG    No ITS stop or start sites were identified for sequence SRR12683222.15.1, skipping.
11-05 13:12 root         DEBUG    No ITS stop or start sites were identified for sequence SRR12683222.16.1, skipping.
11-05 13:12 root         DEBUG    No ITS stop or start sites were identified for sequence SRR12683222.24.1, skipping.
11-05 13:12 root         DEBUG    No ITS stop or start sites were identified for sequence SRR12683222.13.1, skipping.
11-05 13:12 root         DEBUG    No ITS stop or start sites were identified for sequence SRR12683222.13.1, skipping.
11-05 13:12 root         DEBUG    No ITS stop or start sites were identified for sequence SRR12683222.27.1, skipping.
11-05 13:12 root         DEBUG    No ITS stop or start sites were identified for sequence SRR12683222.30.1, skipping.
11-05 13:12 root         DEBUG    No ITS stop or start sites were identified for sequence SRR12683222.30.1, skipping.
11-05 13:12 root         DEBUG    No ITS stop or start sites were identified for sequence SRR12683222.30.1, skipping.
11-05 13:12 root         DEBUG    No ITS stop or start sites were identified for sequence SRR12683222.33.1, skipping.
11-05 13:12 root         DEBUG    No ITS stop or start sites were identified for sequence SRR12683222.35.1, skipping.
11-05 13:12 root         DEBUG    No ITS stop or start sites were identified for sequence SRR12683222.36.1, skipping.
11-05 13:12 root         DEBUG    No ITS stop or start sites were identified for sequence SRR12683222.37.1, skipping.
11-05 13:12 root         DEBUG    No ITS stop or start sites were identified for sequence SRR12683222.13.1, skipping.
11-05 13:12 root         DEBUG    No ITS stop or start sites were identified for sequence SRR12683222.44.1, skipping.
11-05 13:12 root         DEBUG    No ITS stop or start sites were identified for sequence SRR12683222.13.1, skipping.
11-05 13:12 root         DEBUG    No ITS stop or start sites were identified for sequence SRR12683222.24.1, skipping.
11-05 13:12 root         DEBUG    No ITS stop or start sites were identified for sequence SRR12683222.24.1, skipping.
11-05 13:12 root         DEBUG    No ITS stop or start sites were identified for sequence SRR12683222.52.1, skipping.
11-05 13:12 root         DEBUG    No ITS stop or start sites were identified for sequence SRR12683222.53.1, skipping.
11-05 13:12 root         DEBUG    No ITS stop or start sites were identified for sequence SRR12683222.54.1, skipping.
11-05 13:12 root         DEBUG    No ITS stop or start sites were identified for sequence SRR12683222.55.1, skipping.
11-05 13:12 root         DEBUG    No ITS stop or start sites were identified for sequence SRR12683222.13.1, skipping.
11-05 13:12 root         DEBUG    No ITS stop or start sites were identified for sequence SRR12683222.57.1, skipping.
11-05 13:12 root         DEBUG    No ITS stop or start sites were identified for sequence SRR12683222.24.1, skipping.
11-05 13:12 root         DEBUG    No ITS stop or start sites were identified for sequence SRR12683222.59.1, skipping.
11-05 13:12 root         DEBUG    No ITS stop or start sites were identified for sequence SRR12683222.60.1, skipping.
11-05 13:12 root         DEBUG    No ITS stop or start sites were identified for sequence SRR12683222.63.1, skipping.
11-05 13:12 root         DEBUG    No ITS stop or start sites were identified for sequence SRR12683222.13.1, skipping.
11-05 13:12 root         DEBUG    No ITS stop or start sites were identified for sequence SRR12683222.65.1, skipping.
11-05 13:12 root         DEBUG    No ITS stop or start sites were identified for sequence SRR12683222.24.1, skipping.
11-05 13:12 root         DEBUG    No ITS stop or start sites were identified for sequence SRR12683222.24.1, skipping.
11-05 13:12 root         DEBUG    No ITS stop or start sites were identified for sequence SRR12683222.69.1, skipping.
11-05 13:12 root         DEBUG    No ITS stop or start sites were identified for sequence SRR12683222.13.1, skipping.
11-05 13:12 root         DEBUG    No ITS stop or start sites were identified for sequence SRR12683222.13.1, skipping.
11-05 13:12 root         DEBUG    No ITS stop or start sites were identified for sequence SRR12683222.78.1, skipping.
11-05 13:12 root         DEBUG    No ITS stop or start sites were identified for sequence SRR12683222.79.1, skipping.
11-05 13:12 root         DEBUG    No ITS stop or start sites were identified for sequence SRR12683222.80.1, skipping.
11-05 13:12 root         DEBUG    No ITS stop or start sites were identified for sequence SRR12683222.13.1, skipping.
11-05 13:12 root         DEBUG    No ITS stop or start sites were identified for sequence SRR12683222.13.1, skipping.
11-05 13:12 root         DEBUG    No ITS stop or start sites were identified for sequence SRR12683222.13.1, skipping.
11-05 13:12 root         DEBUG    No ITS stop or start sites were identified for sequence SRR12683222.86.1, skipping.
11-05 13:12 root         DEBUG    No ITS stop or start sites were identified for sequence SRR12683222.87.1, skipping.
11-05 13:12 root         DEBUG    No ITS stop or start sites were identified for sequence SRR12683222.13.1, skipping.
11-05 13:12 root         DEBUG    No ITS stop or start sites were identified for sequence SRR12683222.91.1, skipping.
11-05 13:12 root         DEBUG    No ITS stop or start sites were identified for sequence SRR12683222.92.1, skipping.
11-05 13:12 root         DEBUG    No ITS stop or start sites were identified for sequence SRR12683222.93.1, skipping.
11-05 13:12 root         DEBUG    No ITS stop or start sites were identified for sequence SRR12683222.97.1, skipping.
11-05 13:12 root         DEBUG    No ITS stop or start sites were identified for sequence SRR12683222.13.1, skipping.
11-05 13:12 root         DEBUG    No ITS stop or start sites were identified for sequence SRR12683222.103.1, skipping.
11-05 13:12 root         DEBUG    No ITS stop or start sites were identified for sequence SRR12683222.13.1, skipping.
11-05 13:12 root         DEBUG    No ITS stop or start sites were identified for sequence SRR12683222.105.1, skipping.
11-05 13:12 root         DEBUG    No ITS stop or start sites were identified for sequence SRR12683222.13.1, skipping.
11-05 13:12 root         DEBUG    No ITS stop or start sites were identified for sequence SRR12683222.107.1, skipping.
11-05 13:12 root         DEBUG    No ITS stop or start sites were identified for sequence SRR12683222.117.1, skipping.
11-05 13:12 root         DEBUG    No ITS stop or start sites were identified for sequence SRR12683222.13.1, skipping.
11-05 13:12 root         DEBUG    No ITS stop or start sites were identified for sequence SRR12683222.80.1, skipping.
11-05 13:12 root         DEBUG    No ITS stop or start sites were identified for sequence SRR12683222.24.1, skipping.
11-05 13:12 root         DEBUG    No ITS stop or start sites were identified for sequence SRR12683222.124.1, skipping.
11-05 13:12 root         DEBUG    No ITS stop or start sites were identified for sequence SRR12683222.13.1, skipping.
11-05 13:12 root         DEBUG    No ITS stop or start sites were identified for sequence SRR12683222.24.1, skipping.
11-05 13:12 root         DEBUG    No ITS stop or start sites were identified for sequence SRR12683222.127.1, skipping.
11-05 13:12 root         DEBUG    No ITS stop or start sites were identified for sequence SRR12683222.128.1, skipping.
11-05 13:12 root         DEBUG    No ITS stop or start sites were identified for sequence SRR12683222.129.1, skipping.
11-05 13:12 root         DEBUG    No ITS stop or start sites were identified for sequence SRR12683222.130.1, skipping.
11-05 13:12 root         DEBUG    No ITS stop or start sites were identified for sequence SRR12683222.131.1, skipping.
11-05 13:12 root         DEBUG    No ITS stop or start sites were identified for sequence SRR12683222.37.1, skipping.
11-05 13:12 root         DEBUG    No ITS stop or start sites were identified for sequence SRR12683222.134.1, skipping.
11-05 13:12 root         DEBUG    No ITS stop or start sites were identified for sequence SRR12683222.135.1, skipping.
11-05 13:12 root         DEBUG    No ITS stop or start sites were identified for sequence SRR12683222.136.1, skipping.
11-05 13:12 root         DEBUG    No ITS stop or start sites were identified for sequence SRR12683222.13.1, skipping.
11-05 13:12 root         DEBUG    No ITS stop or start sites were identified for sequence SRR12683222.138.1, skipping.
11-05 13:12 root         DEBUG    No ITS stop or start sites were identified for sequence SRR12683222.13.1, skipping.
11-05 13:12 root         DEBUG    No ITS stop or start sites were identified for sequence SRR12683222.140.1, skipping.
11-05 13:12 root         DEBUG    No ITS stop or start sites were identified for sequence SRR12683222.13.1, skipping.
11-05 13:12 root         DEBUG    No ITS stop or start sites were identified for sequence SRR12683222.142.1, skipping.
11-05 13:12 root         DEBUG    No ITS stop or start sites were identified for sequence SRR12683222.143.1, skipping.
11-05 13:12 root         DEBUG    No ITS stop or start sites were identified for sequence SRR12683222.13.1, skipping.
11-05 13:12 root         DEBUG    No ITS stop or start sites were identified for sequence SRR12683222.13.1, skipping.
11-05 13:12 root         DEBUG    No ITS stop or start sites were identified for sequence SRR12683222.149.1, skipping.
11-05 13:12 root         DEBUG    No ITS stop or start sites were identified for sequence SRR12683222.24.1, skipping.
11-05 13:12 root         DEBUG    No ITS stop or start sites were identified for sequence SRR12683222.157.1, skipping.
11-05 13:12 root         DEBUG    No ITS stop or start sites were identified for sequence SRR12683222.158.1, skipping.
11-05 13:12 root         DEBUG    No ITS stop or start sites were identified for sequence SRR12683222.80.1, skipping.
11-05 13:12 root         DEBUG    No ITS stop or start sites were identified for sequence SRR12683222.24.1, skipping.
11-05 13:12 root         DEBUG    No ITS stop or start sites were identified for sequence SRR12683222.80.1, skipping.
11-05 13:12 root         DEBUG    No ITS stop or start sites were identified for sequence SRR12683222.167.1, skipping.
11-05 13:12 root         DEBUG    No ITS stop or start sites were identified for sequence SRR12683222.158.1, skipping.
11-05 13:12 root         DEBUG    No ITS stop or start sites were identified for sequence SRR12683222.37.1, skipping.
11-05 13:12 root         DEBUG    No ITS stop or start sites were identified for sequence SRR12683222.172.1, skipping.
11-05 13:12 root         DEBUG    No ITS stop or start sites were identified for sequence SRR12683222.92.1, skipping.
11-05 13:12 root         DEBUG    No ITS stop or start sites were identified for sequence SRR12683222.177.1, skipping.
11-05 13:12 root         DEBUG    No ITS stop or start sites were identified for sequence SRR12683222.178.1, skipping.
11-05 13:12 root         DEBUG    No ITS stop or start sites were identified for sequence SRR12683222.179.1, skipping.
11-05 13:12 root         DEBUG    No ITS stop or start sites were identified for sequence SRR12683222.186.1, skipping.
11-05 13:12 root         DEBUG    No ITS stop or start sites were identified for sequence SRR12683222.13.1, skipping.
11-05 13:12 root         DEBUG    No ITS stop or start sites were identified for sequence SRR12683222.13.1, skipping.
11-05 13:12 root         DEBUG    No ITS stop or start sites were identified for sequence SRR12683222.193.1, skipping.
11-05 13:12 root         DEBUG    No ITS stop or start sites were identified for sequence SRR12683222.194.1, skipping.
11-05 13:12 root         DEBUG    No ITS stop or start sites were identified for sequence SRR12683222.196.1, skipping.
11-05 13:12 root         DEBUG    No ITS stop or start sites were identified for sequence SRR12683222.199.1, skipping.
11-05 13:12 root         DEBUG    No ITS stop or start sites were identified for sequence SRR12683222.200.1, skipping.
11-05 13:12 root         DEBUG    No ITS stop or start sites were identified for sequence SRR12683222.13.1, skipping.
11-05 13:12 root         DEBUG    No ITS stop or start sites were identified for sequence SRR12683222.202.1, skipping.
11-05 13:12 root         DEBUG    No ITS stop or start sites were identified for sequence SRR12683222.24.1, skipping.
11-05 13:12 root         DEBUG    No ITS stop or start sites were identified for sequence SRR12683222.204.1, skipping.
11-05 13:12 root         DEBUG    No ITS stop or start sites were identified for sequence SRR12683222.205.1, skipping.
11-05 13:12 root         DEBUG    No ITS stop or start sites were identified for sequence SRR12683222.206.1, skipping.
11-05 13:12 root         DEBUG    No ITS stop or start sites were identified for sequence SRR12683222.207.1, skipping.
11-05 13:12 root         DEBUG    No ITS stop or start sites were identified for sequence SRR12683222.24.1, skipping.
11-05 13:12 root         DEBUG    No ITS stop or start sites were identified for sequence SRR12683222.24.1, skipping.
11-05 13:12 root         DEBUG    No ITS stop or start sites were identified for sequence SRR12683222.13.1, skipping.
11-05 13:12 root         DEBUG    No ITS stop or start sites were identified for sequence SRR12683222.213.1, skipping.
11-05 13:12 root         DEBUG    No ITS stop or start sites were identified for sequence SRR12683222.214.1, skipping.
11-05 13:12 root         DEBUG    No ITS stop or start sites were identified for sequence SRR12683222.37.1, skipping.
11-05 13:12 root         DEBUG    No ITS stop or start sites were identified for sequence SRR12683222.220.1, skipping.
11-05 13:12 root         DEBUG    No ITS stop or start sites were identified for sequence SRR12683222.80.1, skipping.
11-05 13:12 root         DEBUG    No ITS stop or start sites were identified for sequence SRR12683222.222.1, skipping.
11-05 13:12 root         DEBUG    No ITS stop or start sites were identified for sequence SRR12683222.224.1, skipping.
11-05 13:12 root         DEBUG    No ITS stop or start sites were identified for sequence SRR12683222.225.1, skipping.
11-05 13:12 root         DEBUG    No ITS stop or start sites were identified for sequence SRR12683222.24.1, skipping.
11-05 13:12 root         DEBUG    No ITS stop or start sites were identified for sequence SRR12683222.24.1, skipping.
11-05 13:12 root         DEBUG    No ITS stop or start sites were identified for sequence SRR12683222.24.1, skipping.
11-05 13:12 root         DEBUG    No ITS stop or start sites were identified for sequence SRR12683222.24.1, skipping.
11-05 13:12 root         DEBUG    No ITS stop or start sites were identified for sequence SRR12683222.234.1, skipping.
11-05 13:12 root         DEBUG    No ITS stop or start sites were identified for sequence SRR12683222.179.1, skipping.
11-05 13:12 root         DEBUG    No ITS stop or start sites were identified for sequence SRR12683222.80.1, skipping.
11-05 13:12 root         DEBUG    No ITS stop or start sites were identified for sequence SRR12683222.239.1, skipping.
11-05 13:12 root         DEBUG    No ITS stop or start sites were identified for sequence SRR12683222.80.1, skipping.
11-05 13:12 root         DEBUG    No ITS stop or start sites were identified for sequence SRR12683222.13.1, skipping.
11-05 13:12 root         DEBUG    No ITS stop or start sites were identified for sequence SRR12683222.13.1, skipping.
11-05 13:12 root         DEBUG    No ITS stop or start sites were identified for sequence SRR12683222.24.1, skipping.
11-05 13:12 root         DEBUG    No ITS stop or start sites were identified for sequence SRR12683222.13.1, skipping.
11-05 13:12 root         DEBUG    No ITS stop or start sites were identified for sequence SRR12683222.249.1, skipping.
11-05 13:12 root         DEBUG    No ITS stop or start sites were identified for sequence SRR12683222.13.1, skipping.
11-05 13:12 root         DEBUG    No ITS stop or start sites were identified for sequence SRR12683222.13.1, skipping.
11-05 13:12 root         DEBUG    No ITS stop or start sites were identified for sequence SRR12683222.13.1, skipping.
11-05 13:12 root         DEBUG    No ITS stop or start sites were identified for sequence SRR12683222.259.1, skipping.
11-05 13:12 root         DEBUG    No ITS stop or start sites were identified for sequence SRR12683222.264.1, skipping.
11-05 13:12 root         DEBUG    No ITS stop or start sites were identified for sequence SRR12683222.266.1, skipping.
11-05 13:12 root         DEBUG    No ITS stop or start sites were identified for sequence SRR12683222.267.1, skipping.
11-05 13:12 root         DEBUG    No ITS stop or start sites were identified for sequence SRR12683222.268.1, skipping.
11-05 13:12 root         DEBUG    No ITS stop or start sites were identified for sequence SRR12683222.272.1, skipping.
11-05 13:12 root         DEBUG    No ITS stop or start sites were identified for sequence SRR12683222.273.1, skipping.
11-05 13:12 root         DEBUG    No ITS stop or start sites were identified for sequence SRR12683222.280.1, skipping.
11-05 13:12 root         DEBUG    No ITS stop or start sites were identified for sequence SRR12683222.281.1, skipping.
11-05 13:12 root         DEBUG    No ITS stop or start sites were identified for sequence SRR12683222.284.1, skipping.
11-05 13:12 root         DEBUG    No ITS stop or start sites were identified for sequence SRR12683222.24.1, skipping.
11-05 13:12 root         DEBUG    No ITS stop or start sites were identified for sequence SRR12683222.24.1, skipping.
11-05 13:12 root         DEBUG    No ITS stop or start sites were identified for sequence SRR12683222.24.1, skipping.
11-05 13:12 root         DEBUG    No ITS stop or start sites were identified for sequence SRR12683222.288.1, skipping.
11-05 13:12 root         DEBUG    No ITS stop or start sites were identified for sequence SRR12683222.289.1, skipping.
11-05 13:12 root         DEBUG    No ITS stop or start sites were identified for sequence SRR12683222.292.1, skipping.
11-05 13:12 root         DEBUG    No ITS stop or start sites were identified for sequence SRR12683222.293.1, skipping.
11-05 13:12 root         DEBUG    No ITS stop or start sites were identified for sequence SRR12683222.294.1, skipping.
11-05 13:12 root         DEBUG    No ITS stop or start sites were identified for sequence SRR12683222.295.1, skipping.
11-05 13:12 root         DEBUG    No ITS stop or start sites were identified for sequence SRR12683222.296.1, skipping.
11-05 13:12 root         DEBUG    No ITS stop or start sites were identified for sequence SRR12683222.297.1, skipping.
11-05 13:12 root         DEBUG    No ITS stop or start sites were identified for sequence SRR12683222.13.1, skipping.
11-05 13:12 root         DEBUG    No ITS stop or start sites were identified for sequence SRR12683222.299.1, skipping.
11-05 13:12 root         DEBUG    No ITS stop or start sites were identified for sequence SRR12683222.303.1, skipping.
11-05 13:12 root         DEBUG    No ITS stop or start sites were identified for sequence SRR12683222.24.1, skipping.
11-05 13:12 root         DEBUG    No ITS stop or start sites were identified for sequence SRR12683222.305.1, skipping.
11-05 13:12 root         DEBUG    No ITS stop or start sites were identified for sequence SRR12683222.13.1, skipping.
11-05 13:12 root         DEBUG    No ITS stop or start sites were identified for sequence SRR12683222.307.1, skipping.
11-05 13:12 root         DEBUG    No ITS stop or start sites were identified for sequence SRR12683222.13.1, skipping.
11-05 13:12 root         DEBUG    No ITS stop or start sites were identified for sequence SRR12683222.318.1, skipping.
11-05 13:12 root         DEBUG    No ITS stop or start sites were identified for sequence SRR12683222.321.1, skipping.
11-05 13:12 root         DEBUG    No ITS stop or start sites were identified for sequence SRR12683222.322.1, skipping.
11-05 13:12 root         DEBUG    No ITS stop or start sites were identified for sequence SRR12683222.324.1, skipping.
11-05 13:12 root         DEBUG    No ITS stop or start sites were identified for sequence SRR12683222.326.1, skipping.
11-05 13:12 root         DEBUG    No ITS stop or start sites were identified for sequence SRR12683222.327.1, skipping.
11-05 13:12 root         DEBUG    No ITS stop or start sites were identified for sequence SRR12683222.328.1, skipping.
11-05 13:12 root         DEBUG    No ITS stop or start sites were identified for sequence SRR12683222.329.1, skipping.
11-05 13:12 root         DEBUG    No ITS stop or start sites were identified for sequence SRR12683222.330.1, skipping.
11-05 13:12 root         DEBUG    No ITS stop or start sites were identified for sequence SRR12683222.13.1, skipping.
11-05 13:12 root         DEBUG    No ITS stop or start sites were identified for sequence SRR12683222.13.1, skipping.
11-05 13:12 root         DEBUG    No ITS stop or start sites were identified for sequence SRR12683222.334.1, skipping.
11-05 13:12 root         DEBUG    No ITS stop or start sites were identified for sequence SRR12683222.13.1, skipping.
11-05 13:12 root         DEBUG    No ITS stop or start sites were identified for sequence SRR12683222.338.1, skipping.
11-05 13:12 root         DEBUG    No ITS stop or start sites were identified for sequence SRR12683222.268.1, skipping.
11-05 13:12 root         DEBUG    No ITS stop or start sites were identified for sequence SRR12683222.340.1, skipping.
11-05 13:12 root         DEBUG    No ITS stop or start sites were identified for sequence SRR12683222.341.1, skipping.
11-05 13:12 root         DEBUG    No ITS stop or start sites were identified for sequence SRR12683222.342.1, skipping.
11-05 13:12 root         DEBUG    No ITS stop or start sites were identified for sequence SRR12683222.343.1, skipping.
11-05 13:12 root         DEBUG    No ITS stop or start sites were identified for sequence SRR12683222.13.1, skipping.
11-05 13:12 root         DEBUG    No ITS stop or start sites were identified for sequence SRR12683222.345.1, skipping.
11-05 13:12 root         DEBUG    No ITS stop or start sites were identified for sequence SRR12683222.13.1, skipping.
11-05 13:12 root         DEBUG    No ITS stop or start sites were identified for sequence SRR12683222.80.1, skipping.
11-05 13:12 root         DEBUG    No ITS stop or start sites were identified for sequence SRR12683222.348.1, skipping.
11-05 13:12 root         DEBUG    No ITS stop or start sites were identified for sequence SRR12683222.349.1, skipping.
11-05 13:12 root         DEBUG    No ITS stop or start sites were identified for sequence SRR12683222.350.1, skipping.
11-05 13:12 root         DEBUG    No ITS stop or start sites were identified for sequence SRR12683222.351.1, skipping.
11-05 13:12 root         DEBUG    No ITS stop or start sites were identified for sequence SRR12683222.352.1, skipping.
11-05 13:12 root         DEBUG    No ITS stop or start sites were identified for sequence SRR12683222.354.1, skipping.
11-05 13:12 root         DEBUG    No ITS stop or start sites were identified for sequence SRR12683222.355.1, skipping.
11-05 13:12 root         DEBUG    No ITS stop or start sites were identified for sequence SRR12683222.356.1, skipping.
11-05 13:12 root         DEBUG    No ITS stop or start sites were identified for sequence SRR12683222.80.1, skipping.
11-05 13:12 root         DEBUG    No ITS stop or start sites were identified for sequence SRR12683222.24.1, skipping.
11-05 13:12 root         DEBUG    No ITS stop or start sites were identified for sequence SRR12683222.268.1, skipping.
11-05 13:12 root         DEBUG    No ITS stop or start sites were identified for sequence SRR12683222.268.1, skipping.
11-05 13:12 root         DEBUG    No ITS stop or start sites were identified for sequence SRR12683222.367.1, skipping.
11-05 13:12 root         DEBUG    No ITS stop or start sites were identified for sequence SRR12683222.368.1, skipping.
11-05 13:12 root         DEBUG    No ITS stop or start sites were identified for sequence SRR12683222.13.1, skipping.
11-05 13:12 root         DEBUG    No ITS stop or start sites were identified for sequence SRR12683222.372.1, skipping.
11-05 13:12 root         DEBUG    No ITS stop or start sites were identified for sequence SRR12683222.24.1, skipping.
11-05 13:12 root         DEBUG    No ITS stop or start sites were identified for sequence SRR12683222.374.1, skipping.
11-05 13:12 root         DEBUG    No ITS stop or start sites were identified for sequence SRR12683222.375.1, skipping.
11-05 13:12 root         DEBUG    No ITS stop or start sites were identified for sequence SRR12683222.13.1, skipping.
11-05 13:12 root         DEBUG    No ITS stop or start sites were identified for sequence SRR12683222.384.1, skipping.
11-05 13:12 root         DEBUG    No ITS stop or start sites were identified for sequence SRR12683222.385.1, skipping.
11-05 13:12 root         DEBUG    No ITS stop or start sites were identified for sequence SRR12683222.158.1, skipping.
11-05 13:12 root         DEBUG    No ITS stop or start sites were identified for sequence SRR12683222.390.1, skipping.
11-05 13:12 root         DEBUG    No ITS stop or start sites were identified for sequence SRR12683222.391.1, skipping.
11-05 13:12 root         DEBUG    No ITS stop or start sites were identified for sequence SRR12683222.400.1, skipping.
11-05 13:12 root         DEBUG    No ITS stop or start sites were identified for sequence SRR12683222.268.1, skipping.
11-05 13:12 root         DEBUG    No ITS stop or start sites were identified for sequence SRR12683222.404.1, skipping.
11-05 13:12 root         DEBUG    No ITS stop or start sites were identified for sequence SRR12683222.268.1, skipping.
11-05 13:12 root         DEBUG    No ITS stop or start sites were identified for sequence SRR12683222.406.1, skipping.
11-05 13:12 root         DEBUG    No ITS stop or start sites were identified for sequence SRR12683222.69.1, skipping.
11-05 13:12 root         DEBUG    No ITS stop or start sites were identified for sequence SRR12683222.24.1, skipping.
11-05 13:12 root         DEBUG    No ITS stop or start sites were identified for sequence SRR12683222.409.1, skipping.
11-05 13:12 root         DEBUG    No ITS stop or start sites were identified for sequence SRR12683222.412.1, skipping.
11-05 13:12 root         DEBUG    No ITS stop or start sites were identified for sequence SRR12683222.413.1, skipping.
11-05 13:12 root         DEBUG    No ITS stop or start sites were identified for sequence SRR12683222.13.1, skipping.
11-05 13:12 root         DEBUG    No ITS stop or start sites were identified for sequence SRR12683222.416.1, skipping.
11-05 13:12 root         DEBUG    No ITS stop or start sites were identified for sequence SRR12683222.167.1, skipping.
11-05 13:12 root         DEBUG    No ITS stop or start sites were identified for sequence SRR12683222.418.1, skipping.
11-05 13:12 root         DEBUG    No ITS stop or start sites were identified for sequence SRR12683222.419.1, skipping.
11-05 13:12 root         DEBUG    No ITS stop or start sites were identified for sequence SRR12683222.13.1, skipping.
11-05 13:12 root         DEBUG    No ITS stop or start sites were identified for sequence SRR12683222.80.1, skipping.
11-05 13:12 root         DEBUG    No ITS stop or start sites were identified for sequence SRR12683222.24.1, skipping.
11-05 13:12 root         DEBUG    No ITS stop or start sites were identified for sequence SRR12683222.423.1, skipping.
11-05 13:12 root         DEBUG    No ITS stop or start sites were identified for sequence SRR12683222.80.1, skipping.
11-05 13:12 root         DEBUG    No ITS stop or start sites were identified for sequence SRR12683222.425.1, skipping.
11-05 13:12 root         DEBUG    No ITS stop or start sites were identified for sequence SRR12683222.426.1, skipping.
11-05 13:12 root         DEBUG    No ITS stop or start sites were identified for sequence SRR12683222.430.1, skipping.
11-05 13:12 root         DEBUG    No ITS stop or start sites were identified for sequence SRR12683222.435.1, skipping.
11-05 13:12 root         DEBUG    No ITS stop or start sites were identified for sequence SRR12683222.436.1, skipping.
11-05 13:12 root         DEBUG    No ITS stop or start sites were identified for sequence SRR12683222.437.1, skipping.
11-05 13:12 root         DEBUG    No ITS stop or start sites were identified for sequence SRR12683222.440.1, skipping.
11-05 13:12 root         DEBUG    No ITS stop or start sites were identified for sequence SRR12683222.13.1, skipping.
11-05 13:12 root         DEBUG    No ITS stop or start sites were identified for sequence SRR12683222.443.1, skipping.
11-05 13:12 root         DEBUG    No ITS stop or start sites were identified for sequence SRR12683222.444.1, skipping.
11-05 13:12 root         DEBUG    No ITS stop or start sites were identified for sequence SRR12683222.24.1, skipping.
11-05 13:12 root         DEBUG    No ITS stop or start sites were identified for sequence SRR12683222.446.1, skipping.
11-05 13:12 root         DEBUG    No ITS stop or start sites were identified for sequence SRR12683222.447.1, skipping.
11-05 13:12 root         DEBUG    No ITS stop or start sites were identified for sequence SRR12683222.449.1, skipping.
11-05 13:12 root         DEBUG    No ITS stop or start sites were identified for sequence SRR12683222.450.1, skipping.
11-05 13:12 root         DEBUG    No ITS stop or start sites were identified for sequence SRR12683222.451.1, skipping.
11-05 13:12 root         DEBUG    No ITS stop or start sites were identified for sequence SRR12683222.453.1, skipping.
11-05 13:12 root         DEBUG    No ITS stop or start sites were identified for sequence SRR12683222.455.1, skipping.
11-05 13:12 root         DEBUG    No ITS stop or start sites were identified for sequence SRR12683222.456.1, skipping.
11-05 13:12 root         DEBUG    No ITS stop or start sites were identified for sequence SRR12683222.457.1, skipping.
11-05 13:12 root         DEBUG    No ITS stop or start sites were identified for sequence SRR12683222.24.1, skipping.
11-05 13:12 root         DEBUG    No ITS stop or start sites were identified for sequence SRR12683222.461.1, skipping.
11-05 13:12 root         DEBUG    No ITS stop or start sites were identified for sequence SRR12683222.24.1, skipping.
11-05 13:12 root         DEBUG    No ITS stop or start sites were identified for sequence SRR12683222.24.1, skipping.
11-05 13:12 root         DEBUG    No ITS stop or start sites were identified for sequence SRR12683222.464.1, skipping.
11-05 13:12 root         DEBUG    No ITS stop or start sites were identified for sequence SRR12683222.465.1, skipping.
11-05 13:12 root         DEBUG    No ITS stop or start sites were identified for sequence SRR12683222.466.1, skipping.
11-05 13:12 root         DEBUG    No ITS stop or start sites were identified for sequence SRR12683222.467.1, skipping.
11-05 13:12 root         DEBUG    No ITS stop or start sites were identified for sequence SRR12683222.468.1, skipping.
11-05 13:12 root         DEBUG    No ITS stop or start sites were identified for sequence SRR12683222.469.1, skipping.
11-05 13:12 root         DEBUG    No ITS stop or start sites were identified for sequence SRR12683222.470.1, skipping.
11-05 13:12 root         DEBUG    No ITS stop or start sites were identified for sequence SRR12683222.471.1, skipping.
11-05 13:12 root         DEBUG    No ITS stop or start sites were identified for sequence SRR12683222.24.1, skipping.
11-05 13:12 root         DEBUG    No ITS stop or start sites were identified for sequence SRR12683222.345.1, skipping.
11-05 13:12 root         DEBUG    No ITS stop or start sites were identified for sequence SRR12683222.483.1, skipping.
11-05 13:12 root         DEBUG    No ITS stop or start sites were identified for sequence SRR12683222.484.1, skipping.
11-05 13:12 root         DEBUG    No ITS stop or start sites were identified for sequence SRR12683222.80.1, skipping.
11-05 13:12 root         DEBUG    No ITS stop or start sites were identified for sequence SRR12683222.493.1, skipping.
11-05 13:12 root         DEBUG    No ITS stop or start sites were identified for sequence SRR12683222.167.1, skipping.
11-05 13:12 root         DEBUG    No ITS stop or start sites were identified for sequence SRR12683222.495.1, skipping.
11-05 13:12 root         DEBUG    No ITS stop or start sites were identified for sequence SRR12683222.498.1, skipping.
11-05 13:12 root         DEBUG    No ITS stop or start sites were identified for sequence SRR12683222.13.1, skipping.
11-05 13:12 root         DEBUG    No ITS stop or start sites were identified for sequence SRR12683222.502.1, skipping.
11-05 13:12 root         DEBUG    No ITS stop or start sites were identified for sequence SRR12683222.80.1, skipping.
11-05 13:12 root         DEBUG    No ITS stop or start sites were identified for sequence SRR12683222.510.1, skipping.
11-05 13:12 root         DEBUG    No ITS stop or start sites were identified for sequence SRR12683222.13.1, skipping.
11-05 13:12 root         DEBUG    No ITS stop or start sites were identified for sequence SRR12683222.518.1, skipping.
11-05 13:12 root         DEBUG    No ITS stop or start sites were identified for sequence SRR12683222.519.1, skipping.
11-05 13:12 root         DEBUG    No ITS stop or start sites were identified for sequence SRR12683222.24.1, skipping.
11-05 13:12 root         DEBUG    No ITS stop or start sites were identified for sequence SRR12683222.13.1, skipping.
11-05 13:12 root         DEBUG    No ITS stop or start sites were identified for sequence SRR12683222.532.1, skipping.
11-05 13:12 root         DEBUG    No ITS stop or start sites were identified for sequence SRR12683222.13.1, skipping.
11-05 13:12 root         DEBUG    No ITS stop or start sites were identified for sequence SRR12683222.534.1, skipping.
11-05 13:12 root         DEBUG    No ITS stop or start sites were identified for sequence SRR12683222.13.1, skipping.
11-05 13:12 root         DEBUG    No ITS stop or start sites were identified for sequence SRR12683222.536.1, skipping.
11-05 13:12 root         DEBUG    No ITS stop or start sites were identified for sequence SRR12683222.537.1, skipping.
11-05 13:12 root         DEBUG    No ITS stop or start sites were identified for sequence SRR12683222.538.1, skipping.
11-05 13:12 root         DEBUG    No ITS stop or start sites were identified for sequence SRR12683222.419.1, skipping.
11-05 13:12 root         DEBUG    No ITS stop or start sites were identified for sequence SRR12683222.543.1, skipping.
11-05 13:12 root         DEBUG    No ITS stop or start sites were identified for sequence SRR12683222.544.1, skipping.
11-05 13:12 root         DEBUG    No ITS stop or start sites were identified for sequence SRR12683222.13.1, skipping.
11-05 13:12 root         DEBUG    No ITS stop or start sites were identified for sequence SRR12683222.546.1, skipping.
11-05 13:12 root         DEBUG    No ITS stop or start sites were identified for sequence SRR12683222.13.1, skipping.
11-05 13:12 root         DEBUG    No ITS stop or start sites were identified for sequence SRR12683222.13.1, skipping.
11-05 13:12 root         DEBUG    No ITS stop or start sites were identified for sequence SRR12683222.550.1, skipping.
11-05 13:12 root         DEBUG    No ITS stop or start sites were identified for sequence SRR12683222.24.1, skipping.
11-05 13:12 root         DEBUG    No ITS stop or start sites were identified for sequence SRR12683222.552.1, skipping.
11-05 13:12 root         DEBUG    No ITS stop or start sites were identified for sequence SRR12683222.13.1, skipping.
11-05 13:12 root         DEBUG    No ITS stop or start sites were identified for sequence SRR12683222.555.1, skipping.
11-05 13:12 root         DEBUG    No ITS stop or start sites were identified for sequence SRR12683222.556.1, skipping.
11-05 13:12 root         DEBUG    No ITS stop or start sites were identified for sequence SRR12683222.37.1, skipping.
11-05 13:12 root         DEBUG    No ITS stop or start sites were identified for sequence SRR12683222.37.1, skipping.
11-05 13:12 root         DEBUG    No ITS stop or start sites were identified for sequence SRR12683222.24.1, skipping.
11-05 13:12 root         DEBUG    No ITS stop or start sites were identified for sequence SRR12683222.560.1, skipping.
11-05 13:12 root         DEBUG    No ITS stop or start sites were identified for sequence SRR12683222.349.1, skipping.
11-05 13:12 root         DEBUG    No ITS stop or start sites were identified for sequence SRR12683222.13.1, skipping.
11-05 13:12 root         DEBUG    No ITS stop or start sites were identified for sequence SRR12683222.565.1, skipping.
11-05 13:12 root         DEBUG    No ITS stop or start sites were identified for sequence SRR12683222.37.1, skipping.
11-05 13:12 root         DEBUG    No ITS stop or start sites were identified for sequence SRR12683222.570.1, skipping.
11-05 13:12 root         DEBUG    No ITS stop or start sites were identified for sequence SRR12683222.13.1, skipping.
11-05 13:12 root         DEBUG    No ITS stop or start sites were identified for sequence SRR12683222.24.1, skipping.
11-05 13:12 root         DEBUG    No ITS stop or start sites were identified for sequence SRR12683222.574.1, skipping.
11-05 13:12 root         DEBUG    No ITS stop or start sites were identified for sequence SRR12683222.575.1, skipping.
11-05 13:12 root         DEBUG    No ITS stop or start sites were identified for sequence SRR12683222.578.1, skipping.
11-05 13:12 root         DEBUG    No ITS stop or start sites were identified for sequence SRR12683222.582.1, skipping.
11-05 13:12 root         DEBUG    No ITS stop or start sites were identified for sequence SRR12683222.583.1, skipping.
11-05 13:12 root         DEBUG    No ITS stop or start sites were identified for sequence SRR12683222.587.1, skipping.
11-05 13:12 root         DEBUG    No ITS stop or start sites were identified for sequence SRR12683222.13.1, skipping.
11-05 13:12 root         DEBUG    No ITS stop or start sites were identified for sequence SRR12683222.589.1, skipping.
11-05 13:12 root         DEBUG    No ITS stop or start sites were identified for sequence SRR12683222.13.1, skipping.
11-05 13:12 root         DEBUG    No ITS stop or start sites were identified for sequence SRR12683222.447.1, skipping.
11-05 13:12 root         DEBUG    No ITS stop or start sites were identified for sequence SRR12683222.13.1, skipping.
11-05 13:12 root         DEBUG    No ITS stop or start sites were identified for sequence SRR12683222.13.1, skipping.
11-05 13:12 root         DEBUG    No ITS stop or start sites were identified for sequence SRR12683222.594.1, skipping.
11-05 13:12 root         DEBUG    No ITS stop or start sites were identified for sequence SRR12683222.595.1, skipping.
11-05 13:12 root         DEBUG    No ITS stop or start sites were identified for sequence SRR12683222.604.1, skipping.
11-05 13:12 root         DEBUG    No ITS stop or start sites were identified for sequence SRR12683222.605.1, skipping.
11-05 13:12 root         DEBUG    No ITS stop or start sites were identified for sequence SRR12683222.606.1, skipping.
11-05 13:12 root         DEBUG    No ITS stop or start sites were identified for sequence SRR12683222.607.1, skipping.
11-05 13:12 root         DEBUG    No ITS stop or start sites were identified for sequence SRR12683222.24.1, skipping.
11-05 13:12 root         DEBUG    No ITS stop or start sites were identified for sequence SRR12683222.610.1, skipping.
11-05 13:12 root         DEBUG    No ITS stop or start sites were identified for sequence SRR12683222.611.1, skipping.
11-05 13:12 root         DEBUG    No ITS stop or start sites were identified for sequence SRR12683222.612.1, skipping.
11-05 13:12 root         DEBUG    No ITS stop or start sites were identified for sequence SRR12683222.13.1, skipping.
11-05 13:12 root         DEBUG    No ITS stop or start sites were identified for sequence SRR12683222.13.1, skipping.
11-05 13:12 root         DEBUG    No ITS stop or start sites were identified for sequence SRR12683222.622.1, skipping.
11-05 13:12 root         DEBUG    No ITS stop or start sites were identified for sequence SRR12683222.623.1, skipping.
11-05 13:12 root         DEBUG    No ITS stop or start sites were identified for sequence SRR12683222.624.1, skipping.
11-05 13:12 root         DEBUG    No ITS stop or start sites were identified for sequence SRR12683222.626.1, skipping.
11-05 13:12 root         DEBUG    No ITS stop or start sites were identified for sequence SRR12683222.24.1, skipping.
11-05 13:12 root         DEBUG    No ITS stop or start sites were identified for sequence SRR12683222.13.1, skipping.
11-05 13:12 root         DEBUG    No ITS stop or start sites were identified for sequence SRR12683222.632.1, skipping.
11-05 13:12 root         DEBUG    No ITS stop or start sites were identified for sequence SRR12683222.633.1, skipping.
11-05 13:12 root         DEBUG    No ITS stop or start sites were identified for sequence SRR12683222.634.1, skipping.
11-05 13:12 root         DEBUG    No ITS stop or start sites were identified for sequence SRR12683222.635.1, skipping.
11-05 13:12 root         DEBUG    No ITS stop or start sites were identified for sequence SRR12683222.13.1, skipping.
11-05 13:12 root         DEBUG    No ITS stop or start sites were identified for sequence SRR12683222.640.1, skipping.
11-05 13:12 root         DEBUG    No ITS stop or start sites were identified for sequence SRR12683222.642.1, skipping.
11-05 13:12 root         DEBUG    No ITS stop or start sites were identified for sequence SRR12683222.13.1, skipping.
11-05 13:12 root         DEBUG    No ITS stop or start sites were identified for sequence SRR12683222.13.1, skipping.
11-05 13:12 root         DEBUG    No ITS stop or start sites were identified for sequence SRR12683222.13.1, skipping.
11-05 13:12 root         DEBUG    No ITS stop or start sites were identified for sequence SRR12683222.648.1, skipping.
11-05 13:12 root         DEBUG    No ITS stop or start sites were identified for sequence SRR12683222.13.1, skipping.
11-05 13:12 root         DEBUG    No ITS stop or start sites were identified for sequence SRR12683222.13.1, skipping.
11-05 13:12 root         DEBUG    No ITS stop or start sites were identified for sequence SRR12683222.13.1, skipping.
11-05 13:12 root         DEBUG    No ITS stop or start sites were identified for sequence SRR12683222.13.1, skipping.
11-05 13:12 root         DEBUG    No ITS stop or start sites were identified for sequence SRR12683222.13.1, skipping.
11-05 13:12 root         DEBUG    No ITS stop or start sites were identified for sequence SRR12683222.659.1, skipping.
11-05 13:12 root         DEBUG    No ITS stop or start sites were identified for sequence SRR12683222.13.1, skipping.
11-05 13:12 root         DEBUG    No ITS stop or start sites were identified for sequence SRR12683222.661.1, skipping.
11-05 13:12 root         DEBUG    No ITS stop or start sites were identified for sequence SRR12683222.662.1, skipping.
11-05 13:12 root         DEBUG    No ITS stop or start sites were identified for sequence SRR12683222.663.1, skipping.
11-05 13:12 root         DEBUG    No ITS stop or start sites were identified for sequence SRR12683222.668.1, skipping.
11-05 13:12 root         DEBUG    No ITS stop or start sites were identified for sequence SRR12683222.24.1, skipping.
11-05 13:12 root         DEBUG    No ITS stop or start sites were identified for sequence SRR12683222.37.1, skipping.
11-05 13:12 root         DEBUG    No ITS stop or start sites were identified for sequence SRR12683222.671.1, skipping.
11-05 13:12 root         DEBUG    No ITS stop or start sites were identified for sequence SRR12683222.13.1, skipping.
11-05 13:12 root         DEBUG    No ITS stop or start sites were identified for sequence SRR12683222.675.1, skipping.
11-05 13:12 root         DEBUG    No ITS stop or start sites were identified for sequence SRR12683222.13.1, skipping.
11-05 13:12 root         DEBUG    No ITS stop or start sites were identified for sequence SRR12683222.80.1, skipping.
11-05 13:12 root         DEBUG    No ITS stop or start sites were identified for sequence SRR12683222.688.1, skipping.
11-05 13:12 root         DEBUG    No ITS stop or start sites were identified for sequence SRR12683222.689.1, skipping.
11-05 13:12 root         DEBUG    No ITS stop or start sites were identified for sequence SRR12683222.80.1, skipping.
11-05 13:12 root         DEBUG    No ITS stop or start sites were identified for sequence SRR12683222.13.1, skipping.
11-05 13:12 root         DEBUG    No ITS stop or start sites were identified for sequence SRR12683222.693.1, skipping.
11-05 13:12 root         DEBUG    No ITS stop or start sites were identified for sequence SRR12683222.694.1, skipping.
11-05 13:12 root         DEBUG    No ITS stop or start sites were identified for sequence SRR12683222.695.1, skipping.
11-05 13:12 root         DEBUG    No ITS stop or start sites were identified for sequence SRR12683222.698.1, skipping.
11-05 13:12 root         DEBUG    No ITS stop or start sites were identified for sequence SRR12683222.13.1, skipping.
11-05 13:12 root         DEBUG    No ITS stop or start sites were identified for sequence SRR12683222.700.1, skipping.
11-05 13:12 root         DEBUG    No ITS stop or start sites were identified for sequence SRR12683222.13.1, skipping.
11-05 13:12 root         DEBUG    No ITS stop or start sites were identified for sequence SRR12683222.13.1, skipping.
11-05 13:12 root         DEBUG    No ITS stop or start sites were identified for sequence SRR12683222.24.1, skipping.
11-05 13:12 root         DEBUG    No ITS stop or start sites were identified for sequence SRR12683222.709.1, skipping.
11-05 13:12 root         DEBUG    No ITS stop or start sites were identified for sequence SRR12683222.13.1, skipping.
11-05 13:12 root         DEBUG    No ITS stop or start sites were identified for sequence SRR12683222.13.1, skipping.
11-05 13:12 root         DEBUG    No ITS stop or start sites were identified for sequence SRR12683222.13.1, skipping.
11-05 13:12 root         DEBUG    No ITS stop or start sites were identified for sequence SRR12683222.718.1, skipping.
11-05 13:12 root         DEBUG    No ITS stop or start sites were identified for sequence SRR12683222.80.1, skipping.
11-05 13:12 root         DEBUG    No ITS stop or start sites were identified for sequence SRR12683222.447.1, skipping.
11-05 13:12 root         DEBUG    No ITS stop or start sites were identified for sequence SRR12683222.725.1, skipping.
11-05 13:12 root         DEBUG    No ITS stop or start sites were identified for sequence SRR12683222.447.1, skipping.
11-05 13:12 root         DEBUG    No ITS stop or start sites were identified for sequence SRR12683222.24.1, skipping.
11-05 13:12 root         DEBUG    No ITS stop or start sites were identified for sequence SRR12683222.730.1, skipping.
11-05 13:12 root         DEBUG    No ITS stop or start sites were identified for sequence SRR12683222.24.1, skipping.
11-05 13:12 root         DEBUG    No ITS stop or start sites were identified for sequence SRR12683222.736.1, skipping.
11-05 13:12 root         DEBUG    No ITS stop or start sites were identified for sequence SRR12683222.13.1, skipping.
11-05 13:12 root         DEBUG    No ITS stop or start sites were identified for sequence SRR12683222.742.1, skipping.
11-05 13:12 root         DEBUG    No ITS stop or start sites were identified for sequence SRR12683222.743.1, skipping.
11-05 13:12 root         DEBUG    No ITS stop or start sites were identified for sequence SRR12683222.749.1, skipping.
11-05 13:12 root         DEBUG    No ITS stop or start sites were identified for sequence SRR12683222.750.1, skipping.
11-05 13:12 root         DEBUG    No ITS stop or start sites were identified for sequence SRR12683222.755.1, skipping.
11-05 13:12 root         DEBUG    No ITS stop or start sites were identified for sequence SRR12683222.13.1, skipping.
11-05 13:12 root         DEBUG    No ITS stop or start sites were identified for sequence SRR12683222.757.1, skipping.
11-05 13:12 root         DEBUG    No ITS stop or start sites were identified for sequence SRR12683222.13.1, skipping.
11-05 13:12 root         DEBUG    No ITS stop or start sites were identified for sequence SRR12683222.13.1, skipping.
11-05 13:12 root         DEBUG    No ITS stop or start sites were identified for sequence SRR12683222.763.1, skipping.
11-05 13:12 root         DEBUG    No ITS stop or start sites were identified for sequence SRR12683222.764.1, skipping.
11-05 13:12 root         DEBUG    No ITS stop or start sites were identified for sequence SRR12683222.765.1, skipping.
11-05 13:12 root         DEBUG    No ITS stop or start sites were identified for sequence SRR12683222.766.1, skipping.
11-05 13:12 root         DEBUG    No ITS stop or start sites were identified for sequence SRR12683222.767.1, skipping.
11-05 13:12 root         DEBUG    No ITS stop or start sites were identified for sequence SRR12683222.768.1, skipping.
11-05 13:12 root         DEBUG    No ITS stop or start sites were identified for sequence SRR12683222.769.1, skipping.
11-05 13:12 root         DEBUG    No ITS stop or start sites were identified for sequence SRR12683222.239.1, skipping.
11-05 13:12 root         DEBUG    No ITS stop or start sites were identified for sequence SRR12683222.771.1, skipping.
11-05 13:12 root         DEBUG    No ITS stop or start sites were identified for sequence SRR12683222.24.1, skipping.
11-05 13:12 root         DEBUG    No ITS stop or start sites were identified for sequence SRR12683222.776.1, skipping.
11-05 13:12 root         DEBUG    No ITS stop or start sites were identified for sequence SRR12683222.13.1, skipping.
11-05 13:12 root         DEBUG    No ITS stop or start sites were identified for sequence SRR12683222.779.1, skipping.
11-05 13:12 root         DEBUG    No ITS stop or start sites were identified for sequence SRR12683222.179.1, skipping.
11-05 13:12 root         DEBUG    No ITS stop or start sites were identified for sequence SRR12683222.781.1, skipping.
11-05 13:12 root         DEBUG    No ITS stop or start sites were identified for sequence SRR12683222.24.1, skipping.
11-05 13:12 root         DEBUG    No ITS stop or start sites were identified for sequence SRR12683222.787.1, skipping.
11-05 13:12 root         DEBUG    No ITS stop or start sites were identified for sequence SRR12683222.13.1, skipping.
11-05 13:12 root         DEBUG    No ITS stop or start sites were identified for sequence SRR12683222.791.1, skipping.
11-05 13:12 root         DEBUG    No ITS stop or start sites were identified for sequence SRR12683222.13.1, skipping.
11-05 13:12 root         DEBUG    No ITS stop or start sites were identified for sequence SRR12683222.793.1, skipping.
11-05 13:12 root         DEBUG    No ITS stop or start sites were identified for sequence SRR12683222.13.1, skipping.
11-05 13:12 root         DEBUG    No ITS stop or start sites were identified for sequence SRR12683222.13.1, skipping.
11-05 13:12 root         DEBUG    No ITS stop or start sites were identified for sequence SRR12683222.796.1, skipping.
11-05 13:12 root         DEBUG    No ITS stop or start sites were identified for sequence SRR12683222.797.1, skipping.
11-05 13:12 root         DEBUG    No ITS stop or start sites were identified for sequence SRR12683222.798.1, skipping.
11-05 13:12 root         DEBUG    No ITS stop or start sites were identified for sequence SRR12683222.80.1, skipping.
11-05 13:12 root         DEBUG    No ITS stop or start sites were identified for sequence SRR12683222.803.1, skipping.
11-05 13:12 root         DEBUG    No ITS stop or start sites were identified for sequence SRR12683222.80.1, skipping.
11-05 13:12 root         DEBUG    No ITS stop or start sites were identified for sequence SRR12683222.805.1, skipping.
11-05 13:12 root         INFO     ITSxpress ran in 00:00:04
