11-05 13:17 root         INFO     Verifying the input sequences.
11-05 13:17 root         INFO     Sequences are assumed to be single-end.
11-05 13:17 root         INFO     Temporary directory is: /tmp/itsxpress_2vqw3l9p
11-05 13:17 root         INFO     Unique sequences are being written to a temporary FASTA file with Vsearch.
11-05 13:17 root         INFO     vsearch v2.7.1_linux_x86_64, 15.6GB RAM, 4 cores
https://github.com/torognes/vsearch

Reading file SRR12683242_pass_1.fastq.gz 100%
3529 nt in 15 seqs, min 35, max 301, avg 235
Dereplicating 100%
Sorting 100%
12 unique sequences, avg cluster 1.2, median 1, max 2
Writing output file 100%
Writing uc file, first part 100%
Writing uc file, second part 100%

11-05 13:17 root         INFO     Searching for ITS start and stop sites using HMMSearch. This step takes a while.
11-05 13:17 root         INFO     Parsing HMM results.
11-05 13:17 root         INFO     Writing out sequences
11-05 13:17 root         DEBUG    No ITS stop or start sites were identified for sequence SRR12683242.1.1, skipping.
11-05 13:17 root         DEBUG    No ITS stop or start sites were identified for sequence SRR12683242.2.1, skipping.
11-05 13:17 root         DEBUG    No ITS stop or start sites were identified for sequence SRR12683242.3.1, skipping.
11-05 13:17 root         DEBUG    No ITS stop or start sites were identified for sequence SRR12683242.4.1, skipping.
11-05 13:17 root         DEBUG    No ITS stop or start sites were identified for sequence SRR12683242.10.1, skipping.
11-05 13:17 root         DEBUG    No ITS stop or start sites were identified for sequence SRR12683242.13.1, skipping.
11-05 13:17 root         DEBUG    No ITS stop or start sites were identified for sequence SRR12683242.13.1, skipping.
11-05 13:17 root         DEBUG    No ITS stop or start sites were identified for sequence SRR12683242.15.1, skipping.
11-05 13:17 root         INFO     ITSxpress ran in 00:00:00
