11-04 21:52 root         INFO     Verifying the input sequences.
11-04 21:52 root         INFO     Sequences are assumed to be single-end.
11-04 21:52 root         INFO     Temporary directory is: /tmp/itsxpress_uom9xwr8
11-04 21:52 root         INFO     Unique sequences are being written to a temporary FASTA file with Vsearch.
11-04 21:52 root         INFO     vsearch v2.7.1_linux_x86_64, 15.6GB RAM, 4 cores
https://github.com/torognes/vsearch

Reading file SRR12683175_pass_1.fastq.gz 100%
100805 nt in 416 seqs, min 35, max 301, avg 242
Dereplicating 100%
Sorting 100%
259 unique sequences, avg cluster 1.6, median 1, max 56
Writing output file 100%
Writing uc file, first part 100%
Writing uc file, second part 100%

11-04 21:52 root         INFO     Searching for ITS start and stop sites using HMMSearch. This step takes a while.
11-04 21:52 root         INFO     Parsing HMM results.
11-04 21:52 root         INFO     Writing out sequences
11-04 21:52 root         DEBUG    No ITS stop or start sites were identified for sequence SRR12683175.1.1, skipping.
11-04 21:52 root         DEBUG    No ITS stop or start sites were identified for sequence SRR12683175.7.1, skipping.
11-04 21:52 root         DEBUG    No ITS stop or start sites were identified for sequence SRR12683175.10.1, skipping.
11-04 21:52 root         DEBUG    No ITS stop or start sites were identified for sequence SRR12683175.11.1, skipping.
11-04 21:52 root         DEBUG    No ITS stop or start sites were identified for sequence SRR12683175.12.1, skipping.
11-04 21:52 root         DEBUG    No ITS stop or start sites were identified for sequence SRR12683175.14.1, skipping.
11-04 21:52 root         DEBUG    No ITS stop or start sites were identified for sequence SRR12683175.1.1, skipping.
11-04 21:52 root         DEBUG    No ITS stop or start sites were identified for sequence SRR12683175.16.1, skipping.
11-04 21:52 root         DEBUG    No ITS stop or start sites were identified for sequence SRR12683175.17.1, skipping.
11-04 21:52 root         DEBUG    No ITS stop or start sites were identified for sequence SRR12683175.19.1, skipping.
11-04 21:52 root         DEBUG    No ITS stop or start sites were identified for sequence SRR12683175.20.1, skipping.
11-04 21:52 root         DEBUG    No ITS stop or start sites were identified for sequence SRR12683175.23.1, skipping.
11-04 21:52 root         DEBUG    No ITS stop or start sites were identified for sequence SRR12683175.26.1, skipping.
11-04 21:52 root         DEBUG    No ITS stop or start sites were identified for sequence SRR12683175.27.1, skipping.
11-04 21:52 root         DEBUG    No ITS stop or start sites were identified for sequence SRR12683175.1.1, skipping.
11-04 21:52 root         DEBUG    No ITS stop or start sites were identified for sequence SRR12683175.1.1, skipping.
11-04 21:52 root         DEBUG    No ITS stop or start sites were identified for sequence SRR12683175.14.1, skipping.
11-04 21:52 root         DEBUG    No ITS stop or start sites were identified for sequence SRR12683175.35.1, skipping.
11-04 21:52 root         DEBUG    No ITS stop or start sites were identified for sequence SRR12683175.1.1, skipping.
11-04 21:52 root         DEBUG    No ITS stop or start sites were identified for sequence SRR12683175.1.1, skipping.
11-04 21:52 root         DEBUG    No ITS stop or start sites were identified for sequence SRR12683175.1.1, skipping.
11-04 21:52 root         DEBUG    No ITS stop or start sites were identified for sequence SRR12683175.14.1, skipping.
11-04 21:52 root         DEBUG    No ITS stop or start sites were identified for sequence SRR12683175.50.1, skipping.
11-04 21:52 root         DEBUG    No ITS stop or start sites were identified for sequence SRR12683175.55.1, skipping.
11-04 21:52 root         DEBUG    No ITS stop or start sites were identified for sequence SRR12683175.56.1, skipping.
11-04 21:52 root         DEBUG    No ITS stop or start sites were identified for sequence SRR12683175.1.1, skipping.
11-04 21:52 root         DEBUG    No ITS stop or start sites were identified for sequence SRR12683175.59.1, skipping.
11-04 21:52 root         DEBUG    No ITS stop or start sites were identified for sequence SRR12683175.23.1, skipping.
11-04 21:52 root         DEBUG    No ITS stop or start sites were identified for sequence SRR12683175.1.1, skipping.
11-04 21:52 root         DEBUG    No ITS stop or start sites were identified for sequence SRR12683175.84.1, skipping.
11-04 21:52 root         DEBUG    No ITS stop or start sites were identified for sequence SRR12683175.90.1, skipping.
11-04 21:52 root         DEBUG    No ITS stop or start sites were identified for sequence SRR12683175.93.1, skipping.
11-04 21:52 root         DEBUG    No ITS stop or start sites were identified for sequence SRR12683175.94.1, skipping.
11-04 21:52 root         DEBUG    No ITS stop or start sites were identified for sequence SRR12683175.1.1, skipping.
11-04 21:52 root         DEBUG    No ITS stop or start sites were identified for sequence SRR12683175.17.1, skipping.
11-04 21:52 root         DEBUG    No ITS stop or start sites were identified for sequence SRR12683175.105.1, skipping.
11-04 21:52 root         DEBUG    No ITS stop or start sites were identified for sequence SRR12683175.111.1, skipping.
11-04 21:52 root         DEBUG    No ITS stop or start sites were identified for sequence SRR12683175.26.1, skipping.
11-04 21:52 root         DEBUG    No ITS stop or start sites were identified for sequence SRR12683175.128.1, skipping.
11-04 21:52 root         DEBUG    No ITS stop or start sites were identified for sequence SRR12683175.1.1, skipping.
11-04 21:52 root         DEBUG    No ITS stop or start sites were identified for sequence SRR12683175.133.1, skipping.
11-04 21:52 root         DEBUG    No ITS stop or start sites were identified for sequence SRR12683175.134.1, skipping.
11-04 21:52 root         DEBUG    No ITS stop or start sites were identified for sequence SRR12683175.135.1, skipping.
11-04 21:52 root         DEBUG    No ITS stop or start sites were identified for sequence SRR12683175.136.1, skipping.
11-04 21:52 root         DEBUG    No ITS stop or start sites were identified for sequence SRR12683175.137.1, skipping.
11-04 21:52 root         DEBUG    No ITS stop or start sites were identified for sequence SRR12683175.10.1, skipping.
11-04 21:52 root         DEBUG    No ITS stop or start sites were identified for sequence SRR12683175.140.1, skipping.
11-04 21:52 root         DEBUG    No ITS stop or start sites were identified for sequence SRR12683175.10.1, skipping.
11-04 21:52 root         DEBUG    No ITS stop or start sites were identified for sequence SRR12683175.149.1, skipping.
11-04 21:52 root         DEBUG    No ITS stop or start sites were identified for sequence SRR12683175.10.1, skipping.
11-04 21:52 root         DEBUG    No ITS stop or start sites were identified for sequence SRR12683175.10.1, skipping.
11-04 21:52 root         DEBUG    No ITS stop or start sites were identified for sequence SRR12683175.10.1, skipping.
11-04 21:52 root         DEBUG    No ITS stop or start sites were identified for sequence SRR12683175.10.1, skipping.
11-04 21:52 root         DEBUG    No ITS stop or start sites were identified for sequence SRR12683175.176.1, skipping.
11-04 21:52 root         DEBUG    No ITS stop or start sites were identified for sequence SRR12683175.184.1, skipping.
11-04 21:52 root         DEBUG    No ITS stop or start sites were identified for sequence SRR12683175.189.1, skipping.
11-04 21:52 root         DEBUG    No ITS stop or start sites were identified for sequence SRR12683175.190.1, skipping.
11-04 21:52 root         DEBUG    No ITS stop or start sites were identified for sequence SRR12683175.1.1, skipping.
11-04 21:52 root         DEBUG    No ITS stop or start sites were identified for sequence SRR12683175.133.1, skipping.
11-04 21:52 root         DEBUG    No ITS stop or start sites were identified for sequence SRR12683175.35.1, skipping.
11-04 21:52 root         DEBUG    No ITS stop or start sites were identified for sequence SRR12683175.1.1, skipping.
11-04 21:52 root         DEBUG    No ITS stop or start sites were identified for sequence SRR12683175.199.1, skipping.
11-04 21:52 root         DEBUG    No ITS stop or start sites were identified for sequence SRR12683175.205.1, skipping.
11-04 21:52 root         DEBUG    No ITS stop or start sites were identified for sequence SRR12683175.14.1, skipping.
11-04 21:52 root         DEBUG    No ITS stop or start sites were identified for sequence SRR12683175.17.1, skipping.
11-04 21:52 root         DEBUG    No ITS stop or start sites were identified for sequence SRR12683175.14.1, skipping.
11-04 21:52 root         DEBUG    No ITS stop or start sites were identified for sequence SRR12683175.10.1, skipping.
11-04 21:52 root         DEBUG    No ITS stop or start sites were identified for sequence SRR12683175.133.1, skipping.
11-04 21:52 root         DEBUG    No ITS stop or start sites were identified for sequence SRR12683175.17.1, skipping.
11-04 21:52 root         DEBUG    No ITS stop or start sites were identified for sequence SRR12683175.228.1, skipping.
11-04 21:52 root         DEBUG    No ITS stop or start sites were identified for sequence SRR12683175.231.1, skipping.
11-04 21:52 root         DEBUG    No ITS stop or start sites were identified for sequence SRR12683175.1.1, skipping.
11-04 21:52 root         DEBUG    No ITS stop or start sites were identified for sequence SRR12683175.1.1, skipping.
11-04 21:52 root         DEBUG    No ITS stop or start sites were identified for sequence SRR12683175.27.1, skipping.
11-04 21:52 root         DEBUG    No ITS stop or start sites were identified for sequence SRR12683175.1.1, skipping.
11-04 21:52 root         DEBUG    No ITS stop or start sites were identified for sequence SRR12683175.1.1, skipping.
11-04 21:52 root         DEBUG    No ITS stop or start sites were identified for sequence SRR12683175.244.1, skipping.
11-04 21:52 root         DEBUG    No ITS stop or start sites were identified for sequence SRR12683175.245.1, skipping.
11-04 21:52 root         DEBUG    No ITS stop or start sites were identified for sequence SRR12683175.246.1, skipping.
11-04 21:52 root         DEBUG    No ITS stop or start sites were identified for sequence SRR12683175.1.1, skipping.
11-04 21:52 root         DEBUG    No ITS stop or start sites were identified for sequence SRR12683175.1.1, skipping.
11-04 21:52 root         DEBUG    No ITS stop or start sites were identified for sequence SRR12683175.1.1, skipping.
11-04 21:52 root         DEBUG    No ITS stop or start sites were identified for sequence SRR12683175.256.1, skipping.
11-04 21:52 root         DEBUG    No ITS stop or start sites were identified for sequence SRR12683175.133.1, skipping.
11-04 21:52 root         DEBUG    No ITS stop or start sites were identified for sequence SRR12683175.275.1, skipping.
11-04 21:52 root         DEBUG    No ITS stop or start sites were identified for sequence SRR12683175.284.1, skipping.
11-04 21:52 root         DEBUG    No ITS stop or start sites were identified for sequence SRR12683175.10.1, skipping.
11-04 21:52 root         DEBUG    No ITS stop or start sites were identified for sequence SRR12683175.290.1, skipping.
11-04 21:52 root         DEBUG    No ITS stop or start sites were identified for sequence SRR12683175.1.1, skipping.
11-04 21:52 root         DEBUG    No ITS stop or start sites were identified for sequence SRR12683175.302.1, skipping.
11-04 21:52 root         DEBUG    No ITS stop or start sites were identified for sequence SRR12683175.305.1, skipping.
11-04 21:52 root         DEBUG    No ITS stop or start sites were identified for sequence SRR12683175.1.1, skipping.
11-04 21:52 root         DEBUG    No ITS stop or start sites were identified for sequence SRR12683175.311.1, skipping.
11-04 21:52 root         DEBUG    No ITS stop or start sites were identified for sequence SRR12683175.10.1, skipping.
11-04 21:52 root         DEBUG    No ITS stop or start sites were identified for sequence SRR12683175.1.1, skipping.
11-04 21:52 root         DEBUG    No ITS stop or start sites were identified for sequence SRR12683175.326.1, skipping.
11-04 21:52 root         DEBUG    No ITS stop or start sites were identified for sequence SRR12683175.329.1, skipping.
11-04 21:52 root         DEBUG    No ITS stop or start sites were identified for sequence SRR12683175.17.1, skipping.
11-04 21:52 root         DEBUG    No ITS stop or start sites were identified for sequence SRR12683175.17.1, skipping.
11-04 21:52 root         DEBUG    No ITS stop or start sites were identified for sequence SRR12683175.338.1, skipping.
11-04 21:52 root         DEBUG    No ITS stop or start sites were identified for sequence SRR12683175.341.1, skipping.
11-04 21:52 root         DEBUG    No ITS stop or start sites were identified for sequence SRR12683175.10.1, skipping.
11-04 21:52 root         DEBUG    No ITS stop or start sites were identified for sequence SRR12683175.17.1, skipping.
11-04 21:52 root         DEBUG    No ITS stop or start sites were identified for sequence SRR12683175.14.1, skipping.
11-04 21:52 root         DEBUG    No ITS stop or start sites were identified for sequence SRR12683175.10.1, skipping.
11-04 21:52 root         DEBUG    No ITS stop or start sites were identified for sequence SRR12683175.17.1, skipping.
11-04 21:52 root         DEBUG    No ITS stop or start sites were identified for sequence SRR12683175.1.1, skipping.
11-04 21:52 root         DEBUG    No ITS stop or start sites were identified for sequence SRR12683175.10.1, skipping.
11-04 21:52 root         DEBUG    No ITS stop or start sites were identified for sequence SRR12683175.184.1, skipping.
11-04 21:52 root         DEBUG    No ITS stop or start sites were identified for sequence SRR12683175.377.1, skipping.
11-04 21:52 root         DEBUG    No ITS stop or start sites were identified for sequence SRR12683175.383.1, skipping.
11-04 21:52 root         DEBUG    No ITS stop or start sites were identified for sequence SRR12683175.17.1, skipping.
11-04 21:52 root         DEBUG    No ITS stop or start sites were identified for sequence SRR12683175.404.1, skipping.
11-04 21:52 root         DEBUG    No ITS stop or start sites were identified for sequence SRR12683175.17.1, skipping.
11-04 21:52 root         DEBUG    No ITS stop or start sites were identified for sequence SRR12683175.133.1, skipping.
11-04 21:52 root         INFO     ITSxpress ran in 00:00:04
