11-05 13:21 root         INFO     Verifying the input sequences.
11-05 13:21 root         INFO     Sequences are assumed to be single-end.
11-05 13:21 root         INFO     Temporary directory is: /tmp/itsxpress_9uskhwyp
11-05 13:21 root         INFO     Unique sequences are being written to a temporary FASTA file with Vsearch.
11-05 13:21 root         INFO     vsearch v2.7.1_linux_x86_64, 15.6GB RAM, 4 cores
https://github.com/torognes/vsearch

Reading file SRR12683254_pass_1.fastq.gz 100%
128996 nt in 430 seqs, min 35, max 301, avg 300
Dereplicating 100%
Sorting 100%
180 unique sequences, avg cluster 2.4, median 1, max 203
Writing output file 100%
Writing uc file, first part 100%
Writing uc file, second part 100%

11-05 13:21 root         INFO     Searching for ITS start and stop sites using HMMSearch. This step takes a while.
11-05 13:21 root         INFO     Parsing HMM results.
11-05 13:21 root         INFO     Writing out sequences
11-05 13:21 root         DEBUG    No ITS stop or start sites were identified for sequence SRR12683254.1.1, skipping.
11-05 13:21 root         DEBUG    No ITS stop or start sites were identified for sequence SRR12683254.2.1, skipping.
11-05 13:21 root         DEBUG    No ITS stop or start sites were identified for sequence SRR12683254.54.1, skipping.
11-05 13:21 root         DEBUG    No ITS stop or start sites were identified for sequence SRR12683254.59.1, skipping.
11-05 13:21 root         DEBUG    No ITS stop or start sites were identified for sequence SRR12683254.66.1, skipping.
11-05 13:21 root         DEBUG    No ITS stop or start sites were identified for sequence SRR12683254.68.1, skipping.
11-05 13:21 root         DEBUG    No ITS stop or start sites were identified for sequence SRR12683254.133.1, skipping.
11-05 13:21 root         DEBUG    No ITS stop or start sites were identified for sequence SRR12683254.152.1, skipping.
11-05 13:21 root         DEBUG    No ITS stop or start sites were identified for sequence SRR12683254.158.1, skipping.
11-05 13:21 root         DEBUG    No ITS stop or start sites were identified for sequence SRR12683254.166.1, skipping.
11-05 13:21 root         DEBUG    No ITS stop or start sites were identified for sequence SRR12683254.172.1, skipping.
11-05 13:21 root         DEBUG    No ITS stop or start sites were identified for sequence SRR12683254.176.1, skipping.
11-05 13:21 root         DEBUG    No ITS stop or start sites were identified for sequence SRR12683254.202.1, skipping.
11-05 13:21 root         DEBUG    No ITS stop or start sites were identified for sequence SRR12683254.207.1, skipping.
11-05 13:21 root         DEBUG    No ITS stop or start sites were identified for sequence SRR12683254.208.1, skipping.
11-05 13:21 root         DEBUG    No ITS stop or start sites were identified for sequence SRR12683254.209.1, skipping.
11-05 13:21 root         DEBUG    No ITS stop or start sites were identified for sequence SRR12683254.227.1, skipping.
11-05 13:21 root         DEBUG    No ITS stop or start sites were identified for sequence SRR12683254.237.1, skipping.
11-05 13:21 root         DEBUG    No ITS stop or start sites were identified for sequence SRR12683254.260.1, skipping.
11-05 13:21 root         DEBUG    No ITS stop or start sites were identified for sequence SRR12683254.268.1, skipping.
11-05 13:21 root         DEBUG    No ITS stop or start sites were identified for sequence SRR12683254.298.1, skipping.
11-05 13:21 root         DEBUG    No ITS stop or start sites were identified for sequence SRR12683254.307.1, skipping.
11-05 13:21 root         DEBUG    No ITS stop or start sites were identified for sequence SRR12683254.328.1, skipping.
11-05 13:21 root         DEBUG    No ITS stop or start sites were identified for sequence SRR12683254.338.1, skipping.
11-05 13:21 root         DEBUG    No ITS stop or start sites were identified for sequence SRR12683254.338.1, skipping.
11-05 13:21 root         DEBUG    No ITS stop or start sites were identified for sequence SRR12683254.368.1, skipping.
11-05 13:21 root         DEBUG    No ITS stop or start sites were identified for sequence SRR12683254.372.1, skipping.
11-05 13:21 root         DEBUG    No ITS stop or start sites were identified for sequence SRR12683254.418.1, skipping.
11-05 13:21 root         INFO     ITSxpress ran in 00:00:04
