11-04 21:30 root         INFO     Verifying the input sequences.
11-04 21:30 root         INFO     Sequences are assumed to be single-end.
11-04 21:30 root         INFO     Temporary directory is: /tmp/itsxpress_rqz8i_ws
11-04 21:30 root         INFO     Unique sequences are being written to a temporary FASTA file with Vsearch.
11-04 21:30 root         INFO     vsearch v2.7.1_linux_x86_64, 15.6GB RAM, 4 cores
https://github.com/torognes/vsearch

Reading file SRR12683108_pass_1.fastq.gz 100%
1259735 nt in 4228 seqs, min 35, max 301, avg 298
Dereplicating 100%
Sorting 100%
3308 unique sequences, avg cluster 1.3, median 1, max 238
Writing output file 100%
Writing uc file, first part 100%
Writing uc file, second part 100%

11-04 21:30 root         INFO     Searching for ITS start and stop sites using HMMSearch. This step takes a while.
11-04 21:30 root         INFO     Parsing HMM results.
11-04 21:30 root         INFO     Writing out sequences
11-04 21:30 root         DEBUG    No ITS stop or start sites were identified for sequence SRR12683108.1.1, skipping.
11-04 21:30 root         DEBUG    No ITS stop or start sites were identified for sequence SRR12683108.43.1, skipping.
11-04 21:30 root         DEBUG    No ITS stop or start sites were identified for sequence SRR12683108.65.1, skipping.
11-04 21:30 root         DEBUG    No ITS stop or start sites were identified for sequence SRR12683108.88.1, skipping.
11-04 21:30 root         DEBUG    No ITS stop or start sites were identified for sequence SRR12683108.96.1, skipping.
11-04 21:30 root         DEBUG    No ITS stop or start sites were identified for sequence SRR12683108.135.1, skipping.
11-04 21:30 root         DEBUG    No ITS stop or start sites were identified for sequence SRR12683108.168.1, skipping.
11-04 21:30 root         DEBUG    No ITS stop or start sites were identified for sequence SRR12683108.169.1, skipping.
11-04 21:30 root         DEBUG    No ITS stop or start sites were identified for sequence SRR12683108.187.1, skipping.
11-04 21:30 root         DEBUG    No ITS stop or start sites were identified for sequence SRR12683108.229.1, skipping.
11-04 21:30 root         DEBUG    No ITS stop or start sites were identified for sequence SRR12683108.235.1, skipping.
11-04 21:30 root         DEBUG    No ITS stop or start sites were identified for sequence SRR12683108.43.1, skipping.
11-04 21:30 root         DEBUG    No ITS stop or start sites were identified for sequence SRR12683108.373.1, skipping.
11-04 21:30 root         DEBUG    No ITS stop or start sites were identified for sequence SRR12683108.387.1, skipping.
11-04 21:30 root         DEBUG    No ITS stop or start sites were identified for sequence SRR12683108.400.1, skipping.
11-04 21:30 root         DEBUG    No ITS stop or start sites were identified for sequence SRR12683108.43.1, skipping.
11-04 21:30 root         DEBUG    No ITS stop or start sites were identified for sequence SRR12683108.468.1, skipping.
11-04 21:30 root         DEBUG    No ITS stop or start sites were identified for sequence SRR12683108.135.1, skipping.
11-04 21:30 root         DEBUG    No ITS stop or start sites were identified for sequence SRR12683108.43.1, skipping.
11-04 21:30 root         DEBUG    No ITS stop or start sites were identified for sequence SRR12683108.565.1, skipping.
11-04 21:30 root         DEBUG    No ITS stop or start sites were identified for sequence SRR12683108.583.1, skipping.
11-04 21:30 root         DEBUG    No ITS stop or start sites were identified for sequence SRR12683108.585.1, skipping.
11-04 21:30 root         DEBUG    No ITS stop or start sites were identified for sequence SRR12683108.587.1, skipping.
11-04 21:30 root         DEBUG    No ITS stop or start sites were identified for sequence SRR12683108.593.1, skipping.
11-04 21:30 root         DEBUG    No ITS stop or start sites were identified for sequence SRR12683108.619.1, skipping.
11-04 21:30 root         DEBUG    No ITS stop or start sites were identified for sequence SRR12683108.621.1, skipping.
11-04 21:30 root         DEBUG    No ITS stop or start sites were identified for sequence SRR12683108.626.1, skipping.
11-04 21:30 root         DEBUG    No ITS stop or start sites were identified for sequence SRR12683108.43.1, skipping.
11-04 21:30 root         DEBUG    No ITS stop or start sites were identified for sequence SRR12683108.43.1, skipping.
11-04 21:30 root         DEBUG    No ITS stop or start sites were identified for sequence SRR12683108.654.1, skipping.
11-04 21:30 root         DEBUG    No ITS stop or start sites were identified for sequence SRR12683108.43.1, skipping.
11-04 21:30 root         DEBUG    No ITS stop or start sites were identified for sequence SRR12683108.691.1, skipping.
11-04 21:30 root         DEBUG    No ITS stop or start sites were identified for sequence SRR12683108.621.1, skipping.
11-04 21:30 root         DEBUG    No ITS stop or start sites were identified for sequence SRR12683108.711.1, skipping.
11-04 21:30 root         DEBUG    No ITS stop or start sites were identified for sequence SRR12683108.734.1, skipping.
11-04 21:30 root         DEBUG    No ITS stop or start sites were identified for sequence SRR12683108.734.1, skipping.
11-04 21:30 root         DEBUG    No ITS stop or start sites were identified for sequence SRR12683108.751.1, skipping.
11-04 21:30 root         DEBUG    No ITS stop or start sites were identified for sequence SRR12683108.43.1, skipping.
11-04 21:30 root         DEBUG    No ITS stop or start sites were identified for sequence SRR12683108.43.1, skipping.
11-04 21:30 root         DEBUG    No ITS stop or start sites were identified for sequence SRR12683108.788.1, skipping.
11-04 21:30 root         DEBUG    No ITS stop or start sites were identified for sequence SRR12683108.96.1, skipping.
11-04 21:30 root         DEBUG    No ITS stop or start sites were identified for sequence SRR12683108.808.1, skipping.
11-04 21:30 root         DEBUG    No ITS stop or start sites were identified for sequence SRR12683108.863.1, skipping.
11-04 21:30 root         DEBUG    No ITS stop or start sites were identified for sequence SRR12683108.96.1, skipping.
11-04 21:30 root         DEBUG    No ITS stop or start sites were identified for sequence SRR12683108.922.1, skipping.
11-04 21:30 root         DEBUG    No ITS stop or start sites were identified for sequence SRR12683108.940.1, skipping.
11-04 21:30 root         DEBUG    No ITS stop or start sites were identified for sequence SRR12683108.942.1, skipping.
11-04 21:30 root         DEBUG    No ITS stop or start sites were identified for sequence SRR12683108.986.1, skipping.
11-04 21:30 root         DEBUG    No ITS stop or start sites were identified for sequence SRR12683108.1013.1, skipping.
11-04 21:30 root         DEBUG    No ITS stop or start sites were identified for sequence SRR12683108.1017.1, skipping.
11-04 21:30 root         DEBUG    No ITS stop or start sites were identified for sequence SRR12683108.1038.1, skipping.
11-04 21:30 root         DEBUG    No ITS stop or start sites were identified for sequence SRR12683108.1067.1, skipping.
11-04 21:30 root         DEBUG    No ITS stop or start sites were identified for sequence SRR12683108.1072.1, skipping.
11-04 21:30 root         DEBUG    No ITS stop or start sites were identified for sequence SRR12683108.1082.1, skipping.
11-04 21:30 root         DEBUG    No ITS stop or start sites were identified for sequence SRR12683108.1118.1, skipping.
11-04 21:30 root         DEBUG    No ITS stop or start sites were identified for sequence SRR12683108.1123.1, skipping.
11-04 21:30 root         DEBUG    No ITS stop or start sites were identified for sequence SRR12683108.1140.1, skipping.
11-04 21:30 root         DEBUG    No ITS stop or start sites were identified for sequence SRR12683108.1142.1, skipping.
11-04 21:30 root         DEBUG    No ITS stop or start sites were identified for sequence SRR12683108.1150.1, skipping.
11-04 21:30 root         DEBUG    No ITS stop or start sites were identified for sequence SRR12683108.1151.1, skipping.
11-04 21:30 root         DEBUG    No ITS stop or start sites were identified for sequence SRR12683108.1165.1, skipping.
11-04 21:30 root         DEBUG    No ITS stop or start sites were identified for sequence SRR12683108.1172.1, skipping.
11-04 21:30 root         DEBUG    No ITS stop or start sites were identified for sequence SRR12683108.1176.1, skipping.
11-04 21:30 root         DEBUG    No ITS stop or start sites were identified for sequence SRR12683108.1178.1, skipping.
11-04 21:30 root         DEBUG    No ITS stop or start sites were identified for sequence SRR12683108.1180.1, skipping.
11-04 21:30 root         DEBUG    No ITS stop or start sites were identified for sequence SRR12683108.1183.1, skipping.
11-04 21:30 root         DEBUG    No ITS stop or start sites were identified for sequence SRR12683108.1211.1, skipping.
11-04 21:30 root         DEBUG    No ITS stop or start sites were identified for sequence SRR12683108.1218.1, skipping.
11-04 21:30 root         DEBUG    No ITS stop or start sites were identified for sequence SRR12683108.1225.1, skipping.
11-04 21:30 root         DEBUG    No ITS stop or start sites were identified for sequence SRR12683108.1243.1, skipping.
11-04 21:30 root         DEBUG    No ITS stop or start sites were identified for sequence SRR12683108.1252.1, skipping.
11-04 21:30 root         DEBUG    No ITS stop or start sites were identified for sequence SRR12683108.654.1, skipping.
11-04 21:30 root         DEBUG    No ITS stop or start sites were identified for sequence SRR12683108.1274.1, skipping.
11-04 21:30 root         DEBUG    No ITS stop or start sites were identified for sequence SRR12683108.1280.1, skipping.
11-04 21:30 root         DEBUG    No ITS stop or start sites were identified for sequence SRR12683108.585.1, skipping.
11-04 21:30 root         DEBUG    No ITS stop or start sites were identified for sequence SRR12683108.1296.1, skipping.
11-04 21:30 root         DEBUG    No ITS stop or start sites were identified for sequence SRR12683108.621.1, skipping.
11-04 21:30 root         DEBUG    No ITS stop or start sites were identified for sequence SRR12683108.621.1, skipping.
11-04 21:30 root         DEBUG    No ITS stop or start sites were identified for sequence SRR12683108.1364.1, skipping.
11-04 21:30 root         DEBUG    No ITS stop or start sites were identified for sequence SRR12683108.1367.1, skipping.
11-04 21:30 root         DEBUG    No ITS stop or start sites were identified for sequence SRR12683108.1472.1, skipping.
11-04 21:30 root         DEBUG    No ITS stop or start sites were identified for sequence SRR12683108.1497.1, skipping.
11-04 21:30 root         DEBUG    No ITS stop or start sites were identified for sequence SRR12683108.1525.1, skipping.
11-04 21:30 root         DEBUG    No ITS stop or start sites were identified for sequence SRR12683108.387.1, skipping.
11-04 21:30 root         DEBUG    No ITS stop or start sites were identified for sequence SRR12683108.1648.1, skipping.
11-04 21:30 root         DEBUG    No ITS stop or start sites were identified for sequence SRR12683108.96.1, skipping.
11-04 21:30 root         DEBUG    No ITS stop or start sites were identified for sequence SRR12683108.43.1, skipping.
11-04 21:30 root         DEBUG    No ITS stop or start sites were identified for sequence SRR12683108.96.1, skipping.
11-04 21:30 root         DEBUG    No ITS stop or start sites were identified for sequence SRR12683108.1729.1, skipping.
11-04 21:30 root         DEBUG    No ITS stop or start sites were identified for sequence SRR12683108.1729.1, skipping.
11-04 21:30 root         DEBUG    No ITS stop or start sites were identified for sequence SRR12683108.621.1, skipping.
11-04 21:30 root         DEBUG    No ITS stop or start sites were identified for sequence SRR12683108.1785.1, skipping.
11-04 21:30 root         DEBUG    No ITS stop or start sites were identified for sequence SRR12683108.1813.1, skipping.
11-04 21:30 root         DEBUG    No ITS stop or start sites were identified for sequence SRR12683108.43.1, skipping.
11-04 21:30 root         DEBUG    No ITS stop or start sites were identified for sequence SRR12683108.468.1, skipping.
11-04 21:30 root         DEBUG    No ITS stop or start sites were identified for sequence SRR12683108.43.1, skipping.
11-04 21:30 root         DEBUG    No ITS stop or start sites were identified for sequence SRR12683108.1892.1, skipping.
11-04 21:30 root         DEBUG    No ITS stop or start sites were identified for sequence SRR12683108.135.1, skipping.
11-04 21:30 root         DEBUG    No ITS stop or start sites were identified for sequence SRR12683108.1892.1, skipping.
11-04 21:30 root         DEBUG    No ITS stop or start sites were identified for sequence SRR12683108.96.1, skipping.
11-04 21:30 root         DEBUG    No ITS stop or start sites were identified for sequence SRR12683108.1946.1, skipping.
11-04 21:30 root         DEBUG    No ITS stop or start sites were identified for sequence SRR12683108.43.1, skipping.
11-04 21:30 root         DEBUG    No ITS stop or start sites were identified for sequence SRR12683108.1996.1, skipping.
11-04 21:30 root         DEBUG    No ITS stop or start sites were identified for sequence SRR12683108.96.1, skipping.
11-04 21:30 root         DEBUG    No ITS stop or start sites were identified for sequence SRR12683108.2039.1, skipping.
11-04 21:30 root         DEBUG    No ITS stop or start sites were identified for sequence SRR12683108.135.1, skipping.
11-04 21:30 root         DEBUG    No ITS stop or start sites were identified for sequence SRR12683108.621.1, skipping.
11-04 21:30 root         DEBUG    No ITS stop or start sites were identified for sequence SRR12683108.2077.1, skipping.
11-04 21:30 root         DEBUG    No ITS stop or start sites were identified for sequence SRR12683108.468.1, skipping.
11-04 21:30 root         DEBUG    No ITS stop or start sites were identified for sequence SRR12683108.43.1, skipping.
11-04 21:30 root         DEBUG    No ITS stop or start sites were identified for sequence SRR12683108.2099.1, skipping.
11-04 21:30 root         DEBUG    No ITS stop or start sites were identified for sequence SRR12683108.2132.1, skipping.
11-04 21:30 root         DEBUG    No ITS stop or start sites were identified for sequence SRR12683108.387.1, skipping.
11-04 21:30 root         DEBUG    No ITS stop or start sites were identified for sequence SRR12683108.387.1, skipping.
11-04 21:30 root         DEBUG    No ITS stop or start sites were identified for sequence SRR12683108.2188.1, skipping.
11-04 21:30 root         DEBUG    No ITS stop or start sites were identified for sequence SRR12683108.2208.1, skipping.
11-04 21:30 root         DEBUG    No ITS stop or start sites were identified for sequence SRR12683108.2293.1, skipping.
11-04 21:30 root         DEBUG    No ITS stop or start sites were identified for sequence SRR12683108.2306.1, skipping.
11-04 21:30 root         DEBUG    No ITS stop or start sites were identified for sequence SRR12683108.2324.1, skipping.
11-04 21:30 root         DEBUG    No ITS stop or start sites were identified for sequence SRR12683108.2325.1, skipping.
11-04 21:30 root         DEBUG    No ITS stop or start sites were identified for sequence SRR12683108.2330.1, skipping.
11-04 21:30 root         DEBUG    No ITS stop or start sites were identified for sequence SRR12683108.2402.1, skipping.
11-04 21:30 root         DEBUG    No ITS stop or start sites were identified for sequence SRR12683108.135.1, skipping.
11-04 21:30 root         DEBUG    No ITS stop or start sites were identified for sequence SRR12683108.2449.1, skipping.
11-04 21:30 root         DEBUG    No ITS stop or start sites were identified for sequence SRR12683108.2485.1, skipping.
11-04 21:30 root         DEBUG    No ITS stop or start sites were identified for sequence SRR12683108.2499.1, skipping.
11-04 21:30 root         DEBUG    No ITS stop or start sites were identified for sequence SRR12683108.2530.1, skipping.
11-04 21:30 root         DEBUG    No ITS stop or start sites were identified for sequence SRR12683108.387.1, skipping.
11-04 21:30 root         DEBUG    No ITS stop or start sites were identified for sequence SRR12683108.2536.1, skipping.
11-04 21:30 root         DEBUG    No ITS stop or start sites were identified for sequence SRR12683108.2555.1, skipping.
11-04 21:30 root         DEBUG    No ITS stop or start sites were identified for sequence SRR12683108.2556.1, skipping.
11-04 21:30 root         DEBUG    No ITS stop or start sites were identified for sequence SRR12683108.2557.1, skipping.
11-04 21:30 root         DEBUG    No ITS stop or start sites were identified for sequence SRR12683108.2579.1, skipping.
11-04 21:30 root         DEBUG    No ITS stop or start sites were identified for sequence SRR12683108.2591.1, skipping.
11-04 21:30 root         DEBUG    No ITS stop or start sites were identified for sequence SRR12683108.43.1, skipping.
11-04 21:30 root         DEBUG    No ITS stop or start sites were identified for sequence SRR12683108.43.1, skipping.
11-04 21:30 root         DEBUG    No ITS stop or start sites were identified for sequence SRR12683108.2676.1, skipping.
11-04 21:30 root         DEBUG    No ITS stop or start sites were identified for sequence SRR12683108.43.1, skipping.
11-04 21:30 root         DEBUG    No ITS stop or start sites were identified for sequence SRR12683108.2712.1, skipping.
11-04 21:30 root         DEBUG    No ITS stop or start sites were identified for sequence SRR12683108.2725.1, skipping.
11-04 21:30 root         DEBUG    No ITS stop or start sites were identified for sequence SRR12683108.2766.1, skipping.
11-04 21:30 root         DEBUG    No ITS stop or start sites were identified for sequence SRR12683108.2779.1, skipping.
11-04 21:30 root         DEBUG    No ITS stop or start sites were identified for sequence SRR12683108.2783.1, skipping.
11-04 21:30 root         DEBUG    No ITS stop or start sites were identified for sequence SRR12683108.2794.1, skipping.
11-04 21:30 root         DEBUG    No ITS stop or start sites were identified for sequence SRR12683108.2797.1, skipping.
11-04 21:30 root         DEBUG    No ITS stop or start sites were identified for sequence SRR12683108.734.1, skipping.
11-04 21:30 root         DEBUG    No ITS stop or start sites were identified for sequence SRR12683108.734.1, skipping.
11-04 21:30 root         DEBUG    No ITS stop or start sites were identified for sequence SRR12683108.2840.1, skipping.
11-04 21:30 root         DEBUG    No ITS stop or start sites were identified for sequence SRR12683108.2858.1, skipping.
11-04 21:30 root         DEBUG    No ITS stop or start sites were identified for sequence SRR12683108.2881.1, skipping.
11-04 21:30 root         DEBUG    No ITS stop or start sites were identified for sequence SRR12683108.2914.1, skipping.
11-04 21:30 root         DEBUG    No ITS stop or start sites were identified for sequence SRR12683108.2934.1, skipping.
11-04 21:30 root         DEBUG    No ITS stop or start sites were identified for sequence SRR12683108.2944.1, skipping.
11-04 21:30 root         DEBUG    No ITS stop or start sites were identified for sequence SRR12683108.2987.1, skipping.
11-04 21:30 root         DEBUG    No ITS stop or start sites were identified for sequence SRR12683108.2995.1, skipping.
11-04 21:30 root         DEBUG    No ITS stop or start sites were identified for sequence SRR12683108.2996.1, skipping.
11-04 21:30 root         DEBUG    No ITS stop or start sites were identified for sequence SRR12683108.3000.1, skipping.
11-04 21:30 root         DEBUG    No ITS stop or start sites were identified for sequence SRR12683108.3011.1, skipping.
11-04 21:30 root         DEBUG    No ITS stop or start sites were identified for sequence SRR12683108.3012.1, skipping.
11-04 21:30 root         DEBUG    No ITS stop or start sites were identified for sequence SRR12683108.3034.1, skipping.
11-04 21:30 root         DEBUG    No ITS stop or start sites were identified for sequence SRR12683108.3038.1, skipping.
11-04 21:30 root         DEBUG    No ITS stop or start sites were identified for sequence SRR12683108.3039.1, skipping.
11-04 21:30 root         DEBUG    No ITS stop or start sites were identified for sequence SRR12683108.3047.1, skipping.
11-04 21:30 root         DEBUG    No ITS stop or start sites were identified for sequence SRR12683108.3058.1, skipping.
11-04 21:30 root         DEBUG    No ITS stop or start sites were identified for sequence SRR12683108.3086.1, skipping.
11-04 21:30 root         DEBUG    No ITS stop or start sites were identified for sequence SRR12683108.3094.1, skipping.
11-04 21:30 root         DEBUG    No ITS stop or start sites were identified for sequence SRR12683108.3127.1, skipping.
11-04 21:30 root         DEBUG    No ITS stop or start sites were identified for sequence SRR12683108.3177.1, skipping.
11-04 21:30 root         DEBUG    No ITS stop or start sites were identified for sequence SRR12683108.3199.1, skipping.
11-04 21:30 root         DEBUG    No ITS stop or start sites were identified for sequence SRR12683108.3210.1, skipping.
11-04 21:30 root         DEBUG    No ITS stop or start sites were identified for sequence SRR12683108.3223.1, skipping.
11-04 21:30 root         DEBUG    No ITS stop or start sites were identified for sequence SRR12683108.3233.1, skipping.
11-04 21:30 root         DEBUG    No ITS stop or start sites were identified for sequence SRR12683108.3199.1, skipping.
11-04 21:30 root         DEBUG    No ITS stop or start sites were identified for sequence SRR12683108.3247.1, skipping.
11-04 21:30 root         DEBUG    No ITS stop or start sites were identified for sequence SRR12683108.3247.1, skipping.
11-04 21:30 root         DEBUG    No ITS stop or start sites were identified for sequence SRR12683108.3275.1, skipping.
11-04 21:30 root         DEBUG    No ITS stop or start sites were identified for sequence SRR12683108.43.1, skipping.
11-04 21:30 root         DEBUG    No ITS stop or start sites were identified for sequence SRR12683108.387.1, skipping.
11-04 21:30 root         DEBUG    No ITS stop or start sites were identified for sequence SRR12683108.3356.1, skipping.
11-04 21:30 root         DEBUG    No ITS stop or start sites were identified for sequence SRR12683108.3380.1, skipping.
11-04 21:30 root         DEBUG    No ITS stop or start sites were identified for sequence SRR12683108.468.1, skipping.
11-04 21:30 root         DEBUG    No ITS stop or start sites were identified for sequence SRR12683108.3446.1, skipping.
11-04 21:30 root         DEBUG    No ITS stop or start sites were identified for sequence SRR12683108.3447.1, skipping.
11-04 21:30 root         DEBUG    No ITS stop or start sites were identified for sequence SRR12683108.43.1, skipping.
11-04 21:30 root         DEBUG    No ITS stop or start sites were identified for sequence SRR12683108.468.1, skipping.
11-04 21:30 root         DEBUG    No ITS stop or start sites were identified for sequence SRR12683108.3543.1, skipping.
11-04 21:30 root         DEBUG    No ITS stop or start sites were identified for sequence SRR12683108.3544.1, skipping.
11-04 21:30 root         DEBUG    No ITS stop or start sites were identified for sequence SRR12683108.3552.1, skipping.
11-04 21:30 root         DEBUG    No ITS stop or start sites were identified for sequence SRR12683108.3568.1, skipping.
11-04 21:30 root         DEBUG    No ITS stop or start sites were identified for sequence SRR12683108.3617.1, skipping.
11-04 21:30 root         DEBUG    No ITS stop or start sites were identified for sequence SRR12683108.96.1, skipping.
11-04 21:30 root         DEBUG    No ITS stop or start sites were identified for sequence SRR12683108.1892.1, skipping.
11-04 21:30 root         DEBUG    No ITS stop or start sites were identified for sequence SRR12683108.3673.1, skipping.
11-04 21:30 root         DEBUG    No ITS stop or start sites were identified for sequence SRR12683108.3684.1, skipping.
11-04 21:30 root         DEBUG    No ITS stop or start sites were identified for sequence SRR12683108.654.1, skipping.
11-04 21:30 root         DEBUG    No ITS stop or start sites were identified for sequence SRR12683108.3782.1, skipping.
11-04 21:30 root         DEBUG    No ITS stop or start sites were identified for sequence SRR12683108.3787.1, skipping.
11-04 21:30 root         DEBUG    No ITS stop or start sites were identified for sequence SRR12683108.387.1, skipping.
11-04 21:30 root         DEBUG    No ITS stop or start sites were identified for sequence SRR12683108.3807.1, skipping.
11-04 21:30 root         DEBUG    No ITS stop or start sites were identified for sequence SRR12683108.3825.1, skipping.
11-04 21:30 root         DEBUG    No ITS stop or start sites were identified for sequence SRR12683108.468.1, skipping.
11-04 21:30 root         DEBUG    No ITS stop or start sites were identified for sequence SRR12683108.1892.1, skipping.
11-04 21:30 root         DEBUG    No ITS stop or start sites were identified for sequence SRR12683108.43.1, skipping.
11-04 21:30 root         DEBUG    No ITS stop or start sites were identified for sequence SRR12683108.43.1, skipping.
11-04 21:30 root         DEBUG    No ITS stop or start sites were identified for sequence SRR12683108.43.1, skipping.
11-04 21:30 root         DEBUG    No ITS stop or start sites were identified for sequence SRR12683108.585.1, skipping.
11-04 21:30 root         DEBUG    No ITS stop or start sites were identified for sequence SRR12683108.4027.1, skipping.
11-04 21:30 root         DEBUG    No ITS stop or start sites were identified for sequence SRR12683108.4065.1, skipping.
11-04 21:30 root         DEBUG    No ITS stop or start sites were identified for sequence SRR12683108.4166.1, skipping.
11-04 21:30 root         DEBUG    No ITS stop or start sites were identified for sequence SRR12683108.585.1, skipping.
11-04 21:30 root         DEBUG    No ITS stop or start sites were identified for sequence SRR12683108.585.1, skipping.
11-04 21:30 root         DEBUG    No ITS stop or start sites were identified for sequence SRR12683108.734.1, skipping.
11-04 21:30 root         INFO     ITSxpress ran in 00:00:34
