11-04 21:53 root         INFO     Verifying the input sequences.
11-04 21:53 root         INFO     Sequences are assumed to be single-end.
11-04 21:53 root         INFO     Temporary directory is: /tmp/itsxpress_emgckj2k
11-04 21:53 root         INFO     Unique sequences are being written to a temporary FASTA file with Vsearch.
11-04 21:53 root         INFO     vsearch v2.7.1_linux_x86_64, 15.6GB RAM, 4 cores
https://github.com/torognes/vsearch

Reading file SRR12683182_pass_1.fastq.gz 100%
1496590 nt in 5014 seqs, min 35, max 301, avg 298
Dereplicating 100%
Sorting 100%
4070 unique sequences, avg cluster 1.2, median 1, max 286
Writing output file 100%
Writing uc file, first part 100%
Writing uc file, second part 100%

11-04 21:53 root         INFO     Searching for ITS start and stop sites using HMMSearch. This step takes a while.
11-04 21:53 root         INFO     Parsing HMM results.
11-04 21:53 root         INFO     Writing out sequences
11-04 21:53 root         DEBUG    No ITS stop or start sites were identified for sequence SRR12683182.3.1, skipping.
11-04 21:53 root         DEBUG    No ITS stop or start sites were identified for sequence SRR12683182.23.1, skipping.
11-04 21:53 root         DEBUG    No ITS stop or start sites were identified for sequence SRR12683182.24.1, skipping.
11-04 21:53 root         DEBUG    No ITS stop or start sites were identified for sequence SRR12683182.51.1, skipping.
11-04 21:53 root         DEBUG    No ITS stop or start sites were identified for sequence SRR12683182.64.1, skipping.
11-04 21:53 root         DEBUG    No ITS stop or start sites were identified for sequence SRR12683182.122.1, skipping.
11-04 21:53 root         DEBUG    No ITS stop or start sites were identified for sequence SRR12683182.458.1, skipping.
11-04 21:53 root         DEBUG    No ITS stop or start sites were identified for sequence SRR12683182.474.1, skipping.
11-04 21:53 root         DEBUG    No ITS stop or start sites were identified for sequence SRR12683182.552.1, skipping.
11-04 21:53 root         DEBUG    No ITS stop or start sites were identified for sequence SRR12683182.571.1, skipping.
11-04 21:53 root         DEBUG    No ITS stop or start sites were identified for sequence SRR12683182.458.1, skipping.
11-04 21:53 root         DEBUG    No ITS stop or start sites were identified for sequence SRR12683182.51.1, skipping.
11-04 21:53 root         DEBUG    No ITS stop or start sites were identified for sequence SRR12683182.714.1, skipping.
11-04 21:53 root         DEBUG    No ITS stop or start sites were identified for sequence SRR12683182.743.1, skipping.
11-04 21:53 root         DEBUG    No ITS stop or start sites were identified for sequence SRR12683182.750.1, skipping.
11-04 21:53 root         DEBUG    No ITS stop or start sites were identified for sequence SRR12683182.768.1, skipping.
11-04 21:53 root         DEBUG    No ITS stop or start sites were identified for sequence SRR12683182.770.1, skipping.
11-04 21:53 root         DEBUG    No ITS stop or start sites were identified for sequence SRR12683182.771.1, skipping.
11-04 21:53 root         DEBUG    No ITS stop or start sites were identified for sequence SRR12683182.805.1, skipping.
11-04 21:53 root         DEBUG    No ITS stop or start sites were identified for sequence SRR12683182.552.1, skipping.
11-04 21:53 root         DEBUG    No ITS stop or start sites were identified for sequence SRR12683182.458.1, skipping.
11-04 21:53 root         DEBUG    No ITS stop or start sites were identified for sequence SRR12683182.1121.1, skipping.
11-04 21:53 root         DEBUG    No ITS stop or start sites were identified for sequence SRR12683182.1148.1, skipping.
11-04 21:53 root         DEBUG    No ITS stop or start sites were identified for sequence SRR12683182.1161.1, skipping.
11-04 21:53 root         DEBUG    No ITS stop or start sites were identified for sequence SRR12683182.1177.1, skipping.
11-04 21:53 root         DEBUG    No ITS stop or start sites were identified for sequence SRR12683182.1211.1, skipping.
11-04 21:53 root         DEBUG    No ITS stop or start sites were identified for sequence SRR12683182.1240.1, skipping.
11-04 21:53 root         DEBUG    No ITS stop or start sites were identified for sequence SRR12683182.1243.1, skipping.
11-04 21:53 root         DEBUG    No ITS stop or start sites were identified for sequence SRR12683182.1263.1, skipping.
11-04 21:53 root         DEBUG    No ITS stop or start sites were identified for sequence SRR12683182.1296.1, skipping.
11-04 21:53 root         DEBUG    No ITS stop or start sites were identified for sequence SRR12683182.552.1, skipping.
11-04 21:53 root         DEBUG    No ITS stop or start sites were identified for sequence SRR12683182.771.1, skipping.
11-04 21:53 root         DEBUG    No ITS stop or start sites were identified for sequence SRR12683182.1423.1, skipping.
11-04 21:53 root         DEBUG    No ITS stop or start sites were identified for sequence SRR12683182.1523.1, skipping.
11-04 21:53 root         DEBUG    No ITS stop or start sites were identified for sequence SRR12683182.1530.1, skipping.
11-04 21:53 root         DEBUG    No ITS stop or start sites were identified for sequence SRR12683182.1579.1, skipping.
11-04 21:53 root         DEBUG    No ITS stop or start sites were identified for sequence SRR12683182.458.1, skipping.
11-04 21:53 root         DEBUG    No ITS stop or start sites were identified for sequence SRR12683182.1600.1, skipping.
11-04 21:53 root         DEBUG    No ITS stop or start sites were identified for sequence SRR12683182.1243.1, skipping.
11-04 21:53 root         DEBUG    No ITS stop or start sites were identified for sequence SRR12683182.1636.1, skipping.
11-04 21:53 root         DEBUG    No ITS stop or start sites were identified for sequence SRR12683182.1640.1, skipping.
11-04 21:53 root         DEBUG    No ITS stop or start sites were identified for sequence SRR12683182.1681.1, skipping.
11-04 21:53 root         DEBUG    No ITS stop or start sites were identified for sequence SRR12683182.458.1, skipping.
11-04 21:53 root         DEBUG    No ITS stop or start sites were identified for sequence SRR12683182.1766.1, skipping.
11-04 21:53 root         DEBUG    No ITS stop or start sites were identified for sequence SRR12683182.1871.1, skipping.
11-04 21:53 root         DEBUG    No ITS stop or start sites were identified for sequence SRR12683182.1886.1, skipping.
11-04 21:53 root         DEBUG    No ITS stop or start sites were identified for sequence SRR12683182.458.1, skipping.
11-04 21:53 root         DEBUG    No ITS stop or start sites were identified for sequence SRR12683182.1886.1, skipping.
11-04 21:53 root         DEBUG    No ITS stop or start sites were identified for sequence SRR12683182.458.1, skipping.
11-04 21:53 root         DEBUG    No ITS stop or start sites were identified for sequence SRR12683182.2140.1, skipping.
11-04 21:53 root         DEBUG    No ITS stop or start sites were identified for sequence SRR12683182.2166.1, skipping.
11-04 21:53 root         DEBUG    No ITS stop or start sites were identified for sequence SRR12683182.2196.1, skipping.
11-04 21:53 root         DEBUG    No ITS stop or start sites were identified for sequence SRR12683182.771.1, skipping.
11-04 21:53 root         DEBUG    No ITS stop or start sites were identified for sequence SRR12683182.2271.1, skipping.
11-04 21:53 root         DEBUG    No ITS stop or start sites were identified for sequence SRR12683182.552.1, skipping.
11-04 21:53 root         DEBUG    No ITS stop or start sites were identified for sequence SRR12683182.2381.1, skipping.
11-04 21:53 root         DEBUG    No ITS stop or start sites were identified for sequence SRR12683182.2476.1, skipping.
11-04 21:53 root         DEBUG    No ITS stop or start sites were identified for sequence SRR12683182.2598.1, skipping.
11-04 21:53 root         DEBUG    No ITS stop or start sites were identified for sequence SRR12683182.2615.1, skipping.
11-04 21:53 root         DEBUG    No ITS stop or start sites were identified for sequence SRR12683182.2633.1, skipping.
11-04 21:53 root         DEBUG    No ITS stop or start sites were identified for sequence SRR12683182.2658.1, skipping.
11-04 21:53 root         DEBUG    No ITS stop or start sites were identified for sequence SRR12683182.1243.1, skipping.
11-04 21:53 root         DEBUG    No ITS stop or start sites were identified for sequence SRR12683182.458.1, skipping.
11-04 21:53 root         DEBUG    No ITS stop or start sites were identified for sequence SRR12683182.2764.1, skipping.
11-04 21:53 root         DEBUG    No ITS stop or start sites were identified for sequence SRR12683182.2765.1, skipping.
11-04 21:53 root         DEBUG    No ITS stop or start sites were identified for sequence SRR12683182.552.1, skipping.
11-04 21:53 root         DEBUG    No ITS stop or start sites were identified for sequence SRR12683182.2830.1, skipping.
11-04 21:53 root         DEBUG    No ITS stop or start sites were identified for sequence SRR12683182.2895.1, skipping.
11-04 21:53 root         DEBUG    No ITS stop or start sites were identified for sequence SRR12683182.2899.1, skipping.
11-04 21:53 root         DEBUG    No ITS stop or start sites were identified for sequence SRR12683182.3023.1, skipping.
11-04 21:53 root         DEBUG    No ITS stop or start sites were identified for sequence SRR12683182.3066.1, skipping.
11-04 21:53 root         DEBUG    No ITS stop or start sites were identified for sequence SRR12683182.3095.1, skipping.
11-04 21:53 root         DEBUG    No ITS stop or start sites were identified for sequence SRR12683182.3128.1, skipping.
11-04 21:53 root         DEBUG    No ITS stop or start sites were identified for sequence SRR12683182.3201.1, skipping.
11-04 21:53 root         DEBUG    No ITS stop or start sites were identified for sequence SRR12683182.3321.1, skipping.
11-04 21:53 root         DEBUG    No ITS stop or start sites were identified for sequence SRR12683182.458.1, skipping.
11-04 21:53 root         DEBUG    No ITS stop or start sites were identified for sequence SRR12683182.3445.1, skipping.
11-04 21:53 root         DEBUG    No ITS stop or start sites were identified for sequence SRR12683182.552.1, skipping.
11-04 21:53 root         DEBUG    No ITS stop or start sites were identified for sequence SRR12683182.3461.1, skipping.
11-04 21:53 root         DEBUG    No ITS stop or start sites were identified for sequence SRR12683182.3480.1, skipping.
11-04 21:53 root         DEBUG    No ITS stop or start sites were identified for sequence SRR12683182.3504.1, skipping.
11-04 21:53 root         DEBUG    No ITS stop or start sites were identified for sequence SRR12683182.3586.1, skipping.
11-04 21:53 root         DEBUG    No ITS stop or start sites were identified for sequence SRR12683182.3609.1, skipping.
11-04 21:53 root         DEBUG    No ITS stop or start sites were identified for sequence SRR12683182.3612.1, skipping.
11-04 21:53 root         DEBUG    No ITS stop or start sites were identified for sequence SRR12683182.3630.1, skipping.
11-04 21:53 root         DEBUG    No ITS stop or start sites were identified for sequence SRR12683182.3690.1, skipping.
11-04 21:53 root         DEBUG    No ITS stop or start sites were identified for sequence SRR12683182.2658.1, skipping.
11-04 21:53 root         DEBUG    No ITS stop or start sites were identified for sequence SRR12683182.552.1, skipping.
11-04 21:53 root         DEBUG    No ITS stop or start sites were identified for sequence SRR12683182.3936.1, skipping.
11-04 21:53 root         DEBUG    No ITS stop or start sites were identified for sequence SRR12683182.3938.1, skipping.
11-04 21:53 root         DEBUG    No ITS stop or start sites were identified for sequence SRR12683182.1243.1, skipping.
11-04 21:53 root         DEBUG    No ITS stop or start sites were identified for sequence SRR12683182.458.1, skipping.
11-04 21:53 root         DEBUG    No ITS stop or start sites were identified for sequence SRR12683182.4063.1, skipping.
11-04 21:53 root         DEBUG    No ITS stop or start sites were identified for sequence SRR12683182.4241.1, skipping.
11-04 21:53 root         DEBUG    No ITS stop or start sites were identified for sequence SRR12683182.4246.1, skipping.
11-04 21:53 root         DEBUG    No ITS stop or start sites were identified for sequence SRR12683182.458.1, skipping.
11-04 21:53 root         DEBUG    No ITS stop or start sites were identified for sequence SRR12683182.4362.1, skipping.
11-04 21:53 root         DEBUG    No ITS stop or start sites were identified for sequence SRR12683182.4483.1, skipping.
11-04 21:53 root         DEBUG    No ITS stop or start sites were identified for sequence SRR12683182.458.1, skipping.
11-04 21:53 root         DEBUG    No ITS stop or start sites were identified for sequence SRR12683182.4519.1, skipping.
11-04 21:53 root         DEBUG    No ITS stop or start sites were identified for sequence SRR12683182.1886.1, skipping.
11-04 21:53 root         DEBUG    No ITS stop or start sites were identified for sequence SRR12683182.64.1, skipping.
11-04 21:53 root         DEBUG    No ITS stop or start sites were identified for sequence SRR12683182.4927.1, skipping.
11-04 21:53 root         INFO     ITSxpress ran in 00:00:38
