11-05 13:11 root         INFO     Verifying the input sequences.
11-05 13:11 root         INFO     Sequences are assumed to be single-end.
11-05 13:11 root         INFO     Temporary directory is: /tmp/itsxpress_5zd_6pcf
11-05 13:11 root         INFO     Unique sequences are being written to a temporary FASTA file with Vsearch.
11-05 13:11 root         INFO     vsearch v2.7.1_linux_x86_64, 15.6GB RAM, 4 cores
https://github.com/torognes/vsearch

Reading file SRR12683217_pass_1.fastq.gz 100%
11168 nt in 38 seqs, min 35, max 301, avg 294
Dereplicating 100%
Sorting 100%
28 unique sequences, avg cluster 1.4, median 1, max 8
Writing output file 100%
Writing uc file, first part 100%
Writing uc file, second part 100%

11-05 13:11 root         INFO     Searching for ITS start and stop sites using HMMSearch. This step takes a while.
11-05 13:11 root         INFO     Parsing HMM results.
11-05 13:11 root         INFO     Writing out sequences
11-05 13:11 root         DEBUG    No ITS stop or start sites were identified for sequence SRR12683217.2.1, skipping.
11-05 13:11 root         DEBUG    No ITS stop or start sites were identified for sequence SRR12683217.4.1, skipping.
11-05 13:11 root         DEBUG    No ITS stop or start sites were identified for sequence SRR12683217.7.1, skipping.
11-05 13:11 root         DEBUG    No ITS stop or start sites were identified for sequence SRR12683217.9.1, skipping.
11-05 13:11 root         DEBUG    No ITS stop or start sites were identified for sequence SRR12683217.13.1, skipping.
11-05 13:11 root         DEBUG    No ITS stop or start sites were identified for sequence SRR12683217.19.1, skipping.
11-05 13:11 root         DEBUG    No ITS stop or start sites were identified for sequence SRR12683217.25.1, skipping.
11-05 13:11 root         DEBUG    No ITS stop or start sites were identified for sequence SRR12683217.26.1, skipping.
11-05 13:11 root         DEBUG    No ITS stop or start sites were identified for sequence SRR12683217.34.1, skipping.
11-05 13:11 root         DEBUG    No ITS stop or start sites were identified for sequence SRR12683217.35.1, skipping.
11-05 13:11 root         DEBUG    No ITS stop or start sites were identified for sequence SRR12683217.36.1, skipping.
11-05 13:11 root         DEBUG    No ITS stop or start sites were identified for sequence SRR12683217.37.1, skipping.
11-05 13:11 root         INFO     ITSxpress ran in 00:00:00
