11-05 13:11 root         INFO     Verifying the input sequences.
11-05 13:11 root         INFO     Sequences are assumed to be single-end.
11-05 13:11 root         INFO     Temporary directory is: /tmp/itsxpress_y1l0r65f
11-05 13:11 root         INFO     Unique sequences are being written to a temporary FASTA file with Vsearch.
11-05 13:11 root         INFO     vsearch v2.7.1_linux_x86_64, 15.6GB RAM, 4 cores
https://github.com/torognes/vsearch

Reading file SRR12683215_pass_1.fastq.gz 100%
109726 nt in 369 seqs, min 35, max 301, avg 297
Dereplicating 100%
Sorting 100%
173 unique sequences, avg cluster 2.1, median 1, max 105
Writing output file 100%
Writing uc file, first part 100%
Writing uc file, second part 100%

11-05 13:11 root         INFO     Searching for ITS start and stop sites using HMMSearch. This step takes a while.
11-05 13:11 root         INFO     Parsing HMM results.
11-05 13:11 root         INFO     Writing out sequences
11-05 13:11 root         DEBUG    No ITS stop or start sites were identified for sequence SRR12683215.19.1, skipping.
11-05 13:11 root         DEBUG    No ITS stop or start sites were identified for sequence SRR12683215.25.1, skipping.
11-05 13:11 root         DEBUG    No ITS stop or start sites were identified for sequence SRR12683215.26.1, skipping.
11-05 13:11 root         DEBUG    No ITS stop or start sites were identified for sequence SRR12683215.26.1, skipping.
11-05 13:11 root         DEBUG    No ITS stop or start sites were identified for sequence SRR12683215.55.1, skipping.
11-05 13:11 root         DEBUG    No ITS stop or start sites were identified for sequence SRR12683215.84.1, skipping.
11-05 13:11 root         DEBUG    No ITS stop or start sites were identified for sequence SRR12683215.90.1, skipping.
11-05 13:11 root         DEBUG    No ITS stop or start sites were identified for sequence SRR12683215.116.1, skipping.
11-05 13:11 root         DEBUG    No ITS stop or start sites were identified for sequence SRR12683215.26.1, skipping.
11-05 13:11 root         DEBUG    No ITS stop or start sites were identified for sequence SRR12683215.152.1, skipping.
11-05 13:11 root         DEBUG    No ITS stop or start sites were identified for sequence SRR12683215.158.1, skipping.
11-05 13:11 root         DEBUG    No ITS stop or start sites were identified for sequence SRR12683215.182.1, skipping.
11-05 13:11 root         DEBUG    No ITS stop or start sites were identified for sequence SRR12683215.203.1, skipping.
11-05 13:11 root         DEBUG    No ITS stop or start sites were identified for sequence SRR12683215.227.1, skipping.
11-05 13:11 root         DEBUG    No ITS stop or start sites were identified for sequence SRR12683215.26.1, skipping.
11-05 13:11 root         DEBUG    No ITS stop or start sites were identified for sequence SRR12683215.262.1, skipping.
11-05 13:11 root         DEBUG    No ITS stop or start sites were identified for sequence SRR12683215.304.1, skipping.
11-05 13:11 root         DEBUG    No ITS stop or start sites were identified for sequence SRR12683215.305.1, skipping.
11-05 13:11 root         DEBUG    No ITS stop or start sites were identified for sequence SRR12683215.326.1, skipping.
11-05 13:11 root         INFO     ITSxpress ran in 00:00:03
