11-04 21:56 root         INFO     Verifying the input sequences.
11-04 21:56 root         INFO     Sequences are assumed to be single-end.
11-04 21:56 root         INFO     Temporary directory is: /tmp/itsxpress_vwrkjb1n
11-04 21:56 root         INFO     Unique sequences are being written to a temporary FASTA file with Vsearch.
11-04 21:56 root         INFO     vsearch v2.7.1_linux_x86_64, 15.6GB RAM, 4 cores
https://github.com/torognes/vsearch

Reading file SRR12683191_pass_1.fastq.gz 100%
1301179 nt in 4452 seqs, min 35, max 301, avg 292
Dereplicating 100%
Sorting 100%
3512 unique sequences, avg cluster 1.3, median 1, max 257
Writing output file 100%
Writing uc file, first part 100%
Writing uc file, second part 100%

11-04 21:56 root         INFO     Searching for ITS start and stop sites using HMMSearch. This step takes a while.
11-04 21:57 root         INFO     Parsing HMM results.
11-04 21:57 root         INFO     Writing out sequences
11-04 21:57 root         DEBUG    No ITS stop or start sites were identified for sequence SRR12683191.31.1, skipping.
11-04 21:57 root         DEBUG    No ITS stop or start sites were identified for sequence SRR12683191.54.1, skipping.
11-04 21:57 root         DEBUG    No ITS stop or start sites were identified for sequence SRR12683191.56.1, skipping.
11-04 21:57 root         DEBUG    No ITS stop or start sites were identified for sequence SRR12683191.73.1, skipping.
11-04 21:57 root         DEBUG    No ITS stop or start sites were identified for sequence SRR12683191.56.1, skipping.
11-04 21:57 root         DEBUG    No ITS stop or start sites were identified for sequence SRR12683191.91.1, skipping.
11-04 21:57 root         DEBUG    No ITS stop or start sites were identified for sequence SRR12683191.109.1, skipping.
11-04 21:57 root         DEBUG    No ITS stop or start sites were identified for sequence SRR12683191.134.1, skipping.
11-04 21:57 root         DEBUG    No ITS stop or start sites were identified for sequence SRR12683191.140.1, skipping.
11-04 21:57 root         DEBUG    No ITS stop or start sites were identified for sequence SRR12683191.155.1, skipping.
11-04 21:57 root         DEBUG    No ITS stop or start sites were identified for sequence SRR12683191.56.1, skipping.
11-04 21:57 root         DEBUG    No ITS stop or start sites were identified for sequence SRR12683191.170.1, skipping.
11-04 21:57 root         DEBUG    No ITS stop or start sites were identified for sequence SRR12683191.181.1, skipping.
11-04 21:57 root         DEBUG    No ITS stop or start sites were identified for sequence SRR12683191.109.1, skipping.
11-04 21:57 root         DEBUG    No ITS stop or start sites were identified for sequence SRR12683191.201.1, skipping.
11-04 21:57 root         DEBUG    No ITS stop or start sites were identified for sequence SRR12683191.205.1, skipping.
11-04 21:57 root         DEBUG    No ITS stop or start sites were identified for sequence SRR12683191.109.1, skipping.
11-04 21:57 root         DEBUG    No ITS stop or start sites were identified for sequence SRR12683191.223.1, skipping.
11-04 21:57 root         DEBUG    No ITS stop or start sites were identified for sequence SRR12683191.232.1, skipping.
11-04 21:57 root         DEBUG    No ITS stop or start sites were identified for sequence SRR12683191.56.1, skipping.
11-04 21:57 root         DEBUG    No ITS stop or start sites were identified for sequence SRR12683191.261.1, skipping.
11-04 21:57 root         DEBUG    No ITS stop or start sites were identified for sequence SRR12683191.264.1, skipping.
11-04 21:57 root         DEBUG    No ITS stop or start sites were identified for sequence SRR12683191.280.1, skipping.
11-04 21:57 root         DEBUG    No ITS stop or start sites were identified for sequence SRR12683191.310.1, skipping.
11-04 21:57 root         DEBUG    No ITS stop or start sites were identified for sequence SRR12683191.317.1, skipping.
11-04 21:57 root         DEBUG    No ITS stop or start sites were identified for sequence SRR12683191.109.1, skipping.
11-04 21:57 root         DEBUG    No ITS stop or start sites were identified for sequence SRR12683191.223.1, skipping.
11-04 21:57 root         DEBUG    No ITS stop or start sites were identified for sequence SRR12683191.223.1, skipping.
11-04 21:57 root         DEBUG    No ITS stop or start sites were identified for sequence SRR12683191.340.1, skipping.
11-04 21:57 root         DEBUG    No ITS stop or start sites were identified for sequence SRR12683191.341.1, skipping.
11-04 21:57 root         DEBUG    No ITS stop or start sites were identified for sequence SRR12683191.346.1, skipping.
11-04 21:57 root         DEBUG    No ITS stop or start sites were identified for sequence SRR12683191.358.1, skipping.
11-04 21:57 root         DEBUG    No ITS stop or start sites were identified for sequence SRR12683191.374.1, skipping.
11-04 21:57 root         DEBUG    No ITS stop or start sites were identified for sequence SRR12683191.392.1, skipping.
11-04 21:57 root         DEBUG    No ITS stop or start sites were identified for sequence SRR12683191.394.1, skipping.
11-04 21:57 root         DEBUG    No ITS stop or start sites were identified for sequence SRR12683191.56.1, skipping.
11-04 21:57 root         DEBUG    No ITS stop or start sites were identified for sequence SRR12683191.418.1, skipping.
11-04 21:57 root         DEBUG    No ITS stop or start sites were identified for sequence SRR12683191.346.1, skipping.
11-04 21:57 root         DEBUG    No ITS stop or start sites were identified for sequence SRR12683191.421.1, skipping.
11-04 21:57 root         DEBUG    No ITS stop or start sites were identified for sequence SRR12683191.425.1, skipping.
11-04 21:57 root         DEBUG    No ITS stop or start sites were identified for sequence SRR12683191.374.1, skipping.
11-04 21:57 root         DEBUG    No ITS stop or start sites were identified for sequence SRR12683191.109.1, skipping.
11-04 21:57 root         DEBUG    No ITS stop or start sites were identified for sequence SRR12683191.518.1, skipping.
11-04 21:57 root         DEBUG    No ITS stop or start sites were identified for sequence SRR12683191.540.1, skipping.
11-04 21:57 root         DEBUG    No ITS stop or start sites were identified for sequence SRR12683191.541.1, skipping.
11-04 21:57 root         DEBUG    No ITS stop or start sites were identified for sequence SRR12683191.551.1, skipping.
11-04 21:57 root         DEBUG    No ITS stop or start sites were identified for sequence SRR12683191.552.1, skipping.
11-04 21:57 root         DEBUG    No ITS stop or start sites were identified for sequence SRR12683191.109.1, skipping.
11-04 21:57 root         DEBUG    No ITS stop or start sites were identified for sequence SRR12683191.577.1, skipping.
11-04 21:57 root         DEBUG    No ITS stop or start sites were identified for sequence SRR12683191.586.1, skipping.
11-04 21:57 root         DEBUG    No ITS stop or start sites were identified for sequence SRR12683191.134.1, skipping.
11-04 21:57 root         DEBUG    No ITS stop or start sites were identified for sequence SRR12683191.594.1, skipping.
11-04 21:57 root         DEBUG    No ITS stop or start sites were identified for sequence SRR12683191.109.1, skipping.
11-04 21:57 root         DEBUG    No ITS stop or start sites were identified for sequence SRR12683191.648.1, skipping.
11-04 21:57 root         DEBUG    No ITS stop or start sites were identified for sequence SRR12683191.649.1, skipping.
11-04 21:57 root         DEBUG    No ITS stop or start sites were identified for sequence SRR12683191.654.1, skipping.
11-04 21:57 root         DEBUG    No ITS stop or start sites were identified for sequence SRR12683191.683.1, skipping.
11-04 21:57 root         DEBUG    No ITS stop or start sites were identified for sequence SRR12683191.685.1, skipping.
11-04 21:57 root         DEBUG    No ITS stop or start sites were identified for sequence SRR12683191.649.1, skipping.
11-04 21:57 root         DEBUG    No ITS stop or start sites were identified for sequence SRR12683191.688.1, skipping.
11-04 21:57 root         DEBUG    No ITS stop or start sites were identified for sequence SRR12683191.694.1, skipping.
11-04 21:57 root         DEBUG    No ITS stop or start sites were identified for sequence SRR12683191.540.1, skipping.
11-04 21:57 root         DEBUG    No ITS stop or start sites were identified for sequence SRR12683191.261.1, skipping.
11-04 21:57 root         DEBUG    No ITS stop or start sites were identified for sequence SRR12683191.729.1, skipping.
11-04 21:57 root         DEBUG    No ITS stop or start sites were identified for sequence SRR12683191.734.1, skipping.
11-04 21:57 root         DEBUG    No ITS stop or start sites were identified for sequence SRR12683191.737.1, skipping.
11-04 21:57 root         DEBUG    No ITS stop or start sites were identified for sequence SRR12683191.540.1, skipping.
11-04 21:57 root         DEBUG    No ITS stop or start sites were identified for sequence SRR12683191.756.1, skipping.
11-04 21:57 root         DEBUG    No ITS stop or start sites were identified for sequence SRR12683191.765.1, skipping.
11-04 21:57 root         DEBUG    No ITS stop or start sites were identified for sequence SRR12683191.772.1, skipping.
11-04 21:57 root         DEBUG    No ITS stop or start sites were identified for sequence SRR12683191.773.1, skipping.
11-04 21:57 root         DEBUG    No ITS stop or start sites were identified for sequence SRR12683191.205.1, skipping.
11-04 21:57 root         DEBUG    No ITS stop or start sites were identified for sequence SRR12683191.56.1, skipping.
11-04 21:57 root         DEBUG    No ITS stop or start sites were identified for sequence SRR12683191.790.1, skipping.
11-04 21:57 root         DEBUG    No ITS stop or start sites were identified for sequence SRR12683191.797.1, skipping.
11-04 21:57 root         DEBUG    No ITS stop or start sites were identified for sequence SRR12683191.811.1, skipping.
11-04 21:57 root         DEBUG    No ITS stop or start sites were identified for sequence SRR12683191.819.1, skipping.
11-04 21:57 root         DEBUG    No ITS stop or start sites were identified for sequence SRR12683191.833.1, skipping.
11-04 21:57 root         DEBUG    No ITS stop or start sites were identified for sequence SRR12683191.846.1, skipping.
11-04 21:57 root         DEBUG    No ITS stop or start sites were identified for sequence SRR12683191.853.1, skipping.
11-04 21:57 root         DEBUG    No ITS stop or start sites were identified for sequence SRR12683191.860.1, skipping.
11-04 21:57 root         DEBUG    No ITS stop or start sites were identified for sequence SRR12683191.56.1, skipping.
11-04 21:57 root         DEBUG    No ITS stop or start sites were identified for sequence SRR12683191.109.1, skipping.
11-04 21:57 root         DEBUG    No ITS stop or start sites were identified for sequence SRR12683191.898.1, skipping.
11-04 21:57 root         DEBUG    No ITS stop or start sites were identified for sequence SRR12683191.109.1, skipping.
11-04 21:57 root         DEBUG    No ITS stop or start sites were identified for sequence SRR12683191.917.1, skipping.
11-04 21:57 root         DEBUG    No ITS stop or start sites were identified for sequence SRR12683191.928.1, skipping.
11-04 21:57 root         DEBUG    No ITS stop or start sites were identified for sequence SRR12683191.941.1, skipping.
11-04 21:57 root         DEBUG    No ITS stop or start sites were identified for sequence SRR12683191.945.1, skipping.
11-04 21:57 root         DEBUG    No ITS stop or start sites were identified for sequence SRR12683191.949.1, skipping.
11-04 21:57 root         DEBUG    No ITS stop or start sites were identified for sequence SRR12683191.974.1, skipping.
11-04 21:57 root         DEBUG    No ITS stop or start sites were identified for sequence SRR12683191.223.1, skipping.
11-04 21:57 root         DEBUG    No ITS stop or start sites were identified for sequence SRR12683191.232.1, skipping.
11-04 21:57 root         DEBUG    No ITS stop or start sites were identified for sequence SRR12683191.1038.1, skipping.
11-04 21:57 root         DEBUG    No ITS stop or start sites were identified for sequence SRR12683191.56.1, skipping.
11-04 21:57 root         DEBUG    No ITS stop or start sites were identified for sequence SRR12683191.1053.1, skipping.
11-04 21:57 root         DEBUG    No ITS stop or start sites were identified for sequence SRR12683191.1058.1, skipping.
11-04 21:57 root         DEBUG    No ITS stop or start sites were identified for sequence SRR12683191.1063.1, skipping.
11-04 21:57 root         DEBUG    No ITS stop or start sites were identified for sequence SRR12683191.1086.1, skipping.
11-04 21:57 root         DEBUG    No ITS stop or start sites were identified for sequence SRR12683191.1087.1, skipping.
11-04 21:57 root         DEBUG    No ITS stop or start sites were identified for sequence SRR12683191.109.1, skipping.
11-04 21:57 root         DEBUG    No ITS stop or start sites were identified for sequence SRR12683191.1105.1, skipping.
11-04 21:57 root         DEBUG    No ITS stop or start sites were identified for sequence SRR12683191.56.1, skipping.
11-04 21:57 root         DEBUG    No ITS stop or start sites were identified for sequence SRR12683191.1109.1, skipping.
11-04 21:57 root         DEBUG    No ITS stop or start sites were identified for sequence SRR12683191.1110.1, skipping.
11-04 21:57 root         DEBUG    No ITS stop or start sites were identified for sequence SRR12683191.811.1, skipping.
11-04 21:57 root         DEBUG    No ITS stop or start sites were identified for sequence SRR12683191.1131.1, skipping.
11-04 21:57 root         DEBUG    No ITS stop or start sites were identified for sequence SRR12683191.1134.1, skipping.
11-04 21:57 root         DEBUG    No ITS stop or start sites were identified for sequence SRR12683191.1136.1, skipping.
11-04 21:57 root         DEBUG    No ITS stop or start sites were identified for sequence SRR12683191.1147.1, skipping.
11-04 21:57 root         DEBUG    No ITS stop or start sites were identified for sequence SRR12683191.1149.1, skipping.
11-04 21:57 root         DEBUG    No ITS stop or start sites were identified for sequence SRR12683191.1156.1, skipping.
11-04 21:57 root         DEBUG    No ITS stop or start sites were identified for sequence SRR12683191.1168.1, skipping.
11-04 21:57 root         DEBUG    No ITS stop or start sites were identified for sequence SRR12683191.1171.1, skipping.
11-04 21:57 root         DEBUG    No ITS stop or start sites were identified for sequence SRR12683191.1176.1, skipping.
11-04 21:57 root         DEBUG    No ITS stop or start sites were identified for sequence SRR12683191.540.1, skipping.
11-04 21:57 root         DEBUG    No ITS stop or start sites were identified for sequence SRR12683191.1234.1, skipping.
11-04 21:57 root         DEBUG    No ITS stop or start sites were identified for sequence SRR12683191.1257.1, skipping.
11-04 21:57 root         DEBUG    No ITS stop or start sites were identified for sequence SRR12683191.1267.1, skipping.
11-04 21:57 root         DEBUG    No ITS stop or start sites were identified for sequence SRR12683191.1289.1, skipping.
11-04 21:57 root         DEBUG    No ITS stop or start sites were identified for sequence SRR12683191.1309.1, skipping.
11-04 21:57 root         DEBUG    No ITS stop or start sites were identified for sequence SRR12683191.1315.1, skipping.
11-04 21:57 root         DEBUG    No ITS stop or start sites were identified for sequence SRR12683191.1350.1, skipping.
11-04 21:57 root         DEBUG    No ITS stop or start sites were identified for sequence SRR12683191.1359.1, skipping.
11-04 21:57 root         DEBUG    No ITS stop or start sites were identified for sequence SRR12683191.1365.1, skipping.
11-04 21:57 root         DEBUG    No ITS stop or start sites were identified for sequence SRR12683191.1388.1, skipping.
11-04 21:57 root         DEBUG    No ITS stop or start sites were identified for sequence SRR12683191.1398.1, skipping.
11-04 21:57 root         DEBUG    No ITS stop or start sites were identified for sequence SRR12683191.109.1, skipping.
11-04 21:57 root         DEBUG    No ITS stop or start sites were identified for sequence SRR12683191.1407.1, skipping.
11-04 21:57 root         DEBUG    No ITS stop or start sites were identified for sequence SRR12683191.1429.1, skipping.
11-04 21:57 root         DEBUG    No ITS stop or start sites were identified for sequence SRR12683191.392.1, skipping.
11-04 21:57 root         DEBUG    No ITS stop or start sites were identified for sequence SRR12683191.392.1, skipping.
11-04 21:57 root         DEBUG    No ITS stop or start sites were identified for sequence SRR12683191.109.1, skipping.
11-04 21:57 root         DEBUG    No ITS stop or start sites were identified for sequence SRR12683191.1461.1, skipping.
11-04 21:57 root         DEBUG    No ITS stop or start sites were identified for sequence SRR12683191.1462.1, skipping.
11-04 21:57 root         DEBUG    No ITS stop or start sites were identified for sequence SRR12683191.1465.1, skipping.
11-04 21:57 root         DEBUG    No ITS stop or start sites were identified for sequence SRR12683191.56.1, skipping.
11-04 21:57 root         DEBUG    No ITS stop or start sites were identified for sequence SRR12683191.1489.1, skipping.
11-04 21:57 root         DEBUG    No ITS stop or start sites were identified for sequence SRR12683191.56.1, skipping.
11-04 21:57 root         DEBUG    No ITS stop or start sites were identified for sequence SRR12683191.223.1, skipping.
11-04 21:57 root         DEBUG    No ITS stop or start sites were identified for sequence SRR12683191.1501.1, skipping.
11-04 21:57 root         DEBUG    No ITS stop or start sites were identified for sequence SRR12683191.1509.1, skipping.
11-04 21:57 root         DEBUG    No ITS stop or start sites were identified for sequence SRR12683191.1525.1, skipping.
11-04 21:57 root         DEBUG    No ITS stop or start sites were identified for sequence SRR12683191.1545.1, skipping.
11-04 21:57 root         DEBUG    No ITS stop or start sites were identified for sequence SRR12683191.56.1, skipping.
11-04 21:57 root         DEBUG    No ITS stop or start sites were identified for sequence SRR12683191.811.1, skipping.
11-04 21:57 root         DEBUG    No ITS stop or start sites were identified for sequence SRR12683191.518.1, skipping.
11-04 21:57 root         DEBUG    No ITS stop or start sites were identified for sequence SRR12683191.1590.1, skipping.
11-04 21:57 root         DEBUG    No ITS stop or start sites were identified for sequence SRR12683191.346.1, skipping.
11-04 21:57 root         DEBUG    No ITS stop or start sites were identified for sequence SRR12683191.1398.1, skipping.
11-04 21:57 root         DEBUG    No ITS stop or start sites were identified for sequence SRR12683191.797.1, skipping.
11-04 21:57 root         DEBUG    No ITS stop or start sites were identified for sequence SRR12683191.1621.1, skipping.
11-04 21:57 root         DEBUG    No ITS stop or start sites were identified for sequence SRR12683191.694.1, skipping.
11-04 21:57 root         DEBUG    No ITS stop or start sites were identified for sequence SRR12683191.56.1, skipping.
11-04 21:57 root         DEBUG    No ITS stop or start sites were identified for sequence SRR12683191.392.1, skipping.
11-04 21:57 root         DEBUG    No ITS stop or start sites were identified for sequence SRR12683191.346.1, skipping.
11-04 21:57 root         DEBUG    No ITS stop or start sites were identified for sequence SRR12683191.109.1, skipping.
11-04 21:57 root         DEBUG    No ITS stop or start sites were identified for sequence SRR12683191.1710.1, skipping.
11-04 21:57 root         DEBUG    No ITS stop or start sites were identified for sequence SRR12683191.73.1, skipping.
11-04 21:57 root         DEBUG    No ITS stop or start sites were identified for sequence SRR12683191.56.1, skipping.
11-04 21:57 root         DEBUG    No ITS stop or start sites were identified for sequence SRR12683191.134.1, skipping.
11-04 21:57 root         DEBUG    No ITS stop or start sites were identified for sequence SRR12683191.1750.1, skipping.
11-04 21:57 root         DEBUG    No ITS stop or start sites were identified for sequence SRR12683191.1752.1, skipping.
11-04 21:57 root         DEBUG    No ITS stop or start sites were identified for sequence SRR12683191.109.1, skipping.
11-04 21:57 root         DEBUG    No ITS stop or start sites were identified for sequence SRR12683191.56.1, skipping.
11-04 21:57 root         DEBUG    No ITS stop or start sites were identified for sequence SRR12683191.1777.1, skipping.
11-04 21:57 root         DEBUG    No ITS stop or start sites were identified for sequence SRR12683191.819.1, skipping.
11-04 21:57 root         DEBUG    No ITS stop or start sites were identified for sequence SRR12683191.1821.1, skipping.
11-04 21:57 root         DEBUG    No ITS stop or start sites were identified for sequence SRR12683191.73.1, skipping.
11-04 21:57 root         DEBUG    No ITS stop or start sites were identified for sequence SRR12683191.73.1, skipping.
11-04 21:57 root         DEBUG    No ITS stop or start sites were identified for sequence SRR12683191.1847.1, skipping.
11-04 21:57 root         DEBUG    No ITS stop or start sites were identified for sequence SRR12683191.1854.1, skipping.
11-04 21:57 root         DEBUG    No ITS stop or start sites were identified for sequence SRR12683191.1874.1, skipping.
11-04 21:57 root         DEBUG    No ITS stop or start sites were identified for sequence SRR12683191.811.1, skipping.
11-04 21:57 root         DEBUG    No ITS stop or start sites were identified for sequence SRR12683191.1893.1, skipping.
11-04 21:57 root         DEBUG    No ITS stop or start sites were identified for sequence SRR12683191.811.1, skipping.
11-04 21:57 root         DEBUG    No ITS stop or start sites were identified for sequence SRR12683191.1909.1, skipping.
11-04 21:57 root         DEBUG    No ITS stop or start sites were identified for sequence SRR12683191.1854.1, skipping.
11-04 21:57 root         DEBUG    No ITS stop or start sites were identified for sequence SRR12683191.1914.1, skipping.
11-04 21:57 root         DEBUG    No ITS stop or start sites were identified for sequence SRR12683191.1915.1, skipping.
11-04 21:57 root         DEBUG    No ITS stop or start sites were identified for sequence SRR12683191.540.1, skipping.
11-04 21:57 root         DEBUG    No ITS stop or start sites were identified for sequence SRR12683191.1777.1, skipping.
11-04 21:57 root         DEBUG    No ITS stop or start sites were identified for sequence SRR12683191.1924.1, skipping.
11-04 21:57 root         DEBUG    No ITS stop or start sites were identified for sequence SRR12683191.1927.1, skipping.
11-04 21:57 root         DEBUG    No ITS stop or start sites were identified for sequence SRR12683191.1940.1, skipping.
11-04 21:57 root         DEBUG    No ITS stop or start sites were identified for sequence SRR12683191.56.1, skipping.
11-04 21:57 root         DEBUG    No ITS stop or start sites were identified for sequence SRR12683191.586.1, skipping.
11-04 21:57 root         DEBUG    No ITS stop or start sites were identified for sequence SRR12683191.134.1, skipping.
11-04 21:57 root         DEBUG    No ITS stop or start sites were identified for sequence SRR12683191.1960.1, skipping.
11-04 21:57 root         DEBUG    No ITS stop or start sites were identified for sequence SRR12683191.205.1, skipping.
11-04 21:57 root         DEBUG    No ITS stop or start sites were identified for sequence SRR12683191.2019.1, skipping.
11-04 21:57 root         DEBUG    No ITS stop or start sites were identified for sequence SRR12683191.2029.1, skipping.
11-04 21:57 root         DEBUG    No ITS stop or start sites were identified for sequence SRR12683191.2062.1, skipping.
11-04 21:57 root         DEBUG    No ITS stop or start sites were identified for sequence SRR12683191.2079.1, skipping.
11-04 21:57 root         DEBUG    No ITS stop or start sites were identified for sequence SRR12683191.2081.1, skipping.
11-04 21:57 root         DEBUG    No ITS stop or start sites were identified for sequence SRR12683191.2083.1, skipping.
11-04 21:57 root         DEBUG    No ITS stop or start sites were identified for sequence SRR12683191.2087.1, skipping.
11-04 21:57 root         DEBUG    No ITS stop or start sites were identified for sequence SRR12683191.2113.1, skipping.
11-04 21:57 root         DEBUG    No ITS stop or start sites were identified for sequence SRR12683191.2114.1, skipping.
11-04 21:57 root         DEBUG    No ITS stop or start sites were identified for sequence SRR12683191.2123.1, skipping.
11-04 21:57 root         DEBUG    No ITS stop or start sites were identified for sequence SRR12683191.1398.1, skipping.
11-04 21:57 root         DEBUG    No ITS stop or start sites were identified for sequence SRR12683191.31.1, skipping.
11-04 21:57 root         DEBUG    No ITS stop or start sites were identified for sequence SRR12683191.577.1, skipping.
11-04 21:57 root         DEBUG    No ITS stop or start sites were identified for sequence SRR12683191.2182.1, skipping.
11-04 21:57 root         DEBUG    No ITS stop or start sites were identified for sequence SRR12683191.694.1, skipping.
11-04 21:57 root         DEBUG    No ITS stop or start sites were identified for sequence SRR12683191.2202.1, skipping.
11-04 21:57 root         DEBUG    No ITS stop or start sites were identified for sequence SRR12683191.56.1, skipping.
11-04 21:57 root         DEBUG    No ITS stop or start sites were identified for sequence SRR12683191.2228.1, skipping.
11-04 21:57 root         DEBUG    No ITS stop or start sites were identified for sequence SRR12683191.56.1, skipping.
11-04 21:57 root         DEBUG    No ITS stop or start sites were identified for sequence SRR12683191.56.1, skipping.
11-04 21:57 root         DEBUG    No ITS stop or start sites were identified for sequence SRR12683191.2239.1, skipping.
11-04 21:57 root         DEBUG    No ITS stop or start sites were identified for sequence SRR12683191.2241.1, skipping.
11-04 21:57 root         DEBUG    No ITS stop or start sites were identified for sequence SRR12683191.2242.1, skipping.
11-04 21:57 root         DEBUG    No ITS stop or start sites were identified for sequence SRR12683191.1854.1, skipping.
11-04 21:57 root         DEBUG    No ITS stop or start sites were identified for sequence SRR12683191.2257.1, skipping.
11-04 21:57 root         DEBUG    No ITS stop or start sites were identified for sequence SRR12683191.2285.1, skipping.
11-04 21:57 root         DEBUG    No ITS stop or start sites were identified for sequence SRR12683191.2291.1, skipping.
11-04 21:57 root         DEBUG    No ITS stop or start sites were identified for sequence SRR12683191.2301.1, skipping.
11-04 21:57 root         DEBUG    No ITS stop or start sites were identified for sequence SRR12683191.56.1, skipping.
11-04 21:57 root         DEBUG    No ITS stop or start sites were identified for sequence SRR12683191.109.1, skipping.
11-04 21:57 root         DEBUG    No ITS stop or start sites were identified for sequence SRR12683191.797.1, skipping.
11-04 21:57 root         DEBUG    No ITS stop or start sites were identified for sequence SRR12683191.2360.1, skipping.
11-04 21:57 root         DEBUG    No ITS stop or start sites were identified for sequence SRR12683191.2368.1, skipping.
11-04 21:57 root         DEBUG    No ITS stop or start sites were identified for sequence SRR12683191.2369.1, skipping.
11-04 21:57 root         DEBUG    No ITS stop or start sites were identified for sequence SRR12683191.109.1, skipping.
11-04 21:57 root         DEBUG    No ITS stop or start sites were identified for sequence SRR12683191.540.1, skipping.
11-04 21:57 root         DEBUG    No ITS stop or start sites were identified for sequence SRR12683191.2426.1, skipping.
11-04 21:57 root         DEBUG    No ITS stop or start sites were identified for sequence SRR12683191.2428.1, skipping.
11-04 21:57 root         DEBUG    No ITS stop or start sites were identified for sequence SRR12683191.797.1, skipping.
11-04 21:57 root         DEBUG    No ITS stop or start sites were identified for sequence SRR12683191.2437.1, skipping.
11-04 21:57 root         DEBUG    No ITS stop or start sites were identified for sequence SRR12683191.2450.1, skipping.
11-04 21:57 root         DEBUG    No ITS stop or start sites were identified for sequence SRR12683191.2459.1, skipping.
11-04 21:57 root         DEBUG    No ITS stop or start sites were identified for sequence SRR12683191.518.1, skipping.
11-04 21:57 root         DEBUG    No ITS stop or start sites were identified for sequence SRR12683191.1854.1, skipping.
11-04 21:57 root         DEBUG    No ITS stop or start sites were identified for sequence SRR12683191.2476.1, skipping.
11-04 21:57 root         DEBUG    No ITS stop or start sites were identified for sequence SRR12683191.2487.1, skipping.
11-04 21:57 root         DEBUG    No ITS stop or start sites were identified for sequence SRR12683191.1429.1, skipping.
11-04 21:57 root         DEBUG    No ITS stop or start sites were identified for sequence SRR12683191.2518.1, skipping.
11-04 21:57 root         DEBUG    No ITS stop or start sites were identified for sequence SRR12683191.2523.1, skipping.
11-04 21:57 root         DEBUG    No ITS stop or start sites were identified for sequence SRR12683191.56.1, skipping.
11-04 21:57 root         DEBUG    No ITS stop or start sites were identified for sequence SRR12683191.2527.1, skipping.
11-04 21:57 root         DEBUG    No ITS stop or start sites were identified for sequence SRR12683191.392.1, skipping.
11-04 21:57 root         DEBUG    No ITS stop or start sites were identified for sequence SRR12683191.1893.1, skipping.
11-04 21:57 root         DEBUG    No ITS stop or start sites were identified for sequence SRR12683191.2552.1, skipping.
11-04 21:57 root         DEBUG    No ITS stop or start sites were identified for sequence SRR12683191.2554.1, skipping.
11-04 21:57 root         DEBUG    No ITS stop or start sites were identified for sequence SRR12683191.2557.1, skipping.
11-04 21:57 root         DEBUG    No ITS stop or start sites were identified for sequence SRR12683191.2564.1, skipping.
11-04 21:57 root         DEBUG    No ITS stop or start sites were identified for sequence SRR12683191.2573.1, skipping.
11-04 21:57 root         DEBUG    No ITS stop or start sites were identified for sequence SRR12683191.2584.1, skipping.
11-04 21:57 root         DEBUG    No ITS stop or start sites were identified for sequence SRR12683191.2637.1, skipping.
11-04 21:57 root         DEBUG    No ITS stop or start sites were identified for sequence SRR12683191.2650.1, skipping.
11-04 21:57 root         DEBUG    No ITS stop or start sites were identified for sequence SRR12683191.2661.1, skipping.
11-04 21:57 root         DEBUG    No ITS stop or start sites were identified for sequence SRR12683191.2228.1, skipping.
11-04 21:57 root         DEBUG    No ITS stop or start sites were identified for sequence SRR12683191.56.1, skipping.
11-04 21:57 root         DEBUG    No ITS stop or start sites were identified for sequence SRR12683191.109.1, skipping.
11-04 21:57 root         DEBUG    No ITS stop or start sites were identified for sequence SRR12683191.2682.1, skipping.
11-04 21:57 root         DEBUG    No ITS stop or start sites were identified for sequence SRR12683191.2705.1, skipping.
11-04 21:57 root         DEBUG    No ITS stop or start sites were identified for sequence SRR12683191.2706.1, skipping.
11-04 21:57 root         DEBUG    No ITS stop or start sites were identified for sequence SRR12683191.2717.1, skipping.
11-04 21:57 root         DEBUG    No ITS stop or start sites were identified for sequence SRR12683191.2720.1, skipping.
11-04 21:57 root         DEBUG    No ITS stop or start sites were identified for sequence SRR12683191.2728.1, skipping.
11-04 21:57 root         DEBUG    No ITS stop or start sites were identified for sequence SRR12683191.2740.1, skipping.
11-04 21:57 root         DEBUG    No ITS stop or start sites were identified for sequence SRR12683191.2741.1, skipping.
11-04 21:57 root         DEBUG    No ITS stop or start sites were identified for sequence SRR12683191.2744.1, skipping.
11-04 21:57 root         DEBUG    No ITS stop or start sites were identified for sequence SRR12683191.134.1, skipping.
11-04 21:57 root         DEBUG    No ITS stop or start sites were identified for sequence SRR12683191.109.1, skipping.
11-04 21:57 root         DEBUG    No ITS stop or start sites were identified for sequence SRR12683191.2777.1, skipping.
11-04 21:57 root         DEBUG    No ITS stop or start sites were identified for sequence SRR12683191.392.1, skipping.
11-04 21:57 root         DEBUG    No ITS stop or start sites were identified for sequence SRR12683191.2202.1, skipping.
11-04 21:57 root         DEBUG    No ITS stop or start sites were identified for sequence SRR12683191.109.1, skipping.
11-04 21:57 root         DEBUG    No ITS stop or start sites were identified for sequence SRR12683191.56.1, skipping.
11-04 21:57 root         DEBUG    No ITS stop or start sites were identified for sequence SRR12683191.694.1, skipping.
11-04 21:57 root         DEBUG    No ITS stop or start sites were identified for sequence SRR12683191.2864.1, skipping.
11-04 21:57 root         DEBUG    No ITS stop or start sites were identified for sequence SRR12683191.1315.1, skipping.
11-04 21:57 root         DEBUG    No ITS stop or start sites were identified for sequence SRR12683191.392.1, skipping.
11-04 21:57 root         DEBUG    No ITS stop or start sites were identified for sequence SRR12683191.2906.1, skipping.
11-04 21:57 root         DEBUG    No ITS stop or start sites were identified for sequence SRR12683191.2929.1, skipping.
11-04 21:57 root         DEBUG    No ITS stop or start sites were identified for sequence SRR12683191.2933.1, skipping.
11-04 21:57 root         DEBUG    No ITS stop or start sites were identified for sequence SRR12683191.2963.1, skipping.
11-04 21:57 root         DEBUG    No ITS stop or start sites were identified for sequence SRR12683191.56.1, skipping.
11-04 21:57 root         DEBUG    No ITS stop or start sites were identified for sequence SRR12683191.1777.1, skipping.
11-04 21:57 root         DEBUG    No ITS stop or start sites were identified for sequence SRR12683191.109.1, skipping.
11-04 21:57 root         DEBUG    No ITS stop or start sites were identified for sequence SRR12683191.2977.1, skipping.
11-04 21:57 root         DEBUG    No ITS stop or start sites were identified for sequence SRR12683191.2982.1, skipping.
11-04 21:57 root         DEBUG    No ITS stop or start sites were identified for sequence SRR12683191.2984.1, skipping.
11-04 21:57 root         DEBUG    No ITS stop or start sites were identified for sequence SRR12683191.2369.1, skipping.
11-04 21:57 root         DEBUG    No ITS stop or start sites were identified for sequence SRR12683191.109.1, skipping.
11-04 21:57 root         DEBUG    No ITS stop or start sites were identified for sequence SRR12683191.1136.1, skipping.
11-04 21:57 root         DEBUG    No ITS stop or start sites were identified for sequence SRR12683191.3045.1, skipping.
11-04 21:57 root         DEBUG    No ITS stop or start sites were identified for sequence SRR12683191.3058.1, skipping.
11-04 21:57 root         DEBUG    No ITS stop or start sites were identified for sequence SRR12683191.109.1, skipping.
11-04 21:57 root         DEBUG    No ITS stop or start sites were identified for sequence SRR12683191.811.1, skipping.
11-04 21:57 root         DEBUG    No ITS stop or start sites were identified for sequence SRR12683191.3142.1, skipping.
11-04 21:57 root         DEBUG    No ITS stop or start sites were identified for sequence SRR12683191.3148.1, skipping.
11-04 21:57 root         DEBUG    No ITS stop or start sites were identified for sequence SRR12683191.3169.1, skipping.
11-04 21:57 root         DEBUG    No ITS stop or start sites were identified for sequence SRR12683191.2564.1, skipping.
11-04 21:57 root         DEBUG    No ITS stop or start sites were identified for sequence SRR12683191.3216.1, skipping.
11-04 21:57 root         DEBUG    No ITS stop or start sites were identified for sequence SRR12683191.3247.1, skipping.
11-04 21:57 root         DEBUG    No ITS stop or start sites were identified for sequence SRR12683191.3253.1, skipping.
11-04 21:57 root         DEBUG    No ITS stop or start sites were identified for sequence SRR12683191.3260.1, skipping.
11-04 21:57 root         DEBUG    No ITS stop or start sites were identified for sequence SRR12683191.3267.1, skipping.
11-04 21:57 root         DEBUG    No ITS stop or start sites were identified for sequence SRR12683191.3277.1, skipping.
11-04 21:57 root         DEBUG    No ITS stop or start sites were identified for sequence SRR12683191.3311.1, skipping.
11-04 21:57 root         DEBUG    No ITS stop or start sites were identified for sequence SRR12683191.1777.1, skipping.
11-04 21:57 root         DEBUG    No ITS stop or start sites were identified for sequence SRR12683191.3320.1, skipping.
11-04 21:57 root         DEBUG    No ITS stop or start sites were identified for sequence SRR12683191.3328.1, skipping.
11-04 21:57 root         DEBUG    No ITS stop or start sites were identified for sequence SRR12683191.3334.1, skipping.
11-04 21:57 root         DEBUG    No ITS stop or start sites were identified for sequence SRR12683191.3363.1, skipping.
11-04 21:57 root         DEBUG    No ITS stop or start sites were identified for sequence SRR12683191.3369.1, skipping.
11-04 21:57 root         DEBUG    No ITS stop or start sites were identified for sequence SRR12683191.3386.1, skipping.
11-04 21:57 root         DEBUG    No ITS stop or start sites were identified for sequence SRR12683191.3389.1, skipping.
11-04 21:57 root         DEBUG    No ITS stop or start sites were identified for sequence SRR12683191.205.1, skipping.
11-04 21:57 root         DEBUG    No ITS stop or start sites were identified for sequence SRR12683191.3400.1, skipping.
11-04 21:57 root         DEBUG    No ITS stop or start sites were identified for sequence SRR12683191.346.1, skipping.
11-04 21:57 root         DEBUG    No ITS stop or start sites were identified for sequence SRR12683191.3427.1, skipping.
11-04 21:57 root         DEBUG    No ITS stop or start sites were identified for sequence SRR12683191.3443.1, skipping.
11-04 21:57 root         DEBUG    No ITS stop or start sites were identified for sequence SRR12683191.3444.1, skipping.
11-04 21:57 root         DEBUG    No ITS stop or start sites were identified for sequence SRR12683191.109.1, skipping.
11-04 21:57 root         DEBUG    No ITS stop or start sites were identified for sequence SRR12683191.223.1, skipping.
11-04 21:57 root         DEBUG    No ITS stop or start sites were identified for sequence SRR12683191.3512.1, skipping.
11-04 21:57 root         DEBUG    No ITS stop or start sites were identified for sequence SRR12683191.3533.1, skipping.
11-04 21:57 root         DEBUG    No ITS stop or start sites were identified for sequence SRR12683191.3534.1, skipping.
11-04 21:57 root         DEBUG    No ITS stop or start sites were identified for sequence SRR12683191.392.1, skipping.
11-04 21:57 root         DEBUG    No ITS stop or start sites were identified for sequence SRR12683191.3542.1, skipping.
11-04 21:57 root         DEBUG    No ITS stop or start sites were identified for sequence SRR12683191.3545.1, skipping.
11-04 21:57 root         DEBUG    No ITS stop or start sites were identified for sequence SRR12683191.3546.1, skipping.
11-04 21:57 root         DEBUG    No ITS stop or start sites were identified for sequence SRR12683191.2564.1, skipping.
11-04 21:57 root         DEBUG    No ITS stop or start sites were identified for sequence SRR12683191.2202.1, skipping.
11-04 21:57 root         DEBUG    No ITS stop or start sites were identified for sequence SRR12683191.3573.1, skipping.
11-04 21:57 root         DEBUG    No ITS stop or start sites were identified for sequence SRR12683191.346.1, skipping.
11-04 21:57 root         DEBUG    No ITS stop or start sites were identified for sequence SRR12683191.3604.1, skipping.
11-04 21:57 root         DEBUG    No ITS stop or start sites were identified for sequence SRR12683191.2637.1, skipping.
11-04 21:57 root         DEBUG    No ITS stop or start sites were identified for sequence SRR12683191.346.1, skipping.
11-04 21:57 root         DEBUG    No ITS stop or start sites were identified for sequence SRR12683191.3684.1, skipping.
11-04 21:57 root         DEBUG    No ITS stop or start sites were identified for sequence SRR12683191.3694.1, skipping.
11-04 21:57 root         DEBUG    No ITS stop or start sites were identified for sequence SRR12683191.3714.1, skipping.
11-04 21:57 root         DEBUG    No ITS stop or start sites were identified for sequence SRR12683191.3743.1, skipping.
11-04 21:57 root         DEBUG    No ITS stop or start sites were identified for sequence SRR12683191.586.1, skipping.
11-04 21:57 root         DEBUG    No ITS stop or start sites were identified for sequence SRR12683191.3778.1, skipping.
11-04 21:57 root         DEBUG    No ITS stop or start sites were identified for sequence SRR12683191.3790.1, skipping.
11-04 21:57 root         DEBUG    No ITS stop or start sites were identified for sequence SRR12683191.3804.1, skipping.
11-04 21:57 root         DEBUG    No ITS stop or start sites were identified for sequence SRR12683191.3805.1, skipping.
11-04 21:57 root         DEBUG    No ITS stop or start sites were identified for sequence SRR12683191.3817.1, skipping.
11-04 21:57 root         DEBUG    No ITS stop or start sites were identified for sequence SRR12683191.56.1, skipping.
11-04 21:57 root         DEBUG    No ITS stop or start sites were identified for sequence SRR12683191.346.1, skipping.
11-04 21:57 root         DEBUG    No ITS stop or start sites were identified for sequence SRR12683191.3886.1, skipping.
11-04 21:57 root         DEBUG    No ITS stop or start sites were identified for sequence SRR12683191.1315.1, skipping.
11-04 21:57 root         DEBUG    No ITS stop or start sites were identified for sequence SRR12683191.586.1, skipping.
11-04 21:57 root         DEBUG    No ITS stop or start sites were identified for sequence SRR12683191.3999.1, skipping.
11-04 21:57 root         DEBUG    No ITS stop or start sites were identified for sequence SRR12683191.56.1, skipping.
11-04 21:57 root         DEBUG    No ITS stop or start sites were identified for sequence SRR12683191.4013.1, skipping.
11-04 21:57 root         DEBUG    No ITS stop or start sites were identified for sequence SRR12683191.4014.1, skipping.
11-04 21:57 root         DEBUG    No ITS stop or start sites were identified for sequence SRR12683191.1398.1, skipping.
11-04 21:57 root         DEBUG    No ITS stop or start sites were identified for sequence SRR12683191.685.1, skipping.
11-04 21:57 root         DEBUG    No ITS stop or start sites were identified for sequence SRR12683191.392.1, skipping.
11-04 21:57 root         DEBUG    No ITS stop or start sites were identified for sequence SRR12683191.346.1, skipping.
11-04 21:57 root         DEBUG    No ITS stop or start sites were identified for sequence SRR12683191.73.1, skipping.
11-04 21:57 root         DEBUG    No ITS stop or start sites were identified for sequence SRR12683191.4232.1, skipping.
11-04 21:57 root         DEBUG    No ITS stop or start sites were identified for sequence SRR12683191.4238.1, skipping.
11-04 21:57 root         DEBUG    No ITS stop or start sites were identified for sequence SRR12683191.811.1, skipping.
11-04 21:57 root         DEBUG    No ITS stop or start sites were identified for sequence SRR12683191.4247.1, skipping.
11-04 21:57 root         DEBUG    No ITS stop or start sites were identified for sequence SRR12683191.346.1, skipping.
11-04 21:57 root         DEBUG    No ITS stop or start sites were identified for sequence SRR12683191.4259.1, skipping.
11-04 21:57 root         DEBUG    No ITS stop or start sites were identified for sequence SRR12683191.109.1, skipping.
11-04 21:57 root         DEBUG    No ITS stop or start sites were identified for sequence SRR12683191.4276.1, skipping.
11-04 21:57 root         DEBUG    No ITS stop or start sites were identified for sequence SRR12683191.205.1, skipping.
11-04 21:57 root         DEBUG    No ITS stop or start sites were identified for sequence SRR12683191.109.1, skipping.
11-04 21:57 root         DEBUG    No ITS stop or start sites were identified for sequence SRR12683191.4319.1, skipping.
11-04 21:57 root         DEBUG    No ITS stop or start sites were identified for sequence SRR12683191.2564.1, skipping.
11-04 21:57 root         DEBUG    No ITS stop or start sites were identified for sequence SRR12683191.4322.1, skipping.
11-04 21:57 root         DEBUG    No ITS stop or start sites were identified for sequence SRR12683191.2564.1, skipping.
11-04 21:57 root         DEBUG    No ITS stop or start sites were identified for sequence SRR12683191.223.1, skipping.
11-04 21:57 root         DEBUG    No ITS stop or start sites were identified for sequence SRR12683191.109.1, skipping.
11-04 21:57 root         DEBUG    No ITS stop or start sites were identified for sequence SRR12683191.1315.1, skipping.
11-04 21:57 root         DEBUG    No ITS stop or start sites were identified for sequence SRR12683191.56.1, skipping.
11-04 21:57 root         DEBUG    No ITS stop or start sites were identified for sequence SRR12683191.1429.1, skipping.
11-04 21:57 root         DEBUG    No ITS stop or start sites were identified for sequence SRR12683191.4424.1, skipping.
11-04 21:57 root         DEBUG    No ITS stop or start sites were identified for sequence SRR12683191.4425.1, skipping.
11-04 21:57 root         DEBUG    No ITS stop or start sites were identified for sequence SRR12683191.4322.1, skipping.
11-04 21:57 root         DEBUG    No ITS stop or start sites were identified for sequence SRR12683191.73.1, skipping.
11-04 21:57 root         DEBUG    No ITS stop or start sites were identified for sequence SRR12683191.4439.1, skipping.
11-04 21:57 root         INFO     ITSxpress ran in 00:00:33
