11-04 21:35 root         INFO     Verifying the input sequences.
11-04 21:35 root         INFO     Sequences are assumed to be single-end.
11-04 21:35 root         INFO     Temporary directory is: /tmp/itsxpress_k2yeiuu6
11-04 21:35 root         INFO     Unique sequences are being written to a temporary FASTA file with Vsearch.
11-04 21:35 root         INFO     vsearch v2.7.1_linux_x86_64, 15.6GB RAM, 4 cores
https://github.com/torognes/vsearch

Reading file SRR12683124_pass_1.fastq.gz 100%
120704 nt in 686 seqs, min 35, max 301, avg 176
Dereplicating 100%
Sorting 100%
422 unique sequences, avg cluster 1.6, median 1, max 58
Writing output file 100%
Writing uc file, first part 100%
Writing uc file, second part 100%

11-04 21:35 root         INFO     Searching for ITS start and stop sites using HMMSearch. This step takes a while.
11-04 21:35 root         INFO     Parsing HMM results.
11-04 21:35 root         INFO     Writing out sequences
11-04 21:35 root         DEBUG    No ITS stop or start sites were identified for sequence SRR12683124.1.1, skipping.
11-04 21:35 root         DEBUG    No ITS stop or start sites were identified for sequence SRR12683124.2.1, skipping.
11-04 21:35 root         DEBUG    No ITS stop or start sites were identified for sequence SRR12683124.3.1, skipping.
11-04 21:35 root         DEBUG    No ITS stop or start sites were identified for sequence SRR12683124.4.1, skipping.
11-04 21:35 root         DEBUG    No ITS stop or start sites were identified for sequence SRR12683124.5.1, skipping.
11-04 21:35 root         DEBUG    No ITS stop or start sites were identified for sequence SRR12683124.1.1, skipping.
11-04 21:35 root         DEBUG    No ITS stop or start sites were identified for sequence SRR12683124.1.1, skipping.
11-04 21:35 root         DEBUG    No ITS stop or start sites were identified for sequence SRR12683124.9.1, skipping.
11-04 21:35 root         DEBUG    No ITS stop or start sites were identified for sequence SRR12683124.10.1, skipping.
11-04 21:35 root         DEBUG    No ITS stop or start sites were identified for sequence SRR12683124.13.1, skipping.
11-04 21:35 root         DEBUG    No ITS stop or start sites were identified for sequence SRR12683124.14.1, skipping.
11-04 21:35 root         DEBUG    No ITS stop or start sites were identified for sequence SRR12683124.1.1, skipping.
11-04 21:35 root         DEBUG    No ITS stop or start sites were identified for sequence SRR12683124.16.1, skipping.
11-04 21:35 root         DEBUG    No ITS stop or start sites were identified for sequence SRR12683124.18.1, skipping.
11-04 21:35 root         DEBUG    No ITS stop or start sites were identified for sequence SRR12683124.1.1, skipping.
11-04 21:35 root         DEBUG    No ITS stop or start sites were identified for sequence SRR12683124.1.1, skipping.
11-04 21:35 root         DEBUG    No ITS stop or start sites were identified for sequence SRR12683124.9.1, skipping.
11-04 21:35 root         DEBUG    No ITS stop or start sites were identified for sequence SRR12683124.9.1, skipping.
11-04 21:35 root         DEBUG    No ITS stop or start sites were identified for sequence SRR12683124.25.1, skipping.
11-04 21:35 root         DEBUG    No ITS stop or start sites were identified for sequence SRR12683124.26.1, skipping.
11-04 21:35 root         DEBUG    No ITS stop or start sites were identified for sequence SRR12683124.28.1, skipping.
11-04 21:35 root         DEBUG    No ITS stop or start sites were identified for sequence SRR12683124.29.1, skipping.
11-04 21:35 root         DEBUG    No ITS stop or start sites were identified for sequence SRR12683124.30.1, skipping.
11-04 21:35 root         DEBUG    No ITS stop or start sites were identified for sequence SRR12683124.1.1, skipping.
11-04 21:35 root         DEBUG    No ITS stop or start sites were identified for sequence SRR12683124.32.1, skipping.
11-04 21:35 root         DEBUG    No ITS stop or start sites were identified for sequence SRR12683124.34.1, skipping.
11-04 21:35 root         DEBUG    No ITS stop or start sites were identified for sequence SRR12683124.35.1, skipping.
11-04 21:35 root         DEBUG    No ITS stop or start sites were identified for sequence SRR12683124.36.1, skipping.
11-04 21:35 root         DEBUG    No ITS stop or start sites were identified for sequence SRR12683124.1.1, skipping.
11-04 21:35 root         DEBUG    No ITS stop or start sites were identified for sequence SRR12683124.9.1, skipping.
11-04 21:35 root         DEBUG    No ITS stop or start sites were identified for sequence SRR12683124.39.1, skipping.
11-04 21:35 root         DEBUG    No ITS stop or start sites were identified for sequence SRR12683124.40.1, skipping.
11-04 21:35 root         DEBUG    No ITS stop or start sites were identified for sequence SRR12683124.9.1, skipping.
11-04 21:35 root         DEBUG    No ITS stop or start sites were identified for sequence SRR12683124.9.1, skipping.
11-04 21:35 root         DEBUG    No ITS stop or start sites were identified for sequence SRR12683124.44.1, skipping.
11-04 21:35 root         DEBUG    No ITS stop or start sites were identified for sequence SRR12683124.46.1, skipping.
11-04 21:35 root         DEBUG    No ITS stop or start sites were identified for sequence SRR12683124.44.1, skipping.
11-04 21:35 root         DEBUG    No ITS stop or start sites were identified for sequence SRR12683124.50.1, skipping.
11-04 21:35 root         DEBUG    No ITS stop or start sites were identified for sequence SRR12683124.51.1, skipping.
11-04 21:35 root         DEBUG    No ITS stop or start sites were identified for sequence SRR12683124.53.1, skipping.
11-04 21:35 root         DEBUG    No ITS stop or start sites were identified for sequence SRR12683124.55.1, skipping.
11-04 21:35 root         DEBUG    No ITS stop or start sites were identified for sequence SRR12683124.9.1, skipping.
11-04 21:35 root         DEBUG    No ITS stop or start sites were identified for sequence SRR12683124.57.1, skipping.
11-04 21:35 root         DEBUG    No ITS stop or start sites were identified for sequence SRR12683124.1.1, skipping.
11-04 21:35 root         DEBUG    No ITS stop or start sites were identified for sequence SRR12683124.59.1, skipping.
11-04 21:35 root         DEBUG    No ITS stop or start sites were identified for sequence SRR12683124.60.1, skipping.
11-04 21:35 root         DEBUG    No ITS stop or start sites were identified for sequence SRR12683124.9.1, skipping.
11-04 21:35 root         DEBUG    No ITS stop or start sites were identified for sequence SRR12683124.55.1, skipping.
11-04 21:35 root         DEBUG    No ITS stop or start sites were identified for sequence SRR12683124.1.1, skipping.
11-04 21:35 root         DEBUG    No ITS stop or start sites were identified for sequence SRR12683124.67.1, skipping.
11-04 21:35 root         DEBUG    No ITS stop or start sites were identified for sequence SRR12683124.69.1, skipping.
11-04 21:35 root         DEBUG    No ITS stop or start sites were identified for sequence SRR12683124.71.1, skipping.
11-04 21:35 root         DEBUG    No ITS stop or start sites were identified for sequence SRR12683124.72.1, skipping.
11-04 21:35 root         DEBUG    No ITS stop or start sites were identified for sequence SRR12683124.73.1, skipping.
11-04 21:35 root         DEBUG    No ITS stop or start sites were identified for sequence SRR12683124.74.1, skipping.
11-04 21:35 root         DEBUG    No ITS stop or start sites were identified for sequence SRR12683124.1.1, skipping.
11-04 21:35 root         DEBUG    No ITS stop or start sites were identified for sequence SRR12683124.84.1, skipping.
11-04 21:35 root         DEBUG    No ITS stop or start sites were identified for sequence SRR12683124.85.1, skipping.
11-04 21:35 root         DEBUG    No ITS stop or start sites were identified for sequence SRR12683124.9.1, skipping.
11-04 21:35 root         DEBUG    No ITS stop or start sites were identified for sequence SRR12683124.9.1, skipping.
11-04 21:35 root         DEBUG    No ITS stop or start sites were identified for sequence SRR12683124.90.1, skipping.
11-04 21:35 root         DEBUG    No ITS stop or start sites were identified for sequence SRR12683124.50.1, skipping.
11-04 21:35 root         DEBUG    No ITS stop or start sites were identified for sequence SRR12683124.92.1, skipping.
11-04 21:35 root         DEBUG    No ITS stop or start sites were identified for sequence SRR12683124.93.1, skipping.
11-04 21:35 root         DEBUG    No ITS stop or start sites were identified for sequence SRR12683124.94.1, skipping.
11-04 21:35 root         DEBUG    No ITS stop or start sites were identified for sequence SRR12683124.9.1, skipping.
11-04 21:35 root         DEBUG    No ITS stop or start sites were identified for sequence SRR12683124.93.1, skipping.
11-04 21:35 root         DEBUG    No ITS stop or start sites were identified for sequence SRR12683124.9.1, skipping.
11-04 21:35 root         DEBUG    No ITS stop or start sites were identified for sequence SRR12683124.1.1, skipping.
11-04 21:35 root         DEBUG    No ITS stop or start sites were identified for sequence SRR12683124.9.1, skipping.
11-04 21:35 root         DEBUG    No ITS stop or start sites were identified for sequence SRR12683124.101.1, skipping.
11-04 21:35 root         DEBUG    No ITS stop or start sites were identified for sequence SRR12683124.10.1, skipping.
11-04 21:35 root         DEBUG    No ITS stop or start sites were identified for sequence SRR12683124.1.1, skipping.
11-04 21:35 root         DEBUG    No ITS stop or start sites were identified for sequence SRR12683124.104.1, skipping.
11-04 21:35 root         DEBUG    No ITS stop or start sites were identified for sequence SRR12683124.105.1, skipping.
11-04 21:35 root         DEBUG    No ITS stop or start sites were identified for sequence SRR12683124.9.1, skipping.
11-04 21:35 root         DEBUG    No ITS stop or start sites were identified for sequence SRR12683124.111.1, skipping.
11-04 21:35 root         DEBUG    No ITS stop or start sites were identified for sequence SRR12683124.55.1, skipping.
11-04 21:35 root         DEBUG    No ITS stop or start sites were identified for sequence SRR12683124.9.1, skipping.
11-04 21:35 root         DEBUG    No ITS stop or start sites were identified for sequence SRR12683124.9.1, skipping.
11-04 21:35 root         DEBUG    No ITS stop or start sites were identified for sequence SRR12683124.16.1, skipping.
11-04 21:35 root         DEBUG    No ITS stop or start sites were identified for sequence SRR12683124.116.1, skipping.
11-04 21:35 root         DEBUG    No ITS stop or start sites were identified for sequence SRR12683124.117.1, skipping.
11-04 21:35 root         DEBUG    No ITS stop or start sites were identified for sequence SRR12683124.119.1, skipping.
11-04 21:35 root         DEBUG    No ITS stop or start sites were identified for sequence SRR12683124.92.1, skipping.
11-04 21:35 root         DEBUG    No ITS stop or start sites were identified for sequence SRR12683124.121.1, skipping.
11-04 21:35 root         DEBUG    No ITS stop or start sites were identified for sequence SRR12683124.122.1, skipping.
11-04 21:35 root         DEBUG    No ITS stop or start sites were identified for sequence SRR12683124.123.1, skipping.
11-04 21:35 root         DEBUG    No ITS stop or start sites were identified for sequence SRR12683124.74.1, skipping.
11-04 21:35 root         DEBUG    No ITS stop or start sites were identified for sequence SRR12683124.125.1, skipping.
11-04 21:35 root         DEBUG    No ITS stop or start sites were identified for sequence SRR12683124.128.1, skipping.
11-04 21:35 root         DEBUG    No ITS stop or start sites were identified for sequence SRR12683124.130.1, skipping.
11-04 21:35 root         DEBUG    No ITS stop or start sites were identified for sequence SRR12683124.10.1, skipping.
11-04 21:35 root         DEBUG    No ITS stop or start sites were identified for sequence SRR12683124.133.1, skipping.
11-04 21:35 root         DEBUG    No ITS stop or start sites were identified for sequence SRR12683124.134.1, skipping.
11-04 21:35 root         DEBUG    No ITS stop or start sites were identified for sequence SRR12683124.136.1, skipping.
11-04 21:35 root         DEBUG    No ITS stop or start sites were identified for sequence SRR12683124.138.1, skipping.
11-04 21:35 root         DEBUG    No ITS stop or start sites were identified for sequence SRR12683124.139.1, skipping.
11-04 21:35 root         DEBUG    No ITS stop or start sites were identified for sequence SRR12683124.9.1, skipping.
11-04 21:35 root         DEBUG    No ITS stop or start sites were identified for sequence SRR12683124.93.1, skipping.
11-04 21:35 root         DEBUG    No ITS stop or start sites were identified for sequence SRR12683124.9.1, skipping.
11-04 21:35 root         DEBUG    No ITS stop or start sites were identified for sequence SRR12683124.136.1, skipping.
11-04 21:35 root         DEBUG    No ITS stop or start sites were identified for sequence SRR12683124.9.1, skipping.
11-04 21:35 root         DEBUG    No ITS stop or start sites were identified for sequence SRR12683124.148.1, skipping.
11-04 21:35 root         DEBUG    No ITS stop or start sites were identified for sequence SRR12683124.1.1, skipping.
11-04 21:35 root         DEBUG    No ITS stop or start sites were identified for sequence SRR12683124.152.1, skipping.
11-04 21:35 root         DEBUG    No ITS stop or start sites were identified for sequence SRR12683124.1.1, skipping.
11-04 21:35 root         DEBUG    No ITS stop or start sites were identified for sequence SRR12683124.156.1, skipping.
11-04 21:35 root         DEBUG    No ITS stop or start sites were identified for sequence SRR12683124.159.1, skipping.
11-04 21:35 root         DEBUG    No ITS stop or start sites were identified for sequence SRR12683124.161.1, skipping.
11-04 21:35 root         DEBUG    No ITS stop or start sites were identified for sequence SRR12683124.136.1, skipping.
11-04 21:35 root         DEBUG    No ITS stop or start sites were identified for sequence SRR12683124.167.1, skipping.
11-04 21:35 root         DEBUG    No ITS stop or start sites were identified for sequence SRR12683124.169.1, skipping.
11-04 21:35 root         DEBUG    No ITS stop or start sites were identified for sequence SRR12683124.9.1, skipping.
11-04 21:35 root         DEBUG    No ITS stop or start sites were identified for sequence SRR12683124.171.1, skipping.
11-04 21:35 root         DEBUG    No ITS stop or start sites were identified for sequence SRR12683124.176.1, skipping.
11-04 21:35 root         DEBUG    No ITS stop or start sites were identified for sequence SRR12683124.1.1, skipping.
11-04 21:35 root         DEBUG    No ITS stop or start sites were identified for sequence SRR12683124.183.1, skipping.
11-04 21:35 root         DEBUG    No ITS stop or start sites were identified for sequence SRR12683124.184.1, skipping.
11-04 21:35 root         DEBUG    No ITS stop or start sites were identified for sequence SRR12683124.9.1, skipping.
11-04 21:35 root         DEBUG    No ITS stop or start sites were identified for sequence SRR12683124.187.1, skipping.
11-04 21:35 root         DEBUG    No ITS stop or start sites were identified for sequence SRR12683124.189.1, skipping.
11-04 21:35 root         DEBUG    No ITS stop or start sites were identified for sequence SRR12683124.190.1, skipping.
11-04 21:35 root         DEBUG    No ITS stop or start sites were identified for sequence SRR12683124.192.1, skipping.
11-04 21:35 root         DEBUG    No ITS stop or start sites were identified for sequence SRR12683124.194.1, skipping.
11-04 21:35 root         DEBUG    No ITS stop or start sites were identified for sequence SRR12683124.196.1, skipping.
11-04 21:35 root         DEBUG    No ITS stop or start sites were identified for sequence SRR12683124.196.1, skipping.
11-04 21:35 root         DEBUG    No ITS stop or start sites were identified for sequence SRR12683124.199.1, skipping.
11-04 21:35 root         DEBUG    No ITS stop or start sites were identified for sequence SRR12683124.200.1, skipping.
11-04 21:35 root         DEBUG    No ITS stop or start sites were identified for sequence SRR12683124.202.1, skipping.
11-04 21:35 root         DEBUG    No ITS stop or start sites were identified for sequence SRR12683124.203.1, skipping.
11-04 21:35 root         DEBUG    No ITS stop or start sites were identified for sequence SRR12683124.204.1, skipping.
11-04 21:35 root         DEBUG    No ITS stop or start sites were identified for sequence SRR12683124.93.1, skipping.
11-04 21:35 root         DEBUG    No ITS stop or start sites were identified for sequence SRR12683124.209.1, skipping.
11-04 21:35 root         DEBUG    No ITS stop or start sites were identified for sequence SRR12683124.210.1, skipping.
11-04 21:35 root         DEBUG    No ITS stop or start sites were identified for sequence SRR12683124.92.1, skipping.
11-04 21:35 root         DEBUG    No ITS stop or start sites were identified for sequence SRR12683124.212.1, skipping.
11-04 21:35 root         DEBUG    No ITS stop or start sites were identified for sequence SRR12683124.214.1, skipping.
11-04 21:35 root         DEBUG    No ITS stop or start sites were identified for sequence SRR12683124.93.1, skipping.
11-04 21:35 root         DEBUG    No ITS stop or start sites were identified for sequence SRR12683124.217.1, skipping.
11-04 21:35 root         DEBUG    No ITS stop or start sites were identified for sequence SRR12683124.219.1, skipping.
11-04 21:35 root         DEBUG    No ITS stop or start sites were identified for sequence SRR12683124.1.1, skipping.
11-04 21:35 root         DEBUG    No ITS stop or start sites were identified for sequence SRR12683124.222.1, skipping.
11-04 21:35 root         DEBUG    No ITS stop or start sites were identified for sequence SRR12683124.224.1, skipping.
11-04 21:35 root         DEBUG    No ITS stop or start sites were identified for sequence SRR12683124.225.1, skipping.
11-04 21:35 root         DEBUG    No ITS stop or start sites were identified for sequence SRR12683124.121.1, skipping.
11-04 21:35 root         DEBUG    No ITS stop or start sites were identified for sequence SRR12683124.50.1, skipping.
11-04 21:35 root         DEBUG    No ITS stop or start sites were identified for sequence SRR12683124.9.1, skipping.
11-04 21:35 root         DEBUG    No ITS stop or start sites were identified for sequence SRR12683124.39.1, skipping.
11-04 21:35 root         DEBUG    No ITS stop or start sites were identified for sequence SRR12683124.231.1, skipping.
11-04 21:35 root         DEBUG    No ITS stop or start sites were identified for sequence SRR12683124.74.1, skipping.
11-04 21:35 root         DEBUG    No ITS stop or start sites were identified for sequence SRR12683124.9.1, skipping.
11-04 21:35 root         DEBUG    No ITS stop or start sites were identified for sequence SRR12683124.238.1, skipping.
11-04 21:35 root         DEBUG    No ITS stop or start sites were identified for sequence SRR12683124.169.1, skipping.
11-04 21:35 root         DEBUG    No ITS stop or start sites were identified for sequence SRR12683124.50.1, skipping.
11-04 21:35 root         DEBUG    No ITS stop or start sites were identified for sequence SRR12683124.245.1, skipping.
11-04 21:35 root         DEBUG    No ITS stop or start sites were identified for sequence SRR12683124.247.1, skipping.
11-04 21:35 root         DEBUG    No ITS stop or start sites were identified for sequence SRR12683124.1.1, skipping.
11-04 21:35 root         DEBUG    No ITS stop or start sites were identified for sequence SRR12683124.9.1, skipping.
11-04 21:35 root         DEBUG    No ITS stop or start sites were identified for sequence SRR12683124.9.1, skipping.
11-04 21:35 root         DEBUG    No ITS stop or start sites were identified for sequence SRR12683124.251.1, skipping.
11-04 21:35 root         DEBUG    No ITS stop or start sites were identified for sequence SRR12683124.39.1, skipping.
11-04 21:35 root         DEBUG    No ITS stop or start sites were identified for sequence SRR12683124.133.1, skipping.
11-04 21:35 root         DEBUG    No ITS stop or start sites were identified for sequence SRR12683124.9.1, skipping.
11-04 21:35 root         DEBUG    No ITS stop or start sites were identified for sequence SRR12683124.74.1, skipping.
11-04 21:35 root         DEBUG    No ITS stop or start sites were identified for sequence SRR12683124.260.1, skipping.
11-04 21:35 root         DEBUG    No ITS stop or start sites were identified for sequence SRR12683124.9.1, skipping.
11-04 21:35 root         DEBUG    No ITS stop or start sites were identified for sequence SRR12683124.93.1, skipping.
11-04 21:35 root         DEBUG    No ITS stop or start sites were identified for sequence SRR12683124.9.1, skipping.
11-04 21:35 root         DEBUG    No ITS stop or start sites were identified for sequence SRR12683124.50.1, skipping.
11-04 21:35 root         DEBUG    No ITS stop or start sites were identified for sequence SRR12683124.270.1, skipping.
11-04 21:35 root         DEBUG    No ITS stop or start sites were identified for sequence SRR12683124.92.1, skipping.
11-04 21:35 root         DEBUG    No ITS stop or start sites were identified for sequence SRR12683124.9.1, skipping.
11-04 21:35 root         DEBUG    No ITS stop or start sites were identified for sequence SRR12683124.273.1, skipping.
11-04 21:35 root         DEBUG    No ITS stop or start sites were identified for sequence SRR12683124.69.1, skipping.
11-04 21:35 root         DEBUG    No ITS stop or start sites were identified for sequence SRR12683124.1.1, skipping.
11-04 21:35 root         DEBUG    No ITS stop or start sites were identified for sequence SRR12683124.136.1, skipping.
11-04 21:35 root         DEBUG    No ITS stop or start sites were identified for sequence SRR12683124.278.1, skipping.
11-04 21:35 root         DEBUG    No ITS stop or start sites were identified for sequence SRR12683124.279.1, skipping.
11-04 21:35 root         DEBUG    No ITS stop or start sites were identified for sequence SRR12683124.280.1, skipping.
11-04 21:35 root         DEBUG    No ITS stop or start sites were identified for sequence SRR12683124.281.1, skipping.
11-04 21:35 root         DEBUG    No ITS stop or start sites were identified for sequence SRR12683124.284.1, skipping.
11-04 21:35 root         DEBUG    No ITS stop or start sites were identified for sequence SRR12683124.9.1, skipping.
11-04 21:35 root         DEBUG    No ITS stop or start sites were identified for sequence SRR12683124.287.1, skipping.
11-04 21:35 root         DEBUG    No ITS stop or start sites were identified for sequence SRR12683124.122.1, skipping.
11-04 21:35 root         DEBUG    No ITS stop or start sites were identified for sequence SRR12683124.69.1, skipping.
11-04 21:35 root         DEBUG    No ITS stop or start sites were identified for sequence SRR12683124.291.1, skipping.
11-04 21:35 root         DEBUG    No ITS stop or start sites were identified for sequence SRR12683124.1.1, skipping.
11-04 21:35 root         DEBUG    No ITS stop or start sites were identified for sequence SRR12683124.50.1, skipping.
11-04 21:35 root         DEBUG    No ITS stop or start sites were identified for sequence SRR12683124.1.1, skipping.
11-04 21:35 root         DEBUG    No ITS stop or start sites were identified for sequence SRR12683124.298.1, skipping.
11-04 21:35 root         DEBUG    No ITS stop or start sites were identified for sequence SRR12683124.299.1, skipping.
11-04 21:35 root         DEBUG    No ITS stop or start sites were identified for sequence SRR12683124.301.1, skipping.
11-04 21:35 root         DEBUG    No ITS stop or start sites were identified for sequence SRR12683124.217.1, skipping.
11-04 21:35 root         DEBUG    No ITS stop or start sites were identified for sequence SRR12683124.305.1, skipping.
11-04 21:35 root         DEBUG    No ITS stop or start sites were identified for sequence SRR12683124.307.1, skipping.
11-04 21:35 root         DEBUG    No ITS stop or start sites were identified for sequence SRR12683124.308.1, skipping.
11-04 21:35 root         DEBUG    No ITS stop or start sites were identified for sequence SRR12683124.9.1, skipping.
11-04 21:35 root         DEBUG    No ITS stop or start sites were identified for sequence SRR12683124.316.1, skipping.
11-04 21:35 root         DEBUG    No ITS stop or start sites were identified for sequence SRR12683124.317.1, skipping.
11-04 21:35 root         DEBUG    No ITS stop or start sites were identified for sequence SRR12683124.319.1, skipping.
11-04 21:35 root         DEBUG    No ITS stop or start sites were identified for sequence SRR12683124.9.1, skipping.
11-04 21:35 root         DEBUG    No ITS stop or start sites were identified for sequence SRR12683124.321.1, skipping.
11-04 21:35 root         DEBUG    No ITS stop or start sites were identified for sequence SRR12683124.301.1, skipping.
11-04 21:35 root         DEBUG    No ITS stop or start sites were identified for sequence SRR12683124.324.1, skipping.
11-04 21:35 root         DEBUG    No ITS stop or start sites were identified for sequence SRR12683124.1.1, skipping.
11-04 21:35 root         DEBUG    No ITS stop or start sites were identified for sequence SRR12683124.328.1, skipping.
11-04 21:35 root         DEBUG    No ITS stop or start sites were identified for sequence SRR12683124.332.1, skipping.
11-04 21:35 root         DEBUG    No ITS stop or start sites were identified for sequence SRR12683124.133.1, skipping.
11-04 21:35 root         DEBUG    No ITS stop or start sites were identified for sequence SRR12683124.1.1, skipping.
11-04 21:35 root         DEBUG    No ITS stop or start sites were identified for sequence SRR12683124.338.1, skipping.
11-04 21:35 root         DEBUG    No ITS stop or start sites were identified for sequence SRR12683124.93.1, skipping.
11-04 21:35 root         DEBUG    No ITS stop or start sites were identified for sequence SRR12683124.340.1, skipping.
11-04 21:35 root         DEBUG    No ITS stop or start sites were identified for sequence SRR12683124.94.1, skipping.
11-04 21:35 root         DEBUG    No ITS stop or start sites were identified for sequence SRR12683124.1.1, skipping.
11-04 21:35 root         DEBUG    No ITS stop or start sites were identified for sequence SRR12683124.55.1, skipping.
11-04 21:35 root         DEBUG    No ITS stop or start sites were identified for sequence SRR12683124.344.1, skipping.
11-04 21:35 root         DEBUG    No ITS stop or start sites were identified for sequence SRR12683124.345.1, skipping.
11-04 21:35 root         DEBUG    No ITS stop or start sites were identified for sequence SRR12683124.93.1, skipping.
11-04 21:35 root         DEBUG    No ITS stop or start sites were identified for sequence SRR12683124.351.1, skipping.
11-04 21:35 root         DEBUG    No ITS stop or start sites were identified for sequence SRR12683124.301.1, skipping.
11-04 21:35 root         DEBUG    No ITS stop or start sites were identified for sequence SRR12683124.355.1, skipping.
11-04 21:35 root         DEBUG    No ITS stop or start sites were identified for sequence SRR12683124.94.1, skipping.
11-04 21:35 root         DEBUG    No ITS stop or start sites were identified for sequence SRR12683124.1.1, skipping.
11-04 21:35 root         DEBUG    No ITS stop or start sites were identified for sequence SRR12683124.360.1, skipping.
11-04 21:35 root         DEBUG    No ITS stop or start sites were identified for sequence SRR12683124.1.1, skipping.
11-04 21:35 root         DEBUG    No ITS stop or start sites were identified for sequence SRR12683124.363.1, skipping.
11-04 21:35 root         DEBUG    No ITS stop or start sites were identified for sequence SRR12683124.169.1, skipping.
11-04 21:35 root         DEBUG    No ITS stop or start sites were identified for sequence SRR12683124.9.1, skipping.
11-04 21:35 root         DEBUG    No ITS stop or start sites were identified for sequence SRR12683124.369.1, skipping.
11-04 21:35 root         DEBUG    No ITS stop or start sites were identified for sequence SRR12683124.371.1, skipping.
11-04 21:35 root         DEBUG    No ITS stop or start sites were identified for sequence SRR12683124.372.1, skipping.
11-04 21:35 root         DEBUG    No ITS stop or start sites were identified for sequence SRR12683124.373.1, skipping.
11-04 21:35 root         DEBUG    No ITS stop or start sites were identified for sequence SRR12683124.374.1, skipping.
11-04 21:35 root         DEBUG    No ITS stop or start sites were identified for sequence SRR12683124.375.1, skipping.
11-04 21:35 root         DEBUG    No ITS stop or start sites were identified for sequence SRR12683124.9.1, skipping.
11-04 21:35 root         DEBUG    No ITS stop or start sites were identified for sequence SRR12683124.1.1, skipping.
11-04 21:35 root         DEBUG    No ITS stop or start sites were identified for sequence SRR12683124.199.1, skipping.
11-04 21:35 root         DEBUG    No ITS stop or start sites were identified for sequence SRR12683124.301.1, skipping.
11-04 21:35 root         DEBUG    No ITS stop or start sites were identified for sequence SRR12683124.382.1, skipping.
11-04 21:35 root         DEBUG    No ITS stop or start sites were identified for sequence SRR12683124.383.1, skipping.
11-04 21:35 root         DEBUG    No ITS stop or start sites were identified for sequence SRR12683124.44.1, skipping.
11-04 21:35 root         DEBUG    No ITS stop or start sites were identified for sequence SRR12683124.9.1, skipping.
11-04 21:35 root         DEBUG    No ITS stop or start sites were identified for sequence SRR12683124.9.1, skipping.
11-04 21:35 root         DEBUG    No ITS stop or start sites were identified for sequence SRR12683124.301.1, skipping.
11-04 21:35 root         DEBUG    No ITS stop or start sites were identified for sequence SRR12683124.9.1, skipping.
11-04 21:35 root         DEBUG    No ITS stop or start sites were identified for sequence SRR12683124.9.1, skipping.
11-04 21:35 root         DEBUG    No ITS stop or start sites were identified for sequence SRR12683124.400.1, skipping.
11-04 21:35 root         DEBUG    No ITS stop or start sites were identified for sequence SRR12683124.121.1, skipping.
11-04 21:35 root         DEBUG    No ITS stop or start sites were identified for sequence SRR12683124.57.1, skipping.
11-04 21:35 root         DEBUG    No ITS stop or start sites were identified for sequence SRR12683124.405.1, skipping.
11-04 21:35 root         DEBUG    No ITS stop or start sites were identified for sequence SRR12683124.136.1, skipping.
11-04 21:35 root         DEBUG    No ITS stop or start sites were identified for sequence SRR12683124.408.1, skipping.
11-04 21:35 root         DEBUG    No ITS stop or start sites were identified for sequence SRR12683124.410.1, skipping.
11-04 21:35 root         DEBUG    No ITS stop or start sites were identified for sequence SRR12683124.411.1, skipping.
11-04 21:35 root         DEBUG    No ITS stop or start sites were identified for sequence SRR12683124.412.1, skipping.
11-04 21:35 root         DEBUG    No ITS stop or start sites were identified for sequence SRR12683124.1.1, skipping.
11-04 21:35 root         DEBUG    No ITS stop or start sites were identified for sequence SRR12683124.30.1, skipping.
11-04 21:35 root         DEBUG    No ITS stop or start sites were identified for sequence SRR12683124.133.1, skipping.
11-04 21:35 root         DEBUG    No ITS stop or start sites were identified for sequence SRR12683124.55.1, skipping.
11-04 21:35 root         DEBUG    No ITS stop or start sites were identified for sequence SRR12683124.291.1, skipping.
11-04 21:35 root         DEBUG    No ITS stop or start sites were identified for sequence SRR12683124.1.1, skipping.
11-04 21:35 root         DEBUG    No ITS stop or start sites were identified for sequence SRR12683124.426.1, skipping.
11-04 21:35 root         DEBUG    No ITS stop or start sites were identified for sequence SRR12683124.39.1, skipping.
11-04 21:35 root         DEBUG    No ITS stop or start sites were identified for sequence SRR12683124.429.1, skipping.
11-04 21:35 root         DEBUG    No ITS stop or start sites were identified for sequence SRR12683124.430.1, skipping.
11-04 21:35 root         DEBUG    No ITS stop or start sites were identified for sequence SRR12683124.431.1, skipping.
11-04 21:35 root         DEBUG    No ITS stop or start sites were identified for sequence SRR12683124.434.1, skipping.
11-04 21:35 root         DEBUG    No ITS stop or start sites were identified for sequence SRR12683124.435.1, skipping.
11-04 21:35 root         DEBUG    No ITS stop or start sites were identified for sequence SRR12683124.437.1, skipping.
11-04 21:35 root         DEBUG    No ITS stop or start sites were identified for sequence SRR12683124.438.1, skipping.
11-04 21:35 root         DEBUG    No ITS stop or start sites were identified for sequence SRR12683124.9.1, skipping.
11-04 21:35 root         DEBUG    No ITS stop or start sites were identified for sequence SRR12683124.1.1, skipping.
11-04 21:35 root         DEBUG    No ITS stop or start sites were identified for sequence SRR12683124.9.1, skipping.
11-04 21:35 root         DEBUG    No ITS stop or start sites were identified for sequence SRR12683124.447.1, skipping.
11-04 21:35 root         DEBUG    No ITS stop or start sites were identified for sequence SRR12683124.449.1, skipping.
11-04 21:35 root         DEBUG    No ITS stop or start sites were identified for sequence SRR12683124.9.1, skipping.
11-04 21:35 root         DEBUG    No ITS stop or start sites were identified for sequence SRR12683124.1.1, skipping.
11-04 21:35 root         DEBUG    No ITS stop or start sites were identified for sequence SRR12683124.453.1, skipping.
11-04 21:35 root         DEBUG    No ITS stop or start sites were identified for sequence SRR12683124.1.1, skipping.
11-04 21:35 root         DEBUG    No ITS stop or start sites were identified for sequence SRR12683124.1.1, skipping.
11-04 21:35 root         DEBUG    No ITS stop or start sites were identified for sequence SRR12683124.9.1, skipping.
11-04 21:35 root         DEBUG    No ITS stop or start sites were identified for sequence SRR12683124.123.1, skipping.
11-04 21:35 root         DEBUG    No ITS stop or start sites were identified for sequence SRR12683124.461.1, skipping.
11-04 21:35 root         DEBUG    No ITS stop or start sites were identified for sequence SRR12683124.280.1, skipping.
11-04 21:35 root         DEBUG    No ITS stop or start sites were identified for sequence SRR12683124.1.1, skipping.
11-04 21:35 root         DEBUG    No ITS stop or start sites were identified for sequence SRR12683124.133.1, skipping.
11-04 21:35 root         DEBUG    No ITS stop or start sites were identified for sequence SRR12683124.468.1, skipping.
11-04 21:35 root         DEBUG    No ITS stop or start sites were identified for sequence SRR12683124.55.1, skipping.
11-04 21:35 root         DEBUG    No ITS stop or start sites were identified for sequence SRR12683124.9.1, skipping.
11-04 21:35 root         DEBUG    No ITS stop or start sites were identified for sequence SRR12683124.69.1, skipping.
11-04 21:35 root         DEBUG    No ITS stop or start sites were identified for sequence SRR12683124.476.1, skipping.
11-04 21:35 root         DEBUG    No ITS stop or start sites were identified for sequence SRR12683124.30.1, skipping.
11-04 21:35 root         DEBUG    No ITS stop or start sites were identified for sequence SRR12683124.479.1, skipping.
11-04 21:35 root         DEBUG    No ITS stop or start sites were identified for sequence SRR12683124.92.1, skipping.
11-04 21:35 root         DEBUG    No ITS stop or start sites were identified for sequence SRR12683124.9.1, skipping.
11-04 21:35 root         DEBUG    No ITS stop or start sites were identified for sequence SRR12683124.1.1, skipping.
11-04 21:35 root         DEBUG    No ITS stop or start sites were identified for sequence SRR12683124.484.1, skipping.
11-04 21:35 root         DEBUG    No ITS stop or start sites were identified for sequence SRR12683124.9.1, skipping.
11-04 21:35 root         DEBUG    No ITS stop or start sites were identified for sequence SRR12683124.486.1, skipping.
11-04 21:35 root         DEBUG    No ITS stop or start sites were identified for sequence SRR12683124.9.1, skipping.
11-04 21:35 root         DEBUG    No ITS stop or start sites were identified for sequence SRR12683124.9.1, skipping.
11-04 21:35 root         DEBUG    No ITS stop or start sites were identified for sequence SRR12683124.494.1, skipping.
11-04 21:35 root         DEBUG    No ITS stop or start sites were identified for sequence SRR12683124.495.1, skipping.
11-04 21:35 root         DEBUG    No ITS stop or start sites were identified for sequence SRR12683124.1.1, skipping.
11-04 21:35 root         DEBUG    No ITS stop or start sites were identified for sequence SRR12683124.133.1, skipping.
11-04 21:35 root         DEBUG    No ITS stop or start sites were identified for sequence SRR12683124.501.1, skipping.
11-04 21:35 root         DEBUG    No ITS stop or start sites were identified for sequence SRR12683124.504.1, skipping.
11-04 21:35 root         DEBUG    No ITS stop or start sites were identified for sequence SRR12683124.507.1, skipping.
11-04 21:35 root         DEBUG    No ITS stop or start sites were identified for sequence SRR12683124.513.1, skipping.
11-04 21:35 root         DEBUG    No ITS stop or start sites were identified for sequence SRR12683124.136.1, skipping.
11-04 21:35 root         DEBUG    No ITS stop or start sites were identified for sequence SRR12683124.523.1, skipping.
11-04 21:35 root         DEBUG    No ITS stop or start sites were identified for sequence SRR12683124.524.1, skipping.
11-04 21:35 root         DEBUG    No ITS stop or start sites were identified for sequence SRR12683124.55.1, skipping.
11-04 21:35 root         DEBUG    No ITS stop or start sites were identified for sequence SRR12683124.536.1, skipping.
11-04 21:35 root         DEBUG    No ITS stop or start sites were identified for sequence SRR12683124.539.1, skipping.
11-04 21:35 root         DEBUG    No ITS stop or start sites were identified for sequence SRR12683124.543.1, skipping.
11-04 21:35 root         DEBUG    No ITS stop or start sites were identified for sequence SRR12683124.544.1, skipping.
11-04 21:35 root         DEBUG    No ITS stop or start sites were identified for sequence SRR12683124.545.1, skipping.
11-04 21:35 root         DEBUG    No ITS stop or start sites were identified for sequence SRR12683124.556.1, skipping.
11-04 21:35 root         DEBUG    No ITS stop or start sites were identified for sequence SRR12683124.557.1, skipping.
11-04 21:35 root         DEBUG    No ITS stop or start sites were identified for sequence SRR12683124.55.1, skipping.
11-04 21:35 root         DEBUG    No ITS stop or start sites were identified for sequence SRR12683124.564.1, skipping.
11-04 21:35 root         DEBUG    No ITS stop or start sites were identified for sequence SRR12683124.565.1, skipping.
11-04 21:35 root         DEBUG    No ITS stop or start sites were identified for sequence SRR12683124.566.1, skipping.
11-04 21:35 root         DEBUG    No ITS stop or start sites were identified for sequence SRR12683124.9.1, skipping.
11-04 21:35 root         DEBUG    No ITS stop or start sites were identified for sequence SRR12683124.92.1, skipping.
11-04 21:35 root         DEBUG    No ITS stop or start sites were identified for sequence SRR12683124.55.1, skipping.
11-04 21:35 root         DEBUG    No ITS stop or start sites were identified for sequence SRR12683124.60.1, skipping.
11-04 21:35 root         DEBUG    No ITS stop or start sites were identified for sequence SRR12683124.40.1, skipping.
11-04 21:35 root         DEBUG    No ITS stop or start sites were identified for sequence SRR12683124.589.1, skipping.
11-04 21:35 root         DEBUG    No ITS stop or start sites were identified for sequence SRR12683124.590.1, skipping.
11-04 21:35 root         DEBUG    No ITS stop or start sites were identified for sequence SRR12683124.9.1, skipping.
11-04 21:35 root         DEBUG    No ITS stop or start sites were identified for sequence SRR12683124.169.1, skipping.
11-04 21:35 root         DEBUG    No ITS stop or start sites were identified for sequence SRR12683124.93.1, skipping.
11-04 21:35 root         DEBUG    No ITS stop or start sites were identified for sequence SRR12683124.123.1, skipping.
11-04 21:35 root         DEBUG    No ITS stop or start sites were identified for sequence SRR12683124.50.1, skipping.
11-04 21:35 root         DEBUG    No ITS stop or start sites were identified for sequence SRR12683124.602.1, skipping.
11-04 21:35 root         DEBUG    No ITS stop or start sites were identified for sequence SRR12683124.305.1, skipping.
11-04 21:35 root         DEBUG    No ITS stop or start sites were identified for sequence SRR12683124.1.1, skipping.
11-04 21:35 root         DEBUG    No ITS stop or start sites were identified for sequence SRR12683124.9.1, skipping.
11-04 21:35 root         DEBUG    No ITS stop or start sites were identified for sequence SRR12683124.609.1, skipping.
11-04 21:35 root         DEBUG    No ITS stop or start sites were identified for sequence SRR12683124.612.1, skipping.
11-04 21:35 root         DEBUG    No ITS stop or start sites were identified for sequence SRR12683124.55.1, skipping.
11-04 21:35 root         DEBUG    No ITS stop or start sites were identified for sequence SRR12683124.57.1, skipping.
11-04 21:35 root         DEBUG    No ITS stop or start sites were identified for sequence SRR12683124.615.1, skipping.
11-04 21:35 root         DEBUG    No ITS stop or start sites were identified for sequence SRR12683124.9.1, skipping.
11-04 21:35 root         DEBUG    No ITS stop or start sites were identified for sequence SRR12683124.617.1, skipping.
11-04 21:35 root         DEBUG    No ITS stop or start sites were identified for sequence SRR12683124.40.1, skipping.
11-04 21:35 root         DEBUG    No ITS stop or start sites were identified for sequence SRR12683124.93.1, skipping.
11-04 21:35 root         DEBUG    No ITS stop or start sites were identified for sequence SRR12683124.484.1, skipping.
11-04 21:35 root         DEBUG    No ITS stop or start sites were identified for sequence SRR12683124.622.1, skipping.
11-04 21:35 root         DEBUG    No ITS stop or start sites were identified for sequence SRR12683124.10.1, skipping.
11-04 21:35 root         DEBUG    No ITS stop or start sites were identified for sequence SRR12683124.46.1, skipping.
11-04 21:35 root         DEBUG    No ITS stop or start sites were identified for sequence SRR12683124.626.1, skipping.
11-04 21:35 root         DEBUG    No ITS stop or start sites were identified for sequence SRR12683124.74.1, skipping.
11-04 21:35 root         DEBUG    No ITS stop or start sites were identified for sequence SRR12683124.74.1, skipping.
11-04 21:35 root         DEBUG    No ITS stop or start sites were identified for sequence SRR12683124.633.1, skipping.
11-04 21:35 root         DEBUG    No ITS stop or start sites were identified for sequence SRR12683124.9.1, skipping.
11-04 21:35 root         DEBUG    No ITS stop or start sites were identified for sequence SRR12683124.635.1, skipping.
11-04 21:35 root         DEBUG    No ITS stop or start sites were identified for sequence SRR12683124.9.1, skipping.
11-04 21:35 root         DEBUG    No ITS stop or start sites were identified for sequence SRR12683124.9.1, skipping.
11-04 21:35 root         DEBUG    No ITS stop or start sites were identified for sequence SRR12683124.640.1, skipping.
11-04 21:35 root         DEBUG    No ITS stop or start sites were identified for sequence SRR12683124.9.1, skipping.
11-04 21:35 root         DEBUG    No ITS stop or start sites were identified for sequence SRR12683124.642.1, skipping.
11-04 21:35 root         DEBUG    No ITS stop or start sites were identified for sequence SRR12683124.94.1, skipping.
11-04 21:35 root         DEBUG    No ITS stop or start sites were identified for sequence SRR12683124.650.1, skipping.
11-04 21:35 root         DEBUG    No ITS stop or start sites were identified for sequence SRR12683124.651.1, skipping.
11-04 21:35 root         DEBUG    No ITS stop or start sites were identified for sequence SRR12683124.375.1, skipping.
11-04 21:35 root         DEBUG    No ITS stop or start sites were identified for sequence SRR12683124.9.1, skipping.
11-04 21:35 root         DEBUG    No ITS stop or start sites were identified for sequence SRR12683124.666.1, skipping.
11-04 21:35 root         DEBUG    No ITS stop or start sites were identified for sequence SRR12683124.251.1, skipping.
11-04 21:35 root         DEBUG    No ITS stop or start sites were identified for sequence SRR12683124.9.1, skipping.
11-04 21:35 root         DEBUG    No ITS stop or start sites were identified for sequence SRR12683124.672.1, skipping.
11-04 21:35 root         DEBUG    No ITS stop or start sites were identified for sequence SRR12683124.9.1, skipping.
11-04 21:35 root         DEBUG    No ITS stop or start sites were identified for sequence SRR12683124.678.1, skipping.
11-04 21:35 root         DEBUG    No ITS stop or start sites were identified for sequence SRR12683124.1.1, skipping.
11-04 21:35 root         DEBUG    No ITS stop or start sites were identified for sequence SRR12683124.681.1, skipping.
11-04 21:35 root         DEBUG    No ITS stop or start sites were identified for sequence SRR12683124.136.1, skipping.
11-04 21:35 root         INFO     ITSxpress ran in 00:00:05
