11-05 13:08 root         INFO     Verifying the input sequences.
11-05 13:08 root         INFO     Sequences are assumed to be single-end.
11-05 13:08 root         INFO     Temporary directory is: /tmp/itsxpress_ppy9hajg
11-05 13:08 root         INFO     Unique sequences are being written to a temporary FASTA file with Vsearch.
11-05 13:08 root         INFO     vsearch v2.7.1_linux_x86_64, 15.6GB RAM, 4 cores
https://github.com/torognes/vsearch

Reading file SRR12683211_pass_1.fastq.gz 100%
195828 nt in 655 seqs, min 35, max 301, avg 299
Dereplicating 100%
Sorting 100%
436 unique sequences, avg cluster 1.5, median 1, max 47
Writing output file 100%
Writing uc file, first part 100%
Writing uc file, second part 100%

11-05 13:08 root         INFO     Searching for ITS start and stop sites using HMMSearch. This step takes a while.
11-05 13:08 root         INFO     Parsing HMM results.
11-05 13:08 root         INFO     Writing out sequences
11-05 13:08 root         DEBUG    No ITS stop or start sites were identified for sequence SRR12683211.2.1, skipping.
11-05 13:08 root         DEBUG    No ITS stop or start sites were identified for sequence SRR12683211.6.1, skipping.
11-05 13:08 root         DEBUG    No ITS stop or start sites were identified for sequence SRR12683211.7.1, skipping.
11-05 13:08 root         DEBUG    No ITS stop or start sites were identified for sequence SRR12683211.11.1, skipping.
11-05 13:08 root         DEBUG    No ITS stop or start sites were identified for sequence SRR12683211.16.1, skipping.
11-05 13:08 root         DEBUG    No ITS stop or start sites were identified for sequence SRR12683211.17.1, skipping.
11-05 13:08 root         DEBUG    No ITS stop or start sites were identified for sequence SRR12683211.19.1, skipping.
11-05 13:08 root         DEBUG    No ITS stop or start sites were identified for sequence SRR12683211.24.1, skipping.
11-05 13:08 root         DEBUG    No ITS stop or start sites were identified for sequence SRR12683211.26.1, skipping.
11-05 13:08 root         DEBUG    No ITS stop or start sites were identified for sequence SRR12683211.27.1, skipping.
11-05 13:08 root         DEBUG    No ITS stop or start sites were identified for sequence SRR12683211.29.1, skipping.
11-05 13:08 root         DEBUG    No ITS stop or start sites were identified for sequence SRR12683211.34.1, skipping.
11-05 13:08 root         DEBUG    No ITS stop or start sites were identified for sequence SRR12683211.19.1, skipping.
11-05 13:08 root         DEBUG    No ITS stop or start sites were identified for sequence SRR12683211.37.1, skipping.
11-05 13:08 root         DEBUG    No ITS stop or start sites were identified for sequence SRR12683211.42.1, skipping.
11-05 13:08 root         DEBUG    No ITS stop or start sites were identified for sequence SRR12683211.43.1, skipping.
11-05 13:08 root         DEBUG    No ITS stop or start sites were identified for sequence SRR12683211.45.1, skipping.
11-05 13:08 root         DEBUG    No ITS stop or start sites were identified for sequence SRR12683211.46.1, skipping.
11-05 13:08 root         DEBUG    No ITS stop or start sites were identified for sequence SRR12683211.52.1, skipping.
11-05 13:08 root         DEBUG    No ITS stop or start sites were identified for sequence SRR12683211.53.1, skipping.
11-05 13:08 root         DEBUG    No ITS stop or start sites were identified for sequence SRR12683211.56.1, skipping.
11-05 13:08 root         DEBUG    No ITS stop or start sites were identified for sequence SRR12683211.62.1, skipping.
11-05 13:08 root         DEBUG    No ITS stop or start sites were identified for sequence SRR12683211.19.1, skipping.
11-05 13:08 root         DEBUG    No ITS stop or start sites were identified for sequence SRR12683211.69.1, skipping.
11-05 13:08 root         DEBUG    No ITS stop or start sites were identified for sequence SRR12683211.71.1, skipping.
11-05 13:08 root         DEBUG    No ITS stop or start sites were identified for sequence SRR12683211.72.1, skipping.
11-05 13:08 root         DEBUG    No ITS stop or start sites were identified for sequence SRR12683211.73.1, skipping.
11-05 13:08 root         DEBUG    No ITS stop or start sites were identified for sequence SRR12683211.78.1, skipping.
11-05 13:08 root         DEBUG    No ITS stop or start sites were identified for sequence SRR12683211.80.1, skipping.
11-05 13:08 root         DEBUG    No ITS stop or start sites were identified for sequence SRR12683211.85.1, skipping.
11-05 13:08 root         DEBUG    No ITS stop or start sites were identified for sequence SRR12683211.42.1, skipping.
11-05 13:08 root         DEBUG    No ITS stop or start sites were identified for sequence SRR12683211.98.1, skipping.
11-05 13:08 root         DEBUG    No ITS stop or start sites were identified for sequence SRR12683211.69.1, skipping.
11-05 13:08 root         DEBUG    No ITS stop or start sites were identified for sequence SRR12683211.110.1, skipping.
11-05 13:08 root         DEBUG    No ITS stop or start sites were identified for sequence SRR12683211.113.1, skipping.
11-05 13:08 root         DEBUG    No ITS stop or start sites were identified for sequence SRR12683211.114.1, skipping.
11-05 13:08 root         DEBUG    No ITS stop or start sites were identified for sequence SRR12683211.127.1, skipping.
11-05 13:08 root         DEBUG    No ITS stop or start sites were identified for sequence SRR12683211.128.1, skipping.
11-05 13:08 root         DEBUG    No ITS stop or start sites were identified for sequence SRR12683211.129.1, skipping.
11-05 13:08 root         DEBUG    No ITS stop or start sites were identified for sequence SRR12683211.130.1, skipping.
11-05 13:08 root         DEBUG    No ITS stop or start sites were identified for sequence SRR12683211.133.1, skipping.
11-05 13:08 root         DEBUG    No ITS stop or start sites were identified for sequence SRR12683211.138.1, skipping.
11-05 13:08 root         DEBUG    No ITS stop or start sites were identified for sequence SRR12683211.141.1, skipping.
11-05 13:08 root         DEBUG    No ITS stop or start sites were identified for sequence SRR12683211.144.1, skipping.
11-05 13:08 root         DEBUG    No ITS stop or start sites were identified for sequence SRR12683211.150.1, skipping.
11-05 13:08 root         DEBUG    No ITS stop or start sites were identified for sequence SRR12683211.154.1, skipping.
11-05 13:08 root         DEBUG    No ITS stop or start sites were identified for sequence SRR12683211.167.1, skipping.
11-05 13:08 root         DEBUG    No ITS stop or start sites were identified for sequence SRR12683211.170.1, skipping.
11-05 13:08 root         DEBUG    No ITS stop or start sites were identified for sequence SRR12683211.175.1, skipping.
11-05 13:08 root         DEBUG    No ITS stop or start sites were identified for sequence SRR12683211.176.1, skipping.
11-05 13:08 root         DEBUG    No ITS stop or start sites were identified for sequence SRR12683211.178.1, skipping.
11-05 13:08 root         DEBUG    No ITS stop or start sites were identified for sequence SRR12683211.179.1, skipping.
11-05 13:08 root         DEBUG    No ITS stop or start sites were identified for sequence SRR12683211.181.1, skipping.
11-05 13:08 root         DEBUG    No ITS stop or start sites were identified for sequence SRR12683211.188.1, skipping.
11-05 13:08 root         DEBUG    No ITS stop or start sites were identified for sequence SRR12683211.189.1, skipping.
11-05 13:08 root         DEBUG    No ITS stop or start sites were identified for sequence SRR12683211.192.1, skipping.
11-05 13:08 root         DEBUG    No ITS stop or start sites were identified for sequence SRR12683211.19.1, skipping.
11-05 13:08 root         DEBUG    No ITS stop or start sites were identified for sequence SRR12683211.198.1, skipping.
11-05 13:08 root         DEBUG    No ITS stop or start sites were identified for sequence SRR12683211.199.1, skipping.
11-05 13:08 root         DEBUG    No ITS stop or start sites were identified for sequence SRR12683211.202.1, skipping.
11-05 13:08 root         DEBUG    No ITS stop or start sites were identified for sequence SRR12683211.203.1, skipping.
11-05 13:08 root         DEBUG    No ITS stop or start sites were identified for sequence SRR12683211.212.1, skipping.
11-05 13:08 root         DEBUG    No ITS stop or start sites were identified for sequence SRR12683211.214.1, skipping.
11-05 13:08 root         DEBUG    No ITS stop or start sites were identified for sequence SRR12683211.215.1, skipping.
11-05 13:08 root         DEBUG    No ITS stop or start sites were identified for sequence SRR12683211.216.1, skipping.
11-05 13:08 root         DEBUG    No ITS stop or start sites were identified for sequence SRR12683211.220.1, skipping.
11-05 13:08 root         DEBUG    No ITS stop or start sites were identified for sequence SRR12683211.19.1, skipping.
11-05 13:08 root         DEBUG    No ITS stop or start sites were identified for sequence SRR12683211.62.1, skipping.
11-05 13:08 root         DEBUG    No ITS stop or start sites were identified for sequence SRR12683211.239.1, skipping.
11-05 13:08 root         DEBUG    No ITS stop or start sites were identified for sequence SRR12683211.244.1, skipping.
11-05 13:08 root         DEBUG    No ITS stop or start sites were identified for sequence SRR12683211.245.1, skipping.
11-05 13:08 root         DEBUG    No ITS stop or start sites were identified for sequence SRR12683211.249.1, skipping.
11-05 13:08 root         DEBUG    No ITS stop or start sites were identified for sequence SRR12683211.254.1, skipping.
11-05 13:08 root         DEBUG    No ITS stop or start sites were identified for sequence SRR12683211.19.1, skipping.
11-05 13:08 root         DEBUG    No ITS stop or start sites were identified for sequence SRR12683211.263.1, skipping.
11-05 13:08 root         DEBUG    No ITS stop or start sites were identified for sequence SRR12683211.264.1, skipping.
11-05 13:08 root         DEBUG    No ITS stop or start sites were identified for sequence SRR12683211.19.1, skipping.
11-05 13:08 root         DEBUG    No ITS stop or start sites were identified for sequence SRR12683211.270.1, skipping.
11-05 13:08 root         DEBUG    No ITS stop or start sites were identified for sequence SRR12683211.239.1, skipping.
11-05 13:08 root         DEBUG    No ITS stop or start sites were identified for sequence SRR12683211.276.1, skipping.
11-05 13:08 root         DEBUG    No ITS stop or start sites were identified for sequence SRR12683211.280.1, skipping.
11-05 13:08 root         DEBUG    No ITS stop or start sites were identified for sequence SRR12683211.281.1, skipping.
11-05 13:08 root         DEBUG    No ITS stop or start sites were identified for sequence SRR12683211.282.1, skipping.
11-05 13:08 root         DEBUG    No ITS stop or start sites were identified for sequence SRR12683211.283.1, skipping.
11-05 13:08 root         DEBUG    No ITS stop or start sites were identified for sequence SRR12683211.288.1, skipping.
11-05 13:08 root         DEBUG    No ITS stop or start sites were identified for sequence SRR12683211.289.1, skipping.
11-05 13:08 root         DEBUG    No ITS stop or start sites were identified for sequence SRR12683211.294.1, skipping.
11-05 13:08 root         DEBUG    No ITS stop or start sites were identified for sequence SRR12683211.297.1, skipping.
11-05 13:08 root         DEBUG    No ITS stop or start sites were identified for sequence SRR12683211.298.1, skipping.
11-05 13:08 root         DEBUG    No ITS stop or start sites were identified for sequence SRR12683211.69.1, skipping.
11-05 13:08 root         DEBUG    No ITS stop or start sites were identified for sequence SRR12683211.300.1, skipping.
11-05 13:08 root         DEBUG    No ITS stop or start sites were identified for sequence SRR12683211.19.1, skipping.
11-05 13:08 root         DEBUG    No ITS stop or start sites were identified for sequence SRR12683211.303.1, skipping.
11-05 13:08 root         DEBUG    No ITS stop or start sites were identified for sequence SRR12683211.305.1, skipping.
11-05 13:08 root         DEBUG    No ITS stop or start sites were identified for sequence SRR12683211.306.1, skipping.
11-05 13:08 root         DEBUG    No ITS stop or start sites were identified for sequence SRR12683211.308.1, skipping.
11-05 13:08 root         DEBUG    No ITS stop or start sites were identified for sequence SRR12683211.42.1, skipping.
11-05 13:08 root         DEBUG    No ITS stop or start sites were identified for sequence SRR12683211.319.1, skipping.
11-05 13:08 root         DEBUG    No ITS stop or start sites were identified for sequence SRR12683211.320.1, skipping.
11-05 13:08 root         DEBUG    No ITS stop or start sites were identified for sequence SRR12683211.321.1, skipping.
11-05 13:08 root         DEBUG    No ITS stop or start sites were identified for sequence SRR12683211.239.1, skipping.
11-05 13:08 root         DEBUG    No ITS stop or start sites were identified for sequence SRR12683211.324.1, skipping.
11-05 13:08 root         DEBUG    No ITS stop or start sites were identified for sequence SRR12683211.42.1, skipping.
11-05 13:08 root         DEBUG    No ITS stop or start sites were identified for sequence SRR12683211.328.1, skipping.
11-05 13:08 root         DEBUG    No ITS stop or start sites were identified for sequence SRR12683211.343.1, skipping.
11-05 13:08 root         DEBUG    No ITS stop or start sites were identified for sequence SRR12683211.19.1, skipping.
11-05 13:08 root         DEBUG    No ITS stop or start sites were identified for sequence SRR12683211.350.1, skipping.
11-05 13:08 root         DEBUG    No ITS stop or start sites were identified for sequence SRR12683211.239.1, skipping.
11-05 13:08 root         DEBUG    No ITS stop or start sites were identified for sequence SRR12683211.356.1, skipping.
11-05 13:08 root         DEBUG    No ITS stop or start sites were identified for sequence SRR12683211.362.1, skipping.
11-05 13:08 root         DEBUG    No ITS stop or start sites were identified for sequence SRR12683211.363.1, skipping.
11-05 13:08 root         DEBUG    No ITS stop or start sites were identified for sequence SRR12683211.364.1, skipping.
11-05 13:08 root         DEBUG    No ITS stop or start sites were identified for sequence SRR12683211.365.1, skipping.
11-05 13:08 root         DEBUG    No ITS stop or start sites were identified for sequence SRR12683211.366.1, skipping.
11-05 13:08 root         DEBUG    No ITS stop or start sites were identified for sequence SRR12683211.19.1, skipping.
11-05 13:08 root         DEBUG    No ITS stop or start sites were identified for sequence SRR12683211.19.1, skipping.
11-05 13:08 root         DEBUG    No ITS stop or start sites were identified for sequence SRR12683211.69.1, skipping.
11-05 13:08 root         DEBUG    No ITS stop or start sites were identified for sequence SRR12683211.69.1, skipping.
11-05 13:08 root         DEBUG    No ITS stop or start sites were identified for sequence SRR12683211.385.1, skipping.
11-05 13:08 root         DEBUG    No ITS stop or start sites were identified for sequence SRR12683211.392.1, skipping.
11-05 13:08 root         DEBUG    No ITS stop or start sites were identified for sequence SRR12683211.393.1, skipping.
11-05 13:08 root         DEBUG    No ITS stop or start sites were identified for sequence SRR12683211.19.1, skipping.
11-05 13:08 root         DEBUG    No ITS stop or start sites were identified for sequence SRR12683211.398.1, skipping.
11-05 13:08 root         DEBUG    No ITS stop or start sites were identified for sequence SRR12683211.410.1, skipping.
11-05 13:08 root         DEBUG    No ITS stop or start sites were identified for sequence SRR12683211.42.1, skipping.
11-05 13:08 root         DEBUG    No ITS stop or start sites were identified for sequence SRR12683211.417.1, skipping.
11-05 13:08 root         DEBUG    No ITS stop or start sites were identified for sequence SRR12683211.431.1, skipping.
11-05 13:08 root         DEBUG    No ITS stop or start sites were identified for sequence SRR12683211.433.1, skipping.
11-05 13:08 root         DEBUG    No ITS stop or start sites were identified for sequence SRR12683211.434.1, skipping.
11-05 13:08 root         DEBUG    No ITS stop or start sites were identified for sequence SRR12683211.436.1, skipping.
11-05 13:08 root         DEBUG    No ITS stop or start sites were identified for sequence SRR12683211.239.1, skipping.
11-05 13:08 root         DEBUG    No ITS stop or start sites were identified for sequence SRR12683211.438.1, skipping.
11-05 13:08 root         DEBUG    No ITS stop or start sites were identified for sequence SRR12683211.439.1, skipping.
11-05 13:08 root         DEBUG    No ITS stop or start sites were identified for sequence SRR12683211.239.1, skipping.
11-05 13:08 root         DEBUG    No ITS stop or start sites were identified for sequence SRR12683211.447.1, skipping.
11-05 13:08 root         DEBUG    No ITS stop or start sites were identified for sequence SRR12683211.455.1, skipping.
11-05 13:08 root         DEBUG    No ITS stop or start sites were identified for sequence SRR12683211.457.1, skipping.
11-05 13:08 root         DEBUG    No ITS stop or start sites were identified for sequence SRR12683211.461.1, skipping.
11-05 13:08 root         DEBUG    No ITS stop or start sites were identified for sequence SRR12683211.465.1, skipping.
11-05 13:08 root         DEBUG    No ITS stop or start sites were identified for sequence SRR12683211.467.1, skipping.
11-05 13:08 root         DEBUG    No ITS stop or start sites were identified for sequence SRR12683211.469.1, skipping.
11-05 13:08 root         DEBUG    No ITS stop or start sites were identified for sequence SRR12683211.476.1, skipping.
11-05 13:08 root         DEBUG    No ITS stop or start sites were identified for sequence SRR12683211.477.1, skipping.
11-05 13:08 root         DEBUG    No ITS stop or start sites were identified for sequence SRR12683211.480.1, skipping.
11-05 13:08 root         DEBUG    No ITS stop or start sites were identified for sequence SRR12683211.483.1, skipping.
11-05 13:08 root         DEBUG    No ITS stop or start sites were identified for sequence SRR12683211.488.1, skipping.
11-05 13:08 root         DEBUG    No ITS stop or start sites were identified for sequence SRR12683211.489.1, skipping.
11-05 13:08 root         DEBUG    No ITS stop or start sites were identified for sequence SRR12683211.490.1, skipping.
11-05 13:08 root         DEBUG    No ITS stop or start sites were identified for sequence SRR12683211.493.1, skipping.
11-05 13:08 root         DEBUG    No ITS stop or start sites were identified for sequence SRR12683211.496.1, skipping.
11-05 13:08 root         DEBUG    No ITS stop or start sites were identified for sequence SRR12683211.498.1, skipping.
11-05 13:08 root         DEBUG    No ITS stop or start sites were identified for sequence SRR12683211.499.1, skipping.
11-05 13:08 root         DEBUG    No ITS stop or start sites were identified for sequence SRR12683211.500.1, skipping.
11-05 13:08 root         DEBUG    No ITS stop or start sites were identified for sequence SRR12683211.510.1, skipping.
11-05 13:08 root         DEBUG    No ITS stop or start sites were identified for sequence SRR12683211.512.1, skipping.
11-05 13:08 root         DEBUG    No ITS stop or start sites were identified for sequence SRR12683211.516.1, skipping.
11-05 13:08 root         DEBUG    No ITS stop or start sites were identified for sequence SRR12683211.239.1, skipping.
11-05 13:08 root         DEBUG    No ITS stop or start sites were identified for sequence SRR12683211.530.1, skipping.
11-05 13:08 root         DEBUG    No ITS stop or start sites were identified for sequence SRR12683211.531.1, skipping.
11-05 13:08 root         DEBUG    No ITS stop or start sites were identified for sequence SRR12683211.536.1, skipping.
11-05 13:08 root         DEBUG    No ITS stop or start sites were identified for sequence SRR12683211.537.1, skipping.
11-05 13:08 root         DEBUG    No ITS stop or start sites were identified for sequence SRR12683211.538.1, skipping.
11-05 13:08 root         DEBUG    No ITS stop or start sites were identified for sequence SRR12683211.539.1, skipping.
11-05 13:08 root         DEBUG    No ITS stop or start sites were identified for sequence SRR12683211.542.1, skipping.
11-05 13:08 root         DEBUG    No ITS stop or start sites were identified for sequence SRR12683211.547.1, skipping.
11-05 13:08 root         DEBUG    No ITS stop or start sites were identified for sequence SRR12683211.548.1, skipping.
11-05 13:08 root         DEBUG    No ITS stop or start sites were identified for sequence SRR12683211.557.1, skipping.
11-05 13:08 root         DEBUG    No ITS stop or start sites were identified for sequence SRR12683211.567.1, skipping.
11-05 13:08 root         DEBUG    No ITS stop or start sites were identified for sequence SRR12683211.294.1, skipping.
11-05 13:08 root         DEBUG    No ITS stop or start sites were identified for sequence SRR12683211.19.1, skipping.
11-05 13:08 root         DEBUG    No ITS stop or start sites were identified for sequence SRR12683211.573.1, skipping.
11-05 13:08 root         DEBUG    No ITS stop or start sites were identified for sequence SRR12683211.578.1, skipping.
11-05 13:08 root         DEBUG    No ITS stop or start sites were identified for sequence SRR12683211.582.1, skipping.
11-05 13:08 root         DEBUG    No ITS stop or start sites were identified for sequence SRR12683211.599.1, skipping.
11-05 13:08 root         DEBUG    No ITS stop or start sites were identified for sequence SRR12683211.600.1, skipping.
11-05 13:08 root         DEBUG    No ITS stop or start sites were identified for sequence SRR12683211.604.1, skipping.
11-05 13:08 root         DEBUG    No ITS stop or start sites were identified for sequence SRR12683211.608.1, skipping.
11-05 13:08 root         DEBUG    No ITS stop or start sites were identified for sequence SRR12683211.612.1, skipping.
11-05 13:08 root         DEBUG    No ITS stop or start sites were identified for sequence SRR12683211.613.1, skipping.
11-05 13:08 root         DEBUG    No ITS stop or start sites were identified for sequence SRR12683211.614.1, skipping.
11-05 13:08 root         DEBUG    No ITS stop or start sites were identified for sequence SRR12683211.616.1, skipping.
11-05 13:08 root         DEBUG    No ITS stop or start sites were identified for sequence SRR12683211.617.1, skipping.
11-05 13:08 root         DEBUG    No ITS stop or start sites were identified for sequence SRR12683211.19.1, skipping.
11-05 13:08 root         DEBUG    No ITS stop or start sites were identified for sequence SRR12683211.624.1, skipping.
11-05 13:08 root         DEBUG    No ITS stop or start sites were identified for sequence SRR12683211.628.1, skipping.
11-05 13:08 root         DEBUG    No ITS stop or start sites were identified for sequence SRR12683211.629.1, skipping.
11-05 13:08 root         DEBUG    No ITS stop or start sites were identified for sequence SRR12683211.69.1, skipping.
11-05 13:08 root         DEBUG    No ITS stop or start sites were identified for sequence SRR12683211.634.1, skipping.
11-05 13:08 root         DEBUG    No ITS stop or start sites were identified for sequence SRR12683211.62.1, skipping.
11-05 13:08 root         DEBUG    No ITS stop or start sites were identified for sequence SRR12683211.639.1, skipping.
11-05 13:08 root         DEBUG    No ITS stop or start sites were identified for sequence SRR12683211.239.1, skipping.
11-05 13:08 root         DEBUG    No ITS stop or start sites were identified for sequence SRR12683211.69.1, skipping.
11-05 13:08 root         DEBUG    No ITS stop or start sites were identified for sequence SRR12683211.645.1, skipping.
11-05 13:08 root         DEBUG    No ITS stop or start sites were identified for sequence SRR12683211.646.1, skipping.
11-05 13:08 root         INFO     ITSxpress ran in 00:00:02
