11-05 13:14 root         INFO     Verifying the input sequences.
11-05 13:14 root         INFO     Sequences are assumed to be single-end.
11-05 13:14 root         INFO     Temporary directory is: /tmp/itsxpress_qt2i_aao
11-05 13:14 root         INFO     Unique sequences are being written to a temporary FASTA file with Vsearch.
11-05 13:14 root         INFO     vsearch v2.7.1_linux_x86_64, 15.6GB RAM, 4 cores
https://github.com/torognes/vsearch

Reading file SRR12683230_pass_1.fastq.gz 100%
264991 nt in 891 seqs, min 35, max 301, avg 297
Dereplicating 100%
Sorting 100%
429 unique sequences, avg cluster 2.1, median 1, max 185
Writing output file 100%
Writing uc file, first part 100%
Writing uc file, second part 100%

11-05 13:14 root         INFO     Searching for ITS start and stop sites using HMMSearch. This step takes a while.
11-05 13:14 root         INFO     Parsing HMM results.
11-05 13:14 root         INFO     Writing out sequences
11-05 13:14 root         DEBUG    No ITS stop or start sites were identified for sequence SRR12683230.7.1, skipping.
11-05 13:14 root         DEBUG    No ITS stop or start sites were identified for sequence SRR12683230.8.1, skipping.
11-05 13:14 root         DEBUG    No ITS stop or start sites were identified for sequence SRR12683230.11.1, skipping.
11-05 13:14 root         DEBUG    No ITS stop or start sites were identified for sequence SRR12683230.14.1, skipping.
11-05 13:14 root         DEBUG    No ITS stop or start sites were identified for sequence SRR12683230.15.1, skipping.
11-05 13:14 root         DEBUG    No ITS stop or start sites were identified for sequence SRR12683230.23.1, skipping.
11-05 13:14 root         DEBUG    No ITS stop or start sites were identified for sequence SRR12683230.27.1, skipping.
11-05 13:14 root         DEBUG    No ITS stop or start sites were identified for sequence SRR12683230.27.1, skipping.
11-05 13:14 root         DEBUG    No ITS stop or start sites were identified for sequence SRR12683230.35.1, skipping.
11-05 13:14 root         DEBUG    No ITS stop or start sites were identified for sequence SRR12683230.36.1, skipping.
11-05 13:14 root         DEBUG    No ITS stop or start sites were identified for sequence SRR12683230.39.1, skipping.
11-05 13:14 root         DEBUG    No ITS stop or start sites were identified for sequence SRR12683230.27.1, skipping.
11-05 13:14 root         DEBUG    No ITS stop or start sites were identified for sequence SRR12683230.42.1, skipping.
11-05 13:14 root         DEBUG    No ITS stop or start sites were identified for sequence SRR12683230.57.1, skipping.
11-05 13:14 root         DEBUG    No ITS stop or start sites were identified for sequence SRR12683230.27.1, skipping.
11-05 13:14 root         DEBUG    No ITS stop or start sites were identified for sequence SRR12683230.59.1, skipping.
11-05 13:14 root         DEBUG    No ITS stop or start sites were identified for sequence SRR12683230.27.1, skipping.
11-05 13:14 root         DEBUG    No ITS stop or start sites were identified for sequence SRR12683230.61.1, skipping.
11-05 13:14 root         DEBUG    No ITS stop or start sites were identified for sequence SRR12683230.85.1, skipping.
11-05 13:14 root         DEBUG    No ITS stop or start sites were identified for sequence SRR12683230.86.1, skipping.
11-05 13:14 root         DEBUG    No ITS stop or start sites were identified for sequence SRR12683230.87.1, skipping.
11-05 13:14 root         DEBUG    No ITS stop or start sites were identified for sequence SRR12683230.85.1, skipping.
11-05 13:14 root         DEBUG    No ITS stop or start sites were identified for sequence SRR12683230.85.1, skipping.
11-05 13:14 root         DEBUG    No ITS stop or start sites were identified for sequence SRR12683230.134.1, skipping.
11-05 13:14 root         DEBUG    No ITS stop or start sites were identified for sequence SRR12683230.27.1, skipping.
11-05 13:14 root         DEBUG    No ITS stop or start sites were identified for sequence SRR12683230.27.1, skipping.
11-05 13:14 root         DEBUG    No ITS stop or start sites were identified for sequence SRR12683230.27.1, skipping.
11-05 13:14 root         DEBUG    No ITS stop or start sites were identified for sequence SRR12683230.150.1, skipping.
11-05 13:14 root         DEBUG    No ITS stop or start sites were identified for sequence SRR12683230.27.1, skipping.
11-05 13:14 root         DEBUG    No ITS stop or start sites were identified for sequence SRR12683230.152.1, skipping.
11-05 13:14 root         DEBUG    No ITS stop or start sites were identified for sequence SRR12683230.160.1, skipping.
11-05 13:14 root         DEBUG    No ITS stop or start sites were identified for sequence SRR12683230.165.1, skipping.
11-05 13:14 root         DEBUG    No ITS stop or start sites were identified for sequence SRR12683230.165.1, skipping.
11-05 13:14 root         DEBUG    No ITS stop or start sites were identified for sequence SRR12683230.182.1, skipping.
11-05 13:14 root         DEBUG    No ITS stop or start sites were identified for sequence SRR12683230.202.1, skipping.
11-05 13:14 root         DEBUG    No ITS stop or start sites were identified for sequence SRR12683230.210.1, skipping.
11-05 13:14 root         DEBUG    No ITS stop or start sites were identified for sequence SRR12683230.227.1, skipping.
11-05 13:14 root         DEBUG    No ITS stop or start sites were identified for sequence SRR12683230.227.1, skipping.
11-05 13:14 root         DEBUG    No ITS stop or start sites were identified for sequence SRR12683230.27.1, skipping.
11-05 13:14 root         DEBUG    No ITS stop or start sites were identified for sequence SRR12683230.241.1, skipping.
11-05 13:14 root         DEBUG    No ITS stop or start sites were identified for sequence SRR12683230.27.1, skipping.
11-05 13:14 root         DEBUG    No ITS stop or start sites were identified for sequence SRR12683230.27.1, skipping.
11-05 13:14 root         DEBUG    No ITS stop or start sites were identified for sequence SRR12683230.27.1, skipping.
11-05 13:14 root         DEBUG    No ITS stop or start sites were identified for sequence SRR12683230.227.1, skipping.
11-05 13:14 root         DEBUG    No ITS stop or start sites were identified for sequence SRR12683230.227.1, skipping.
11-05 13:14 root         DEBUG    No ITS stop or start sites were identified for sequence SRR12683230.280.1, skipping.
11-05 13:14 root         DEBUG    No ITS stop or start sites were identified for sequence SRR12683230.299.1, skipping.
11-05 13:14 root         DEBUG    No ITS stop or start sites were identified for sequence SRR12683230.227.1, skipping.
11-05 13:14 root         DEBUG    No ITS stop or start sites were identified for sequence SRR12683230.301.1, skipping.
11-05 13:14 root         DEBUG    No ITS stop or start sites were identified for sequence SRR12683230.312.1, skipping.
11-05 13:14 root         DEBUG    No ITS stop or start sites were identified for sequence SRR12683230.27.1, skipping.
11-05 13:14 root         DEBUG    No ITS stop or start sites were identified for sequence SRR12683230.314.1, skipping.
11-05 13:14 root         DEBUG    No ITS stop or start sites were identified for sequence SRR12683230.321.1, skipping.
11-05 13:14 root         DEBUG    No ITS stop or start sites were identified for sequence SRR12683230.27.1, skipping.
11-05 13:14 root         DEBUG    No ITS stop or start sites were identified for sequence SRR12683230.27.1, skipping.
11-05 13:14 root         DEBUG    No ITS stop or start sites were identified for sequence SRR12683230.328.1, skipping.
11-05 13:14 root         DEBUG    No ITS stop or start sites were identified for sequence SRR12683230.334.1, skipping.
11-05 13:14 root         DEBUG    No ITS stop or start sites were identified for sequence SRR12683230.340.1, skipping.
11-05 13:14 root         DEBUG    No ITS stop or start sites were identified for sequence SRR12683230.350.1, skipping.
11-05 13:14 root         DEBUG    No ITS stop or start sites were identified for sequence SRR12683230.351.1, skipping.
11-05 13:14 root         DEBUG    No ITS stop or start sites were identified for sequence SRR12683230.352.1, skipping.
11-05 13:14 root         DEBUG    No ITS stop or start sites were identified for sequence SRR12683230.357.1, skipping.
11-05 13:14 root         DEBUG    No ITS stop or start sites were identified for sequence SRR12683230.227.1, skipping.
11-05 13:14 root         DEBUG    No ITS stop or start sites were identified for sequence SRR12683230.362.1, skipping.
11-05 13:14 root         DEBUG    No ITS stop or start sites were identified for sequence SRR12683230.27.1, skipping.
11-05 13:14 root         DEBUG    No ITS stop or start sites were identified for sequence SRR12683230.27.1, skipping.
11-05 13:14 root         DEBUG    No ITS stop or start sites were identified for sequence SRR12683230.374.1, skipping.
11-05 13:14 root         DEBUG    No ITS stop or start sites were identified for sequence SRR12683230.27.1, skipping.
11-05 13:14 root         DEBUG    No ITS stop or start sites were identified for sequence SRR12683230.382.1, skipping.
11-05 13:14 root         DEBUG    No ITS stop or start sites were identified for sequence SRR12683230.388.1, skipping.
11-05 13:14 root         DEBUG    No ITS stop or start sites were identified for sequence SRR12683230.389.1, skipping.
11-05 13:14 root         DEBUG    No ITS stop or start sites were identified for sequence SRR12683230.27.1, skipping.
11-05 13:14 root         DEBUG    No ITS stop or start sites were identified for sequence SRR12683230.396.1, skipping.
11-05 13:14 root         DEBUG    No ITS stop or start sites were identified for sequence SRR12683230.402.1, skipping.
11-05 13:14 root         DEBUG    No ITS stop or start sites were identified for sequence SRR12683230.403.1, skipping.
11-05 13:14 root         DEBUG    No ITS stop or start sites were identified for sequence SRR12683230.404.1, skipping.
11-05 13:14 root         DEBUG    No ITS stop or start sites were identified for sequence SRR12683230.406.1, skipping.
11-05 13:14 root         DEBUG    No ITS stop or start sites were identified for sequence SRR12683230.407.1, skipping.
11-05 13:14 root         DEBUG    No ITS stop or start sites were identified for sequence SRR12683230.418.1, skipping.
11-05 13:14 root         DEBUG    No ITS stop or start sites were identified for sequence SRR12683230.27.1, skipping.
11-05 13:14 root         DEBUG    No ITS stop or start sites were identified for sequence SRR12683230.27.1, skipping.
11-05 13:14 root         DEBUG    No ITS stop or start sites were identified for sequence SRR12683230.421.1, skipping.
11-05 13:14 root         DEBUG    No ITS stop or start sites were identified for sequence SRR12683230.433.1, skipping.
11-05 13:14 root         DEBUG    No ITS stop or start sites were identified for sequence SRR12683230.434.1, skipping.
11-05 13:14 root         DEBUG    No ITS stop or start sites were identified for sequence SRR12683230.446.1, skipping.
11-05 13:14 root         DEBUG    No ITS stop or start sites were identified for sequence SRR12683230.447.1, skipping.
11-05 13:14 root         DEBUG    No ITS stop or start sites were identified for sequence SRR12683230.27.1, skipping.
11-05 13:14 root         DEBUG    No ITS stop or start sites were identified for sequence SRR12683230.27.1, skipping.
11-05 13:14 root         DEBUG    No ITS stop or start sites were identified for sequence SRR12683230.450.1, skipping.
11-05 13:14 root         DEBUG    No ITS stop or start sites were identified for sequence SRR12683230.467.1, skipping.
11-05 13:14 root         DEBUG    No ITS stop or start sites were identified for sequence SRR12683230.468.1, skipping.
11-05 13:14 root         DEBUG    No ITS stop or start sites were identified for sequence SRR12683230.469.1, skipping.
11-05 13:14 root         DEBUG    No ITS stop or start sites were identified for sequence SRR12683230.85.1, skipping.
11-05 13:14 root         DEBUG    No ITS stop or start sites were identified for sequence SRR12683230.227.1, skipping.
11-05 13:14 root         DEBUG    No ITS stop or start sites were identified for sequence SRR12683230.473.1, skipping.
11-05 13:14 root         DEBUG    No ITS stop or start sites were identified for sequence SRR12683230.477.1, skipping.
11-05 13:14 root         DEBUG    No ITS stop or start sites were identified for sequence SRR12683230.488.1, skipping.
11-05 13:14 root         DEBUG    No ITS stop or start sites were identified for sequence SRR12683230.503.1, skipping.
11-05 13:14 root         DEBUG    No ITS stop or start sites were identified for sequence SRR12683230.504.1, skipping.
11-05 13:14 root         DEBUG    No ITS stop or start sites were identified for sequence SRR12683230.27.1, skipping.
11-05 13:14 root         DEBUG    No ITS stop or start sites were identified for sequence SRR12683230.85.1, skipping.
11-05 13:14 root         DEBUG    No ITS stop or start sites were identified for sequence SRR12683230.528.1, skipping.
11-05 13:14 root         DEBUG    No ITS stop or start sites were identified for sequence SRR12683230.529.1, skipping.
11-05 13:14 root         DEBUG    No ITS stop or start sites were identified for sequence SRR12683230.528.1, skipping.
11-05 13:14 root         DEBUG    No ITS stop or start sites were identified for sequence SRR12683230.528.1, skipping.
11-05 13:14 root         DEBUG    No ITS stop or start sites were identified for sequence SRR12683230.540.1, skipping.
11-05 13:14 root         DEBUG    No ITS stop or start sites were identified for sequence SRR12683230.85.1, skipping.
11-05 13:14 root         DEBUG    No ITS stop or start sites were identified for sequence SRR12683230.85.1, skipping.
11-05 13:14 root         DEBUG    No ITS stop or start sites were identified for sequence SRR12683230.543.1, skipping.
11-05 13:14 root         DEBUG    No ITS stop or start sites were identified for sequence SRR12683230.548.1, skipping.
11-05 13:14 root         DEBUG    No ITS stop or start sites were identified for sequence SRR12683230.552.1, skipping.
11-05 13:14 root         DEBUG    No ITS stop or start sites were identified for sequence SRR12683230.553.1, skipping.
11-05 13:14 root         DEBUG    No ITS stop or start sites were identified for sequence SRR12683230.27.1, skipping.
11-05 13:14 root         DEBUG    No ITS stop or start sites were identified for sequence SRR12683230.27.1, skipping.
11-05 13:14 root         DEBUG    No ITS stop or start sites were identified for sequence SRR12683230.27.1, skipping.
11-05 13:14 root         DEBUG    No ITS stop or start sites were identified for sequence SRR12683230.560.1, skipping.
11-05 13:14 root         DEBUG    No ITS stop or start sites were identified for sequence SRR12683230.561.1, skipping.
11-05 13:14 root         DEBUG    No ITS stop or start sites were identified for sequence SRR12683230.563.1, skipping.
11-05 13:14 root         DEBUG    No ITS stop or start sites were identified for sequence SRR12683230.27.1, skipping.
11-05 13:14 root         DEBUG    No ITS stop or start sites were identified for sequence SRR12683230.565.1, skipping.
11-05 13:14 root         DEBUG    No ITS stop or start sites were identified for sequence SRR12683230.585.1, skipping.
11-05 13:14 root         DEBUG    No ITS stop or start sites were identified for sequence SRR12683230.586.1, skipping.
11-05 13:14 root         DEBUG    No ITS stop or start sites were identified for sequence SRR12683230.587.1, skipping.
11-05 13:14 root         DEBUG    No ITS stop or start sites were identified for sequence SRR12683230.588.1, skipping.
11-05 13:14 root         DEBUG    No ITS stop or start sites were identified for sequence SRR12683230.85.1, skipping.
11-05 13:14 root         DEBUG    No ITS stop or start sites were identified for sequence SRR12683230.590.1, skipping.
11-05 13:14 root         DEBUG    No ITS stop or start sites were identified for sequence SRR12683230.612.1, skipping.
11-05 13:14 root         DEBUG    No ITS stop or start sites were identified for sequence SRR12683230.227.1, skipping.
11-05 13:14 root         DEBUG    No ITS stop or start sites were identified for sequence SRR12683230.614.1, skipping.
11-05 13:14 root         DEBUG    No ITS stop or start sites were identified for sequence SRR12683230.626.1, skipping.
11-05 13:14 root         DEBUG    No ITS stop or start sites were identified for sequence SRR12683230.628.1, skipping.
11-05 13:14 root         DEBUG    No ITS stop or start sites were identified for sequence SRR12683230.629.1, skipping.
11-05 13:14 root         DEBUG    No ITS stop or start sites were identified for sequence SRR12683230.633.1, skipping.
11-05 13:14 root         DEBUG    No ITS stop or start sites were identified for sequence SRR12683230.633.1, skipping.
11-05 13:14 root         DEBUG    No ITS stop or start sites were identified for sequence SRR12683230.27.1, skipping.
11-05 13:14 root         DEBUG    No ITS stop or start sites were identified for sequence SRR12683230.227.1, skipping.
11-05 13:14 root         DEBUG    No ITS stop or start sites were identified for sequence SRR12683230.653.1, skipping.
11-05 13:14 root         DEBUG    No ITS stop or start sites were identified for sequence SRR12683230.27.1, skipping.
11-05 13:14 root         DEBUG    No ITS stop or start sites were identified for sequence SRR12683230.27.1, skipping.
11-05 13:14 root         DEBUG    No ITS stop or start sites were identified for sequence SRR12683230.666.1, skipping.
11-05 13:14 root         DEBUG    No ITS stop or start sites were identified for sequence SRR12683230.27.1, skipping.
11-05 13:14 root         DEBUG    No ITS stop or start sites were identified for sequence SRR12683230.227.1, skipping.
11-05 13:14 root         DEBUG    No ITS stop or start sites were identified for sequence SRR12683230.697.1, skipping.
11-05 13:14 root         DEBUG    No ITS stop or start sites were identified for sequence SRR12683230.698.1, skipping.
11-05 13:14 root         DEBUG    No ITS stop or start sites were identified for sequence SRR12683230.705.1, skipping.
11-05 13:14 root         DEBUG    No ITS stop or start sites were identified for sequence SRR12683230.227.1, skipping.
11-05 13:14 root         DEBUG    No ITS stop or start sites were identified for sequence SRR12683230.716.1, skipping.
11-05 13:14 root         DEBUG    No ITS stop or start sites were identified for sequence SRR12683230.717.1, skipping.
11-05 13:14 root         DEBUG    No ITS stop or start sites were identified for sequence SRR12683230.720.1, skipping.
11-05 13:14 root         DEBUG    No ITS stop or start sites were identified for sequence SRR12683230.27.1, skipping.
11-05 13:14 root         DEBUG    No ITS stop or start sites were identified for sequence SRR12683230.27.1, skipping.
11-05 13:14 root         DEBUG    No ITS stop or start sites were identified for sequence SRR12683230.227.1, skipping.
11-05 13:14 root         DEBUG    No ITS stop or start sites were identified for sequence SRR12683230.727.1, skipping.
11-05 13:14 root         DEBUG    No ITS stop or start sites were identified for sequence SRR12683230.736.1, skipping.
11-05 13:14 root         DEBUG    No ITS stop or start sites were identified for sequence SRR12683230.737.1, skipping.
11-05 13:14 root         DEBUG    No ITS stop or start sites were identified for sequence SRR12683230.749.1, skipping.
11-05 13:14 root         DEBUG    No ITS stop or start sites were identified for sequence SRR12683230.27.1, skipping.
11-05 13:14 root         DEBUG    No ITS stop or start sites were identified for sequence SRR12683230.560.1, skipping.
11-05 13:14 root         DEBUG    No ITS stop or start sites were identified for sequence SRR12683230.227.1, skipping.
11-05 13:14 root         DEBUG    No ITS stop or start sites were identified for sequence SRR12683230.759.1, skipping.
11-05 13:14 root         DEBUG    No ITS stop or start sites were identified for sequence SRR12683230.227.1, skipping.
11-05 13:14 root         DEBUG    No ITS stop or start sites were identified for sequence SRR12683230.27.1, skipping.
11-05 13:14 root         DEBUG    No ITS stop or start sites were identified for sequence SRR12683230.762.1, skipping.
11-05 13:14 root         DEBUG    No ITS stop or start sites were identified for sequence SRR12683230.770.1, skipping.
11-05 13:14 root         DEBUG    No ITS stop or start sites were identified for sequence SRR12683230.85.1, skipping.
11-05 13:14 root         DEBUG    No ITS stop or start sites were identified for sequence SRR12683230.227.1, skipping.
11-05 13:14 root         DEBUG    No ITS stop or start sites were identified for sequence SRR12683230.777.1, skipping.
11-05 13:14 root         DEBUG    No ITS stop or start sites were identified for sequence SRR12683230.780.1, skipping.
11-05 13:14 root         DEBUG    No ITS stop or start sites were identified for sequence SRR12683230.781.1, skipping.
11-05 13:14 root         DEBUG    No ITS stop or start sites were identified for sequence SRR12683230.560.1, skipping.
11-05 13:14 root         DEBUG    No ITS stop or start sites were identified for sequence SRR12683230.791.1, skipping.
11-05 13:14 root         DEBUG    No ITS stop or start sites were identified for sequence SRR12683230.27.1, skipping.
11-05 13:14 root         DEBUG    No ITS stop or start sites were identified for sequence SRR12683230.227.1, skipping.
11-05 13:14 root         DEBUG    No ITS stop or start sites were identified for sequence SRR12683230.796.1, skipping.
11-05 13:14 root         DEBUG    No ITS stop or start sites were identified for sequence SRR12683230.797.1, skipping.
11-05 13:14 root         DEBUG    No ITS stop or start sites were identified for sequence SRR12683230.798.1, skipping.
11-05 13:14 root         DEBUG    No ITS stop or start sites were identified for sequence SRR12683230.813.1, skipping.
11-05 13:14 root         DEBUG    No ITS stop or start sites were identified for sequence SRR12683230.842.1, skipping.
11-05 13:14 root         DEBUG    No ITS stop or start sites were identified for sequence SRR12683230.843.1, skipping.
11-05 13:14 root         DEBUG    No ITS stop or start sites were identified for sequence SRR12683230.227.1, skipping.
11-05 13:14 root         DEBUG    No ITS stop or start sites were identified for sequence SRR12683230.846.1, skipping.
11-05 13:14 root         DEBUG    No ITS stop or start sites were identified for sequence SRR12683230.847.1, skipping.
11-05 13:14 root         DEBUG    No ITS stop or start sites were identified for sequence SRR12683230.848.1, skipping.
11-05 13:14 root         DEBUG    No ITS stop or start sites were identified for sequence SRR12683230.857.1, skipping.
11-05 13:14 root         DEBUG    No ITS stop or start sites were identified for sequence SRR12683230.858.1, skipping.
11-05 13:14 root         DEBUG    No ITS stop or start sites were identified for sequence SRR12683230.859.1, skipping.
11-05 13:14 root         DEBUG    No ITS stop or start sites were identified for sequence SRR12683230.860.1, skipping.
11-05 13:14 root         DEBUG    No ITS stop or start sites were identified for sequence SRR12683230.861.1, skipping.
11-05 13:14 root         DEBUG    No ITS stop or start sites were identified for sequence SRR12683230.868.1, skipping.
11-05 13:14 root         DEBUG    No ITS stop or start sites were identified for sequence SRR12683230.869.1, skipping.
11-05 13:14 root         DEBUG    No ITS stop or start sites were identified for sequence SRR12683230.27.1, skipping.
11-05 13:14 root         DEBUG    No ITS stop or start sites were identified for sequence SRR12683230.871.1, skipping.
11-05 13:14 root         DEBUG    No ITS stop or start sites were identified for sequence SRR12683230.872.1, skipping.
11-05 13:14 root         DEBUG    No ITS stop or start sites were identified for sequence SRR12683230.27.1, skipping.
11-05 13:14 root         DEBUG    No ITS stop or start sites were identified for sequence SRR12683230.885.1, skipping.
11-05 13:14 root         DEBUG    No ITS stop or start sites were identified for sequence SRR12683230.891.1, skipping.
11-05 13:14 root         INFO     ITSxpress ran in 00:00:04
