11-04 21:29 root         INFO     Verifying the input sequences.
11-04 21:29 root         INFO     Sequences are assumed to be single-end.
11-04 21:29 root         INFO     Temporary directory is: /tmp/itsxpress_0gx726lp
11-04 21:29 root         INFO     Unique sequences are being written to a temporary FASTA file with Vsearch.
11-04 21:29 root         INFO     vsearch v2.7.1_linux_x86_64, 15.6GB RAM, 4 cores
https://github.com/torognes/vsearch

Reading file SRR12683107_pass_1.fastq.gz 100%
1570248 nt in 5243 seqs, min 290, max 301, avg 299
Dereplicating 100%
Sorting 100%
1535 unique sequences, avg cluster 3.4, median 1, max 2464
Writing output file 100%
Writing uc file, first part 100%
Writing uc file, second part 100%

11-04 21:29 root         INFO     Searching for ITS start and stop sites using HMMSearch. This step takes a while.
11-04 21:30 root         INFO     Parsing HMM results.
11-04 21:30 root         INFO     Writing out sequences
11-04 21:30 root         DEBUG    No ITS stop or start sites were identified for sequence SRR12683107.3348.1, skipping.
11-04 21:30 root         DEBUG    No ITS stop or start sites were identified for sequence SRR12683107.3850.1, skipping.
11-04 21:30 root         DEBUG    No ITS stop or start sites were identified for sequence SRR12683107.3855.1, skipping.
11-04 21:30 root         INFO     ITSxpress ran in 00:00:21
