11-05 13:20 root         INFO     Verifying the input sequences.
11-05 13:20 root         INFO     Sequences are assumed to be single-end.
11-05 13:20 root         INFO     Temporary directory is: /tmp/itsxpress_6is9oove
11-05 13:20 root         INFO     Unique sequences are being written to a temporary FASTA file with Vsearch.
11-05 13:20 root         INFO     vsearch v2.7.1_linux_x86_64, 15.6GB RAM, 4 cores
https://github.com/torognes/vsearch

Reading file SRR12683250_pass_1.fastq.gz 100%
175850 nt in 875 seqs, min 35, max 301, avg 201
Dereplicating 100%
Sorting 100%
585 unique sequences, avg cluster 1.5, median 1, max 86
Writing output file 100%
Writing uc file, first part 100%
Writing uc file, second part 100%

11-05 13:20 root         INFO     Searching for ITS start and stop sites using HMMSearch. This step takes a while.
11-05 13:20 root         INFO     Parsing HMM results.
11-05 13:20 root         INFO     Writing out sequences
11-05 13:20 root         DEBUG    No ITS stop or start sites were identified for sequence SRR12683250.7.1, skipping.
11-05 13:20 root         DEBUG    No ITS stop or start sites were identified for sequence SRR12683250.8.1, skipping.
11-05 13:20 root         DEBUG    No ITS stop or start sites were identified for sequence SRR12683250.9.1, skipping.
11-05 13:20 root         DEBUG    No ITS stop or start sites were identified for sequence SRR12683250.11.1, skipping.
11-05 13:20 root         DEBUG    No ITS stop or start sites were identified for sequence SRR12683250.12.1, skipping.
11-05 13:20 root         DEBUG    No ITS stop or start sites were identified for sequence SRR12683250.13.1, skipping.
11-05 13:20 root         DEBUG    No ITS stop or start sites were identified for sequence SRR12683250.13.1, skipping.
11-05 13:20 root         DEBUG    No ITS stop or start sites were identified for sequence SRR12683250.13.1, skipping.
11-05 13:20 root         DEBUG    No ITS stop or start sites were identified for sequence SRR12683250.21.1, skipping.
11-05 13:20 root         DEBUG    No ITS stop or start sites were identified for sequence SRR12683250.22.1, skipping.
11-05 13:20 root         DEBUG    No ITS stop or start sites were identified for sequence SRR12683250.13.1, skipping.
11-05 13:20 root         DEBUG    No ITS stop or start sites were identified for sequence SRR12683250.24.1, skipping.
11-05 13:20 root         DEBUG    No ITS stop or start sites were identified for sequence SRR12683250.13.1, skipping.
11-05 13:20 root         DEBUG    No ITS stop or start sites were identified for sequence SRR12683250.29.1, skipping.
11-05 13:20 root         DEBUG    No ITS stop or start sites were identified for sequence SRR12683250.7.1, skipping.
11-05 13:20 root         DEBUG    No ITS stop or start sites were identified for sequence SRR12683250.32.1, skipping.
11-05 13:20 root         DEBUG    No ITS stop or start sites were identified for sequence SRR12683250.13.1, skipping.
11-05 13:20 root         DEBUG    No ITS stop or start sites were identified for sequence SRR12683250.34.1, skipping.
11-05 13:20 root         DEBUG    No ITS stop or start sites were identified for sequence SRR12683250.43.1, skipping.
11-05 13:20 root         DEBUG    No ITS stop or start sites were identified for sequence SRR12683250.9.1, skipping.
11-05 13:20 root         DEBUG    No ITS stop or start sites were identified for sequence SRR12683250.13.1, skipping.
11-05 13:20 root         DEBUG    No ITS stop or start sites were identified for sequence SRR12683250.9.1, skipping.
11-05 13:20 root         DEBUG    No ITS stop or start sites were identified for sequence SRR12683250.7.1, skipping.
11-05 13:20 root         DEBUG    No ITS stop or start sites were identified for sequence SRR12683250.50.1, skipping.
11-05 13:20 root         DEBUG    No ITS stop or start sites were identified for sequence SRR12683250.52.1, skipping.
11-05 13:20 root         DEBUG    No ITS stop or start sites were identified for sequence SRR12683250.61.1, skipping.
11-05 13:20 root         DEBUG    No ITS stop or start sites were identified for sequence SRR12683250.21.1, skipping.
11-05 13:20 root         DEBUG    No ITS stop or start sites were identified for sequence SRR12683250.64.1, skipping.
11-05 13:20 root         DEBUG    No ITS stop or start sites were identified for sequence SRR12683250.66.1, skipping.
11-05 13:20 root         DEBUG    No ITS stop or start sites were identified for sequence SRR12683250.67.1, skipping.
11-05 13:20 root         DEBUG    No ITS stop or start sites were identified for sequence SRR12683250.13.1, skipping.
11-05 13:20 root         DEBUG    No ITS stop or start sites were identified for sequence SRR12683250.7.1, skipping.
11-05 13:20 root         DEBUG    No ITS stop or start sites were identified for sequence SRR12683250.52.1, skipping.
11-05 13:20 root         DEBUG    No ITS stop or start sites were identified for sequence SRR12683250.13.1, skipping.
11-05 13:20 root         DEBUG    No ITS stop or start sites were identified for sequence SRR12683250.74.1, skipping.
11-05 13:20 root         DEBUG    No ITS stop or start sites were identified for sequence SRR12683250.7.1, skipping.
11-05 13:20 root         DEBUG    No ITS stop or start sites were identified for sequence SRR12683250.7.1, skipping.
11-05 13:20 root         DEBUG    No ITS stop or start sites were identified for sequence SRR12683250.13.1, skipping.
11-05 13:20 root         DEBUG    No ITS stop or start sites were identified for sequence SRR12683250.86.1, skipping.
11-05 13:20 root         DEBUG    No ITS stop or start sites were identified for sequence SRR12683250.13.1, skipping.
11-05 13:20 root         DEBUG    No ITS stop or start sites were identified for sequence SRR12683250.9.1, skipping.
11-05 13:20 root         DEBUG    No ITS stop or start sites were identified for sequence SRR12683250.13.1, skipping.
11-05 13:20 root         DEBUG    No ITS stop or start sites were identified for sequence SRR12683250.93.1, skipping.
11-05 13:20 root         DEBUG    No ITS stop or start sites were identified for sequence SRR12683250.13.1, skipping.
11-05 13:20 root         DEBUG    No ITS stop or start sites were identified for sequence SRR12683250.96.1, skipping.
11-05 13:20 root         DEBUG    No ITS stop or start sites were identified for sequence SRR12683250.97.1, skipping.
11-05 13:20 root         DEBUG    No ITS stop or start sites were identified for sequence SRR12683250.13.1, skipping.
11-05 13:20 root         DEBUG    No ITS stop or start sites were identified for sequence SRR12683250.7.1, skipping.
11-05 13:20 root         DEBUG    No ITS stop or start sites were identified for sequence SRR12683250.21.1, skipping.
11-05 13:20 root         DEBUG    No ITS stop or start sites were identified for sequence SRR12683250.13.1, skipping.
11-05 13:20 root         DEBUG    No ITS stop or start sites were identified for sequence SRR12683250.7.1, skipping.
11-05 13:20 root         DEBUG    No ITS stop or start sites were identified for sequence SRR12683250.105.1, skipping.
11-05 13:20 root         DEBUG    No ITS stop or start sites were identified for sequence SRR12683250.106.1, skipping.
11-05 13:20 root         DEBUG    No ITS stop or start sites were identified for sequence SRR12683250.13.1, skipping.
11-05 13:20 root         DEBUG    No ITS stop or start sites were identified for sequence SRR12683250.108.1, skipping.
11-05 13:20 root         DEBUG    No ITS stop or start sites were identified for sequence SRR12683250.13.1, skipping.
11-05 13:20 root         DEBUG    No ITS stop or start sites were identified for sequence SRR12683250.13.1, skipping.
11-05 13:20 root         DEBUG    No ITS stop or start sites were identified for sequence SRR12683250.32.1, skipping.
11-05 13:20 root         DEBUG    No ITS stop or start sites were identified for sequence SRR12683250.115.1, skipping.
11-05 13:20 root         DEBUG    No ITS stop or start sites were identified for sequence SRR12683250.13.1, skipping.
11-05 13:20 root         DEBUG    No ITS stop or start sites were identified for sequence SRR12683250.121.1, skipping.
11-05 13:20 root         DEBUG    No ITS stop or start sites were identified for sequence SRR12683250.122.1, skipping.
11-05 13:20 root         DEBUG    No ITS stop or start sites were identified for sequence SRR12683250.124.1, skipping.
11-05 13:20 root         DEBUG    No ITS stop or start sites were identified for sequence SRR12683250.126.1, skipping.
11-05 13:20 root         DEBUG    No ITS stop or start sites were identified for sequence SRR12683250.7.1, skipping.
11-05 13:20 root         DEBUG    No ITS stop or start sites were identified for sequence SRR12683250.7.1, skipping.
11-05 13:20 root         DEBUG    No ITS stop or start sites were identified for sequence SRR12683250.13.1, skipping.
11-05 13:20 root         DEBUG    No ITS stop or start sites were identified for sequence SRR12683250.13.1, skipping.
11-05 13:20 root         DEBUG    No ITS stop or start sites were identified for sequence SRR12683250.86.1, skipping.
11-05 13:20 root         DEBUG    No ITS stop or start sites were identified for sequence SRR12683250.7.1, skipping.
11-05 13:20 root         DEBUG    No ITS stop or start sites were identified for sequence SRR12683250.7.1, skipping.
11-05 13:20 root         DEBUG    No ITS stop or start sites were identified for sequence SRR12683250.141.1, skipping.
11-05 13:20 root         DEBUG    No ITS stop or start sites were identified for sequence SRR12683250.142.1, skipping.
11-05 13:20 root         DEBUG    No ITS stop or start sites were identified for sequence SRR12683250.143.1, skipping.
11-05 13:20 root         DEBUG    No ITS stop or start sites were identified for sequence SRR12683250.145.1, skipping.
11-05 13:20 root         DEBUG    No ITS stop or start sites were identified for sequence SRR12683250.147.1, skipping.
11-05 13:20 root         DEBUG    No ITS stop or start sites were identified for sequence SRR12683250.149.1, skipping.
11-05 13:20 root         DEBUG    No ITS stop or start sites were identified for sequence SRR12683250.13.1, skipping.
11-05 13:20 root         DEBUG    No ITS stop or start sites were identified for sequence SRR12683250.13.1, skipping.
11-05 13:20 root         DEBUG    No ITS stop or start sites were identified for sequence SRR12683250.152.1, skipping.
11-05 13:20 root         DEBUG    No ITS stop or start sites were identified for sequence SRR12683250.155.1, skipping.
11-05 13:20 root         DEBUG    No ITS stop or start sites were identified for sequence SRR12683250.7.1, skipping.
11-05 13:20 root         DEBUG    No ITS stop or start sites were identified for sequence SRR12683250.161.1, skipping.
11-05 13:20 root         DEBUG    No ITS stop or start sites were identified for sequence SRR12683250.162.1, skipping.
11-05 13:20 root         DEBUG    No ITS stop or start sites were identified for sequence SRR12683250.9.1, skipping.
11-05 13:20 root         DEBUG    No ITS stop or start sites were identified for sequence SRR12683250.169.1, skipping.
11-05 13:20 root         DEBUG    No ITS stop or start sites were identified for sequence SRR12683250.170.1, skipping.
11-05 13:20 root         DEBUG    No ITS stop or start sites were identified for sequence SRR12683250.7.1, skipping.
11-05 13:20 root         DEBUG    No ITS stop or start sites were identified for sequence SRR12683250.13.1, skipping.
11-05 13:20 root         DEBUG    No ITS stop or start sites were identified for sequence SRR12683250.13.1, skipping.
11-05 13:20 root         DEBUG    No ITS stop or start sites were identified for sequence SRR12683250.13.1, skipping.
11-05 13:20 root         DEBUG    No ITS stop or start sites were identified for sequence SRR12683250.177.1, skipping.
11-05 13:20 root         DEBUG    No ITS stop or start sites were identified for sequence SRR12683250.74.1, skipping.
11-05 13:20 root         DEBUG    No ITS stop or start sites were identified for sequence SRR12683250.9.1, skipping.
11-05 13:20 root         DEBUG    No ITS stop or start sites were identified for sequence SRR12683250.182.1, skipping.
11-05 13:20 root         DEBUG    No ITS stop or start sites were identified for sequence SRR12683250.13.1, skipping.
11-05 13:20 root         DEBUG    No ITS stop or start sites were identified for sequence SRR12683250.184.1, skipping.
11-05 13:20 root         DEBUG    No ITS stop or start sites were identified for sequence SRR12683250.187.1, skipping.
11-05 13:20 root         DEBUG    No ITS stop or start sites were identified for sequence SRR12683250.21.1, skipping.
11-05 13:20 root         DEBUG    No ITS stop or start sites were identified for sequence SRR12683250.187.1, skipping.
11-05 13:20 root         DEBUG    No ITS stop or start sites were identified for sequence SRR12683250.192.1, skipping.
11-05 13:20 root         DEBUG    No ITS stop or start sites were identified for sequence SRR12683250.13.1, skipping.
11-05 13:20 root         DEBUG    No ITS stop or start sites were identified for sequence SRR12683250.194.1, skipping.
11-05 13:20 root         DEBUG    No ITS stop or start sites were identified for sequence SRR12683250.195.1, skipping.
11-05 13:20 root         DEBUG    No ITS stop or start sites were identified for sequence SRR12683250.7.1, skipping.
11-05 13:20 root         DEBUG    No ITS stop or start sites were identified for sequence SRR12683250.126.1, skipping.
11-05 13:20 root         DEBUG    No ITS stop or start sites were identified for sequence SRR12683250.7.1, skipping.
11-05 13:20 root         DEBUG    No ITS stop or start sites were identified for sequence SRR12683250.108.1, skipping.
11-05 13:20 root         DEBUG    No ITS stop or start sites were identified for sequence SRR12683250.13.1, skipping.
11-05 13:20 root         DEBUG    No ITS stop or start sites were identified for sequence SRR12683250.206.1, skipping.
11-05 13:20 root         DEBUG    No ITS stop or start sites were identified for sequence SRR12683250.207.1, skipping.
11-05 13:20 root         DEBUG    No ITS stop or start sites were identified for sequence SRR12683250.208.1, skipping.
11-05 13:20 root         DEBUG    No ITS stop or start sites were identified for sequence SRR12683250.209.1, skipping.
11-05 13:20 root         DEBUG    No ITS stop or start sites were identified for sequence SRR12683250.210.1, skipping.
11-05 13:20 root         DEBUG    No ITS stop or start sites were identified for sequence SRR12683250.212.1, skipping.
11-05 13:20 root         DEBUG    No ITS stop or start sites were identified for sequence SRR12683250.215.1, skipping.
11-05 13:20 root         DEBUG    No ITS stop or start sites were identified for sequence SRR12683250.13.1, skipping.
11-05 13:20 root         DEBUG    No ITS stop or start sites were identified for sequence SRR12683250.7.1, skipping.
11-05 13:20 root         DEBUG    No ITS stop or start sites were identified for sequence SRR12683250.223.1, skipping.
11-05 13:20 root         DEBUG    No ITS stop or start sites were identified for sequence SRR12683250.187.1, skipping.
11-05 13:20 root         DEBUG    No ITS stop or start sites were identified for sequence SRR12683250.13.1, skipping.
11-05 13:20 root         DEBUG    No ITS stop or start sites were identified for sequence SRR12683250.230.1, skipping.
11-05 13:20 root         DEBUG    No ITS stop or start sites were identified for sequence SRR12683250.7.1, skipping.
11-05 13:20 root         DEBUG    No ITS stop or start sites were identified for sequence SRR12683250.233.1, skipping.
11-05 13:20 root         DEBUG    No ITS stop or start sites were identified for sequence SRR12683250.236.1, skipping.
11-05 13:20 root         DEBUG    No ITS stop or start sites were identified for sequence SRR12683250.238.1, skipping.
11-05 13:20 root         DEBUG    No ITS stop or start sites were identified for sequence SRR12683250.13.1, skipping.
11-05 13:20 root         DEBUG    No ITS stop or start sites were identified for sequence SRR12683250.242.1, skipping.
11-05 13:20 root         DEBUG    No ITS stop or start sites were identified for sequence SRR12683250.13.1, skipping.
11-05 13:20 root         DEBUG    No ITS stop or start sites were identified for sequence SRR12683250.249.1, skipping.
11-05 13:20 root         DEBUG    No ITS stop or start sites were identified for sequence SRR12683250.250.1, skipping.
11-05 13:20 root         DEBUG    No ITS stop or start sites were identified for sequence SRR12683250.7.1, skipping.
11-05 13:20 root         DEBUG    No ITS stop or start sites were identified for sequence SRR12683250.255.1, skipping.
11-05 13:20 root         DEBUG    No ITS stop or start sites were identified for sequence SRR12683250.257.1, skipping.
11-05 13:20 root         DEBUG    No ITS stop or start sites were identified for sequence SRR12683250.259.1, skipping.
11-05 13:20 root         DEBUG    No ITS stop or start sites were identified for sequence SRR12683250.257.1, skipping.
11-05 13:20 root         DEBUG    No ITS stop or start sites were identified for sequence SRR12683250.261.1, skipping.
11-05 13:20 root         DEBUG    No ITS stop or start sites were identified for sequence SRR12683250.236.1, skipping.
11-05 13:20 root         DEBUG    No ITS stop or start sites were identified for sequence SRR12683250.13.1, skipping.
11-05 13:20 root         DEBUG    No ITS stop or start sites were identified for sequence SRR12683250.266.1, skipping.
11-05 13:20 root         DEBUG    No ITS stop or start sites were identified for sequence SRR12683250.273.1, skipping.
11-05 13:20 root         DEBUG    No ITS stop or start sites were identified for sequence SRR12683250.13.1, skipping.
11-05 13:20 root         DEBUG    No ITS stop or start sites were identified for sequence SRR12683250.276.1, skipping.
11-05 13:20 root         DEBUG    No ITS stop or start sites were identified for sequence SRR12683250.277.1, skipping.
11-05 13:20 root         DEBUG    No ITS stop or start sites were identified for sequence SRR12683250.279.1, skipping.
11-05 13:20 root         DEBUG    No ITS stop or start sites were identified for sequence SRR12683250.281.1, skipping.
11-05 13:20 root         DEBUG    No ITS stop or start sites were identified for sequence SRR12683250.286.1, skipping.
11-05 13:20 root         DEBUG    No ITS stop or start sites were identified for sequence SRR12683250.287.1, skipping.
11-05 13:20 root         DEBUG    No ITS stop or start sites were identified for sequence SRR12683250.257.1, skipping.
11-05 13:20 root         DEBUG    No ITS stop or start sites were identified for sequence SRR12683250.289.1, skipping.
11-05 13:20 root         DEBUG    No ITS stop or start sites were identified for sequence SRR12683250.290.1, skipping.
11-05 13:20 root         DEBUG    No ITS stop or start sites were identified for sequence SRR12683250.276.1, skipping.
11-05 13:20 root         DEBUG    No ITS stop or start sites were identified for sequence SRR12683250.105.1, skipping.
11-05 13:20 root         DEBUG    No ITS stop or start sites were identified for sequence SRR12683250.297.1, skipping.
11-05 13:20 root         DEBUG    No ITS stop or start sites were identified for sequence SRR12683250.299.1, skipping.
11-05 13:20 root         DEBUG    No ITS stop or start sites were identified for sequence SRR12683250.257.1, skipping.
11-05 13:20 root         DEBUG    No ITS stop or start sites were identified for sequence SRR12683250.305.1, skipping.
11-05 13:20 root         DEBUG    No ITS stop or start sites were identified for sequence SRR12683250.306.1, skipping.
11-05 13:20 root         DEBUG    No ITS stop or start sites were identified for sequence SRR12683250.310.1, skipping.
11-05 13:20 root         DEBUG    No ITS stop or start sites were identified for sequence SRR12683250.311.1, skipping.
11-05 13:20 root         DEBUG    No ITS stop or start sites were identified for sequence SRR12683250.312.1, skipping.
11-05 13:20 root         DEBUG    No ITS stop or start sites were identified for sequence SRR12683250.314.1, skipping.
11-05 13:20 root         DEBUG    No ITS stop or start sites were identified for sequence SRR12683250.96.1, skipping.
11-05 13:20 root         DEBUG    No ITS stop or start sites were identified for sequence SRR12683250.290.1, skipping.
11-05 13:20 root         DEBUG    No ITS stop or start sites were identified for sequence SRR12683250.13.1, skipping.
11-05 13:20 root         DEBUG    No ITS stop or start sites were identified for sequence SRR12683250.29.1, skipping.
11-05 13:20 root         DEBUG    No ITS stop or start sites were identified for sequence SRR12683250.276.1, skipping.
11-05 13:20 root         DEBUG    No ITS stop or start sites were identified for sequence SRR12683250.257.1, skipping.
11-05 13:20 root         DEBUG    No ITS stop or start sites were identified for sequence SRR12683250.21.1, skipping.
11-05 13:20 root         DEBUG    No ITS stop or start sites were identified for sequence SRR12683250.9.1, skipping.
11-05 13:20 root         DEBUG    No ITS stop or start sites were identified for sequence SRR12683250.329.1, skipping.
11-05 13:20 root         DEBUG    No ITS stop or start sites were identified for sequence SRR12683250.330.1, skipping.
11-05 13:20 root         DEBUG    No ITS stop or start sites were identified for sequence SRR12683250.13.1, skipping.
11-05 13:20 root         DEBUG    No ITS stop or start sites were identified for sequence SRR12683250.126.1, skipping.
11-05 13:20 root         DEBUG    No ITS stop or start sites were identified for sequence SRR12683250.334.1, skipping.
11-05 13:20 root         DEBUG    No ITS stop or start sites were identified for sequence SRR12683250.106.1, skipping.
11-05 13:20 root         DEBUG    No ITS stop or start sites were identified for sequence SRR12683250.13.1, skipping.
11-05 13:20 root         DEBUG    No ITS stop or start sites were identified for sequence SRR12683250.338.1, skipping.
11-05 13:20 root         DEBUG    No ITS stop or start sites were identified for sequence SRR12683250.13.1, skipping.
11-05 13:20 root         DEBUG    No ITS stop or start sites were identified for sequence SRR12683250.93.1, skipping.
11-05 13:20 root         DEBUG    No ITS stop or start sites were identified for sequence SRR12683250.236.1, skipping.
11-05 13:20 root         DEBUG    No ITS stop or start sites were identified for sequence SRR12683250.344.1, skipping.
11-05 13:20 root         DEBUG    No ITS stop or start sites were identified for sequence SRR12683250.96.1, skipping.
11-05 13:20 root         DEBUG    No ITS stop or start sites were identified for sequence SRR12683250.13.1, skipping.
11-05 13:20 root         DEBUG    No ITS stop or start sites were identified for sequence SRR12683250.238.1, skipping.
11-05 13:20 root         DEBUG    No ITS stop or start sites were identified for sequence SRR12683250.13.1, skipping.
11-05 13:20 root         DEBUG    No ITS stop or start sites were identified for sequence SRR12683250.13.1, skipping.
11-05 13:20 root         DEBUG    No ITS stop or start sites were identified for sequence SRR12683250.354.1, skipping.
11-05 13:20 root         DEBUG    No ITS stop or start sites were identified for sequence SRR12683250.13.1, skipping.
11-05 13:20 root         DEBUG    No ITS stop or start sites were identified for sequence SRR12683250.289.1, skipping.
11-05 13:20 root         DEBUG    No ITS stop or start sites were identified for sequence SRR12683250.358.1, skipping.
11-05 13:20 root         DEBUG    No ITS stop or start sites were identified for sequence SRR12683250.290.1, skipping.
11-05 13:20 root         DEBUG    No ITS stop or start sites were identified for sequence SRR12683250.360.1, skipping.
11-05 13:20 root         DEBUG    No ITS stop or start sites were identified for sequence SRR12683250.289.1, skipping.
11-05 13:20 root         DEBUG    No ITS stop or start sites were identified for sequence SRR12683250.362.1, skipping.
11-05 13:20 root         DEBUG    No ITS stop or start sites were identified for sequence SRR12683250.13.1, skipping.
11-05 13:20 root         DEBUG    No ITS stop or start sites were identified for sequence SRR12683250.364.1, skipping.
11-05 13:20 root         DEBUG    No ITS stop or start sites were identified for sequence SRR12683250.13.1, skipping.
11-05 13:20 root         DEBUG    No ITS stop or start sites were identified for sequence SRR12683250.13.1, skipping.
11-05 13:20 root         DEBUG    No ITS stop or start sites were identified for sequence SRR12683250.13.1, skipping.
11-05 13:20 root         DEBUG    No ITS stop or start sites were identified for sequence SRR12683250.108.1, skipping.
11-05 13:20 root         DEBUG    No ITS stop or start sites were identified for sequence SRR12683250.376.1, skipping.
11-05 13:20 root         DEBUG    No ITS stop or start sites were identified for sequence SRR12683250.13.1, skipping.
11-05 13:20 root         DEBUG    No ITS stop or start sites were identified for sequence SRR12683250.141.1, skipping.
11-05 13:20 root         DEBUG    No ITS stop or start sites were identified for sequence SRR12683250.238.1, skipping.
11-05 13:20 root         DEBUG    No ITS stop or start sites were identified for sequence SRR12683250.9.1, skipping.
11-05 13:20 root         DEBUG    No ITS stop or start sites were identified for sequence SRR12683250.21.1, skipping.
11-05 13:20 root         DEBUG    No ITS stop or start sites were identified for sequence SRR12683250.236.1, skipping.
11-05 13:20 root         DEBUG    No ITS stop or start sites were identified for sequence SRR12683250.141.1, skipping.
11-05 13:20 root         DEBUG    No ITS stop or start sites were identified for sequence SRR12683250.397.1, skipping.
11-05 13:20 root         DEBUG    No ITS stop or start sites were identified for sequence SRR12683250.7.1, skipping.
11-05 13:20 root         DEBUG    No ITS stop or start sites were identified for sequence SRR12683250.9.1, skipping.
11-05 13:20 root         DEBUG    No ITS stop or start sites were identified for sequence SRR12683250.13.1, skipping.
11-05 13:20 root         DEBUG    No ITS stop or start sites were identified for sequence SRR12683250.13.1, skipping.
11-05 13:20 root         DEBUG    No ITS stop or start sites were identified for sequence SRR12683250.407.1, skipping.
11-05 13:20 root         DEBUG    No ITS stop or start sites were identified for sequence SRR12683250.408.1, skipping.
11-05 13:20 root         DEBUG    No ITS stop or start sites were identified for sequence SRR12683250.409.1, skipping.
11-05 13:20 root         DEBUG    No ITS stop or start sites were identified for sequence SRR12683250.410.1, skipping.
11-05 13:20 root         DEBUG    No ITS stop or start sites were identified for sequence SRR12683250.13.1, skipping.
11-05 13:20 root         DEBUG    No ITS stop or start sites were identified for sequence SRR12683250.13.1, skipping.
11-05 13:20 root         DEBUG    No ITS stop or start sites were identified for sequence SRR12683250.415.1, skipping.
11-05 13:20 root         DEBUG    No ITS stop or start sites were identified for sequence SRR12683250.21.1, skipping.
11-05 13:20 root         DEBUG    No ITS stop or start sites were identified for sequence SRR12683250.34.1, skipping.
11-05 13:20 root         DEBUG    No ITS stop or start sites were identified for sequence SRR12683250.21.1, skipping.
11-05 13:20 root         DEBUG    No ITS stop or start sites were identified for sequence SRR12683250.13.1, skipping.
11-05 13:20 root         DEBUG    No ITS stop or start sites were identified for sequence SRR12683250.424.1, skipping.
11-05 13:20 root         DEBUG    No ITS stop or start sites were identified for sequence SRR12683250.106.1, skipping.
11-05 13:20 root         DEBUG    No ITS stop or start sites were identified for sequence SRR12683250.312.1, skipping.
11-05 13:20 root         DEBUG    No ITS stop or start sites were identified for sequence SRR12683250.7.1, skipping.
11-05 13:20 root         DEBUG    No ITS stop or start sites were identified for sequence SRR12683250.7.1, skipping.
11-05 13:20 root         DEBUG    No ITS stop or start sites were identified for sequence SRR12683250.7.1, skipping.
11-05 13:20 root         DEBUG    No ITS stop or start sites were identified for sequence SRR12683250.13.1, skipping.
11-05 13:20 root         DEBUG    No ITS stop or start sites were identified for sequence SRR12683250.29.1, skipping.
11-05 13:20 root         DEBUG    No ITS stop or start sites were identified for sequence SRR12683250.13.1, skipping.
11-05 13:20 root         DEBUG    No ITS stop or start sites were identified for sequence SRR12683250.236.1, skipping.
11-05 13:20 root         DEBUG    No ITS stop or start sites were identified for sequence SRR12683250.448.1, skipping.
11-05 13:20 root         DEBUG    No ITS stop or start sites were identified for sequence SRR12683250.52.1, skipping.
11-05 13:20 root         DEBUG    No ITS stop or start sites were identified for sequence SRR12683250.21.1, skipping.
11-05 13:20 root         DEBUG    No ITS stop or start sites were identified for sequence SRR12683250.452.1, skipping.
11-05 13:20 root         DEBUG    No ITS stop or start sites were identified for sequence SRR12683250.458.1, skipping.
11-05 13:20 root         DEBUG    No ITS stop or start sites were identified for sequence SRR12683250.459.1, skipping.
11-05 13:20 root         DEBUG    No ITS stop or start sites were identified for sequence SRR12683250.460.1, skipping.
11-05 13:20 root         DEBUG    No ITS stop or start sites were identified for sequence SRR12683250.7.1, skipping.
11-05 13:20 root         DEBUG    No ITS stop or start sites were identified for sequence SRR12683250.13.1, skipping.
11-05 13:20 root         DEBUG    No ITS stop or start sites were identified for sequence SRR12683250.7.1, skipping.
11-05 13:20 root         DEBUG    No ITS stop or start sites were identified for sequence SRR12683250.465.1, skipping.
11-05 13:20 root         DEBUG    No ITS stop or start sites were identified for sequence SRR12683250.7.1, skipping.
11-05 13:20 root         DEBUG    No ITS stop or start sites were identified for sequence SRR12683250.467.1, skipping.
11-05 13:20 root         DEBUG    No ITS stop or start sites were identified for sequence SRR12683250.9.1, skipping.
11-05 13:20 root         DEBUG    No ITS stop or start sites were identified for sequence SRR12683250.21.1, skipping.
11-05 13:20 root         DEBUG    No ITS stop or start sites were identified for sequence SRR12683250.13.1, skipping.
11-05 13:20 root         DEBUG    No ITS stop or start sites were identified for sequence SRR12683250.475.1, skipping.
11-05 13:20 root         DEBUG    No ITS stop or start sites were identified for sequence SRR12683250.476.1, skipping.
11-05 13:20 root         DEBUG    No ITS stop or start sites were identified for sequence SRR12683250.105.1, skipping.
11-05 13:20 root         DEBUG    No ITS stop or start sites were identified for sequence SRR12683250.484.1, skipping.
11-05 13:20 root         DEBUG    No ITS stop or start sites were identified for sequence SRR12683250.485.1, skipping.
11-05 13:20 root         DEBUG    No ITS stop or start sites were identified for sequence SRR12683250.487.1, skipping.
11-05 13:20 root         DEBUG    No ITS stop or start sites were identified for sequence SRR12683250.238.1, skipping.
11-05 13:20 root         DEBUG    No ITS stop or start sites were identified for sequence SRR12683250.289.1, skipping.
11-05 13:20 root         DEBUG    No ITS stop or start sites were identified for sequence SRR12683250.29.1, skipping.
11-05 13:20 root         DEBUG    No ITS stop or start sites were identified for sequence SRR12683250.498.1, skipping.
11-05 13:20 root         DEBUG    No ITS stop or start sites were identified for sequence SRR12683250.7.1, skipping.
11-05 13:20 root         DEBUG    No ITS stop or start sites were identified for sequence SRR12683250.501.1, skipping.
11-05 13:20 root         DEBUG    No ITS stop or start sites were identified for sequence SRR12683250.503.1, skipping.
11-05 13:20 root         DEBUG    No ITS stop or start sites were identified for sequence SRR12683250.13.1, skipping.
11-05 13:20 root         DEBUG    No ITS stop or start sites were identified for sequence SRR12683250.7.1, skipping.
11-05 13:20 root         DEBUG    No ITS stop or start sites were identified for sequence SRR12683250.13.1, skipping.
11-05 13:20 root         DEBUG    No ITS stop or start sites were identified for sequence SRR12683250.208.1, skipping.
11-05 13:20 root         DEBUG    No ITS stop or start sites were identified for sequence SRR12683250.108.1, skipping.
11-05 13:20 root         DEBUG    No ITS stop or start sites were identified for sequence SRR12683250.13.1, skipping.
11-05 13:20 root         DEBUG    No ITS stop or start sites were identified for sequence SRR12683250.521.1, skipping.
11-05 13:20 root         DEBUG    No ITS stop or start sites were identified for sequence SRR12683250.526.1, skipping.
11-05 13:20 root         DEBUG    No ITS stop or start sites were identified for sequence SRR12683250.314.1, skipping.
11-05 13:20 root         DEBUG    No ITS stop or start sites were identified for sequence SRR12683250.236.1, skipping.
11-05 13:20 root         DEBUG    No ITS stop or start sites were identified for sequence SRR12683250.531.1, skipping.
11-05 13:20 root         DEBUG    No ITS stop or start sites were identified for sequence SRR12683250.532.1, skipping.
11-05 13:20 root         DEBUG    No ITS stop or start sites were identified for sequence SRR12683250.536.1, skipping.
11-05 13:20 root         DEBUG    No ITS stop or start sites were identified for sequence SRR12683250.187.1, skipping.
11-05 13:20 root         DEBUG    No ITS stop or start sites were identified for sequence SRR12683250.544.1, skipping.
11-05 13:20 root         DEBUG    No ITS stop or start sites were identified for sequence SRR12683250.34.1, skipping.
11-05 13:20 root         DEBUG    No ITS stop or start sites were identified for sequence SRR12683250.106.1, skipping.
11-05 13:20 root         DEBUG    No ITS stop or start sites were identified for sequence SRR12683250.238.1, skipping.
11-05 13:20 root         DEBUG    No ITS stop or start sites were identified for sequence SRR12683250.13.1, skipping.
11-05 13:20 root         DEBUG    No ITS stop or start sites were identified for sequence SRR12683250.74.1, skipping.
11-05 13:20 root         DEBUG    No ITS stop or start sites were identified for sequence SRR12683250.13.1, skipping.
11-05 13:20 root         DEBUG    No ITS stop or start sites were identified for sequence SRR12683250.557.1, skipping.
11-05 13:20 root         DEBUG    No ITS stop or start sites were identified for sequence SRR12683250.558.1, skipping.
11-05 13:20 root         DEBUG    No ITS stop or start sites were identified for sequence SRR12683250.13.1, skipping.
11-05 13:20 root         DEBUG    No ITS stop or start sites were identified for sequence SRR12683250.13.1, skipping.
11-05 13:20 root         DEBUG    No ITS stop or start sites were identified for sequence SRR12683250.106.1, skipping.
11-05 13:20 root         DEBUG    No ITS stop or start sites were identified for sequence SRR12683250.567.1, skipping.
11-05 13:20 root         DEBUG    No ITS stop or start sites were identified for sequence SRR12683250.7.1, skipping.
11-05 13:20 root         DEBUG    No ITS stop or start sites were identified for sequence SRR12683250.579.1, skipping.
11-05 13:20 root         DEBUG    No ITS stop or start sites were identified for sequence SRR12683250.580.1, skipping.
11-05 13:20 root         DEBUG    No ITS stop or start sites were identified for sequence SRR12683250.187.1, skipping.
11-05 13:20 root         DEBUG    No ITS stop or start sites were identified for sequence SRR12683250.13.1, skipping.
11-05 13:20 root         DEBUG    No ITS stop or start sites were identified for sequence SRR12683250.52.1, skipping.
11-05 13:20 root         DEBUG    No ITS stop or start sites were identified for sequence SRR12683250.354.1, skipping.
11-05 13:20 root         DEBUG    No ITS stop or start sites were identified for sequence SRR12683250.588.1, skipping.
11-05 13:20 root         DEBUG    No ITS stop or start sites were identified for sequence SRR12683250.13.1, skipping.
11-05 13:20 root         DEBUG    No ITS stop or start sites were identified for sequence SRR12683250.590.1, skipping.
11-05 13:20 root         DEBUG    No ITS stop or start sites were identified for sequence SRR12683250.591.1, skipping.
11-05 13:20 root         DEBUG    No ITS stop or start sites were identified for sequence SRR12683250.13.1, skipping.
11-05 13:20 root         DEBUG    No ITS stop or start sites were identified for sequence SRR12683250.276.1, skipping.
11-05 13:20 root         DEBUG    No ITS stop or start sites were identified for sequence SRR12683250.289.1, skipping.
11-05 13:20 root         DEBUG    No ITS stop or start sites were identified for sequence SRR12683250.74.1, skipping.
11-05 13:20 root         DEBUG    No ITS stop or start sites were identified for sequence SRR12683250.13.1, skipping.
11-05 13:20 root         DEBUG    No ITS stop or start sites were identified for sequence SRR12683250.106.1, skipping.
11-05 13:20 root         DEBUG    No ITS stop or start sites were identified for sequence SRR12683250.7.1, skipping.
11-05 13:20 root         DEBUG    No ITS stop or start sites were identified for sequence SRR12683250.96.1, skipping.
11-05 13:20 root         DEBUG    No ITS stop or start sites were identified for sequence SRR12683250.192.1, skipping.
11-05 13:20 root         DEBUG    No ITS stop or start sites were identified for sequence SRR12683250.187.1, skipping.
11-05 13:20 root         DEBUG    No ITS stop or start sites were identified for sequence SRR12683250.619.1, skipping.
11-05 13:20 root         DEBUG    No ITS stop or start sites were identified for sequence SRR12683250.623.1, skipping.
11-05 13:20 root         DEBUG    No ITS stop or start sites were identified for sequence SRR12683250.13.1, skipping.
11-05 13:20 root         DEBUG    No ITS stop or start sites were identified for sequence SRR12683250.626.1, skipping.
11-05 13:20 root         DEBUG    No ITS stop or start sites were identified for sequence SRR12683250.627.1, skipping.
11-05 13:20 root         DEBUG    No ITS stop or start sites were identified for sequence SRR12683250.628.1, skipping.
11-05 13:20 root         DEBUG    No ITS stop or start sites were identified for sequence SRR12683250.631.1, skipping.
11-05 13:20 root         DEBUG    No ITS stop or start sites were identified for sequence SRR12683250.632.1, skipping.
11-05 13:20 root         DEBUG    No ITS stop or start sites were identified for sequence SRR12683250.7.1, skipping.
11-05 13:20 root         DEBUG    No ITS stop or start sites were identified for sequence SRR12683250.106.1, skipping.
11-05 13:20 root         DEBUG    No ITS stop or start sites were identified for sequence SRR12683250.643.1, skipping.
11-05 13:20 root         DEBUG    No ITS stop or start sites were identified for sequence SRR12683250.21.1, skipping.
11-05 13:20 root         DEBUG    No ITS stop or start sites were identified for sequence SRR12683250.645.1, skipping.
11-05 13:20 root         DEBUG    No ITS stop or start sites were identified for sequence SRR12683250.649.1, skipping.
11-05 13:20 root         DEBUG    No ITS stop or start sites were identified for sequence SRR12683250.651.1, skipping.
11-05 13:20 root         DEBUG    No ITS stop or start sites were identified for sequence SRR12683250.652.1, skipping.
11-05 13:20 root         DEBUG    No ITS stop or start sites were identified for sequence SRR12683250.656.1, skipping.
11-05 13:20 root         DEBUG    No ITS stop or start sites were identified for sequence SRR12683250.657.1, skipping.
11-05 13:20 root         DEBUG    No ITS stop or start sites were identified for sequence SRR12683250.21.1, skipping.
11-05 13:20 root         DEBUG    No ITS stop or start sites were identified for sequence SRR12683250.661.1, skipping.
11-05 13:20 root         DEBUG    No ITS stop or start sites were identified for sequence SRR12683250.663.1, skipping.
11-05 13:20 root         DEBUG    No ITS stop or start sites were identified for sequence SRR12683250.666.1, skipping.
11-05 13:20 root         DEBUG    No ITS stop or start sites were identified for sequence SRR12683250.668.1, skipping.
11-05 13:20 root         DEBUG    No ITS stop or start sites were identified for sequence SRR12683250.676.1, skipping.
11-05 13:20 root         DEBUG    No ITS stop or start sites were identified for sequence SRR12683250.677.1, skipping.
11-05 13:20 root         DEBUG    No ITS stop or start sites were identified for sequence SRR12683250.678.1, skipping.
11-05 13:20 root         DEBUG    No ITS stop or start sites were identified for sequence SRR12683250.679.1, skipping.
11-05 13:20 root         DEBUG    No ITS stop or start sites were identified for sequence SRR12683250.29.1, skipping.
11-05 13:20 root         DEBUG    No ITS stop or start sites were identified for sequence SRR12683250.7.1, skipping.
11-05 13:20 root         DEBUG    No ITS stop or start sites were identified for sequence SRR12683250.685.1, skipping.
11-05 13:20 root         DEBUG    No ITS stop or start sites were identified for sequence SRR12683250.9.1, skipping.
11-05 13:20 root         DEBUG    No ITS stop or start sites were identified for sequence SRR12683250.108.1, skipping.
11-05 13:20 root         DEBUG    No ITS stop or start sites were identified for sequence SRR12683250.13.1, skipping.
11-05 13:20 root         DEBUG    No ITS stop or start sites were identified for sequence SRR12683250.703.1, skipping.
11-05 13:20 root         DEBUG    No ITS stop or start sites were identified for sequence SRR12683250.703.1, skipping.
11-05 13:20 root         DEBUG    No ITS stop or start sites were identified for sequence SRR12683250.13.1, skipping.
11-05 13:20 root         DEBUG    No ITS stop or start sites were identified for sequence SRR12683250.708.1, skipping.
11-05 13:20 root         DEBUG    No ITS stop or start sites were identified for sequence SRR12683250.34.1, skipping.
11-05 13:20 root         DEBUG    No ITS stop or start sites were identified for sequence SRR12683250.712.1, skipping.
11-05 13:20 root         DEBUG    No ITS stop or start sites were identified for sequence SRR12683250.289.1, skipping.
11-05 13:20 root         DEBUG    No ITS stop or start sites were identified for sequence SRR12683250.34.1, skipping.
11-05 13:20 root         DEBUG    No ITS stop or start sites were identified for sequence SRR12683250.13.1, skipping.
11-05 13:20 root         DEBUG    No ITS stop or start sites were identified for sequence SRR12683250.722.1, skipping.
11-05 13:20 root         DEBUG    No ITS stop or start sites were identified for sequence SRR12683250.13.1, skipping.
11-05 13:20 root         DEBUG    No ITS stop or start sites were identified for sequence SRR12683250.7.1, skipping.
11-05 13:20 root         DEBUG    No ITS stop or start sites were identified for sequence SRR12683250.29.1, skipping.
11-05 13:20 root         DEBUG    No ITS stop or start sites were identified for sequence SRR12683250.726.1, skipping.
11-05 13:20 root         DEBUG    No ITS stop or start sites were identified for sequence SRR12683250.7.1, skipping.
11-05 13:20 root         DEBUG    No ITS stop or start sites were identified for sequence SRR12683250.66.1, skipping.
11-05 13:20 root         DEBUG    No ITS stop or start sites were identified for sequence SRR12683250.13.1, skipping.
11-05 13:20 root         DEBUG    No ITS stop or start sites were identified for sequence SRR12683250.741.1, skipping.
11-05 13:20 root         DEBUG    No ITS stop or start sites were identified for sequence SRR12683250.289.1, skipping.
11-05 13:20 root         DEBUG    No ITS stop or start sites were identified for sequence SRR12683250.7.1, skipping.
11-05 13:20 root         DEBUG    No ITS stop or start sites were identified for sequence SRR12683250.749.1, skipping.
11-05 13:20 root         DEBUG    No ITS stop or start sites were identified for sequence SRR12683250.13.1, skipping.
11-05 13:20 root         DEBUG    No ITS stop or start sites were identified for sequence SRR12683250.753.1, skipping.
11-05 13:20 root         DEBUG    No ITS stop or start sites were identified for sequence SRR12683250.13.1, skipping.
11-05 13:20 root         DEBUG    No ITS stop or start sites were identified for sequence SRR12683250.187.1, skipping.
11-05 13:20 root         DEBUG    No ITS stop or start sites were identified for sequence SRR12683250.7.1, skipping.
11-05 13:20 root         DEBUG    No ITS stop or start sites were identified for sequence SRR12683250.758.1, skipping.
11-05 13:20 root         DEBUG    No ITS stop or start sites were identified for sequence SRR12683250.759.1, skipping.
11-05 13:20 root         DEBUG    No ITS stop or start sites were identified for sequence SRR12683250.289.1, skipping.
11-05 13:20 root         DEBUG    No ITS stop or start sites were identified for sequence SRR12683250.13.1, skipping.
11-05 13:20 root         DEBUG    No ITS stop or start sites were identified for sequence SRR12683250.7.1, skipping.
11-05 13:20 root         DEBUG    No ITS stop or start sites were identified for sequence SRR12683250.771.1, skipping.
11-05 13:20 root         DEBUG    No ITS stop or start sites were identified for sequence SRR12683250.108.1, skipping.
11-05 13:20 root         DEBUG    No ITS stop or start sites were identified for sequence SRR12683250.13.1, skipping.
11-05 13:20 root         DEBUG    No ITS stop or start sites were identified for sequence SRR12683250.782.1, skipping.
11-05 13:20 root         DEBUG    No ITS stop or start sites were identified for sequence SRR12683250.7.1, skipping.
11-05 13:20 root         DEBUG    No ITS stop or start sites were identified for sequence SRR12683250.13.1, skipping.
11-05 13:20 root         DEBUG    No ITS stop or start sites were identified for sequence SRR12683250.794.1, skipping.
11-05 13:20 root         DEBUG    No ITS stop or start sites were identified for sequence SRR12683250.795.1, skipping.
11-05 13:20 root         DEBUG    No ITS stop or start sites were identified for sequence SRR12683250.13.1, skipping.
11-05 13:20 root         DEBUG    No ITS stop or start sites were identified for sequence SRR12683250.34.1, skipping.
11-05 13:20 root         DEBUG    No ITS stop or start sites were identified for sequence SRR12683250.9.1, skipping.
11-05 13:20 root         DEBUG    No ITS stop or start sites were identified for sequence SRR12683250.804.1, skipping.
11-05 13:20 root         DEBUG    No ITS stop or start sites were identified for sequence SRR12683250.124.1, skipping.
11-05 13:20 root         DEBUG    No ITS stop or start sites were identified for sequence SRR12683250.810.1, skipping.
11-05 13:20 root         DEBUG    No ITS stop or start sites were identified for sequence SRR12683250.814.1, skipping.
11-05 13:20 root         DEBUG    No ITS stop or start sites were identified for sequence SRR12683250.815.1, skipping.
11-05 13:20 root         DEBUG    No ITS stop or start sites were identified for sequence SRR12683250.236.1, skipping.
11-05 13:20 root         DEBUG    No ITS stop or start sites were identified for sequence SRR12683250.475.1, skipping.
11-05 13:20 root         DEBUG    No ITS stop or start sites were identified for sequence SRR12683250.13.1, skipping.
11-05 13:20 root         DEBUG    No ITS stop or start sites were identified for sequence SRR12683250.13.1, skipping.
11-05 13:20 root         DEBUG    No ITS stop or start sites were identified for sequence SRR12683250.96.1, skipping.
11-05 13:20 root         DEBUG    No ITS stop or start sites were identified for sequence SRR12683250.836.1, skipping.
11-05 13:20 root         DEBUG    No ITS stop or start sites were identified for sequence SRR12683250.276.1, skipping.
11-05 13:20 root         DEBUG    No ITS stop or start sites were identified for sequence SRR12683250.13.1, skipping.
11-05 13:20 root         DEBUG    No ITS stop or start sites were identified for sequence SRR12683250.849.1, skipping.
11-05 13:20 root         DEBUG    No ITS stop or start sites were identified for sequence SRR12683250.853.1, skipping.
11-05 13:20 root         DEBUG    No ITS stop or start sites were identified for sequence SRR12683250.13.1, skipping.
11-05 13:20 root         DEBUG    No ITS stop or start sites were identified for sequence SRR12683250.21.1, skipping.
11-05 13:20 root         DEBUG    No ITS stop or start sites were identified for sequence SRR12683250.236.1, skipping.
11-05 13:20 root         DEBUG    No ITS stop or start sites were identified for sequence SRR12683250.7.1, skipping.
11-05 13:20 root         DEBUG    No ITS stop or start sites were identified for sequence SRR12683250.34.1, skipping.
11-05 13:20 root         DEBUG    No ITS stop or start sites were identified for sequence SRR12683250.289.1, skipping.
11-05 13:20 root         DEBUG    No ITS stop or start sites were identified for sequence SRR12683250.13.1, skipping.
11-05 13:20 root         DEBUG    No ITS stop or start sites were identified for sequence SRR12683250.13.1, skipping.
11-05 13:20 root         DEBUG    No ITS stop or start sites were identified for sequence SRR12683250.86.1, skipping.
11-05 13:20 root         DEBUG    No ITS stop or start sites were identified for sequence SRR12683250.875.1, skipping.
11-05 13:20 root         INFO     ITSxpress ran in 00:00:07
