11-04 21:29 root         INFO     Verifying the input sequences.
11-04 21:29 root         INFO     Sequences are assumed to be single-end.
11-04 21:29 root         INFO     Temporary directory is: /tmp/itsxpress_p8gu6t2y
11-04 21:29 root         INFO     Unique sequences are being written to a temporary FASTA file with Vsearch.
11-04 21:29 root         INFO     vsearch v2.7.1_linux_x86_64, 15.6GB RAM, 4 cores
https://github.com/torognes/vsearch

Reading file SRR12683102_pass_1.fastq.gz 100%
77180 nt in 258 seqs, min 35, max 301, avg 299
Dereplicating 100%
Sorting 100%
161 unique sequences, avg cluster 1.6, median 1, max 25
Writing output file 100%
Writing uc file, first part 100%
Writing uc file, second part 100%

11-04 21:29 root         INFO     Searching for ITS start and stop sites using HMMSearch. This step takes a while.
11-04 21:29 root         INFO     Parsing HMM results.
11-04 21:29 root         INFO     Writing out sequences
11-04 21:29 root         DEBUG    No ITS stop or start sites were identified for sequence SRR12683102.1.1, skipping.
11-04 21:29 root         DEBUG    No ITS stop or start sites were identified for sequence SRR12683102.2.1, skipping.
11-04 21:29 root         DEBUG    No ITS stop or start sites were identified for sequence SRR12683102.3.1, skipping.
11-04 21:29 root         DEBUG    No ITS stop or start sites were identified for sequence SRR12683102.4.1, skipping.
11-04 21:29 root         DEBUG    No ITS stop or start sites were identified for sequence SRR12683102.5.1, skipping.
11-04 21:29 root         DEBUG    No ITS stop or start sites were identified for sequence SRR12683102.6.1, skipping.
11-04 21:29 root         DEBUG    No ITS stop or start sites were identified for sequence SRR12683102.6.1, skipping.
11-04 21:29 root         DEBUG    No ITS stop or start sites were identified for sequence SRR12683102.8.1, skipping.
11-04 21:29 root         DEBUG    No ITS stop or start sites were identified for sequence SRR12683102.9.1, skipping.
11-04 21:29 root         DEBUG    No ITS stop or start sites were identified for sequence SRR12683102.10.1, skipping.
11-04 21:29 root         DEBUG    No ITS stop or start sites were identified for sequence SRR12683102.11.1, skipping.
11-04 21:29 root         DEBUG    No ITS stop or start sites were identified for sequence SRR12683102.12.1, skipping.
11-04 21:29 root         DEBUG    No ITS stop or start sites were identified for sequence SRR12683102.10.1, skipping.
11-04 21:29 root         DEBUG    No ITS stop or start sites were identified for sequence SRR12683102.10.1, skipping.
11-04 21:29 root         DEBUG    No ITS stop or start sites were identified for sequence SRR12683102.10.1, skipping.
11-04 21:29 root         DEBUG    No ITS stop or start sites were identified for sequence SRR12683102.16.1, skipping.
11-04 21:29 root         DEBUG    No ITS stop or start sites were identified for sequence SRR12683102.17.1, skipping.
11-04 21:29 root         DEBUG    No ITS stop or start sites were identified for sequence SRR12683102.10.1, skipping.
11-04 21:29 root         DEBUG    No ITS stop or start sites were identified for sequence SRR12683102.20.1, skipping.
11-04 21:29 root         DEBUG    No ITS stop or start sites were identified for sequence SRR12683102.21.1, skipping.
11-04 21:29 root         DEBUG    No ITS stop or start sites were identified for sequence SRR12683102.6.1, skipping.
11-04 21:29 root         DEBUG    No ITS stop or start sites were identified for sequence SRR12683102.10.1, skipping.
11-04 21:29 root         DEBUG    No ITS stop or start sites were identified for sequence SRR12683102.24.1, skipping.
11-04 21:29 root         DEBUG    No ITS stop or start sites were identified for sequence SRR12683102.10.1, skipping.
11-04 21:29 root         DEBUG    No ITS stop or start sites were identified for sequence SRR12683102.26.1, skipping.
11-04 21:29 root         DEBUG    No ITS stop or start sites were identified for sequence SRR12683102.10.1, skipping.
11-04 21:29 root         DEBUG    No ITS stop or start sites were identified for sequence SRR12683102.10.1, skipping.
11-04 21:29 root         DEBUG    No ITS stop or start sites were identified for sequence SRR12683102.29.1, skipping.
11-04 21:29 root         DEBUG    No ITS stop or start sites were identified for sequence SRR12683102.30.1, skipping.
11-04 21:29 root         DEBUG    No ITS stop or start sites were identified for sequence SRR12683102.3.1, skipping.
11-04 21:29 root         DEBUG    No ITS stop or start sites were identified for sequence SRR12683102.32.1, skipping.
11-04 21:29 root         DEBUG    No ITS stop or start sites were identified for sequence SRR12683102.3.1, skipping.
11-04 21:29 root         DEBUG    No ITS stop or start sites were identified for sequence SRR12683102.36.1, skipping.
11-04 21:29 root         DEBUG    No ITS stop or start sites were identified for sequence SRR12683102.37.1, skipping.
11-04 21:29 root         DEBUG    No ITS stop or start sites were identified for sequence SRR12683102.3.1, skipping.
11-04 21:29 root         DEBUG    No ITS stop or start sites were identified for sequence SRR12683102.3.1, skipping.
11-04 21:29 root         DEBUG    No ITS stop or start sites were identified for sequence SRR12683102.10.1, skipping.
11-04 21:29 root         DEBUG    No ITS stop or start sites were identified for sequence SRR12683102.42.1, skipping.
11-04 21:29 root         DEBUG    No ITS stop or start sites were identified for sequence SRR12683102.43.1, skipping.
11-04 21:29 root         DEBUG    No ITS stop or start sites were identified for sequence SRR12683102.37.1, skipping.
11-04 21:29 root         DEBUG    No ITS stop or start sites were identified for sequence SRR12683102.37.1, skipping.
11-04 21:29 root         DEBUG    No ITS stop or start sites were identified for sequence SRR12683102.46.1, skipping.
11-04 21:29 root         DEBUG    No ITS stop or start sites were identified for sequence SRR12683102.47.1, skipping.
11-04 21:29 root         DEBUG    No ITS stop or start sites were identified for sequence SRR12683102.48.1, skipping.
11-04 21:29 root         DEBUG    No ITS stop or start sites were identified for sequence SRR12683102.49.1, skipping.
11-04 21:29 root         DEBUG    No ITS stop or start sites were identified for sequence SRR12683102.10.1, skipping.
11-04 21:29 root         DEBUG    No ITS stop or start sites were identified for sequence SRR12683102.51.1, skipping.
11-04 21:29 root         DEBUG    No ITS stop or start sites were identified for sequence SRR12683102.52.1, skipping.
11-04 21:29 root         DEBUG    No ITS stop or start sites were identified for sequence SRR12683102.53.1, skipping.
11-04 21:29 root         DEBUG    No ITS stop or start sites were identified for sequence SRR12683102.54.1, skipping.
11-04 21:29 root         DEBUG    No ITS stop or start sites were identified for sequence SRR12683102.55.1, skipping.
11-04 21:29 root         DEBUG    No ITS stop or start sites were identified for sequence SRR12683102.56.1, skipping.
11-04 21:29 root         DEBUG    No ITS stop or start sites were identified for sequence SRR12683102.57.1, skipping.
11-04 21:29 root         DEBUG    No ITS stop or start sites were identified for sequence SRR12683102.58.1, skipping.
11-04 21:29 root         DEBUG    No ITS stop or start sites were identified for sequence SRR12683102.59.1, skipping.
11-04 21:29 root         DEBUG    No ITS stop or start sites were identified for sequence SRR12683102.60.1, skipping.
11-04 21:29 root         DEBUG    No ITS stop or start sites were identified for sequence SRR12683102.3.1, skipping.
11-04 21:29 root         DEBUG    No ITS stop or start sites were identified for sequence SRR12683102.11.1, skipping.
11-04 21:29 root         DEBUG    No ITS stop or start sites were identified for sequence SRR12683102.11.1, skipping.
11-04 21:29 root         DEBUG    No ITS stop or start sites were identified for sequence SRR12683102.64.1, skipping.
11-04 21:29 root         DEBUG    No ITS stop or start sites were identified for sequence SRR12683102.65.1, skipping.
11-04 21:29 root         DEBUG    No ITS stop or start sites were identified for sequence SRR12683102.66.1, skipping.
11-04 21:29 root         DEBUG    No ITS stop or start sites were identified for sequence SRR12683102.67.1, skipping.
11-04 21:29 root         DEBUG    No ITS stop or start sites were identified for sequence SRR12683102.68.1, skipping.
11-04 21:29 root         DEBUG    No ITS stop or start sites were identified for sequence SRR12683102.6.1, skipping.
11-04 21:29 root         DEBUG    No ITS stop or start sites were identified for sequence SRR12683102.12.1, skipping.
11-04 21:29 root         DEBUG    No ITS stop or start sites were identified for sequence SRR12683102.71.1, skipping.
11-04 21:29 root         DEBUG    No ITS stop or start sites were identified for sequence SRR12683102.10.1, skipping.
11-04 21:29 root         DEBUG    No ITS stop or start sites were identified for sequence SRR12683102.3.1, skipping.
11-04 21:29 root         DEBUG    No ITS stop or start sites were identified for sequence SRR12683102.74.1, skipping.
11-04 21:29 root         DEBUG    No ITS stop or start sites were identified for sequence SRR12683102.37.1, skipping.
11-04 21:29 root         DEBUG    No ITS stop or start sites were identified for sequence SRR12683102.3.1, skipping.
11-04 21:29 root         DEBUG    No ITS stop or start sites were identified for sequence SRR12683102.77.1, skipping.
11-04 21:29 root         DEBUG    No ITS stop or start sites were identified for sequence SRR12683102.6.1, skipping.
11-04 21:29 root         DEBUG    No ITS stop or start sites were identified for sequence SRR12683102.10.1, skipping.
11-04 21:29 root         DEBUG    No ITS stop or start sites were identified for sequence SRR12683102.82.1, skipping.
11-04 21:29 root         DEBUG    No ITS stop or start sites were identified for sequence SRR12683102.3.1, skipping.
11-04 21:29 root         DEBUG    No ITS stop or start sites were identified for sequence SRR12683102.3.1, skipping.
11-04 21:29 root         DEBUG    No ITS stop or start sites were identified for sequence SRR12683102.85.1, skipping.
11-04 21:29 root         DEBUG    No ITS stop or start sites were identified for sequence SRR12683102.87.1, skipping.
11-04 21:29 root         DEBUG    No ITS stop or start sites were identified for sequence SRR12683102.3.1, skipping.
11-04 21:29 root         DEBUG    No ITS stop or start sites were identified for sequence SRR12683102.89.1, skipping.
11-04 21:29 root         DEBUG    No ITS stop or start sites were identified for sequence SRR12683102.90.1, skipping.
11-04 21:29 root         DEBUG    No ITS stop or start sites were identified for sequence SRR12683102.91.1, skipping.
11-04 21:29 root         DEBUG    No ITS stop or start sites were identified for sequence SRR12683102.92.1, skipping.
11-04 21:29 root         DEBUG    No ITS stop or start sites were identified for sequence SRR12683102.93.1, skipping.
11-04 21:29 root         DEBUG    No ITS stop or start sites were identified for sequence SRR12683102.94.1, skipping.
11-04 21:29 root         DEBUG    No ITS stop or start sites were identified for sequence SRR12683102.37.1, skipping.
11-04 21:29 root         DEBUG    No ITS stop or start sites were identified for sequence SRR12683102.96.1, skipping.
11-04 21:29 root         DEBUG    No ITS stop or start sites were identified for sequence SRR12683102.3.1, skipping.
11-04 21:29 root         DEBUG    No ITS stop or start sites were identified for sequence SRR12683102.6.1, skipping.
11-04 21:29 root         DEBUG    No ITS stop or start sites were identified for sequence SRR12683102.99.1, skipping.
11-04 21:29 root         DEBUG    No ITS stop or start sites were identified for sequence SRR12683102.100.1, skipping.
11-04 21:29 root         DEBUG    No ITS stop or start sites were identified for sequence SRR12683102.101.1, skipping.
11-04 21:29 root         DEBUG    No ITS stop or start sites were identified for sequence SRR12683102.102.1, skipping.
11-04 21:29 root         DEBUG    No ITS stop or start sites were identified for sequence SRR12683102.92.1, skipping.
11-04 21:29 root         DEBUG    No ITS stop or start sites were identified for sequence SRR12683102.104.1, skipping.
11-04 21:29 root         DEBUG    No ITS stop or start sites were identified for sequence SRR12683102.37.1, skipping.
11-04 21:29 root         DEBUG    No ITS stop or start sites were identified for sequence SRR12683102.37.1, skipping.
11-04 21:29 root         DEBUG    No ITS stop or start sites were identified for sequence SRR12683102.107.1, skipping.
11-04 21:29 root         DEBUG    No ITS stop or start sites were identified for sequence SRR12683102.108.1, skipping.
11-04 21:29 root         DEBUG    No ITS stop or start sites were identified for sequence SRR12683102.109.1, skipping.
11-04 21:29 root         DEBUG    No ITS stop or start sites were identified for sequence SRR12683102.110.1, skipping.
11-04 21:29 root         DEBUG    No ITS stop or start sites were identified for sequence SRR12683102.111.1, skipping.
11-04 21:29 root         DEBUG    No ITS stop or start sites were identified for sequence SRR12683102.112.1, skipping.
11-04 21:29 root         DEBUG    No ITS stop or start sites were identified for sequence SRR12683102.113.1, skipping.
11-04 21:29 root         DEBUG    No ITS stop or start sites were identified for sequence SRR12683102.114.1, skipping.
11-04 21:29 root         DEBUG    No ITS stop or start sites were identified for sequence SRR12683102.115.1, skipping.
11-04 21:29 root         DEBUG    No ITS stop or start sites were identified for sequence SRR12683102.116.1, skipping.
11-04 21:29 root         DEBUG    No ITS stop or start sites were identified for sequence SRR12683102.120.1, skipping.
11-04 21:29 root         DEBUG    No ITS stop or start sites were identified for sequence SRR12683102.121.1, skipping.
11-04 21:29 root         DEBUG    No ITS stop or start sites were identified for sequence SRR12683102.122.1, skipping.
11-04 21:29 root         DEBUG    No ITS stop or start sites were identified for sequence SRR12683102.123.1, skipping.
11-04 21:29 root         DEBUG    No ITS stop or start sites were identified for sequence SRR12683102.3.1, skipping.
11-04 21:29 root         DEBUG    No ITS stop or start sites were identified for sequence SRR12683102.3.1, skipping.
11-04 21:29 root         DEBUG    No ITS stop or start sites were identified for sequence SRR12683102.126.1, skipping.
11-04 21:29 root         DEBUG    No ITS stop or start sites were identified for sequence SRR12683102.3.1, skipping.
11-04 21:29 root         DEBUG    No ITS stop or start sites were identified for sequence SRR12683102.3.1, skipping.
11-04 21:29 root         DEBUG    No ITS stop or start sites were identified for sequence SRR12683102.129.1, skipping.
11-04 21:29 root         DEBUG    No ITS stop or start sites were identified for sequence SRR12683102.3.1, skipping.
11-04 21:29 root         DEBUG    No ITS stop or start sites were identified for sequence SRR12683102.3.1, skipping.
11-04 21:29 root         DEBUG    No ITS stop or start sites were identified for sequence SRR12683102.132.1, skipping.
11-04 21:29 root         DEBUG    No ITS stop or start sites were identified for sequence SRR12683102.133.1, skipping.
11-04 21:29 root         DEBUG    No ITS stop or start sites were identified for sequence SRR12683102.6.1, skipping.
11-04 21:29 root         DEBUG    No ITS stop or start sites were identified for sequence SRR12683102.135.1, skipping.
11-04 21:29 root         DEBUG    No ITS stop or start sites were identified for sequence SRR12683102.3.1, skipping.
11-04 21:29 root         DEBUG    No ITS stop or start sites were identified for sequence SRR12683102.3.1, skipping.
11-04 21:29 root         DEBUG    No ITS stop or start sites were identified for sequence SRR12683102.6.1, skipping.
11-04 21:29 root         DEBUG    No ITS stop or start sites were identified for sequence SRR12683102.140.1, skipping.
11-04 21:29 root         DEBUG    No ITS stop or start sites were identified for sequence SRR12683102.141.1, skipping.
11-04 21:29 root         DEBUG    No ITS stop or start sites were identified for sequence SRR12683102.142.1, skipping.
11-04 21:29 root         DEBUG    No ITS stop or start sites were identified for sequence SRR12683102.143.1, skipping.
11-04 21:29 root         DEBUG    No ITS stop or start sites were identified for sequence SRR12683102.144.1, skipping.
11-04 21:29 root         DEBUG    No ITS stop or start sites were identified for sequence SRR12683102.145.1, skipping.
11-04 21:29 root         DEBUG    No ITS stop or start sites were identified for sequence SRR12683102.10.1, skipping.
11-04 21:29 root         DEBUG    No ITS stop or start sites were identified for sequence SRR12683102.149.1, skipping.
11-04 21:29 root         DEBUG    No ITS stop or start sites were identified for sequence SRR12683102.150.1, skipping.
11-04 21:29 root         DEBUG    No ITS stop or start sites were identified for sequence SRR12683102.149.1, skipping.
11-04 21:29 root         DEBUG    No ITS stop or start sites were identified for sequence SRR12683102.152.1, skipping.
11-04 21:29 root         DEBUG    No ITS stop or start sites were identified for sequence SRR12683102.10.1, skipping.
11-04 21:29 root         DEBUG    No ITS stop or start sites were identified for sequence SRR12683102.157.1, skipping.
11-04 21:29 root         DEBUG    No ITS stop or start sites were identified for sequence SRR12683102.158.1, skipping.
11-04 21:29 root         DEBUG    No ITS stop or start sites were identified for sequence SRR12683102.159.1, skipping.
11-04 21:29 root         DEBUG    No ITS stop or start sites were identified for sequence SRR12683102.162.1, skipping.
11-04 21:29 root         DEBUG    No ITS stop or start sites were identified for sequence SRR12683102.11.1, skipping.
11-04 21:29 root         DEBUG    No ITS stop or start sites were identified for sequence SRR12683102.164.1, skipping.
11-04 21:29 root         DEBUG    No ITS stop or start sites were identified for sequence SRR12683102.11.1, skipping.
11-04 21:29 root         DEBUG    No ITS stop or start sites were identified for sequence SRR12683102.3.1, skipping.
11-04 21:29 root         DEBUG    No ITS stop or start sites were identified for sequence SRR12683102.10.1, skipping.
11-04 21:29 root         DEBUG    No ITS stop or start sites were identified for sequence SRR12683102.170.1, skipping.
11-04 21:29 root         DEBUG    No ITS stop or start sites were identified for sequence SRR12683102.10.1, skipping.
11-04 21:29 root         DEBUG    No ITS stop or start sites were identified for sequence SRR12683102.172.1, skipping.
11-04 21:29 root         DEBUG    No ITS stop or start sites were identified for sequence SRR12683102.92.1, skipping.
11-04 21:29 root         DEBUG    No ITS stop or start sites were identified for sequence SRR12683102.174.1, skipping.
11-04 21:29 root         DEBUG    No ITS stop or start sites were identified for sequence SRR12683102.3.1, skipping.
11-04 21:29 root         DEBUG    No ITS stop or start sites were identified for sequence SRR12683102.180.1, skipping.
11-04 21:29 root         DEBUG    No ITS stop or start sites were identified for sequence SRR12683102.181.1, skipping.
11-04 21:29 root         DEBUG    No ITS stop or start sites were identified for sequence SRR12683102.182.1, skipping.
11-04 21:29 root         DEBUG    No ITS stop or start sites were identified for sequence SRR12683102.183.1, skipping.
11-04 21:29 root         DEBUG    No ITS stop or start sites were identified for sequence SRR12683102.184.1, skipping.
11-04 21:29 root         DEBUG    No ITS stop or start sites were identified for sequence SRR12683102.185.1, skipping.
11-04 21:29 root         DEBUG    No ITS stop or start sites were identified for sequence SRR12683102.6.1, skipping.
11-04 21:29 root         DEBUG    No ITS stop or start sites were identified for sequence SRR12683102.6.1, skipping.
11-04 21:29 root         DEBUG    No ITS stop or start sites were identified for sequence SRR12683102.37.1, skipping.
11-04 21:29 root         DEBUG    No ITS stop or start sites were identified for sequence SRR12683102.189.1, skipping.
11-04 21:29 root         DEBUG    No ITS stop or start sites were identified for sequence SRR12683102.190.1, skipping.
11-04 21:29 root         DEBUG    No ITS stop or start sites were identified for sequence SRR12683102.3.1, skipping.
11-04 21:29 root         DEBUG    No ITS stop or start sites were identified for sequence SRR12683102.129.1, skipping.
11-04 21:29 root         DEBUG    No ITS stop or start sites were identified for sequence SRR12683102.193.1, skipping.
11-04 21:29 root         DEBUG    No ITS stop or start sites were identified for sequence SRR12683102.194.1, skipping.
11-04 21:29 root         DEBUG    No ITS stop or start sites were identified for sequence SRR12683102.37.1, skipping.
11-04 21:29 root         DEBUG    No ITS stop or start sites were identified for sequence SRR12683102.196.1, skipping.
11-04 21:29 root         DEBUG    No ITS stop or start sites were identified for sequence SRR12683102.197.1, skipping.
11-04 21:29 root         DEBUG    No ITS stop or start sites were identified for sequence SRR12683102.198.1, skipping.
11-04 21:29 root         DEBUG    No ITS stop or start sites were identified for sequence SRR12683102.6.1, skipping.
11-04 21:29 root         DEBUG    No ITS stop or start sites were identified for sequence SRR12683102.203.1, skipping.
11-04 21:29 root         DEBUG    No ITS stop or start sites were identified for sequence SRR12683102.10.1, skipping.
11-04 21:29 root         DEBUG    No ITS stop or start sites were identified for sequence SRR12683102.10.1, skipping.
11-04 21:29 root         DEBUG    No ITS stop or start sites were identified for sequence SRR12683102.206.1, skipping.
11-04 21:29 root         DEBUG    No ITS stop or start sites were identified for sequence SRR12683102.207.1, skipping.
11-04 21:29 root         DEBUG    No ITS stop or start sites were identified for sequence SRR12683102.208.1, skipping.
11-04 21:29 root         DEBUG    No ITS stop or start sites were identified for sequence SRR12683102.6.1, skipping.
11-04 21:29 root         DEBUG    No ITS stop or start sites were identified for sequence SRR12683102.211.1, skipping.
11-04 21:29 root         DEBUG    No ITS stop or start sites were identified for sequence SRR12683102.212.1, skipping.
11-04 21:29 root         DEBUG    No ITS stop or start sites were identified for sequence SRR12683102.213.1, skipping.
11-04 21:29 root         DEBUG    No ITS stop or start sites were identified for sequence SRR12683102.214.1, skipping.
11-04 21:29 root         DEBUG    No ITS stop or start sites were identified for sequence SRR12683102.37.1, skipping.
11-04 21:29 root         DEBUG    No ITS stop or start sites were identified for sequence SRR12683102.216.1, skipping.
11-04 21:29 root         DEBUG    No ITS stop or start sites were identified for sequence SRR12683102.217.1, skipping.
11-04 21:29 root         DEBUG    No ITS stop or start sites were identified for sequence SRR12683102.101.1, skipping.
11-04 21:29 root         DEBUG    No ITS stop or start sites were identified for sequence SRR12683102.37.1, skipping.
11-04 21:29 root         DEBUG    No ITS stop or start sites were identified for sequence SRR12683102.220.1, skipping.
11-04 21:29 root         DEBUG    No ITS stop or start sites were identified for sequence SRR12683102.3.1, skipping.
11-04 21:29 root         DEBUG    No ITS stop or start sites were identified for sequence SRR12683102.37.1, skipping.
11-04 21:29 root         DEBUG    No ITS stop or start sites were identified for sequence SRR12683102.223.1, skipping.
11-04 21:29 root         DEBUG    No ITS stop or start sites were identified for sequence SRR12683102.223.1, skipping.
11-04 21:29 root         DEBUG    No ITS stop or start sites were identified for sequence SRR12683102.10.1, skipping.
11-04 21:29 root         DEBUG    No ITS stop or start sites were identified for sequence SRR12683102.226.1, skipping.
11-04 21:29 root         DEBUG    No ITS stop or start sites were identified for sequence SRR12683102.227.1, skipping.
11-04 21:29 root         DEBUG    No ITS stop or start sites were identified for sequence SRR12683102.228.1, skipping.
11-04 21:29 root         DEBUG    No ITS stop or start sites were identified for sequence SRR12683102.229.1, skipping.
11-04 21:29 root         DEBUG    No ITS stop or start sites were identified for sequence SRR12683102.230.1, skipping.
11-04 21:29 root         DEBUG    No ITS stop or start sites were identified for sequence SRR12683102.231.1, skipping.
11-04 21:29 root         DEBUG    No ITS stop or start sites were identified for sequence SRR12683102.230.1, skipping.
11-04 21:29 root         DEBUG    No ITS stop or start sites were identified for sequence SRR12683102.233.1, skipping.
11-04 21:29 root         DEBUG    No ITS stop or start sites were identified for sequence SRR12683102.6.1, skipping.
11-04 21:29 root         DEBUG    No ITS stop or start sites were identified for sequence SRR12683102.203.1, skipping.
11-04 21:29 root         DEBUG    No ITS stop or start sites were identified for sequence SRR12683102.6.1, skipping.
11-04 21:29 root         DEBUG    No ITS stop or start sites were identified for sequence SRR12683102.237.1, skipping.
11-04 21:29 root         DEBUG    No ITS stop or start sites were identified for sequence SRR12683102.238.1, skipping.
11-04 21:29 root         DEBUG    No ITS stop or start sites were identified for sequence SRR12683102.37.1, skipping.
11-04 21:29 root         DEBUG    No ITS stop or start sites were identified for sequence SRR12683102.240.1, skipping.
11-04 21:29 root         DEBUG    No ITS stop or start sites were identified for sequence SRR12683102.241.1, skipping.
11-04 21:29 root         DEBUG    No ITS stop or start sites were identified for sequence SRR12683102.3.1, skipping.
11-04 21:29 root         DEBUG    No ITS stop or start sites were identified for sequence SRR12683102.243.1, skipping.
11-04 21:29 root         DEBUG    No ITS stop or start sites were identified for sequence SRR12683102.244.1, skipping.
11-04 21:29 root         DEBUG    No ITS stop or start sites were identified for sequence SRR12683102.37.1, skipping.
11-04 21:29 root         DEBUG    No ITS stop or start sites were identified for sequence SRR12683102.246.1, skipping.
11-04 21:29 root         DEBUG    No ITS stop or start sites were identified for sequence SRR12683102.92.1, skipping.
11-04 21:29 root         DEBUG    No ITS stop or start sites were identified for sequence SRR12683102.253.1, skipping.
11-04 21:29 root         DEBUG    No ITS stop or start sites were identified for sequence SRR12683102.254.1, skipping.
11-04 21:29 root         DEBUG    No ITS stop or start sites were identified for sequence SRR12683102.255.1, skipping.
11-04 21:29 root         DEBUG    No ITS stop or start sites were identified for sequence SRR12683102.256.1, skipping.
11-04 21:29 root         DEBUG    No ITS stop or start sites were identified for sequence SRR12683102.257.1, skipping.
11-04 21:29 root         DEBUG    No ITS stop or start sites were identified for sequence SRR12683102.258.1, skipping.
11-04 21:29 root         INFO     ITSxpress ran in 00:00:00
