11-04 21:41 root         INFO     Verifying the input sequences.
11-04 21:41 root         INFO     Sequences are assumed to be single-end.
11-04 21:41 root         INFO     Temporary directory is: /tmp/itsxpress_sw508iab
11-04 21:41 root         INFO     Unique sequences are being written to a temporary FASTA file with Vsearch.
11-04 21:41 root         INFO     vsearch v2.7.1_linux_x86_64, 15.6GB RAM, 4 cores
https://github.com/torognes/vsearch

Reading file SRR12683160_pass_1.fastq.gz 100%
23901 nt in 148 seqs, min 35, max 301, avg 161
Dereplicating 100%
Sorting 100%
96 unique sequences, avg cluster 1.5, median 1, max 31
Writing output file 100%
Writing uc file, first part 100%
Writing uc file, second part 100%

11-04 21:41 root         INFO     Searching for ITS start and stop sites using HMMSearch. This step takes a while.
11-04 21:41 root         INFO     Parsing HMM results.
11-04 21:41 root         INFO     Writing out sequences
11-04 21:41 root         DEBUG    No ITS stop or start sites were identified for sequence SRR12683160.1.1, skipping.
11-04 21:41 root         DEBUG    No ITS stop or start sites were identified for sequence SRR12683160.3.1, skipping.
11-04 21:41 root         DEBUG    No ITS stop or start sites were identified for sequence SRR12683160.4.1, skipping.
11-04 21:41 root         DEBUG    No ITS stop or start sites were identified for sequence SRR12683160.6.1, skipping.
11-04 21:41 root         DEBUG    No ITS stop or start sites were identified for sequence SRR12683160.7.1, skipping.
11-04 21:41 root         DEBUG    No ITS stop or start sites were identified for sequence SRR12683160.8.1, skipping.
11-04 21:41 root         DEBUG    No ITS stop or start sites were identified for sequence SRR12683160.10.1, skipping.
11-04 21:41 root         DEBUG    No ITS stop or start sites were identified for sequence SRR12683160.7.1, skipping.
11-04 21:41 root         DEBUG    No ITS stop or start sites were identified for sequence SRR12683160.7.1, skipping.
11-04 21:41 root         DEBUG    No ITS stop or start sites were identified for sequence SRR12683160.3.1, skipping.
11-04 21:41 root         DEBUG    No ITS stop or start sites were identified for sequence SRR12683160.14.1, skipping.
11-04 21:41 root         DEBUG    No ITS stop or start sites were identified for sequence SRR12683160.7.1, skipping.
11-04 21:41 root         DEBUG    No ITS stop or start sites were identified for sequence SRR12683160.7.1, skipping.
11-04 21:41 root         DEBUG    No ITS stop or start sites were identified for sequence SRR12683160.18.1, skipping.
11-04 21:41 root         DEBUG    No ITS stop or start sites were identified for sequence SRR12683160.7.1, skipping.
11-04 21:41 root         DEBUG    No ITS stop or start sites were identified for sequence SRR12683160.22.1, skipping.
11-04 21:41 root         DEBUG    No ITS stop or start sites were identified for sequence SRR12683160.7.1, skipping.
11-04 21:41 root         DEBUG    No ITS stop or start sites were identified for sequence SRR12683160.24.1, skipping.
11-04 21:41 root         DEBUG    No ITS stop or start sites were identified for sequence SRR12683160.25.1, skipping.
11-04 21:41 root         DEBUG    No ITS stop or start sites were identified for sequence SRR12683160.26.1, skipping.
11-04 21:41 root         DEBUG    No ITS stop or start sites were identified for sequence SRR12683160.7.1, skipping.
11-04 21:41 root         DEBUG    No ITS stop or start sites were identified for sequence SRR12683160.28.1, skipping.
11-04 21:41 root         DEBUG    No ITS stop or start sites were identified for sequence SRR12683160.7.1, skipping.
11-04 21:41 root         DEBUG    No ITS stop or start sites were identified for sequence SRR12683160.31.1, skipping.
11-04 21:41 root         DEBUG    No ITS stop or start sites were identified for sequence SRR12683160.7.1, skipping.
11-04 21:41 root         DEBUG    No ITS stop or start sites were identified for sequence SRR12683160.35.1, skipping.
11-04 21:41 root         DEBUG    No ITS stop or start sites were identified for sequence SRR12683160.26.1, skipping.
11-04 21:41 root         DEBUG    No ITS stop or start sites were identified for sequence SRR12683160.38.1, skipping.
11-04 21:41 root         DEBUG    No ITS stop or start sites were identified for sequence SRR12683160.26.1, skipping.
11-04 21:41 root         DEBUG    No ITS stop or start sites were identified for sequence SRR12683160.40.1, skipping.
11-04 21:41 root         DEBUG    No ITS stop or start sites were identified for sequence SRR12683160.41.1, skipping.
11-04 21:41 root         DEBUG    No ITS stop or start sites were identified for sequence SRR12683160.46.1, skipping.
11-04 21:41 root         DEBUG    No ITS stop or start sites were identified for sequence SRR12683160.7.1, skipping.
11-04 21:41 root         DEBUG    No ITS stop or start sites were identified for sequence SRR12683160.49.1, skipping.
11-04 21:41 root         DEBUG    No ITS stop or start sites were identified for sequence SRR12683160.26.1, skipping.
11-04 21:41 root         DEBUG    No ITS stop or start sites were identified for sequence SRR12683160.51.1, skipping.
11-04 21:41 root         DEBUG    No ITS stop or start sites were identified for sequence SRR12683160.7.1, skipping.
11-04 21:41 root         DEBUG    No ITS stop or start sites were identified for sequence SRR12683160.7.1, skipping.
11-04 21:41 root         DEBUG    No ITS stop or start sites were identified for sequence SRR12683160.7.1, skipping.
11-04 21:41 root         DEBUG    No ITS stop or start sites were identified for sequence SRR12683160.3.1, skipping.
11-04 21:41 root         DEBUG    No ITS stop or start sites were identified for sequence SRR12683160.25.1, skipping.
11-04 21:41 root         DEBUG    No ITS stop or start sites were identified for sequence SRR12683160.59.1, skipping.
11-04 21:41 root         DEBUG    No ITS stop or start sites were identified for sequence SRR12683160.7.1, skipping.
11-04 21:41 root         DEBUG    No ITS stop or start sites were identified for sequence SRR12683160.62.1, skipping.
11-04 21:41 root         DEBUG    No ITS stop or start sites were identified for sequence SRR12683160.25.1, skipping.
11-04 21:41 root         DEBUG    No ITS stop or start sites were identified for sequence SRR12683160.40.1, skipping.
11-04 21:41 root         DEBUG    No ITS stop or start sites were identified for sequence SRR12683160.7.1, skipping.
11-04 21:41 root         DEBUG    No ITS stop or start sites were identified for sequence SRR12683160.66.1, skipping.
11-04 21:41 root         DEBUG    No ITS stop or start sites were identified for sequence SRR12683160.1.1, skipping.
11-04 21:41 root         DEBUG    No ITS stop or start sites were identified for sequence SRR12683160.3.1, skipping.
11-04 21:41 root         DEBUG    No ITS stop or start sites were identified for sequence SRR12683160.25.1, skipping.
11-04 21:41 root         DEBUG    No ITS stop or start sites were identified for sequence SRR12683160.71.1, skipping.
11-04 21:41 root         DEBUG    No ITS stop or start sites were identified for sequence SRR12683160.10.1, skipping.
11-04 21:41 root         DEBUG    No ITS stop or start sites were identified for sequence SRR12683160.26.1, skipping.
11-04 21:41 root         DEBUG    No ITS stop or start sites were identified for sequence SRR12683160.7.1, skipping.
11-04 21:41 root         DEBUG    No ITS stop or start sites were identified for sequence SRR12683160.7.1, skipping.
11-04 21:41 root         DEBUG    No ITS stop or start sites were identified for sequence SRR12683160.76.1, skipping.
11-04 21:41 root         DEBUG    No ITS stop or start sites were identified for sequence SRR12683160.7.1, skipping.
11-04 21:41 root         DEBUG    No ITS stop or start sites were identified for sequence SRR12683160.80.1, skipping.
11-04 21:41 root         DEBUG    No ITS stop or start sites were identified for sequence SRR12683160.7.1, skipping.
11-04 21:41 root         DEBUG    No ITS stop or start sites were identified for sequence SRR12683160.7.1, skipping.
11-04 21:41 root         DEBUG    No ITS stop or start sites were identified for sequence SRR12683160.88.1, skipping.
11-04 21:41 root         DEBUG    No ITS stop or start sites were identified for sequence SRR12683160.89.1, skipping.
11-04 21:41 root         DEBUG    No ITS stop or start sites were identified for sequence SRR12683160.25.1, skipping.
11-04 21:41 root         DEBUG    No ITS stop or start sites were identified for sequence SRR12683160.91.1, skipping.
11-04 21:41 root         DEBUG    No ITS stop or start sites were identified for sequence SRR12683160.92.1, skipping.
11-04 21:41 root         DEBUG    No ITS stop or start sites were identified for sequence SRR12683160.25.1, skipping.
11-04 21:41 root         DEBUG    No ITS stop or start sites were identified for sequence SRR12683160.94.1, skipping.
11-04 21:41 root         DEBUG    No ITS stop or start sites were identified for sequence SRR12683160.95.1, skipping.
11-04 21:41 root         DEBUG    No ITS stop or start sites were identified for sequence SRR12683160.97.1, skipping.
11-04 21:41 root         DEBUG    No ITS stop or start sites were identified for sequence SRR12683160.98.1, skipping.
11-04 21:41 root         DEBUG    No ITS stop or start sites were identified for sequence SRR12683160.7.1, skipping.
11-04 21:41 root         DEBUG    No ITS stop or start sites were identified for sequence SRR12683160.25.1, skipping.
11-04 21:41 root         DEBUG    No ITS stop or start sites were identified for sequence SRR12683160.40.1, skipping.
11-04 21:41 root         DEBUG    No ITS stop or start sites were identified for sequence SRR12683160.91.1, skipping.
11-04 21:41 root         DEBUG    No ITS stop or start sites were identified for sequence SRR12683160.7.1, skipping.
11-04 21:41 root         DEBUG    No ITS stop or start sites were identified for sequence SRR12683160.108.1, skipping.
11-04 21:41 root         DEBUG    No ITS stop or start sites were identified for sequence SRR12683160.110.1, skipping.
11-04 21:41 root         DEBUG    No ITS stop or start sites were identified for sequence SRR12683160.7.1, skipping.
11-04 21:41 root         DEBUG    No ITS stop or start sites were identified for sequence SRR12683160.112.1, skipping.
11-04 21:41 root         DEBUG    No ITS stop or start sites were identified for sequence SRR12683160.7.1, skipping.
11-04 21:41 root         DEBUG    No ITS stop or start sites were identified for sequence SRR12683160.115.1, skipping.
11-04 21:41 root         DEBUG    No ITS stop or start sites were identified for sequence SRR12683160.116.1, skipping.
11-04 21:41 root         DEBUG    No ITS stop or start sites were identified for sequence SRR12683160.117.1, skipping.
11-04 21:41 root         DEBUG    No ITS stop or start sites were identified for sequence SRR12683160.118.1, skipping.
11-04 21:41 root         DEBUG    No ITS stop or start sites were identified for sequence SRR12683160.121.1, skipping.
11-04 21:41 root         DEBUG    No ITS stop or start sites were identified for sequence SRR12683160.123.1, skipping.
11-04 21:41 root         DEBUG    No ITS stop or start sites were identified for sequence SRR12683160.25.1, skipping.
11-04 21:41 root         DEBUG    No ITS stop or start sites were identified for sequence SRR12683160.125.1, skipping.
11-04 21:41 root         DEBUG    No ITS stop or start sites were identified for sequence SRR12683160.127.1, skipping.
11-04 21:41 root         DEBUG    No ITS stop or start sites were identified for sequence SRR12683160.7.1, skipping.
11-04 21:41 root         DEBUG    No ITS stop or start sites were identified for sequence SRR12683160.26.1, skipping.
11-04 21:41 root         DEBUG    No ITS stop or start sites were identified for sequence SRR12683160.132.1, skipping.
11-04 21:41 root         DEBUG    No ITS stop or start sites were identified for sequence SRR12683160.7.1, skipping.
11-04 21:41 root         DEBUG    No ITS stop or start sites were identified for sequence SRR12683160.135.1, skipping.
11-04 21:41 root         DEBUG    No ITS stop or start sites were identified for sequence SRR12683160.7.1, skipping.
11-04 21:41 root         DEBUG    No ITS stop or start sites were identified for sequence SRR12683160.7.1, skipping.
11-04 21:41 root         DEBUG    No ITS stop or start sites were identified for sequence SRR12683160.7.1, skipping.
11-04 21:41 root         DEBUG    No ITS stop or start sites were identified for sequence SRR12683160.142.1, skipping.
11-04 21:41 root         DEBUG    No ITS stop or start sites were identified for sequence SRR12683160.143.1, skipping.
11-04 21:41 root         DEBUG    No ITS stop or start sites were identified for sequence SRR12683160.25.1, skipping.
11-04 21:41 root         DEBUG    No ITS stop or start sites were identified for sequence SRR12683160.146.1, skipping.
11-04 21:41 root         DEBUG    No ITS stop or start sites were identified for sequence SRR12683160.7.1, skipping.
11-04 21:41 root         INFO     ITSxpress ran in 00:00:01
