11-04 21:35 root         INFO     Verifying the input sequences.
11-04 21:35 root         INFO     Sequences are assumed to be single-end.
11-04 21:35 root         INFO     Temporary directory is: /tmp/itsxpress_qcljrabd
11-04 21:35 root         INFO     Unique sequences are being written to a temporary FASTA file with Vsearch.
11-04 21:35 root         INFO     vsearch v2.7.1_linux_x86_64, 15.6GB RAM, 4 cores
https://github.com/torognes/vsearch

Reading file SRR12683127_pass_1.fastq.gz 100%
204451 nt in 815 seqs, min 35, max 301, avg 251
Dereplicating 100%
Sorting 100%
640 unique sequences, avg cluster 1.3, median 1, max 64
Writing output file 100%
Writing uc file, first part 100%
Writing uc file, second part 100%

11-04 21:35 root         INFO     Searching for ITS start and stop sites using HMMSearch. This step takes a while.
11-04 21:35 root         INFO     Parsing HMM results.
11-04 21:35 root         INFO     Writing out sequences
11-04 21:35 root         DEBUG    No ITS stop or start sites were identified for sequence SRR12683127.2.1, skipping.
11-04 21:35 root         DEBUG    No ITS stop or start sites were identified for sequence SRR12683127.9.1, skipping.
11-04 21:35 root         DEBUG    No ITS stop or start sites were identified for sequence SRR12683127.10.1, skipping.
11-04 21:35 root         DEBUG    No ITS stop or start sites were identified for sequence SRR12683127.9.1, skipping.
11-04 21:35 root         DEBUG    No ITS stop or start sites were identified for sequence SRR12683127.9.1, skipping.
11-04 21:35 root         DEBUG    No ITS stop or start sites were identified for sequence SRR12683127.18.1, skipping.
11-04 21:35 root         DEBUG    No ITS stop or start sites were identified for sequence SRR12683127.24.1, skipping.
11-04 21:35 root         DEBUG    No ITS stop or start sites were identified for sequence SRR12683127.9.1, skipping.
11-04 21:35 root         DEBUG    No ITS stop or start sites were identified for sequence SRR12683127.36.1, skipping.
11-04 21:35 root         DEBUG    No ITS stop or start sites were identified for sequence SRR12683127.38.1, skipping.
11-04 21:35 root         DEBUG    No ITS stop or start sites were identified for sequence SRR12683127.39.1, skipping.
11-04 21:35 root         DEBUG    No ITS stop or start sites were identified for sequence SRR12683127.41.1, skipping.
11-04 21:35 root         DEBUG    No ITS stop or start sites were identified for sequence SRR12683127.42.1, skipping.
11-04 21:35 root         DEBUG    No ITS stop or start sites were identified for sequence SRR12683127.9.1, skipping.
11-04 21:35 root         DEBUG    No ITS stop or start sites were identified for sequence SRR12683127.51.1, skipping.
11-04 21:35 root         DEBUG    No ITS stop or start sites were identified for sequence SRR12683127.9.1, skipping.
11-04 21:35 root         DEBUG    No ITS stop or start sites were identified for sequence SRR12683127.59.1, skipping.
11-04 21:35 root         DEBUG    No ITS stop or start sites were identified for sequence SRR12683127.63.1, skipping.
11-04 21:35 root         DEBUG    No ITS stop or start sites were identified for sequence SRR12683127.69.1, skipping.
11-04 21:35 root         DEBUG    No ITS stop or start sites were identified for sequence SRR12683127.77.1, skipping.
11-04 21:35 root         DEBUG    No ITS stop or start sites were identified for sequence SRR12683127.59.1, skipping.
11-04 21:35 root         DEBUG    No ITS stop or start sites were identified for sequence SRR12683127.9.1, skipping.
11-04 21:35 root         DEBUG    No ITS stop or start sites were identified for sequence SRR12683127.77.1, skipping.
11-04 21:35 root         DEBUG    No ITS stop or start sites were identified for sequence SRR12683127.93.1, skipping.
11-04 21:35 root         DEBUG    No ITS stop or start sites were identified for sequence SRR12683127.9.1, skipping.
11-04 21:35 root         DEBUG    No ITS stop or start sites were identified for sequence SRR12683127.107.1, skipping.
11-04 21:35 root         DEBUG    No ITS stop or start sites were identified for sequence SRR12683127.9.1, skipping.
11-04 21:35 root         DEBUG    No ITS stop or start sites were identified for sequence SRR12683127.118.1, skipping.
11-04 21:35 root         DEBUG    No ITS stop or start sites were identified for sequence SRR12683127.9.1, skipping.
11-04 21:35 root         DEBUG    No ITS stop or start sites were identified for sequence SRR12683127.123.1, skipping.
11-04 21:35 root         DEBUG    No ITS stop or start sites were identified for sequence SRR12683127.77.1, skipping.
11-04 21:35 root         DEBUG    No ITS stop or start sites were identified for sequence SRR12683127.10.1, skipping.
11-04 21:35 root         DEBUG    No ITS stop or start sites were identified for sequence SRR12683127.145.1, skipping.
11-04 21:35 root         DEBUG    No ITS stop or start sites were identified for sequence SRR12683127.9.1, skipping.
11-04 21:35 root         DEBUG    No ITS stop or start sites were identified for sequence SRR12683127.152.1, skipping.
11-04 21:35 root         DEBUG    No ITS stop or start sites were identified for sequence SRR12683127.59.1, skipping.
11-04 21:35 root         DEBUG    No ITS stop or start sites were identified for sequence SRR12683127.10.1, skipping.
11-04 21:35 root         DEBUG    No ITS stop or start sites were identified for sequence SRR12683127.9.1, skipping.
11-04 21:35 root         DEBUG    No ITS stop or start sites were identified for sequence SRR12683127.10.1, skipping.
11-04 21:35 root         DEBUG    No ITS stop or start sites were identified for sequence SRR12683127.185.1, skipping.
11-04 21:35 root         DEBUG    No ITS stop or start sites were identified for sequence SRR12683127.186.1, skipping.
11-04 21:35 root         DEBUG    No ITS stop or start sites were identified for sequence SRR12683127.9.1, skipping.
11-04 21:35 root         DEBUG    No ITS stop or start sites were identified for sequence SRR12683127.9.1, skipping.
11-04 21:35 root         DEBUG    No ITS stop or start sites were identified for sequence SRR12683127.190.1, skipping.
11-04 21:35 root         DEBUG    No ITS stop or start sites were identified for sequence SRR12683127.200.1, skipping.
11-04 21:35 root         DEBUG    No ITS stop or start sites were identified for sequence SRR12683127.201.1, skipping.
11-04 21:35 root         DEBUG    No ITS stop or start sites were identified for sequence SRR12683127.202.1, skipping.
11-04 21:35 root         DEBUG    No ITS stop or start sites were identified for sequence SRR12683127.205.1, skipping.
11-04 21:35 root         DEBUG    No ITS stop or start sites were identified for sequence SRR12683127.118.1, skipping.
11-04 21:35 root         DEBUG    No ITS stop or start sites were identified for sequence SRR12683127.208.1, skipping.
11-04 21:35 root         DEBUG    No ITS stop or start sites were identified for sequence SRR12683127.10.1, skipping.
11-04 21:35 root         DEBUG    No ITS stop or start sites were identified for sequence SRR12683127.9.1, skipping.
11-04 21:35 root         DEBUG    No ITS stop or start sites were identified for sequence SRR12683127.224.1, skipping.
11-04 21:35 root         DEBUG    No ITS stop or start sites were identified for sequence SRR12683127.9.1, skipping.
11-04 21:35 root         DEBUG    No ITS stop or start sites were identified for sequence SRR12683127.9.1, skipping.
11-04 21:35 root         DEBUG    No ITS stop or start sites were identified for sequence SRR12683127.230.1, skipping.
11-04 21:35 root         DEBUG    No ITS stop or start sites were identified for sequence SRR12683127.233.1, skipping.
11-04 21:35 root         DEBUG    No ITS stop or start sites were identified for sequence SRR12683127.234.1, skipping.
11-04 21:35 root         DEBUG    No ITS stop or start sites were identified for sequence SRR12683127.239.1, skipping.
11-04 21:35 root         DEBUG    No ITS stop or start sites were identified for sequence SRR12683127.10.1, skipping.
11-04 21:35 root         DEBUG    No ITS stop or start sites were identified for sequence SRR12683127.248.1, skipping.
11-04 21:35 root         DEBUG    No ITS stop or start sites were identified for sequence SRR12683127.59.1, skipping.
11-04 21:35 root         DEBUG    No ITS stop or start sites were identified for sequence SRR12683127.250.1, skipping.
11-04 21:35 root         DEBUG    No ITS stop or start sites were identified for sequence SRR12683127.10.1, skipping.
11-04 21:35 root         DEBUG    No ITS stop or start sites were identified for sequence SRR12683127.9.1, skipping.
11-04 21:35 root         DEBUG    No ITS stop or start sites were identified for sequence SRR12683127.265.1, skipping.
11-04 21:35 root         DEBUG    No ITS stop or start sites were identified for sequence SRR12683127.269.1, skipping.
11-04 21:35 root         DEBUG    No ITS stop or start sites were identified for sequence SRR12683127.270.1, skipping.
11-04 21:35 root         DEBUG    No ITS stop or start sites were identified for sequence SRR12683127.272.1, skipping.
11-04 21:35 root         DEBUG    No ITS stop or start sites were identified for sequence SRR12683127.9.1, skipping.
11-04 21:35 root         DEBUG    No ITS stop or start sites were identified for sequence SRR12683127.274.1, skipping.
11-04 21:35 root         DEBUG    No ITS stop or start sites were identified for sequence SRR12683127.277.1, skipping.
11-04 21:35 root         DEBUG    No ITS stop or start sites were identified for sequence SRR12683127.9.1, skipping.
11-04 21:35 root         DEBUG    No ITS stop or start sites were identified for sequence SRR12683127.9.1, skipping.
11-04 21:35 root         DEBUG    No ITS stop or start sites were identified for sequence SRR12683127.59.1, skipping.
11-04 21:35 root         DEBUG    No ITS stop or start sites were identified for sequence SRR12683127.145.1, skipping.
11-04 21:35 root         DEBUG    No ITS stop or start sites were identified for sequence SRR12683127.9.1, skipping.
11-04 21:35 root         DEBUG    No ITS stop or start sites were identified for sequence SRR12683127.10.1, skipping.
11-04 21:35 root         DEBUG    No ITS stop or start sites were identified for sequence SRR12683127.10.1, skipping.
11-04 21:35 root         DEBUG    No ITS stop or start sites were identified for sequence SRR12683127.77.1, skipping.
11-04 21:35 root         DEBUG    No ITS stop or start sites were identified for sequence SRR12683127.9.1, skipping.
11-04 21:35 root         DEBUG    No ITS stop or start sites were identified for sequence SRR12683127.9.1, skipping.
11-04 21:35 root         DEBUG    No ITS stop or start sites were identified for sequence SRR12683127.306.1, skipping.
11-04 21:35 root         DEBUG    No ITS stop or start sites were identified for sequence SRR12683127.9.1, skipping.
11-04 21:35 root         DEBUG    No ITS stop or start sites were identified for sequence SRR12683127.309.1, skipping.
11-04 21:35 root         DEBUG    No ITS stop or start sites were identified for sequence SRR12683127.312.1, skipping.
11-04 21:35 root         DEBUG    No ITS stop or start sites were identified for sequence SRR12683127.316.1, skipping.
11-04 21:35 root         DEBUG    No ITS stop or start sites were identified for sequence SRR12683127.321.1, skipping.
11-04 21:35 root         DEBUG    No ITS stop or start sites were identified for sequence SRR12683127.77.1, skipping.
11-04 21:35 root         DEBUG    No ITS stop or start sites were identified for sequence SRR12683127.9.1, skipping.
11-04 21:35 root         DEBUG    No ITS stop or start sites were identified for sequence SRR12683127.9.1, skipping.
11-04 21:35 root         DEBUG    No ITS stop or start sites were identified for sequence SRR12683127.10.1, skipping.
11-04 21:35 root         DEBUG    No ITS stop or start sites were identified for sequence SRR12683127.333.1, skipping.
11-04 21:35 root         DEBUG    No ITS stop or start sites were identified for sequence SRR12683127.10.1, skipping.
11-04 21:35 root         DEBUG    No ITS stop or start sites were identified for sequence SRR12683127.77.1, skipping.
11-04 21:35 root         DEBUG    No ITS stop or start sites were identified for sequence SRR12683127.42.1, skipping.
11-04 21:35 root         DEBUG    No ITS stop or start sites were identified for sequence SRR12683127.9.1, skipping.
11-04 21:35 root         DEBUG    No ITS stop or start sites were identified for sequence SRR12683127.9.1, skipping.
11-04 21:35 root         DEBUG    No ITS stop or start sites were identified for sequence SRR12683127.358.1, skipping.
11-04 21:35 root         DEBUG    No ITS stop or start sites were identified for sequence SRR12683127.10.1, skipping.
11-04 21:35 root         DEBUG    No ITS stop or start sites were identified for sequence SRR12683127.363.1, skipping.
11-04 21:35 root         DEBUG    No ITS stop or start sites were identified for sequence SRR12683127.364.1, skipping.
11-04 21:35 root         DEBUG    No ITS stop or start sites were identified for sequence SRR12683127.369.1, skipping.
11-04 21:35 root         DEBUG    No ITS stop or start sites were identified for sequence SRR12683127.9.1, skipping.
11-04 21:35 root         DEBUG    No ITS stop or start sites were identified for sequence SRR12683127.9.1, skipping.
11-04 21:35 root         DEBUG    No ITS stop or start sites were identified for sequence SRR12683127.9.1, skipping.
11-04 21:35 root         DEBUG    No ITS stop or start sites were identified for sequence SRR12683127.10.1, skipping.
11-04 21:35 root         DEBUG    No ITS stop or start sites were identified for sequence SRR12683127.59.1, skipping.
11-04 21:35 root         DEBUG    No ITS stop or start sites were identified for sequence SRR12683127.396.1, skipping.
11-04 21:35 root         DEBUG    No ITS stop or start sites were identified for sequence SRR12683127.42.1, skipping.
11-04 21:35 root         DEBUG    No ITS stop or start sites were identified for sequence SRR12683127.9.1, skipping.
11-04 21:35 root         DEBUG    No ITS stop or start sites were identified for sequence SRR12683127.9.1, skipping.
11-04 21:35 root         DEBUG    No ITS stop or start sites were identified for sequence SRR12683127.414.1, skipping.
11-04 21:35 root         DEBUG    No ITS stop or start sites were identified for sequence SRR12683127.430.1, skipping.
11-04 21:35 root         DEBUG    No ITS stop or start sites were identified for sequence SRR12683127.433.1, skipping.
11-04 21:35 root         DEBUG    No ITS stop or start sites were identified for sequence SRR12683127.10.1, skipping.
11-04 21:35 root         DEBUG    No ITS stop or start sites were identified for sequence SRR12683127.10.1, skipping.
11-04 21:35 root         DEBUG    No ITS stop or start sites were identified for sequence SRR12683127.9.1, skipping.
11-04 21:35 root         DEBUG    No ITS stop or start sites were identified for sequence SRR12683127.9.1, skipping.
11-04 21:35 root         DEBUG    No ITS stop or start sites were identified for sequence SRR12683127.9.1, skipping.
11-04 21:35 root         DEBUG    No ITS stop or start sites were identified for sequence SRR12683127.9.1, skipping.
11-04 21:35 root         DEBUG    No ITS stop or start sites were identified for sequence SRR12683127.9.1, skipping.
11-04 21:35 root         DEBUG    No ITS stop or start sites were identified for sequence SRR12683127.9.1, skipping.
11-04 21:35 root         DEBUG    No ITS stop or start sites were identified for sequence SRR12683127.463.1, skipping.
11-04 21:35 root         DEBUG    No ITS stop or start sites were identified for sequence SRR12683127.9.1, skipping.
11-04 21:35 root         DEBUG    No ITS stop or start sites were identified for sequence SRR12683127.9.1, skipping.
11-04 21:35 root         DEBUG    No ITS stop or start sites were identified for sequence SRR12683127.9.1, skipping.
11-04 21:35 root         DEBUG    No ITS stop or start sites were identified for sequence SRR12683127.471.1, skipping.
11-04 21:35 root         DEBUG    No ITS stop or start sites were identified for sequence SRR12683127.9.1, skipping.
11-04 21:35 root         DEBUG    No ITS stop or start sites were identified for sequence SRR12683127.145.1, skipping.
11-04 21:35 root         DEBUG    No ITS stop or start sites were identified for sequence SRR12683127.10.1, skipping.
11-04 21:35 root         DEBUG    No ITS stop or start sites were identified for sequence SRR12683127.9.1, skipping.
11-04 21:35 root         DEBUG    No ITS stop or start sites were identified for sequence SRR12683127.483.1, skipping.
11-04 21:35 root         DEBUG    No ITS stop or start sites were identified for sequence SRR12683127.118.1, skipping.
11-04 21:35 root         DEBUG    No ITS stop or start sites were identified for sequence SRR12683127.77.1, skipping.
11-04 21:35 root         DEBUG    No ITS stop or start sites were identified for sequence SRR12683127.9.1, skipping.
11-04 21:35 root         DEBUG    No ITS stop or start sites were identified for sequence SRR12683127.499.1, skipping.
11-04 21:35 root         DEBUG    No ITS stop or start sites were identified for sequence SRR12683127.506.1, skipping.
11-04 21:35 root         DEBUG    No ITS stop or start sites were identified for sequence SRR12683127.511.1, skipping.
11-04 21:35 root         DEBUG    No ITS stop or start sites were identified for sequence SRR12683127.514.1, skipping.
11-04 21:35 root         DEBUG    No ITS stop or start sites were identified for sequence SRR12683127.9.1, skipping.
11-04 21:35 root         DEBUG    No ITS stop or start sites were identified for sequence SRR12683127.9.1, skipping.
11-04 21:35 root         DEBUG    No ITS stop or start sites were identified for sequence SRR12683127.59.1, skipping.
11-04 21:35 root         DEBUG    No ITS stop or start sites were identified for sequence SRR12683127.9.1, skipping.
11-04 21:35 root         DEBUG    No ITS stop or start sites were identified for sequence SRR12683127.9.1, skipping.
11-04 21:35 root         DEBUG    No ITS stop or start sites were identified for sequence SRR12683127.544.1, skipping.
11-04 21:35 root         DEBUG    No ITS stop or start sites were identified for sequence SRR12683127.77.1, skipping.
11-04 21:35 root         DEBUG    No ITS stop or start sites were identified for sequence SRR12683127.9.1, skipping.
11-04 21:35 root         DEBUG    No ITS stop or start sites were identified for sequence SRR12683127.77.1, skipping.
11-04 21:35 root         DEBUG    No ITS stop or start sites were identified for sequence SRR12683127.10.1, skipping.
11-04 21:35 root         DEBUG    No ITS stop or start sites were identified for sequence SRR12683127.10.1, skipping.
11-04 21:35 root         DEBUG    No ITS stop or start sites were identified for sequence SRR12683127.363.1, skipping.
11-04 21:35 root         DEBUG    No ITS stop or start sites were identified for sequence SRR12683127.575.1, skipping.
11-04 21:35 root         DEBUG    No ITS stop or start sites were identified for sequence SRR12683127.9.1, skipping.
11-04 21:35 root         DEBUG    No ITS stop or start sites were identified for sequence SRR12683127.9.1, skipping.
11-04 21:35 root         DEBUG    No ITS stop or start sites were identified for sequence SRR12683127.277.1, skipping.
11-04 21:35 root         DEBUG    No ITS stop or start sites were identified for sequence SRR12683127.592.1, skipping.
11-04 21:35 root         DEBUG    No ITS stop or start sites were identified for sequence SRR12683127.77.1, skipping.
11-04 21:35 root         DEBUG    No ITS stop or start sites were identified for sequence SRR12683127.9.1, skipping.
11-04 21:35 root         DEBUG    No ITS stop or start sites were identified for sequence SRR12683127.600.1, skipping.
11-04 21:35 root         DEBUG    No ITS stop or start sites were identified for sequence SRR12683127.9.1, skipping.
11-04 21:35 root         DEBUG    No ITS stop or start sites were identified for sequence SRR12683127.363.1, skipping.
11-04 21:35 root         DEBUG    No ITS stop or start sites were identified for sequence SRR12683127.613.1, skipping.
11-04 21:35 root         DEBUG    No ITS stop or start sites were identified for sequence SRR12683127.616.1, skipping.
11-04 21:35 root         DEBUG    No ITS stop or start sites were identified for sequence SRR12683127.618.1, skipping.
11-04 21:35 root         DEBUG    No ITS stop or start sites were identified for sequence SRR12683127.107.1, skipping.
11-04 21:35 root         DEBUG    No ITS stop or start sites were identified for sequence SRR12683127.651.1, skipping.
11-04 21:35 root         DEBUG    No ITS stop or start sites were identified for sequence SRR12683127.9.1, skipping.
11-04 21:35 root         DEBUG    No ITS stop or start sites were identified for sequence SRR12683127.9.1, skipping.
11-04 21:35 root         DEBUG    No ITS stop or start sites were identified for sequence SRR12683127.9.1, skipping.
11-04 21:35 root         DEBUG    No ITS stop or start sites were identified for sequence SRR12683127.59.1, skipping.
11-04 21:35 root         DEBUG    No ITS stop or start sites were identified for sequence SRR12683127.690.1, skipping.
11-04 21:35 root         DEBUG    No ITS stop or start sites were identified for sequence SRR12683127.698.1, skipping.
11-04 21:35 root         DEBUG    No ITS stop or start sites were identified for sequence SRR12683127.706.1, skipping.
11-04 21:35 root         DEBUG    No ITS stop or start sites were identified for sequence SRR12683127.724.1, skipping.
11-04 21:35 root         DEBUG    No ITS stop or start sites were identified for sequence SRR12683127.77.1, skipping.
11-04 21:35 root         DEBUG    No ITS stop or start sites were identified for sequence SRR12683127.743.1, skipping.
11-04 21:35 root         DEBUG    No ITS stop or start sites were identified for sequence SRR12683127.59.1, skipping.
11-04 21:35 root         DEBUG    No ITS stop or start sites were identified for sequence SRR12683127.746.1, skipping.
11-04 21:35 root         DEBUG    No ITS stop or start sites were identified for sequence SRR12683127.9.1, skipping.
11-04 21:35 root         DEBUG    No ITS stop or start sites were identified for sequence SRR12683127.9.1, skipping.
11-04 21:35 root         DEBUG    No ITS stop or start sites were identified for sequence SRR12683127.9.1, skipping.
11-04 21:35 root         DEBUG    No ITS stop or start sites were identified for sequence SRR12683127.9.1, skipping.
11-04 21:35 root         DEBUG    No ITS stop or start sites were identified for sequence SRR12683127.766.1, skipping.
11-04 21:35 root         DEBUG    No ITS stop or start sites were identified for sequence SRR12683127.776.1, skipping.
11-04 21:35 root         DEBUG    No ITS stop or start sites were identified for sequence SRR12683127.272.1, skipping.
11-04 21:35 root         DEBUG    No ITS stop or start sites were identified for sequence SRR12683127.41.1, skipping.
11-04 21:35 root         DEBUG    No ITS stop or start sites were identified for sequence SRR12683127.9.1, skipping.
11-04 21:35 root         DEBUG    No ITS stop or start sites were identified for sequence SRR12683127.2.1, skipping.
11-04 21:35 root         DEBUG    No ITS stop or start sites were identified for sequence SRR12683127.118.1, skipping.
11-04 21:35 root         DEBUG    No ITS stop or start sites were identified for sequence SRR12683127.10.1, skipping.
11-04 21:35 root         DEBUG    No ITS stop or start sites were identified for sequence SRR12683127.796.1, skipping.
11-04 21:35 root         DEBUG    No ITS stop or start sites were identified for sequence SRR12683127.9.1, skipping.
11-04 21:35 root         DEBUG    No ITS stop or start sites were identified for sequence SRR12683127.803.1, skipping.
11-04 21:35 root         DEBUG    No ITS stop or start sites were identified for sequence SRR12683127.59.1, skipping.
11-04 21:35 root         INFO     ITSxpress ran in 00:00:10
