11-05 13:11 root         INFO     Verifying the input sequences.
11-05 13:11 root         INFO     Sequences are assumed to be single-end.
11-05 13:11 root         INFO     Temporary directory is: /tmp/itsxpress_tnvhwowu
11-05 13:11 root         INFO     Unique sequences are being written to a temporary FASTA file with Vsearch.
11-05 13:11 root         INFO     vsearch v2.7.1_linux_x86_64, 15.6GB RAM, 4 cores
https://github.com/torognes/vsearch

Reading file SRR12683220_pass_1.fastq.gz 100%
150954 nt in 503 seqs, min 80, max 301, avg 300
Dereplicating 100%
Sorting 100%
357 unique sequences, avg cluster 1.4, median 1, max 33
Writing output file 100%
Writing uc file, first part 100%
Writing uc file, second part 100%

11-05 13:11 root         INFO     Searching for ITS start and stop sites using HMMSearch. This step takes a while.
11-05 13:11 root         INFO     Parsing HMM results.
11-05 13:11 root         INFO     Writing out sequences
11-05 13:11 root         DEBUG    No ITS stop or start sites were identified for sequence SRR12683220.1.1, skipping.
11-05 13:11 root         DEBUG    No ITS stop or start sites were identified for sequence SRR12683220.2.1, skipping.
11-05 13:11 root         DEBUG    No ITS stop or start sites were identified for sequence SRR12683220.3.1, skipping.
11-05 13:11 root         DEBUG    No ITS stop or start sites were identified for sequence SRR12683220.4.1, skipping.
11-05 13:11 root         DEBUG    No ITS stop or start sites were identified for sequence SRR12683220.8.1, skipping.
11-05 13:11 root         DEBUG    No ITS stop or start sites were identified for sequence SRR12683220.2.1, skipping.
11-05 13:11 root         DEBUG    No ITS stop or start sites were identified for sequence SRR12683220.10.1, skipping.
11-05 13:11 root         DEBUG    No ITS stop or start sites were identified for sequence SRR12683220.11.1, skipping.
11-05 13:11 root         DEBUG    No ITS stop or start sites were identified for sequence SRR12683220.12.1, skipping.
11-05 13:11 root         DEBUG    No ITS stop or start sites were identified for sequence SRR12683220.13.1, skipping.
11-05 13:11 root         DEBUG    No ITS stop or start sites were identified for sequence SRR12683220.2.1, skipping.
11-05 13:11 root         DEBUG    No ITS stop or start sites were identified for sequence SRR12683220.15.1, skipping.
11-05 13:11 root         DEBUG    No ITS stop or start sites were identified for sequence SRR12683220.2.1, skipping.
11-05 13:11 root         DEBUG    No ITS stop or start sites were identified for sequence SRR12683220.17.1, skipping.
11-05 13:11 root         DEBUG    No ITS stop or start sites were identified for sequence SRR12683220.18.1, skipping.
11-05 13:11 root         DEBUG    No ITS stop or start sites were identified for sequence SRR12683220.19.1, skipping.
11-05 13:11 root         DEBUG    No ITS stop or start sites were identified for sequence SRR12683220.20.1, skipping.
11-05 13:11 root         DEBUG    No ITS stop or start sites were identified for sequence SRR12683220.21.1, skipping.
11-05 13:11 root         DEBUG    No ITS stop or start sites were identified for sequence SRR12683220.23.1, skipping.
11-05 13:11 root         DEBUG    No ITS stop or start sites were identified for sequence SRR12683220.24.1, skipping.
11-05 13:11 root         DEBUG    No ITS stop or start sites were identified for sequence SRR12683220.24.1, skipping.
11-05 13:11 root         DEBUG    No ITS stop or start sites were identified for sequence SRR12683220.26.1, skipping.
11-05 13:11 root         DEBUG    No ITS stop or start sites were identified for sequence SRR12683220.2.1, skipping.
11-05 13:11 root         DEBUG    No ITS stop or start sites were identified for sequence SRR12683220.28.1, skipping.
11-05 13:11 root         DEBUG    No ITS stop or start sites were identified for sequence SRR12683220.32.1, skipping.
11-05 13:11 root         DEBUG    No ITS stop or start sites were identified for sequence SRR12683220.32.1, skipping.
11-05 13:11 root         DEBUG    No ITS stop or start sites were identified for sequence SRR12683220.32.1, skipping.
11-05 13:11 root         DEBUG    No ITS stop or start sites were identified for sequence SRR12683220.2.1, skipping.
11-05 13:11 root         DEBUG    No ITS stop or start sites were identified for sequence SRR12683220.36.1, skipping.
11-05 13:11 root         DEBUG    No ITS stop or start sites were identified for sequence SRR12683220.32.1, skipping.
11-05 13:11 root         DEBUG    No ITS stop or start sites were identified for sequence SRR12683220.38.1, skipping.
11-05 13:11 root         DEBUG    No ITS stop or start sites were identified for sequence SRR12683220.12.1, skipping.
11-05 13:11 root         DEBUG    No ITS stop or start sites were identified for sequence SRR12683220.11.1, skipping.
11-05 13:11 root         DEBUG    No ITS stop or start sites were identified for sequence SRR12683220.41.1, skipping.
11-05 13:11 root         DEBUG    No ITS stop or start sites were identified for sequence SRR12683220.42.1, skipping.
11-05 13:11 root         DEBUG    No ITS stop or start sites were identified for sequence SRR12683220.43.1, skipping.
11-05 13:11 root         DEBUG    No ITS stop or start sites were identified for sequence SRR12683220.44.1, skipping.
11-05 13:11 root         DEBUG    No ITS stop or start sites were identified for sequence SRR12683220.26.1, skipping.
11-05 13:11 root         DEBUG    No ITS stop or start sites were identified for sequence SRR12683220.46.1, skipping.
11-05 13:11 root         DEBUG    No ITS stop or start sites were identified for sequence SRR12683220.47.1, skipping.
11-05 13:11 root         DEBUG    No ITS stop or start sites were identified for sequence SRR12683220.48.1, skipping.
11-05 13:11 root         DEBUG    No ITS stop or start sites were identified for sequence SRR12683220.32.1, skipping.
11-05 13:11 root         DEBUG    No ITS stop or start sites were identified for sequence SRR12683220.50.1, skipping.
11-05 13:11 root         DEBUG    No ITS stop or start sites were identified for sequence SRR12683220.24.1, skipping.
11-05 13:11 root         DEBUG    No ITS stop or start sites were identified for sequence SRR12683220.52.1, skipping.
11-05 13:11 root         DEBUG    No ITS stop or start sites were identified for sequence SRR12683220.53.1, skipping.
11-05 13:11 root         DEBUG    No ITS stop or start sites were identified for sequence SRR12683220.54.1, skipping.
11-05 13:11 root         DEBUG    No ITS stop or start sites were identified for sequence SRR12683220.12.1, skipping.
11-05 13:11 root         DEBUG    No ITS stop or start sites were identified for sequence SRR12683220.56.1, skipping.
11-05 13:11 root         DEBUG    No ITS stop or start sites were identified for sequence SRR12683220.57.1, skipping.
11-05 13:11 root         DEBUG    No ITS stop or start sites were identified for sequence SRR12683220.2.1, skipping.
11-05 13:11 root         DEBUG    No ITS stop or start sites were identified for sequence SRR12683220.2.1, skipping.
11-05 13:11 root         DEBUG    No ITS stop or start sites were identified for sequence SRR12683220.2.1, skipping.
11-05 13:11 root         DEBUG    No ITS stop or start sites were identified for sequence SRR12683220.67.1, skipping.
11-05 13:11 root         DEBUG    No ITS stop or start sites were identified for sequence SRR12683220.68.1, skipping.
11-05 13:11 root         DEBUG    No ITS stop or start sites were identified for sequence SRR12683220.46.1, skipping.
11-05 13:11 root         DEBUG    No ITS stop or start sites were identified for sequence SRR12683220.71.1, skipping.
11-05 13:11 root         DEBUG    No ITS stop or start sites were identified for sequence SRR12683220.72.1, skipping.
11-05 13:11 root         DEBUG    No ITS stop or start sites were identified for sequence SRR12683220.73.1, skipping.
11-05 13:11 root         DEBUG    No ITS stop or start sites were identified for sequence SRR12683220.74.1, skipping.
11-05 13:11 root         DEBUG    No ITS stop or start sites were identified for sequence SRR12683220.76.1, skipping.
11-05 13:11 root         DEBUG    No ITS stop or start sites were identified for sequence SRR12683220.77.1, skipping.
11-05 13:11 root         DEBUG    No ITS stop or start sites were identified for sequence SRR12683220.79.1, skipping.
11-05 13:11 root         DEBUG    No ITS stop or start sites were identified for sequence SRR12683220.32.1, skipping.
11-05 13:11 root         DEBUG    No ITS stop or start sites were identified for sequence SRR12683220.32.1, skipping.
11-05 13:11 root         DEBUG    No ITS stop or start sites were identified for sequence SRR12683220.88.1, skipping.
11-05 13:11 root         DEBUG    No ITS stop or start sites were identified for sequence SRR12683220.89.1, skipping.
11-05 13:11 root         DEBUG    No ITS stop or start sites were identified for sequence SRR12683220.90.1, skipping.
11-05 13:11 root         DEBUG    No ITS stop or start sites were identified for sequence SRR12683220.11.1, skipping.
11-05 13:11 root         DEBUG    No ITS stop or start sites were identified for sequence SRR12683220.92.1, skipping.
11-05 13:11 root         DEBUG    No ITS stop or start sites were identified for sequence SRR12683220.93.1, skipping.
11-05 13:11 root         DEBUG    No ITS stop or start sites were identified for sequence SRR12683220.95.1, skipping.
11-05 13:11 root         DEBUG    No ITS stop or start sites were identified for sequence SRR12683220.11.1, skipping.
11-05 13:11 root         DEBUG    No ITS stop or start sites were identified for sequence SRR12683220.97.1, skipping.
11-05 13:11 root         DEBUG    No ITS stop or start sites were identified for sequence SRR12683220.98.1, skipping.
11-05 13:11 root         DEBUG    No ITS stop or start sites were identified for sequence SRR12683220.99.1, skipping.
11-05 13:11 root         DEBUG    No ITS stop or start sites were identified for sequence SRR12683220.100.1, skipping.
11-05 13:11 root         DEBUG    No ITS stop or start sites were identified for sequence SRR12683220.101.1, skipping.
11-05 13:11 root         DEBUG    No ITS stop or start sites were identified for sequence SRR12683220.102.1, skipping.
11-05 13:11 root         DEBUG    No ITS stop or start sites were identified for sequence SRR12683220.103.1, skipping.
11-05 13:11 root         DEBUG    No ITS stop or start sites were identified for sequence SRR12683220.24.1, skipping.
11-05 13:11 root         DEBUG    No ITS stop or start sites were identified for sequence SRR12683220.105.1, skipping.
11-05 13:11 root         DEBUG    No ITS stop or start sites were identified for sequence SRR12683220.106.1, skipping.
11-05 13:11 root         DEBUG    No ITS stop or start sites were identified for sequence SRR12683220.32.1, skipping.
11-05 13:11 root         DEBUG    No ITS stop or start sites were identified for sequence SRR12683220.11.1, skipping.
11-05 13:11 root         DEBUG    No ITS stop or start sites were identified for sequence SRR12683220.109.1, skipping.
11-05 13:11 root         DEBUG    No ITS stop or start sites were identified for sequence SRR12683220.110.1, skipping.
11-05 13:11 root         DEBUG    No ITS stop or start sites were identified for sequence SRR12683220.115.1, skipping.
11-05 13:11 root         DEBUG    No ITS stop or start sites were identified for sequence SRR12683220.116.1, skipping.
11-05 13:11 root         DEBUG    No ITS stop or start sites were identified for sequence SRR12683220.117.1, skipping.
11-05 13:11 root         DEBUG    No ITS stop or start sites were identified for sequence SRR12683220.118.1, skipping.
11-05 13:11 root         DEBUG    No ITS stop or start sites were identified for sequence SRR12683220.119.1, skipping.
11-05 13:11 root         DEBUG    No ITS stop or start sites were identified for sequence SRR12683220.120.1, skipping.
11-05 13:11 root         DEBUG    No ITS stop or start sites were identified for sequence SRR12683220.24.1, skipping.
11-05 13:11 root         DEBUG    No ITS stop or start sites were identified for sequence SRR12683220.122.1, skipping.
11-05 13:11 root         DEBUG    No ITS stop or start sites were identified for sequence SRR12683220.123.1, skipping.
11-05 13:11 root         DEBUG    No ITS stop or start sites were identified for sequence SRR12683220.126.1, skipping.
11-05 13:11 root         DEBUG    No ITS stop or start sites were identified for sequence SRR12683220.127.1, skipping.
11-05 13:11 root         DEBUG    No ITS stop or start sites were identified for sequence SRR12683220.128.1, skipping.
11-05 13:11 root         DEBUG    No ITS stop or start sites were identified for sequence SRR12683220.129.1, skipping.
11-05 13:11 root         DEBUG    No ITS stop or start sites were identified for sequence SRR12683220.2.1, skipping.
11-05 13:11 root         DEBUG    No ITS stop or start sites were identified for sequence SRR12683220.131.1, skipping.
11-05 13:11 root         DEBUG    No ITS stop or start sites were identified for sequence SRR12683220.132.1, skipping.
11-05 13:11 root         DEBUG    No ITS stop or start sites were identified for sequence SRR12683220.26.1, skipping.
11-05 13:11 root         DEBUG    No ITS stop or start sites were identified for sequence SRR12683220.134.1, skipping.
11-05 13:11 root         DEBUG    No ITS stop or start sites were identified for sequence SRR12683220.2.1, skipping.
11-05 13:11 root         DEBUG    No ITS stop or start sites were identified for sequence SRR12683220.136.1, skipping.
11-05 13:11 root         DEBUG    No ITS stop or start sites were identified for sequence SRR12683220.137.1, skipping.
11-05 13:11 root         DEBUG    No ITS stop or start sites were identified for sequence SRR12683220.32.1, skipping.
11-05 13:11 root         DEBUG    No ITS stop or start sites were identified for sequence SRR12683220.140.1, skipping.
11-05 13:11 root         DEBUG    No ITS stop or start sites were identified for sequence SRR12683220.143.1, skipping.
11-05 13:11 root         DEBUG    No ITS stop or start sites were identified for sequence SRR12683220.144.1, skipping.
11-05 13:11 root         DEBUG    No ITS stop or start sites were identified for sequence SRR12683220.26.1, skipping.
11-05 13:11 root         DEBUG    No ITS stop or start sites were identified for sequence SRR12683220.26.1, skipping.
11-05 13:11 root         DEBUG    No ITS stop or start sites were identified for sequence SRR12683220.26.1, skipping.
11-05 13:11 root         DEBUG    No ITS stop or start sites were identified for sequence SRR12683220.73.1, skipping.
11-05 13:11 root         DEBUG    No ITS stop or start sites were identified for sequence SRR12683220.151.1, skipping.
11-05 13:11 root         DEBUG    No ITS stop or start sites were identified for sequence SRR12683220.152.1, skipping.
11-05 13:11 root         DEBUG    No ITS stop or start sites were identified for sequence SRR12683220.153.1, skipping.
11-05 13:11 root         DEBUG    No ITS stop or start sites were identified for sequence SRR12683220.154.1, skipping.
11-05 13:11 root         DEBUG    No ITS stop or start sites were identified for sequence SRR12683220.155.1, skipping.
11-05 13:11 root         DEBUG    No ITS stop or start sites were identified for sequence SRR12683220.161.1, skipping.
11-05 13:11 root         DEBUG    No ITS stop or start sites were identified for sequence SRR12683220.162.1, skipping.
11-05 13:11 root         DEBUG    No ITS stop or start sites were identified for sequence SRR12683220.163.1, skipping.
11-05 13:11 root         DEBUG    No ITS stop or start sites were identified for sequence SRR12683220.2.1, skipping.
11-05 13:11 root         DEBUG    No ITS stop or start sites were identified for sequence SRR12683220.166.1, skipping.
11-05 13:11 root         DEBUG    No ITS stop or start sites were identified for sequence SRR12683220.167.1, skipping.
11-05 13:11 root         DEBUG    No ITS stop or start sites were identified for sequence SRR12683220.168.1, skipping.
11-05 13:11 root         DEBUG    No ITS stop or start sites were identified for sequence SRR12683220.169.1, skipping.
11-05 13:11 root         DEBUG    No ITS stop or start sites were identified for sequence SRR12683220.170.1, skipping.
11-05 13:11 root         DEBUG    No ITS stop or start sites were identified for sequence SRR12683220.12.1, skipping.
11-05 13:11 root         DEBUG    No ITS stop or start sites were identified for sequence SRR12683220.2.1, skipping.
11-05 13:11 root         DEBUG    No ITS stop or start sites were identified for sequence SRR12683220.32.1, skipping.
11-05 13:11 root         DEBUG    No ITS stop or start sites were identified for sequence SRR12683220.175.1, skipping.
11-05 13:11 root         DEBUG    No ITS stop or start sites were identified for sequence SRR12683220.176.1, skipping.
11-05 13:11 root         DEBUG    No ITS stop or start sites were identified for sequence SRR12683220.32.1, skipping.
11-05 13:11 root         DEBUG    No ITS stop or start sites were identified for sequence SRR12683220.12.1, skipping.
11-05 13:11 root         DEBUG    No ITS stop or start sites were identified for sequence SRR12683220.180.1, skipping.
11-05 13:11 root         DEBUG    No ITS stop or start sites were identified for sequence SRR12683220.12.1, skipping.
11-05 13:11 root         DEBUG    No ITS stop or start sites were identified for sequence SRR12683220.74.1, skipping.
11-05 13:11 root         DEBUG    No ITS stop or start sites were identified for sequence SRR12683220.183.1, skipping.
11-05 13:11 root         DEBUG    No ITS stop or start sites were identified for sequence SRR12683220.184.1, skipping.
11-05 13:11 root         DEBUG    No ITS stop or start sites were identified for sequence SRR12683220.185.1, skipping.
11-05 13:11 root         DEBUG    No ITS stop or start sites were identified for sequence SRR12683220.191.1, skipping.
11-05 13:11 root         DEBUG    No ITS stop or start sites were identified for sequence SRR12683220.192.1, skipping.
11-05 13:11 root         DEBUG    No ITS stop or start sites were identified for sequence SRR12683220.193.1, skipping.
11-05 13:11 root         DEBUG    No ITS stop or start sites were identified for sequence SRR12683220.194.1, skipping.
11-05 13:11 root         DEBUG    No ITS stop or start sites were identified for sequence SRR12683220.195.1, skipping.
11-05 13:11 root         DEBUG    No ITS stop or start sites were identified for sequence SRR12683220.2.1, skipping.
11-05 13:11 root         DEBUG    No ITS stop or start sites were identified for sequence SRR12683220.197.1, skipping.
11-05 13:11 root         DEBUG    No ITS stop or start sites were identified for sequence SRR12683220.198.1, skipping.
11-05 13:11 root         DEBUG    No ITS stop or start sites were identified for sequence SRR12683220.199.1, skipping.
11-05 13:11 root         DEBUG    No ITS stop or start sites were identified for sequence SRR12683220.32.1, skipping.
11-05 13:11 root         DEBUG    No ITS stop or start sites were identified for sequence SRR12683220.204.1, skipping.
11-05 13:11 root         DEBUG    No ITS stop or start sites were identified for sequence SRR12683220.207.1, skipping.
11-05 13:11 root         DEBUG    No ITS stop or start sites were identified for sequence SRR12683220.208.1, skipping.
11-05 13:11 root         DEBUG    No ITS stop or start sites were identified for sequence SRR12683220.74.1, skipping.
11-05 13:11 root         DEBUG    No ITS stop or start sites were identified for sequence SRR12683220.24.1, skipping.
11-05 13:11 root         DEBUG    No ITS stop or start sites were identified for sequence SRR12683220.213.1, skipping.
11-05 13:11 root         DEBUG    No ITS stop or start sites were identified for sequence SRR12683220.214.1, skipping.
11-05 13:11 root         DEBUG    No ITS stop or start sites were identified for sequence SRR12683220.215.1, skipping.
11-05 13:11 root         DEBUG    No ITS stop or start sites were identified for sequence SRR12683220.217.1, skipping.
11-05 13:11 root         DEBUG    No ITS stop or start sites were identified for sequence SRR12683220.218.1, skipping.
11-05 13:11 root         DEBUG    No ITS stop or start sites were identified for sequence SRR12683220.219.1, skipping.
11-05 13:11 root         DEBUG    No ITS stop or start sites were identified for sequence SRR12683220.163.1, skipping.
11-05 13:11 root         DEBUG    No ITS stop or start sites were identified for sequence SRR12683220.223.1, skipping.
11-05 13:11 root         DEBUG    No ITS stop or start sites were identified for sequence SRR12683220.2.1, skipping.
11-05 13:11 root         DEBUG    No ITS stop or start sites were identified for sequence SRR12683220.226.1, skipping.
11-05 13:11 root         DEBUG    No ITS stop or start sites were identified for sequence SRR12683220.11.1, skipping.
11-05 13:11 root         DEBUG    No ITS stop or start sites were identified for sequence SRR12683220.228.1, skipping.
11-05 13:11 root         DEBUG    No ITS stop or start sites were identified for sequence SRR12683220.236.1, skipping.
11-05 13:11 root         DEBUG    No ITS stop or start sites were identified for sequence SRR12683220.237.1, skipping.
11-05 13:11 root         DEBUG    No ITS stop or start sites were identified for sequence SRR12683220.163.1, skipping.
11-05 13:11 root         DEBUG    No ITS stop or start sites were identified for sequence SRR12683220.239.1, skipping.
11-05 13:11 root         DEBUG    No ITS stop or start sites were identified for sequence SRR12683220.240.1, skipping.
11-05 13:11 root         DEBUG    No ITS stop or start sites were identified for sequence SRR12683220.241.1, skipping.
11-05 13:11 root         DEBUG    No ITS stop or start sites were identified for sequence SRR12683220.12.1, skipping.
11-05 13:11 root         DEBUG    No ITS stop or start sites were identified for sequence SRR12683220.243.1, skipping.
11-05 13:11 root         DEBUG    No ITS stop or start sites were identified for sequence SRR12683220.245.1, skipping.
11-05 13:11 root         DEBUG    No ITS stop or start sites were identified for sequence SRR12683220.2.1, skipping.
11-05 13:11 root         DEBUG    No ITS stop or start sites were identified for sequence SRR12683220.249.1, skipping.
11-05 13:11 root         DEBUG    No ITS stop or start sites were identified for sequence SRR12683220.250.1, skipping.
11-05 13:11 root         DEBUG    No ITS stop or start sites were identified for sequence SRR12683220.251.1, skipping.
11-05 13:11 root         DEBUG    No ITS stop or start sites were identified for sequence SRR12683220.2.1, skipping.
11-05 13:11 root         DEBUG    No ITS stop or start sites were identified for sequence SRR12683220.253.1, skipping.
11-05 13:11 root         DEBUG    No ITS stop or start sites were identified for sequence SRR12683220.255.1, skipping.
11-05 13:11 root         DEBUG    No ITS stop or start sites were identified for sequence SRR12683220.257.1, skipping.
11-05 13:11 root         DEBUG    No ITS stop or start sites were identified for sequence SRR12683220.259.1, skipping.
11-05 13:11 root         DEBUG    No ITS stop or start sites were identified for sequence SRR12683220.260.1, skipping.
11-05 13:11 root         DEBUG    No ITS stop or start sites were identified for sequence SRR12683220.261.1, skipping.
11-05 13:11 root         DEBUG    No ITS stop or start sites were identified for sequence SRR12683220.262.1, skipping.
11-05 13:11 root         DEBUG    No ITS stop or start sites were identified for sequence SRR12683220.263.1, skipping.
11-05 13:11 root         DEBUG    No ITS stop or start sites were identified for sequence SRR12683220.270.1, skipping.
11-05 13:11 root         DEBUG    No ITS stop or start sites were identified for sequence SRR12683220.271.1, skipping.
11-05 13:11 root         DEBUG    No ITS stop or start sites were identified for sequence SRR12683220.24.1, skipping.
11-05 13:11 root         DEBUG    No ITS stop or start sites were identified for sequence SRR12683220.26.1, skipping.
11-05 13:11 root         DEBUG    No ITS stop or start sites were identified for sequence SRR12683220.274.1, skipping.
11-05 13:11 root         DEBUG    No ITS stop or start sites were identified for sequence SRR12683220.276.1, skipping.
11-05 13:11 root         DEBUG    No ITS stop or start sites were identified for sequence SRR12683220.278.1, skipping.
11-05 13:11 root         DEBUG    No ITS stop or start sites were identified for sequence SRR12683220.279.1, skipping.
11-05 13:11 root         DEBUG    No ITS stop or start sites were identified for sequence SRR12683220.280.1, skipping.
11-05 13:11 root         DEBUG    No ITS stop or start sites were identified for sequence SRR12683220.24.1, skipping.
11-05 13:11 root         DEBUG    No ITS stop or start sites were identified for sequence SRR12683220.282.1, skipping.
11-05 13:11 root         DEBUG    No ITS stop or start sites were identified for sequence SRR12683220.283.1, skipping.
11-05 13:11 root         DEBUG    No ITS stop or start sites were identified for sequence SRR12683220.284.1, skipping.
11-05 13:11 root         DEBUG    No ITS stop or start sites were identified for sequence SRR12683220.74.1, skipping.
11-05 13:11 root         DEBUG    No ITS stop or start sites were identified for sequence SRR12683220.286.1, skipping.
11-05 13:11 root         DEBUG    No ITS stop or start sites were identified for sequence SRR12683220.74.1, skipping.
11-05 13:11 root         DEBUG    No ITS stop or start sites were identified for sequence SRR12683220.11.1, skipping.
11-05 13:11 root         DEBUG    No ITS stop or start sites were identified for sequence SRR12683220.289.1, skipping.
11-05 13:11 root         DEBUG    No ITS stop or start sites were identified for sequence SRR12683220.290.1, skipping.
11-05 13:11 root         DEBUG    No ITS stop or start sites were identified for sequence SRR12683220.11.1, skipping.
11-05 13:11 root         DEBUG    No ITS stop or start sites were identified for sequence SRR12683220.292.1, skipping.
11-05 13:11 root         DEBUG    No ITS stop or start sites were identified for sequence SRR12683220.293.1, skipping.
11-05 13:11 root         DEBUG    No ITS stop or start sites were identified for sequence SRR12683220.294.1, skipping.
11-05 13:11 root         DEBUG    No ITS stop or start sites were identified for sequence SRR12683220.295.1, skipping.
11-05 13:11 root         DEBUG    No ITS stop or start sites were identified for sequence SRR12683220.296.1, skipping.
11-05 13:11 root         DEBUG    No ITS stop or start sites were identified for sequence SRR12683220.24.1, skipping.
11-05 13:11 root         DEBUG    No ITS stop or start sites were identified for sequence SRR12683220.26.1, skipping.
11-05 13:11 root         DEBUG    No ITS stop or start sites were identified for sequence SRR12683220.299.1, skipping.
11-05 13:11 root         DEBUG    No ITS stop or start sites were identified for sequence SRR12683220.300.1, skipping.
11-05 13:11 root         DEBUG    No ITS stop or start sites were identified for sequence SRR12683220.301.1, skipping.
11-05 13:11 root         DEBUG    No ITS stop or start sites were identified for sequence SRR12683220.2.1, skipping.
11-05 13:11 root         DEBUG    No ITS stop or start sites were identified for sequence SRR12683220.74.1, skipping.
11-05 13:11 root         DEBUG    No ITS stop or start sites were identified for sequence SRR12683220.304.1, skipping.
11-05 13:11 root         DEBUG    No ITS stop or start sites were identified for sequence SRR12683220.308.1, skipping.
11-05 13:11 root         DEBUG    No ITS stop or start sites were identified for sequence SRR12683220.2.1, skipping.
11-05 13:11 root         DEBUG    No ITS stop or start sites were identified for sequence SRR12683220.8.1, skipping.
11-05 13:11 root         DEBUG    No ITS stop or start sites were identified for sequence SRR12683220.316.1, skipping.
11-05 13:11 root         DEBUG    No ITS stop or start sites were identified for sequence SRR12683220.317.1, skipping.
11-05 13:11 root         DEBUG    No ITS stop or start sites were identified for sequence SRR12683220.74.1, skipping.
11-05 13:11 root         DEBUG    No ITS stop or start sites were identified for sequence SRR12683220.32.1, skipping.
11-05 13:11 root         DEBUG    No ITS stop or start sites were identified for sequence SRR12683220.320.1, skipping.
11-05 13:11 root         DEBUG    No ITS stop or start sites were identified for sequence SRR12683220.322.1, skipping.
11-05 13:11 root         DEBUG    No ITS stop or start sites were identified for sequence SRR12683220.323.1, skipping.
11-05 13:11 root         DEBUG    No ITS stop or start sites were identified for sequence SRR12683220.11.1, skipping.
11-05 13:11 root         DEBUG    No ITS stop or start sites were identified for sequence SRR12683220.325.1, skipping.
11-05 13:11 root         DEBUG    No ITS stop or start sites were identified for sequence SRR12683220.326.1, skipping.
11-05 13:11 root         DEBUG    No ITS stop or start sites were identified for sequence SRR12683220.327.1, skipping.
11-05 13:11 root         DEBUG    No ITS stop or start sites were identified for sequence SRR12683220.328.1, skipping.
11-05 13:11 root         DEBUG    No ITS stop or start sites were identified for sequence SRR12683220.332.1, skipping.
11-05 13:11 root         DEBUG    No ITS stop or start sites were identified for sequence SRR12683220.12.1, skipping.
11-05 13:11 root         DEBUG    No ITS stop or start sites were identified for sequence SRR12683220.334.1, skipping.
11-05 13:11 root         DEBUG    No ITS stop or start sites were identified for sequence SRR12683220.2.1, skipping.
11-05 13:11 root         DEBUG    No ITS stop or start sites were identified for sequence SRR12683220.336.1, skipping.
11-05 13:11 root         DEBUG    No ITS stop or start sites were identified for sequence SRR12683220.2.1, skipping.
11-05 13:11 root         DEBUG    No ITS stop or start sites were identified for sequence SRR12683220.2.1, skipping.
11-05 13:11 root         DEBUG    No ITS stop or start sites were identified for sequence SRR12683220.32.1, skipping.
11-05 13:11 root         DEBUG    No ITS stop or start sites were identified for sequence SRR12683220.340.1, skipping.
11-05 13:11 root         DEBUG    No ITS stop or start sites were identified for sequence SRR12683220.341.1, skipping.
11-05 13:11 root         DEBUG    No ITS stop or start sites were identified for sequence SRR12683220.342.1, skipping.
11-05 13:11 root         DEBUG    No ITS stop or start sites were identified for sequence SRR12683220.343.1, skipping.
11-05 13:11 root         DEBUG    No ITS stop or start sites were identified for sequence SRR12683220.344.1, skipping.
11-05 13:11 root         DEBUG    No ITS stop or start sites were identified for sequence SRR12683220.345.1, skipping.
11-05 13:11 root         DEBUG    No ITS stop or start sites were identified for sequence SRR12683220.11.1, skipping.
11-05 13:11 root         DEBUG    No ITS stop or start sites were identified for sequence SRR12683220.11.1, skipping.
11-05 13:11 root         DEBUG    No ITS stop or start sites were identified for sequence SRR12683220.348.1, skipping.
11-05 13:11 root         DEBUG    No ITS stop or start sites were identified for sequence SRR12683220.349.1, skipping.
11-05 13:11 root         DEBUG    No ITS stop or start sites were identified for sequence SRR12683220.350.1, skipping.
11-05 13:11 root         DEBUG    No ITS stop or start sites were identified for sequence SRR12683220.32.1, skipping.
11-05 13:11 root         DEBUG    No ITS stop or start sites were identified for sequence SRR12683220.352.1, skipping.
11-05 13:11 root         DEBUG    No ITS stop or start sites were identified for sequence SRR12683220.353.1, skipping.
11-05 13:11 root         DEBUG    No ITS stop or start sites were identified for sequence SRR12683220.354.1, skipping.
11-05 13:11 root         DEBUG    No ITS stop or start sites were identified for sequence SRR12683220.74.1, skipping.
11-05 13:11 root         DEBUG    No ITS stop or start sites were identified for sequence SRR12683220.163.1, skipping.
11-05 13:11 root         DEBUG    No ITS stop or start sites were identified for sequence SRR12683220.361.1, skipping.
11-05 13:11 root         DEBUG    No ITS stop or start sites were identified for sequence SRR12683220.32.1, skipping.
11-05 13:11 root         DEBUG    No ITS stop or start sites were identified for sequence SRR12683220.74.1, skipping.
11-05 13:11 root         DEBUG    No ITS stop or start sites were identified for sequence SRR12683220.364.1, skipping.
11-05 13:11 root         DEBUG    No ITS stop or start sites were identified for sequence SRR12683220.163.1, skipping.
11-05 13:11 root         DEBUG    No ITS stop or start sites were identified for sequence SRR12683220.366.1, skipping.
11-05 13:11 root         DEBUG    No ITS stop or start sites were identified for sequence SRR12683220.367.1, skipping.
11-05 13:11 root         DEBUG    No ITS stop or start sites were identified for sequence SRR12683220.12.1, skipping.
11-05 13:11 root         DEBUG    No ITS stop or start sites were identified for sequence SRR12683220.373.1, skipping.
11-05 13:11 root         DEBUG    No ITS stop or start sites were identified for sequence SRR12683220.374.1, skipping.
11-05 13:11 root         DEBUG    No ITS stop or start sites were identified for sequence SRR12683220.375.1, skipping.
11-05 13:11 root         DEBUG    No ITS stop or start sites were identified for sequence SRR12683220.163.1, skipping.
11-05 13:11 root         DEBUG    No ITS stop or start sites were identified for sequence SRR12683220.378.1, skipping.
11-05 13:11 root         DEBUG    No ITS stop or start sites were identified for sequence SRR12683220.379.1, skipping.
11-05 13:11 root         DEBUG    No ITS stop or start sites were identified for sequence SRR12683220.380.1, skipping.
11-05 13:11 root         DEBUG    No ITS stop or start sites were identified for sequence SRR12683220.381.1, skipping.
11-05 13:11 root         DEBUG    No ITS stop or start sites were identified for sequence SRR12683220.382.1, skipping.
11-05 13:11 root         DEBUG    No ITS stop or start sites were identified for sequence SRR12683220.383.1, skipping.
11-05 13:11 root         DEBUG    No ITS stop or start sites were identified for sequence SRR12683220.2.1, skipping.
11-05 13:11 root         DEBUG    No ITS stop or start sites were identified for sequence SRR12683220.385.1, skipping.
11-05 13:11 root         DEBUG    No ITS stop or start sites were identified for sequence SRR12683220.386.1, skipping.
11-05 13:11 root         DEBUG    No ITS stop or start sites were identified for sequence SRR12683220.387.1, skipping.
11-05 13:11 root         DEBUG    No ITS stop or start sites were identified for sequence SRR12683220.388.1, skipping.
11-05 13:11 root         DEBUG    No ITS stop or start sites were identified for sequence SRR12683220.74.1, skipping.
11-05 13:11 root         DEBUG    No ITS stop or start sites were identified for sequence SRR12683220.391.1, skipping.
11-05 13:11 root         DEBUG    No ITS stop or start sites were identified for sequence SRR12683220.392.1, skipping.
11-05 13:11 root         DEBUG    No ITS stop or start sites were identified for sequence SRR12683220.393.1, skipping.
11-05 13:11 root         DEBUG    No ITS stop or start sites were identified for sequence SRR12683220.394.1, skipping.
11-05 13:11 root         DEBUG    No ITS stop or start sites were identified for sequence SRR12683220.395.1, skipping.
11-05 13:11 root         DEBUG    No ITS stop or start sites were identified for sequence SRR12683220.396.1, skipping.
11-05 13:11 root         DEBUG    No ITS stop or start sites were identified for sequence SRR12683220.397.1, skipping.
11-05 13:11 root         DEBUG    No ITS stop or start sites were identified for sequence SRR12683220.398.1, skipping.
11-05 13:11 root         DEBUG    No ITS stop or start sites were identified for sequence SRR12683220.401.1, skipping.
11-05 13:11 root         DEBUG    No ITS stop or start sites were identified for sequence SRR12683220.32.1, skipping.
11-05 13:11 root         DEBUG    No ITS stop or start sites were identified for sequence SRR12683220.403.1, skipping.
11-05 13:11 root         DEBUG    No ITS stop or start sites were identified for sequence SRR12683220.2.1, skipping.
11-05 13:11 root         DEBUG    No ITS stop or start sites were identified for sequence SRR12683220.32.1, skipping.
11-05 13:11 root         DEBUG    No ITS stop or start sites were identified for sequence SRR12683220.2.1, skipping.
11-05 13:11 root         DEBUG    No ITS stop or start sites were identified for sequence SRR12683220.411.1, skipping.
11-05 13:11 root         DEBUG    No ITS stop or start sites were identified for sequence SRR12683220.2.1, skipping.
11-05 13:11 root         DEBUG    No ITS stop or start sites were identified for sequence SRR12683220.2.1, skipping.
11-05 13:11 root         DEBUG    No ITS stop or start sites were identified for sequence SRR12683220.12.1, skipping.
11-05 13:11 root         DEBUG    No ITS stop or start sites were identified for sequence SRR12683220.419.1, skipping.
11-05 13:11 root         DEBUG    No ITS stop or start sites were identified for sequence SRR12683220.26.1, skipping.
11-05 13:11 root         DEBUG    No ITS stop or start sites were identified for sequence SRR12683220.421.1, skipping.
11-05 13:11 root         DEBUG    No ITS stop or start sites were identified for sequence SRR12683220.423.1, skipping.
11-05 13:11 root         DEBUG    No ITS stop or start sites were identified for sequence SRR12683220.425.1, skipping.
11-05 13:11 root         DEBUG    No ITS stop or start sites were identified for sequence SRR12683220.74.1, skipping.
11-05 13:11 root         DEBUG    No ITS stop or start sites were identified for sequence SRR12683220.427.1, skipping.
11-05 13:11 root         DEBUG    No ITS stop or start sites were identified for sequence SRR12683220.2.1, skipping.
11-05 13:11 root         DEBUG    No ITS stop or start sites were identified for sequence SRR12683220.2.1, skipping.
11-05 13:11 root         DEBUG    No ITS stop or start sites were identified for sequence SRR12683220.432.1, skipping.
11-05 13:11 root         DEBUG    No ITS stop or start sites were identified for sequence SRR12683220.433.1, skipping.
11-05 13:11 root         DEBUG    No ITS stop or start sites were identified for sequence SRR12683220.11.1, skipping.
11-05 13:11 root         DEBUG    No ITS stop or start sites were identified for sequence SRR12683220.435.1, skipping.
11-05 13:11 root         DEBUG    No ITS stop or start sites were identified for sequence SRR12683220.436.1, skipping.
11-05 13:11 root         DEBUG    No ITS stop or start sites were identified for sequence SRR12683220.437.1, skipping.
11-05 13:11 root         DEBUG    No ITS stop or start sites were identified for sequence SRR12683220.151.1, skipping.
11-05 13:11 root         DEBUG    No ITS stop or start sites were identified for sequence SRR12683220.441.1, skipping.
11-05 13:11 root         DEBUG    No ITS stop or start sites were identified for sequence SRR12683220.442.1, skipping.
11-05 13:11 root         DEBUG    No ITS stop or start sites were identified for sequence SRR12683220.32.1, skipping.
11-05 13:11 root         DEBUG    No ITS stop or start sites were identified for sequence SRR12683220.2.1, skipping.
11-05 13:11 root         DEBUG    No ITS stop or start sites were identified for sequence SRR12683220.445.1, skipping.
11-05 13:11 root         DEBUG    No ITS stop or start sites were identified for sequence SRR12683220.163.1, skipping.
11-05 13:11 root         DEBUG    No ITS stop or start sites were identified for sequence SRR12683220.163.1, skipping.
11-05 13:11 root         DEBUG    No ITS stop or start sites were identified for sequence SRR12683220.12.1, skipping.
11-05 13:11 root         DEBUG    No ITS stop or start sites were identified for sequence SRR12683220.449.1, skipping.
11-05 13:11 root         DEBUG    No ITS stop or start sites were identified for sequence SRR12683220.293.1, skipping.
11-05 13:11 root         DEBUG    No ITS stop or start sites were identified for sequence SRR12683220.451.1, skipping.
11-05 13:11 root         DEBUG    No ITS stop or start sites were identified for sequence SRR12683220.454.1, skipping.
11-05 13:11 root         DEBUG    No ITS stop or start sites were identified for sequence SRR12683220.455.1, skipping.
11-05 13:11 root         DEBUG    No ITS stop or start sites were identified for sequence SRR12683220.456.1, skipping.
11-05 13:11 root         DEBUG    No ITS stop or start sites were identified for sequence SRR12683220.163.1, skipping.
11-05 13:11 root         DEBUG    No ITS stop or start sites were identified for sequence SRR12683220.11.1, skipping.
11-05 13:11 root         DEBUG    No ITS stop or start sites were identified for sequence SRR12683220.462.1, skipping.
11-05 13:11 root         DEBUG    No ITS stop or start sites were identified for sequence SRR12683220.26.1, skipping.
11-05 13:11 root         DEBUG    No ITS stop or start sites were identified for sequence SRR12683220.163.1, skipping.
11-05 13:11 root         DEBUG    No ITS stop or start sites were identified for sequence SRR12683220.26.1, skipping.
11-05 13:11 root         DEBUG    No ITS stop or start sites were identified for sequence SRR12683220.471.1, skipping.
11-05 13:11 root         DEBUG    No ITS stop or start sites were identified for sequence SRR12683220.2.1, skipping.
11-05 13:11 root         DEBUG    No ITS stop or start sites were identified for sequence SRR12683220.473.1, skipping.
11-05 13:11 root         DEBUG    No ITS stop or start sites were identified for sequence SRR12683220.474.1, skipping.
11-05 13:11 root         DEBUG    No ITS stop or start sites were identified for sequence SRR12683220.475.1, skipping.
11-05 13:11 root         DEBUG    No ITS stop or start sites were identified for sequence SRR12683220.477.1, skipping.
11-05 13:11 root         DEBUG    No ITS stop or start sites were identified for sequence SRR12683220.478.1, skipping.
11-05 13:11 root         DEBUG    No ITS stop or start sites were identified for sequence SRR12683220.479.1, skipping.
11-05 13:11 root         DEBUG    No ITS stop or start sites were identified for sequence SRR12683220.480.1, skipping.
11-05 13:11 root         DEBUG    No ITS stop or start sites were identified for sequence SRR12683220.481.1, skipping.
11-05 13:11 root         DEBUG    No ITS stop or start sites were identified for sequence SRR12683220.2.1, skipping.
11-05 13:11 root         DEBUG    No ITS stop or start sites were identified for sequence SRR12683220.483.1, skipping.
11-05 13:11 root         DEBUG    No ITS stop or start sites were identified for sequence SRR12683220.484.1, skipping.
11-05 13:11 root         DEBUG    No ITS stop or start sites were identified for sequence SRR12683220.74.1, skipping.
11-05 13:11 root         DEBUG    No ITS stop or start sites were identified for sequence SRR12683220.486.1, skipping.
11-05 13:11 root         DEBUG    No ITS stop or start sites were identified for sequence SRR12683220.491.1, skipping.
11-05 13:11 root         DEBUG    No ITS stop or start sites were identified for sequence SRR12683220.492.1, skipping.
11-05 13:11 root         DEBUG    No ITS stop or start sites were identified for sequence SRR12683220.32.1, skipping.
11-05 13:11 root         DEBUG    No ITS stop or start sites were identified for sequence SRR12683220.496.1, skipping.
11-05 13:11 root         DEBUG    No ITS stop or start sites were identified for sequence SRR12683220.499.1, skipping.
11-05 13:11 root         DEBUG    No ITS stop or start sites were identified for sequence SRR12683220.501.1, skipping.
11-05 13:11 root         DEBUG    No ITS stop or start sites were identified for sequence SRR12683220.502.1, skipping.
11-05 13:11 root         DEBUG    No ITS stop or start sites were identified for sequence SRR12683220.2.1, skipping.
11-05 13:11 root         INFO     ITSxpress ran in 00:00:01
