11-05 13:07 root         INFO     Verifying the input sequences.
11-05 13:07 root         INFO     Sequences are assumed to be single-end.
11-05 13:07 root         INFO     Temporary directory is: /tmp/itsxpress__m8o5c3y
11-05 13:07 root         INFO     Unique sequences are being written to a temporary FASTA file with Vsearch.
11-05 13:07 root         INFO     vsearch v2.7.1_linux_x86_64, 15.6GB RAM, 4 cores
https://github.com/torognes/vsearch

Reading file SRR12683203_pass_1.fastq.gz 100%
197528 nt in 868 seqs, min 35, max 301, avg 228
Dereplicating 100%
Sorting 100%
497 unique sequences, avg cluster 1.7, median 1, max 55
Writing output file 100%
Writing uc file, first part 100%
Writing uc file, second part 100%

11-05 13:07 root         INFO     Searching for ITS start and stop sites using HMMSearch. This step takes a while.
11-05 13:07 root         INFO     Parsing HMM results.
11-05 13:07 root         INFO     Writing out sequences
11-05 13:07 root         DEBUG    No ITS stop or start sites were identified for sequence SRR12683203.1.1, skipping.
11-05 13:07 root         DEBUG    No ITS stop or start sites were identified for sequence SRR12683203.2.1, skipping.
11-05 13:07 root         DEBUG    No ITS stop or start sites were identified for sequence SRR12683203.4.1, skipping.
11-05 13:07 root         DEBUG    No ITS stop or start sites were identified for sequence SRR12683203.6.1, skipping.
11-05 13:07 root         DEBUG    No ITS stop or start sites were identified for sequence SRR12683203.12.1, skipping.
11-05 13:07 root         DEBUG    No ITS stop or start sites were identified for sequence SRR12683203.15.1, skipping.
11-05 13:07 root         DEBUG    No ITS stop or start sites were identified for sequence SRR12683203.23.1, skipping.
11-05 13:07 root         DEBUG    No ITS stop or start sites were identified for sequence SRR12683203.12.1, skipping.
11-05 13:07 root         DEBUG    No ITS stop or start sites were identified for sequence SRR12683203.25.1, skipping.
11-05 13:07 root         DEBUG    No ITS stop or start sites were identified for sequence SRR12683203.26.1, skipping.
11-05 13:07 root         DEBUG    No ITS stop or start sites were identified for sequence SRR12683203.28.1, skipping.
11-05 13:07 root         DEBUG    No ITS stop or start sites were identified for sequence SRR12683203.29.1, skipping.
11-05 13:07 root         DEBUG    No ITS stop or start sites were identified for sequence SRR12683203.30.1, skipping.
11-05 13:07 root         DEBUG    No ITS stop or start sites were identified for sequence SRR12683203.29.1, skipping.
11-05 13:07 root         DEBUG    No ITS stop or start sites were identified for sequence SRR12683203.33.1, skipping.
11-05 13:07 root         DEBUG    No ITS stop or start sites were identified for sequence SRR12683203.34.1, skipping.
11-05 13:07 root         DEBUG    No ITS stop or start sites were identified for sequence SRR12683203.26.1, skipping.
11-05 13:07 root         DEBUG    No ITS stop or start sites were identified for sequence SRR12683203.26.1, skipping.
11-05 13:07 root         DEBUG    No ITS stop or start sites were identified for sequence SRR12683203.38.1, skipping.
11-05 13:07 root         DEBUG    No ITS stop or start sites were identified for sequence SRR12683203.40.1, skipping.
11-05 13:07 root         DEBUG    No ITS stop or start sites were identified for sequence SRR12683203.28.1, skipping.
11-05 13:07 root         DEBUG    No ITS stop or start sites were identified for sequence SRR12683203.26.1, skipping.
11-05 13:07 root         DEBUG    No ITS stop or start sites were identified for sequence SRR12683203.38.1, skipping.
11-05 13:07 root         DEBUG    No ITS stop or start sites were identified for sequence SRR12683203.46.1, skipping.
11-05 13:07 root         DEBUG    No ITS stop or start sites were identified for sequence SRR12683203.48.1, skipping.
11-05 13:07 root         DEBUG    No ITS stop or start sites were identified for sequence SRR12683203.28.1, skipping.
11-05 13:07 root         DEBUG    No ITS stop or start sites were identified for sequence SRR12683203.51.1, skipping.
11-05 13:07 root         DEBUG    No ITS stop or start sites were identified for sequence SRR12683203.30.1, skipping.
11-05 13:07 root         DEBUG    No ITS stop or start sites were identified for sequence SRR12683203.26.1, skipping.
11-05 13:07 root         DEBUG    No ITS stop or start sites were identified for sequence SRR12683203.58.1, skipping.
11-05 13:07 root         DEBUG    No ITS stop or start sites were identified for sequence SRR12683203.61.1, skipping.
11-05 13:07 root         DEBUG    No ITS stop or start sites were identified for sequence SRR12683203.26.1, skipping.
11-05 13:07 root         DEBUG    No ITS stop or start sites were identified for sequence SRR12683203.26.1, skipping.
11-05 13:07 root         DEBUG    No ITS stop or start sites were identified for sequence SRR12683203.67.1, skipping.
11-05 13:07 root         DEBUG    No ITS stop or start sites were identified for sequence SRR12683203.69.1, skipping.
11-05 13:07 root         DEBUG    No ITS stop or start sites were identified for sequence SRR12683203.72.1, skipping.
11-05 13:07 root         DEBUG    No ITS stop or start sites were identified for sequence SRR12683203.75.1, skipping.
11-05 13:07 root         DEBUG    No ITS stop or start sites were identified for sequence SRR12683203.77.1, skipping.
11-05 13:07 root         DEBUG    No ITS stop or start sites were identified for sequence SRR12683203.78.1, skipping.
11-05 13:07 root         DEBUG    No ITS stop or start sites were identified for sequence SRR12683203.80.1, skipping.
11-05 13:07 root         DEBUG    No ITS stop or start sites were identified for sequence SRR12683203.28.1, skipping.
11-05 13:07 root         DEBUG    No ITS stop or start sites were identified for sequence SRR12683203.28.1, skipping.
11-05 13:07 root         DEBUG    No ITS stop or start sites were identified for sequence SRR12683203.12.1, skipping.
11-05 13:07 root         DEBUG    No ITS stop or start sites were identified for sequence SRR12683203.26.1, skipping.
11-05 13:07 root         DEBUG    No ITS stop or start sites were identified for sequence SRR12683203.91.1, skipping.
11-05 13:07 root         DEBUG    No ITS stop or start sites were identified for sequence SRR12683203.28.1, skipping.
11-05 13:07 root         DEBUG    No ITS stop or start sites were identified for sequence SRR12683203.28.1, skipping.
11-05 13:07 root         DEBUG    No ITS stop or start sites were identified for sequence SRR12683203.104.1, skipping.
11-05 13:07 root         DEBUG    No ITS stop or start sites were identified for sequence SRR12683203.112.1, skipping.
11-05 13:07 root         DEBUG    No ITS stop or start sites were identified for sequence SRR12683203.4.1, skipping.
11-05 13:07 root         DEBUG    No ITS stop or start sites were identified for sequence SRR12683203.40.1, skipping.
11-05 13:07 root         DEBUG    No ITS stop or start sites were identified for sequence SRR12683203.78.1, skipping.
11-05 13:07 root         DEBUG    No ITS stop or start sites were identified for sequence SRR12683203.119.1, skipping.
11-05 13:07 root         DEBUG    No ITS stop or start sites were identified for sequence SRR12683203.127.1, skipping.
11-05 13:07 root         DEBUG    No ITS stop or start sites were identified for sequence SRR12683203.46.1, skipping.
11-05 13:07 root         DEBUG    No ITS stop or start sites were identified for sequence SRR12683203.28.1, skipping.
11-05 13:07 root         DEBUG    No ITS stop or start sites were identified for sequence SRR12683203.28.1, skipping.
11-05 13:07 root         DEBUG    No ITS stop or start sites were identified for sequence SRR12683203.26.1, skipping.
11-05 13:07 root         DEBUG    No ITS stop or start sites were identified for sequence SRR12683203.139.1, skipping.
11-05 13:07 root         DEBUG    No ITS stop or start sites were identified for sequence SRR12683203.140.1, skipping.
11-05 13:07 root         DEBUG    No ITS stop or start sites were identified for sequence SRR12683203.28.1, skipping.
11-05 13:07 root         DEBUG    No ITS stop or start sites were identified for sequence SRR12683203.4.1, skipping.
11-05 13:07 root         DEBUG    No ITS stop or start sites were identified for sequence SRR12683203.4.1, skipping.
11-05 13:07 root         DEBUG    No ITS stop or start sites were identified for sequence SRR12683203.28.1, skipping.
11-05 13:07 root         DEBUG    No ITS stop or start sites were identified for sequence SRR12683203.67.1, skipping.
11-05 13:07 root         DEBUG    No ITS stop or start sites were identified for sequence SRR12683203.155.1, skipping.
11-05 13:07 root         DEBUG    No ITS stop or start sites were identified for sequence SRR12683203.104.1, skipping.
11-05 13:07 root         DEBUG    No ITS stop or start sites were identified for sequence SRR12683203.28.1, skipping.
11-05 13:07 root         DEBUG    No ITS stop or start sites were identified for sequence SRR12683203.29.1, skipping.
11-05 13:07 root         DEBUG    No ITS stop or start sites were identified for sequence SRR12683203.28.1, skipping.
11-05 13:07 root         DEBUG    No ITS stop or start sites were identified for sequence SRR12683203.104.1, skipping.
11-05 13:07 root         DEBUG    No ITS stop or start sites were identified for sequence SRR12683203.178.1, skipping.
11-05 13:07 root         DEBUG    No ITS stop or start sites were identified for sequence SRR12683203.179.1, skipping.
11-05 13:07 root         DEBUG    No ITS stop or start sites were identified for sequence SRR12683203.69.1, skipping.
11-05 13:07 root         DEBUG    No ITS stop or start sites were identified for sequence SRR12683203.185.1, skipping.
11-05 13:07 root         DEBUG    No ITS stop or start sites were identified for sequence SRR12683203.28.1, skipping.
11-05 13:07 root         DEBUG    No ITS stop or start sites were identified for sequence SRR12683203.187.1, skipping.
11-05 13:07 root         DEBUG    No ITS stop or start sites were identified for sequence SRR12683203.188.1, skipping.
11-05 13:07 root         DEBUG    No ITS stop or start sites were identified for sequence SRR12683203.189.1, skipping.
11-05 13:07 root         DEBUG    No ITS stop or start sites were identified for sequence SRR12683203.196.1, skipping.
11-05 13:07 root         DEBUG    No ITS stop or start sites were identified for sequence SRR12683203.4.1, skipping.
11-05 13:07 root         DEBUG    No ITS stop or start sites were identified for sequence SRR12683203.28.1, skipping.
11-05 13:07 root         DEBUG    No ITS stop or start sites were identified for sequence SRR12683203.200.1, skipping.
11-05 13:07 root         DEBUG    No ITS stop or start sites were identified for sequence SRR12683203.26.1, skipping.
11-05 13:07 root         DEBUG    No ITS stop or start sites were identified for sequence SRR12683203.206.1, skipping.
11-05 13:07 root         DEBUG    No ITS stop or start sites were identified for sequence SRR12683203.207.1, skipping.
11-05 13:07 root         DEBUG    No ITS stop or start sites were identified for sequence SRR12683203.208.1, skipping.
11-05 13:07 root         DEBUG    No ITS stop or start sites were identified for sequence SRR12683203.214.1, skipping.
11-05 13:07 root         DEBUG    No ITS stop or start sites were identified for sequence SRR12683203.215.1, skipping.
11-05 13:07 root         DEBUG    No ITS stop or start sites were identified for sequence SRR12683203.216.1, skipping.
11-05 13:07 root         DEBUG    No ITS stop or start sites were identified for sequence SRR12683203.28.1, skipping.
11-05 13:07 root         DEBUG    No ITS stop or start sites were identified for sequence SRR12683203.78.1, skipping.
11-05 13:07 root         DEBUG    No ITS stop or start sites were identified for sequence SRR12683203.223.1, skipping.
11-05 13:07 root         DEBUG    No ITS stop or start sites were identified for sequence SRR12683203.224.1, skipping.
11-05 13:07 root         DEBUG    No ITS stop or start sites were identified for sequence SRR12683203.28.1, skipping.
11-05 13:07 root         DEBUG    No ITS stop or start sites were identified for sequence SRR12683203.226.1, skipping.
11-05 13:07 root         DEBUG    No ITS stop or start sites were identified for sequence SRR12683203.230.1, skipping.
11-05 13:07 root         DEBUG    No ITS stop or start sites were identified for sequence SRR12683203.231.1, skipping.
11-05 13:07 root         DEBUG    No ITS stop or start sites were identified for sequence SRR12683203.28.1, skipping.
11-05 13:07 root         DEBUG    No ITS stop or start sites were identified for sequence SRR12683203.28.1, skipping.
11-05 13:07 root         DEBUG    No ITS stop or start sites were identified for sequence SRR12683203.239.1, skipping.
11-05 13:07 root         DEBUG    No ITS stop or start sites were identified for sequence SRR12683203.240.1, skipping.
11-05 13:07 root         DEBUG    No ITS stop or start sites were identified for sequence SRR12683203.243.1, skipping.
11-05 13:07 root         DEBUG    No ITS stop or start sites were identified for sequence SRR12683203.28.1, skipping.
11-05 13:07 root         DEBUG    No ITS stop or start sites were identified for sequence SRR12683203.28.1, skipping.
11-05 13:07 root         DEBUG    No ITS stop or start sites were identified for sequence SRR12683203.256.1, skipping.
11-05 13:07 root         DEBUG    No ITS stop or start sites were identified for sequence SRR12683203.258.1, skipping.
11-05 13:07 root         DEBUG    No ITS stop or start sites were identified for sequence SRR12683203.262.1, skipping.
11-05 13:07 root         DEBUG    No ITS stop or start sites were identified for sequence SRR12683203.26.1, skipping.
11-05 13:07 root         DEBUG    No ITS stop or start sites were identified for sequence SRR12683203.266.1, skipping.
11-05 13:07 root         DEBUG    No ITS stop or start sites were identified for sequence SRR12683203.38.1, skipping.
11-05 13:07 root         DEBUG    No ITS stop or start sites were identified for sequence SRR12683203.279.1, skipping.
11-05 13:07 root         DEBUG    No ITS stop or start sites were identified for sequence SRR12683203.28.1, skipping.
11-05 13:07 root         DEBUG    No ITS stop or start sites were identified for sequence SRR12683203.72.1, skipping.
11-05 13:07 root         DEBUG    No ITS stop or start sites were identified for sequence SRR12683203.25.1, skipping.
11-05 13:07 root         DEBUG    No ITS stop or start sites were identified for sequence SRR12683203.284.1, skipping.
11-05 13:07 root         DEBUG    No ITS stop or start sites were identified for sequence SRR12683203.285.1, skipping.
11-05 13:07 root         DEBUG    No ITS stop or start sites were identified for sequence SRR12683203.4.1, skipping.
11-05 13:07 root         DEBUG    No ITS stop or start sites were identified for sequence SRR12683203.290.1, skipping.
11-05 13:07 root         DEBUG    No ITS stop or start sites were identified for sequence SRR12683203.292.1, skipping.
11-05 13:07 root         DEBUG    No ITS stop or start sites were identified for sequence SRR12683203.4.1, skipping.
11-05 13:07 root         DEBUG    No ITS stop or start sites were identified for sequence SRR12683203.28.1, skipping.
11-05 13:07 root         DEBUG    No ITS stop or start sites were identified for sequence SRR12683203.34.1, skipping.
11-05 13:07 root         DEBUG    No ITS stop or start sites were identified for sequence SRR12683203.4.1, skipping.
11-05 13:07 root         DEBUG    No ITS stop or start sites were identified for sequence SRR12683203.23.1, skipping.
11-05 13:07 root         DEBUG    No ITS stop or start sites were identified for sequence SRR12683203.312.1, skipping.
11-05 13:07 root         DEBUG    No ITS stop or start sites were identified for sequence SRR12683203.28.1, skipping.
11-05 13:07 root         DEBUG    No ITS stop or start sites were identified for sequence SRR12683203.314.1, skipping.
11-05 13:07 root         DEBUG    No ITS stop or start sites were identified for sequence SRR12683203.28.1, skipping.
11-05 13:07 root         DEBUG    No ITS stop or start sites were identified for sequence SRR12683203.80.1, skipping.
11-05 13:07 root         DEBUG    No ITS stop or start sites were identified for sequence SRR12683203.4.1, skipping.
11-05 13:07 root         DEBUG    No ITS stop or start sites were identified for sequence SRR12683203.26.1, skipping.
11-05 13:07 root         DEBUG    No ITS stop or start sites were identified for sequence SRR12683203.40.1, skipping.
11-05 13:07 root         DEBUG    No ITS stop or start sites were identified for sequence SRR12683203.26.1, skipping.
11-05 13:07 root         DEBUG    No ITS stop or start sites were identified for sequence SRR12683203.28.1, skipping.
11-05 13:07 root         DEBUG    No ITS stop or start sites were identified for sequence SRR12683203.285.1, skipping.
11-05 13:07 root         DEBUG    No ITS stop or start sites were identified for sequence SRR12683203.285.1, skipping.
11-05 13:07 root         DEBUG    No ITS stop or start sites were identified for sequence SRR12683203.343.1, skipping.
11-05 13:07 root         DEBUG    No ITS stop or start sites were identified for sequence SRR12683203.187.1, skipping.
11-05 13:07 root         DEBUG    No ITS stop or start sites were identified for sequence SRR12683203.4.1, skipping.
11-05 13:07 root         DEBUG    No ITS stop or start sites were identified for sequence SRR12683203.78.1, skipping.
11-05 13:07 root         DEBUG    No ITS stop or start sites were identified for sequence SRR12683203.351.1, skipping.
11-05 13:07 root         DEBUG    No ITS stop or start sites were identified for sequence SRR12683203.28.1, skipping.
11-05 13:07 root         DEBUG    No ITS stop or start sites were identified for sequence SRR12683203.357.1, skipping.
11-05 13:07 root         DEBUG    No ITS stop or start sites were identified for sequence SRR12683203.358.1, skipping.
11-05 13:07 root         DEBUG    No ITS stop or start sites were identified for sequence SRR12683203.26.1, skipping.
11-05 13:07 root         DEBUG    No ITS stop or start sites were identified for sequence SRR12683203.28.1, skipping.
11-05 13:07 root         DEBUG    No ITS stop or start sites were identified for sequence SRR12683203.139.1, skipping.
11-05 13:07 root         DEBUG    No ITS stop or start sites were identified for sequence SRR12683203.28.1, skipping.
11-05 13:07 root         DEBUG    No ITS stop or start sites were identified for sequence SRR12683203.369.1, skipping.
11-05 13:07 root         DEBUG    No ITS stop or start sites were identified for sequence SRR12683203.26.1, skipping.
11-05 13:07 root         DEBUG    No ITS stop or start sites were identified for sequence SRR12683203.374.1, skipping.
11-05 13:07 root         DEBUG    No ITS stop or start sites were identified for sequence SRR12683203.4.1, skipping.
11-05 13:07 root         DEBUG    No ITS stop or start sites were identified for sequence SRR12683203.77.1, skipping.
11-05 13:07 root         DEBUG    No ITS stop or start sites were identified for sequence SRR12683203.380.1, skipping.
11-05 13:07 root         DEBUG    No ITS stop or start sites were identified for sequence SRR12683203.140.1, skipping.
11-05 13:07 root         DEBUG    No ITS stop or start sites were identified for sequence SRR12683203.29.1, skipping.
11-05 13:07 root         DEBUG    No ITS stop or start sites were identified for sequence SRR12683203.104.1, skipping.
11-05 13:07 root         DEBUG    No ITS stop or start sites were identified for sequence SRR12683203.4.1, skipping.
11-05 13:07 root         DEBUG    No ITS stop or start sites were identified for sequence SRR12683203.393.1, skipping.
11-05 13:07 root         DEBUG    No ITS stop or start sites were identified for sequence SRR12683203.40.1, skipping.
11-05 13:07 root         DEBUG    No ITS stop or start sites were identified for sequence SRR12683203.4.1, skipping.
11-05 13:07 root         DEBUG    No ITS stop or start sites were identified for sequence SRR12683203.398.1, skipping.
11-05 13:07 root         DEBUG    No ITS stop or start sites were identified for sequence SRR12683203.78.1, skipping.
11-05 13:07 root         DEBUG    No ITS stop or start sites were identified for sequence SRR12683203.402.1, skipping.
11-05 13:07 root         DEBUG    No ITS stop or start sites were identified for sequence SRR12683203.404.1, skipping.
11-05 13:07 root         DEBUG    No ITS stop or start sites were identified for sequence SRR12683203.26.1, skipping.
11-05 13:07 root         DEBUG    No ITS stop or start sites were identified for sequence SRR12683203.28.1, skipping.
11-05 13:07 root         DEBUG    No ITS stop or start sites were identified for sequence SRR12683203.410.1, skipping.
11-05 13:07 root         DEBUG    No ITS stop or start sites were identified for sequence SRR12683203.413.1, skipping.
11-05 13:07 root         DEBUG    No ITS stop or start sites were identified for sequence SRR12683203.26.1, skipping.
11-05 13:07 root         DEBUG    No ITS stop or start sites were identified for sequence SRR12683203.4.1, skipping.
11-05 13:07 root         DEBUG    No ITS stop or start sites were identified for sequence SRR12683203.78.1, skipping.
11-05 13:07 root         DEBUG    No ITS stop or start sites were identified for sequence SRR12683203.80.1, skipping.
11-05 13:07 root         DEBUG    No ITS stop or start sites were identified for sequence SRR12683203.28.1, skipping.
11-05 13:07 root         DEBUG    No ITS stop or start sites were identified for sequence SRR12683203.285.1, skipping.
11-05 13:07 root         DEBUG    No ITS stop or start sites were identified for sequence SRR12683203.4.1, skipping.
11-05 13:07 root         DEBUG    No ITS stop or start sites were identified for sequence SRR12683203.440.1, skipping.
11-05 13:07 root         DEBUG    No ITS stop or start sites were identified for sequence SRR12683203.443.1, skipping.
11-05 13:07 root         DEBUG    No ITS stop or start sites were identified for sequence SRR12683203.4.1, skipping.
11-05 13:07 root         DEBUG    No ITS stop or start sites were identified for sequence SRR12683203.448.1, skipping.
11-05 13:07 root         DEBUG    No ITS stop or start sites were identified for sequence SRR12683203.449.1, skipping.
11-05 13:07 root         DEBUG    No ITS stop or start sites were identified for sequence SRR12683203.28.1, skipping.
11-05 13:07 root         DEBUG    No ITS stop or start sites were identified for sequence SRR12683203.28.1, skipping.
11-05 13:07 root         DEBUG    No ITS stop or start sites were identified for sequence SRR12683203.40.1, skipping.
11-05 13:07 root         DEBUG    No ITS stop or start sites were identified for sequence SRR12683203.476.1, skipping.
11-05 13:07 root         DEBUG    No ITS stop or start sites were identified for sequence SRR12683203.38.1, skipping.
11-05 13:07 root         DEBUG    No ITS stop or start sites were identified for sequence SRR12683203.480.1, skipping.
11-05 13:07 root         DEBUG    No ITS stop or start sites were identified for sequence SRR12683203.482.1, skipping.
11-05 13:07 root         DEBUG    No ITS stop or start sites were identified for sequence SRR12683203.483.1, skipping.
11-05 13:07 root         DEBUG    No ITS stop or start sites were identified for sequence SRR12683203.231.1, skipping.
11-05 13:07 root         DEBUG    No ITS stop or start sites were identified for sequence SRR12683203.104.1, skipping.
11-05 13:07 root         DEBUG    No ITS stop or start sites were identified for sequence SRR12683203.488.1, skipping.
11-05 13:07 root         DEBUG    No ITS stop or start sites were identified for sequence SRR12683203.26.1, skipping.
11-05 13:07 root         DEBUG    No ITS stop or start sites were identified for sequence SRR12683203.28.1, skipping.
11-05 13:07 root         DEBUG    No ITS stop or start sites were identified for sequence SRR12683203.28.1, skipping.
11-05 13:07 root         DEBUG    No ITS stop or start sites were identified for sequence SRR12683203.497.1, skipping.
11-05 13:07 root         DEBUG    No ITS stop or start sites were identified for sequence SRR12683203.413.1, skipping.
11-05 13:07 root         DEBUG    No ITS stop or start sites were identified for sequence SRR12683203.28.1, skipping.
11-05 13:07 root         DEBUG    No ITS stop or start sites were identified for sequence SRR12683203.511.1, skipping.
11-05 13:07 root         DEBUG    No ITS stop or start sites were identified for sequence SRR12683203.26.1, skipping.
11-05 13:07 root         DEBUG    No ITS stop or start sites were identified for sequence SRR12683203.4.1, skipping.
11-05 13:07 root         DEBUG    No ITS stop or start sites were identified for sequence SRR12683203.514.1, skipping.
11-05 13:07 root         DEBUG    No ITS stop or start sites were identified for sequence SRR12683203.28.1, skipping.
11-05 13:07 root         DEBUG    No ITS stop or start sites were identified for sequence SRR12683203.26.1, skipping.
11-05 13:07 root         DEBUG    No ITS stop or start sites were identified for sequence SRR12683203.292.1, skipping.
11-05 13:07 root         DEBUG    No ITS stop or start sites were identified for sequence SRR12683203.527.1, skipping.
11-05 13:07 root         DEBUG    No ITS stop or start sites were identified for sequence SRR12683203.28.1, skipping.
11-05 13:07 root         DEBUG    No ITS stop or start sites were identified for sequence SRR12683203.30.1, skipping.
11-05 13:07 root         DEBUG    No ITS stop or start sites were identified for sequence SRR12683203.26.1, skipping.
11-05 13:07 root         DEBUG    No ITS stop or start sites were identified for sequence SRR12683203.26.1, skipping.
11-05 13:07 root         DEBUG    No ITS stop or start sites were identified for sequence SRR12683203.26.1, skipping.
11-05 13:07 root         DEBUG    No ITS stop or start sites were identified for sequence SRR12683203.546.1, skipping.
11-05 13:07 root         DEBUG    No ITS stop or start sites were identified for sequence SRR12683203.550.1, skipping.
11-05 13:07 root         DEBUG    No ITS stop or start sites were identified for sequence SRR12683203.30.1, skipping.
11-05 13:07 root         DEBUG    No ITS stop or start sites were identified for sequence SRR12683203.4.1, skipping.
11-05 13:07 root         DEBUG    No ITS stop or start sites were identified for sequence SRR12683203.559.1, skipping.
11-05 13:07 root         DEBUG    No ITS stop or start sites were identified for sequence SRR12683203.4.1, skipping.
11-05 13:07 root         DEBUG    No ITS stop or start sites were identified for sequence SRR12683203.28.1, skipping.
11-05 13:07 root         DEBUG    No ITS stop or start sites were identified for sequence SRR12683203.28.1, skipping.
11-05 13:07 root         DEBUG    No ITS stop or start sites were identified for sequence SRR12683203.4.1, skipping.
11-05 13:07 root         DEBUG    No ITS stop or start sites were identified for sequence SRR12683203.568.1, skipping.
11-05 13:07 root         DEBUG    No ITS stop or start sites were identified for sequence SRR12683203.28.1, skipping.
11-05 13:07 root         DEBUG    No ITS stop or start sites were identified for sequence SRR12683203.26.1, skipping.
11-05 13:07 root         DEBUG    No ITS stop or start sites were identified for sequence SRR12683203.28.1, skipping.
11-05 13:07 root         DEBUG    No ITS stop or start sites were identified for sequence SRR12683203.28.1, skipping.
11-05 13:07 root         DEBUG    No ITS stop or start sites were identified for sequence SRR12683203.449.1, skipping.
11-05 13:07 root         DEBUG    No ITS stop or start sites were identified for sequence SRR12683203.28.1, skipping.
11-05 13:07 root         DEBUG    No ITS stop or start sites were identified for sequence SRR12683203.26.1, skipping.
11-05 13:07 root         DEBUG    No ITS stop or start sites were identified for sequence SRR12683203.587.1, skipping.
11-05 13:07 root         DEBUG    No ITS stop or start sites were identified for sequence SRR12683203.26.1, skipping.
11-05 13:07 root         DEBUG    No ITS stop or start sites were identified for sequence SRR12683203.592.1, skipping.
11-05 13:07 root         DEBUG    No ITS stop or start sites were identified for sequence SRR12683203.559.1, skipping.
11-05 13:07 root         DEBUG    No ITS stop or start sites were identified for sequence SRR12683203.595.1, skipping.
11-05 13:07 root         DEBUG    No ITS stop or start sites were identified for sequence SRR12683203.40.1, skipping.
11-05 13:07 root         DEBUG    No ITS stop or start sites were identified for sequence SRR12683203.226.1, skipping.
11-05 13:07 root         DEBUG    No ITS stop or start sites were identified for sequence SRR12683203.78.1, skipping.
11-05 13:07 root         DEBUG    No ITS stop or start sites were identified for sequence SRR12683203.28.1, skipping.
11-05 13:07 root         DEBUG    No ITS stop or start sites were identified for sequence SRR12683203.28.1, skipping.
11-05 13:07 root         DEBUG    No ITS stop or start sites were identified for sequence SRR12683203.615.1, skipping.
11-05 13:07 root         DEBUG    No ITS stop or start sites were identified for sequence SRR12683203.616.1, skipping.
11-05 13:07 root         DEBUG    No ITS stop or start sites were identified for sequence SRR12683203.620.1, skipping.
11-05 13:07 root         DEBUG    No ITS stop or start sites were identified for sequence SRR12683203.623.1, skipping.
11-05 13:07 root         DEBUG    No ITS stop or start sites were identified for sequence SRR12683203.625.1, skipping.
11-05 13:07 root         DEBUG    No ITS stop or start sites were identified for sequence SRR12683203.626.1, skipping.
11-05 13:07 root         DEBUG    No ITS stop or start sites were identified for sequence SRR12683203.631.1, skipping.
11-05 13:07 root         DEBUG    No ITS stop or start sites were identified for sequence SRR12683203.632.1, skipping.
11-05 13:07 root         DEBUG    No ITS stop or start sites were identified for sequence SRR12683203.648.1, skipping.
11-05 13:07 root         DEBUG    No ITS stop or start sites were identified for sequence SRR12683203.28.1, skipping.
11-05 13:07 root         DEBUG    No ITS stop or start sites were identified for sequence SRR12683203.656.1, skipping.
11-05 13:07 root         DEBUG    No ITS stop or start sites were identified for sequence SRR12683203.26.1, skipping.
11-05 13:07 root         DEBUG    No ITS stop or start sites were identified for sequence SRR12683203.226.1, skipping.
11-05 13:07 root         DEBUG    No ITS stop or start sites were identified for sequence SRR12683203.4.1, skipping.
11-05 13:07 root         DEBUG    No ITS stop or start sites were identified for sequence SRR12683203.77.1, skipping.
11-05 13:07 root         DEBUG    No ITS stop or start sites were identified for sequence SRR12683203.671.1, skipping.
11-05 13:07 root         DEBUG    No ITS stop or start sites were identified for sequence SRR12683203.676.1, skipping.
11-05 13:07 root         DEBUG    No ITS stop or start sites were identified for sequence SRR12683203.677.1, skipping.
11-05 13:07 root         DEBUG    No ITS stop or start sites were identified for sequence SRR12683203.77.1, skipping.
11-05 13:07 root         DEBUG    No ITS stop or start sites were identified for sequence SRR12683203.527.1, skipping.
11-05 13:07 root         DEBUG    No ITS stop or start sites were identified for sequence SRR12683203.694.1, skipping.
11-05 13:07 root         DEBUG    No ITS stop or start sites were identified for sequence SRR12683203.28.1, skipping.
11-05 13:07 root         DEBUG    No ITS stop or start sites were identified for sequence SRR12683203.413.1, skipping.
11-05 13:07 root         DEBUG    No ITS stop or start sites were identified for sequence SRR12683203.38.1, skipping.
11-05 13:07 root         DEBUG    No ITS stop or start sites were identified for sequence SRR12683203.703.1, skipping.
11-05 13:07 root         DEBUG    No ITS stop or start sites were identified for sequence SRR12683203.26.1, skipping.
11-05 13:07 root         DEBUG    No ITS stop or start sites were identified for sequence SRR12683203.4.1, skipping.
11-05 13:07 root         DEBUG    No ITS stop or start sites were identified for sequence SRR12683203.711.1, skipping.
11-05 13:07 root         DEBUG    No ITS stop or start sites were identified for sequence SRR12683203.226.1, skipping.
11-05 13:07 root         DEBUG    No ITS stop or start sites were identified for sequence SRR12683203.527.1, skipping.
11-05 13:07 root         DEBUG    No ITS stop or start sites were identified for sequence SRR12683203.28.1, skipping.
11-05 13:07 root         DEBUG    No ITS stop or start sites were identified for sequence SRR12683203.725.1, skipping.
11-05 13:07 root         DEBUG    No ITS stop or start sites were identified for sequence SRR12683203.727.1, skipping.
11-05 13:07 root         DEBUG    No ITS stop or start sites were identified for sequence SRR12683203.284.1, skipping.
11-05 13:07 root         DEBUG    No ITS stop or start sites were identified for sequence SRR12683203.734.1, skipping.
11-05 13:07 root         DEBUG    No ITS stop or start sites were identified for sequence SRR12683203.23.1, skipping.
11-05 13:07 root         DEBUG    No ITS stop or start sites were identified for sequence SRR12683203.739.1, skipping.
11-05 13:07 root         DEBUG    No ITS stop or start sites were identified for sequence SRR12683203.26.1, skipping.
11-05 13:07 root         DEBUG    No ITS stop or start sites were identified for sequence SRR12683203.28.1, skipping.
11-05 13:07 root         DEBUG    No ITS stop or start sites were identified for sequence SRR12683203.104.1, skipping.
11-05 13:07 root         DEBUG    No ITS stop or start sites were identified for sequence SRR12683203.747.1, skipping.
11-05 13:07 root         DEBUG    No ITS stop or start sites were identified for sequence SRR12683203.751.1, skipping.
11-05 13:07 root         DEBUG    No ITS stop or start sites were identified for sequence SRR12683203.752.1, skipping.
11-05 13:07 root         DEBUG    No ITS stop or start sites were identified for sequence SRR12683203.28.1, skipping.
11-05 13:07 root         DEBUG    No ITS stop or start sites were identified for sequence SRR12683203.759.1, skipping.
11-05 13:07 root         DEBUG    No ITS stop or start sites were identified for sequence SRR12683203.38.1, skipping.
11-05 13:07 root         DEBUG    No ITS stop or start sites were identified for sequence SRR12683203.766.1, skipping.
11-05 13:07 root         DEBUG    No ITS stop or start sites were identified for sequence SRR12683203.770.1, skipping.
11-05 13:07 root         DEBUG    No ITS stop or start sites were identified for sequence SRR12683203.34.1, skipping.
11-05 13:07 root         DEBUG    No ITS stop or start sites were identified for sequence SRR12683203.4.1, skipping.
11-05 13:07 root         DEBUG    No ITS stop or start sites were identified for sequence SRR12683203.776.1, skipping.
11-05 13:07 root         DEBUG    No ITS stop or start sites were identified for sequence SRR12683203.4.1, skipping.
11-05 13:07 root         DEBUG    No ITS stop or start sites were identified for sequence SRR12683203.778.1, skipping.
11-05 13:07 root         DEBUG    No ITS stop or start sites were identified for sequence SRR12683203.28.1, skipping.
11-05 13:07 root         DEBUG    No ITS stop or start sites were identified for sequence SRR12683203.28.1, skipping.
11-05 13:07 root         DEBUG    No ITS stop or start sites were identified for sequence SRR12683203.78.1, skipping.
11-05 13:07 root         DEBUG    No ITS stop or start sites were identified for sequence SRR12683203.792.1, skipping.
11-05 13:07 root         DEBUG    No ITS stop or start sites were identified for sequence SRR12683203.4.1, skipping.
11-05 13:07 root         DEBUG    No ITS stop or start sites were identified for sequence SRR12683203.140.1, skipping.
11-05 13:07 root         DEBUG    No ITS stop or start sites were identified for sequence SRR12683203.284.1, skipping.
11-05 13:07 root         DEBUG    No ITS stop or start sites were identified for sequence SRR12683203.72.1, skipping.
11-05 13:07 root         DEBUG    No ITS stop or start sites were identified for sequence SRR12683203.140.1, skipping.
11-05 13:07 root         DEBUG    No ITS stop or start sites were identified for sequence SRR12683203.28.1, skipping.
11-05 13:07 root         DEBUG    No ITS stop or start sites were identified for sequence SRR12683203.816.1, skipping.
11-05 13:07 root         DEBUG    No ITS stop or start sites were identified for sequence SRR12683203.819.1, skipping.
11-05 13:07 root         DEBUG    No ITS stop or start sites were identified for sequence SRR12683203.616.1, skipping.
11-05 13:07 root         DEBUG    No ITS stop or start sites were identified for sequence SRR12683203.4.1, skipping.
11-05 13:07 root         DEBUG    No ITS stop or start sites were identified for sequence SRR12683203.4.1, skipping.
11-05 13:07 root         DEBUG    No ITS stop or start sites were identified for sequence SRR12683203.23.1, skipping.
11-05 13:07 root         DEBUG    No ITS stop or start sites were identified for sequence SRR12683203.527.1, skipping.
11-05 13:07 root         DEBUG    No ITS stop or start sites were identified for sequence SRR12683203.834.1, skipping.
11-05 13:07 root         DEBUG    No ITS stop or start sites were identified for sequence SRR12683203.4.1, skipping.
11-05 13:07 root         DEBUG    No ITS stop or start sites were identified for sequence SRR12683203.838.1, skipping.
11-05 13:07 root         DEBUG    No ITS stop or start sites were identified for sequence SRR12683203.26.1, skipping.
11-05 13:07 root         DEBUG    No ITS stop or start sites were identified for sequence SRR12683203.4.1, skipping.
11-05 13:07 root         DEBUG    No ITS stop or start sites were identified for sequence SRR12683203.28.1, skipping.
11-05 13:07 root         DEBUG    No ITS stop or start sites were identified for sequence SRR12683203.78.1, skipping.
11-05 13:07 root         DEBUG    No ITS stop or start sites were identified for sequence SRR12683203.866.1, skipping.
11-05 13:07 root         DEBUG    No ITS stop or start sites were identified for sequence SRR12683203.868.1, skipping.
11-05 13:07 root         INFO     ITSxpress ran in 00:00:09
