11-04 21:37 root         INFO     Verifying the input sequences.
11-04 21:37 root         INFO     Sequences are assumed to be single-end.
11-04 21:37 root         INFO     Temporary directory is: /tmp/itsxpress_fui4vuxd
11-04 21:37 root         INFO     Unique sequences are being written to a temporary FASTA file with Vsearch.
11-04 21:37 root         INFO     vsearch v2.7.1_linux_x86_64, 15.6GB RAM, 4 cores
https://github.com/torognes/vsearch

Reading file SRR12683140_pass_1.fastq.gz 100%
695639 nt in 2327 seqs, min 35, max 301, avg 299
Dereplicating 100%
Sorting 100%
1774 unique sequences, avg cluster 1.3, median 1, max 133
Writing output file 100%
Writing uc file, first part 100%
Writing uc file, second part 100%

11-04 21:37 root         INFO     Searching for ITS start and stop sites using HMMSearch. This step takes a while.
11-04 21:37 root         INFO     Parsing HMM results.
11-04 21:37 root         INFO     Writing out sequences
11-04 21:37 root         DEBUG    No ITS stop or start sites were identified for sequence SRR12683140.5.1, skipping.
11-04 21:37 root         DEBUG    No ITS stop or start sites were identified for sequence SRR12683140.14.1, skipping.
11-04 21:37 root         DEBUG    No ITS stop or start sites were identified for sequence SRR12683140.15.1, skipping.
11-04 21:37 root         DEBUG    No ITS stop or start sites were identified for sequence SRR12683140.17.1, skipping.
11-04 21:37 root         DEBUG    No ITS stop or start sites were identified for sequence SRR12683140.23.1, skipping.
11-04 21:37 root         DEBUG    No ITS stop or start sites were identified for sequence SRR12683140.25.1, skipping.
11-04 21:37 root         DEBUG    No ITS stop or start sites were identified for sequence SRR12683140.43.1, skipping.
11-04 21:37 root         DEBUG    No ITS stop or start sites were identified for sequence SRR12683140.46.1, skipping.
11-04 21:37 root         DEBUG    No ITS stop or start sites were identified for sequence SRR12683140.51.1, skipping.
11-04 21:37 root         DEBUG    No ITS stop or start sites were identified for sequence SRR12683140.52.1, skipping.
11-04 21:37 root         DEBUG    No ITS stop or start sites were identified for sequence SRR12683140.54.1, skipping.
11-04 21:37 root         DEBUG    No ITS stop or start sites were identified for sequence SRR12683140.64.1, skipping.
11-04 21:37 root         DEBUG    No ITS stop or start sites were identified for sequence SRR12683140.43.1, skipping.
11-04 21:37 root         DEBUG    No ITS stop or start sites were identified for sequence SRR12683140.80.1, skipping.
11-04 21:37 root         DEBUG    No ITS stop or start sites were identified for sequence SRR12683140.106.1, skipping.
11-04 21:37 root         DEBUG    No ITS stop or start sites were identified for sequence SRR12683140.43.1, skipping.
11-04 21:37 root         DEBUG    No ITS stop or start sites were identified for sequence SRR12683140.43.1, skipping.
11-04 21:37 root         DEBUG    No ITS stop or start sites were identified for sequence SRR12683140.127.1, skipping.
11-04 21:37 root         DEBUG    No ITS stop or start sites were identified for sequence SRR12683140.128.1, skipping.
11-04 21:37 root         DEBUG    No ITS stop or start sites were identified for sequence SRR12683140.132.1, skipping.
11-04 21:37 root         DEBUG    No ITS stop or start sites were identified for sequence SRR12683140.140.1, skipping.
11-04 21:37 root         DEBUG    No ITS stop or start sites were identified for sequence SRR12683140.52.1, skipping.
11-04 21:37 root         DEBUG    No ITS stop or start sites were identified for sequence SRR12683140.155.1, skipping.
11-04 21:37 root         DEBUG    No ITS stop or start sites were identified for sequence SRR12683140.159.1, skipping.
11-04 21:37 root         DEBUG    No ITS stop or start sites were identified for sequence SRR12683140.43.1, skipping.
11-04 21:37 root         DEBUG    No ITS stop or start sites were identified for sequence SRR12683140.163.1, skipping.
11-04 21:37 root         DEBUG    No ITS stop or start sites were identified for sequence SRR12683140.164.1, skipping.
11-04 21:37 root         DEBUG    No ITS stop or start sites were identified for sequence SRR12683140.165.1, skipping.
11-04 21:37 root         DEBUG    No ITS stop or start sites were identified for sequence SRR12683140.43.1, skipping.
11-04 21:37 root         DEBUG    No ITS stop or start sites were identified for sequence SRR12683140.197.1, skipping.
11-04 21:37 root         DEBUG    No ITS stop or start sites were identified for sequence SRR12683140.43.1, skipping.
11-04 21:37 root         DEBUG    No ITS stop or start sites were identified for sequence SRR12683140.201.1, skipping.
11-04 21:37 root         DEBUG    No ITS stop or start sites were identified for sequence SRR12683140.43.1, skipping.
11-04 21:37 root         DEBUG    No ITS stop or start sites were identified for sequence SRR12683140.207.1, skipping.
11-04 21:37 root         DEBUG    No ITS stop or start sites were identified for sequence SRR12683140.208.1, skipping.
11-04 21:37 root         DEBUG    No ITS stop or start sites were identified for sequence SRR12683140.216.1, skipping.
11-04 21:37 root         DEBUG    No ITS stop or start sites were identified for sequence SRR12683140.43.1, skipping.
11-04 21:37 root         DEBUG    No ITS stop or start sites were identified for sequence SRR12683140.218.1, skipping.
11-04 21:37 root         DEBUG    No ITS stop or start sites were identified for sequence SRR12683140.220.1, skipping.
11-04 21:37 root         DEBUG    No ITS stop or start sites were identified for sequence SRR12683140.225.1, skipping.
11-04 21:37 root         DEBUG    No ITS stop or start sites were identified for sequence SRR12683140.43.1, skipping.
11-04 21:37 root         DEBUG    No ITS stop or start sites were identified for sequence SRR12683140.230.1, skipping.
11-04 21:37 root         DEBUG    No ITS stop or start sites were identified for sequence SRR12683140.232.1, skipping.
11-04 21:37 root         DEBUG    No ITS stop or start sites were identified for sequence SRR12683140.243.1, skipping.
11-04 21:37 root         DEBUG    No ITS stop or start sites were identified for sequence SRR12683140.244.1, skipping.
11-04 21:37 root         DEBUG    No ITS stop or start sites were identified for sequence SRR12683140.43.1, skipping.
11-04 21:37 root         DEBUG    No ITS stop or start sites were identified for sequence SRR12683140.250.1, skipping.
11-04 21:37 root         DEBUG    No ITS stop or start sites were identified for sequence SRR12683140.43.1, skipping.
11-04 21:37 root         DEBUG    No ITS stop or start sites were identified for sequence SRR12683140.253.1, skipping.
11-04 21:37 root         DEBUG    No ITS stop or start sites were identified for sequence SRR12683140.43.1, skipping.
11-04 21:37 root         DEBUG    No ITS stop or start sites were identified for sequence SRR12683140.43.1, skipping.
11-04 21:37 root         DEBUG    No ITS stop or start sites were identified for sequence SRR12683140.269.1, skipping.
11-04 21:37 root         DEBUG    No ITS stop or start sites were identified for sequence SRR12683140.270.1, skipping.
11-04 21:37 root         DEBUG    No ITS stop or start sites were identified for sequence SRR12683140.43.1, skipping.
11-04 21:37 root         DEBUG    No ITS stop or start sites were identified for sequence SRR12683140.128.1, skipping.
11-04 21:37 root         DEBUG    No ITS stop or start sites were identified for sequence SRR12683140.284.1, skipping.
11-04 21:37 root         DEBUG    No ITS stop or start sites were identified for sequence SRR12683140.285.1, skipping.
11-04 21:37 root         DEBUG    No ITS stop or start sites were identified for sequence SRR12683140.43.1, skipping.
11-04 21:37 root         DEBUG    No ITS stop or start sites were identified for sequence SRR12683140.43.1, skipping.
11-04 21:37 root         DEBUG    No ITS stop or start sites were identified for sequence SRR12683140.43.1, skipping.
11-04 21:37 root         DEBUG    No ITS stop or start sites were identified for sequence SRR12683140.43.1, skipping.
11-04 21:37 root         DEBUG    No ITS stop or start sites were identified for sequence SRR12683140.43.1, skipping.
11-04 21:37 root         DEBUG    No ITS stop or start sites were identified for sequence SRR12683140.43.1, skipping.
11-04 21:37 root         DEBUG    No ITS stop or start sites were identified for sequence SRR12683140.304.1, skipping.
11-04 21:37 root         DEBUG    No ITS stop or start sites were identified for sequence SRR12683140.310.1, skipping.
11-04 21:37 root         DEBUG    No ITS stop or start sites were identified for sequence SRR12683140.208.1, skipping.
11-04 21:37 root         DEBUG    No ITS stop or start sites were identified for sequence SRR12683140.315.1, skipping.
11-04 21:37 root         DEBUG    No ITS stop or start sites were identified for sequence SRR12683140.43.1, skipping.
11-04 21:37 root         DEBUG    No ITS stop or start sites were identified for sequence SRR12683140.43.1, skipping.
11-04 21:37 root         DEBUG    No ITS stop or start sites were identified for sequence SRR12683140.43.1, skipping.
11-04 21:37 root         DEBUG    No ITS stop or start sites were identified for sequence SRR12683140.333.1, skipping.
11-04 21:37 root         DEBUG    No ITS stop or start sites were identified for sequence SRR12683140.334.1, skipping.
11-04 21:37 root         DEBUG    No ITS stop or start sites were identified for sequence SRR12683140.335.1, skipping.
11-04 21:37 root         DEBUG    No ITS stop or start sites were identified for sequence SRR12683140.337.1, skipping.
11-04 21:37 root         DEBUG    No ITS stop or start sites were identified for sequence SRR12683140.43.1, skipping.
11-04 21:37 root         DEBUG    No ITS stop or start sites were identified for sequence SRR12683140.43.1, skipping.
11-04 21:37 root         DEBUG    No ITS stop or start sites were identified for sequence SRR12683140.343.1, skipping.
11-04 21:37 root         DEBUG    No ITS stop or start sites were identified for sequence SRR12683140.350.1, skipping.
11-04 21:37 root         DEBUG    No ITS stop or start sites were identified for sequence SRR12683140.208.1, skipping.
11-04 21:37 root         DEBUG    No ITS stop or start sites were identified for sequence SRR12683140.357.1, skipping.
11-04 21:37 root         DEBUG    No ITS stop or start sites were identified for sequence SRR12683140.360.1, skipping.
11-04 21:37 root         DEBUG    No ITS stop or start sites were identified for sequence SRR12683140.43.1, skipping.
11-04 21:37 root         DEBUG    No ITS stop or start sites were identified for sequence SRR12683140.43.1, skipping.
11-04 21:37 root         DEBUG    No ITS stop or start sites were identified for sequence SRR12683140.43.1, skipping.
11-04 21:37 root         DEBUG    No ITS stop or start sites were identified for sequence SRR12683140.365.1, skipping.
11-04 21:37 root         DEBUG    No ITS stop or start sites were identified for sequence SRR12683140.366.1, skipping.
11-04 21:37 root         DEBUG    No ITS stop or start sites were identified for sequence SRR12683140.369.1, skipping.
11-04 21:37 root         DEBUG    No ITS stop or start sites were identified for sequence SRR12683140.370.1, skipping.
11-04 21:37 root         DEBUG    No ITS stop or start sites were identified for sequence SRR12683140.43.1, skipping.
11-04 21:37 root         DEBUG    No ITS stop or start sites were identified for sequence SRR12683140.43.1, skipping.
11-04 21:37 root         DEBUG    No ITS stop or start sites were identified for sequence SRR12683140.373.1, skipping.
11-04 21:37 root         DEBUG    No ITS stop or start sites were identified for sequence SRR12683140.43.1, skipping.
11-04 21:37 root         DEBUG    No ITS stop or start sites were identified for sequence SRR12683140.382.1, skipping.
11-04 21:37 root         DEBUG    No ITS stop or start sites were identified for sequence SRR12683140.386.1, skipping.
11-04 21:37 root         DEBUG    No ITS stop or start sites were identified for sequence SRR12683140.43.1, skipping.
11-04 21:37 root         DEBUG    No ITS stop or start sites were identified for sequence SRR12683140.395.1, skipping.
11-04 21:37 root         DEBUG    No ITS stop or start sites were identified for sequence SRR12683140.399.1, skipping.
11-04 21:37 root         DEBUG    No ITS stop or start sites were identified for sequence SRR12683140.402.1, skipping.
11-04 21:37 root         DEBUG    No ITS stop or start sites were identified for sequence SRR12683140.128.1, skipping.
11-04 21:37 root         DEBUG    No ITS stop or start sites were identified for sequence SRR12683140.409.1, skipping.
11-04 21:37 root         DEBUG    No ITS stop or start sites were identified for sequence SRR12683140.43.1, skipping.
11-04 21:37 root         DEBUG    No ITS stop or start sites were identified for sequence SRR12683140.415.1, skipping.
11-04 21:37 root         DEBUG    No ITS stop or start sites were identified for sequence SRR12683140.420.1, skipping.
11-04 21:37 root         DEBUG    No ITS stop or start sites were identified for sequence SRR12683140.421.1, skipping.
11-04 21:37 root         DEBUG    No ITS stop or start sites were identified for sequence SRR12683140.422.1, skipping.
11-04 21:37 root         DEBUG    No ITS stop or start sites were identified for sequence SRR12683140.43.1, skipping.
11-04 21:37 root         DEBUG    No ITS stop or start sites were identified for sequence SRR12683140.43.1, skipping.
11-04 21:37 root         DEBUG    No ITS stop or start sites were identified for sequence SRR12683140.427.1, skipping.
11-04 21:37 root         DEBUG    No ITS stop or start sites were identified for sequence SRR12683140.428.1, skipping.
11-04 21:37 root         DEBUG    No ITS stop or start sites were identified for sequence SRR12683140.430.1, skipping.
11-04 21:37 root         DEBUG    No ITS stop or start sites were identified for sequence SRR12683140.43.1, skipping.
11-04 21:37 root         DEBUG    No ITS stop or start sites were identified for sequence SRR12683140.434.1, skipping.
11-04 21:37 root         DEBUG    No ITS stop or start sites were identified for sequence SRR12683140.43.1, skipping.
11-04 21:37 root         DEBUG    No ITS stop or start sites were identified for sequence SRR12683140.208.1, skipping.
11-04 21:37 root         DEBUG    No ITS stop or start sites were identified for sequence SRR12683140.128.1, skipping.
11-04 21:37 root         DEBUG    No ITS stop or start sites were identified for sequence SRR12683140.80.1, skipping.
11-04 21:37 root         DEBUG    No ITS stop or start sites were identified for sequence SRR12683140.447.1, skipping.
11-04 21:37 root         DEBUG    No ITS stop or start sites were identified for sequence SRR12683140.451.1, skipping.
11-04 21:37 root         DEBUG    No ITS stop or start sites were identified for sequence SRR12683140.253.1, skipping.
11-04 21:37 root         DEBUG    No ITS stop or start sites were identified for sequence SRR12683140.466.1, skipping.
11-04 21:37 root         DEBUG    No ITS stop or start sites were identified for sequence SRR12683140.128.1, skipping.
11-04 21:37 root         DEBUG    No ITS stop or start sites were identified for sequence SRR12683140.470.1, skipping.
11-04 21:37 root         DEBUG    No ITS stop or start sites were identified for sequence SRR12683140.43.1, skipping.
11-04 21:37 root         DEBUG    No ITS stop or start sites were identified for sequence SRR12683140.489.1, skipping.
11-04 21:37 root         DEBUG    No ITS stop or start sites were identified for sequence SRR12683140.43.1, skipping.
11-04 21:37 root         DEBUG    No ITS stop or start sites were identified for sequence SRR12683140.493.1, skipping.
11-04 21:37 root         DEBUG    No ITS stop or start sites were identified for sequence SRR12683140.496.1, skipping.
11-04 21:37 root         DEBUG    No ITS stop or start sites were identified for sequence SRR12683140.503.1, skipping.
11-04 21:37 root         DEBUG    No ITS stop or start sites were identified for sequence SRR12683140.504.1, skipping.
11-04 21:37 root         DEBUG    No ITS stop or start sites were identified for sequence SRR12683140.508.1, skipping.
11-04 21:37 root         DEBUG    No ITS stop or start sites were identified for sequence SRR12683140.512.1, skipping.
11-04 21:37 root         DEBUG    No ITS stop or start sites were identified for sequence SRR12683140.519.1, skipping.
11-04 21:37 root         DEBUG    No ITS stop or start sites were identified for sequence SRR12683140.530.1, skipping.
11-04 21:37 root         DEBUG    No ITS stop or start sites were identified for sequence SRR12683140.532.1, skipping.
11-04 21:37 root         DEBUG    No ITS stop or start sites were identified for sequence SRR12683140.545.1, skipping.
11-04 21:37 root         DEBUG    No ITS stop or start sites were identified for sequence SRR12683140.530.1, skipping.
11-04 21:37 root         DEBUG    No ITS stop or start sites were identified for sequence SRR12683140.552.1, skipping.
11-04 21:37 root         DEBUG    No ITS stop or start sites were identified for sequence SRR12683140.43.1, skipping.
11-04 21:37 root         DEBUG    No ITS stop or start sites were identified for sequence SRR12683140.561.1, skipping.
11-04 21:37 root         DEBUG    No ITS stop or start sites were identified for sequence SRR12683140.566.1, skipping.
11-04 21:37 root         DEBUG    No ITS stop or start sites were identified for sequence SRR12683140.373.1, skipping.
11-04 21:37 root         DEBUG    No ITS stop or start sites were identified for sequence SRR12683140.530.1, skipping.
11-04 21:37 root         DEBUG    No ITS stop or start sites were identified for sequence SRR12683140.575.1, skipping.
11-04 21:37 root         DEBUG    No ITS stop or start sites were identified for sequence SRR12683140.577.1, skipping.
11-04 21:37 root         DEBUG    No ITS stop or start sites were identified for sequence SRR12683140.582.1, skipping.
11-04 21:37 root         DEBUG    No ITS stop or start sites were identified for sequence SRR12683140.584.1, skipping.
11-04 21:37 root         DEBUG    No ITS stop or start sites were identified for sequence SRR12683140.589.1, skipping.
11-04 21:37 root         DEBUG    No ITS stop or start sites were identified for sequence SRR12683140.593.1, skipping.
11-04 21:37 root         DEBUG    No ITS stop or start sites were identified for sequence SRR12683140.451.1, skipping.
11-04 21:37 root         DEBUG    No ITS stop or start sites were identified for sequence SRR12683140.597.1, skipping.
11-04 21:37 root         DEBUG    No ITS stop or start sites were identified for sequence SRR12683140.600.1, skipping.
11-04 21:37 root         DEBUG    No ITS stop or start sites were identified for sequence SRR12683140.43.1, skipping.
11-04 21:37 root         DEBUG    No ITS stop or start sites were identified for sequence SRR12683140.609.1, skipping.
11-04 21:37 root         DEBUG    No ITS stop or start sites were identified for sequence SRR12683140.612.1, skipping.
11-04 21:37 root         DEBUG    No ITS stop or start sites were identified for sequence SRR12683140.616.1, skipping.
11-04 21:37 root         DEBUG    No ITS stop or start sites were identified for sequence SRR12683140.621.1, skipping.
11-04 21:37 root         DEBUG    No ITS stop or start sites were identified for sequence SRR12683140.636.1, skipping.
11-04 21:37 root         DEBUG    No ITS stop or start sites were identified for sequence SRR12683140.639.1, skipping.
11-04 21:37 root         DEBUG    No ITS stop or start sites were identified for sequence SRR12683140.657.1, skipping.
11-04 21:37 root         DEBUG    No ITS stop or start sites were identified for sequence SRR12683140.664.1, skipping.
11-04 21:37 root         DEBUG    No ITS stop or start sites were identified for sequence SRR12683140.667.1, skipping.
11-04 21:37 root         DEBUG    No ITS stop or start sites were identified for sequence SRR12683140.671.1, skipping.
11-04 21:37 root         DEBUG    No ITS stop or start sites were identified for sequence SRR12683140.672.1, skipping.
11-04 21:37 root         DEBUG    No ITS stop or start sites were identified for sequence SRR12683140.676.1, skipping.
11-04 21:37 root         DEBUG    No ITS stop or start sites were identified for sequence SRR12683140.703.1, skipping.
11-04 21:37 root         DEBUG    No ITS stop or start sites were identified for sequence SRR12683140.708.1, skipping.
11-04 21:37 root         DEBUG    No ITS stop or start sites were identified for sequence SRR12683140.128.1, skipping.
11-04 21:37 root         DEBUG    No ITS stop or start sites were identified for sequence SRR12683140.43.1, skipping.
11-04 21:37 root         DEBUG    No ITS stop or start sites were identified for sequence SRR12683140.716.1, skipping.
11-04 21:37 root         DEBUG    No ITS stop or start sites were identified for sequence SRR12683140.43.1, skipping.
11-04 21:37 root         DEBUG    No ITS stop or start sites were identified for sequence SRR12683140.722.1, skipping.
11-04 21:37 root         DEBUG    No ITS stop or start sites were identified for sequence SRR12683140.724.1, skipping.
11-04 21:37 root         DEBUG    No ITS stop or start sites were identified for sequence SRR12683140.725.1, skipping.
11-04 21:37 root         DEBUG    No ITS stop or start sites were identified for sequence SRR12683140.727.1, skipping.
11-04 21:37 root         DEBUG    No ITS stop or start sites were identified for sequence SRR12683140.208.1, skipping.
11-04 21:37 root         DEBUG    No ITS stop or start sites were identified for sequence SRR12683140.43.1, skipping.
11-04 21:37 root         DEBUG    No ITS stop or start sites were identified for sequence SRR12683140.738.1, skipping.
11-04 21:37 root         DEBUG    No ITS stop or start sites were identified for sequence SRR12683140.43.1, skipping.
11-04 21:37 root         DEBUG    No ITS stop or start sites were identified for sequence SRR12683140.43.1, skipping.
11-04 21:37 root         DEBUG    No ITS stop or start sites were identified for sequence SRR12683140.755.1, skipping.
11-04 21:37 root         DEBUG    No ITS stop or start sites were identified for sequence SRR12683140.756.1, skipping.
11-04 21:37 root         DEBUG    No ITS stop or start sites were identified for sequence SRR12683140.767.1, skipping.
11-04 21:37 root         DEBUG    No ITS stop or start sites were identified for sequence SRR12683140.128.1, skipping.
11-04 21:37 root         DEBUG    No ITS stop or start sites were identified for sequence SRR12683140.774.1, skipping.
11-04 21:37 root         DEBUG    No ITS stop or start sites were identified for sequence SRR12683140.43.1, skipping.
11-04 21:37 root         DEBUG    No ITS stop or start sites were identified for sequence SRR12683140.43.1, skipping.
11-04 21:37 root         DEBUG    No ITS stop or start sites were identified for sequence SRR12683140.796.1, skipping.
11-04 21:37 root         DEBUG    No ITS stop or start sites were identified for sequence SRR12683140.801.1, skipping.
11-04 21:37 root         DEBUG    No ITS stop or start sites were identified for sequence SRR12683140.43.1, skipping.
11-04 21:37 root         DEBUG    No ITS stop or start sites were identified for sequence SRR12683140.809.1, skipping.
11-04 21:37 root         DEBUG    No ITS stop or start sites were identified for sequence SRR12683140.43.1, skipping.
11-04 21:37 root         DEBUG    No ITS stop or start sites were identified for sequence SRR12683140.815.1, skipping.
11-04 21:37 root         DEBUG    No ITS stop or start sites were identified for sequence SRR12683140.128.1, skipping.
11-04 21:37 root         DEBUG    No ITS stop or start sites were identified for sequence SRR12683140.128.1, skipping.
11-04 21:37 root         DEBUG    No ITS stop or start sites were identified for sequence SRR12683140.43.1, skipping.
11-04 21:37 root         DEBUG    No ITS stop or start sites were identified for sequence SRR12683140.43.1, skipping.
11-04 21:37 root         DEBUG    No ITS stop or start sites were identified for sequence SRR12683140.834.1, skipping.
11-04 21:37 root         DEBUG    No ITS stop or start sites were identified for sequence SRR12683140.843.1, skipping.
11-04 21:37 root         DEBUG    No ITS stop or start sites were identified for sequence SRR12683140.846.1, skipping.
11-04 21:37 root         DEBUG    No ITS stop or start sites were identified for sequence SRR12683140.208.1, skipping.
11-04 21:37 root         DEBUG    No ITS stop or start sites were identified for sequence SRR12683140.43.1, skipping.
11-04 21:37 root         DEBUG    No ITS stop or start sites were identified for sequence SRR12683140.43.1, skipping.
11-04 21:37 root         DEBUG    No ITS stop or start sites were identified for sequence SRR12683140.856.1, skipping.
11-04 21:37 root         DEBUG    No ITS stop or start sites were identified for sequence SRR12683140.858.1, skipping.
11-04 21:37 root         DEBUG    No ITS stop or start sites were identified for sequence SRR12683140.43.1, skipping.
11-04 21:37 root         DEBUG    No ITS stop or start sites were identified for sequence SRR12683140.208.1, skipping.
11-04 21:37 root         DEBUG    No ITS stop or start sites were identified for sequence SRR12683140.874.1, skipping.
11-04 21:37 root         DEBUG    No ITS stop or start sites were identified for sequence SRR12683140.886.1, skipping.
11-04 21:37 root         DEBUG    No ITS stop or start sites were identified for sequence SRR12683140.887.1, skipping.
11-04 21:37 root         DEBUG    No ITS stop or start sites were identified for sequence SRR12683140.128.1, skipping.
11-04 21:37 root         DEBUG    No ITS stop or start sites were identified for sequence SRR12683140.905.1, skipping.
11-04 21:37 root         DEBUG    No ITS stop or start sites were identified for sequence SRR12683140.908.1, skipping.
11-04 21:37 root         DEBUG    No ITS stop or start sites were identified for sequence SRR12683140.910.1, skipping.
11-04 21:37 root         DEBUG    No ITS stop or start sites were identified for sequence SRR12683140.43.1, skipping.
11-04 21:37 root         DEBUG    No ITS stop or start sites were identified for sequence SRR12683140.924.1, skipping.
11-04 21:37 root         DEBUG    No ITS stop or start sites were identified for sequence SRR12683140.208.1, skipping.
11-04 21:37 root         DEBUG    No ITS stop or start sites were identified for sequence SRR12683140.928.1, skipping.
11-04 21:37 root         DEBUG    No ITS stop or start sites were identified for sequence SRR12683140.703.1, skipping.
11-04 21:37 root         DEBUG    No ITS stop or start sites were identified for sequence SRR12683140.950.1, skipping.
11-04 21:37 root         DEBUG    No ITS stop or start sites were identified for sequence SRR12683140.43.1, skipping.
11-04 21:37 root         DEBUG    No ITS stop or start sites were identified for sequence SRR12683140.953.1, skipping.
11-04 21:37 root         DEBUG    No ITS stop or start sites were identified for sequence SRR12683140.961.1, skipping.
11-04 21:37 root         DEBUG    No ITS stop or start sites were identified for sequence SRR12683140.908.1, skipping.
11-04 21:37 root         DEBUG    No ITS stop or start sites were identified for sequence SRR12683140.43.1, skipping.
11-04 21:37 root         DEBUG    No ITS stop or start sites were identified for sequence SRR12683140.971.1, skipping.
11-04 21:37 root         DEBUG    No ITS stop or start sites were identified for sequence SRR12683140.978.1, skipping.
11-04 21:37 root         DEBUG    No ITS stop or start sites were identified for sequence SRR12683140.979.1, skipping.
11-04 21:37 root         DEBUG    No ITS stop or start sites were identified for sequence SRR12683140.980.1, skipping.
11-04 21:37 root         DEBUG    No ITS stop or start sites were identified for sequence SRR12683140.43.1, skipping.
11-04 21:37 root         DEBUG    No ITS stop or start sites were identified for sequence SRR12683140.989.1, skipping.
11-04 21:37 root         DEBUG    No ITS stop or start sites were identified for sequence SRR12683140.990.1, skipping.
11-04 21:37 root         DEBUG    No ITS stop or start sites were identified for sequence SRR12683140.127.1, skipping.
11-04 21:37 root         DEBUG    No ITS stop or start sites were identified for sequence SRR12683140.1002.1, skipping.
11-04 21:37 root         DEBUG    No ITS stop or start sites were identified for sequence SRR12683140.43.1, skipping.
11-04 21:37 root         DEBUG    No ITS stop or start sites were identified for sequence SRR12683140.1006.1, skipping.
11-04 21:37 root         DEBUG    No ITS stop or start sites were identified for sequence SRR12683140.1021.1, skipping.
11-04 21:37 root         DEBUG    No ITS stop or start sites were identified for sequence SRR12683140.43.1, skipping.
11-04 21:37 root         DEBUG    No ITS stop or start sites were identified for sequence SRR12683140.43.1, skipping.
11-04 21:37 root         DEBUG    No ITS stop or start sites were identified for sequence SRR12683140.1027.1, skipping.
11-04 21:37 root         DEBUG    No ITS stop or start sites were identified for sequence SRR12683140.530.1, skipping.
11-04 21:37 root         DEBUG    No ITS stop or start sites were identified for sequence SRR12683140.1050.1, skipping.
11-04 21:37 root         DEBUG    No ITS stop or start sites were identified for sequence SRR12683140.1054.1, skipping.
11-04 21:37 root         DEBUG    No ITS stop or start sites were identified for sequence SRR12683140.43.1, skipping.
11-04 21:37 root         DEBUG    No ITS stop or start sites were identified for sequence SRR12683140.1063.1, skipping.
11-04 21:37 root         DEBUG    No ITS stop or start sites were identified for sequence SRR12683140.253.1, skipping.
11-04 21:37 root         DEBUG    No ITS stop or start sites were identified for sequence SRR12683140.357.1, skipping.
11-04 21:37 root         DEBUG    No ITS stop or start sites were identified for sequence SRR12683140.1078.1, skipping.
11-04 21:37 root         DEBUG    No ITS stop or start sites were identified for sequence SRR12683140.43.1, skipping.
11-04 21:37 root         DEBUG    No ITS stop or start sites were identified for sequence SRR12683140.128.1, skipping.
11-04 21:37 root         DEBUG    No ITS stop or start sites were identified for sequence SRR12683140.43.1, skipping.
11-04 21:37 root         DEBUG    No ITS stop or start sites were identified for sequence SRR12683140.43.1, skipping.
11-04 21:37 root         DEBUG    No ITS stop or start sites were identified for sequence SRR12683140.1101.1, skipping.
11-04 21:37 root         DEBUG    No ITS stop or start sites were identified for sequence SRR12683140.43.1, skipping.
11-04 21:37 root         DEBUG    No ITS stop or start sites were identified for sequence SRR12683140.1123.1, skipping.
11-04 21:37 root         DEBUG    No ITS stop or start sites were identified for sequence SRR12683140.1125.1, skipping.
11-04 21:37 root         DEBUG    No ITS stop or start sites were identified for sequence SRR12683140.128.1, skipping.
11-04 21:37 root         DEBUG    No ITS stop or start sites were identified for sequence SRR12683140.43.1, skipping.
11-04 21:37 root         DEBUG    No ITS stop or start sites were identified for sequence SRR12683140.43.1, skipping.
11-04 21:37 root         DEBUG    No ITS stop or start sites were identified for sequence SRR12683140.1138.1, skipping.
11-04 21:37 root         DEBUG    No ITS stop or start sites were identified for sequence SRR12683140.43.1, skipping.
11-04 21:37 root         DEBUG    No ITS stop or start sites were identified for sequence SRR12683140.1144.1, skipping.
11-04 21:37 root         DEBUG    No ITS stop or start sites were identified for sequence SRR12683140.43.1, skipping.
11-04 21:37 root         DEBUG    No ITS stop or start sites were identified for sequence SRR12683140.1165.1, skipping.
11-04 21:37 root         DEBUG    No ITS stop or start sites were identified for sequence SRR12683140.1169.1, skipping.
11-04 21:37 root         DEBUG    No ITS stop or start sites were identified for sequence SRR12683140.1175.1, skipping.
11-04 21:37 root         DEBUG    No ITS stop or start sites were identified for sequence SRR12683140.1178.1, skipping.
11-04 21:37 root         DEBUG    No ITS stop or start sites were identified for sequence SRR12683140.1179.1, skipping.
11-04 21:37 root         DEBUG    No ITS stop or start sites were identified for sequence SRR12683140.43.1, skipping.
11-04 21:37 root         DEBUG    No ITS stop or start sites were identified for sequence SRR12683140.1188.1, skipping.
11-04 21:37 root         DEBUG    No ITS stop or start sites were identified for sequence SRR12683140.1197.1, skipping.
11-04 21:37 root         DEBUG    No ITS stop or start sites were identified for sequence SRR12683140.43.1, skipping.
11-04 21:37 root         DEBUG    No ITS stop or start sites were identified for sequence SRR12683140.1205.1, skipping.
11-04 21:37 root         DEBUG    No ITS stop or start sites were identified for sequence SRR12683140.1232.1, skipping.
11-04 21:37 root         DEBUG    No ITS stop or start sites were identified for sequence SRR12683140.208.1, skipping.
11-04 21:37 root         DEBUG    No ITS stop or start sites were identified for sequence SRR12683140.52.1, skipping.
11-04 21:37 root         DEBUG    No ITS stop or start sites were identified for sequence SRR12683140.208.1, skipping.
11-04 21:37 root         DEBUG    No ITS stop or start sites were identified for sequence SRR12683140.43.1, skipping.
11-04 21:37 root         DEBUG    No ITS stop or start sites were identified for sequence SRR12683140.43.1, skipping.
11-04 21:37 root         DEBUG    No ITS stop or start sites were identified for sequence SRR12683140.530.1, skipping.
11-04 21:37 root         DEBUG    No ITS stop or start sites were identified for sequence SRR12683140.253.1, skipping.
11-04 21:37 root         DEBUG    No ITS stop or start sites were identified for sequence SRR12683140.253.1, skipping.
11-04 21:37 root         DEBUG    No ITS stop or start sites were identified for sequence SRR12683140.1261.1, skipping.
11-04 21:37 root         DEBUG    No ITS stop or start sites were identified for sequence SRR12683140.1262.1, skipping.
11-04 21:37 root         DEBUG    No ITS stop or start sites were identified for sequence SRR12683140.43.1, skipping.
11-04 21:37 root         DEBUG    No ITS stop or start sites were identified for sequence SRR12683140.1270.1, skipping.
11-04 21:37 root         DEBUG    No ITS stop or start sites were identified for sequence SRR12683140.43.1, skipping.
11-04 21:37 root         DEBUG    No ITS stop or start sites were identified for sequence SRR12683140.1292.1, skipping.
11-04 21:37 root         DEBUG    No ITS stop or start sites were identified for sequence SRR12683140.1293.1, skipping.
11-04 21:37 root         DEBUG    No ITS stop or start sites were identified for sequence SRR12683140.1294.1, skipping.
11-04 21:37 root         DEBUG    No ITS stop or start sites were identified for sequence SRR12683140.1296.1, skipping.
11-04 21:37 root         DEBUG    No ITS stop or start sites were identified for sequence SRR12683140.1301.1, skipping.
11-04 21:37 root         DEBUG    No ITS stop or start sites were identified for sequence SRR12683140.1302.1, skipping.
11-04 21:37 root         DEBUG    No ITS stop or start sites were identified for sequence SRR12683140.127.1, skipping.
11-04 21:37 root         DEBUG    No ITS stop or start sites were identified for sequence SRR12683140.43.1, skipping.
11-04 21:37 root         DEBUG    No ITS stop or start sites were identified for sequence SRR12683140.1322.1, skipping.
11-04 21:37 root         DEBUG    No ITS stop or start sites were identified for sequence SRR12683140.253.1, skipping.
11-04 21:37 root         DEBUG    No ITS stop or start sites were identified for sequence SRR12683140.1337.1, skipping.
11-04 21:37 root         DEBUG    No ITS stop or start sites were identified for sequence SRR12683140.1342.1, skipping.
11-04 21:37 root         DEBUG    No ITS stop or start sites were identified for sequence SRR12683140.1345.1, skipping.
11-04 21:37 root         DEBUG    No ITS stop or start sites were identified for sequence SRR12683140.1347.1, skipping.
11-04 21:37 root         DEBUG    No ITS stop or start sites were identified for sequence SRR12683140.43.1, skipping.
11-04 21:37 root         DEBUG    No ITS stop or start sites were identified for sequence SRR12683140.1357.1, skipping.
11-04 21:37 root         DEBUG    No ITS stop or start sites were identified for sequence SRR12683140.1359.1, skipping.
11-04 21:37 root         DEBUG    No ITS stop or start sites were identified for sequence SRR12683140.43.1, skipping.
11-04 21:37 root         DEBUG    No ITS stop or start sites were identified for sequence SRR12683140.43.1, skipping.
11-04 21:37 root         DEBUG    No ITS stop or start sites were identified for sequence SRR12683140.208.1, skipping.
11-04 21:37 root         DEBUG    No ITS stop or start sites were identified for sequence SRR12683140.208.1, skipping.
11-04 21:37 root         DEBUG    No ITS stop or start sites were identified for sequence SRR12683140.208.1, skipping.
11-04 21:37 root         DEBUG    No ITS stop or start sites were identified for sequence SRR12683140.1382.1, skipping.
11-04 21:37 root         DEBUG    No ITS stop or start sites were identified for sequence SRR12683140.43.1, skipping.
11-04 21:37 root         DEBUG    No ITS stop or start sites were identified for sequence SRR12683140.208.1, skipping.
11-04 21:37 root         DEBUG    No ITS stop or start sites were identified for sequence SRR12683140.1392.1, skipping.
11-04 21:37 root         DEBUG    No ITS stop or start sites were identified for sequence SRR12683140.14.1, skipping.
11-04 21:37 root         DEBUG    No ITS stop or start sites were identified for sequence SRR12683140.208.1, skipping.
11-04 21:37 root         DEBUG    No ITS stop or start sites were identified for sequence SRR12683140.43.1, skipping.
11-04 21:37 root         DEBUG    No ITS stop or start sites were identified for sequence SRR12683140.1407.1, skipping.
11-04 21:37 root         DEBUG    No ITS stop or start sites were identified for sequence SRR12683140.128.1, skipping.
11-04 21:37 root         DEBUG    No ITS stop or start sites were identified for sequence SRR12683140.1434.1, skipping.
11-04 21:37 root         DEBUG    No ITS stop or start sites were identified for sequence SRR12683140.1438.1, skipping.
11-04 21:37 root         DEBUG    No ITS stop or start sites were identified for sequence SRR12683140.253.1, skipping.
11-04 21:37 root         DEBUG    No ITS stop or start sites were identified for sequence SRR12683140.128.1, skipping.
11-04 21:37 root         DEBUG    No ITS stop or start sites were identified for sequence SRR12683140.43.1, skipping.
11-04 21:37 root         DEBUG    No ITS stop or start sites were identified for sequence SRR12683140.1460.1, skipping.
11-04 21:37 root         DEBUG    No ITS stop or start sites were identified for sequence SRR12683140.1461.1, skipping.
11-04 21:37 root         DEBUG    No ITS stop or start sites were identified for sequence SRR12683140.43.1, skipping.
11-04 21:37 root         DEBUG    No ITS stop or start sites were identified for sequence SRR12683140.128.1, skipping.
11-04 21:37 root         DEBUG    No ITS stop or start sites were identified for sequence SRR12683140.1476.1, skipping.
11-04 21:37 root         DEBUG    No ITS stop or start sites were identified for sequence SRR12683140.253.1, skipping.
11-04 21:37 root         DEBUG    No ITS stop or start sites were identified for sequence SRR12683140.1484.1, skipping.
11-04 21:37 root         DEBUG    No ITS stop or start sites were identified for sequence SRR12683140.128.1, skipping.
11-04 21:37 root         DEBUG    No ITS stop or start sites were identified for sequence SRR12683140.1487.1, skipping.
11-04 21:37 root         DEBUG    No ITS stop or start sites were identified for sequence SRR12683140.1494.1, skipping.
11-04 21:37 root         DEBUG    No ITS stop or start sites were identified for sequence SRR12683140.128.1, skipping.
11-04 21:37 root         DEBUG    No ITS stop or start sites were identified for sequence SRR12683140.43.1, skipping.
11-04 21:37 root         DEBUG    No ITS stop or start sites were identified for sequence SRR12683140.43.1, skipping.
11-04 21:37 root         DEBUG    No ITS stop or start sites were identified for sequence SRR12683140.43.1, skipping.
11-04 21:37 root         DEBUG    No ITS stop or start sites were identified for sequence SRR12683140.530.1, skipping.
11-04 21:37 root         DEBUG    No ITS stop or start sites were identified for sequence SRR12683140.1520.1, skipping.
11-04 21:37 root         DEBUG    No ITS stop or start sites were identified for sequence SRR12683140.1521.1, skipping.
11-04 21:37 root         DEBUG    No ITS stop or start sites were identified for sequence SRR12683140.1525.1, skipping.
11-04 21:37 root         DEBUG    No ITS stop or start sites were identified for sequence SRR12683140.1530.1, skipping.
11-04 21:37 root         DEBUG    No ITS stop or start sites were identified for sequence SRR12683140.1535.1, skipping.
11-04 21:37 root         DEBUG    No ITS stop or start sites were identified for sequence SRR12683140.1546.1, skipping.
11-04 21:37 root         DEBUG    No ITS stop or start sites were identified for sequence SRR12683140.1551.1, skipping.
11-04 21:37 root         DEBUG    No ITS stop or start sites were identified for sequence SRR12683140.43.1, skipping.
11-04 21:37 root         DEBUG    No ITS stop or start sites were identified for sequence SRR12683140.208.1, skipping.
11-04 21:37 root         DEBUG    No ITS stop or start sites were identified for sequence SRR12683140.1576.1, skipping.
11-04 21:37 root         DEBUG    No ITS stop or start sites were identified for sequence SRR12683140.43.1, skipping.
11-04 21:37 root         DEBUG    No ITS stop or start sites were identified for sequence SRR12683140.908.1, skipping.
11-04 21:37 root         DEBUG    No ITS stop or start sites were identified for sequence SRR12683140.1382.1, skipping.
11-04 21:37 root         DEBUG    No ITS stop or start sites were identified for sequence SRR12683140.43.1, skipping.
11-04 21:37 root         DEBUG    No ITS stop or start sites were identified for sequence SRR12683140.1583.1, skipping.
11-04 21:37 root         DEBUG    No ITS stop or start sites were identified for sequence SRR12683140.1587.1, skipping.
11-04 21:37 root         DEBUG    No ITS stop or start sites were identified for sequence SRR12683140.1600.1, skipping.
11-04 21:37 root         DEBUG    No ITS stop or start sites were identified for sequence SRR12683140.1604.1, skipping.
11-04 21:37 root         DEBUG    No ITS stop or start sites were identified for sequence SRR12683140.1605.1, skipping.
11-04 21:37 root         DEBUG    No ITS stop or start sites were identified for sequence SRR12683140.1606.1, skipping.
11-04 21:37 root         DEBUG    No ITS stop or start sites were identified for sequence SRR12683140.1608.1, skipping.
11-04 21:37 root         DEBUG    No ITS stop or start sites were identified for sequence SRR12683140.1610.1, skipping.
11-04 21:37 root         DEBUG    No ITS stop or start sites were identified for sequence SRR12683140.1614.1, skipping.
11-04 21:37 root         DEBUG    No ITS stop or start sites were identified for sequence SRR12683140.1616.1, skipping.
11-04 21:37 root         DEBUG    No ITS stop or start sites were identified for sequence SRR12683140.1618.1, skipping.
11-04 21:37 root         DEBUG    No ITS stop or start sites were identified for sequence SRR12683140.1600.1, skipping.
11-04 21:37 root         DEBUG    No ITS stop or start sites were identified for sequence SRR12683140.1629.1, skipping.
11-04 21:37 root         DEBUG    No ITS stop or start sites were identified for sequence SRR12683140.1644.1, skipping.
11-04 21:37 root         DEBUG    No ITS stop or start sites were identified for sequence SRR12683140.1648.1, skipping.
11-04 21:37 root         DEBUG    No ITS stop or start sites were identified for sequence SRR12683140.1650.1, skipping.
11-04 21:37 root         DEBUG    No ITS stop or start sites were identified for sequence SRR12683140.1654.1, skipping.
11-04 21:37 root         DEBUG    No ITS stop or start sites were identified for sequence SRR12683140.43.1, skipping.
11-04 21:37 root         DEBUG    No ITS stop or start sites were identified for sequence SRR12683140.1661.1, skipping.
11-04 21:37 root         DEBUG    No ITS stop or start sites were identified for sequence SRR12683140.1664.1, skipping.
11-04 21:37 root         DEBUG    No ITS stop or start sites were identified for sequence SRR12683140.1670.1, skipping.
11-04 21:37 root         DEBUG    No ITS stop or start sites were identified for sequence SRR12683140.1682.1, skipping.
11-04 21:37 root         DEBUG    No ITS stop or start sites were identified for sequence SRR12683140.208.1, skipping.
11-04 21:37 root         DEBUG    No ITS stop or start sites were identified for sequence SRR12683140.1691.1, skipping.
11-04 21:37 root         DEBUG    No ITS stop or start sites were identified for sequence SRR12683140.466.1, skipping.
11-04 21:37 root         DEBUG    No ITS stop or start sites were identified for sequence SRR12683140.1696.1, skipping.
11-04 21:37 root         DEBUG    No ITS stop or start sites were identified for sequence SRR12683140.1698.1, skipping.
11-04 21:37 root         DEBUG    No ITS stop or start sites were identified for sequence SRR12683140.1700.1, skipping.
11-04 21:37 root         DEBUG    No ITS stop or start sites were identified for sequence SRR12683140.1703.1, skipping.
11-04 21:37 root         DEBUG    No ITS stop or start sites were identified for sequence SRR12683140.1704.1, skipping.
11-04 21:37 root         DEBUG    No ITS stop or start sites were identified for sequence SRR12683140.1706.1, skipping.
11-04 21:37 root         DEBUG    No ITS stop or start sites were identified for sequence SRR12683140.1708.1, skipping.
11-04 21:37 root         DEBUG    No ITS stop or start sites were identified for sequence SRR12683140.1704.1, skipping.
11-04 21:37 root         DEBUG    No ITS stop or start sites were identified for sequence SRR12683140.1715.1, skipping.
11-04 21:37 root         DEBUG    No ITS stop or start sites were identified for sequence SRR12683140.1704.1, skipping.
11-04 21:37 root         DEBUG    No ITS stop or start sites were identified for sequence SRR12683140.1704.1, skipping.
11-04 21:37 root         DEBUG    No ITS stop or start sites were identified for sequence SRR12683140.1721.1, skipping.
11-04 21:37 root         DEBUG    No ITS stop or start sites were identified for sequence SRR12683140.1723.1, skipping.
11-04 21:37 root         DEBUG    No ITS stop or start sites were identified for sequence SRR12683140.1726.1, skipping.
11-04 21:37 root         DEBUG    No ITS stop or start sites were identified for sequence SRR12683140.1704.1, skipping.
11-04 21:37 root         DEBUG    No ITS stop or start sites were identified for sequence SRR12683140.1728.1, skipping.
11-04 21:37 root         DEBUG    No ITS stop or start sites were identified for sequence SRR12683140.1730.1, skipping.
11-04 21:37 root         DEBUG    No ITS stop or start sites were identified for sequence SRR12683140.530.1, skipping.
11-04 21:37 root         DEBUG    No ITS stop or start sites were identified for sequence SRR12683140.466.1, skipping.
11-04 21:37 root         DEBUG    No ITS stop or start sites were identified for sequence SRR12683140.1740.1, skipping.
11-04 21:37 root         DEBUG    No ITS stop or start sites were identified for sequence SRR12683140.253.1, skipping.
11-04 21:37 root         DEBUG    No ITS stop or start sites were identified for sequence SRR12683140.1746.1, skipping.
11-04 21:37 root         DEBUG    No ITS stop or start sites were identified for sequence SRR12683140.1751.1, skipping.
11-04 21:37 root         DEBUG    No ITS stop or start sites were identified for sequence SRR12683140.1752.1, skipping.
11-04 21:37 root         DEBUG    No ITS stop or start sites were identified for sequence SRR12683140.1755.1, skipping.
11-04 21:37 root         DEBUG    No ITS stop or start sites were identified for sequence SRR12683140.703.1, skipping.
11-04 21:37 root         DEBUG    No ITS stop or start sites were identified for sequence SRR12683140.1757.1, skipping.
11-04 21:37 root         DEBUG    No ITS stop or start sites were identified for sequence SRR12683140.208.1, skipping.
11-04 21:37 root         DEBUG    No ITS stop or start sites were identified for sequence SRR12683140.43.1, skipping.
11-04 21:37 root         DEBUG    No ITS stop or start sites were identified for sequence SRR12683140.43.1, skipping.
11-04 21:37 root         DEBUG    No ITS stop or start sites were identified for sequence SRR12683140.1772.1, skipping.
11-04 21:37 root         DEBUG    No ITS stop or start sites were identified for sequence SRR12683140.1785.1, skipping.
11-04 21:37 root         DEBUG    No ITS stop or start sites were identified for sequence SRR12683140.1792.1, skipping.
11-04 21:37 root         DEBUG    No ITS stop or start sites were identified for sequence SRR12683140.1796.1, skipping.
11-04 21:37 root         DEBUG    No ITS stop or start sites were identified for sequence SRR12683140.43.1, skipping.
11-04 21:37 root         DEBUG    No ITS stop or start sites were identified for sequence SRR12683140.1803.1, skipping.
11-04 21:37 root         DEBUG    No ITS stop or start sites were identified for sequence SRR12683140.1805.1, skipping.
11-04 21:37 root         DEBUG    No ITS stop or start sites were identified for sequence SRR12683140.1812.1, skipping.
11-04 21:37 root         DEBUG    No ITS stop or start sites were identified for sequence SRR12683140.1813.1, skipping.
11-04 21:37 root         DEBUG    No ITS stop or start sites were identified for sequence SRR12683140.908.1, skipping.
11-04 21:37 root         DEBUG    No ITS stop or start sites were identified for sequence SRR12683140.43.1, skipping.
11-04 21:37 root         DEBUG    No ITS stop or start sites were identified for sequence SRR12683140.1752.1, skipping.
11-04 21:37 root         DEBUG    No ITS stop or start sites were identified for sequence SRR12683140.1829.1, skipping.
11-04 21:37 root         DEBUG    No ITS stop or start sites were identified for sequence SRR12683140.43.1, skipping.
11-04 21:37 root         DEBUG    No ITS stop or start sites were identified for sequence SRR12683140.253.1, skipping.
11-04 21:37 root         DEBUG    No ITS stop or start sites were identified for sequence SRR12683140.402.1, skipping.
11-04 21:37 root         DEBUG    No ITS stop or start sites were identified for sequence SRR12683140.1843.1, skipping.
11-04 21:37 root         DEBUG    No ITS stop or start sites were identified for sequence SRR12683140.1846.1, skipping.
11-04 21:37 root         DEBUG    No ITS stop or start sites were identified for sequence SRR12683140.43.1, skipping.
11-04 21:37 root         DEBUG    No ITS stop or start sites were identified for sequence SRR12683140.43.1, skipping.
11-04 21:37 root         DEBUG    No ITS stop or start sites were identified for sequence SRR12683140.1853.1, skipping.
11-04 21:37 root         DEBUG    No ITS stop or start sites were identified for sequence SRR12683140.43.1, skipping.
11-04 21:37 root         DEBUG    No ITS stop or start sites were identified for sequence SRR12683140.1857.1, skipping.
11-04 21:37 root         DEBUG    No ITS stop or start sites were identified for sequence SRR12683140.208.1, skipping.
11-04 21:37 root         DEBUG    No ITS stop or start sites were identified for sequence SRR12683140.43.1, skipping.
11-04 21:37 root         DEBUG    No ITS stop or start sites were identified for sequence SRR12683140.253.1, skipping.
11-04 21:37 root         DEBUG    No ITS stop or start sites were identified for sequence SRR12683140.25.1, skipping.
11-04 21:37 root         DEBUG    No ITS stop or start sites were identified for sequence SRR12683140.128.1, skipping.
11-04 21:37 root         DEBUG    No ITS stop or start sites were identified for sequence SRR12683140.1879.1, skipping.
11-04 21:37 root         DEBUG    No ITS stop or start sites were identified for sequence SRR12683140.1883.1, skipping.
11-04 21:37 root         DEBUG    No ITS stop or start sites were identified for sequence SRR12683140.43.1, skipping.
11-04 21:37 root         DEBUG    No ITS stop or start sites were identified for sequence SRR12683140.128.1, skipping.
11-04 21:37 root         DEBUG    No ITS stop or start sites were identified for sequence SRR12683140.1900.1, skipping.
11-04 21:37 root         DEBUG    No ITS stop or start sites were identified for sequence SRR12683140.128.1, skipping.
11-04 21:37 root         DEBUG    No ITS stop or start sites were identified for sequence SRR12683140.1927.1, skipping.
11-04 21:37 root         DEBUG    No ITS stop or start sites were identified for sequence SRR12683140.1929.1, skipping.
11-04 21:37 root         DEBUG    No ITS stop or start sites were identified for sequence SRR12683140.1930.1, skipping.
11-04 21:37 root         DEBUG    No ITS stop or start sites were identified for sequence SRR12683140.208.1, skipping.
11-04 21:37 root         DEBUG    No ITS stop or start sites were identified for sequence SRR12683140.43.1, skipping.
11-04 21:37 root         DEBUG    No ITS stop or start sites were identified for sequence SRR12683140.1941.1, skipping.
11-04 21:37 root         DEBUG    No ITS stop or start sites were identified for sequence SRR12683140.1943.1, skipping.
11-04 21:37 root         DEBUG    No ITS stop or start sites were identified for sequence SRR12683140.43.1, skipping.
11-04 21:37 root         DEBUG    No ITS stop or start sites were identified for sequence SRR12683140.43.1, skipping.
11-04 21:37 root         DEBUG    No ITS stop or start sites were identified for sequence SRR12683140.43.1, skipping.
11-04 21:37 root         DEBUG    No ITS stop or start sites were identified for sequence SRR12683140.253.1, skipping.
11-04 21:37 root         DEBUG    No ITS stop or start sites were identified for sequence SRR12683140.1965.1, skipping.
11-04 21:37 root         DEBUG    No ITS stop or start sites were identified for sequence SRR12683140.1967.1, skipping.
11-04 21:37 root         DEBUG    No ITS stop or start sites were identified for sequence SRR12683140.43.1, skipping.
11-04 21:37 root         DEBUG    No ITS stop or start sites were identified for sequence SRR12683140.1977.1, skipping.
11-04 21:37 root         DEBUG    No ITS stop or start sites were identified for sequence SRR12683140.1980.1, skipping.
11-04 21:37 root         DEBUG    No ITS stop or start sites were identified for sequence SRR12683140.1981.1, skipping.
11-04 21:37 root         DEBUG    No ITS stop or start sites were identified for sequence SRR12683140.43.1, skipping.
11-04 21:37 root         DEBUG    No ITS stop or start sites were identified for sequence SRR12683140.1986.1, skipping.
11-04 21:37 root         DEBUG    No ITS stop or start sites were identified for sequence SRR12683140.1992.1, skipping.
11-04 21:37 root         DEBUG    No ITS stop or start sites were identified for sequence SRR12683140.253.1, skipping.
11-04 21:37 root         DEBUG    No ITS stop or start sites were identified for sequence SRR12683140.2002.1, skipping.
11-04 21:37 root         DEBUG    No ITS stop or start sites were identified for sequence SRR12683140.2013.1, skipping.
11-04 21:37 root         DEBUG    No ITS stop or start sites were identified for sequence SRR12683140.128.1, skipping.
11-04 21:37 root         DEBUG    No ITS stop or start sites were identified for sequence SRR12683140.253.1, skipping.
11-04 21:37 root         DEBUG    No ITS stop or start sites were identified for sequence SRR12683140.2037.1, skipping.
11-04 21:37 root         DEBUG    No ITS stop or start sites were identified for sequence SRR12683140.208.1, skipping.
11-04 21:37 root         DEBUG    No ITS stop or start sites were identified for sequence SRR12683140.2048.1, skipping.
11-04 21:37 root         DEBUG    No ITS stop or start sites were identified for sequence SRR12683140.43.1, skipping.
11-04 21:37 root         DEBUG    No ITS stop or start sites were identified for sequence SRR12683140.2055.1, skipping.
11-04 21:37 root         DEBUG    No ITS stop or start sites were identified for sequence SRR12683140.208.1, skipping.
11-04 21:37 root         DEBUG    No ITS stop or start sites were identified for sequence SRR12683140.2062.1, skipping.
11-04 21:37 root         DEBUG    No ITS stop or start sites were identified for sequence SRR12683140.43.1, skipping.
11-04 21:37 root         DEBUG    No ITS stop or start sites were identified for sequence SRR12683140.43.1, skipping.
11-04 21:37 root         DEBUG    No ITS stop or start sites were identified for sequence SRR12683140.43.1, skipping.
11-04 21:37 root         DEBUG    No ITS stop or start sites were identified for sequence SRR12683140.2077.1, skipping.
11-04 21:37 root         DEBUG    No ITS stop or start sites were identified for sequence SRR12683140.43.1, skipping.
11-04 21:37 root         DEBUG    No ITS stop or start sites were identified for sequence SRR12683140.2087.1, skipping.
11-04 21:37 root         DEBUG    No ITS stop or start sites were identified for sequence SRR12683140.43.1, skipping.
11-04 21:37 root         DEBUG    No ITS stop or start sites were identified for sequence SRR12683140.2108.1, skipping.
11-04 21:37 root         DEBUG    No ITS stop or start sites were identified for sequence SRR12683140.43.1, skipping.
11-04 21:37 root         DEBUG    No ITS stop or start sites were identified for sequence SRR12683140.253.1, skipping.
11-04 21:37 root         DEBUG    No ITS stop or start sites were identified for sequence SRR12683140.2116.1, skipping.
11-04 21:37 root         DEBUG    No ITS stop or start sites were identified for sequence SRR12683140.2118.1, skipping.
11-04 21:37 root         DEBUG    No ITS stop or start sites were identified for sequence SRR12683140.2119.1, skipping.
11-04 21:37 root         DEBUG    No ITS stop or start sites were identified for sequence SRR12683140.43.1, skipping.
11-04 21:37 root         DEBUG    No ITS stop or start sites were identified for sequence SRR12683140.2125.1, skipping.
11-04 21:37 root         DEBUG    No ITS stop or start sites were identified for sequence SRR12683140.43.1, skipping.
11-04 21:37 root         DEBUG    No ITS stop or start sites were identified for sequence SRR12683140.43.1, skipping.
11-04 21:37 root         DEBUG    No ITS stop or start sites were identified for sequence SRR12683140.43.1, skipping.
11-04 21:37 root         DEBUG    No ITS stop or start sites were identified for sequence SRR12683140.2133.1, skipping.
11-04 21:37 root         DEBUG    No ITS stop or start sites were identified for sequence SRR12683140.208.1, skipping.
11-04 21:37 root         DEBUG    No ITS stop or start sites were identified for sequence SRR12683140.128.1, skipping.
11-04 21:37 root         DEBUG    No ITS stop or start sites were identified for sequence SRR12683140.2138.1, skipping.
11-04 21:37 root         DEBUG    No ITS stop or start sites were identified for sequence SRR12683140.2141.1, skipping.
11-04 21:37 root         DEBUG    No ITS stop or start sites were identified for sequence SRR12683140.2145.1, skipping.
11-04 21:37 root         DEBUG    No ITS stop or start sites were identified for sequence SRR12683140.43.1, skipping.
11-04 21:37 root         DEBUG    No ITS stop or start sites were identified for sequence SRR12683140.2156.1, skipping.
11-04 21:37 root         DEBUG    No ITS stop or start sites were identified for sequence SRR12683140.2167.1, skipping.
11-04 21:37 root         DEBUG    No ITS stop or start sites were identified for sequence SRR12683140.43.1, skipping.
11-04 21:37 root         DEBUG    No ITS stop or start sites were identified for sequence SRR12683140.2173.1, skipping.
11-04 21:37 root         DEBUG    No ITS stop or start sites were identified for sequence SRR12683140.2176.1, skipping.
11-04 21:37 root         DEBUG    No ITS stop or start sites were identified for sequence SRR12683140.208.1, skipping.
11-04 21:37 root         DEBUG    No ITS stop or start sites were identified for sequence SRR12683140.1175.1, skipping.
11-04 21:37 root         DEBUG    No ITS stop or start sites were identified for sequence SRR12683140.2191.1, skipping.
11-04 21:37 root         DEBUG    No ITS stop or start sites were identified for sequence SRR12683140.43.1, skipping.
11-04 21:37 root         DEBUG    No ITS stop or start sites were identified for sequence SRR12683140.2207.1, skipping.
11-04 21:37 root         DEBUG    No ITS stop or start sites were identified for sequence SRR12683140.2215.1, skipping.
11-04 21:37 root         DEBUG    No ITS stop or start sites were identified for sequence SRR12683140.2234.1, skipping.
11-04 21:37 root         DEBUG    No ITS stop or start sites were identified for sequence SRR12683140.2238.1, skipping.
11-04 21:37 root         DEBUG    No ITS stop or start sites were identified for sequence SRR12683140.208.1, skipping.
11-04 21:37 root         DEBUG    No ITS stop or start sites were identified for sequence SRR12683140.43.1, skipping.
11-04 21:37 root         DEBUG    No ITS stop or start sites were identified for sequence SRR12683140.43.1, skipping.
11-04 21:37 root         DEBUG    No ITS stop or start sites were identified for sequence SRR12683140.2252.1, skipping.
11-04 21:37 root         DEBUG    No ITS stop or start sites were identified for sequence SRR12683140.2253.1, skipping.
11-04 21:37 root         DEBUG    No ITS stop or start sites were identified for sequence SRR12683140.2255.1, skipping.
11-04 21:37 root         DEBUG    No ITS stop or start sites were identified for sequence SRR12683140.43.1, skipping.
11-04 21:37 root         DEBUG    No ITS stop or start sites were identified for sequence SRR12683140.2278.1, skipping.
11-04 21:37 root         DEBUG    No ITS stop or start sites were identified for sequence SRR12683140.208.1, skipping.
11-04 21:37 root         DEBUG    No ITS stop or start sites were identified for sequence SRR12683140.43.1, skipping.
11-04 21:37 root         DEBUG    No ITS stop or start sites were identified for sequence SRR12683140.43.1, skipping.
11-04 21:37 root         DEBUG    No ITS stop or start sites were identified for sequence SRR12683140.43.1, skipping.
11-04 21:37 root         DEBUG    No ITS stop or start sites were identified for sequence SRR12683140.2294.1, skipping.
11-04 21:37 root         DEBUG    No ITS stop or start sites were identified for sequence SRR12683140.2299.1, skipping.
11-04 21:37 root         DEBUG    No ITS stop or start sites were identified for sequence SRR12683140.2304.1, skipping.
11-04 21:37 root         DEBUG    No ITS stop or start sites were identified for sequence SRR12683140.43.1, skipping.
11-04 21:37 root         DEBUG    No ITS stop or start sites were identified for sequence SRR12683140.52.1, skipping.
11-04 21:37 root         DEBUG    No ITS stop or start sites were identified for sequence SRR12683140.43.1, skipping.
11-04 21:37 root         DEBUG    No ITS stop or start sites were identified for sequence SRR12683140.43.1, skipping.
11-04 21:37 root         DEBUG    No ITS stop or start sites were identified for sequence SRR12683140.43.1, skipping.
11-04 21:37 root         DEBUG    No ITS stop or start sites were identified for sequence SRR12683140.2327.1, skipping.
11-04 21:37 root         INFO     ITSxpress ran in 00:00:18
