11-04 21:52 root         INFO     Verifying the input sequences.
11-04 21:52 root         INFO     Sequences are assumed to be single-end.
11-04 21:52 root         INFO     Temporary directory is: /tmp/itsxpress_cbqc5utv
11-04 21:52 root         INFO     Unique sequences are being written to a temporary FASTA file with Vsearch.
11-04 21:52 root         INFO     vsearch v2.7.1_linux_x86_64, 15.6GB RAM, 4 cores
https://github.com/torognes/vsearch

Reading file SRR12683181_pass_1.fastq.gz 100%
977770 nt in 3358 seqs, min 35, max 301, avg 291
Dereplicating 100%
Sorting 100%
2654 unique sequences, avg cluster 1.3, median 1, max 181
Writing output file 100%
Writing uc file, first part 100%
Writing uc file, second part 100%

11-04 21:52 root         INFO     Searching for ITS start and stop sites using HMMSearch. This step takes a while.
11-04 21:53 root         INFO     Parsing HMM results.
11-04 21:53 root         INFO     Writing out sequences
11-04 21:53 root         DEBUG    No ITS stop or start sites were identified for sequence SRR12683181.1.1, skipping.
11-04 21:53 root         DEBUG    No ITS stop or start sites were identified for sequence SRR12683181.13.1, skipping.
11-04 21:53 root         DEBUG    No ITS stop or start sites were identified for sequence SRR12683181.14.1, skipping.
11-04 21:53 root         DEBUG    No ITS stop or start sites were identified for sequence SRR12683181.18.1, skipping.
11-04 21:53 root         DEBUG    No ITS stop or start sites were identified for sequence SRR12683181.27.1, skipping.
11-04 21:53 root         DEBUG    No ITS stop or start sites were identified for sequence SRR12683181.32.1, skipping.
11-04 21:53 root         DEBUG    No ITS stop or start sites were identified for sequence SRR12683181.37.1, skipping.
11-04 21:53 root         DEBUG    No ITS stop or start sites were identified for sequence SRR12683181.51.1, skipping.
11-04 21:53 root         DEBUG    No ITS stop or start sites were identified for sequence SRR12683181.53.1, skipping.
11-04 21:53 root         DEBUG    No ITS stop or start sites were identified for sequence SRR12683181.57.1, skipping.
11-04 21:53 root         DEBUG    No ITS stop or start sites were identified for sequence SRR12683181.82.1, skipping.
11-04 21:53 root         DEBUG    No ITS stop or start sites were identified for sequence SRR12683181.83.1, skipping.
11-04 21:53 root         DEBUG    No ITS stop or start sites were identified for sequence SRR12683181.91.1, skipping.
11-04 21:53 root         DEBUG    No ITS stop or start sites were identified for sequence SRR12683181.94.1, skipping.
11-04 21:53 root         DEBUG    No ITS stop or start sites were identified for sequence SRR12683181.106.1, skipping.
11-04 21:53 root         DEBUG    No ITS stop or start sites were identified for sequence SRR12683181.108.1, skipping.
11-04 21:53 root         DEBUG    No ITS stop or start sites were identified for sequence SRR12683181.118.1, skipping.
11-04 21:53 root         DEBUG    No ITS stop or start sites were identified for sequence SRR12683181.136.1, skipping.
11-04 21:53 root         DEBUG    No ITS stop or start sites were identified for sequence SRR12683181.152.1, skipping.
11-04 21:53 root         DEBUG    No ITS stop or start sites were identified for sequence SRR12683181.13.1, skipping.
11-04 21:53 root         DEBUG    No ITS stop or start sites were identified for sequence SRR12683181.118.1, skipping.
11-04 21:53 root         DEBUG    No ITS stop or start sites were identified for sequence SRR12683181.13.1, skipping.
11-04 21:53 root         DEBUG    No ITS stop or start sites were identified for sequence SRR12683181.179.1, skipping.
11-04 21:53 root         DEBUG    No ITS stop or start sites were identified for sequence SRR12683181.185.1, skipping.
11-04 21:53 root         DEBUG    No ITS stop or start sites were identified for sequence SRR12683181.193.1, skipping.
11-04 21:53 root         DEBUG    No ITS stop or start sites were identified for sequence SRR12683181.91.1, skipping.
11-04 21:53 root         DEBUG    No ITS stop or start sites were identified for sequence SRR12683181.214.1, skipping.
11-04 21:53 root         DEBUG    No ITS stop or start sites were identified for sequence SRR12683181.232.1, skipping.
11-04 21:53 root         DEBUG    No ITS stop or start sites were identified for sequence SRR12683181.83.1, skipping.
11-04 21:53 root         DEBUG    No ITS stop or start sites were identified for sequence SRR12683181.253.1, skipping.
11-04 21:53 root         DEBUG    No ITS stop or start sites were identified for sequence SRR12683181.106.1, skipping.
11-04 21:53 root         DEBUG    No ITS stop or start sites were identified for sequence SRR12683181.118.1, skipping.
11-04 21:53 root         DEBUG    No ITS stop or start sites were identified for sequence SRR12683181.83.1, skipping.
11-04 21:53 root         DEBUG    No ITS stop or start sites were identified for sequence SRR12683181.106.1, skipping.
11-04 21:53 root         DEBUG    No ITS stop or start sites were identified for sequence SRR12683181.299.1, skipping.
11-04 21:53 root         DEBUG    No ITS stop or start sites were identified for sequence SRR12683181.309.1, skipping.
11-04 21:53 root         DEBUG    No ITS stop or start sites were identified for sequence SRR12683181.106.1, skipping.
11-04 21:53 root         DEBUG    No ITS stop or start sites were identified for sequence SRR12683181.118.1, skipping.
11-04 21:53 root         DEBUG    No ITS stop or start sites were identified for sequence SRR12683181.27.1, skipping.
11-04 21:53 root         DEBUG    No ITS stop or start sites were identified for sequence SRR12683181.399.1, skipping.
11-04 21:53 root         DEBUG    No ITS stop or start sites were identified for sequence SRR12683181.411.1, skipping.
11-04 21:53 root         DEBUG    No ITS stop or start sites were identified for sequence SRR12683181.412.1, skipping.
11-04 21:53 root         DEBUG    No ITS stop or start sites were identified for sequence SRR12683181.428.1, skipping.
11-04 21:53 root         DEBUG    No ITS stop or start sites were identified for sequence SRR12683181.83.1, skipping.
11-04 21:53 root         DEBUG    No ITS stop or start sites were identified for sequence SRR12683181.444.1, skipping.
11-04 21:53 root         DEBUG    No ITS stop or start sites were identified for sequence SRR12683181.118.1, skipping.
11-04 21:53 root         DEBUG    No ITS stop or start sites were identified for sequence SRR12683181.467.1, skipping.
11-04 21:53 root         DEBUG    No ITS stop or start sites were identified for sequence SRR12683181.484.1, skipping.
11-04 21:53 root         DEBUG    No ITS stop or start sites were identified for sequence SRR12683181.501.1, skipping.
11-04 21:53 root         DEBUG    No ITS stop or start sites were identified for sequence SRR12683181.518.1, skipping.
11-04 21:53 root         DEBUG    No ITS stop or start sites were identified for sequence SRR12683181.106.1, skipping.
11-04 21:53 root         DEBUG    No ITS stop or start sites were identified for sequence SRR12683181.548.1, skipping.
11-04 21:53 root         DEBUG    No ITS stop or start sites were identified for sequence SRR12683181.550.1, skipping.
11-04 21:53 root         DEBUG    No ITS stop or start sites were identified for sequence SRR12683181.556.1, skipping.
11-04 21:53 root         DEBUG    No ITS stop or start sites were identified for sequence SRR12683181.558.1, skipping.
11-04 21:53 root         DEBUG    No ITS stop or start sites were identified for sequence SRR12683181.560.1, skipping.
11-04 21:53 root         DEBUG    No ITS stop or start sites were identified for sequence SRR12683181.467.1, skipping.
11-04 21:53 root         DEBUG    No ITS stop or start sites were identified for sequence SRR12683181.589.1, skipping.
11-04 21:53 root         DEBUG    No ITS stop or start sites were identified for sequence SRR12683181.602.1, skipping.
11-04 21:53 root         DEBUG    No ITS stop or start sites were identified for sequence SRR12683181.118.1, skipping.
11-04 21:53 root         DEBUG    No ITS stop or start sites were identified for sequence SRR12683181.118.1, skipping.
11-04 21:53 root         DEBUG    No ITS stop or start sites were identified for sequence SRR12683181.667.1, skipping.
11-04 21:53 root         DEBUG    No ITS stop or start sites were identified for sequence SRR12683181.83.1, skipping.
11-04 21:53 root         DEBUG    No ITS stop or start sites were identified for sequence SRR12683181.703.1, skipping.
11-04 21:53 root         DEBUG    No ITS stop or start sites were identified for sequence SRR12683181.728.1, skipping.
11-04 21:53 root         DEBUG    No ITS stop or start sites were identified for sequence SRR12683181.729.1, skipping.
11-04 21:53 root         DEBUG    No ITS stop or start sites were identified for sequence SRR12683181.13.1, skipping.
11-04 21:53 root         DEBUG    No ITS stop or start sites were identified for sequence SRR12683181.13.1, skipping.
11-04 21:53 root         DEBUG    No ITS stop or start sites were identified for sequence SRR12683181.799.1, skipping.
11-04 21:53 root         DEBUG    No ITS stop or start sites were identified for sequence SRR12683181.805.1, skipping.
11-04 21:53 root         DEBUG    No ITS stop or start sites were identified for sequence SRR12683181.837.1, skipping.
11-04 21:53 root         DEBUG    No ITS stop or start sites were identified for sequence SRR12683181.843.1, skipping.
11-04 21:53 root         DEBUG    No ITS stop or start sites were identified for sequence SRR12683181.845.1, skipping.
11-04 21:53 root         DEBUG    No ITS stop or start sites were identified for sequence SRR12683181.854.1, skipping.
11-04 21:53 root         DEBUG    No ITS stop or start sites were identified for sequence SRR12683181.118.1, skipping.
11-04 21:53 root         DEBUG    No ITS stop or start sites were identified for sequence SRR12683181.911.1, skipping.
11-04 21:53 root         DEBUG    No ITS stop or start sites were identified for sequence SRR12683181.428.1, skipping.
11-04 21:53 root         DEBUG    No ITS stop or start sites were identified for sequence SRR12683181.936.1, skipping.
11-04 21:53 root         DEBUG    No ITS stop or start sites were identified for sequence SRR12683181.942.1, skipping.
11-04 21:53 root         DEBUG    No ITS stop or start sites were identified for sequence SRR12683181.946.1, skipping.
11-04 21:53 root         DEBUG    No ITS stop or start sites were identified for sequence SRR12683181.979.1, skipping.
11-04 21:53 root         DEBUG    No ITS stop or start sites were identified for sequence SRR12683181.980.1, skipping.
11-04 21:53 root         DEBUG    No ITS stop or start sites were identified for sequence SRR12683181.1000.1, skipping.
11-04 21:53 root         DEBUG    No ITS stop or start sites were identified for sequence SRR12683181.1001.1, skipping.
11-04 21:53 root         DEBUG    No ITS stop or start sites were identified for sequence SRR12683181.1019.1, skipping.
11-04 21:53 root         DEBUG    No ITS stop or start sites were identified for sequence SRR12683181.1032.1, skipping.
11-04 21:53 root         DEBUG    No ITS stop or start sites were identified for sequence SRR12683181.118.1, skipping.
11-04 21:53 root         DEBUG    No ITS stop or start sites were identified for sequence SRR12683181.1048.1, skipping.
11-04 21:53 root         DEBUG    No ITS stop or start sites were identified for sequence SRR12683181.1049.1, skipping.
11-04 21:53 root         DEBUG    No ITS stop or start sites were identified for sequence SRR12683181.1058.1, skipping.
11-04 21:53 root         DEBUG    No ITS stop or start sites were identified for sequence SRR12683181.1059.1, skipping.
11-04 21:53 root         DEBUG    No ITS stop or start sites were identified for sequence SRR12683181.1060.1, skipping.
11-04 21:53 root         DEBUG    No ITS stop or start sites were identified for sequence SRR12683181.560.1, skipping.
11-04 21:53 root         DEBUG    No ITS stop or start sites were identified for sequence SRR12683181.106.1, skipping.
11-04 21:53 root         DEBUG    No ITS stop or start sites were identified for sequence SRR12683181.13.1, skipping.
11-04 21:53 root         DEBUG    No ITS stop or start sites were identified for sequence SRR12683181.1088.1, skipping.
11-04 21:53 root         DEBUG    No ITS stop or start sites were identified for sequence SRR12683181.1105.1, skipping.
11-04 21:53 root         DEBUG    No ITS stop or start sites were identified for sequence SRR12683181.1120.1, skipping.
11-04 21:53 root         DEBUG    No ITS stop or start sites were identified for sequence SRR12683181.1048.1, skipping.
11-04 21:53 root         DEBUG    No ITS stop or start sites were identified for sequence SRR12683181.1147.1, skipping.
11-04 21:53 root         DEBUG    No ITS stop or start sites were identified for sequence SRR12683181.1186.1, skipping.
11-04 21:53 root         DEBUG    No ITS stop or start sites were identified for sequence SRR12683181.1233.1, skipping.
11-04 21:53 root         DEBUG    No ITS stop or start sites were identified for sequence SRR12683181.1244.1, skipping.
11-04 21:53 root         DEBUG    No ITS stop or start sites were identified for sequence SRR12683181.1268.1, skipping.
11-04 21:53 root         DEBUG    No ITS stop or start sites were identified for sequence SRR12683181.1275.1, skipping.
11-04 21:53 root         DEBUG    No ITS stop or start sites were identified for sequence SRR12683181.106.1, skipping.
11-04 21:53 root         DEBUG    No ITS stop or start sites were identified for sequence SRR12683181.1293.1, skipping.
11-04 21:53 root         DEBUG    No ITS stop or start sites were identified for sequence SRR12683181.1299.1, skipping.
11-04 21:53 root         DEBUG    No ITS stop or start sites were identified for sequence SRR12683181.1310.1, skipping.
11-04 21:53 root         DEBUG    No ITS stop or start sites were identified for sequence SRR12683181.1317.1, skipping.
11-04 21:53 root         DEBUG    No ITS stop or start sites were identified for sequence SRR12683181.1322.1, skipping.
11-04 21:53 root         DEBUG    No ITS stop or start sites were identified for sequence SRR12683181.1049.1, skipping.
11-04 21:53 root         DEBUG    No ITS stop or start sites were identified for sequence SRR12683181.728.1, skipping.
11-04 21:53 root         DEBUG    No ITS stop or start sites were identified for sequence SRR12683181.118.1, skipping.
11-04 21:53 root         DEBUG    No ITS stop or start sites were identified for sequence SRR12683181.1346.1, skipping.
11-04 21:53 root         DEBUG    No ITS stop or start sites were identified for sequence SRR12683181.1347.1, skipping.
11-04 21:53 root         DEBUG    No ITS stop or start sites were identified for sequence SRR12683181.1352.1, skipping.
11-04 21:53 root         DEBUG    No ITS stop or start sites were identified for sequence SRR12683181.1365.1, skipping.
11-04 21:53 root         DEBUG    No ITS stop or start sites were identified for sequence SRR12683181.1347.1, skipping.
11-04 21:53 root         DEBUG    No ITS stop or start sites were identified for sequence SRR12683181.1367.1, skipping.
11-04 21:53 root         DEBUG    No ITS stop or start sites were identified for sequence SRR12683181.13.1, skipping.
11-04 21:53 root         DEBUG    No ITS stop or start sites were identified for sequence SRR12683181.106.1, skipping.
11-04 21:53 root         DEBUG    No ITS stop or start sites were identified for sequence SRR12683181.118.1, skipping.
11-04 21:53 root         DEBUG    No ITS stop or start sites were identified for sequence SRR12683181.232.1, skipping.
11-04 21:53 root         DEBUG    No ITS stop or start sites were identified for sequence SRR12683181.467.1, skipping.
11-04 21:53 root         DEBUG    No ITS stop or start sites were identified for sequence SRR12683181.106.1, skipping.
11-04 21:53 root         DEBUG    No ITS stop or start sites were identified for sequence SRR12683181.1489.1, skipping.
11-04 21:53 root         DEBUG    No ITS stop or start sites were identified for sequence SRR12683181.118.1, skipping.
11-04 21:53 root         DEBUG    No ITS stop or start sites were identified for sequence SRR12683181.1352.1, skipping.
11-04 21:53 root         DEBUG    No ITS stop or start sites were identified for sequence SRR12683181.560.1, skipping.
11-04 21:53 root         DEBUG    No ITS stop or start sites were identified for sequence SRR12683181.118.1, skipping.
11-04 21:53 root         DEBUG    No ITS stop or start sites were identified for sequence SRR12683181.1545.1, skipping.
11-04 21:53 root         DEBUG    No ITS stop or start sites were identified for sequence SRR12683181.106.1, skipping.
11-04 21:53 root         DEBUG    No ITS stop or start sites were identified for sequence SRR12683181.1346.1, skipping.
11-04 21:53 root         DEBUG    No ITS stop or start sites were identified for sequence SRR12683181.467.1, skipping.
11-04 21:53 root         DEBUG    No ITS stop or start sites were identified for sequence SRR12683181.1590.1, skipping.
11-04 21:53 root         DEBUG    No ITS stop or start sites were identified for sequence SRR12683181.1620.1, skipping.
11-04 21:53 root         DEBUG    No ITS stop or start sites were identified for sequence SRR12683181.13.1, skipping.
11-04 21:53 root         DEBUG    No ITS stop or start sites were identified for sequence SRR12683181.118.1, skipping.
11-04 21:53 root         DEBUG    No ITS stop or start sites were identified for sequence SRR12683181.118.1, skipping.
11-04 21:53 root         DEBUG    No ITS stop or start sites were identified for sequence SRR12683181.1667.1, skipping.
11-04 21:53 root         DEBUG    No ITS stop or start sites were identified for sequence SRR12683181.1668.1, skipping.
11-04 21:53 root         DEBUG    No ITS stop or start sites were identified for sequence SRR12683181.13.1, skipping.
11-04 21:53 root         DEBUG    No ITS stop or start sites were identified for sequence SRR12683181.1686.1, skipping.
11-04 21:53 root         DEBUG    No ITS stop or start sites were identified for sequence SRR12683181.1699.1, skipping.
11-04 21:53 root         DEBUG    No ITS stop or start sites were identified for sequence SRR12683181.13.1, skipping.
11-04 21:53 root         DEBUG    No ITS stop or start sites were identified for sequence SRR12683181.1352.1, skipping.
11-04 21:53 root         DEBUG    No ITS stop or start sites were identified for sequence SRR12683181.1740.1, skipping.
11-04 21:53 root         DEBUG    No ITS stop or start sites were identified for sequence SRR12683181.1746.1, skipping.
11-04 21:53 root         DEBUG    No ITS stop or start sites were identified for sequence SRR12683181.1756.1, skipping.
11-04 21:53 root         DEBUG    No ITS stop or start sites were identified for sequence SRR12683181.106.1, skipping.
11-04 21:53 root         DEBUG    No ITS stop or start sites were identified for sequence SRR12683181.1786.1, skipping.
11-04 21:53 root         DEBUG    No ITS stop or start sites were identified for sequence SRR12683181.1800.1, skipping.
11-04 21:53 root         DEBUG    No ITS stop or start sites were identified for sequence SRR12683181.83.1, skipping.
11-04 21:53 root         DEBUG    No ITS stop or start sites were identified for sequence SRR12683181.13.1, skipping.
11-04 21:53 root         DEBUG    No ITS stop or start sites were identified for sequence SRR12683181.1862.1, skipping.
11-04 21:53 root         DEBUG    No ITS stop or start sites were identified for sequence SRR12683181.428.1, skipping.
11-04 21:53 root         DEBUG    No ITS stop or start sites were identified for sequence SRR12683181.118.1, skipping.
11-04 21:53 root         DEBUG    No ITS stop or start sites were identified for sequence SRR12683181.1883.1, skipping.
11-04 21:53 root         DEBUG    No ITS stop or start sites were identified for sequence SRR12683181.118.1, skipping.
11-04 21:53 root         DEBUG    No ITS stop or start sites were identified for sequence SRR12683181.1545.1, skipping.
11-04 21:53 root         DEBUG    No ITS stop or start sites were identified for sequence SRR12683181.1905.1, skipping.
11-04 21:53 root         DEBUG    No ITS stop or start sites were identified for sequence SRR12683181.13.1, skipping.
11-04 21:53 root         DEBUG    No ITS stop or start sites were identified for sequence SRR12683181.1910.1, skipping.
11-04 21:53 root         DEBUG    No ITS stop or start sites were identified for sequence SRR12683181.1932.1, skipping.
11-04 21:53 root         DEBUG    No ITS stop or start sites were identified for sequence SRR12683181.1352.1, skipping.
11-04 21:53 root         DEBUG    No ITS stop or start sites were identified for sequence SRR12683181.1954.1, skipping.
11-04 21:53 root         DEBUG    No ITS stop or start sites were identified for sequence SRR12683181.1962.1, skipping.
11-04 21:53 root         DEBUG    No ITS stop or start sites were identified for sequence SRR12683181.118.1, skipping.
11-04 21:53 root         DEBUG    No ITS stop or start sites were identified for sequence SRR12683181.1048.1, skipping.
11-04 21:53 root         DEBUG    No ITS stop or start sites were identified for sequence SRR12683181.1977.1, skipping.
11-04 21:53 root         DEBUG    No ITS stop or start sites were identified for sequence SRR12683181.1979.1, skipping.
11-04 21:53 root         DEBUG    No ITS stop or start sites were identified for sequence SRR12683181.1996.1, skipping.
11-04 21:53 root         DEBUG    No ITS stop or start sites were identified for sequence SRR12683181.1352.1, skipping.
11-04 21:53 root         DEBUG    No ITS stop or start sites were identified for sequence SRR12683181.2015.1, skipping.
11-04 21:53 root         DEBUG    No ITS stop or start sites were identified for sequence SRR12683181.118.1, skipping.
11-04 21:53 root         DEBUG    No ITS stop or start sites were identified for sequence SRR12683181.1049.1, skipping.
11-04 21:53 root         DEBUG    No ITS stop or start sites were identified for sequence SRR12683181.2086.1, skipping.
11-04 21:53 root         DEBUG    No ITS stop or start sites were identified for sequence SRR12683181.83.1, skipping.
11-04 21:53 root         DEBUG    No ITS stop or start sites were identified for sequence SRR12683181.1367.1, skipping.
11-04 21:53 root         DEBUG    No ITS stop or start sites were identified for sequence SRR12683181.13.1, skipping.
11-04 21:53 root         DEBUG    No ITS stop or start sites were identified for sequence SRR12683181.2150.1, skipping.
11-04 21:53 root         DEBUG    No ITS stop or start sites were identified for sequence SRR12683181.2182.1, skipping.
11-04 21:53 root         DEBUG    No ITS stop or start sites were identified for sequence SRR12683181.2207.1, skipping.
11-04 21:53 root         DEBUG    No ITS stop or start sites were identified for sequence SRR12683181.1048.1, skipping.
11-04 21:53 root         DEBUG    No ITS stop or start sites were identified for sequence SRR12683181.118.1, skipping.
11-04 21:53 root         DEBUG    No ITS stop or start sites were identified for sequence SRR12683181.1049.1, skipping.
11-04 21:53 root         DEBUG    No ITS stop or start sites were identified for sequence SRR12683181.2240.1, skipping.
11-04 21:53 root         DEBUG    No ITS stop or start sites were identified for sequence SRR12683181.2245.1, skipping.
11-04 21:53 root         DEBUG    No ITS stop or start sites were identified for sequence SRR12683181.2246.1, skipping.
11-04 21:53 root         DEBUG    No ITS stop or start sites were identified for sequence SRR12683181.2262.1, skipping.
11-04 21:53 root         DEBUG    No ITS stop or start sites were identified for sequence SRR12683181.2270.1, skipping.
11-04 21:53 root         DEBUG    No ITS stop or start sites were identified for sequence SRR12683181.2294.1, skipping.
11-04 21:53 root         DEBUG    No ITS stop or start sites were identified for sequence SRR12683181.2303.1, skipping.
11-04 21:53 root         DEBUG    No ITS stop or start sites were identified for sequence SRR12683181.2336.1, skipping.
11-04 21:53 root         DEBUG    No ITS stop or start sites were identified for sequence SRR12683181.2353.1, skipping.
11-04 21:53 root         DEBUG    No ITS stop or start sites were identified for sequence SRR12683181.2365.1, skipping.
11-04 21:53 root         DEBUG    No ITS stop or start sites were identified for sequence SRR12683181.2369.1, skipping.
11-04 21:53 root         DEBUG    No ITS stop or start sites were identified for sequence SRR12683181.1367.1, skipping.
11-04 21:53 root         DEBUG    No ITS stop or start sites were identified for sequence SRR12683181.2405.1, skipping.
11-04 21:53 root         DEBUG    No ITS stop or start sites were identified for sequence SRR12683181.2414.1, skipping.
11-04 21:53 root         DEBUG    No ITS stop or start sites were identified for sequence SRR12683181.2462.1, skipping.
11-04 21:53 root         DEBUG    No ITS stop or start sites were identified for sequence SRR12683181.2490.1, skipping.
11-04 21:53 root         DEBUG    No ITS stop or start sites were identified for sequence SRR12683181.2491.1, skipping.
11-04 21:53 root         DEBUG    No ITS stop or start sites were identified for sequence SRR12683181.2495.1, skipping.
11-04 21:53 root         DEBUG    No ITS stop or start sites were identified for sequence SRR12683181.2496.1, skipping.
11-04 21:53 root         DEBUG    No ITS stop or start sites were identified for sequence SRR12683181.1347.1, skipping.
11-04 21:53 root         DEBUG    No ITS stop or start sites were identified for sequence SRR12683181.83.1, skipping.
11-04 21:53 root         DEBUG    No ITS stop or start sites were identified for sequence SRR12683181.2569.1, skipping.
11-04 21:53 root         DEBUG    No ITS stop or start sites were identified for sequence SRR12683181.428.1, skipping.
11-04 21:53 root         DEBUG    No ITS stop or start sites were identified for sequence SRR12683181.2611.1, skipping.
11-04 21:53 root         DEBUG    No ITS stop or start sites were identified for sequence SRR12683181.2648.1, skipping.
11-04 21:53 root         DEBUG    No ITS stop or start sites were identified for sequence SRR12683181.2653.1, skipping.
11-04 21:53 root         DEBUG    No ITS stop or start sites were identified for sequence SRR12683181.2655.1, skipping.
11-04 21:53 root         DEBUG    No ITS stop or start sites were identified for sequence SRR12683181.2656.1, skipping.
11-04 21:53 root         DEBUG    No ITS stop or start sites were identified for sequence SRR12683181.13.1, skipping.
11-04 21:53 root         DEBUG    No ITS stop or start sites were identified for sequence SRR12683181.83.1, skipping.
11-04 21:53 root         DEBUG    No ITS stop or start sites were identified for sequence SRR12683181.83.1, skipping.
11-04 21:53 root         DEBUG    No ITS stop or start sites were identified for sequence SRR12683181.2748.1, skipping.
11-04 21:53 root         DEBUG    No ITS stop or start sites were identified for sequence SRR12683181.1032.1, skipping.
11-04 21:53 root         DEBUG    No ITS stop or start sites were identified for sequence SRR12683181.13.1, skipping.
11-04 21:53 root         DEBUG    No ITS stop or start sites were identified for sequence SRR12683181.2788.1, skipping.
11-04 21:53 root         DEBUG    No ITS stop or start sites were identified for sequence SRR12683181.2792.1, skipping.
11-04 21:53 root         DEBUG    No ITS stop or start sites were identified for sequence SRR12683181.2797.1, skipping.
11-04 21:53 root         DEBUG    No ITS stop or start sites were identified for sequence SRR12683181.2800.1, skipping.
11-04 21:53 root         DEBUG    No ITS stop or start sites were identified for sequence SRR12683181.232.1, skipping.
11-04 21:53 root         DEBUG    No ITS stop or start sites were identified for sequence SRR12683181.118.1, skipping.
11-04 21:53 root         DEBUG    No ITS stop or start sites were identified for sequence SRR12683181.2916.1, skipping.
11-04 21:53 root         DEBUG    No ITS stop or start sites were identified for sequence SRR12683181.2917.1, skipping.
11-04 21:53 root         DEBUG    No ITS stop or start sites were identified for sequence SRR12683181.2957.1, skipping.
11-04 21:53 root         DEBUG    No ITS stop or start sites were identified for sequence SRR12683181.13.1, skipping.
11-04 21:53 root         DEBUG    No ITS stop or start sites were identified for sequence SRR12683181.3019.1, skipping.
11-04 21:53 root         DEBUG    No ITS stop or start sites were identified for sequence SRR12683181.3023.1, skipping.
11-04 21:53 root         DEBUG    No ITS stop or start sites were identified for sequence SRR12683181.3035.1, skipping.
11-04 21:53 root         DEBUG    No ITS stop or start sites were identified for sequence SRR12683181.118.1, skipping.
11-04 21:53 root         DEBUG    No ITS stop or start sites were identified for sequence SRR12683181.83.1, skipping.
11-04 21:53 root         DEBUG    No ITS stop or start sites were identified for sequence SRR12683181.1048.1, skipping.
11-04 21:53 root         DEBUG    No ITS stop or start sites were identified for sequence SRR12683181.83.1, skipping.
11-04 21:53 root         DEBUG    No ITS stop or start sites were identified for sequence SRR12683181.3153.1, skipping.
11-04 21:53 root         DEBUG    No ITS stop or start sites were identified for sequence SRR12683181.106.1, skipping.
11-04 21:53 root         DEBUG    No ITS stop or start sites were identified for sequence SRR12683181.3166.1, skipping.
11-04 21:53 root         DEBUG    No ITS stop or start sites were identified for sequence SRR12683181.13.1, skipping.
11-04 21:53 root         DEBUG    No ITS stop or start sites were identified for sequence SRR12683181.1740.1, skipping.
11-04 21:53 root         DEBUG    No ITS stop or start sites were identified for sequence SRR12683181.3241.1, skipping.
11-04 21:53 root         DEBUG    No ITS stop or start sites were identified for sequence SRR12683181.3250.1, skipping.
11-04 21:53 root         DEBUG    No ITS stop or start sites were identified for sequence SRR12683181.118.1, skipping.
11-04 21:53 root         DEBUG    No ITS stop or start sites were identified for sequence SRR12683181.3347.1, skipping.
11-04 21:53 root         INFO     ITSxpress ran in 00:00:28
