11-04 21:36 root         INFO     Verifying the input sequences.
11-04 21:36 root         INFO     Sequences are assumed to be single-end.
11-04 21:36 root         INFO     Temporary directory is: /tmp/itsxpress_fep1x0gn
11-04 21:36 root         INFO     Unique sequences are being written to a temporary FASTA file with Vsearch.
11-04 21:36 root         INFO     vsearch v2.7.1_linux_x86_64, 15.6GB RAM, 4 cores
https://github.com/torognes/vsearch

Reading file SRR12683132_pass_1.fastq.gz 100%
71127 nt in 290 seqs, min 35, max 301, avg 245
Dereplicating 100%
Sorting 100%
193 unique sequences, avg cluster 1.5, median 1, max 32
Writing output file 100%
Writing uc file, first part 100%
Writing uc file, second part 100%

11-04 21:36 root         INFO     Searching for ITS start and stop sites using HMMSearch. This step takes a while.
11-04 21:36 root         INFO     Parsing HMM results.
11-04 21:36 root         INFO     Writing out sequences
11-04 21:36 root         DEBUG    No ITS stop or start sites were identified for sequence SRR12683132.4.1, skipping.
11-04 21:36 root         DEBUG    No ITS stop or start sites were identified for sequence SRR12683132.5.1, skipping.
11-04 21:36 root         DEBUG    No ITS stop or start sites were identified for sequence SRR12683132.7.1, skipping.
11-04 21:36 root         DEBUG    No ITS stop or start sites were identified for sequence SRR12683132.8.1, skipping.
11-04 21:36 root         DEBUG    No ITS stop or start sites were identified for sequence SRR12683132.9.1, skipping.
11-04 21:36 root         DEBUG    No ITS stop or start sites were identified for sequence SRR12683132.7.1, skipping.
11-04 21:36 root         DEBUG    No ITS stop or start sites were identified for sequence SRR12683132.12.1, skipping.
11-04 21:36 root         DEBUG    No ITS stop or start sites were identified for sequence SRR12683132.14.1, skipping.
11-04 21:36 root         DEBUG    No ITS stop or start sites were identified for sequence SRR12683132.15.1, skipping.
11-04 21:36 root         DEBUG    No ITS stop or start sites were identified for sequence SRR12683132.16.1, skipping.
11-04 21:36 root         DEBUG    No ITS stop or start sites were identified for sequence SRR12683132.21.1, skipping.
11-04 21:36 root         DEBUG    No ITS stop or start sites were identified for sequence SRR12683132.22.1, skipping.
11-04 21:36 root         DEBUG    No ITS stop or start sites were identified for sequence SRR12683132.26.1, skipping.
11-04 21:36 root         DEBUG    No ITS stop or start sites were identified for sequence SRR12683132.27.1, skipping.
11-04 21:36 root         DEBUG    No ITS stop or start sites were identified for sequence SRR12683132.28.1, skipping.
11-04 21:36 root         DEBUG    No ITS stop or start sites were identified for sequence SRR12683132.32.1, skipping.
11-04 21:36 root         DEBUG    No ITS stop or start sites were identified for sequence SRR12683132.33.1, skipping.
11-04 21:36 root         DEBUG    No ITS stop or start sites were identified for sequence SRR12683132.35.1, skipping.
11-04 21:36 root         DEBUG    No ITS stop or start sites were identified for sequence SRR12683132.38.1, skipping.
11-04 21:36 root         DEBUG    No ITS stop or start sites were identified for sequence SRR12683132.39.1, skipping.
11-04 21:36 root         DEBUG    No ITS stop or start sites were identified for sequence SRR12683132.41.1, skipping.
11-04 21:36 root         DEBUG    No ITS stop or start sites were identified for sequence SRR12683132.7.1, skipping.
11-04 21:36 root         DEBUG    No ITS stop or start sites were identified for sequence SRR12683132.43.1, skipping.
11-04 21:36 root         DEBUG    No ITS stop or start sites were identified for sequence SRR12683132.7.1, skipping.
11-04 21:36 root         DEBUG    No ITS stop or start sites were identified for sequence SRR12683132.47.1, skipping.
11-04 21:36 root         DEBUG    No ITS stop or start sites were identified for sequence SRR12683132.52.1, skipping.
11-04 21:36 root         DEBUG    No ITS stop or start sites were identified for sequence SRR12683132.54.1, skipping.
11-04 21:36 root         DEBUG    No ITS stop or start sites were identified for sequence SRR12683132.58.1, skipping.
11-04 21:36 root         DEBUG    No ITS stop or start sites were identified for sequence SRR12683132.62.1, skipping.
11-04 21:36 root         DEBUG    No ITS stop or start sites were identified for sequence SRR12683132.74.1, skipping.
11-04 21:36 root         DEBUG    No ITS stop or start sites were identified for sequence SRR12683132.76.1, skipping.
11-04 21:36 root         DEBUG    No ITS stop or start sites were identified for sequence SRR12683132.78.1, skipping.
11-04 21:36 root         DEBUG    No ITS stop or start sites were identified for sequence SRR12683132.79.1, skipping.
11-04 21:36 root         DEBUG    No ITS stop or start sites were identified for sequence SRR12683132.84.1, skipping.
11-04 21:36 root         DEBUG    No ITS stop or start sites were identified for sequence SRR12683132.7.1, skipping.
11-04 21:36 root         DEBUG    No ITS stop or start sites were identified for sequence SRR12683132.90.1, skipping.
11-04 21:36 root         DEBUG    No ITS stop or start sites were identified for sequence SRR12683132.91.1, skipping.
11-04 21:36 root         DEBUG    No ITS stop or start sites were identified for sequence SRR12683132.7.1, skipping.
11-04 21:36 root         DEBUG    No ITS stop or start sites were identified for sequence SRR12683132.99.1, skipping.
11-04 21:36 root         DEBUG    No ITS stop or start sites were identified for sequence SRR12683132.100.1, skipping.
11-04 21:36 root         DEBUG    No ITS stop or start sites were identified for sequence SRR12683132.104.1, skipping.
11-04 21:36 root         DEBUG    No ITS stop or start sites were identified for sequence SRR12683132.105.1, skipping.
11-04 21:36 root         DEBUG    No ITS stop or start sites were identified for sequence SRR12683132.7.1, skipping.
11-04 21:36 root         DEBUG    No ITS stop or start sites were identified for sequence SRR12683132.116.1, skipping.
11-04 21:36 root         DEBUG    No ITS stop or start sites were identified for sequence SRR12683132.117.1, skipping.
11-04 21:36 root         DEBUG    No ITS stop or start sites were identified for sequence SRR12683132.118.1, skipping.
11-04 21:36 root         DEBUG    No ITS stop or start sites were identified for sequence SRR12683132.7.1, skipping.
11-04 21:36 root         DEBUG    No ITS stop or start sites were identified for sequence SRR12683132.120.1, skipping.
11-04 21:36 root         DEBUG    No ITS stop or start sites were identified for sequence SRR12683132.124.1, skipping.
11-04 21:36 root         DEBUG    No ITS stop or start sites were identified for sequence SRR12683132.12.1, skipping.
11-04 21:36 root         DEBUG    No ITS stop or start sites were identified for sequence SRR12683132.126.1, skipping.
11-04 21:36 root         DEBUG    No ITS stop or start sites were identified for sequence SRR12683132.127.1, skipping.
11-04 21:36 root         DEBUG    No ITS stop or start sites were identified for sequence SRR12683132.7.1, skipping.
11-04 21:36 root         DEBUG    No ITS stop or start sites were identified for sequence SRR12683132.134.1, skipping.
11-04 21:36 root         DEBUG    No ITS stop or start sites were identified for sequence SRR12683132.135.1, skipping.
11-04 21:36 root         DEBUG    No ITS stop or start sites were identified for sequence SRR12683132.12.1, skipping.
11-04 21:36 root         DEBUG    No ITS stop or start sites were identified for sequence SRR12683132.140.1, skipping.
11-04 21:36 root         DEBUG    No ITS stop or start sites were identified for sequence SRR12683132.16.1, skipping.
11-04 21:36 root         DEBUG    No ITS stop or start sites were identified for sequence SRR12683132.142.1, skipping.
11-04 21:36 root         DEBUG    No ITS stop or start sites were identified for sequence SRR12683132.144.1, skipping.
11-04 21:36 root         DEBUG    No ITS stop or start sites were identified for sequence SRR12683132.12.1, skipping.
11-04 21:36 root         DEBUG    No ITS stop or start sites were identified for sequence SRR12683132.151.1, skipping.
11-04 21:36 root         DEBUG    No ITS stop or start sites were identified for sequence SRR12683132.154.1, skipping.
11-04 21:36 root         DEBUG    No ITS stop or start sites were identified for sequence SRR12683132.7.1, skipping.
11-04 21:36 root         DEBUG    No ITS stop or start sites were identified for sequence SRR12683132.163.1, skipping.
11-04 21:36 root         DEBUG    No ITS stop or start sites were identified for sequence SRR12683132.164.1, skipping.
11-04 21:36 root         DEBUG    No ITS stop or start sites were identified for sequence SRR12683132.7.1, skipping.
11-04 21:36 root         DEBUG    No ITS stop or start sites were identified for sequence SRR12683132.168.1, skipping.
11-04 21:36 root         DEBUG    No ITS stop or start sites were identified for sequence SRR12683132.7.1, skipping.
11-04 21:36 root         DEBUG    No ITS stop or start sites were identified for sequence SRR12683132.9.1, skipping.
11-04 21:36 root         DEBUG    No ITS stop or start sites were identified for sequence SRR12683132.7.1, skipping.
11-04 21:36 root         DEBUG    No ITS stop or start sites were identified for sequence SRR12683132.12.1, skipping.
11-04 21:36 root         DEBUG    No ITS stop or start sites were identified for sequence SRR12683132.124.1, skipping.
11-04 21:36 root         DEBUG    No ITS stop or start sites were identified for sequence SRR12683132.74.1, skipping.
11-04 21:36 root         DEBUG    No ITS stop or start sites were identified for sequence SRR12683132.118.1, skipping.
11-04 21:36 root         DEBUG    No ITS stop or start sites were identified for sequence SRR12683132.197.1, skipping.
11-04 21:36 root         DEBUG    No ITS stop or start sites were identified for sequence SRR12683132.199.1, skipping.
11-04 21:36 root         DEBUG    No ITS stop or start sites were identified for sequence SRR12683132.200.1, skipping.
11-04 21:36 root         DEBUG    No ITS stop or start sites were identified for sequence SRR12683132.213.1, skipping.
11-04 21:36 root         DEBUG    No ITS stop or start sites were identified for sequence SRR12683132.218.1, skipping.
11-04 21:36 root         DEBUG    No ITS stop or start sites were identified for sequence SRR12683132.78.1, skipping.
11-04 21:36 root         DEBUG    No ITS stop or start sites were identified for sequence SRR12683132.221.1, skipping.
11-04 21:36 root         DEBUG    No ITS stop or start sites were identified for sequence SRR12683132.222.1, skipping.
11-04 21:36 root         DEBUG    No ITS stop or start sites were identified for sequence SRR12683132.223.1, skipping.
11-04 21:36 root         DEBUG    No ITS stop or start sites were identified for sequence SRR12683132.224.1, skipping.
11-04 21:36 root         DEBUG    No ITS stop or start sites were identified for sequence SRR12683132.234.1, skipping.
11-04 21:36 root         DEBUG    No ITS stop or start sites were identified for sequence SRR12683132.236.1, skipping.
11-04 21:36 root         DEBUG    No ITS stop or start sites were identified for sequence SRR12683132.239.1, skipping.
11-04 21:36 root         DEBUG    No ITS stop or start sites were identified for sequence SRR12683132.241.1, skipping.
11-04 21:36 root         DEBUG    No ITS stop or start sites were identified for sequence SRR12683132.118.1, skipping.
11-04 21:36 root         DEBUG    No ITS stop or start sites were identified for sequence SRR12683132.253.1, skipping.
11-04 21:36 root         DEBUG    No ITS stop or start sites were identified for sequence SRR12683132.126.1, skipping.
11-04 21:36 root         DEBUG    No ITS stop or start sites were identified for sequence SRR12683132.256.1, skipping.
11-04 21:36 root         DEBUG    No ITS stop or start sites were identified for sequence SRR12683132.257.1, skipping.
11-04 21:36 root         DEBUG    No ITS stop or start sites were identified for sequence SRR12683132.52.1, skipping.
11-04 21:36 root         DEBUG    No ITS stop or start sites were identified for sequence SRR12683132.263.1, skipping.
11-04 21:36 root         DEBUG    No ITS stop or start sites were identified for sequence SRR12683132.268.1, skipping.
11-04 21:36 root         DEBUG    No ITS stop or start sites were identified for sequence SRR12683132.275.1, skipping.
11-04 21:36 root         DEBUG    No ITS stop or start sites were identified for sequence SRR12683132.163.1, skipping.
11-04 21:36 root         DEBUG    No ITS stop or start sites were identified for sequence SRR12683132.4.1, skipping.
11-04 21:36 root         DEBUG    No ITS stop or start sites were identified for sequence SRR12683132.7.1, skipping.
11-04 21:36 root         DEBUG    No ITS stop or start sites were identified for sequence SRR12683132.281.1, skipping.
11-04 21:36 root         DEBUG    No ITS stop or start sites were identified for sequence SRR12683132.286.1, skipping.
11-04 21:36 root         DEBUG    No ITS stop or start sites were identified for sequence SRR12683132.12.1, skipping.
11-04 21:36 root         INFO     ITSxpress ran in 00:00:03
